[ 25%] [32mBuilding CXX object CMakeFiles/dmap_node.dir/src/dmap_node.cpp.o[0m
[ 50%] [32mBuilding CXX object CMakeFiles/dmap_node.dir/src/dmap.cpp.o[0m
[ 75%] [32mBuilding CXX object CMakeFiles/dmap_node.dir/src/dmap_planner.cpp.o[0m
[01m[K/home/john/Desktop/path_ros/rp_ros2_rviz/src/dmap.cpp:1:10:[m[K [01;31m[Kfatal error: [m[Kdmap.h: No such file or directory
    1 | #include [01;31m[K"dmap.h"[m[K
      |          [01;31m[K^~~~~~~~[m[K
[01m[K/home/john/Desktop/path_ros/rp_ros2_rviz/src/dmap_planner.cpp:1:10:[m[K [01;31m[Kfatal error: [m[Kdmap_planner.h: No such file or directory
    1 | #include [01;31m[K"dmap_planner.h"[m[K
      |          [01;31m[K^~~~~~~~~~~~~~~~[m[K
compilation terminated.
compilation terminated.
gmake[2]: *** [CMakeFiles/dmap_node.dir/build.make:104: CMakeFiles/dmap_node.dir/src/dmap.cpp.o] Error 1
gmake[2]: *** Waiting for unfinished jobs....
gmake[2]: *** [CMakeFiles/dmap_node.dir/build.make:90: CMakeFiles/dmap_node.dir/src/dmap_planner.cpp.o] Error 1
[01m[K/home/john/Desktop/path_ros/rp_ros2_rviz/src/dmap_node.cpp:3:10:[m[K [01;31m[Kfatal error: [m[Ksensor_msgs/msg/image.hpp: No such file or directory
    3 | #include [01;31m[K<sensor_msgs/msg/image.hpp>[m[K
      |          [01;31m[K^~~~~~~~~~~~~~~~~~~~~~~~~~~[m[K
compilation terminated.
gmake[2]: *** [CMakeFiles/dmap_node.dir/build.make:76: CMakeFiles/dmap_node.dir/src/dmap_node.cpp.o] Error 1
gmake[1]: *** [CMakeFiles/Makefile2:137: CMakeFiles/dmap_node.dir/all] Error 2
gmake: *** [Makefile:146: all] Error 2
