[0.008s] Invoking command in '/home/john/Desktop/rp_ros2_rviz/build/rp_ros2_rviz': CMAKE_PREFIX_PATH=${CMAKE_PREFIX_PATH}:/opt/ros/foxy /usr/bin/cmake --build /home/john/Desktop/rp_ros2_rviz/build/rp_ros2_rviz -- -j4 -l4
[0.043s] [35m[1mScanning dependencies of target pathplanner_node[0m
[0.064s] [ 20%] Built target controller_node
[0.075s] [ 40%] Built target world_node
[0.079s] [ 60%] Built target particle_node_filter
[0.080s] [ 64%] [32mBuilding CXX object CMakeFiles/pathplanner_node.dir/src/pathplanner_node.cpp.o[0m
[0.114s] [ 84%] Built target mapserver
[1.888s] [01m[K/home/john/Desktop/rp_ros2_rviz/src/pathplanner_node.cpp:[m[K In function ‘[01m[Kvoid goalCallback(geometry_msgs::msg::Point_<std::allocator<void> >::SharedPtr)[m[K’:
[1.888s] [01m[K/home/john/Desktop/rp_ros2_rviz/src/pathplanner_node.cpp:33:9:[m[K [01;31m[Kerror: [m[K‘[01m[Klatest_goal_position[m[K’ was not declared in this scope
[1.888s]    33 |         [01;31m[Klatest_goal_position[m[K = Eigen::Vector2f(msg->x, msg->y);
[1.888s]       |         [01;31m[K^~~~~~~~~~~~~~~~~~~~[m[K
[1.893s] [01m[K/home/john/Desktop/rp_ros2_rviz/src/pathplanner_node.cpp:34:9:[m[K [01;31m[Kerror: [m[K‘[01m[Khas_goal_[m[K’ was not declared in this scope
[1.893s]    34 |         [01;31m[Khas_goal_[m[K = true;
[1.893s]       |         [01;31m[K^~~~~~~~~[m[K
[1.898s] [01m[K/home/john/Desktop/rp_ros2_rviz/src/pathplanner_node.cpp:36:14:[m[K [01;31m[Kerror: [m[K‘[01m[Kis_moving_[m[K’ was not declared in this scope
[1.898s]    36 |         if (![01;31m[Kis_moving_[m[K && has_robot_position_ && dmap_ready_ ) {
[1.898s]       |              [01;31m[K^~~~~~~~~~[m[K
[1.905s] [01m[K/home/john/Desktop/rp_ros2_rviz/src/pathplanner_node.cpp:36:28:[m[K [01;31m[Kerror: [m[K‘[01m[Khas_robot_position_[m[K’ was not declared in this scope
[1.905s]    36 |         if (!is_moving_ && [01;31m[Khas_robot_position_[m[K && dmap_ready_ ) {
[1.905s]       |                            [01;31m[K^~~~~~~~~~~~~~~~~~~[m[K
[1.910s] [01m[K/home/john/Desktop/rp_ros2_rviz/src/pathplanner_node.cpp:36:51:[m[K [01;31m[Kerror: [m[K‘[01m[Kdmap_ready_[m[K’ was not declared in this scope
[1.910s]    36 |         if (!is_moving_ && has_robot_position_ && [01;31m[Kdmap_ready_[m[K ) {
[1.910s]       |                                                   [01;31m[K^~~~~~~~~~~[m[K
[1.910s] In file included from [01m[K/opt/ros/foxy/include/rclcpp/service.hpp:34[m[K,
[1.910s]                  from [01m[K/opt/ros/foxy/include/rclcpp/callback_group.hpp:25[m[K,
[1.910s]                  from [01m[K/opt/ros/foxy/include/rclcpp/any_executable.hpp:20[m[K,
[1.910s]                  from [01m[K/opt/ros/foxy/include/rclcpp/memory_strategy.hpp:24[m[K,
[1.910s]                  from [01m[K/opt/ros/foxy/include/rclcpp/memory_strategies.hpp:18[m[K,
[1.910s]                  from [01m[K/opt/ros/foxy/include/rclcpp/executor_options.hpp:20[m[K,
[1.910s]                  from [01m[K/opt/ros/foxy/include/rclcpp/executor.hpp:33[m[K,
[1.910s]                  from [01m[K/opt/ros/foxy/include/rclcpp/executors/multi_threaded_executor.hpp:26[m[K,
[1.910s]                  from [01m[K/opt/ros/foxy/include/rclcpp/executors.hpp:21[m[K,
[1.910s]                  from [01m[K/opt/ros/foxy/include/rclcpp/rclcpp.hpp:146[m[K,
[1.910s]                  from [01m[K/home/john/Desktop/rp_ros2_rviz/include/rp_ros2_rviz/pathplanner.h:2[m[K,
[1.910s]                  from [01m[K/home/john/Desktop/rp_ros2_rviz/src/pathplanner_node.cpp:1[m[K:
[1.910s] [01m[K/home/john/Desktop/rp_ros2_rviz/src/pathplanner_node.cpp:38:25:[m[K [01;31m[Kerror: [m[Kinvalid use of ‘[01m[Kthis[m[K’ in non-member function
[1.911s]    38 |             RCLCPP_INFO([01;31m[Kthis[m[K->get_logger(), "Click received: (%.2f, %.2f)", latest_goal_position.x(), latest_goal_position.y());
[1.911s]       |                         [01;31m[K^~~~[m[K
[1.911s] [01m[K/home/john/Desktop/rp_ros2_rviz/src/pathplanner_node.cpp:38:25:[m[K [01;31m[Kerror: [m[Kinvalid use of ‘[01m[Kthis[m[K’ in non-member function
[1.911s] [01m[K/home/john/Desktop/rp_ros2_rviz/src/pathplanner_node.cpp:38:13:[m[K [01;31m[Kerror: [m[Ktemplate argument 1 is invalid
[1.911s]    38 |             [01;31m[KRCLCPP_INFO[m[K(this->get_logger(), "Click received: (%.2f, %.2f)", latest_goal_position.x(), latest_goal_position.y());
[1.911s]       |             [01;31m[K^~~~~~~~~~~[m[K
[1.911s] [01m[K/home/john/Desktop/rp_ros2_rviz/src/pathplanner_node.cpp:38:13:[m[K [01;31m[Kerror: [m[Ktemplate argument 1 is invalid
[1.911s]    38 |             [01;31m[KRCLCPP_INFO[m[K(this->get_logger(), "Click received: (%.2f, %.2f)", latest_goal_position.x(), latest_goal_position.y());
[1.911s]       |             [01;31m[K^~~~~~~~~~~[m[K
[1.911s] [01m[K/home/john/Desktop/rp_ros2_rviz/src/pathplanner_node.cpp:38:13:[m[K [01;31m[Kerror: [m[Ktemplate argument 1 is invalid
[1.911s]    38 |             [01;31m[KRCLCPP_INFO[m[K(this->get_logger(), "Click received: (%.2f, %.2f)", latest_goal_position.x(), latest_goal_position.y());
[1.911s]       |             [01;31m[K^~~~~~~~~~~[m[K
[1.911s] In file included from [01m[K/opt/ros/foxy/include/rclcpp/client.hpp:40[m[K,
[1.911s]                  from [01m[K/opt/ros/foxy/include/rclcpp/callback_group.hpp:23[m[K,
[1.911s]                  from [01m[K/opt/ros/foxy/include/rclcpp/any_executable.hpp:20[m[K,
[1.911s]                  from [01m[K/opt/ros/foxy/include/rclcpp/memory_strategy.hpp:24[m[K,
[1.911s]                  from [01m[K/opt/ros/foxy/include/rclcpp/memory_strategies.hpp:18[m[K,
[1.911s]                  from [01m[K/opt/ros/foxy/include/rclcpp/executor_options.hpp:20[m[K,
[1.911s]                  from [01m[K/opt/ros/foxy/include/rclcpp/executor.hpp:33[m[K,
[1.911s]                  from [01m[K/opt/ros/foxy/include/rclcpp/executors/multi_threaded_executor.hpp:26[m[K,
[1.911s]                  from [01m[K/opt/ros/foxy/include/rclcpp/executors.hpp:21[m[K,
[1.911s]                  from [01m[K/opt/ros/foxy/include/rclcpp/rclcpp.hpp:146[m[K,
[1.911s]                  from [01m[K/home/john/Desktop/rp_ros2_rviz/include/rp_ros2_rviz/pathplanner.h:2[m[K,
[1.911s]                  from [01m[K/home/john/Desktop/rp_ros2_rviz/src/pathplanner_node.cpp:1[m[K:
[1.911s] [01m[K/home/john/Desktop/rp_ros2_rviz/src/pathplanner_node.cpp:38:25:[m[K [01;31m[Kerror: [m[Kinvalid use of ‘[01m[Kthis[m[K’ in non-member function
[1.911s]    38 |             RCLCPP_INFO([01;31m[Kthis[m[K->get_logger(), "Click received: (%.2f, %.2f)", latest_goal_position.x(), latest_goal_position.y());
[1.911s]       |                         [01;31m[K^~~~[m[K
[1.911s] [01m[K/home/john/Desktop/rp_ros2_rviz/src/pathplanner_node.cpp:38:25:[m[K [01;31m[Kerror: [m[Kinvalid use of ‘[01m[Kthis[m[K’ in non-member function
[1.911s]    38 |             RCLCPP_INFO([01;31m[Kthis[m[K->get_logger(), "Click received: (%.2f, %.2f)", latest_goal_position.x(), latest_goal_position.y());
[1.911s]       |                         [01;31m[K^~~~[m[K
[1.911s] [01m[K/home/john/Desktop/rp_ros2_rviz/src/pathplanner_node.cpp:39:22:[m[K [01;31m[Kerror: [m[Kinvalid use of ‘[01m[Kthis[m[K’ in non-member function
[1.911s]    39 |             makePath([01;31m[Kthis[m[K->dmap, 0.05, 1.0,latest_goal_position);
[1.911s]       |                      [01;31m[K^~~~[m[K
[1.914s] [01m[K/home/john/Desktop/rp_ros2_rviz/src/pathplanner_node.cpp:39:13:[m[K [01;31m[Kerror: [m[K‘[01m[KmakePath[m[K’ was not declared in this scope
[1.914s]    39 |             [01;31m[KmakePath[m[K(this->dmap, 0.05, 1.0,latest_goal_position);
[1.914s]       |             [01;31m[K^~~~~~~~[m[K
[1.920s] [01m[K/home/john/Desktop/rp_ros2_rviz/src/pathplanner_node.cpp:[m[K In function ‘[01m[Kvoid robotCallback(geometry_msgs::msg::Point_<std::allocator<void> >::SharedPtr)[m[K’:
[1.920s] [01m[K/home/john/Desktop/rp_ros2_rviz/src/pathplanner_node.cpp:47:9:[m[K [01;31m[Kerror: [m[K‘[01m[Klatest_robot_position[m[K’ was not declared in this scope
[1.920s]    47 |         [01;31m[Klatest_robot_position[m[K = Eigen::Vector2f(msg->x, msg->y);
[1.920s]       |         [01;31m[K^~~~~~~~~~~~~~~~~~~~~[m[K
[1.926s] [01m[K/home/john/Desktop/rp_ros2_rviz/src/pathplanner_node.cpp:48:9:[m[K [01;31m[Kerror: [m[K‘[01m[Khas_robot_position_[m[K’ was not declared in this scope
[1.926s]    48 |         [01;31m[Khas_robot_position_[m[K = true;
[1.926s]       |         [01;31m[K^~~~~~~~~~~~~~~~~~~[m[K
[1.926s] In file included from [01m[K/opt/ros/foxy/include/rclcpp/service.hpp:34[m[K,
[1.926s]                  from [01m[K/opt/ros/foxy/include/rclcpp/callback_group.hpp:25[m[K,
[1.926s]                  from [01m[K/opt/ros/foxy/include/rclcpp/any_executable.hpp:20[m[K,
[1.926s]                  from [01m[K/opt/ros/foxy/include/rclcpp/memory_strategy.hpp:24[m[K,
[1.926s]                  from [01m[K/opt/ros/foxy/include/rclcpp/memory_strategies.hpp:18[m[K,
[1.926s]                  from [01m[K/opt/ros/foxy/include/rclcpp/executor_options.hpp:20[m[K,
[1.926s]                  from [01m[K/opt/ros/foxy/include/rclcpp/executor.hpp:33[m[K,
[1.926s]                  from [01m[K/opt/ros/foxy/include/rclcpp/executors/multi_threaded_executor.hpp:26[m[K,
[1.926s]                  from [01m[K/opt/ros/foxy/include/rclcpp/executors.hpp:21[m[K,
[1.926s]                  from [01m[K/opt/ros/foxy/include/rclcpp/rclcpp.hpp:146[m[K,
[1.926s]                  from [01m[K/home/john/Desktop/rp_ros2_rviz/include/rp_ros2_rviz/pathplanner.h:2[m[K,
[1.926s]                  from [01m[K/home/john/Desktop/rp_ros2_rviz/src/pathplanner_node.cpp:1[m[K:
[1.926s] [01m[K/home/john/Desktop/rp_ros2_rviz/src/pathplanner_node.cpp:49:21:[m[K [01;31m[Kerror: [m[Kinvalid use of ‘[01m[Kthis[m[K’ in non-member function
[1.926s]    49 |         RCLCPP_INFO([01;31m[Kthis[m[K->get_logger(), "Updated Robot Position: (%.2f, %.2f)",
[1.926s]       |                     [01;31m[K^~~~[m[K
[1.927s] [01m[K/home/john/Desktop/rp_ros2_rviz/src/pathplanner_node.cpp:49:21:[m[K [01;31m[Kerror: [m[Kinvalid use of ‘[01m[Kthis[m[K’ in non-member function
[1.927s] [01m[K/home/john/Desktop/rp_ros2_rviz/src/pathplanner_node.cpp:49:9:[m[K [01;31m[Kerror: [m[Ktemplate argument 1 is invalid
[1.927s]    49 |         [01;31m[KRCLCPP_INFO[m[K(this->get_logger(), "Updated Robot Position: (%.2f, %.2f)",
[1.927s]       |         [01;31m[K^~~~~~~~~~~[m[K
[1.927s] [01m[K/home/john/Desktop/rp_ros2_rviz/src/pathplanner_node.cpp:49:9:[m[K [01;31m[Kerror: [m[Ktemplate argument 1 is invalid
[1.927s]    49 |         [01;31m[KRCLCPP_INFO[m[K(this->get_logger(), "Updated Robot Position: (%.2f, %.2f)",
[1.927s]       |         [01;31m[K^~~~~~~~~~~[m[K
[1.927s] [01m[K/home/john/Desktop/rp_ros2_rviz/src/pathplanner_node.cpp:49:9:[m[K [01;31m[Kerror: [m[Ktemplate argument 1 is invalid
[1.927s]    49 |         [01;31m[KRCLCPP_INFO[m[K(this->get_logger(), "Updated Robot Position: (%.2f, %.2f)",
[1.927s]       |         [01;31m[K^~~~~~~~~~~[m[K
[1.927s] In file included from [01m[K/opt/ros/foxy/include/rclcpp/client.hpp:40[m[K,
[1.927s]                  from [01m[K/opt/ros/foxy/include/rclcpp/callback_group.hpp:23[m[K,
[1.927s]                  from [01m[K/opt/ros/foxy/include/rclcpp/any_executable.hpp:20[m[K,
[1.927s]                  from [01m[K/opt/ros/foxy/include/rclcpp/memory_strategy.hpp:24[m[K,
[1.927s]                  from [01m[K/opt/ros/foxy/include/rclcpp/memory_strategies.hpp:18[m[K,
[1.927s]                  from [01m[K/opt/ros/foxy/include/rclcpp/executor_options.hpp:20[m[K,
[1.927s]                  from [01m[K/opt/ros/foxy/include/rclcpp/executor.hpp:33[m[K,
[1.927s]                  from [01m[K/opt/ros/foxy/include/rclcpp/executors/multi_threaded_executor.hpp:26[m[K,
[1.927s]                  from [01m[K/opt/ros/foxy/include/rclcpp/executors.hpp:21[m[K,
[1.927s]                  from [01m[K/opt/ros/foxy/include/rclcpp/rclcpp.hpp:146[m[K,
[1.927s]                  from [01m[K/home/john/Desktop/rp_ros2_rviz/include/rp_ros2_rviz/pathplanner.h:2[m[K,
[1.927s]                  from [01m[K/home/john/Desktop/rp_ros2_rviz/src/pathplanner_node.cpp:1[m[K:
[1.927s] [01m[K/home/john/Desktop/rp_ros2_rviz/src/pathplanner_node.cpp:49:21:[m[K [01;31m[Kerror: [m[Kinvalid use of ‘[01m[Kthis[m[K’ in non-member function
[1.927s]    49 |         RCLCPP_INFO([01;31m[Kthis[m[K->get_logger(), "Updated Robot Position: (%.2f, %.2f)",
[1.927s]       |                     [01;31m[K^~~~[m[K
[1.927s] [01m[K/home/john/Desktop/rp_ros2_rviz/src/pathplanner_node.cpp:49:21:[m[K [01;31m[Kerror: [m[Kinvalid use of ‘[01m[Kthis[m[K’ in non-member function
[1.927s]    49 |         RCLCPP_INFO([01;31m[Kthis[m[K->get_logger(), "Updated Robot Position: (%.2f, %.2f)",
[1.927s]       |                     [01;31m[K^~~~[m[K
[1.931s] [01m[K/home/john/Desktop/rp_ros2_rviz/src/pathplanner_node.cpp:51:14:[m[K [01;31m[Kerror: [m[K‘[01m[Kdmap_ready_[m[K’ was not declared in this scope
[1.931s]    51 |         if (![01;31m[Kdmap_ready_[m[K) return;
[1.931s]       |              [01;31m[K^~~~~~~~~~~[m[K
[1.936s] [01m[K/home/john/Desktop/rp_ros2_rviz/src/pathplanner_node.cpp:[m[K In function ‘[01m[Kvoid mapCallback(nav_msgs::msg::OccupancyGrid_<std::allocator<void> >::SharedPtr)[m[K’:
[1.936s] [01m[K/home/john/Desktop/rp_ros2_rviz/src/pathplanner_node.cpp:55:9:[m[K [01;31m[Kerror: [m[K‘[01m[Kbool_msg[m[K’ was not declared in this scope
[1.936s]    55 |         [01;31m[Kbool_msg[m[K.data = true;
[1.936s]       |         [01;31m[K^~~~~~~~[m[K
[1.942s] [01m[K/home/john/Desktop/rp_ros2_rviz/src/pathplanner_node.cpp:56:9:[m[K [01;31m[Kerror: [m[K‘[01m[Kbool_pub_path[m[K’ was not declared in this scope
[1.942s]    56 |         [01;31m[Kbool_pub_path[m[K->publish(bool_msg);
[1.942s]       |         [01;31m[K^~~~~~~~~~~~~[m[K
[1.943s] [01m[K/home/john/Desktop/rp_ros2_rviz/src/pathplanner_node.cpp:58:13:[m[K [01;31m[Kerror: [m[K‘[01m[Ksub_[m[K’ was not declared in this scope
[1.943s]    58 |         if ([01;31m[Ksub_[m[K) {
[1.943s]       |             [01;31m[K^~~~[m[K
[1.945s] [01m[K/home/john/Desktop/rp_ros2_rviz/src/pathplanner_node.cpp:65:9:[m[K [01;31m[Kerror: [m[K‘[01m[Kdmap[m[K’ was not declared in this scope
[1.945s]    65 |         [01;31m[Kdmap[m[K =std::make_shared<DMap>(rows, cols);
[1.945s]       |         [01;31m[K^~~~[m[K
[1.945s] In file included from [01m[K/opt/ros/foxy/include/rclcpp/service.hpp:34[m[K,
[1.945s]                  from [01m[K/opt/ros/foxy/include/rclcpp/callback_group.hpp:25[m[K,
[1.945s]                  from [01m[K/opt/ros/foxy/include/rclcpp/any_executable.hpp:20[m[K,
[1.945s]                  from [01m[K/opt/ros/foxy/include/rclcpp/memory_strategy.hpp:24[m[K,
[1.945s]                  from [01m[K/opt/ros/foxy/include/rclcpp/memory_strategies.hpp:18[m[K,
[1.945s]                  from [01m[K/opt/ros/foxy/include/rclcpp/executor_options.hpp:20[m[K,
[1.945s]                  from [01m[K/opt/ros/foxy/include/rclcpp/executor.hpp:33[m[K,
[1.945s]                  from [01m[K/opt/ros/foxy/include/rclcpp/executors/multi_threaded_executor.hpp:26[m[K,
[1.945s]                  from [01m[K/opt/ros/foxy/include/rclcpp/executors.hpp:21[m[K,
[1.945s]                  from [01m[K/opt/ros/foxy/include/rclcpp/rclcpp.hpp:146[m[K,
[1.945s]                  from [01m[K/home/john/Desktop/rp_ros2_rviz/include/rp_ros2_rviz/pathplanner.h:2[m[K,
[1.945s]                  from [01m[K/home/john/Desktop/rp_ros2_rviz/src/pathplanner_node.cpp:1[m[K:
[1.945s] [01m[K/home/john/Desktop/rp_ros2_rviz/src/pathplanner_node.cpp:67:21:[m[K [01;31m[Kerror: [m[Kinvalid use of ‘[01m[Kthis[m[K’ in non-member function
[1.945s]    67 |         RCLCPP_INFO([01;31m[Kthis[m[K->get_logger(), "Getting the obstacles..");
[1.945s]       |                     [01;31m[K^~~~[m[K
[1.945s] [01m[K/home/john/Desktop/rp_ros2_rviz/src/pathplanner_node.cpp:67:21:[m[K [01;31m[Kerror: [m[Kinvalid use of ‘[01m[Kthis[m[K’ in non-member function
[1.945s] [01m[K/home/john/Desktop/rp_ros2_rviz/src/pathplanner_node.cpp:67:9:[m[K [01;31m[Kerror: [m[Ktemplate argument 1 is invalid
[1.945s]    67 |         [01;31m[KRCLCPP_INFO[m[K(this->get_logger(), "Getting the obstacles..");
[1.945s]       |         [01;31m[K^~~~~~~~~~~[m[K
[1.945s] [01m[K/home/john/Desktop/rp_ros2_rviz/src/pathplanner_node.cpp:67:9:[m[K [01;31m[Kerror: [m[Ktemplate argument 1 is invalid
[1.945s]    67 |         [01;31m[KRCLCPP_INFO[m[K(this->get_logger(), "Getting the obstacles..");
[1.946s]       |         [01;31m[K^~~~~~~~~~~[m[K
[1.946s] [01m[K/home/john/Desktop/rp_ros2_rviz/src/pathplanner_node.cpp:67:9:[m[K [01;31m[Kerror: [m[Ktemplate argument 1 is invalid
[1.946s]    67 |         [01;31m[KRCLCPP_INFO[m[K(this->get_logger(), "Getting the obstacles..");
[1.946s]       |         [01;31m[K^~~~~~~~~~~[m[K
[1.946s] In file included from [01m[K/opt/ros/foxy/include/rclcpp/client.hpp:40[m[K,
[1.946s]                  from [01m[K/opt/ros/foxy/include/rclcpp/callback_group.hpp:23[m[K,
[1.946s]                  from [01m[K/opt/ros/foxy/include/rclcpp/any_executable.hpp:20[m[K,
[1.946s]                  from [01m[K/opt/ros/foxy/include/rclcpp/memory_strategy.hpp:24[m[K,
[1.946s]                  from [01m[K/opt/ros/foxy/include/rclcpp/memory_strategies.hpp:18[m[K,
[1.946s]                  from [01m[K/opt/ros/foxy/include/rclcpp/executor_options.hpp:20[m[K,
[1.946s]                  from [01m[K/opt/ros/foxy/include/rclcpp/executor.hpp:33[m[K,
[1.946s]                  from [01m[K/opt/ros/foxy/include/rclcpp/executors/multi_threaded_executor.hpp:26[m[K,
[1.946s]                  from [01m[K/opt/ros/foxy/include/rclcpp/executors.hpp:21[m[K,
[1.946s]                  from [01m[K/opt/ros/foxy/include/rclcpp/rclcpp.hpp:146[m[K,
[1.946s]                  from [01m[K/home/john/Desktop/rp_ros2_rviz/include/rp_ros2_rviz/pathplanner.h:2[m[K,
[1.946s]                  from [01m[K/home/john/Desktop/rp_ros2_rviz/src/pathplanner_node.cpp:1[m[K:
[1.946s] [01m[K/home/john/Desktop/rp_ros2_rviz/src/pathplanner_node.cpp:67:21:[m[K [01;31m[Kerror: [m[Kinvalid use of ‘[01m[Kthis[m[K’ in non-member function
[1.946s]    67 |         RCLCPP_INFO([01;31m[Kthis[m[K->get_logger(), "Getting the obstacles..");
[1.946s]       |                     [01;31m[K^~~~[m[K
[1.946s] [01m[K/home/john/Desktop/rp_ros2_rviz/src/pathplanner_node.cpp:67:21:[m[K [01;31m[Kerror: [m[Kinvalid use of ‘[01m[Kthis[m[K’ in non-member function
[1.946s]    67 |         RCLCPP_INFO([01;31m[Kthis[m[K->get_logger(), "Getting the obstacles..");
[1.946s]       |                     [01;31m[K^~~~[m[K
[1.953s] [01m[K/home/john/Desktop/rp_ros2_rviz/src/pathplanner_node.cpp:69:30:[m[K [01;31m[Kerror: [m[K‘[01m[KgetObstaclesFromGrid[m[K’ was not declared in this scope
[1.953s]    69 |         Vector2iVector obs = [01;31m[KgetObstaclesFromGrid[m[K(*msg);
[1.953s]       |                              [01;31m[K^~~~~~~~~~~~~~~~~~~~[m[K
[1.953s] In file included from [01m[K/opt/ros/foxy/include/rclcpp/service.hpp:34[m[K,
[1.953s]                  from [01m[K/opt/ros/foxy/include/rclcpp/callback_group.hpp:25[m[K,
[1.953s]                  from [01m[K/opt/ros/foxy/include/rclcpp/any_executable.hpp:20[m[K,
[1.954s]                  from [01m[K/opt/ros/foxy/include/rclcpp/memory_strategy.hpp:24[m[K,
[1.954s]                  from [01m[K/opt/ros/foxy/include/rclcpp/memory_strategies.hpp:18[m[K,
[1.954s]                  from [01m[K/opt/ros/foxy/include/rclcpp/executor_options.hpp:20[m[K,
[1.954s]                  from [01m[K/opt/ros/foxy/include/rclcpp/executor.hpp:33[m[K,
[1.954s]                  from [01m[K/opt/ros/foxy/include/rclcpp/executors/multi_threaded_executor.hpp:26[m[K,
[1.954s]                  from [01m[K/opt/ros/foxy/include/rclcpp/executors.hpp:21[m[K,
[1.954s]                  from [01m[K/opt/ros/foxy/include/rclcpp/rclcpp.hpp:146[m[K,
[1.954s]                  from [01m[K/home/john/Desktop/rp_ros2_rviz/include/rp_ros2_rviz/pathplanner.h:2[m[K,
[1.954s]                  from [01m[K/home/john/Desktop/rp_ros2_rviz/src/pathplanner_node.cpp:1[m[K:
[1.954s] [01m[K/home/john/Desktop/rp_ros2_rviz/src/pathplanner_node.cpp:71:21:[m[K [01;31m[Kerror: [m[Kinvalid use of ‘[01m[Kthis[m[K’ in non-member function
[1.954s]    71 |         RCLCPP_INFO([01;31m[Kthis[m[K->get_logger(), "OK obstacles,updating dmap..");
[1.954s]       |                     [01;31m[K^~~~[m[K
[1.954s] [01m[K/home/john/Desktop/rp_ros2_rviz/src/pathplanner_node.cpp:71:21:[m[K [01;31m[Kerror: [m[Kinvalid use of ‘[01m[Kthis[m[K’ in non-member function
[1.954s] [01m[K/home/john/Desktop/rp_ros2_rviz/src/pathplanner_node.cpp:71:9:[m[K [01;31m[Kerror: [m[Ktemplate argument 1 is invalid
[1.954s]    71 |         [01;31m[KRCLCPP_INFO[m[K(this->get_logger(), "OK obstacles,updating dmap..");
[1.954s]       |         [01;31m[K^~~~~~~~~~~[m[K
[1.954s] [01m[K/home/john/Desktop/rp_ros2_rviz/src/pathplanner_node.cpp:71:9:[m[K [01;31m[Kerror: [m[Ktemplate argument 1 is invalid
[1.954s]    71 |         [01;31m[KRCLCPP_INFO[m[K(this->get_logger(), "OK obstacles,updating dmap..");
[1.954s]       |         [01;31m[K^~~~~~~~~~~[m[K
[1.954s] [01m[K/home/john/Desktop/rp_ros2_rviz/src/pathplanner_node.cpp:71:9:[m[K [01;31m[Kerror: [m[Ktemplate argument 1 is invalid
[1.954s]    71 |         [01;31m[KRCLCPP_INFO[m[K(this->get_logger(), "OK obstacles,updating dmap..");
[1.954s]       |         [01;31m[K^~~~~~~~~~~[m[K
[1.954s] In file included from [01m[K/opt/ros/foxy/include/rclcpp/client.hpp:40[m[K,
[1.954s]                  from [01m[K/opt/ros/foxy/include/rclcpp/callback_group.hpp:23[m[K,
[1.954s]                  from [01m[K/opt/ros/foxy/include/rclcpp/any_executable.hpp:20[m[K,
[1.954s]                  from [01m[K/opt/ros/foxy/include/rclcpp/memory_strategy.hpp:24[m[K,
[1.954s]                  from [01m[K/opt/ros/foxy/include/rclcpp/memory_strategies.hpp:18[m[K,
[1.954s]                  from [01m[K/opt/ros/foxy/include/rclcpp/executor_options.hpp:20[m[K,
[1.954s]                  from [01m[K/opt/ros/foxy/include/rclcpp/executor.hpp:33[m[K,
[1.954s]                  from [01m[K/opt/ros/foxy/include/rclcpp/executors/multi_threaded_executor.hpp:26[m[K,
[1.954s]                  from [01m[K/opt/ros/foxy/include/rclcpp/executors.hpp:21[m[K,
[1.954s]                  from [01m[K/opt/ros/foxy/include/rclcpp/rclcpp.hpp:146[m[K,
[1.954s]                  from [01m[K/home/john/Desktop/rp_ros2_rviz/include/rp_ros2_rviz/pathplanner.h:2[m[K,
[1.954s]                  from [01m[K/home/john/Desktop/rp_ros2_rviz/src/pathplanner_node.cpp:1[m[K:
[1.954s] [01m[K/home/john/Desktop/rp_ros2_rviz/src/pathplanner_node.cpp:71:21:[m[K [01;31m[Kerror: [m[Kinvalid use of ‘[01m[Kthis[m[K’ in non-member function
[1.954s]    71 |         RCLCPP_INFO([01;31m[Kthis[m[K->get_logger(), "OK obstacles,updating dmap..");
[1.954s]       |                     [01;31m[K^~~~[m[K
[1.955s] [01m[K/home/john/Desktop/rp_ros2_rviz/src/pathplanner_node.cpp:71:21:[m[K [01;31m[Kerror: [m[Kinvalid use of ‘[01m[Kthis[m[K’ in non-member function
[1.955s]    71 |         RCLCPP_INFO([01;31m[Kthis[m[K->get_logger(), "OK obstacles,updating dmap..");
[1.955s]       |                     [01;31m[K^~~~[m[K
[1.955s] In file included from [01m[K/opt/ros/foxy/include/rclcpp/service.hpp:34[m[K,
[1.955s]                  from [01m[K/opt/ros/foxy/include/rclcpp/callback_group.hpp:25[m[K,
[1.955s]                  from [01m[K/opt/ros/foxy/include/rclcpp/any_executable.hpp:20[m[K,
[1.955s]                  from [01m[K/opt/ros/foxy/include/rclcpp/memory_strategy.hpp:24[m[K,
[1.955s]                  from [01m[K/opt/ros/foxy/include/rclcpp/memory_strategies.hpp:18[m[K,
[1.955s]                  from [01m[K/opt/ros/foxy/include/rclcpp/executor_options.hpp:20[m[K,
[1.955s]                  from [01m[K/opt/ros/foxy/include/rclcpp/executor.hpp:33[m[K,
[1.955s]                  from [01m[K/opt/ros/foxy/include/rclcpp/executors/multi_threaded_executor.hpp:26[m[K,
[1.955s]                  from [01m[K/opt/ros/foxy/include/rclcpp/executors.hpp:21[m[K,
[1.955s]                  from [01m[K/opt/ros/foxy/include/rclcpp/rclcpp.hpp:146[m[K,
[1.955s]                  from [01m[K/home/john/Desktop/rp_ros2_rviz/include/rp_ros2_rviz/pathplanner.h:2[m[K,
[1.955s]                  from [01m[K/home/john/Desktop/rp_ros2_rviz/src/pathplanner_node.cpp:1[m[K:
[1.955s] [01m[K/home/john/Desktop/rp_ros2_rviz/src/pathplanner_node.cpp:74:21:[m[K [01;31m[Kerror: [m[Kinvalid use of ‘[01m[Kthis[m[K’ in non-member function
[1.955s]    74 |         RCLCPP_INFO([01;31m[Kthis[m[K->get_logger(), "OK updating dmap..");
[1.955s]       |                     [01;31m[K^~~~[m[K
[1.955s] [01m[K/home/john/Desktop/rp_ros2_rviz/src/pathplanner_node.cpp:74:21:[m[K [01;31m[Kerror: [m[Kinvalid use of ‘[01m[Kthis[m[K’ in non-member function
[1.955s] [01m[K/home/john/Desktop/rp_ros2_rviz/src/pathplanner_node.cpp:74:9:[m[K [01;31m[Kerror: [m[Ktemplate argument 1 is invalid
[1.955s]    74 |         [01;31m[KRCLCPP_INFO[m[K(this->get_logger(), "OK updating dmap..");
[1.955s]       |         [01;31m[K^~~~~~~~~~~[m[K
[1.955s] [01m[K/home/john/Desktop/rp_ros2_rviz/src/pathplanner_node.cpp:74:9:[m[K [01;31m[Kerror: [m[Ktemplate argument 1 is invalid
[1.955s]    74 |         [01;31m[KRCLCPP_INFO[m[K(this->get_logger(), "OK updating dmap..");
[1.955s]       |         [01;31m[K^~~~~~~~~~~[m[K
[1.955s] [01m[K/home/john/Desktop/rp_ros2_rviz/src/pathplanner_node.cpp:74:9:[m[K [01;31m[Kerror: [m[Ktemplate argument 1 is invalid
[1.955s]    74 |         [01;31m[KRCLCPP_INFO[m[K(this->get_logger(), "OK updating dmap..");
[1.955s]       |         [01;31m[K^~~~~~~~~~~[m[K
[1.955s] In file included from [01m[K/opt/ros/foxy/include/rclcpp/client.hpp:40[m[K,
[1.955s]                  from [01m[K/opt/ros/foxy/include/rclcpp/callback_group.hpp:23[m[K,
[1.955s]                  from [01m[K/opt/ros/foxy/include/rclcpp/any_executable.hpp:20[m[K,
[1.955s]                  from [01m[K/opt/ros/foxy/include/rclcpp/memory_strategy.hpp:24[m[K,
[1.955s]                  from [01m[K/opt/ros/foxy/include/rclcpp/memory_strategies.hpp:18[m[K,
[1.955s]                  from [01m[K/opt/ros/foxy/include/rclcpp/executor_options.hpp:20[m[K,
[1.955s]                  from [01m[K/opt/ros/foxy/include/rclcpp/executor.hpp:33[m[K,
[1.955s]                  from [01m[K/opt/ros/foxy/include/rclcpp/executors/multi_threaded_executor.hpp:26[m[K,
[1.956s]                  from [01m[K/opt/ros/foxy/include/rclcpp/executors.hpp:21[m[K,
[1.956s]                  from [01m[K/opt/ros/foxy/include/rclcpp/rclcpp.hpp:146[m[K,
[1.956s]                  from [01m[K/home/john/Desktop/rp_ros2_rviz/include/rp_ros2_rviz/pathplanner.h:2[m[K,
[1.956s]                  from [01m[K/home/john/Desktop/rp_ros2_rviz/src/pathplanner_node.cpp:1[m[K:
[1.956s] [01m[K/home/john/Desktop/rp_ros2_rviz/src/pathplanner_node.cpp:74:21:[m[K [01;31m[Kerror: [m[Kinvalid use of ‘[01m[Kthis[m[K’ in non-member function
[1.956s]    74 |         RCLCPP_INFO([01;31m[Kthis[m[K->get_logger(), "OK updating dmap..");
[1.956s]       |                     [01;31m[K^~~~[m[K
[1.956s] [01m[K/home/john/Desktop/rp_ros2_rviz/src/pathplanner_node.cpp:74:21:[m[K [01;31m[Kerror: [m[Kinvalid use of ‘[01m[Kthis[m[K’ in non-member function
[1.956s]    74 |         RCLCPP_INFO([01;31m[Kthis[m[K->get_logger(), "OK updating dmap..");
[1.956s]       |                     [01;31m[K^~~~[m[K
[1.958s] [01m[K/home/john/Desktop/rp_ros2_rviz/src/pathplanner_node.cpp:75:9:[m[K [01;31m[Kerror: [m[K‘[01m[Kdmap_ready_[m[K’ was not declared in this scope
[1.958s]    75 |         [01;31m[Kdmap_ready_[m[K = true;
[1.958s]       |         [01;31m[K^~~~~~~~~~~[m[K
[1.964s] [01m[K/home/john/Desktop/rp_ros2_rviz/src/pathplanner_node.cpp:76:9:[m[K [01;31m[Kerror: [m[K‘[01m[Kpath_generated_[m[K’ was not declared in this scope
[1.964s]    76 |         [01;31m[Kpath_generated_[m[K = false;
[1.964s]       |         [01;31m[K^~~~~~~~~~~~~~~[m[K
[1.966s] [01m[K/home/john/Desktop/rp_ros2_rviz/src/pathplanner_node.cpp:79:9:[m[K [01;31m[Kerror: [m[K‘[01m[Kplanner[m[K’ was not declared in this scope; did you mean ‘[01m[KDMapPlanner[m[K’?
[1.966s]    79 |         [01;31m[Kplanner[m[K.init(0.05, 0.3, 1.0, *dmap);
[1.967s]       |         [01;31m[K^~~~~~~[m[K
[1.967s]       |         [32m[KDMapPlanner[m[K
[1.967s] In file included from [01m[K/opt/ros/foxy/include/rclcpp/service.hpp:34[m[K,
[1.967s]                  from [01m[K/opt/ros/foxy/include/rclcpp/callback_group.hpp:25[m[K,
[1.967s]                  from [01m[K/opt/ros/foxy/include/rclcpp/any_executable.hpp:20[m[K,
[1.967s]                  from [01m[K/opt/ros/foxy/include/rclcpp/memory_strategy.hpp:24[m[K,
[1.967s]                  from [01m[K/opt/ros/foxy/include/rclcpp/memory_strategies.hpp:18[m[K,
[1.967s]                  from [01m[K/opt/ros/foxy/include/rclcpp/executor_options.hpp:20[m[K,
[1.967s]                  from [01m[K/opt/ros/foxy/include/rclcpp/executor.hpp:33[m[K,
[1.967s]                  from [01m[K/opt/ros/foxy/include/rclcpp/executors/multi_threaded_executor.hpp:26[m[K,
[1.967s]                  from [01m[K/opt/ros/foxy/include/rclcpp/executors.hpp:21[m[K,
[1.967s]                  from [01m[K/opt/ros/foxy/include/rclcpp/rclcpp.hpp:146[m[K,
[1.967s]                  from [01m[K/home/john/Desktop/rp_ros2_rviz/include/rp_ros2_rviz/pathplanner.h:2[m[K,
[1.967s]                  from [01m[K/home/john/Desktop/rp_ros2_rviz/src/pathplanner_node.cpp:1[m[K:
[1.967s] [01m[K/home/john/Desktop/rp_ros2_rviz/src/pathplanner_node.cpp:81:21:[m[K [01;31m[Kerror: [m[Kinvalid use of ‘[01m[Kthis[m[K’ in non-member function
[1.967s]    81 |         RCLCPP_INFO([01;31m[Kthis[m[K->get_logger(), "Mapping size: %d rows × %d cols",
[1.967s]       |                     [01;31m[K^~~~[m[K
[1.967s] [01m[K/home/john/Desktop/rp_ros2_rviz/src/pathplanner_node.cpp:81:21:[m[K [01;31m[Kerror: [m[Kinvalid use of ‘[01m[Kthis[m[K’ in non-member function
[1.967s] [01m[K/home/john/Desktop/rp_ros2_rviz/src/pathplanner_node.cpp:81:9:[m[K [01;31m[Kerror: [m[Ktemplate argument 1 is invalid
[1.968s]    81 |         [01;31m[KRCLCPP_INFO[m[K(this->get_logger(), "Mapping size: %d rows × %d cols",
[1.968s]       |         [01;31m[K^~~~~~~~~~~[m[K
[1.968s] [01m[K/home/john/Desktop/rp_ros2_rviz/src/pathplanner_node.cpp:81:9:[m[K [01;31m[Kerror: [m[Ktemplate argument 1 is invalid
[1.968s]    81 |         [01;31m[KRCLCPP_INFO[m[K(this->get_logger(), "Mapping size: %d rows × %d cols",
[1.968s]       |         [01;31m[K^~~~~~~~~~~[m[K
[1.968s] [01m[K/home/john/Desktop/rp_ros2_rviz/src/pathplanner_node.cpp:81:9:[m[K [01;31m[Kerror: [m[Ktemplate argument 1 is invalid
[1.968s]    81 |         [01;31m[KRCLCPP_INFO[m[K(this->get_logger(), "Mapping size: %d rows × %d cols",
[1.968s]       |         [01;31m[K^~~~~~~~~~~[m[K
[1.968s] In file included from [01m[K/opt/ros/foxy/include/rclcpp/client.hpp:40[m[K,
[1.968s]                  from [01m[K/opt/ros/foxy/include/rclcpp/callback_group.hpp:23[m[K,
[1.968s]                  from [01m[K/opt/ros/foxy/include/rclcpp/any_executable.hpp:20[m[K,
[1.968s]                  from [01m[K/opt/ros/foxy/include/rclcpp/memory_strategy.hpp:24[m[K,
[1.968s]                  from [01m[K/opt/ros/foxy/include/rclcpp/memory_strategies.hpp:18[m[K,
[1.968s]                  from [01m[K/opt/ros/foxy/include/rclcpp/executor_options.hpp:20[m[K,
[1.968s]                  from [01m[K/opt/ros/foxy/include/rclcpp/executor.hpp:33[m[K,
[1.968s]                  from [01m[K/opt/ros/foxy/include/rclcpp/executors/multi_threaded_executor.hpp:26[m[K,
[1.968s]                  from [01m[K/opt/ros/foxy/include/rclcpp/executors.hpp:21[m[K,
[1.968s]                  from [01m[K/opt/ros/foxy/include/rclcpp/rclcpp.hpp:146[m[K,
[1.968s]                  from [01m[K/home/john/Desktop/rp_ros2_rviz/include/rp_ros2_rviz/pathplanner.h:2[m[K,
[1.968s]                  from [01m[K/home/john/Desktop/rp_ros2_rviz/src/pathplanner_node.cpp:1[m[K:
[1.968s] [01m[K/home/john/Desktop/rp_ros2_rviz/src/pathplanner_node.cpp:81:21:[m[K [01;31m[Kerror: [m[Kinvalid use of ‘[01m[Kthis[m[K’ in non-member function
[1.968s]    81 |         RCLCPP_INFO([01;31m[Kthis[m[K->get_logger(), "Mapping size: %d rows × %d cols",
[1.968s]       |                     [01;31m[K^~~~[m[K
[1.968s] [01m[K/home/john/Desktop/rp_ros2_rviz/src/pathplanner_node.cpp:81:21:[m[K [01;31m[Kerror: [m[Kinvalid use of ‘[01m[Kthis[m[K’ in non-member function
[1.968s]    81 |         RCLCPP_INFO([01;31m[Kthis[m[K->get_logger(), "Mapping size: %d rows × %d cols",
[1.968s]       |                     [01;31m[K^~~~[m[K
[1.968s] In file included from [01m[K/opt/ros/foxy/include/rclcpp/service.hpp:34[m[K,
[1.968s]                  from [01m[K/opt/ros/foxy/include/rclcpp/callback_group.hpp:25[m[K,
[1.968s]                  from [01m[K/opt/ros/foxy/include/rclcpp/any_executable.hpp:20[m[K,
[1.968s]                  from [01m[K/opt/ros/foxy/include/rclcpp/memory_strategy.hpp:24[m[K,
[1.968s]                  from [01m[K/opt/ros/foxy/include/rclcpp/memory_strategies.hpp:18[m[K,
[1.968s]                  from [01m[K/opt/ros/foxy/include/rclcpp/executor_options.hpp:20[m[K,
[1.968s]                  from [01m[K/opt/ros/foxy/include/rclcpp/executor.hpp:33[m[K,
[1.968s]                  from [01m[K/opt/ros/foxy/include/rclcpp/executors/multi_threaded_executor.hpp:26[m[K,
[1.968s]                  from [01m[K/opt/ros/foxy/include/rclcpp/executors.hpp:21[m[K,
[1.968s]                  from [01m[K/opt/ros/foxy/include/rclcpp/rclcpp.hpp:146[m[K,
[1.968s]                  from [01m[K/home/john/Desktop/rp_ros2_rviz/include/rp_ros2_rviz/pathplanner.h:2[m[K,
[1.969s]                  from [01m[K/home/john/Desktop/rp_ros2_rviz/src/pathplanner_node.cpp:1[m[K:
[1.969s] [01m[K/home/john/Desktop/rp_ros2_rviz/src/pathplanner_node.cpp:84:21:[m[K [01;31m[Kerror: [m[Kinvalid use of ‘[01m[Kthis[m[K’ in non-member function
[1.969s]    84 |         RCLCPP_INFO([01;31m[Kthis[m[K->get_logger(), "Mapping center: (%.2f, %.2f)",
[1.969s]       |                     [01;31m[K^~~~[m[K
[1.969s] [01m[K/home/john/Desktop/rp_ros2_rviz/src/pathplanner_node.cpp:84:21:[m[K [01;31m[Kerror: [m[Kinvalid use of ‘[01m[Kthis[m[K’ in non-member function
[1.969s] [01m[K/home/john/Desktop/rp_ros2_rviz/src/pathplanner_node.cpp:84:9:[m[K [01;31m[Kerror: [m[Ktemplate argument 1 is invalid
[1.969s]    84 |         [01;31m[KRCLCPP_INFO[m[K(this->get_logger(), "Mapping center: (%.2f, %.2f)",
[1.969s]       |         [01;31m[K^~~~~~~~~~~[m[K
[1.969s] [01m[K/home/john/Desktop/rp_ros2_rviz/src/pathplanner_node.cpp:84:9:[m[K [01;31m[Kerror: [m[Ktemplate argument 1 is invalid
[1.969s]    84 |         [01;31m[KRCLCPP_INFO[m[K(this->get_logger(), "Mapping center: (%.2f, %.2f)",
[1.969s]       |         [01;31m[K^~~~~~~~~~~[m[K
[1.969s] [01m[K/home/john/Desktop/rp_ros2_rviz/src/pathplanner_node.cpp:84:9:[m[K [01;31m[Kerror: [m[Ktemplate argument 1 is invalid
[1.969s]    84 |         [01;31m[KRCLCPP_INFO[m[K(this->get_logger(), "Mapping center: (%.2f, %.2f)",
[1.969s]       |         [01;31m[K^~~~~~~~~~~[m[K
[1.969s] In file included from [01m[K/opt/ros/foxy/include/rclcpp/client.hpp:40[m[K,
[1.969s]                  from [01m[K/opt/ros/foxy/include/rclcpp/callback_group.hpp:23[m[K,
[1.969s]                  from [01m[K/opt/ros/foxy/include/rclcpp/any_executable.hpp:20[m[K,
[1.969s]                  from [01m[K/opt/ros/foxy/include/rclcpp/memory_strategy.hpp:24[m[K,
[1.969s]                  from [01m[K/opt/ros/foxy/include/rclcpp/memory_strategies.hpp:18[m[K,
[1.969s]                  from [01m[K/opt/ros/foxy/include/rclcpp/executor_options.hpp:20[m[K,
[1.969s]                  from [01m[K/opt/ros/foxy/include/rclcpp/executor.hpp:33[m[K,
[1.969s]                  from [01m[K/opt/ros/foxy/include/rclcpp/executors/multi_threaded_executor.hpp:26[m[K,
[1.969s]                  from [01m[K/opt/ros/foxy/include/rclcpp/executors.hpp:21[m[K,
[1.969s]                  from [01m[K/opt/ros/foxy/include/rclcpp/rclcpp.hpp:146[m[K,
[1.969s]                  from [01m[K/home/john/Desktop/rp_ros2_rviz/include/rp_ros2_rviz/pathplanner.h:2[m[K,
[1.969s]                  from [01m[K/home/john/Desktop/rp_ros2_rviz/src/pathplanner_node.cpp:1[m[K:
[1.969s] [01m[K/home/john/Desktop/rp_ros2_rviz/src/pathplanner_node.cpp:84:21:[m[K [01;31m[Kerror: [m[Kinvalid use of ‘[01m[Kthis[m[K’ in non-member function
[1.969s]    84 |         RCLCPP_INFO([01;31m[Kthis[m[K->get_logger(), "Mapping center: (%.2f, %.2f)",
[1.969s]       |                     [01;31m[K^~~~[m[K
[1.969s] [01m[K/home/john/Desktop/rp_ros2_rviz/src/pathplanner_node.cpp:84:21:[m[K [01;31m[Kerror: [m[Kinvalid use of ‘[01m[Kthis[m[K’ in non-member function
[1.969s]    84 |         RCLCPP_INFO([01;31m[Kthis[m[K->get_logger(), "Mapping center: (%.2f, %.2f)",
[1.969s]       |                     [01;31m[K^~~~[m[K
[1.969s] In file included from [01m[K/opt/ros/foxy/include/rclcpp/service.hpp:34[m[K,
[1.969s]                  from [01m[K/opt/ros/foxy/include/rclcpp/callback_group.hpp:25[m[K,
[1.969s]                  from [01m[K/opt/ros/foxy/include/rclcpp/any_executable.hpp:20[m[K,
[1.969s]                  from [01m[K/opt/ros/foxy/include/rclcpp/memory_strategy.hpp:24[m[K,
[1.969s]                  from [01m[K/opt/ros/foxy/include/rclcpp/memory_strategies.hpp:18[m[K,
[1.970s]                  from [01m[K/opt/ros/foxy/include/rclcpp/executor_options.hpp:20[m[K,
[1.970s]                  from [01m[K/opt/ros/foxy/include/rclcpp/executor.hpp:33[m[K,
[1.970s]                  from [01m[K/opt/ros/foxy/include/rclcpp/executors/multi_threaded_executor.hpp:26[m[K,
[1.970s]                  from [01m[K/opt/ros/foxy/include/rclcpp/executors.hpp:21[m[K,
[1.970s]                  from [01m[K/opt/ros/foxy/include/rclcpp/rclcpp.hpp:146[m[K,
[1.970s]                  from [01m[K/home/john/Desktop/rp_ros2_rviz/include/rp_ros2_rviz/pathplanner.h:2[m[K,
[1.970s]                  from [01m[K/home/john/Desktop/rp_ros2_rviz/src/pathplanner_node.cpp:1[m[K:
[1.970s] [01m[K/home/john/Desktop/rp_ros2_rviz/src/pathplanner_node.cpp:87:21:[m[K [01;31m[Kerror: [m[Kinvalid use of ‘[01m[Kthis[m[K’ in non-member function
[1.970s]    87 |         RCLCPP_INFO([01;31m[Kthis[m[K->get_logger(), "DMap ready planner initalized. Waiting Goal Click...");
[1.970s]       |                     [01;31m[K^~~~[m[K
[1.970s] [01m[K/home/john/Desktop/rp_ros2_rviz/src/pathplanner_node.cpp:87:21:[m[K [01;31m[Kerror: [m[Kinvalid use of ‘[01m[Kthis[m[K’ in non-member function
[1.970s] [01m[K/home/john/Desktop/rp_ros2_rviz/src/pathplanner_node.cpp:87:9:[m[K [01;31m[Kerror: [m[Ktemplate argument 1 is invalid
[1.970s]    87 |         [01;31m[KRCLCPP_INFO[m[K(this->get_logger(), "DMap ready planner initalized. Waiting Goal Click...");
[1.970s]       |         [01;31m[K^~~~~~~~~~~[m[K
[1.970s] [01m[K/home/john/Desktop/rp_ros2_rviz/src/pathplanner_node.cpp:87:9:[m[K [01;31m[Kerror: [m[Ktemplate argument 1 is invalid
[1.970s]    87 |         [01;31m[KRCLCPP_INFO[m[K(this->get_logger(), "DMap ready planner initalized. Waiting Goal Click...");
[1.970s]       |         [01;31m[K^~~~~~~~~~~[m[K
[1.970s] [01m[K/home/john/Desktop/rp_ros2_rviz/src/pathplanner_node.cpp:87:9:[m[K [01;31m[Kerror: [m[Ktemplate argument 1 is invalid
[1.970s]    87 |         [01;31m[KRCLCPP_INFO[m[K(this->get_logger(), "DMap ready planner initalized. Waiting Goal Click...");
[1.970s]       |         [01;31m[K^~~~~~~~~~~[m[K
[1.970s] In file included from [01m[K/opt/ros/foxy/include/rclcpp/client.hpp:40[m[K,
[1.970s]                  from [01m[K/opt/ros/foxy/include/rclcpp/callback_group.hpp:23[m[K,
[1.970s]                  from [01m[K/opt/ros/foxy/include/rclcpp/any_executable.hpp:20[m[K,
[1.970s]                  from [01m[K/opt/ros/foxy/include/rclcpp/memory_strategy.hpp:24[m[K,
[1.970s]                  from [01m[K/opt/ros/foxy/include/rclcpp/memory_strategies.hpp:18[m[K,
[1.970s]                  from [01m[K/opt/ros/foxy/include/rclcpp/executor_options.hpp:20[m[K,
[1.970s]                  from [01m[K/opt/ros/foxy/include/rclcpp/executor.hpp:33[m[K,
[1.970s]                  from [01m[K/opt/ros/foxy/include/rclcpp/executors/multi_threaded_executor.hpp:26[m[K,
[1.970s]                  from [01m[K/opt/ros/foxy/include/rclcpp/executors.hpp:21[m[K,
[1.970s]                  from [01m[K/opt/ros/foxy/include/rclcpp/rclcpp.hpp:146[m[K,
[1.970s]                  from [01m[K/home/john/Desktop/rp_ros2_rviz/include/rp_ros2_rviz/pathplanner.h:2[m[K,
[1.970s]                  from [01m[K/home/john/Desktop/rp_ros2_rviz/src/pathplanner_node.cpp:1[m[K:
[1.970s] [01m[K/home/john/Desktop/rp_ros2_rviz/src/pathplanner_node.cpp:87:21:[m[K [01;31m[Kerror: [m[Kinvalid use of ‘[01m[Kthis[m[K’ in non-member function
[1.970s]    87 |         RCLCPP_INFO([01;31m[Kthis[m[K->get_logger(), "DMap ready planner initalized. Waiting Goal Click...");
[1.970s]       |                     [01;31m[K^~~~[m[K
[1.970s] [01m[K/home/john/Desktop/rp_ros2_rviz/src/pathplanner_node.cpp:87:21:[m[K [01;31m[Kerror: [m[Kinvalid use of ‘[01m[Kthis[m[K’ in non-member function
[1.970s]    87 |         RCLCPP_INFO([01;31m[Kthis[m[K->get_logger(), "DMap ready planner initalized. Waiting Goal Click...");
[1.970s]       |                     [01;31m[K^~~~[m[K
[1.974s] [01m[K/home/john/Desktop/rp_ros2_rviz/src/pathplanner_node.cpp:[m[K In function ‘[01m[Kvoid makePath(const std::shared_ptr<DMap>&, float, float, const Vector2f&)[m[K’:
[1.974s] [01m[K/home/john/Desktop/rp_ros2_rviz/src/pathplanner_node.cpp:94:17:[m[K [01;31m[Kerror: [m[K‘[01m[Khas_robot_position_[m[K’ was not declared in this scope
[1.974s]    94 |         while (![01;31m[Khas_robot_position_[m[K && rclcpp::ok() && retries-- > 0) {
[1.974s]       |                 [01;31m[K^~~~~~~~~~~~~~~~~~~[m[K
[1.974s] In file included from [01m[K/opt/ros/foxy/include/rclcpp/service.hpp:34[m[K,
[1.974s]                  from [01m[K/opt/ros/foxy/include/rclcpp/callback_group.hpp:25[m[K,
[1.974s]                  from [01m[K/opt/ros/foxy/include/rclcpp/any_executable.hpp:20[m[K,
[1.974s]                  from [01m[K/opt/ros/foxy/include/rclcpp/memory_strategy.hpp:24[m[K,
[1.974s]                  from [01m[K/opt/ros/foxy/include/rclcpp/memory_strategies.hpp:18[m[K,
[1.974s]                  from [01m[K/opt/ros/foxy/include/rclcpp/executor_options.hpp:20[m[K,
[1.974s]                  from [01m[K/opt/ros/foxy/include/rclcpp/executor.hpp:33[m[K,
[1.974s]                  from [01m[K/opt/ros/foxy/include/rclcpp/executors/multi_threaded_executor.hpp:26[m[K,
[1.974s]                  from [01m[K/opt/ros/foxy/include/rclcpp/executors.hpp:21[m[K,
[1.974s]                  from [01m[K/opt/ros/foxy/include/rclcpp/rclcpp.hpp:146[m[K,
[1.974s]                  from [01m[K/home/john/Desktop/rp_ros2_rviz/include/rp_ros2_rviz/pathplanner.h:2[m[K,
[1.975s]                  from [01m[K/home/john/Desktop/rp_ros2_rviz/src/pathplanner_node.cpp:1[m[K:
[1.975s] [01m[K/home/john/Desktop/rp_ros2_rviz/src/pathplanner_node.cpp:95:25:[m[K [01;31m[Kerror: [m[Kinvalid use of ‘[01m[Kthis[m[K’ in non-member function
[1.975s]    95 |             RCLCPP_WARN([01;31m[Kthis[m[K->get_logger(), "Waiting Robot position...");
[1.975s]       |                         [01;31m[K^~~~[m[K
[1.975s] [01m[K/home/john/Desktop/rp_ros2_rviz/src/pathplanner_node.cpp:95:25:[m[K [01;31m[Kerror: [m[Kinvalid use of ‘[01m[Kthis[m[K’ in non-member function
[1.975s] [01m[K/home/john/Desktop/rp_ros2_rviz/src/pathplanner_node.cpp:95:13:[m[K [01;31m[Kerror: [m[Ktemplate argument 1 is invalid
[1.975s]    95 |             [01;31m[KRCLCPP_WARN[m[K(this->get_logger(), "Waiting Robot position...");
[1.975s]       |             [01;31m[K^~~~~~~~~~~[m[K
[1.975s] [01m[K/home/john/Desktop/rp_ros2_rviz/src/pathplanner_node.cpp:95:13:[m[K [01;31m[Kerror: [m[Ktemplate argument 1 is invalid
[1.975s]    95 |             [01;31m[KRCLCPP_WARN[m[K(this->get_logger(), "Waiting Robot position...");
[1.975s]       |             [01;31m[K^~~~~~~~~~~[m[K
[1.975s] [01m[K/home/john/Desktop/rp_ros2_rviz/src/pathplanner_node.cpp:95:13:[m[K [01;31m[Kerror: [m[Ktemplate argument 1 is invalid
[1.975s]    95 |             [01;31m[KRCLCPP_WARN[m[K(this->get_logger(), "Waiting Robot position...");
[1.975s]       |             [01;31m[K^~~~~~~~~~~[m[K
[1.975s] In file included from [01m[K/opt/ros/foxy/include/rclcpp/client.hpp:40[m[K,
[1.975s]                  from [01m[K/opt/ros/foxy/include/rclcpp/callback_group.hpp:23[m[K,
[1.975s]                  from [01m[K/opt/ros/foxy/include/rclcpp/any_executable.hpp:20[m[K,
[1.975s]                  from [01m[K/opt/ros/foxy/include/rclcpp/memory_strategy.hpp:24[m[K,
[1.976s]                  from [01m[K/opt/ros/foxy/include/rclcpp/memory_strategies.hpp:18[m[K,
[1.976s]                  from [01m[K/opt/ros/foxy/include/rclcpp/executor_options.hpp:20[m[K,
[1.976s]                  from [01m[K/opt/ros/foxy/include/rclcpp/executor.hpp:33[m[K,
[1.976s]                  from [01m[K/opt/ros/foxy/include/rclcpp/executors/multi_threaded_executor.hpp:26[m[K,
[1.976s]                  from [01m[K/opt/ros/foxy/include/rclcpp/executors.hpp:21[m[K,
[1.976s]                  from [01m[K/opt/ros/foxy/include/rclcpp/rclcpp.hpp:146[m[K,
[1.976s]                  from [01m[K/home/john/Desktop/rp_ros2_rviz/include/rp_ros2_rviz/pathplanner.h:2[m[K,
[1.976s]                  from [01m[K/home/john/Desktop/rp_ros2_rviz/src/pathplanner_node.cpp:1[m[K:
[1.976s] [01m[K/home/john/Desktop/rp_ros2_rviz/src/pathplanner_node.cpp:95:25:[m[K [01;31m[Kerror: [m[Kinvalid use of ‘[01m[Kthis[m[K’ in non-member function
[1.976s]    95 |             RCLCPP_WARN([01;31m[Kthis[m[K->get_logger(), "Waiting Robot position...");
[1.976s]       |                         [01;31m[K^~~~[m[K
[1.976s] [01m[K/home/john/Desktop/rp_ros2_rviz/src/pathplanner_node.cpp:95:25:[m[K [01;31m[Kerror: [m[Kinvalid use of ‘[01m[Kthis[m[K’ in non-member function
[1.976s]    95 |             RCLCPP_WARN([01;31m[Kthis[m[K->get_logger(), "Waiting Robot position...");
[1.976s]       |                         [01;31m[K^~~~[m[K
[1.981s] [01m[K/home/john/Desktop/rp_ros2_rviz/src/pathplanner_node.cpp:99:14:[m[K [01;31m[Kerror: [m[K‘[01m[Khas_robot_position_[m[K’ was not declared in this scope
[1.981s]    99 |         if (![01;31m[Khas_robot_position_[m[K) {
[1.981s]       |              [01;31m[K^~~~~~~~~~~~~~~~~~~[m[K
[1.981s] In file included from [01m[K/opt/ros/foxy/include/rclcpp/service.hpp:34[m[K,
[1.981s]                  from [01m[K/opt/ros/foxy/include/rclcpp/callback_group.hpp:25[m[K,
[1.981s]                  from [01m[K/opt/ros/foxy/include/rclcpp/any_executable.hpp:20[m[K,
[1.981s]                  from [01m[K/opt/ros/foxy/include/rclcpp/memory_strategy.hpp:24[m[K,
[1.981s]                  from [01m[K/opt/ros/foxy/include/rclcpp/memory_strategies.hpp:18[m[K,
[1.981s]                  from [01m[K/opt/ros/foxy/include/rclcpp/executor_options.hpp:20[m[K,
[1.981s]                  from [01m[K/opt/ros/foxy/include/rclcpp/executor.hpp:33[m[K,
[1.981s]                  from [01m[K/opt/ros/foxy/include/rclcpp/executors/multi_threaded_executor.hpp:26[m[K,
[1.981s]                  from [01m[K/opt/ros/foxy/include/rclcpp/executors.hpp:21[m[K,
[1.981s]                  from [01m[K/opt/ros/foxy/include/rclcpp/rclcpp.hpp:146[m[K,
[1.981s]                  from [01m[K/home/john/Desktop/rp_ros2_rviz/include/rp_ros2_rviz/pathplanner.h:2[m[K,
[1.981s]                  from [01m[K/home/john/Desktop/rp_ros2_rviz/src/pathplanner_node.cpp:1[m[K:
[1.981s] [01m[K/home/john/Desktop/rp_ros2_rviz/src/pathplanner_node.cpp:100:26:[m[K [01;31m[Kerror: [m[Kinvalid use of ‘[01m[Kthis[m[K’ in non-member function
[1.981s]   100 |             RCLCPP_ERROR([01;31m[Kthis[m[K->get_logger(), "No robot position.");
[1.981s]       |                          [01;31m[K^~~~[m[K
[1.982s] [01m[K/home/john/Desktop/rp_ros2_rviz/src/pathplanner_node.cpp:100:26:[m[K [01;31m[Kerror: [m[Kinvalid use of ‘[01m[Kthis[m[K’ in non-member function
[1.982s] [01m[K/home/john/Desktop/rp_ros2_rviz/src/pathplanner_node.cpp:100:13:[m[K [01;31m[Kerror: [m[Ktemplate argument 1 is invalid
[1.982s]   100 |             [01;31m[KRCLCPP_ERROR[m[K(this->get_logger(), "No robot position.");
[1.982s]       |             [01;31m[K^~~~~~~~~~~~[m[K
[1.982s] [01m[K/home/john/Desktop/rp_ros2_rviz/src/pathplanner_node.cpp:100:13:[m[K [01;31m[Kerror: [m[Ktemplate argument 1 is invalid
[1.982s]   100 |             [01;31m[KRCLCPP_ERROR[m[K(this->get_logger(), "No robot position.");
[1.982s]       |             [01;31m[K^~~~~~~~~~~~[m[K
[1.982s] [01m[K/home/john/Desktop/rp_ros2_rviz/src/pathplanner_node.cpp:100:13:[m[K [01;31m[Kerror: [m[Ktemplate argument 1 is invalid
[1.982s]   100 |             [01;31m[KRCLCPP_ERROR[m[K(this->get_logger(), "No robot position.");
[1.982s]       |             [01;31m[K^~~~~~~~~~~~[m[K
[1.982s] In file included from [01m[K/opt/ros/foxy/include/rclcpp/client.hpp:40[m[K,
[1.982s]                  from [01m[K/opt/ros/foxy/include/rclcpp/callback_group.hpp:23[m[K,
[1.982s]                  from [01m[K/opt/ros/foxy/include/rclcpp/any_executable.hpp:20[m[K,
[1.982s]                  from [01m[K/opt/ros/foxy/include/rclcpp/memory_strategy.hpp:24[m[K,
[1.982s]                  from [01m[K/opt/ros/foxy/include/rclcpp/memory_strategies.hpp:18[m[K,
[1.982s]                  from [01m[K/opt/ros/foxy/include/rclcpp/executor_options.hpp:20[m[K,
[1.982s]                  from [01m[K/opt/ros/foxy/include/rclcpp/executor.hpp:33[m[K,
[1.982s]                  from [01m[K/opt/ros/foxy/include/rclcpp/executors/multi_threaded_executor.hpp:26[m[K,
[1.982s]                  from [01m[K/opt/ros/foxy/include/rclcpp/executors.hpp:21[m[K,
[1.982s]                  from [01m[K/opt/ros/foxy/include/rclcpp/rclcpp.hpp:146[m[K,
[1.982s]                  from [01m[K/home/john/Desktop/rp_ros2_rviz/include/rp_ros2_rviz/pathplanner.h:2[m[K,
[1.982s]                  from [01m[K/home/john/Desktop/rp_ros2_rviz/src/pathplanner_node.cpp:1[m[K:
[1.982s] [01m[K/home/john/Desktop/rp_ros2_rviz/src/pathplanner_node.cpp:100:26:[m[K [01;31m[Kerror: [m[Kinvalid use of ‘[01m[Kthis[m[K’ in non-member function
[1.982s]   100 |             RCLCPP_ERROR([01;31m[Kthis[m[K->get_logger(), "No robot position.");
[1.982s]       |                          [01;31m[K^~~~[m[K
[1.982s] [01m[K/home/john/Desktop/rp_ros2_rviz/src/pathplanner_node.cpp:100:26:[m[K [01;31m[Kerror: [m[Kinvalid use of ‘[01m[Kthis[m[K’ in non-member function
[1.982s]   100 |             RCLCPP_ERROR([01;31m[Kthis[m[K->get_logger(), "No robot position.");
[1.982s]       |                          [01;31m[K^~~~[m[K
[1.985s] [01m[K/home/john/Desktop/rp_ros2_rviz/src/pathplanner_node.cpp:[m[K In lambda function:
[1.985s] [01m[K/home/john/Desktop/rp_ros2_rviz/src/pathplanner_node.cpp:104:43:[m[K [01;31m[Kerror: [m[K‘[01m[Kplanner[m[K’ was not declared in this scope; did you mean ‘[01m[KDMapPlanner[m[K’?
[1.985s]   104 |             return (p.x() >= 0 && p.x() < [01;31m[Kplanner[m[K.mapping.rows &&
[1.985s]       |                                           [01;31m[K^~~~~~~[m[K
[1.985s]       |                                           [32m[KDMapPlanner[m[K
[1.985s] [01m[K/home/john/Desktop/rp_ros2_rviz/src/pathplanner_node.cpp:[m[K In function ‘[01m[Kvoid makePath(const std::shared_ptr<DMap>&, float, float, const Vector2f&)[m[K’:
[1.985s] [01m[K/home/john/Desktop/rp_ros2_rviz/src/pathplanner_node.cpp:108:22:[m[K [01;31m[Kerror: [m[Kcould not convert ‘[01m[KinBounds.makePath(const std::shared_ptr<DMap>&, float, float, const Vector2f&)::<lambda(const Vector2f&)>((* & goal_position))[m[K’ from ‘[01m[Kvoid[m[K’ to ‘[01m[Kbool[m[K’
[1.985s]   108 |         if (![01;31m[KinBounds(goal_position)[m[K || !inBounds(latest_robot_position)) {
[1.985s]       |              [01;31m[K~~~~~~~~^~~~~~~~~~~~~~~[m[K
[1.985s]       |                      [01;31m[K|[m[K
[1.985s]       |                      [01;31m[Kvoid[m[K
[1.985s] [01m[K/home/john/Desktop/rp_ros2_rviz/src/pathplanner_node.cpp:108:36:[m[K [01;31m[Kerror: [m[Kin argument to unary !
[1.985s]   108 |         if (!inBounds(goal_position[01;31m[K)[m[K || !inBounds(latest_robot_position)) {
[1.985s]       |                                    [01;31m[K^[m[K
[1.991s] [01m[K/home/john/Desktop/rp_ros2_rviz/src/pathplanner_node.cpp:108:51:[m[K [01;31m[Kerror: [m[K‘[01m[Klatest_robot_position[m[K’ was not declared in this scope
[1.991s]   108 |         if (!inBounds(goal_position) || !inBounds([01;31m[Klatest_robot_position[m[K)) {
[1.991s]       |                                                   [01;31m[K^~~~~~~~~~~~~~~~~~~~~[m[K
[1.991s] In file included from [01m[K/opt/ros/foxy/include/rclcpp/service.hpp:34[m[K,
[1.991s]                  from [01m[K/opt/ros/foxy/include/rclcpp/callback_group.hpp:25[m[K,
[1.991s]                  from [01m[K/opt/ros/foxy/include/rclcpp/any_executable.hpp:20[m[K,
[1.991s]                  from [01m[K/opt/ros/foxy/include/rclcpp/memory_strategy.hpp:24[m[K,
[1.991s]                  from [01m[K/opt/ros/foxy/include/rclcpp/memory_strategies.hpp:18[m[K,
[1.991s]                  from [01m[K/opt/ros/foxy/include/rclcpp/executor_options.hpp:20[m[K,
[1.991s]                  from [01m[K/opt/ros/foxy/include/rclcpp/executor.hpp:33[m[K,
[1.991s]                  from [01m[K/opt/ros/foxy/include/rclcpp/executors/multi_threaded_executor.hpp:26[m[K,
[1.991s]                  from [01m[K/opt/ros/foxy/include/rclcpp/executors.hpp:21[m[K,
[1.991s]                  from [01m[K/opt/ros/foxy/include/rclcpp/rclcpp.hpp:146[m[K,
[1.992s]                  from [01m[K/home/john/Desktop/rp_ros2_rviz/include/rp_ros2_rviz/pathplanner.h:2[m[K,
[1.992s]                  from [01m[K/home/john/Desktop/rp_ros2_rviz/src/pathplanner_node.cpp:1[m[K:
[1.992s] [01m[K/home/john/Desktop/rp_ros2_rviz/src/pathplanner_node.cpp:109:26:[m[K [01;31m[Kerror: [m[Kinvalid use of ‘[01m[Kthis[m[K’ in non-member function
[1.992s]   109 |             RCLCPP_ERROR([01;31m[Kthis[m[K->get_logger(), "Gol out of bound");
[1.992s]       |                          [01;31m[K^~~~[m[K
[1.992s] [01m[K/home/john/Desktop/rp_ros2_rviz/src/pathplanner_node.cpp:109:26:[m[K [01;31m[Kerror: [m[Kinvalid use of ‘[01m[Kthis[m[K’ in non-member function
[1.992s] [01m[K/home/john/Desktop/rp_ros2_rviz/src/pathplanner_node.cpp:109:13:[m[K [01;31m[Kerror: [m[Ktemplate argument 1 is invalid
[1.992s]   109 |             [01;31m[KRCLCPP_ERROR[m[K(this->get_logger(), "Gol out of bound");
[1.992s]       |             [01;31m[K^~~~~~~~~~~~[m[K
[1.992s] [01m[K/home/john/Desktop/rp_ros2_rviz/src/pathplanner_node.cpp:109:13:[m[K [01;31m[Kerror: [m[Ktemplate argument 1 is invalid
[1.992s]   109 |             [01;31m[KRCLCPP_ERROR[m[K(this->get_logger(), "Gol out of bound");
[1.992s]       |             [01;31m[K^~~~~~~~~~~~[m[K
[1.992s] [01m[K/home/john/Desktop/rp_ros2_rviz/src/pathplanner_node.cpp:109:13:[m[K [01;31m[Kerror: [m[Ktemplate argument 1 is invalid
[1.992s]   109 |             [01;31m[KRCLCPP_ERROR[m[K(this->get_logger(), "Gol out of bound");
[1.992s]       |             [01;31m[K^~~~~~~~~~~~[m[K
[1.992s] In file included from [01m[K/opt/ros/foxy/include/rclcpp/client.hpp:40[m[K,
[1.992s]                  from [01m[K/opt/ros/foxy/include/rclcpp/callback_group.hpp:23[m[K,
[1.992s]                  from [01m[K/opt/ros/foxy/include/rclcpp/any_executable.hpp:20[m[K,
[1.992s]                  from [01m[K/opt/ros/foxy/include/rclcpp/memory_strategy.hpp:24[m[K,
[1.992s]                  from [01m[K/opt/ros/foxy/include/rclcpp/memory_strategies.hpp:18[m[K,
[1.992s]                  from [01m[K/opt/ros/foxy/include/rclcpp/executor_options.hpp:20[m[K,
[1.992s]                  from [01m[K/opt/ros/foxy/include/rclcpp/executor.hpp:33[m[K,
[1.992s]                  from [01m[K/opt/ros/foxy/include/rclcpp/executors/multi_threaded_executor.hpp:26[m[K,
[1.992s]                  from [01m[K/opt/ros/foxy/include/rclcpp/executors.hpp:21[m[K,
[1.992s]                  from [01m[K/opt/ros/foxy/include/rclcpp/rclcpp.hpp:146[m[K,
[1.992s]                  from [01m[K/home/john/Desktop/rp_ros2_rviz/include/rp_ros2_rviz/pathplanner.h:2[m[K,
[1.992s]                  from [01m[K/home/john/Desktop/rp_ros2_rviz/src/pathplanner_node.cpp:1[m[K:
[1.992s] [01m[K/home/john/Desktop/rp_ros2_rviz/src/pathplanner_node.cpp:109:26:[m[K [01;31m[Kerror: [m[Kinvalid use of ‘[01m[Kthis[m[K’ in non-member function
[1.992s]   109 |             RCLCPP_ERROR([01;31m[Kthis[m[K->get_logger(), "Gol out of bound");
[1.992s]       |                          [01;31m[K^~~~[m[K
[1.992s] [01m[K/home/john/Desktop/rp_ros2_rviz/src/pathplanner_node.cpp:109:26:[m[K [01;31m[Kerror: [m[Kinvalid use of ‘[01m[Kthis[m[K’ in non-member function
[1.992s]   109 |             RCLCPP_ERROR([01;31m[Kthis[m[K->get_logger(), "Gol out of bound");
[1.992s]       |                          [01;31m[K^~~~[m[K
[1.994s] [01m[K/home/john/Desktop/rp_ros2_rviz/src/pathplanner_node.cpp:114:33:[m[K [01;31m[Kerror: [m[K‘[01m[Kplanner[m[K’ was not declared in this scope; did you mean ‘[01m[KDMapPlanner[m[K’?
[1.994s]   114 |         Eigen::Vector2f click = [01;31m[Kplanner[m[K.mapping.g2w(goal_position);
[1.994s]       |                                 [01;31m[K^~~~~~~[m[K
[1.994s]       |                                 [32m[KDMapPlanner[m[K
[2.000s] [01m[K/home/john/Desktop/rp_ros2_rviz/src/pathplanner_node.cpp:118:58:[m[K [01;31m[Kerror: [m[K‘[01m[Klatest_robot_position[m[K’ was not declared in this scope
[2.000s]   118 |         Eigen::Vector2f world_goal = planner.mapping.g2w([01;31m[Klatest_robot_position[m[K);
[2.000s]       |                                                          [01;31m[K^~~~~~~~~~~~~~~~~~~~~[m[K
[2.000s] In file included from [01m[K/opt/ros/foxy/include/rclcpp/service.hpp:34[m[K,
[2.000s]                  from [01m[K/opt/ros/foxy/include/rclcpp/callback_group.hpp:25[m[K,
[2.000s]                  from [01m[K/opt/ros/foxy/include/rclcpp/any_executable.hpp:20[m[K,
[2.000s]                  from [01m[K/opt/ros/foxy/include/rclcpp/memory_strategy.hpp:24[m[K,
[2.000s]                  from [01m[K/opt/ros/foxy/include/rclcpp/memory_strategies.hpp:18[m[K,
[2.000s]                  from [01m[K/opt/ros/foxy/include/rclcpp/executor_options.hpp:20[m[K,
[2.000s]                  from [01m[K/opt/ros/foxy/include/rclcpp/executor.hpp:33[m[K,
[2.000s]                  from [01m[K/opt/ros/foxy/include/rclcpp/executors/multi_threaded_executor.hpp:26[m[K,
[2.000s]                  from [01m[K/opt/ros/foxy/include/rclcpp/executors.hpp:21[m[K,
[2.000s]                  from [01m[K/opt/ros/foxy/include/rclcpp/rclcpp.hpp:146[m[K,
[2.000s]                  from [01m[K/home/john/Desktop/rp_ros2_rviz/include/rp_ros2_rviz/pathplanner.h:2[m[K,
[2.000s]                  from [01m[K/home/john/Desktop/rp_ros2_rviz/src/pathplanner_node.cpp:1[m[K:
[2.000s] [01m[K/home/john/Desktop/rp_ros2_rviz/src/pathplanner_node.cpp:120:21:[m[K [01;31m[Kerror: [m[Kinvalid use of ‘[01m[Kthis[m[K’ in non-member function
[2.000s]   120 |         RCLCPP_INFO([01;31m[Kthis[m[K->get_logger(), "Start Position: (%.2f, %.2f)",
[2.000s]       |                     [01;31m[K^~~~[m[K
[2.000s] [01m[K/home/john/Desktop/rp_ros2_rviz/src/pathplanner_node.cpp:120:21:[m[K [01;31m[Kerror: [m[Kinvalid use of ‘[01m[Kthis[m[K’ in non-member function
[2.000s] [01m[K/home/john/Desktop/rp_ros2_rviz/src/pathplanner_node.cpp:120:9:[m[K [01;31m[Kerror: [m[Ktemplate argument 1 is invalid
[2.000s]   120 |         [01;31m[KRCLCPP_INFO[m[K(this->get_logger(), "Start Position: (%.2f, %.2f)",
[2.000s]       |         [01;31m[K^~~~~~~~~~~[m[K
[2.000s] [01m[K/home/john/Desktop/rp_ros2_rviz/src/pathplanner_node.cpp:120:9:[m[K [01;31m[Kerror: [m[Ktemplate argument 1 is invalid
[2.000s]   120 |         [01;31m[KRCLCPP_INFO[m[K(this->get_logger(), "Start Position: (%.2f, %.2f)",
[2.000s]       |         [01;31m[K^~~~~~~~~~~[m[K
[2.001s] [01m[K/home/john/Desktop/rp_ros2_rviz/src/pathplanner_node.cpp:120:9:[m[K [01;31m[Kerror: [m[Ktemplate argument 1 is invalid
[2.001s]   120 |         [01;31m[KRCLCPP_INFO[m[K(this->get_logger(), "Start Position: (%.2f, %.2f)",
[2.001s]       |         [01;31m[K^~~~~~~~~~~[m[K
[2.001s] In file included from [01m[K/opt/ros/foxy/include/rclcpp/client.hpp:40[m[K,
[2.001s]                  from [01m[K/opt/ros/foxy/include/rclcpp/callback_group.hpp:23[m[K,
[2.001s]                  from [01m[K/opt/ros/foxy/include/rclcpp/any_executable.hpp:20[m[K,
[2.001s]                  from [01m[K/opt/ros/foxy/include/rclcpp/memory_strategy.hpp:24[m[K,
[2.001s]                  from [01m[K/opt/ros/foxy/include/rclcpp/memory_strategies.hpp:18[m[K,
[2.001s]                  from [01m[K/opt/ros/foxy/include/rclcpp/executor_options.hpp:20[m[K,
[2.001s]                  from [01m[K/opt/ros/foxy/include/rclcpp/executor.hpp:33[m[K,
[2.001s]                  from [01m[K/opt/ros/foxy/include/rclcpp/executors/multi_threaded_executor.hpp:26[m[K,
[2.001s]                  from [01m[K/opt/ros/foxy/include/rclcpp/executors.hpp:21[m[K,
[2.001s]                  from [01m[K/opt/ros/foxy/include/rclcpp/rclcpp.hpp:146[m[K,
[2.001s]                  from [01m[K/home/john/Desktop/rp_ros2_rviz/include/rp_ros2_rviz/pathplanner.h:2[m[K,
[2.001s]                  from [01m[K/home/john/Desktop/rp_ros2_rviz/src/pathplanner_node.cpp:1[m[K:
[2.001s] [01m[K/home/john/Desktop/rp_ros2_rviz/src/pathplanner_node.cpp:120:21:[m[K [01;31m[Kerror: [m[Kinvalid use of ‘[01m[Kthis[m[K’ in non-member function
[2.001s]   120 |         RCLCPP_INFO([01;31m[Kthis[m[K->get_logger(), "Start Position: (%.2f, %.2f)",
[2.001s]       |                     [01;31m[K^~~~[m[K
[2.001s] [01m[K/home/john/Desktop/rp_ros2_rviz/src/pathplanner_node.cpp:120:21:[m[K [01;31m[Kerror: [m[Kinvalid use of ‘[01m[Kthis[m[K’ in non-member function
[2.001s]   120 |         RCLCPP_INFO([01;31m[Kthis[m[K->get_logger(), "Start Position: (%.2f, %.2f)",
[2.001s]       |                     [01;31m[K^~~~[m[K
[2.002s] [01m[K/home/john/Desktop/rp_ros2_rviz/src/pathplanner_node.cpp:123:29:[m[K [01;31m[Kerror: [m[K‘[01m[Kpath[m[K’ was not declared in this scope
[2.002s]   123 |         planner.computePath([01;31m[Kpath[m[K, world_goal, planner.mapping.resolution * 2, 3000, use_gradient);
[2.002s]       |                             [01;31m[K^~~~[m[K
[2.008s] [01m[K/home/john/Desktop/rp_ros2_rviz/src/pathplanner_node.cpp:123:85:[m[K [01;31m[Kerror: [m[K‘[01m[Kuse_gradient[m[K’ was not declared in this scope
[2.008s]   123 |         planner.computePath(path, world_goal, planner.mapping.resolution * 2, 3000, [01;31m[Kuse_gradient[m[K);
[2.008s]       |                                                                                     [01;31m[K^~~~~~~~~~~~[m[K
[2.008s] [01m[K/home/john/Desktop/rp_ros2_rviz/src/pathplanner_node.cpp:127:35:[m[K [01;31m[Kerror: [m[Kinvalid use of ‘[01m[Kthis[m[K’ in non-member function
[2.008s]   127 |         pose_array.header.stamp = [01;31m[Kthis[m[K->now();
[2.008s]       |                                   [01;31m[K^~~~[m[K
[2.009s] In file included from [01m[K/opt/ros/foxy/include/rclcpp/service.hpp:34[m[K,
[2.009s]                  from [01m[K/opt/ros/foxy/include/rclcpp/callback_group.hpp:25[m[K,
[2.009s]                  from [01m[K/opt/ros/foxy/include/rclcpp/any_executable.hpp:20[m[K,
[2.009s]                  from [01m[K/opt/ros/foxy/include/rclcpp/memory_strategy.hpp:24[m[K,
[2.009s]                  from [01m[K/opt/ros/foxy/include/rclcpp/memory_strategies.hpp:18[m[K,
[2.009s]                  from [01m[K/opt/ros/foxy/include/rclcpp/executor_options.hpp:20[m[K,
[2.009s]                  from [01m[K/opt/ros/foxy/include/rclcpp/executor.hpp:33[m[K,
[2.009s]                  from [01m[K/opt/ros/foxy/include/rclcpp/executors/multi_threaded_executor.hpp:26[m[K,
[2.009s]                  from [01m[K/opt/ros/foxy/include/rclcpp/executors.hpp:21[m[K,
[2.009s]                  from [01m[K/opt/ros/foxy/include/rclcpp/rclcpp.hpp:146[m[K,
[2.009s]                  from [01m[K/home/john/Desktop/rp_ros2_rviz/include/rp_ros2_rviz/pathplanner.h:2[m[K,
[2.009s]                  from [01m[K/home/john/Desktop/rp_ros2_rviz/src/pathplanner_node.cpp:1[m[K:
[2.009s] [01m[K/home/john/Desktop/rp_ros2_rviz/src/pathplanner_node.cpp:162:21:[m[K [01;31m[Kerror: [m[Kinvalid use of ‘[01m[Kthis[m[K’ in non-member function
[2.009s]   162 |         RCLCPP_INFO([01;31m[Kthis[m[K->get_logger(), "Publishing %ld poses to world node", pose_array.poses.size());
[2.009s]       |                     [01;31m[K^~~~[m[K
[2.009s] [01m[K/home/john/Desktop/rp_ros2_rviz/src/pathplanner_node.cpp:162:21:[m[K [01;31m[Kerror: [m[Kinvalid use of ‘[01m[Kthis[m[K’ in non-member function
[2.009s] [01m[K/home/john/Desktop/rp_ros2_rviz/src/pathplanner_node.cpp:162:9:[m[K [01;31m[Kerror: [m[Ktemplate argument 1 is invalid
[2.009s]   162 |         [01;31m[KRCLCPP_INFO[m[K(this->get_logger(), "Publishing %ld poses to world node", pose_array.poses.size());
[2.009s]       |         [01;31m[K^~~~~~~~~~~[m[K
[2.009s] [01m[K/home/john/Desktop/rp_ros2_rviz/src/pathplanner_node.cpp:162:9:[m[K [01;31m[Kerror: [m[Ktemplate argument 1 is invalid
[2.009s]   162 |         [01;31m[KRCLCPP_INFO[m[K(this->get_logger(), "Publishing %ld poses to world node", pose_array.poses.size());
[2.009s]       |         [01;31m[K^~~~~~~~~~~[m[K
[2.009s] [01m[K/home/john/Desktop/rp_ros2_rviz/src/pathplanner_node.cpp:162:9:[m[K [01;31m[Kerror: [m[Ktemplate argument 1 is invalid
[2.009s]   162 |         [01;31m[KRCLCPP_INFO[m[K(this->get_logger(), "Publishing %ld poses to world node", pose_array.poses.size());
[2.009s]       |         [01;31m[K^~~~~~~~~~~[m[K
[2.009s] In file included from [01m[K/opt/ros/foxy/include/rclcpp/client.hpp:40[m[K,
[2.009s]                  from [01m[K/opt/ros/foxy/include/rclcpp/callback_group.hpp:23[m[K,
[2.010s]                  from [01m[K/opt/ros/foxy/include/rclcpp/any_executable.hpp:20[m[K,
[2.010s]                  from [01m[K/opt/ros/foxy/include/rclcpp/memory_strategy.hpp:24[m[K,
[2.010s]                  from [01m[K/opt/ros/foxy/include/rclcpp/memory_strategies.hpp:18[m[K,
[2.010s]                  from [01m[K/opt/ros/foxy/include/rclcpp/executor_options.hpp:20[m[K,
[2.010s]                  from [01m[K/opt/ros/foxy/include/rclcpp/executor.hpp:33[m[K,
[2.010s]                  from [01m[K/opt/ros/foxy/include/rclcpp/executors/multi_threaded_executor.hpp:26[m[K,
[2.010s]                  from [01m[K/opt/ros/foxy/include/rclcpp/executors.hpp:21[m[K,
[2.010s]                  from [01m[K/opt/ros/foxy/include/rclcpp/rclcpp.hpp:146[m[K,
[2.010s]                  from [01m[K/home/john/Desktop/rp_ros2_rviz/include/rp_ros2_rviz/pathplanner.h:2[m[K,
[2.010s]                  from [01m[K/home/john/Desktop/rp_ros2_rviz/src/pathplanner_node.cpp:1[m[K:
[2.010s] [01m[K/home/john/Desktop/rp_ros2_rviz/src/pathplanner_node.cpp:162:21:[m[K [01;31m[Kerror: [m[Kinvalid use of ‘[01m[Kthis[m[K’ in non-member function
[2.010s]   162 |         RCLCPP_INFO([01;31m[Kthis[m[K->get_logger(), "Publishing %ld poses to world node", pose_array.poses.size());
[2.010s]       |                     [01;31m[K^~~~[m[K
[2.010s] [01m[K/home/john/Desktop/rp_ros2_rviz/src/pathplanner_node.cpp:162:21:[m[K [01;31m[Kerror: [m[Kinvalid use of ‘[01m[Kthis[m[K’ in non-member function
[2.010s]   162 |         RCLCPP_INFO([01;31m[Kthis[m[K->get_logger(), "Publishing %ld poses to world node", pose_array.poses.size());
[2.010s]       |                     [01;31m[K^~~~[m[K
[2.013s] [01m[K/home/john/Desktop/rp_ros2_rviz/src/pathplanner_node.cpp:163:9:[m[K [01;31m[Kerror: [m[K‘[01m[Kpose_array_pub_[m[K’ was not declared in this scope; did you mean ‘[01m[Kpose_array[m[K’?
[2.014s]   163 |         [01;31m[Kpose_array_pub_[m[K->publish(pose_array);
[2.014s]       |         [01;31m[K^~~~~~~~~~~~~~~[m[K
[2.014s]       |         [32m[Kpose_array[m[K
[2.014s] [01m[K/home/john/Desktop/rp_ros2_rviz/src/pathplanner_node.cpp:92:48:[m[K [01;35m[Kwarning: [m[Kunused parameter ‘[01m[Kdmap[m[K’ [[01;35m[K-Wunused-parameter[m[K]
[2.014s]    92 |     void makePath([01;35m[Kconst std::shared_ptr<DMap>& dmap[m[K, float resolution, float expansion_range, const Eigen::Vector2f& goal_position){
[2.014s]       |                   [01;35m[K~~~~~~~~~~~~~~~~~~~~~~~~~~~~~^~~~[m[K
[2.014s] [01m[K/home/john/Desktop/rp_ros2_rviz/src/pathplanner_node.cpp:92:60:[m[K [01;35m[Kwarning: [m[Kunused parameter ‘[01m[Kresolution[m[K’ [[01;35m[K-Wunused-parameter[m[K]
[2.014s]    92 |     void makePath(const std::shared_ptr<DMap>& dmap, [01;35m[Kfloat resolution[m[K, float expansion_range, const Eigen::Vector2f& goal_position){
[2.014s]       |                                                      [01;35m[K~~~~~~^~~~~~~~~~[m[K
[2.014s] [01m[K/home/john/Desktop/rp_ros2_rviz/src/pathplanner_node.cpp:92:78:[m[K [01;35m[Kwarning: [m[Kunused parameter ‘[01m[Kexpansion_range[m[K’ [[01;35m[K-Wunused-parameter[m[K]
[2.014s]    92 |     void makePath(const std::shared_ptr<DMap>& dmap, float resolution, [01;35m[Kfloat expansion_range[m[K, const Eigen::Vector2f& goal_position){
[2.014s]       |                                                                        [01;35m[K~~~~~~^~~~~~~~~~~~~~~[m[K
[2.019s] [01m[K/home/john/Desktop/rp_ros2_rviz/src/pathplanner_node.cpp:[m[K In function ‘[01m[Kvoid publishBool()[m[K’:
[2.019s] [01m[K/home/john/Desktop/rp_ros2_rviz/src/pathplanner_node.cpp:173:9:[m[K [01;31m[Kerror: [m[K‘[01m[Kbool_pub_path[m[K’ was not declared in this scope
[2.019s]   173 |         [01;31m[Kbool_pub_path[m[K->publish(bool_msg);
[2.019s]       |         [01;31m[K^~~~~~~~~~~~~[m[K
[2.022s] [01m[K/home/john/Desktop/rp_ros2_rviz/src/pathplanner_node.cpp:173:32:[m[K [01;31m[Kerror: [m[K‘[01m[Kbool_msg[m[K’ was not declared in this scope
[2.022s]   173 |         bool_pub_path->publish([01;31m[Kbool_msg[m[K);
[2.022s]       |                                [01;31m[K^~~~~~~~[m[K
[3.397s] make[2]: *** [CMakeFiles/pathplanner_node.dir/build.make:63: CMakeFiles/pathplanner_node.dir/src/pathplanner_node.cpp.o] Error 1
[3.397s] make[1]: *** [CMakeFiles/Makefile2:167: CMakeFiles/pathplanner_node.dir/all] Error 2
[3.398s] make: *** [Makefile:141: all] Error 2
[3.399s] Invoked command in '/home/john/Desktop/rp_ros2_rviz/build/rp_ros2_rviz' returned '2': CMAKE_PREFIX_PATH=${CMAKE_PREFIX_PATH}:/opt/ros/foxy /usr/bin/cmake --build /home/john/Desktop/rp_ros2_rviz/build/rp_ros2_rviz -- -j4 -l4
