In file included from [01m[K/home/john/Desktop/rp_ros2_rviz/include/rp_ros2_rviz/world.h:6[m[K,
                 from [01m[K/home/john/Desktop/rp_ros2_rviz/src/world.cpp:1[m[K:
[01m[K/home/john/Desktop/rp_ros2_rviz/include/rp_ros2_rviz/canvas.h:5:3:[m[K [01;31m[Kerror: [m[K‘[01m[Kcv[m[K’ does not name a type
    5 |   [01;31m[Kcv[m[K::Mat draw_image;
      |   [01;31m[K^~[m[K
[01m[K/home/john/Desktop/rp_ros2_rviz/include/rp_ros2_rviz/canvas.h:26:66:[m[K [01;31m[Kerror: [m[K‘[01m[Kuint8_t[m[K’ does not name a type
   26 |   void drawCircle(const Vec2f& center, const float radius, const [01;31m[Kuint8_t[m[K gray_value);
      |                                                                  [01;31m[K^~~~~~~[m[K
[01m[K/home/john/Desktop/rp_ros2_rviz/include/rp_ros2_rviz/canvas.h:1:1:[m[K [01;36m[Knote: [m[K‘[01m[Kuint8_t[m[K’ is defined in header ‘[01m[K<cstdint>[m[K’; did you forget to ‘[01m[K#include <cstdint>[m[K’?
  +++ |+[32m[K#include <cstdint>[m[K
    1 | #pragma once
[01m[K/home/john/Desktop/rp_ros2_rviz/include/rp_ros2_rviz/canvas.h:27:42:[m[K [01;31m[Kerror: [m[K‘[01m[Kuint8_t[m[K’ does not name a type
   27 |   void drawPoint(const Vec2f& pos, const [01;31m[Kuint8_t[m[K gray_value);
      |                                          [01;31m[K^~~~~~~[m[K
[01m[K/home/john/Desktop/rp_ros2_rviz/include/rp_ros2_rviz/canvas.h:27:42:[m[K [01;36m[Knote: [m[K‘[01m[Kuint8_t[m[K’ is defined in header ‘[01m[K<cstdint>[m[K’; did you forget to ‘[01m[K#include <cstdint>[m[K’?
[01m[K/home/john/Desktop/rp_ros2_rviz/include/rp_ros2_rviz/canvas.h:28:65:[m[K [01;31m[Kerror: [m[K‘[01m[Kuint8_t[m[K’ does not name a type
   28 |   void drawLine(const Vec2f& p_start, const Vec2f& p_end, const [01;31m[Kuint8_t[m[K gray_value);
      |                                                                 [01;31m[K^~~~~~~[m[K
[01m[K/home/john/Desktop/rp_ros2_rviz/include/rp_ros2_rviz/canvas.h:28:65:[m[K [01;36m[Knote: [m[K‘[01m[Kuint8_t[m[K’ is defined in header ‘[01m[K<cstdint>[m[K’; did you forget to ‘[01m[K#include <cstdint>[m[K’?
[01m[K/home/john/Desktop/rp_ros2_rviz/include/rp_ros2_rviz/canvas.h:[m[K In member function ‘[01m[Kint Canvas::[01;32m[Krows[m[K() const[m[K’:
[01m[K/home/john/Desktop/rp_ros2_rviz/include/rp_ros2_rviz/canvas.h:14:35:[m[K [01;31m[Kerror: [m[K‘[01m[Kdraw_image[m[K’ was not declared in this scope
   14 |   inline int rows() const {return [01;31m[Kdraw_image[m[K.rows;}
      |                                   [01;31m[K^~~~~~~~~~[m[K
[01m[K/home/john/Desktop/rp_ros2_rviz/include/rp_ros2_rviz/canvas.h:[m[K In member function ‘[01m[Kint Canvas::[01;32m[Kcols[m[K() const[m[K’:
[01m[K/home/john/Desktop/rp_ros2_rviz/include/rp_ros2_rviz/canvas.h:15:35:[m[K [01;31m[Kerror: [m[K‘[01m[Kdraw_image[m[K’ was not declared in this scope
   15 |   inline int cols() const {return [01;31m[Kdraw_image[m[K.cols;}
      |                                   [01;31m[K^~~~~~~~~~[m[K
[01m[K/home/john/Desktop/rp_ros2_rviz/include/rp_ros2_rviz/canvas.h:[m[K In member function ‘[01m[Kbool Canvas::[01;32m[Kinside[m[K(const Vec2f&)[m[K’:
[01m[K/home/john/Desktop/rp_ros2_rviz/include/rp_ros2_rviz/canvas.h:21:18:[m[K [01;31m[Kerror: [m[K‘[01m[Kdraw_image[m[K’ was not declared in this scope
   21 |       || cp.x()>=[01;31m[Kdraw_image[m[K.rows
      |                  [01;31m[K^~~~~~~~~~[m[K
[01m[K/home/john/Desktop/rp_ros2_rviz/src/world.cpp:[m[K In member function ‘[01m[Kvirtual bool World::[01;32m[Kcollides[m[K(const WorldItem*) const[m[K’:
[01m[K/home/john/Desktop/rp_ros2_rviz/src/world.cpp:82:39:[m[K [01;35m[Kwarning: [m[Kunused parameter ‘[01m[Kother[m[K’ [[01;35m[K]8;;https://gcc.gnu.org/onlinedocs/gcc/Warning-Options.html#index-Wunused-parameter-Wunused-parameter]8;;[m[K]
   82 | bool World::collides([01;35m[Kconst WorldItem* other[m[K) const {
      |                      [01;35m[K~~~~~~~~~~~~~~~~~^~~~~[m[K
gmake[2]: *** [CMakeFiles/world_node.dir/build.make:90: CMakeFiles/world_node.dir/src/world.cpp.o] Error 1
gmake[2]: *** Waiting for unfinished jobs....
In file included from [01m[K/home/john/Desktop/rp_ros2_rviz/include/rp_ros2_rviz/world.h:6[m[K,
                 from [01m[K/home/john/Desktop/rp_ros2_rviz/src/world_node.cpp:3[m[K:
[01m[K/home/john/Desktop/rp_ros2_rviz/include/rp_ros2_rviz/canvas.h:5:3:[m[K [01;31m[Kerror: [m[K‘[01m[Kcv[m[K’ does not name a type
    5 |   [01;31m[Kcv[m[K::Mat draw_image;
      |   [01;31m[K^~[m[K
[01m[K/home/john/Desktop/rp_ros2_rviz/include/rp_ros2_rviz/canvas.h:[m[K In member function ‘[01m[Kint Canvas::[01;32m[Krows[m[K() const[m[K’:
[01m[K/home/john/Desktop/rp_ros2_rviz/include/rp_ros2_rviz/canvas.h:14:35:[m[K [01;31m[Kerror: [m[K‘[01m[Kdraw_image[m[K’ was not declared in this scope
   14 |   inline int rows() const {return [01;31m[Kdraw_image[m[K.rows;}
      |                                   [01;31m[K^~~~~~~~~~[m[K
[01m[K/home/john/Desktop/rp_ros2_rviz/include/rp_ros2_rviz/canvas.h:[m[K In member function ‘[01m[Kint Canvas::[01;32m[Kcols[m[K() const[m[K’:
[01m[K/home/john/Desktop/rp_ros2_rviz/include/rp_ros2_rviz/canvas.h:15:35:[m[K [01;31m[Kerror: [m[K‘[01m[Kdraw_image[m[K’ was not declared in this scope
   15 |   inline int cols() const {return [01;31m[Kdraw_image[m[K.cols;}
      |                                   [01;31m[K^~~~~~~~~~[m[K
[01m[K/home/john/Desktop/rp_ros2_rviz/include/rp_ros2_rviz/canvas.h:[m[K In member function ‘[01m[Kbool Canvas::[01;32m[Kinside[m[K(const Vec2f&)[m[K’:
[01m[K/home/john/Desktop/rp_ros2_rviz/include/rp_ros2_rviz/canvas.h:21:18:[m[K [01;31m[Kerror: [m[K‘[01m[Kdraw_image[m[K’ was not declared in this scope
   21 |       || cp.x()>=[01;31m[Kdraw_image[m[K.rows
      |                  [01;31m[K^~~~~~~~~~[m[K
[01m[K/home/john/Desktop/rp_ros2_rviz/src/world_node.cpp:[m[K In constructor ‘[01m[KWorldNode::[01;32m[KWorldNode[m[K()[m[K’:
[01m[K/home/john/Desktop/rp_ros2_rviz/src/world_node.cpp:14:17:[m[K [01;31m[Kerror: [m[K‘[01m[Kusing std::__shared_ptr_access<World, __gnu_cxx::_S_atomic, false, false>::element_type = struct World[m[K’ {aka ‘[01m[Kstruct World[m[K’} has no member named ‘[01m[KaddItem[m[K’
   14 |         world_->[01;31m[KaddItem[m[K(item1_);
      |                 [01;31m[K^~~~~~~[m[K
[01m[K/home/john/Desktop/rp_ros2_rviz/src/world_node.cpp:18:17:[m[K [01;31m[Kerror: [m[K‘[01m[Kusing std::__shared_ptr_access<World, __gnu_cxx::_S_atomic, false, false>::element_type = struct World[m[K’ {aka ‘[01m[Kstruct World[m[K’} has no member named ‘[01m[KaddItem[m[K’
   18 |         world_->[01;31m[KaddItem[m[K(item2_);
      |                 [01;31m[K^~~~~~~[m[K
[01m[K/home/john/Desktop/rp_ros2_rviz/src/world_node.cpp:[m[K In member function ‘[01m[Kvoid WorldNode::[01;32m[KposeCallback[m[K(geometry_msgs::msg::Pose_<std::allocator<void> >::SharedPtr)[m[K’:
[01m[K/home/john/Desktop/rp_ros2_rviz/src/world_node.cpp:28:9:[m[K [01;31m[Kerror: [m[K‘[01m[KEigen[m[K’ has not been declared
   28 |         [01;31m[KEigen[m[K::Isometry2f new_pose;
      |         [01;31m[K^~~~~[m[K
[01m[K/home/john/Desktop/rp_ros2_rviz/src/world_node.cpp:29:9:[m[K [01;31m[Kerror: [m[K‘[01m[Knew_pose[m[K’ was not declared in this scope
   29 |         [01;31m[Knew_pose[m[K.translation() = Eigen::Vector2f(msg->position.x, msg->position.y);
      |         [01;31m[K^~~~~~~~[m[K
[01m[K/home/john/Desktop/rp_ros2_rviz/src/world_node.cpp:29:34:[m[K [01;31m[Kerror: [m[K‘[01m[KEigen[m[K’ has not been declared
   29 |         new_pose.translation() = [01;31m[KEigen[m[K::Vector2f(msg->position.x, msg->position.y);
      |                                  [01;31m[K^~~~~[m[K
[01m[K/home/john/Desktop/rp_ros2_rviz/src/world_node.cpp:30:25:[m[K [01;31m[Kerror: [m[K‘[01m[KEigen[m[K’ has not been declared
   30 |         new_pose.rotate([01;31m[KEigen[m[K::Rotation2Df(msg->orientation.w));  // Ruotiamo in base all'orientamento (solo Z)
      |                         [01;31m[K^~~~~[m[K
[01m[K/home/john/Desktop/rp_ros2_rviz/src/world_node.cpp:33:17:[m[K [01;31m[Kerror: [m[K‘[01m[Kstruct WorldItem[m[K’ has no member named ‘[01m[KupdatePose[m[K’
   33 |         item1_->[01;31m[KupdatePose[m[K(new_pose);
      |                 [01;31m[K^~~~~~~~~~[m[K
gmake[2]: *** [CMakeFiles/world_node.dir/build.make:76: CMakeFiles/world_node.dir/src/world_node.cpp.o] Error 1
gmake[1]: *** [CMakeFiles/Makefile2:193: CMakeFiles/world_node.dir/all] Error 2
gmake: *** [Makefile:146: all] Error 2
