[0.018s] Invoking command in '/home/john/Desktop/rp_ros2_rviz/build/rp_ros2_rviz': CMAKE_PREFIX_PATH=${CMAKE_PREFIX_PATH}:/opt/ros/jazzy DEBUGINFOD_URLS=https://debuginfod.ubuntu.com /usr/bin/cmake --build /home/john/Desktop/rp_ros2_rviz/build/rp_ros2_rviz -- -j4 -l4
[0.107s] [ 20%] Built target control_robot
[0.154s] [ 30%] [32mBuilding CXX object CMakeFiles/world_node.dir/src/world_node.cpp.o[0m
[4.632s] In file included from [01m[K/home/john/Desktop/rp_ros2_rviz/include/rp_ros2_rviz/dmap_planner.h:4[m[K,
[4.632s]                  from [01m[K/home/john/Desktop/rp_ros2_rviz/src/world_node.cpp:8[m[K:
[4.632s] [01m[K/home/john/Desktop/rp_ros2_rviz/include/rp_ros2_rviz/dmap.h:12:16:[m[K [01;31m[Kerror: [m[K‘[01m[KGrid_[m[K’ does not name a type; did you mean ‘[01m[KGrid[m[K’?
[4.632s]    12 | using DMapGrid=[01;31m[KGrid_[m[K<DMapCell>;
[4.633s]       |                [01;31m[K^~~~~[m[K
[4.633s]       |                [32m[KGrid[m[K
[4.638s] [01m[K/home/john/Desktop/rp_ros2_rviz/include/rp_ros2_rviz/dmap.h:16:36:[m[K [01;31m[Kerror: [m[K‘[01m[KVector2i[m[K’ was not declared in this scope; did you mean ‘[01m[KEigen::Vector2i[m[K’?
[4.638s]    16 | using Vector2iVector = std::vector<[01;31m[KVector2i[m[K>;
[4.638s]       |                                    [01;31m[K^~~~~~~~[m[K
[4.639s]       |                                    [32m[KEigen::Vector2i[m[K
[4.639s] In file included from [01m[K/usr/include/eigen3/Eigen/Core:295[m[K,
[4.639s]                  from [01m[K/home/john/Desktop/rp_ros2_rviz/include/rp_ros2_rviz/dmap_planner.h:2[m[K:
[4.639s] [01m[K/usr/include/eigen3/Eigen/src/Core/Matrix.h:485:34:[m[K [01;36m[Knote: [m[K‘[01m[KEigen::Vector2i[m[K’ declared here
[4.640s]   485 | typedef Matrix<Type, Size, 1>    [01;36m[KVector[m[K##SizeSuffix##TypeSuffix;  \
[4.640s]       |                                  [01;36m[K^~~~~~[m[K
[4.640s] [01m[K/usr/include/eigen3/Eigen/src/Core/Matrix.h:496:1:[m[K [01;36m[Knote: [m[Kin expansion of macro ‘[01m[KEIGEN_MAKE_TYPEDEFS[m[K’
[4.640s]   496 | [01;36m[KEIGEN_MAKE_TYPEDEFS[m[K(Type, TypeSuffix, 2, 2) \
[4.640s]       | [01;36m[K^~~~~~~~~~~~~~~~~~~[m[K
[4.646s] [01m[K/usr/include/eigen3/Eigen/src/Core/Matrix.h:504:1:[m[K [01;36m[Knote: [m[Kin expansion of macro ‘[01m[KEIGEN_MAKE_TYPEDEFS_ALL_SIZES[m[K’
[4.646s]   504 | [01;36m[KEIGEN_MAKE_TYPEDEFS_ALL_SIZES[m[K(int,                  i)
[4.646s]       | [01;36m[K^~~~~~~~~~~~~~~~~~~~~~~~~~~~~[m[K
[4.646s] [01m[K/home/john/Desktop/rp_ros2_rviz/include/rp_ros2_rviz/dmap.h:16:44:[m[K [01;31m[Kerror: [m[Ktemplate argument 1 is invalid
[4.646s]    16 | using Vector2iVector = std::vector<Vector2i[01;31m[K>[m[K;
[4.646s]       |                                            [01;31m[K^[m[K
[4.646s] [01m[K/home/john/Desktop/rp_ros2_rviz/include/rp_ros2_rviz/dmap.h:16:44:[m[K [01;31m[Kerror: [m[Ktemplate argument 2 is invalid
[4.646s] [01m[K/home/john/Desktop/rp_ros2_rviz/include/rp_ros2_rviz/dmap.h:19:30:[m[K [01;31m[Kerror: [m[Kexpected class-name before ‘[01m[K{[m[K’ token
[4.646s]    19 | struct DMap: public DMapGrid [01;31m[K{[m[K
[4.646s]       |                              [01;31m[K^[m[K
[4.648s] [01m[K/home/john/Desktop/rp_ros2_rviz/include/rp_ros2_rviz/dmap.h:32:21:[m[K [01;31m[Kerror: [m[K‘[01m[KVector2iVector[m[K’ does not name a type; did you mean ‘[01m[KVector2fVector[m[K’?
[4.648s]    32 |   void update(const [01;31m[KVector2iVector[m[K& obstacles);
[4.648s]       |                     [01;31m[K^~~~~~~~~~~~~~[m[K
[4.648s]       |                     [32m[KVector2fVector[m[K
[4.648s] [01m[K/home/john/Desktop/rp_ros2_rviz/include/rp_ros2_rviz/dmap.h:35:3:[m[K [01;31m[Kerror: [m[K‘[01m[KGrid_[m[K’ does not name a type; did you mean ‘[01m[KGrid[m[K’?
[4.648s]    35 |   [01;31m[KGrid_[m[K<float> distances(float max_distance=std::numeric_limits<float>::max()) const;
[4.648s]       |   [01;31m[K^~~~~[m[K
[4.648s]       |   [32m[KGrid[m[K
[4.648s] [01m[K/home/john/Desktop/rp_ros2_rviz/include/rp_ros2_rviz/dmap.h:[m[K In constructor ‘[01m[KDMap::[01;32m[KDMap[m[K(int, int)[m[K’:
[4.648s] [01m[K/home/john/Desktop/rp_ros2_rviz/include/rp_ros2_rviz/dmap.h:20:24:[m[K [01;31m[Kerror: [m[Kclass ‘[01m[KDMap[m[K’ does not have any field named ‘[01m[KDMapGrid[m[K’
[4.648s]    20 |   DMap(int r, int c) : [01;31m[KDMapGrid[m[K(r, c){}
[4.648s]       |                        [01;31m[K^~~~~~~~[m[K
[4.648s] [01m[K/home/john/Desktop/rp_ros2_rviz/include/rp_ros2_rviz/dmap.h:[m[K In member function ‘[01m[Kint DMap::[01;32m[KparentDistance[m[K(const DMapCell*) const[m[K’:
[4.648s] [01m[K/home/john/Desktop/rp_ros2_rviz/include/rp_ros2_rviz/dmap.h:25:5:[m[K [01;31m[Kerror: [m[K‘[01m[KVector2i[m[K’ was not declared in this scope; did you mean ‘[01m[KEigen::Vector2i[m[K’?
[4.648s]    25 |     [01;31m[KVector2i[m[K parent_pos=ptr2rc(c->parent);
[4.648s]       |     [01;31m[K^~~~~~~~[m[K
[4.648s]       |     [32m[KEigen::Vector2i[m[K
[4.648s] [01m[K/usr/include/eigen3/Eigen/src/Core/Matrix.h:485:34:[m[K [01;36m[Knote: [m[K‘[01m[KEigen::Vector2i[m[K’ declared here
[4.648s]   485 | typedef Matrix<Type, Size, 1>    [01;36m[KVector[m[K##SizeSuffix##TypeSuffix;  \
[4.649s]       |                                  [01;36m[K^~~~~~[m[K
[4.649s] [01m[K/usr/include/eigen3/Eigen/src/Core/Matrix.h:496:1:[m[K [01;36m[Knote: [m[Kin expansion of macro ‘[01m[KEIGEN_MAKE_TYPEDEFS[m[K’
[4.649s]   496 | [01;36m[KEIGEN_MAKE_TYPEDEFS[m[K(Type, TypeSuffix, 2, 2) \
[4.649s]       | [01;36m[K^~~~~~~~~~~~~~~~~~~[m[K
[4.649s] [01m[K/usr/include/eigen3/Eigen/src/Core/Matrix.h:504:1:[m[K [01;36m[Knote: [m[Kin expansion of macro ‘[01m[KEIGEN_MAKE_TYPEDEFS_ALL_SIZES[m[K’
[4.649s]   504 | [01;36m[KEIGEN_MAKE_TYPEDEFS_ALL_SIZES[m[K(int,                  i)
[4.649s]       | [01;36m[K^~~~~~~~~~~~~~~~~~~~~~~~~~~~~[m[K
[4.649s] [01m[K/home/john/Desktop/rp_ros2_rviz/include/rp_ros2_rviz/dmap.h:26:14:[m[K [01;31m[Kerror: [m[Kexpected ‘[01m[K;[m[K’ before ‘[01m[Kc_pos[m[K’
[4.649s]    26 |     Vector2i [01;31m[Kc_pos[m[K=ptr2rc(c);
[4.649s]       |              [01;31m[K^~~~~[m[K
[4.668s] [01m[K/home/john/Desktop/rp_ros2_rviz/include/rp_ros2_rviz/dmap.h:27:13:[m[K [01;31m[Kerror: [m[K‘[01m[Kparent_pos[m[K’ was not declared in this scope
[4.668s]    27 |     return ([01;31m[Kparent_pos[m[K-c_pos).squaredNorm();
[4.668s]       |             [01;31m[K^~~~~~~~~~[m[K
[4.685s] [01m[K/home/john/Desktop/rp_ros2_rviz/include/rp_ros2_rviz/dmap.h:27:24:[m[K [01;31m[Kerror: [m[K‘[01m[Kc_pos[m[K’ was not declared in this scope; did you mean ‘[01m[Kcos[m[K’?
[4.689s]    27 |     return (parent_pos-[01;31m[Kc_pos[m[K).squaredNorm();
[4.689s]       |                        [01;31m[K^~~~~[m[K
[4.689s]       |                        [32m[Kcos[m[K
[4.689s] [01m[K/home/john/Desktop/rp_ros2_rviz/include/rp_ros2_rviz/dmap_planner.h:[m[K At global scope:
[4.689s] [01m[K/home/john/Desktop/rp_ros2_rviz/include/rp_ros2_rviz/dmap_planner.h:9:3:[m[K [01;31m[Kerror: [m[K‘[01m[KGridMapping[m[K’ does not name a type; did you mean ‘[01m[KGridMap[m[K’?
[4.689s]     9 |   [01;31m[KGridMapping[m[K mapping; // to convert from world to grid coordinates
[4.689s]       |   [01;31m[K^~~~~~~~~~~[m[K
[4.689s]       |   [32m[KGridMap[m[K
[4.691s] [01m[K/home/john/Desktop/rp_ros2_rviz/include/rp_ros2_rviz/dmap_planner.h:10:3:[m[K [01;31m[Kerror: [m[K‘[01m[KGrid_[m[K’ does not name a type; did you mean ‘[01m[KGrid[m[K’?
[4.692s]    10 |   [01;31m[KGrid_[m[K<float> obstacle_costs; // cost of a cell based on distance
[4.692s]       |   [01;31m[K^~~~~[m[K
[4.692s]       |   [32m[KGrid[m[K
[4.695s] [01m[K/home/john/Desktop/rp_ros2_rviz/include/rp_ros2_rviz/dmap_planner.h:11:3:[m[K [01;31m[Kerror: [m[K‘[01m[KGrid_[m[K’ does not name a type; did you mean ‘[01m[KGrid[m[K’?
[4.695s]    11 |   [01;31m[KGrid_[m[K<float> distances; // useless, kept only for visualization
[4.697s]       |   [01;31m[K^~~~~[m[K
[4.697s]       |   [32m[KGrid[m[K
[4.698s] [01m[K/home/john/Desktop/rp_ros2_rviz/include/rp_ros2_rviz/dmap_planner.h:12:3:[m[K [01;31m[Kerror: [m[K‘[01m[KGrid_[m[K’ does not name a type; did you mean ‘[01m[KGrid[m[K’?
[4.698s]    12 |   [01;31m[KGrid_[m[K<float> policy; // surface pointing to the goal
[4.698s]       |   [01;31m[K^~~~~[m[K
[4.698s]       |   [32m[KGrid[m[K
[4.704s] [01m[K/home/john/Desktop/rp_ros2_rviz/include/rp_ros2_rviz/dmap_planner.h:13:3:[m[K [01;31m[Kerror: [m[K‘[01m[KGrid_[m[K’ does not name a type; did you mean ‘[01m[KGrid[m[K’?
[4.704s]    13 |   [01;31m[KGrid_[m[K<Vector2f> policy_gradients; // surface pointing to the goal
[4.704s]       |   [01;31m[K^~~~~[m[K
[4.704s]       |   [32m[KGrid[m[K
[4.706s] [01m[K/home/john/Desktop/rp_ros2_rviz/include/rp_ros2_rviz/dmap_planner.h:29:22:[m[K [01;31m[Kerror: [m[K‘[01m[KGrid_[m[K’ does not name a type; did you mean ‘[01m[KGrid[m[K’?
[4.706s]    29 |   using DijkstraGrid=[01;31m[KGrid_[m[K<DijkstraCell>;
[4.706s]       |                      [01;31m[K^~~~~[m[K
[4.706s]       |                      [32m[KGrid[m[K
[4.712s] [01m[K/home/john/Desktop/rp_ros2_rviz/include/rp_ros2_rviz/dmap_planner.h:30:3:[m[K [01;31m[Kerror: [m[K‘[01m[KDijkstraGrid[m[K’ does not name a type; did you mean ‘[01m[KDijkstraCell[m[K’?
[4.712s]    30 |   [01;31m[KDijkstraGrid[m[K d_grid;
[4.712s]       |   [01;31m[K^~~~~~~~~~~~[m[K
[4.712s]       |   [32m[KDijkstraCell[m[K
[4.713s] [01m[K/home/john/Desktop/rp_ros2_rviz/include/rp_ros2_rviz/dmap_planner.h:32:36:[m[K [01;31m[Kerror: [m[K‘[01m[KVector2i[m[K’ does not name a type; did you mean ‘[01m[KVector2f[m[K’?
[4.713s]    32 |   inline float traversalCost(const [01;31m[KVector2i[m[K& from, const Vector2i& to) const {
[4.714s]       |                                    [01;31m[K^~~~~~~~[m[K
[4.714s]       |                                    [32m[KVector2f[m[K
[4.716s] [01m[K/home/john/Desktop/rp_ros2_rviz/include/rp_ros2_rviz/dmap_planner.h:32:58:[m[K [01;31m[Kerror: [m[K‘[01m[KVector2i[m[K’ does not name a type; did you mean ‘[01m[KVector2f[m[K’?
[4.716s]    32 |   inline float traversalCost(const Vector2i& from, const [01;31m[KVector2i[m[K& to) const {
[4.717s]       |                                                          [01;31m[K^~~~~~~~[m[K
[4.717s]       |                                                          [32m[KVector2f[m[K
[4.719s] [01m[K/home/john/Desktop/rp_ros2_rviz/include/rp_ros2_rviz/dmap_planner.h:[m[K In member function ‘[01m[Kfloat DMapPlanner::[01;32m[KtraversalCost[m[K(const int&, const int&) const[m[K’:
[4.719s] [01m[K/home/john/Desktop/rp_ros2_rviz/include/rp_ros2_rviz/dmap_planner.h:33:27:[m[K [01;31m[Kerror: [m[Krequest for member ‘[01m[KsquaredNorm[m[K’ in ‘[01m[K(((int)from) - ((int)to))[m[K’, which is of non-class type ‘[01m[Kint[m[K’
[4.719s]    33 |     return sqrt((from-to).[01;31m[KsquaredNorm[m[K()) * obstacle_costs.at(to.x(), to.y());
[4.719s]       |                           [01;31m[K^~~~~~~~~~~[m[K
[4.739s] [01m[K/home/john/Desktop/rp_ros2_rviz/include/rp_ros2_rviz/dmap_planner.h:33:44:[m[K [01;31m[Kerror: [m[K‘[01m[Kobstacle_costs[m[K’ was not declared in this scope
[4.739s]    33 |     return sqrt((from-to).squaredNorm()) * [01;31m[Kobstacle_costs[m[K.at(to.x(), to.y());
[4.739s]       |                                            [01;31m[K^~~~~~~~~~~~~~[m[K
[4.739s] [01m[K/home/john/Desktop/rp_ros2_rviz/include/rp_ros2_rviz/dmap_planner.h:33:65:[m[K [01;31m[Kerror: [m[Krequest for member ‘[01m[Kx[m[K’ in ‘[01m[Kto[m[K’, which is of non-class type ‘[01m[Kconst int[m[K’
[4.739s]    33 |     return sqrt((from-to).squaredNorm()) * obstacle_costs.at(to.[01;31m[Kx[m[K(), to.y());
[4.739s]       |                                                                 [01;31m[K^[m[K
[4.740s] [01m[K/home/john/Desktop/rp_ros2_rviz/include/rp_ros2_rviz/dmap_planner.h:33:73:[m[K [01;31m[Kerror: [m[Krequest for member ‘[01m[Ky[m[K’ in ‘[01m[Kto[m[K’, which is of non-class type ‘[01m[Kconst int[m[K’
[4.740s]    33 |     return sqrt((from-to).squaredNorm()) * obstacle_costs.at(to.x(), to.[01;31m[Ky[m[K());
[4.741s]       |                                                                         [01;31m[K^[m[K
[4.790s] [01m[K/home/john/Desktop/rp_ros2_rviz/src/world_node.cpp:[m[K In constructor ‘[01m[KWorldNode::[01;32m[KWorldNode[m[K()[m[K’:
[4.790s] [01m[K/home/john/Desktop/rp_ros2_rviz/src/world_node.cpp:53:17:[m[K [01;35m[Kwarning: [m[Kunused variable ‘[01m[Kkey[m[K’ [[01;35m[K]8;;https://gcc.gnu.org/onlinedocs/gcc/Warning-Options.html#index-Wunused-variable-Wunused-variable]8;;[m[K]
[4.790s]    53 |             int [01;35m[Kkey[m[K=0;
[4.790s]       |                 [01;35m[K^~~[m[K
[4.813s] [01m[K/home/john/Desktop/rp_ros2_rviz/src/world_node.cpp:[m[K In static member function ‘[01m[Kstatic void WorldNode::[01;32m[KonMouse[m[K(int, int, int, int, void*)[m[K’:
[4.818s] [01m[K/home/john/Desktop/rp_ros2_rviz/src/world_node.cpp:145:41:[m[K [01;31m[Kerror: [m[K‘[01m[Kstruct DMapPlanner[m[K’ has no member named ‘[01m[Kmapping[m[K’
[4.818s]   145 |     Eigen::Vector2f world_pose=planner->[01;31m[Kmapping[m[K.g2w(Eigen::Vector2f(y,x));
[4.818s]       |                                         [01;31m[K^~~~~~~[m[K
[4.823s] [01m[K/home/john/Desktop/rp_ros2_rviz/src/world_node.cpp:151:28:[m[K [01;31m[Kerror: [m[K‘[01m[Kstruct DMapPlanner[m[K’ has no member named ‘[01m[Kmapping[m[K’
[4.823s]   151 |         redisplay(planner->[01;31m[Kmapping[m[K);
[4.823s]       |                            [01;31m[K^~~~~~~[m[K
[4.845s] [01m[K/home/john/Desktop/rp_ros2_rviz/src/world_node.cpp:151:9:[m[K [01;31m[Kerror: [m[K‘[01m[Kredisplay[m[K’ was not declared in this scope
[4.845s]   151 |         [01;31m[Kredisplay[m[K(planner->mapping);
[4.845s]       |         [01;31m[K^~~~~~~~~[m[K
[4.849s] [01m[K/home/john/Desktop/rp_ros2_rviz/src/world_node.cpp:153:19:[m[K [01;31m[Kerror: [m[K‘[01m[Kpath[m[K’ was not declared in this scope; did you mean ‘[01m[Krcpputils::fs::path[m[K’?
[4.849s]   153 |         printPath([01;31m[Kpath[m[K);
[4.849s]       |                   [01;31m[K^~~~[m[K
[4.849s]       |                   [32m[Krcpputils::fs::path[m[K
[4.849s] In file included from [01m[K/opt/ros/jazzy/include/rclcpp/rclcpp/logger.hpp:26[m[K,
[4.849s]                  from [01m[K/opt/ros/jazzy/include/rclcpp/rclcpp/copy_all_parameter_values.hpp:26[m[K,
[4.849s]                  from [01m[K/opt/ros/jazzy/include/rclcpp/rclcpp/rclcpp.hpp:171[m[K,
[4.849s]                  from [01m[K/home/john/Desktop/rp_ros2_rviz/src/world_node.cpp:1[m[K:
[4.849s] [01m[K/opt/ros/jazzy/include/rcpputils/rcpputils/filesystem_helper.hpp:75:7:[m[K [01;36m[Knote: [m[K‘[01m[Krcpputils::fs::path[m[K’ declared here
[4.849s]    75 | class [01;36m[Kpath[m[K
[4.849s]       |       [01;36m[K^~~~[m[K
[4.877s] [01m[K/home/john/Desktop/rp_ros2_rviz/src/world_node.cpp:153:9:[m[K [01;31m[Kerror: [m[K‘[01m[KprintPath[m[K’ was not declared in this scope
[4.877s]   153 |         [01;31m[KprintPath[m[K(path);
[4.877s]       |         [01;31m[K^~~~~~~~~[m[K
[4.877s] [01m[K/home/john/Desktop/rp_ros2_rviz/src/world_node.cpp:156:38:[m[K [01;31m[Kerror: [m[K‘[01m[Kstruct DMapPlanner[m[K’ has no member named ‘[01m[Kmapping[m[K’
[4.878s]   156 |                             planner->[01;31m[Kmapping[m[K.resolution*2,
[4.878s]       |                                      [01;31m[K^~~~~~~[m[K
[4.898s] [01m[K/home/john/Desktop/rp_ros2_rviz/src/world_node.cpp:158:29:[m[K [01;31m[Kerror: [m[K‘[01m[Kuse_gradient[m[K’ was not declared in this scope
[4.898s]   158 |                             [01;31m[Kuse_gradient[m[K);
[4.898s]       |                             [01;31m[K^~~~~~~~~~~~[m[K
[4.899s] [01m[K/home/john/Desktop/rp_ros2_rviz/src/world_node.cpp:159:28:[m[K [01;31m[Kerror: [m[K‘[01m[Kstruct DMapPlanner[m[K’ has no member named ‘[01m[Kmapping[m[K’
[4.899s]   159 |         redisplay(planner->[01;31m[Kmapping[m[K);
[4.899s]       |                            [01;31m[K^~~~~~~[m[K
[4.922s] [01m[K/home/john/Desktop/rp_ros2_rviz/src/world_node.cpp:159:9:[m[K [01;31m[Kerror: [m[K‘[01m[Kredisplay[m[K’ was not declared in this scope
[4.922s]   159 |         [01;31m[Kredisplay[m[K(planner->mapping);
[4.922s]       |         [01;31m[K^~~~~~~~~[m[K
[4.950s] [01m[K/home/john/Desktop/rp_ros2_rviz/src/world_node.cpp:169:36:[m[K [01;31m[Kerror: [m[K‘[01m[Kbackground_mode[m[K’ was not declared in this scope
[4.950s]   169 |     cerr << "background_mode= " << [01;31m[Kbackground_mode[m[K << endl;
[4.950s]       |                                    [01;31m[K^~~~~~~~~~~~~~~[m[K
[4.951s] [01m[K/home/john/Desktop/rp_ros2_rviz/src/world_node.cpp:172:45:[m[K [01;31m[Kerror: [m[K‘[01m[Kstruct DMapPlanner[m[K’ has no member named ‘[01m[Kdistances[m[K’
[4.951s]   172 |         cerr << "\r distance: " << planner->[01;31m[Kdistances[m[K.at(y,x)*planner->mapping.resolution << "        ";
[4.951s]       |                                             [01;31m[K^~~~~~~~~[m[K
[4.951s] [01m[K/home/john/Desktop/rp_ros2_rviz/src/world_node.cpp:172:72:[m[K [01;31m[Kerror: [m[K‘[01m[Kstruct DMapPlanner[m[K’ has no member named ‘[01m[Kmapping[m[K’
[4.951s]   172 |         cerr << "\r distance: " << planner->distances.at(y,x)*planner->[01;31m[Kmapping[m[K.resolution << "        ";
[4.951s]       |                                                                        [01;31m[K^~~~~~~[m[K
[4.951s] [01m[K/home/john/Desktop/rp_ros2_rviz/src/world_node.cpp:175:41:[m[K [01;31m[Kerror: [m[K‘[01m[Kstruct DMapPlanner[m[K’ has no member named ‘[01m[Kobstacle_costs[m[K’
[4.951s]   175 |         cerr << "\r cost: " << planner->[01;31m[Kobstacle_costs[m[K.at(y,x) << "        ";
[4.952s]       |                                         [01;31m[K^~~~~~~~~~~~~~[m[K
[4.968s] [01m[K/home/john/Desktop/rp_ros2_rviz/src/world_node.cpp:179:31:[m[K [01;31m[Kerror: [m[K‘[01m[Kstruct DMapPlanner[m[K’ has no member named ‘[01m[Kd_grid[m[K’
[4.968s]   179 |         auto &d_cell=planner->[01;31m[Kd_grid[m[K.at(y,x);
[4.968s]       |                               [01;31m[K^~~~~~[m[K
[4.968s] [01m[K/home/john/Desktop/rp_ros2_rviz/src/world_node.cpp:181:29:[m[K [01;31m[Kerror: [m[K‘[01m[Kstruct DMapPlanner[m[K’ has no member named ‘[01m[Kd_grid[m[K’
[4.968s]   181 |         parent_pos=planner->[01;31m[Kd_grid[m[K.ptr2rc(d_cell.parent);
[4.968s]       |                             [01;31m[K^~~~~~[m[K
[4.968s] [01m[K/home/john/Desktop/rp_ros2_rviz/src/world_node.cpp:182:72:[m[K [01;31m[Kerror: [m[K‘[01m[Kstruct DMapPlanner[m[K’ has no member named ‘[01m[Kpolicy[m[K’; did you mean ‘[01m[Kpolicy_ok[m[K’?
[4.968s]   182 |         cerr << "\r policy: " << y << " " << x << " val: " << planner->[01;31m[Kpolicy[m[K.at(y,x) << " parent: " << parent_pos.transpose() << "             ";
[4.968s]       |                                                                        [01;31m[K^~~~~~[m[K
[4.968s]       |                                                                        [32m[Kpolicy_ok[m[K
[4.977s] [01m[K/home/john/Desktop/rp_ros2_rviz/src/world_node.cpp:142:54:[m[K [01;35m[Kwarning: [m[Kunused parameter ‘[01m[Kval[m[K’ [[01;35m[K]8;;https://gcc.gnu.org/onlinedocs/gcc/Warning-Options.html#index-Wunused-parameter-Wunused-parameter]8;;[m[K]
[4.977s]   142 |     static void onMouse(int event, int x, int y, [01;35m[Kint val[m[K, void* arg) {
[4.977s]       |                                                  [01;35m[K~~~~^~~[m[K
[7.930s] gmake[2]: *** [CMakeFiles/world_node.dir/build.make:76: CMakeFiles/world_node.dir/src/world_node.cpp.o] Error 1
[7.931s] gmake[1]: *** [CMakeFiles/Makefile2:165: CMakeFiles/world_node.dir/all] Error 2
[7.933s] gmake: *** [Makefile:146: all] Error 2
[7.996s] Invoked command in '/home/john/Desktop/rp_ros2_rviz/build/rp_ros2_rviz' returned '2': CMAKE_PREFIX_PATH=${CMAKE_PREFIX_PATH}:/opt/ros/jazzy DEBUGINFOD_URLS=https://debuginfod.ubuntu.com /usr/bin/cmake --build /home/john/Desktop/rp_ros2_rviz/build/rp_ros2_rviz -- -j4 -l4
