[0.085s] DEBUG:colcon:Command line arguments: ['/usr/bin/colcon', 'build']
[0.085s] DEBUG:colcon:Parsed command line arguments: Namespace(log_base=None, log_level=None, verb_name='build', build_base='build', install_base='install', merge_install=False, symlink_install=False, test_result_base=None, continue_on_error=False, executor='parallel', parallel_workers=4, event_handlers=None, ignore_user_meta=False, metas=['./colcon.meta'], base_paths=['.'], packages_ignore=None, packages_ignore_regex=None, paths=None, packages_up_to=None, packages_up_to_regex=None, packages_above=None, packages_above_and_dependencies=None, packages_above_depth=None, packages_select_by_dep=None, packages_skip_by_dep=None, packages_skip_up_to=None, packages_select_build_failed=False, packages_skip_build_finished=False, packages_select_test_failures=False, packages_skip_test_passed=False, packages_select=None, packages_skip=None, packages_select_regex=None, packages_skip_regex=None, packages_start=None, packages_end=None, allow_overriding=[], cmake_args=None, cmake_target=None, cmake_target_skip_unavailable=False, cmake_clean_cache=False, cmake_clean_first=False, cmake_force_configure=False, ament_cmake_args=None, catkin_cmake_args=None, catkin_skip_building_tests=False, mixin_files=None, mixin=None, verb_parser=<colcon_mixin.mixin.mixin_argument.MixinArgumentDecorator object at 0xe5954d7a4b00>, verb_extension=<colcon_core.verb.build.BuildVerb object at 0xe5954d988a10>, main=<bound method BuildVerb.main of <colcon_core.verb.build.BuildVerb object at 0xe5954d988a10>>, mixin_verb=('build',))
[0.119s] Level 1:colcon.colcon_core.package_discovery:discover_packages(colcon_meta) check parameters
[0.119s] Level 1:colcon.colcon_core.package_discovery:discover_packages(recursive) check parameters
[0.119s] Level 1:colcon.colcon_core.package_discovery:discover_packages(ignore) check parameters
[0.119s] Level 1:colcon.colcon_core.package_discovery:discover_packages(path) check parameters
[0.119s] Level 1:colcon.colcon_core.package_discovery:discover_packages(colcon_meta) discover
[0.119s] Level 1:colcon.colcon_core.package_discovery:discover_packages(recursive) discover
[0.119s] INFO:colcon.colcon_core.package_discovery:Crawling recursively for packages in '/home/john/Desktop/path_ros/rp_ros2_rviz'
[0.119s] Level 1:colcon.colcon_core.package_identification:_identify(.) by extensions ['ignore', 'ignore_ament_install']
[0.119s] Level 1:colcon.colcon_core.package_identification:_identify(.) by extension 'ignore'
[0.119s] Level 1:colcon.colcon_core.package_identification:_identify(.) by extension 'ignore_ament_install'
[0.119s] Level 1:colcon.colcon_core.package_identification:_identify(.) by extensions ['colcon_pkg']
[0.119s] Level 1:colcon.colcon_core.package_identification:_identify(.) by extension 'colcon_pkg'
[0.119s] Level 1:colcon.colcon_core.package_identification:_identify(.) by extensions ['colcon_meta']
[0.119s] Level 1:colcon.colcon_core.package_identification:_identify(.) by extension 'colcon_meta'
[0.120s] Level 1:colcon.colcon_core.package_identification:_identify(.) by extensions ['ros']
[0.120s] Level 1:colcon.colcon_core.package_identification:_identify(.) by extension 'ros'
[0.148s] DEBUG:colcon.colcon_core.package_identification:Package '.' with type 'ros.ament_cmake' and name 'rp_ros2_rviz'
[0.148s] Level 1:colcon.colcon_core.package_discovery:discover_packages(recursive) using defaults
[0.148s] Level 1:colcon.colcon_core.package_discovery:discover_packages(ignore) discover
[0.149s] Level 1:colcon.colcon_core.package_discovery:discover_packages(ignore) using defaults
[0.149s] Level 1:colcon.colcon_core.package_discovery:discover_packages(path) discover
[0.149s] Level 1:colcon.colcon_core.package_discovery:discover_packages(path) using defaults
[0.165s] Level 1:colcon.colcon_core.package_discovery:discover_packages(prefix_path) check parameters
[0.165s] Level 1:colcon.colcon_core.package_discovery:discover_packages(prefix_path) discover
[0.167s] DEBUG:colcon.colcon_installed_package_information.package_discovery:Found 285 installed packages in /opt/ros/jazzy
[0.168s] Level 1:colcon.colcon_core.package_discovery:discover_packages(prefix_path) using defaults
[0.202s] Level 5:colcon.colcon_core.verb:set package 'rp_ros2_rviz' build argument 'cmake_args' from command line to 'None'
[0.202s] Level 5:colcon.colcon_core.verb:set package 'rp_ros2_rviz' build argument 'cmake_target' from command line to 'None'
[0.202s] Level 5:colcon.colcon_core.verb:set package 'rp_ros2_rviz' build argument 'cmake_target_skip_unavailable' from command line to 'False'
[0.202s] Level 5:colcon.colcon_core.verb:set package 'rp_ros2_rviz' build argument 'cmake_clean_cache' from command line to 'False'
[0.202s] Level 5:colcon.colcon_core.verb:set package 'rp_ros2_rviz' build argument 'cmake_clean_first' from command line to 'False'
[0.202s] Level 5:colcon.colcon_core.verb:set package 'rp_ros2_rviz' build argument 'cmake_force_configure' from command line to 'False'
[0.202s] Level 5:colcon.colcon_core.verb:set package 'rp_ros2_rviz' build argument 'ament_cmake_args' from command line to 'None'
[0.202s] Level 5:colcon.colcon_core.verb:set package 'rp_ros2_rviz' build argument 'catkin_cmake_args' from command line to 'None'
[0.202s] Level 5:colcon.colcon_core.verb:set package 'rp_ros2_rviz' build argument 'catkin_skip_building_tests' from command line to 'False'
[0.202s] DEBUG:colcon.colcon_core.verb:Building package 'rp_ros2_rviz' with the following arguments: {'ament_cmake_args': None, 'build_base': '/home/john/Desktop/path_ros/rp_ros2_rviz/build/rp_ros2_rviz', 'catkin_cmake_args': None, 'catkin_skip_building_tests': False, 'cmake_args': None, 'cmake_clean_cache': False, 'cmake_clean_first': False, 'cmake_force_configure': False, 'cmake_target': None, 'cmake_target_skip_unavailable': False, 'install_base': '/home/john/Desktop/path_ros/rp_ros2_rviz/install/rp_ros2_rviz', 'merge_install': False, 'path': '/home/john/Desktop/path_ros/rp_ros2_rviz', 'symlink_install': False, 'test_result_base': None}
[0.202s] INFO:colcon.colcon_core.executor:Executing jobs using 'parallel' executor
[0.204s] DEBUG:colcon.colcon_parallel_executor.executor.parallel:run_until_complete
[0.204s] INFO:colcon.colcon_ros.task.ament_cmake.build:Building ROS package in '/home/john/Desktop/path_ros/rp_ros2_rviz' with build type 'ament_cmake'
[0.204s] INFO:colcon.colcon_cmake.task.cmake.build:Building CMake package in '/home/john/Desktop/path_ros/rp_ros2_rviz'
[0.205s] INFO:colcon.colcon_core.plugin_system:Skipping extension 'colcon_core.shell.bat': Not used on non-Windows systems
[0.206s] INFO:colcon.colcon_core.shell:Skip shell extension 'powershell' for command environment: Not usable outside of PowerShell
[0.206s] DEBUG:colcon.colcon_core.shell:Skip shell extension 'dsv' for command environment
[0.222s] DEBUG:colcon.colcon_core.event_handler.log_command:Invoking command in '/home/john/Desktop/path_ros/rp_ros2_rviz/build/rp_ros2_rviz': CMAKE_PREFIX_PATH=${CMAKE_PREFIX_PATH}:/opt/ros/jazzy DEBUGINFOD_URLS=https://debuginfod.ubuntu.com /usr/bin/cmake --build /home/john/Desktop/path_ros/rp_ros2_rviz/build/rp_ros2_rviz -- -j4 -l4
[8.789s] DEBUG:colcon.colcon_core.event_handler.log_command:Invoked command in '/home/john/Desktop/path_ros/rp_ros2_rviz/build/rp_ros2_rviz' returned '0': CMAKE_PREFIX_PATH=${CMAKE_PREFIX_PATH}:/opt/ros/jazzy DEBUGINFOD_URLS=https://debuginfod.ubuntu.com /usr/bin/cmake --build /home/john/Desktop/path_ros/rp_ros2_rviz/build/rp_ros2_rviz -- -j4 -l4
[8.806s] DEBUG:colcon.colcon_core.event_handler.log_command:Invoking command in '/home/john/Desktop/path_ros/rp_ros2_rviz/build/rp_ros2_rviz': CMAKE_PREFIX_PATH=${CMAKE_PREFIX_PATH}:/opt/ros/jazzy DEBUGINFOD_URLS=https://debuginfod.ubuntu.com /usr/bin/cmake --install /home/john/Desktop/path_ros/rp_ros2_rviz/build/rp_ros2_rviz
[8.842s] Level 1:colcon.colcon_core.environment:create_environment_scripts_only(rp_ros2_rviz)
[8.842s] DEBUG:colcon.colcon_core.event_handler.log_command:Invoked command in '/home/john/Desktop/path_ros/rp_ros2_rviz/build/rp_ros2_rviz' returned '0': CMAKE_PREFIX_PATH=${CMAKE_PREFIX_PATH}:/opt/ros/jazzy DEBUGINFOD_URLS=https://debuginfod.ubuntu.com /usr/bin/cmake --install /home/john/Desktop/path_ros/rp_ros2_rviz/build/rp_ros2_rviz
[8.866s] Level 1:colcon.colcon_core.environment:checking '/home/john/Desktop/path_ros/rp_ros2_rviz/install/rp_ros2_rviz' for CMake module files
[8.866s] Level 1:colcon.colcon_core.environment:checking '/home/john/Desktop/path_ros/rp_ros2_rviz/install/rp_ros2_rviz' for CMake config files
[8.866s] Level 1:colcon.colcon_core.shell:create_environment_hook('rp_ros2_rviz', 'cmake_prefix_path')
[8.867s] INFO:colcon.colcon_core.shell:Creating environment hook '/home/john/Desktop/path_ros/rp_ros2_rviz/install/rp_ros2_rviz/share/rp_ros2_rviz/hook/cmake_prefix_path.ps1'
[8.870s] INFO:colcon.colcon_core.shell:Creating environment descriptor '/home/john/Desktop/path_ros/rp_ros2_rviz/install/rp_ros2_rviz/share/rp_ros2_rviz/hook/cmake_prefix_path.dsv'
[8.871s] INFO:colcon.colcon_core.shell:Creating environment hook '/home/john/Desktop/path_ros/rp_ros2_rviz/install/rp_ros2_rviz/share/rp_ros2_rviz/hook/cmake_prefix_path.sh'
[8.873s] Level 1:colcon.colcon_core.environment:checking '/home/john/Desktop/path_ros/rp_ros2_rviz/install/rp_ros2_rviz/lib'
[8.873s] Level 1:colcon.colcon_core.environment:checking '/home/john/Desktop/path_ros/rp_ros2_rviz/install/rp_ros2_rviz/bin'
[8.873s] Level 1:colcon.colcon_core.environment:checking '/home/john/Desktop/path_ros/rp_ros2_rviz/install/rp_ros2_rviz/lib/pkgconfig/rp_ros2_rviz.pc'
[8.873s] Level 1:colcon.colcon_core.environment:checking '/home/john/Desktop/path_ros/rp_ros2_rviz/install/rp_ros2_rviz/lib/python3.12/site-packages'
[8.874s] Level 1:colcon.colcon_core.environment:checking '/home/john/Desktop/path_ros/rp_ros2_rviz/install/rp_ros2_rviz/bin'
[8.874s] INFO:colcon.colcon_core.shell:Creating package script '/home/john/Desktop/path_ros/rp_ros2_rviz/install/rp_ros2_rviz/share/rp_ros2_rviz/package.ps1'
[8.875s] INFO:colcon.colcon_core.shell:Creating package descriptor '/home/john/Desktop/path_ros/rp_ros2_rviz/install/rp_ros2_rviz/share/rp_ros2_rviz/package.dsv'
[8.876s] INFO:colcon.colcon_core.shell:Creating package script '/home/john/Desktop/path_ros/rp_ros2_rviz/install/rp_ros2_rviz/share/rp_ros2_rviz/package.sh'
[8.878s] INFO:colcon.colcon_core.shell:Creating package script '/home/john/Desktop/path_ros/rp_ros2_rviz/install/rp_ros2_rviz/share/rp_ros2_rviz/package.bash'
[8.879s] INFO:colcon.colcon_core.shell:Creating package script '/home/john/Desktop/path_ros/rp_ros2_rviz/install/rp_ros2_rviz/share/rp_ros2_rviz/package.zsh'
[8.881s] Level 1:colcon.colcon_core.environment:create_file_with_runtime_dependencies(/home/john/Desktop/path_ros/rp_ros2_rviz/install/rp_ros2_rviz/share/colcon-core/packages/rp_ros2_rviz)
[8.882s] Level 1:colcon.colcon_core.environment:create_environment_scripts_only(rp_ros2_rviz)
[8.882s] Level 1:colcon.colcon_core.environment:checking '/home/john/Desktop/path_ros/rp_ros2_rviz/install/rp_ros2_rviz' for CMake module files
[8.882s] Level 1:colcon.colcon_core.environment:checking '/home/john/Desktop/path_ros/rp_ros2_rviz/install/rp_ros2_rviz' for CMake config files
[8.882s] Level 1:colcon.colcon_core.shell:create_environment_hook('rp_ros2_rviz', 'cmake_prefix_path')
[8.883s] INFO:colcon.colcon_core.shell:Creating environment hook '/home/john/Desktop/path_ros/rp_ros2_rviz/install/rp_ros2_rviz/share/rp_ros2_rviz/hook/cmake_prefix_path.ps1'
[8.883s] INFO:colcon.colcon_core.shell:Creating environment descriptor '/home/john/Desktop/path_ros/rp_ros2_rviz/install/rp_ros2_rviz/share/rp_ros2_rviz/hook/cmake_prefix_path.dsv'
[8.890s] INFO:colcon.colcon_core.shell:Creating environment hook '/home/john/Desktop/path_ros/rp_ros2_rviz/install/rp_ros2_rviz/share/rp_ros2_rviz/hook/cmake_prefix_path.sh'
[8.891s] Level 1:colcon.colcon_core.environment:checking '/home/john/Desktop/path_ros/rp_ros2_rviz/install/rp_ros2_rviz/lib'
[8.891s] Level 1:colcon.colcon_core.environment:checking '/home/john/Desktop/path_ros/rp_ros2_rviz/install/rp_ros2_rviz/bin'
[8.891s] Level 1:colcon.colcon_core.environment:checking '/home/john/Desktop/path_ros/rp_ros2_rviz/install/rp_ros2_rviz/lib/pkgconfig/rp_ros2_rviz.pc'
[8.891s] Level 1:colcon.colcon_core.environment:checking '/home/john/Desktop/path_ros/rp_ros2_rviz/install/rp_ros2_rviz/lib/python3.12/site-packages'
[8.892s] Level 1:colcon.colcon_core.environment:checking '/home/john/Desktop/path_ros/rp_ros2_rviz/install/rp_ros2_rviz/bin'
[8.892s] INFO:colcon.colcon_core.shell:Creating package script '/home/john/Desktop/path_ros/rp_ros2_rviz/install/rp_ros2_rviz/share/rp_ros2_rviz/package.ps1'
[8.893s] INFO:colcon.colcon_core.shell:Creating package descriptor '/home/john/Desktop/path_ros/rp_ros2_rviz/install/rp_ros2_rviz/share/rp_ros2_rviz/package.dsv'
[8.895s] INFO:colcon.colcon_core.shell:Creating package script '/home/john/Desktop/path_ros/rp_ros2_rviz/install/rp_ros2_rviz/share/rp_ros2_rviz/package.sh'
[8.896s] INFO:colcon.colcon_core.shell:Creating package script '/home/john/Desktop/path_ros/rp_ros2_rviz/install/rp_ros2_rviz/share/rp_ros2_rviz/package.bash'
[8.897s] INFO:colcon.colcon_core.shell:Creating package script '/home/john/Desktop/path_ros/rp_ros2_rviz/install/rp_ros2_rviz/share/rp_ros2_rviz/package.zsh'
[8.898s] Level 1:colcon.colcon_core.environment:create_file_with_runtime_dependencies(/home/john/Desktop/path_ros/rp_ros2_rviz/install/rp_ros2_rviz/share/colcon-core/packages/rp_ros2_rviz)
[8.898s] DEBUG:colcon.colcon_parallel_executor.executor.parallel:closing loop
[8.899s] DEBUG:colcon.colcon_parallel_executor.executor.parallel:loop closed
[8.899s] DEBUG:colcon.colcon_parallel_executor.executor.parallel:run_until_complete finished with '0'
[8.899s] DEBUG:colcon.colcon_core.event_reactor:joining thread
[8.920s] INFO:colcon.colcon_core.plugin_system:Skipping extension 'colcon_notification.desktop_notification.terminal_notifier': Not used on non-Darwin systems
[8.920s] INFO:colcon.colcon_core.plugin_system:Skipping extension 'colcon_notification.desktop_notification.win32': Not used on non-Windows systems
[8.920s] INFO:colcon.colcon_notification.desktop_notification:Sending desktop notification using 'notify2'
[8.965s] DEBUG:colcon.colcon_core.event_reactor:joined thread
[8.965s] INFO:colcon.colcon_core.shell:Creating prefix script '/home/john/Desktop/path_ros/rp_ros2_rviz/install/local_setup.ps1'
[8.967s] INFO:colcon.colcon_core.shell:Creating prefix util module '/home/john/Desktop/path_ros/rp_ros2_rviz/install/_local_setup_util_ps1.py'
[8.969s] INFO:colcon.colcon_core.shell:Creating prefix chain script '/home/john/Desktop/path_ros/rp_ros2_rviz/install/setup.ps1'
[8.970s] INFO:colcon.colcon_core.shell:Creating prefix script '/home/john/Desktop/path_ros/rp_ros2_rviz/install/local_setup.sh'
[8.972s] INFO:colcon.colcon_core.shell:Creating prefix util module '/home/john/Desktop/path_ros/rp_ros2_rviz/install/_local_setup_util_sh.py'
[8.973s] INFO:colcon.colcon_core.shell:Creating prefix chain script '/home/john/Desktop/path_ros/rp_ros2_rviz/install/setup.sh'
[8.975s] INFO:colcon.colcon_core.shell:Creating prefix script '/home/john/Desktop/path_ros/rp_ros2_rviz/install/local_setup.bash'
[8.977s] INFO:colcon.colcon_core.shell:Creating prefix chain script '/home/john/Desktop/path_ros/rp_ros2_rviz/install/setup.bash'
[8.979s] INFO:colcon.colcon_core.shell:Creating prefix script '/home/john/Desktop/path_ros/rp_ros2_rviz/install/local_setup.zsh'
[8.981s] INFO:colcon.colcon_core.shell:Creating prefix chain script '/home/john/Desktop/path_ros/rp_ros2_rviz/install/setup.zsh'
