[0.008s] Invoking command in '/home/john/Desktop/rp_ros2_rviz/build/rp_ros2_rviz': CMAKE_PREFIX_PATH=${CMAKE_PREFIX_PATH}:/opt/ros/foxy /usr/bin/cmake --build /home/john/Desktop/rp_ros2_rviz/build/rp_ros2_rviz -- -j4 -l4
[0.049s] [35m[1mScanning dependencies of target world_node[0m
[0.055s] [ 20%] Built target controller_node
[0.074s] [ 40%] Built target pathplanner_node
[0.078s] [ 60%] Built target mapserver
[0.082s] [ 80%] Built target particle_node_filter
[0.089s] [ 84%] [32mBuilding CXX object CMakeFiles/world_node.dir/src/world_node.cpp.o[0m
[1.704s] In file included from [01m[K/opt/ros/foxy/include/rclcpp/service.hpp:34[m[K,
[1.705s]                  from [01m[K/opt/ros/foxy/include/rclcpp/callback_group.hpp:25[m[K,
[1.705s]                  from [01m[K/opt/ros/foxy/include/rclcpp/any_executable.hpp:20[m[K,
[1.705s]                  from [01m[K/opt/ros/foxy/include/rclcpp/memory_strategy.hpp:24[m[K,
[1.705s]                  from [01m[K/opt/ros/foxy/include/rclcpp/memory_strategies.hpp:18[m[K,
[1.705s]                  from [01m[K/opt/ros/foxy/include/rclcpp/executor_options.hpp:20[m[K,
[1.705s]                  from [01m[K/opt/ros/foxy/include/rclcpp/executor.hpp:33[m[K,
[1.705s]                  from [01m[K/opt/ros/foxy/include/rclcpp/executors/multi_threaded_executor.hpp:26[m[K,
[1.705s]                  from [01m[K/opt/ros/foxy/include/rclcpp/executors.hpp:21[m[K,
[1.705s]                  from [01m[K/opt/ros/foxy/include/rclcpp/rclcpp.hpp:146[m[K,
[1.705s]                  from [01m[K/home/john/Desktop/rp_ros2_rviz/include/rp_ros2_rviz/world.h:2[m[K,
[1.705s]                  from [01m[K/home/john/Desktop/rp_ros2_rviz/src/world_node.cpp:1[m[K:
[1.705s] [01m[K/home/john/Desktop/rp_ros2_rviz/include/rp_ros2_rviz/world.h:84:5:[m[K [01;31m[Kerror: [m[Kexpected unqualified-id before ‘[01m[Kdo[m[K’
[1.705s]    84 |     [01;31m[KRCLCPP_INFO[m[K(this->get_logger(), "WorldNode started");
[1.705s]       |     [01;31m[K^~~~~~~~~~~[m[K
[1.705s] [01m[K/home/john/Desktop/rp_ros2_rviz/include/rp_ros2_rviz/world.h:84:5:[m[K [01;31m[Kerror: [m[Kexpected unqualified-id before ‘[01m[Kwhile[m[K’
[1.705s]    84 |     [01;31m[KRCLCPP_INFO[m[K(this->get_logger(), "WorldNode started");
[1.705s]       |     [01;31m[K^~~~~~~~~~~[m[K
[1.711s] In file included from [01m[K/home/john/Desktop/rp_ros2_rviz/src/world_node.cpp:1[m[K:
[1.711s] [01m[K/home/john/Desktop/rp_ros2_rviz/include/rp_ros2_rviz/world.h:86:5:[m[K [01;31m[Kerror: [m[K‘[01m[Klaser_pub_[m[K’ does not name a type
[1.711s]    86 |     [01;31m[Klaser_pub_[m[K = this->create_publisher<sensor_msgs::msg::LaserScan>("scan", 10);
[1.711s]       |     [01;31m[K^~~~~~~~~~[m[K
[1.717s] [01m[K/home/john/Desktop/rp_ros2_rviz/include/rp_ros2_rviz/world.h:87:5:[m[K [01;31m[Kerror: [m[K‘[01m[Kodom_publisher_[m[K’ does not name a type; did you mean ‘[01m[Krcl_publisher_t[m[K’?
[1.717s]    87 |     [01;31m[Kodom_publisher_[m[K = this->create_publisher<nav_msgs::msg::Odometry>("odom", 10);
[1.718s]       |     [01;31m[K^~~~~~~~~~~~~~~[m[K
[1.718s]       |     [32m[Krcl_publisher_t[m[K
[1.723s] [01m[K/home/john/Desktop/rp_ros2_rviz/include/rp_ros2_rviz/world.h:88:5:[m[K [01;31m[Kerror: [m[K‘[01m[Kpublisher_[m[K’ does not name a type; did you mean ‘[01m[Krcl_publisher_t[m[K’?
[1.723s]    88 |     [01;31m[Kpublisher_[m[K = this->create_publisher<std_msgs::msg::String>("PathImage", 10);
[1.723s]       |     [01;31m[K^~~~~~~~~~[m[K
[1.723s]       |     [32m[Krcl_publisher_t[m[K
[1.729s] [01m[K/home/john/Desktop/rp_ros2_rviz/include/rp_ros2_rviz/world.h:89:5:[m[K [01;31m[Kerror: [m[K‘[01m[Kgoal_publisher_[m[K’ does not name a type; did you mean ‘[01m[Krcl_publisher_t[m[K’?
[1.729s]    89 |     [01;31m[Kgoal_publisher_[m[K = this->create_publisher<geometry_msgs::msg::Point>("goal_point", 10);
[1.729s]       |     [01;31m[K^~~~~~~~~~~~~~~[m[K
[1.729s]       |     [32m[Krcl_publisher_t[m[K
[1.738s] [01m[K/home/john/Desktop/rp_ros2_rviz/include/rp_ros2_rviz/world.h:90:5:[m[K [01;31m[Kerror: [m[K‘[01m[Kcontroller_stop_publisher_[m[K’ does not name a type
[1.738s]    90 |     [01;31m[Kcontroller_stop_publisher_[m[K = this->create_publisher<std_msgs::msg::Bool>("stop_controller", 10);
[1.738s]       |     [01;31m[K^~~~~~~~~~~~~~~~~~~~~~~~~~[m[K
[1.744s] [01m[K/home/john/Desktop/rp_ros2_rviz/include/rp_ros2_rviz/world.h:91:5:[m[K [01;31m[Kerror: [m[K‘[01m[Krobot_publisher_[m[K’ does not name a type; did you mean ‘[01m[Krcl_publisher_t[m[K’?
[1.744s]    91 |     [01;31m[Krobot_publisher_[m[K = this->create_publisher<geometry_msgs::msg::Point>("Robot", 10);
[1.744s]       |     [01;31m[K^~~~~~~~~~~~~~~~[m[K
[1.744s]       |     [32m[Krcl_publisher_t[m[K
[1.752s] [01m[K/home/john/Desktop/rp_ros2_rviz/include/rp_ros2_rviz/world.h:93:5:[m[K [01;31m[Kerror: [m[K‘[01m[Kbool_subscriber_[m[K’ does not name a type
[1.752s]    93 |     [01;31m[Kbool_subscriber_[m[K = this->create_subscription<std_msgs::msg::Bool>(
[1.752s]       |     [01;31m[K^~~~~~~~~~~~~~~~[m[K
[1.760s] [01m[K/home/john/Desktop/rp_ros2_rviz/include/rp_ros2_rviz/world.h:96:5:[m[K [01;31m[Kerror: [m[K‘[01m[Kstep_pose_sub_[m[K’ does not name a type
[1.760s]    96 |     [01;31m[Kstep_pose_sub_[m[K = this->create_subscription<geometry_msgs::msg::Pose>(
[1.761s]       |     [01;31m[K^~~~~~~~~~~~~~[m[K
[1.764s] [01m[K/home/john/Desktop/rp_ros2_rviz/include/rp_ros2_rviz/world.h:100:5:[m[K [01;31m[Kerror: [m[K‘[01m[Kmap_sub_[m[K’ does not name a type
[1.764s]   100 |     [01;31m[Kmap_sub_[m[K = this->create_subscription<nav_msgs::msg::OccupancyGrid>(
[1.764s]       |     [01;31m[K^~~~~~~~[m[K
[1.773s] [01m[K/home/john/Desktop/rp_ros2_rviz/include/rp_ros2_rviz/world.h:104:5:[m[K [01;31m[Kerror: [m[K‘[01m[Kparticle_sub_[m[K’ does not name a type
[1.773s]   104 |     [01;31m[Kparticle_sub_[m[K = this->create_subscription<geometry_msgs::msg::PoseArray>(
[1.773s]       |     [01;31m[K^~~~~~~~~~~~~[m[K
[1.773s] [01m[K/home/john/Desktop/rp_ros2_rviz/include/rp_ros2_rviz/world.h:108:10:[m[K [01;31m[Kerror: [m[Kexpected unqualified-id before ‘[01m[K)[m[K’ token
[1.773s]   108 |         }[01;31m[K)[m[K;
[1.773s]       |          [01;31m[K^[m[K
[1.777s] [01m[K/home/john/Desktop/rp_ros2_rviz/include/rp_ros2_rviz/world.h:111:5:[m[K [01;31m[Kerror: [m[K‘[01m[Kmy_robot[m[K’ does not name a type
[1.777s]   111 |     [01;31m[Kmy_robot[m[K = std::make_unique<Robot>(351,251, 0, 1);
[1.777s]       |     [01;31m[K^~~~~~~~[m[K
[1.778s] [01m[K/home/john/Desktop/rp_ros2_rviz/include/rp_ros2_rviz/world.h:113:5:[m[K [01;31m[Kerror: [m[K‘[01m[Ktimer_[m[K’ does not name a type; did you mean ‘[01m[Ktimer_t[m[K’?
[1.778s]   113 |     [01;31m[Ktimer_[m[K = this->create_wall_timer(
[1.778s]       |     [01;31m[K^~~~~~[m[K
[1.778s]       |     [32m[Ktimer_t[m[K
[1.779s] [01m[K/home/john/Desktop/rp_ros2_rviz/src/world_node.cpp:6:7:[m[K [01;31m[Kerror: [m[Kredefinition of ‘[01m[Kclass WorldNode[m[K’
[1.779s]     6 | class [01;31m[KWorldNode[m[K : public rclcpp::Node {
[1.779s]       |       [01;31m[K^~~~~~~~~[m[K
[1.779s] In file included from [01m[K/home/john/Desktop/rp_ros2_rviz/src/world_node.cpp:1[m[K:
[1.779s] [01m[K/home/john/Desktop/rp_ros2_rviz/include/rp_ros2_rviz/world.h:22:7:[m[K [01;36m[Knote: [m[Kprevious definition of ‘[01m[Kclass WorldNode[m[K’
[1.779s]    22 | class [01;36m[KWorldNode[m[K : public rclcpp::Node {
[1.779s]       |       [01;36m[K^~~~~~~~~[m[K
[1.966s] [01m[K/home/john/Desktop/rp_ros2_rviz/src/world_node.cpp:[m[K In member function ‘[01m[Kvoid WorldNode::redisplay()[m[K’:
[1.966s] [01m[K/home/john/Desktop/rp_ros2_rviz/src/world_node.cpp:283:25:[m[K [01;35m[Kwarning: [m[Kunused variable ‘[01m[Kx[m[K’ [[01;35m[K-Wunused-variable[m[K]
[1.966s]   283 |                     int [01;35m[Kx[m[K = static_cast<int>(pose.position.x);
[1.966s]       |                         [01;35m[K^[m[K
[1.966s] [01m[K/home/john/Desktop/rp_ros2_rviz/src/world_node.cpp:284:25:[m[K [01;35m[Kwarning: [m[Kunused variable ‘[01m[Ky[m[K’ [[01;35m[K-Wunused-variable[m[K]
[1.966s]   284 |                     int [01;35m[Ky[m[K = static_cast<int>(pose.position.y);
[1.966s]       |                         [01;35m[K^[m[K
[1.974s] [01m[K/home/john/Desktop/rp_ros2_rviz/src/world_node.cpp:[m[K At global scope:
[1.974s] [01m[K/home/john/Desktop/rp_ros2_rviz/src/world_node.cpp:381:75:[m[K [01;31m[Kerror: [m[Kcannot declare member function ‘[01m[Kstatic void WorldNode::onMouse(int, int, int, int, void*)[m[K’ to have static linkage [[01;31m[K-fpermissive[m[K]
[1.974s]   381 |     static void WorldNode::onMouse(int event, int x, int y, int, void* arg[01;31m[K)[m[K {
[1.974s]       |                                                                           [01;31m[K^[m[K
[1.987s] [01m[K/home/john/Desktop/rp_ros2_rviz/src/world_node.cpp:[m[K In function ‘[01m[Kint main(int, char**)[m[K’:
[1.987s] [01m[K/home/john/Desktop/rp_ros2_rviz/src/world_node.cpp:484:48:[m[K [01;31m[Kerror: [m[K‘[01m[Kstatic void WorldNode::onMouse(int, int, int, int, void*)[m[K’ is private within this context
[1.987s]   484 |     cv::setMouseCallback("planner", WorldNode::[01;31m[KonMouse[m[K, node.get());
[1.987s]       |                                                [01;31m[K^~~~~~~[m[K
[1.987s] [01m[K/home/john/Desktop/rp_ros2_rviz/src/world_node.cpp:381:17:[m[K [01;36m[Knote: [m[Kdeclared private here
[1.987s]   381 |     static void [01;36m[KWorldNode[m[K::onMouse(int event, int x, int y, int, void* arg) {
[1.987s]       |                 [01;36m[K^~~~~~~~~[m[K
[1.988s] [01m[K/home/john/Desktop/rp_ros2_rviz/src/world_node.cpp:490:25:[m[K [01;31m[Kerror: [m[K‘[01m[Kvoid WorldNode::redisplay()[m[K’ is private within this context
[1.988s]   490 |         node->redisplay([01;31m[K)[m[K;
[1.988s]       |                         [01;31m[K^[m[K
[1.988s] [01m[K/home/john/Desktop/rp_ros2_rviz/src/world_node.cpp:262:10:[m[K [01;36m[Knote: [m[Kdeclared private here
[1.988s]   262 |     void [01;36m[KWorldNode[m[K::redisplay() {
[1.988s]       |          [01;36m[K^~~~~~~~~[m[K
[1.988s] [01m[K/home/john/Desktop/rp_ros2_rviz/src/world_node.cpp:493:37:[m[K [01;31m[Kerror: [m[K‘[01m[Kvoid WorldNode::handleKeyboard(int)[m[K’ is private within this context
[1.988s]   493 |             node->handleKeyboard(key[01;31m[K)[m[K;
[1.988s]       |                                     [01;31m[K^[m[K
[1.988s] [01m[K/home/john/Desktop/rp_ros2_rviz/src/world_node.cpp:411:6:[m[K [01;36m[Knote: [m[Kdeclared private here
[1.988s]   411 | void [01;36m[KWorldNode[m[K::handleKeyboard(int key) {
[1.988s]       |      [01;36m[K^~~~~~~~~[m[K
[2.484s] In file included from [01m[K/usr/include/aarch64-linux-gnu/c++/9/bits/c++allocator.h:33[m[K,
[2.484s]                  from [01m[K/usr/include/c++/9/bits/allocator.h:46[m[K,
[2.485s]                  from [01m[K/usr/include/c++/9/string:41[m[K,
[2.485s]                  from [01m[K/usr/include/c++/9/bits/locale_classes.h:40[m[K,
[2.485s]                  from [01m[K/usr/include/c++/9/bits/ios_base.h:41[m[K,
[2.485s]                  from [01m[K/usr/include/c++/9/ios:42[m[K,
[2.485s]                  from [01m[K/usr/include/c++/9/ostream:38[m[K,
[2.485s]                  from [01m[K/usr/include/c++/9/iostream:39[m[K,
[2.485s]                  from [01m[K/home/john/Desktop/rp_ros2_rviz/include/rp_ros2_rviz/world.h:1[m[K,
[2.485s]                  from [01m[K/home/john/Desktop/rp_ros2_rviz/src/world_node.cpp:1[m[K:
[2.485s] /usr/include/c++/9/ext/new_allocator.h: In instantiation of ‘[01m[Kvoid __gnu_cxx::new_allocator<_Tp>::construct(_Up*, _Args&& ...) [with _Up = WorldNode; _Args = {}; _Tp = WorldNode][m[K’:
[2.485s] [01m[K/usr/include/c++/9/bits/alloc_traits.h:483:4:[m[K   required from ‘[01m[Kstatic void std::allocator_traits<std::allocator<_CharT> >::construct(std::allocator_traits<std::allocator<_CharT> >::allocator_type&, _Up*, _Args&& ...) [with _Up = WorldNode; _Args = {}; _Tp = WorldNode; std::allocator_traits<std::allocator<_CharT> >::allocator_type = std::allocator<WorldNode>][m[K’
[2.485s] [01m[K/usr/include/c++/9/bits/shared_ptr_base.h:548:39:[m[K   required from ‘[01m[Kstd::_Sp_counted_ptr_inplace<_Tp, _Alloc, _Lp>::_Sp_counted_ptr_inplace(_Alloc, _Args&& ...) [with _Args = {}; _Tp = WorldNode; _Alloc = std::allocator<WorldNode>; __gnu_cxx::_Lock_policy _Lp = __gnu_cxx::_S_atomic][m[K’
[2.485s] [01m[K/usr/include/c++/9/bits/shared_ptr_base.h:679:16:[m[K   required from ‘[01m[Kstd::__shared_count<_Lp>::__shared_count(_Tp*&, std::_Sp_alloc_shared_tag<_Alloc>, _Args&& ...) [with _Tp = WorldNode; _Alloc = std::allocator<WorldNode>; _Args = {}; __gnu_cxx::_Lock_policy _Lp = __gnu_cxx::_S_atomic][m[K’
[2.485s] [01m[K/usr/include/c++/9/bits/shared_ptr_base.h:1344:71:[m[K   required from ‘[01m[Kstd::__shared_ptr<_Tp, _Lp>::__shared_ptr(std::_Sp_alloc_shared_tag<_Tp>, _Args&& ...) [with _Alloc = std::allocator<WorldNode>; _Args = {}; _Tp = WorldNode; __gnu_cxx::_Lock_policy _Lp = __gnu_cxx::_S_atomic][m[K’
[2.485s] [01m[K/usr/include/c++/9/bits/shared_ptr.h:359:59:[m[K   required from ‘[01m[Kstd::shared_ptr<_Tp>::shared_ptr(std::_Sp_alloc_shared_tag<_Tp>, _Args&& ...) [with _Alloc = std::allocator<WorldNode>; _Args = {}; _Tp = WorldNode][m[K’
[2.485s] [01m[K/usr/include/c++/9/bits/shared_ptr.h:701:14:[m[K   required from ‘[01m[Kstd::shared_ptr<_Tp> std::allocate_shared(const _Alloc&, _Args&& ...) [with _Tp = WorldNode; _Alloc = std::allocator<WorldNode>; _Args = {}][m[K’
[2.485s] [01m[K/usr/include/c++/9/bits/shared_ptr.h:717:39:[m[K   required from ‘[01m[Kstd::shared_ptr<_Tp> std::make_shared(_Args&& ...) [with _Tp = WorldNode; _Args = {}][m[K’
[2.485s] [01m[K/home/john/Desktop/rp_ros2_rviz/src/world_node.cpp:482:45:[m[K   required from here
[2.485s] [01m[K/usr/include/c++/9/ext/new_allocator.h:146:4:[m[K [01;31m[Kerror: [m[Kuse of deleted function ‘[01m[KWorldNode::WorldNode()[m[K’
[2.485s]   146 |  { [01;31m[K::new((void *)__p) _Up(std::forward<_Args>(__args)...)[m[K; }
[2.485s]       |    [01;31m[K^~~~~~~~~~~~~~~~~~~~~~~~~~~~~~~~~~~~~~~~~~~~~~~~~~~~~~[m[K
[2.485s] In file included from [01m[K/home/john/Desktop/rp_ros2_rviz/src/world_node.cpp:1[m[K:
[2.485s] [01m[K/home/john/Desktop/rp_ros2_rviz/include/rp_ros2_rviz/world.h:22:7:[m[K [01;36m[Knote: [m[K‘[01m[KWorldNode::WorldNode()[m[K’ is implicitly deleted because the default definition would be ill-formed:
[2.485s]    22 | class [01;36m[KWorldNode[m[K : public rclcpp::Node {
[2.485s]       |       [01;36m[K^~~~~~~~~[m[K
[2.485s] [01m[K/home/john/Desktop/rp_ros2_rviz/include/rp_ros2_rviz/world.h:22:7:[m[K [01;31m[Kerror: [m[Kno matching function for call to ‘[01m[Krclcpp::Node::Node()[m[K’
[2.485s] In file included from [01m[K/opt/ros/foxy/include/rclcpp/executors/single_threaded_executor.hpp:28[m[K,
[2.485s]                  from [01m[K/opt/ros/foxy/include/rclcpp/executors.hpp:22[m[K,
[2.485s]                  from [01m[K/opt/ros/foxy/include/rclcpp/rclcpp.hpp:146[m[K,
[2.485s]                  from [01m[K/home/john/Desktop/rp_ros2_rviz/include/rp_ros2_rviz/world.h:2[m[K,
[2.485s]                  from [01m[K/home/john/Desktop/rp_ros2_rviz/src/world_node.cpp:1[m[K:
[2.485s] [01m[K/opt/ros/foxy/include/rclcpp/node.hpp:1193:3:[m[K [01;36m[Knote: [m[Kcandidate: ‘[01m[Krclcpp::Node::Node(const rclcpp::Node&, const string&)[m[K’
[2.485s]  1193 |   [01;36m[KNode[m[K(
[2.486s]       |   [01;36m[K^~~~[m[K
[2.486s] [01m[K/opt/ros/foxy/include/rclcpp/node.hpp:1193:3:[m[K [01;36m[Knote: [m[K  candidate expects 2 arguments, 0 provided
[2.486s] [01m[K/opt/ros/foxy/include/rclcpp/node.hpp:98:12:[m[K [01;36m[Knote: [m[Kcandidate: ‘[01m[Krclcpp::Node::Node(const string&, const string&, const rclcpp::NodeOptions&)[m[K’
[2.486s]    98 |   explicit [01;36m[KNode[m[K(
[2.486s]       |            [01;36m[K^~~~[m[K
[2.486s] [01m[K/opt/ros/foxy/include/rclcpp/node.hpp:98:12:[m[K [01;36m[Knote: [m[K  candidate expects 3 arguments, 0 provided
[2.486s] [01m[K/opt/ros/foxy/include/rclcpp/node.hpp:86:12:[m[K [01;36m[Knote: [m[Kcandidate: ‘[01m[Krclcpp::Node::Node(const string&, const rclcpp::NodeOptions&)[m[K’
[2.486s]    86 |   explicit [01;36m[KNode[m[K(
[2.486s]       |            [01;36m[K^~~~[m[K
[2.486s] [01m[K/opt/ros/foxy/include/rclcpp/node.hpp:86:12:[m[K [01;36m[Knote: [m[K  candidate expects 2 arguments, 0 provided
[2.653s] make[2]: *** [CMakeFiles/world_node.dir/build.make:63: CMakeFiles/world_node.dir/src/world_node.cpp.o] Error 1
[2.653s] make[1]: *** [CMakeFiles/Makefile2:140: CMakeFiles/world_node.dir/all] Error 2
[2.653s] make: *** [Makefile:141: all] Error 2
[2.655s] Invoked command in '/home/john/Desktop/rp_ros2_rviz/build/rp_ros2_rviz' returned '2': CMAKE_PREFIX_PATH=${CMAKE_PREFIX_PATH}:/opt/ros/foxy /usr/bin/cmake --build /home/john/Desktop/rp_ros2_rviz/build/rp_ros2_rviz -- -j4 -l4
