[0.014s] Invoking command in '/home/john/Desktop/rp_ros2_rviz/build/rp_ros2_rviz': CMAKE_PREFIX_PATH=${CMAKE_PREFIX_PATH}:/opt/ros/jazzy DEBUGINFOD_URLS=https://debuginfod.ubuntu.com /usr/bin/cmake --build /home/john/Desktop/rp_ros2_rviz/build/rp_ros2_rviz -- -j4 -l4
[0.081s] -- Found ament_cmake: 2.5.3 (/opt/ros/jazzy/share/ament_cmake/cmake)
[0.552s] -- Found rclcpp: 28.1.6 (/opt/ros/jazzy/share/rclcpp/cmake)
[0.684s] -- Found rosidl_generator_c: 4.6.5 (/opt/ros/jazzy/share/rosidl_generator_c/cmake)
[0.711s] -- Found rosidl_generator_cpp: 4.6.5 (/opt/ros/jazzy/share/rosidl_generator_cpp/cmake)
[0.761s] -- Using all available rosidl_typesupport_c: rosidl_typesupport_fastrtps_c;rosidl_typesupport_introspection_c
[0.802s] -- Using all available rosidl_typesupport_cpp: rosidl_typesupport_fastrtps_cpp;rosidl_typesupport_introspection_cpp
[1.002s] -- Found rmw_implementation_cmake: 7.3.1 (/opt/ros/jazzy/share/rmw_implementation_cmake/cmake)
[1.007s] -- Found rmw_fastrtps_cpp: 8.4.1 (/opt/ros/jazzy/share/rmw_fastrtps_cpp/cmake)
[1.186s] -- Using RMW implementation 'rmw_fastrtps_cpp' as default
[1.373s] -- Found std_msgs: 5.3.5 (/opt/ros/jazzy/share/std_msgs/cmake)
[1.404s] -- Found geometry_msgs: 5.3.5 (/opt/ros/jazzy/share/geometry_msgs/cmake)
[1.464s] -- Found ament_lint_auto: 0.17.1 (/opt/ros/jazzy/share/ament_lint_auto/cmake)
[1.917s] -- Added test 'cppcheck' to perform static code analysis on C / C++ code
[1.917s] -- Configured cppcheck include dirs: /home/john/Desktop/rp_ros2_rviz/include
[1.917s] -- Configured cppcheck exclude dirs and/or files: 
[1.931s] -- Added test 'flake8' to check Python code syntax and style conventions
[1.932s] -- Configured 'flake8' exclude dirs and/or files: 
[1.957s] -- Added test 'lint_cmake' to check CMake code style
[1.968s] -- Added test 'pep257' to check Python code against some of the docstring style conventions in PEP 257
[2.073s] -- Added test 'uncrustify' to check C / C++ code style
[2.073s] -- Configured uncrustify additional arguments: 
[2.086s] -- Added test 'xmllint' to check XML markup files
[2.091s] -- Configuring done (2.0s)
[2.186s] -- Generating done (0.1s)
[2.218s] -- Build files have been written to: /home/john/Desktop/rp_ros2_rviz/build/rp_ros2_rviz
[2.404s] [ 25%] Built target listener_node
[2.407s] [ 37%] [32mBuilding CXX object CMakeFiles/world_node.dir/src/grid_map.cpp.o[0m
[2.407s] [ 62%] Built target canvas_node
[2.540s] [01m[K/home/john/Desktop/rp_ros2_rviz/src/grid_map.cpp:1:10:[m[K [01;31m[Kfatal error: [m[Kgrid_map.h: No such file or directory
[2.540s]     1 | #include [01;31m[K"grid_map.h"[m[K
[2.540s]       |          [01;31m[K^~~~~~~~~~~~[m[K
[2.540s] compilation terminated.
[2.556s] gmake[2]: *** [CMakeFiles/world_node.dir/build.make:104: CMakeFiles/world_node.dir/src/grid_map.cpp.o] Error 1
[2.557s] gmake[1]: *** [CMakeFiles/Makefile2:193: CMakeFiles/world_node.dir/all] Error 2
[2.557s] gmake: *** [Makefile:146: all] Error 2
[2.566s] Invoked command in '/home/john/Desktop/rp_ros2_rviz/build/rp_ros2_rviz' returned '2': CMAKE_PREFIX_PATH=${CMAKE_PREFIX_PATH}:/opt/ros/jazzy DEBUGINFOD_URLS=https://debuginfod.ubuntu.com /usr/bin/cmake --build /home/john/Desktop/rp_ros2_rviz/build/rp_ros2_rviz -- -j4 -l4
