[0.016s] Invoking command in '/home/john/Desktop/path_ros/rp_ros2_rviz/build/rp_ros2_rviz': CMAKE_PREFIX_PATH=${CMAKE_PREFIX_PATH}:/opt/ros/jazzy DEBUGINFOD_URLS=https://debuginfod.ubuntu.com /usr/bin/cmake --build /home/john/Desktop/path_ros/rp_ros2_rviz/build/rp_ros2_rviz -- -j4 -l4
[0.113s] [ 13%] [32mBuilding CXX object CMakeFiles/world_node.dir/src/world_node.cpp.o[0m
[0.113s] [ 40%] Built target dmap_node
[0.134s] [ 46%] [32mBuilding CXX object CMakeFiles/pathplanner_node.dir/src/pathplanner_node.cpp.o[0m
[4.627s] [01m[K/home/john/Desktop/path_ros/rp_ros2_rviz/src/world_node.cpp:[m[K In static member function ‘[01m[Kstatic void WorldNode::[01;32m[KonMouse[m[K(int, int, int, int, void*)[m[K’:
[4.627s] [01m[K/home/john/Desktop/path_ros/rp_ros2_rviz/src/world_node.cpp:143:54:[m[K [01;35m[Kwarning: [m[Kunused parameter ‘[01m[Kval[m[K’ [[01;35m[K]8;;https://gcc.gnu.org/onlinedocs/gcc/Warning-Options.html#index-Wunused-parameter-Wunused-parameter]8;;[m[K]
[4.627s]   143 |     static void onMouse(int event, int x, int y, [01;35m[Kint val[m[K, void* arg) {
[4.628s]       |                                                  [01;35m[K~~~~^~~[m[K
[7.797s] [ 53%] [32m[1mLinking CXX executable pathplanner_node[0m
[8.689s] [ 73%] Built target pathplanner_node
[12.424s] [ 80%] [32m[1mLinking CXX executable world_node[0m
[13.308s] [100%] Built target world_node
[13.325s] Invoked command in '/home/john/Desktop/path_ros/rp_ros2_rviz/build/rp_ros2_rviz' returned '0': CMAKE_PREFIX_PATH=${CMAKE_PREFIX_PATH}:/opt/ros/jazzy DEBUGINFOD_URLS=https://debuginfod.ubuntu.com /usr/bin/cmake --build /home/john/Desktop/path_ros/rp_ros2_rviz/build/rp_ros2_rviz -- -j4 -l4
[13.340s] Invoking command in '/home/john/Desktop/path_ros/rp_ros2_rviz/build/rp_ros2_rviz': CMAKE_PREFIX_PATH=${CMAKE_PREFIX_PATH}:/opt/ros/jazzy DEBUGINFOD_URLS=https://debuginfod.ubuntu.com /usr/bin/cmake --install /home/john/Desktop/path_ros/rp_ros2_rviz/build/rp_ros2_rviz
[13.352s] -- Install configuration: ""
[13.354s] -- Execute custom install script
[13.355s] -- Up-to-date symlink: /home/john/Desktop/path_ros/rp_ros2_rviz/install/rp_ros2_rviz/lib/rp_ros2_rviz/dmap_node
[13.355s] -- Up-to-date symlink: /home/john/Desktop/path_ros/rp_ros2_rviz/install/rp_ros2_rviz/lib/rp_ros2_rviz/world_node
[13.355s] -- Up-to-date symlink: /home/john/Desktop/path_ros/rp_ros2_rviz/install/rp_ros2_rviz/lib/rp_ros2_rviz/pathplanner_node
[13.356s] -- Up-to-date symlink: /home/john/Desktop/path_ros/rp_ros2_rviz/install/rp_ros2_rviz/share/ament_index/resource_index/package_run_dependencies/rp_ros2_rviz
[13.356s] -- Up-to-date symlink: /home/john/Desktop/path_ros/rp_ros2_rviz/install/rp_ros2_rviz/share/ament_index/resource_index/parent_prefix_path/rp_ros2_rviz
[13.358s] -- Up-to-date symlink: /home/john/Desktop/path_ros/rp_ros2_rviz/install/rp_ros2_rviz/share/rp_ros2_rviz/environment/ament_prefix_path.sh
[13.358s] -- Up-to-date symlink: /home/john/Desktop/path_ros/rp_ros2_rviz/install/rp_ros2_rviz/share/rp_ros2_rviz/environment/ament_prefix_path.dsv
[13.358s] -- Up-to-date symlink: /home/john/Desktop/path_ros/rp_ros2_rviz/install/rp_ros2_rviz/share/rp_ros2_rviz/environment/path.sh
[13.358s] -- Up-to-date symlink: /home/john/Desktop/path_ros/rp_ros2_rviz/install/rp_ros2_rviz/share/rp_ros2_rviz/environment/path.dsv
[13.358s] -- Up-to-date symlink: /home/john/Desktop/path_ros/rp_ros2_rviz/install/rp_ros2_rviz/share/rp_ros2_rviz/local_setup.bash
[13.358s] -- Up-to-date symlink: /home/john/Desktop/path_ros/rp_ros2_rviz/install/rp_ros2_rviz/share/rp_ros2_rviz/local_setup.sh
[13.358s] -- Up-to-date symlink: /home/john/Desktop/path_ros/rp_ros2_rviz/install/rp_ros2_rviz/share/rp_ros2_rviz/local_setup.zsh
[13.358s] -- Up-to-date symlink: /home/john/Desktop/path_ros/rp_ros2_rviz/install/rp_ros2_rviz/share/rp_ros2_rviz/local_setup.dsv
[13.358s] -- Symlinking: /home/john/Desktop/path_ros/rp_ros2_rviz/install/rp_ros2_rviz/share/rp_ros2_rviz/package.dsv
[13.366s] -- Up-to-date symlink: /home/john/Desktop/path_ros/rp_ros2_rviz/install/rp_ros2_rviz/share/ament_index/resource_index/packages/rp_ros2_rviz
[13.367s] -- Up-to-date symlink: /home/john/Desktop/path_ros/rp_ros2_rviz/install/rp_ros2_rviz/share/rp_ros2_rviz/cmake/rp_ros2_rvizConfig.cmake
[13.367s] -- Up-to-date symlink: /home/john/Desktop/path_ros/rp_ros2_rviz/install/rp_ros2_rviz/share/rp_ros2_rviz/cmake/rp_ros2_rvizConfig-version.cmake
[13.367s] -- Up-to-date symlink: /home/john/Desktop/path_ros/rp_ros2_rviz/install/rp_ros2_rviz/share/rp_ros2_rviz/package.xml
[13.371s] Invoked command in '/home/john/Desktop/path_ros/rp_ros2_rviz/build/rp_ros2_rviz' returned '0': CMAKE_PREFIX_PATH=${CMAKE_PREFIX_PATH}:/opt/ros/jazzy DEBUGINFOD_URLS=https://debuginfod.ubuntu.com /usr/bin/cmake --install /home/john/Desktop/path_ros/rp_ros2_rviz/build/rp_ros2_rviz
