[0.028s] Invoking command in '/home/john/Desktop/rp_ros2_rviz/build/rp_ros2_rviz': CMAKE_PREFIX_PATH=${CMAKE_PREFIX_PATH}:/opt/ros/jazzy DEBUGINFOD_URLS=https://debuginfod.ubuntu.com /usr/bin/cmake --build /home/john/Desktop/rp_ros2_rviz/build/rp_ros2_rviz -- -j4 -l4
[0.444s] [ 16%] [32mBuilding CXX object CMakeFiles/grid_map_node.dir/src/grid_map.cpp.o[0m
[0.445s] [ 50%] Built target canvas_node
[0.445s] [ 83%] Built target listener_node
[4.265s] [01m[K/home/john/Desktop/rp_ros2_rviz/src/grid_map.cpp:[m[K In member function ‘[01m[Kvoid GridMapNode::[01;32m[KupdateCanvas[m[K()[m[K’:
[4.265s] [01m[K/home/john/Desktop/rp_ros2_rviz/src/grid_map.cpp:54:63:[m[K [01;31m[Kerror: [m[Kexpression cannot be used as a function
[4.265s]    54 |         if (canvas_.empty() || canvas_.rows != [01;31m[Kgrid_map_->rows()[m[K || canvas_.cols != grid_map_->cols()) {
[4.265s]       |                                                [01;31m[K~~~~~~~~~~~~~~~^~[m[K
[4.265s] [01m[K/home/john/Desktop/rp_ros2_rviz/src/grid_map.cpp:54:100:[m[K [01;31m[Kerror: [m[Kexpression cannot be used as a function
[4.265s]    54 |         if (canvas_.empty() || canvas_.rows != grid_map_->rows() || canvas_.cols != [01;31m[Kgrid_map_->cols()[m[K) {
[4.265s]       |                                                                                     [01;31m[K~~~~~~~~~~~~~~~^~[m[K
[4.265s] [01m[K/home/john/Desktop/rp_ros2_rviz/src/grid_map.cpp:55:53:[m[K [01;31m[Kerror: [m[Kexpression cannot be used as a function
[4.265s]    55 |             canvas_ = cv::Mat::zeros([01;31m[Kgrid_map_->rows()[m[K, grid_map_->cols(), CV_8UC1);
[4.265s]       |                                      [01;31m[K~~~~~~~~~~~~~~~^~[m[K
[4.265s] [01m[K/home/john/Desktop/rp_ros2_rviz/src/grid_map.cpp:55:72:[m[K [01;31m[Kerror: [m[Kexpression cannot be used as a function
[4.268s]    55 |             canvas_ = cv::Mat::zeros(grid_map_->rows(), [01;31m[Kgrid_map_->cols()[m[K, CV_8UC1);
[4.268s]       |                                                         [01;31m[K~~~~~~~~~~~~~~~^~[m[K
[4.268s] [01m[K/home/john/Desktop/rp_ros2_rviz/src/grid_map.cpp:59:25:[m[K [01;31m[Kerror: [m[Kcannot convert ‘[01m[Kcv::Mat[m[K’ to ‘[01m[KCanvas&[m[K’
[4.268s]    59 |         grid_map_->draw([01;31m[Kcanvas_[m[K);
[4.268s]       |                         [01;31m[K^~~~~~~[m[K
[4.268s]       |                         [01;31m[K|[m[K
[4.268s]       |                         [01;31m[Kcv::Mat[m[K
[4.268s] In file included from [01m[K/home/john/Desktop/rp_ros2_rviz/src/grid_map.cpp:2[m[K:
[4.268s] [01m[K/home/john/Desktop/rp_ros2_rviz/include/rp_ros2_rviz/grid_map.h:39:21:[m[K [01;36m[Knote: [m[K  initializing argument 1 of ‘[01m[Kvirtual void GridMap::[01;32m[Kdraw[m[K(Canvas&) const[m[K’
[4.268s]    39 |   void draw([01;36m[KCanvas& dest[m[K) const override;
[4.268s]       |             [01;36m[K~~~~~~~~^~~~[m[K
[6.446s] gmake[2]: *** [CMakeFiles/grid_map_node.dir/build.make:76: CMakeFiles/grid_map_node.dir/src/grid_map.cpp.o] Error 1
[6.447s] gmake[1]: *** [CMakeFiles/Makefile2:193: CMakeFiles/grid_map_node.dir/all] Error 2
[6.447s] gmake: *** [Makefile:146: all] Error 2
[6.452s] Invoked command in '/home/john/Desktop/rp_ros2_rviz/build/rp_ros2_rviz' returned '2': CMAKE_PREFIX_PATH=${CMAKE_PREFIX_PATH}:/opt/ros/jazzy DEBUGINFOD_URLS=https://debuginfod.ubuntu.com /usr/bin/cmake --build /home/john/Desktop/rp_ros2_rviz/build/rp_ros2_rviz -- -j4 -l4
