[0.039s] Invoking command in '/home/john/Desktop/rp_ros2_rviz/build/rp_ros2_rviz': CMAKE_PREFIX_PATH=${CMAKE_PREFIX_PATH}:/opt/ros/jazzy DEBUGINFOD_URLS=https://debuginfod.ubuntu.com /usr/bin/cmake --build /home/john/Desktop/rp_ros2_rviz/build/rp_ros2_rviz -- -j4 -l4
[0.291s] -- Found ament_cmake: 2.5.3 (/opt/ros/jazzy/share/ament_cmake/cmake)
[0.639s] -- Found rclcpp: 28.1.6 (/opt/ros/jazzy/share/rclcpp/cmake)
[0.743s] -- Found rosidl_generator_c: 4.6.5 (/opt/ros/jazzy/share/rosidl_generator_c/cmake)
[0.768s] -- Found rosidl_generator_cpp: 4.6.5 (/opt/ros/jazzy/share/rosidl_generator_cpp/cmake)
[0.794s] -- Using all available rosidl_typesupport_c: rosidl_typesupport_fastrtps_c;rosidl_typesupport_introspection_c
[0.824s] -- Using all available rosidl_typesupport_cpp: rosidl_typesupport_fastrtps_cpp;rosidl_typesupport_introspection_cpp
[0.935s] -- Found rmw_implementation_cmake: 7.3.1 (/opt/ros/jazzy/share/rmw_implementation_cmake/cmake)
[0.940s] -- Found rmw_fastrtps_cpp: 8.4.1 (/opt/ros/jazzy/share/rmw_fastrtps_cpp/cmake)
[1.046s] -- Using RMW implementation 'rmw_fastrtps_cpp' as default
[1.156s] -- Found std_msgs: 5.3.5 (/opt/ros/jazzy/share/std_msgs/cmake)
[1.180s] -- Found geometry_msgs: 5.3.5 (/opt/ros/jazzy/share/geometry_msgs/cmake)
[1.219s] -- Found ament_lint_auto: 0.17.1 (/opt/ros/jazzy/share/ament_lint_auto/cmake)
[1.551s] -- Added test 'cppcheck' to perform static code analysis on C / C++ code
[1.552s] -- Configured cppcheck include dirs: /home/john/Desktop/rp_ros2_rviz/include
[1.552s] -- Configured cppcheck exclude dirs and/or files: 
[1.560s] -- Added test 'flake8' to check Python code syntax and style conventions
[1.560s] -- Configured 'flake8' exclude dirs and/or files: 
[1.575s] -- Added test 'lint_cmake' to check CMake code style
[1.583s] -- Added test 'pep257' to check Python code against some of the docstring style conventions in PEP 257
[1.645s] -- Added test 'uncrustify' to check C / C++ code style
[1.645s] -- Configured uncrustify additional arguments: 
[1.653s] -- Added test 'xmllint' to check XML markup files
[1.658s] -- Configuring done (1.4s)
[1.706s] -- Generating done (0.0s)
[1.720s] -- Build files have been written to: /home/john/Desktop/rp_ros2_rviz/build/rp_ros2_rviz
[1.854s] [ 11%] [32mBuilding CXX object CMakeFiles/world_node.dir/src/world_node.cpp.o[0m
[1.854s] [ 33%] [32mBuilding CXX object CMakeFiles/world_node.dir/src/differential_drive_robot.cpp.o[0m
[1.854s] [ 44%] Built target listener_node
[1.987s] [01m[K/home/john/Desktop/rp_ros2_rviz/src/differential_drive_robot.cpp:1:10:[m[K [01;31m[Kfatal error: [m[Kdifferential_drive_robot.h: No such file or directory
[1.987s]     1 | #include [01;31m[K"differential_drive_robot.h"[m[K
[1.987s]       |          [01;31m[K^~~~~~~~~~~~~~~~~~~~~~~~~~~~[m[K
[1.987s] compilation terminated.
[1.992s] gmake[2]: *** [CMakeFiles/world_node.dir/build.make:146: CMakeFiles/world_node.dir/src/differential_drive_robot.cpp.o] Error 1
[1.992s] gmake[2]: *** Waiting for unfinished jobs....
[5.381s] [01m[K/home/john/Desktop/rp_ros2_rviz/src/world_node.cpp:[m[K In member function ‘[01m[Kvoid WorldNode::[01;32m[KloadGridMapCallback[m[K(std_msgs::msg::String_<std::allocator<void> >::SharedPtr)[m[K’:
[5.382s] [01m[K/home/john/Desktop/rp_ros2_rviz/src/world_node.cpp:31:49:[m[K [01;31m[Kerror: [m[Kno matching function for call to ‘[01m[KDifferentialDriveRobot::DifferentialDriveRobot(GridMap**)[m[K’
[5.382s]    31 |             DifferentialDriveRobot ddr(&grid_map[01;31m[K)[m[K;
[5.382s]       |                                                 [01;31m[K^[m[K
[5.383s] In file included from [01m[K/home/john/Desktop/rp_ros2_rviz/src/world_node.cpp:6[m[K:
[5.383s] [01m[K/home/john/Desktop/rp_ros2_rviz/include/rp_ros2_rviz/differential_drive_robot.h:7:3:[m[K [01;36m[Knote: [m[Kcandidate: ‘[01m[KDifferentialDriveRobot::[01;32m[KDifferentialDriveRobot[m[K(WorldItem*)[m[K’
[5.383s]     7 |   [01;36m[KDifferentialDriveRobot[m[K(WorldItem* p=0): WorldItem(p) {}
[5.383s]       |   [01;36m[K^~~~~~~~~~~~~~~~~~~~~~[m[K
[5.383s] [01m[K/home/john/Desktop/rp_ros2_rviz/include/rp_ros2_rviz/differential_drive_robot.h:7:37:[m[K [01;36m[Knote: [m[K  no known conversion for argument 1 from ‘[01m[KGridMap**[m[K’ to ‘[01m[KWorldItem*[m[K’
[5.383s]     7 |   DifferentialDriveRobot([01;36m[KWorldItem* p=0[m[K): WorldItem(p) {}
[5.383s]       |                          [01;36m[K~~~~~~~~~~~^~~[m[K
[5.383s] [01m[K/home/john/Desktop/rp_ros2_rviz/include/rp_ros2_rviz/differential_drive_robot.h:4:8:[m[K [01;36m[Knote: [m[Kcandidate: ‘[01m[Kconstexpr DifferentialDriveRobot::[01;32m[KDifferentialDriveRobot[m[K(const DifferentialDriveRobot&)[m[K’
[5.383s]     4 | struct [01;36m[KDifferentialDriveRobot[m[K: public WorldItem {
[5.383s]       |        [01;36m[K^~~~~~~~~~~~~~~~~~~~~~[m[K
[5.383s] [01m[K/home/john/Desktop/rp_ros2_rviz/include/rp_ros2_rviz/differential_drive_robot.h:4:8:[m[K [01;36m[Knote: [m[K  no known conversion for argument 1 from ‘[01m[KGridMap**[m[K’ to ‘[01m[Kconst DifferentialDriveRobot&[m[K’
[5.383s] [01m[K/home/john/Desktop/rp_ros2_rviz/include/rp_ros2_rviz/differential_drive_robot.h:4:8:[m[K [01;36m[Knote: [m[Kcandidate: ‘[01m[Kconstexpr DifferentialDriveRobot::[01;32m[KDifferentialDriveRobot[m[K(DifferentialDriveRobot&&)[m[K’
[5.383s] [01m[K/home/john/Desktop/rp_ros2_rviz/include/rp_ros2_rviz/differential_drive_robot.h:4:8:[m[K [01;36m[Knote: [m[K  no known conversion for argument 1 from ‘[01m[KGridMap**[m[K’ to ‘[01m[KDifferentialDriveRobot&&[m[K’
[5.394s] [01m[K/home/john/Desktop/rp_ros2_rviz/src/world_node.cpp:43:45:[m[K [01;31m[Kerror: [m[K‘[01m[Ko[m[K’ was not declared in this scope
[5.394s]    43 |                 int key = cv::waitKey(10);  [01;31m[Ko[m[K
[5.394s]       |                                             [01;31m[K^[m[K
[5.395s] [01m[K/home/john/Desktop/rp_ros2_rviz/src/world_node.cpp:43:21:[m[K [01;35m[Kwarning: [m[Kunused variable ‘[01m[Kkey[m[K’ [[01;35m[K]8;;https://gcc.gnu.org/onlinedocs/gcc/Warning-Options.html#index-Wunused-variable-Wunused-variable]8;;[m[K]
[5.395s]    43 |                 int [01;35m[Kkey[m[K = cv::waitKey(10);  o
[5.395s]       |                     [01;35m[K^~~[m[K
[7.244s] gmake[2]: *** [CMakeFiles/world_node.dir/build.make:76: CMakeFiles/world_node.dir/src/world_node.cpp.o] Error 1
[7.245s] gmake[1]: *** [CMakeFiles/Makefile2:165: CMakeFiles/world_node.dir/all] Error 2
[7.258s] gmake: *** [Makefile:146: all] Error 2
[7.259s] Invoked command in '/home/john/Desktop/rp_ros2_rviz/build/rp_ros2_rviz' returned '2': CMAKE_PREFIX_PATH=${CMAKE_PREFIX_PATH}:/opt/ros/jazzy DEBUGINFOD_URLS=https://debuginfod.ubuntu.com /usr/bin/cmake --build /home/john/Desktop/rp_ros2_rviz/build/rp_ros2_rviz -- -j4 -l4
