[0.015s] Invoking command in '/home/john/Desktop/path_ros/rp_ros2_rviz/build/rp_ros2_rviz': CMAKE_PREFIX_PATH=${CMAKE_PREFIX_PATH}:/opt/ros/jazzy DEBUGINFOD_URLS=https://debuginfod.ubuntu.com /usr/bin/cmake --build /home/john/Desktop/path_ros/rp_ros2_rviz/build/rp_ros2_rviz -- -j4 -l4
[0.107s] -- Found ament_cmake: 2.5.3 (/opt/ros/jazzy/share/ament_cmake/cmake)
[0.427s] -- Override CMake install command with custom implementation using symlinks instead of copying resources
[0.490s] -- Found rclcpp: 28.1.6 (/opt/ros/jazzy/share/rclcpp/cmake)
[0.595s] -- Found rosidl_generator_c: 4.6.5 (/opt/ros/jazzy/share/rosidl_generator_c/cmake)
[0.616s] -- Found rosidl_generator_cpp: 4.6.5 (/opt/ros/jazzy/share/rosidl_generator_cpp/cmake)
[0.647s] -- Using all available rosidl_typesupport_c: rosidl_typesupport_fastrtps_c;rosidl_typesupport_introspection_c
[0.680s] -- Using all available rosidl_typesupport_cpp: rosidl_typesupport_fastrtps_cpp;rosidl_typesupport_introspection_cpp
[0.816s] -- Found rmw_implementation_cmake: 7.3.1 (/opt/ros/jazzy/share/rmw_implementation_cmake/cmake)
[0.822s] -- Found rmw_fastrtps_cpp: 8.4.1 (/opt/ros/jazzy/share/rmw_fastrtps_cpp/cmake)
[0.937s] -- Using RMW implementation 'rmw_fastrtps_cpp' as default
[1.059s] -- Found std_msgs: 5.3.5 (/opt/ros/jazzy/share/std_msgs/cmake)
[1.087s] -- Found geometry_msgs: 5.3.5 (/opt/ros/jazzy/share/geometry_msgs/cmake)
[1.131s] -- Found sensor_msgs: 5.3.5 (/opt/ros/jazzy/share/sensor_msgs/cmake)
[1.167s] -- Found cv_bridge: 4.1.0 (/opt/ros/jazzy/share/cv_bridge/cmake)
[1.179s] -- Found ament_lint_auto: 0.17.1 (/opt/ros/jazzy/share/ament_lint_auto/cmake)
[1.542s] -- Added test 'cppcheck' to perform static code analysis on C / C++ code
[1.542s] -- Configured cppcheck include dirs: /home/john/Desktop/path_ros/rp_ros2_rviz/include
[1.542s] -- Configured cppcheck exclude dirs and/or files: 
[1.548s] -- Added test 'flake8' to check Python code syntax and style conventions
[1.548s] -- Configured 'flake8' exclude dirs and/or files: 
[1.561s] -- Added test 'lint_cmake' to check CMake code style
[1.566s] -- Added test 'pep257' to check Python code against some of the docstring style conventions in PEP 257
[1.608s] -- Added test 'uncrustify' to check C / C++ code style
[1.608s] -- Configured uncrustify additional arguments: 
[1.613s] -- Added test 'xmllint' to check XML markup files
[1.619s] -- Configuring done (1.6s)
[1.678s] -- Generating done (0.0s)
[1.685s] -- Build files have been written to: /home/john/Desktop/path_ros/rp_ros2_rviz/build/rp_ros2_rviz
[1.757s] [ 20%] [32mBuilding CXX object CMakeFiles/dmap_node.dir/src/robot.cpp.o[0m
[2.959s] [ 40%] [32m[1mLinking CXX executable dmap_node[0m
[3.566s] /usr/bin/ld: CMakeFiles/dmap_node.dir/src/dmap_node.cpp.o: in function `DmapNode::DmapNode()':
[3.566s] dmap_node.cpp:(.text._ZN8DmapNodeC2Ev[_ZN8DmapNodeC5Ev]+0x398): undefined reference to `Robot::Robot(int, int, float, int)'
[3.631s] collect2: error: ld returned 1 exit status
[3.634s] gmake[2]: *** [CMakeFiles/dmap_node.dir/build.make:291: dmap_node] Error 1
[3.635s] gmake[1]: *** [CMakeFiles/Makefile2:137: CMakeFiles/dmap_node.dir/all] Error 2
[3.635s] gmake: *** [Makefile:146: all] Error 2
[3.643s] Invoked command in '/home/john/Desktop/path_ros/rp_ros2_rviz/build/rp_ros2_rviz' returned '2': CMAKE_PREFIX_PATH=${CMAKE_PREFIX_PATH}:/opt/ros/jazzy DEBUGINFOD_URLS=https://debuginfod.ubuntu.com /usr/bin/cmake --build /home/john/Desktop/path_ros/rp_ros2_rviz/build/rp_ros2_rviz -- -j4 -l4
