[0.040s] Invoking command in '/home/john/Desktop/rp_ros2_rviz/build/rp_ros2_rviz': CMAKE_PREFIX_PATH=${CMAKE_PREFIX_PATH}:/opt/ros/jazzy DEBUGINFOD_URLS=https://debuginfod.ubuntu.com /usr/bin/cmake --build /home/john/Desktop/rp_ros2_rviz/build/rp_ros2_rviz -- -j4 -l4
[0.534s] [ 50%] Built target world_node
[0.668s] [100%] Built target pathplanner_node
[0.709s] Invoked command in '/home/john/Desktop/rp_ros2_rviz/build/rp_ros2_rviz' returned '0': CMAKE_PREFIX_PATH=${CMAKE_PREFIX_PATH}:/opt/ros/jazzy DEBUGINFOD_URLS=https://debuginfod.ubuntu.com /usr/bin/cmake --build /home/john/Desktop/rp_ros2_rviz/build/rp_ros2_rviz -- -j4 -l4
[0.728s] Invoking command in '/home/john/Desktop/rp_ros2_rviz/build/rp_ros2_rviz': CMAKE_PREFIX_PATH=${CMAKE_PREFIX_PATH}:/opt/ros/jazzy DEBUGINFOD_URLS=https://debuginfod.ubuntu.com /usr/bin/cmake --install /home/john/Desktop/rp_ros2_rviz/build/rp_ros2_rviz
[0.740s] -- Install configuration: ""
[0.742s] -- Up-to-date: /home/john/Desktop/rp_ros2_rviz/install/rp_ros2_rviz/lib/rp_ros2_rviz/world_node
[0.743s] -- Up-to-date: /home/john/Desktop/rp_ros2_rviz/install/rp_ros2_rviz/lib/rp_ros2_rviz/pathplanner_node
[0.743s] -- Up-to-date: /home/john/Desktop/rp_ros2_rviz/install/rp_ros2_rviz/share/ament_index/resource_index/package_run_dependencies/rp_ros2_rviz
[0.743s] -- Up-to-date: /home/john/Desktop/rp_ros2_rviz/install/rp_ros2_rviz/share/ament_index/resource_index/parent_prefix_path/rp_ros2_rviz
[0.743s] -- Up-to-date: /home/john/Desktop/rp_ros2_rviz/install/rp_ros2_rviz/share/rp_ros2_rviz/environment/ament_prefix_path.sh
[0.744s] -- Up-to-date: /home/john/Desktop/rp_ros2_rviz/install/rp_ros2_rviz/share/rp_ros2_rviz/environment/ament_prefix_path.dsv
[0.744s] -- Up-to-date: /home/john/Desktop/rp_ros2_rviz/install/rp_ros2_rviz/share/rp_ros2_rviz/environment/path.sh
[0.744s] -- Up-to-date: /home/john/Desktop/rp_ros2_rviz/install/rp_ros2_rviz/share/rp_ros2_rviz/environment/path.dsv
[0.744s] -- Up-to-date: /home/john/Desktop/rp_ros2_rviz/install/rp_ros2_rviz/share/rp_ros2_rviz/local_setup.bash
[0.744s] -- Up-to-date: /home/john/Desktop/rp_ros2_rviz/install/rp_ros2_rviz/share/rp_ros2_rviz/local_setup.sh
[0.744s] -- Up-to-date: /home/john/Desktop/rp_ros2_rviz/install/rp_ros2_rviz/share/rp_ros2_rviz/local_setup.zsh
[0.744s] -- Up-to-date: /home/john/Desktop/rp_ros2_rviz/install/rp_ros2_rviz/share/rp_ros2_rviz/local_setup.dsv
[0.744s] -- Installing: /home/john/Desktop/rp_ros2_rviz/install/rp_ros2_rviz/share/rp_ros2_rviz/package.dsv
[0.745s] -- Up-to-date: /home/john/Desktop/rp_ros2_rviz/install/rp_ros2_rviz/share/ament_index/resource_index/packages/rp_ros2_rviz
[0.745s] -- Up-to-date: /home/john/Desktop/rp_ros2_rviz/install/rp_ros2_rviz/share/rp_ros2_rviz/cmake/rp_ros2_rvizConfig.cmake
[0.745s] -- Up-to-date: /home/john/Desktop/rp_ros2_rviz/install/rp_ros2_rviz/share/rp_ros2_rviz/cmake/rp_ros2_rvizConfig-version.cmake
[0.745s] -- Up-to-date: /home/john/Desktop/rp_ros2_rviz/install/rp_ros2_rviz/share/rp_ros2_rviz/package.xml
[0.755s] Invoked command in '/home/john/Desktop/rp_ros2_rviz/build/rp_ros2_rviz' returned '0': CMAKE_PREFIX_PATH=${CMAKE_PREFIX_PATH}:/opt/ros/jazzy DEBUGINFOD_URLS=https://debuginfod.ubuntu.com /usr/bin/cmake --install /home/john/Desktop/rp_ros2_rviz/build/rp_ros2_rviz
