[0.014s] Invoking command in '/home/john/Desktop/rp_ros2_rviz/build/rp_ros2_rviz': CMAKE_PREFIX_PATH=${CMAKE_PREFIX_PATH}:/home/john/Desktop/path_ros/rp_ros2_rviz/install/rp_ros2_rviz:/opt/ros/jazzy DEBUGINFOD_URLS=https://debuginfod.ubuntu.com /usr/bin/cmake --build /home/john/Desktop/rp_ros2_rviz/build/rp_ros2_rviz -- -j4 -l4
[0.103s] [ 33%] Built target pathplanner_node
[0.103s] [ 66%] Built target controller_node
[0.115s] [ 73%] [32mBuilding CXX object CMakeFiles/world_node.dir/src/world_node.cpp.o[0m
[12.210s] [ 80%] [32m[1mLinking CXX executable world_node[0m
[13.447s] [100%] Built target world_node
[13.460s] Invoked command in '/home/john/Desktop/rp_ros2_rviz/build/rp_ros2_rviz' returned '0': CMAKE_PREFIX_PATH=${CMAKE_PREFIX_PATH}:/home/john/Desktop/path_ros/rp_ros2_rviz/install/rp_ros2_rviz:/opt/ros/jazzy DEBUGINFOD_URLS=https://debuginfod.ubuntu.com /usr/bin/cmake --build /home/john/Desktop/rp_ros2_rviz/build/rp_ros2_rviz -- -j4 -l4
[13.469s] Invoking command in '/home/john/Desktop/rp_ros2_rviz/build/rp_ros2_rviz': CMAKE_PREFIX_PATH=${CMAKE_PREFIX_PATH}:/home/john/Desktop/path_ros/rp_ros2_rviz/install/rp_ros2_rviz:/opt/ros/jazzy DEBUGINFOD_URLS=https://debuginfod.ubuntu.com /usr/bin/cmake --install /home/john/Desktop/rp_ros2_rviz/build/rp_ros2_rviz
[13.480s] -- Install configuration: ""
[13.480s] -- Installing: /home/john/Desktop/rp_ros2_rviz/install/rp_ros2_rviz/lib/rp_ros2_rviz/world_node
[13.486s] -- Set non-toolchain portion of runtime path of "/home/john/Desktop/rp_ros2_rviz/install/rp_ros2_rviz/lib/rp_ros2_rviz/world_node" to ""
[13.486s] -- Up-to-date: /home/john/Desktop/rp_ros2_rviz/install/rp_ros2_rviz/lib/rp_ros2_rviz/pathplanner_node
[13.486s] -- Up-to-date: /home/john/Desktop/rp_ros2_rviz/install/rp_ros2_rviz/lib/rp_ros2_rviz/controller_node
[13.489s] -- Up-to-date: /home/john/Desktop/rp_ros2_rviz/install/rp_ros2_rviz/share/ament_index/resource_index/package_run_dependencies/rp_ros2_rviz
[13.489s] -- Up-to-date: /home/john/Desktop/rp_ros2_rviz/install/rp_ros2_rviz/share/ament_index/resource_index/parent_prefix_path/rp_ros2_rviz
[13.489s] -- Up-to-date: /home/john/Desktop/rp_ros2_rviz/install/rp_ros2_rviz/share/rp_ros2_rviz/environment/ament_prefix_path.sh
[13.489s] -- Up-to-date: /home/john/Desktop/rp_ros2_rviz/install/rp_ros2_rviz/share/rp_ros2_rviz/environment/ament_prefix_path.dsv
[13.489s] -- Up-to-date: /home/john/Desktop/rp_ros2_rviz/install/rp_ros2_rviz/share/rp_ros2_rviz/environment/path.sh
[13.489s] -- Up-to-date: /home/john/Desktop/rp_ros2_rviz/install/rp_ros2_rviz/share/rp_ros2_rviz/environment/path.dsv
[13.489s] -- Up-to-date: /home/john/Desktop/rp_ros2_rviz/install/rp_ros2_rviz/share/rp_ros2_rviz/local_setup.bash
[13.489s] -- Up-to-date: /home/john/Desktop/rp_ros2_rviz/install/rp_ros2_rviz/share/rp_ros2_rviz/local_setup.sh
[13.489s] -- Up-to-date: /home/john/Desktop/rp_ros2_rviz/install/rp_ros2_rviz/share/rp_ros2_rviz/local_setup.zsh
[13.489s] -- Up-to-date: /home/john/Desktop/rp_ros2_rviz/install/rp_ros2_rviz/share/rp_ros2_rviz/local_setup.dsv
[13.489s] -- Installing: /home/john/Desktop/rp_ros2_rviz/install/rp_ros2_rviz/share/rp_ros2_rviz/package.dsv
[13.489s] -- Up-to-date: /home/john/Desktop/rp_ros2_rviz/install/rp_ros2_rviz/share/ament_index/resource_index/packages/rp_ros2_rviz
[13.489s] -- Up-to-date: /home/john/Desktop/rp_ros2_rviz/install/rp_ros2_rviz/share/rp_ros2_rviz/cmake/rp_ros2_rvizConfig.cmake
[13.489s] -- Up-to-date: /home/john/Desktop/rp_ros2_rviz/install/rp_ros2_rviz/share/rp_ros2_rviz/cmake/rp_ros2_rvizConfig-version.cmake
[13.489s] -- Up-to-date: /home/john/Desktop/rp_ros2_rviz/install/rp_ros2_rviz/share/rp_ros2_rviz/package.xml
[13.492s] Invoked command in '/home/john/Desktop/rp_ros2_rviz/build/rp_ros2_rviz' returned '0': CMAKE_PREFIX_PATH=${CMAKE_PREFIX_PATH}:/home/john/Desktop/path_ros/rp_ros2_rviz/install/rp_ros2_rviz:/opt/ros/jazzy DEBUGINFOD_URLS=https://debuginfod.ubuntu.com /usr/bin/cmake --install /home/john/Desktop/rp_ros2_rviz/build/rp_ros2_rviz
