[0.010s] Invoking command in '/home/john/Desktop/rp_ros2_rviz/build/rp_ros2_rviz': CMAKE_PREFIX_PATH=${CMAKE_PREFIX_PATH}:/opt/ros/jazzy DEBUGINFOD_URLS=https://debuginfod.ubuntu.com /usr/bin/cmake --build /home/john/Desktop/rp_ros2_rviz/build/rp_ros2_rviz -- -j4 -l4
[0.088s] [ 18%] Built target control_robot
[0.138s] [ 27%] [32mBuilding CXX object CMakeFiles/world_node.dir/src/dmap_planner.cpp.o[0m
[1.626s] [01m[K/home/john/Desktop/rp_ros2_rviz/src/dmap_planner.cpp:[m[K In member function ‘[01m[Kvoid DMapPlanner::[01;32m[KcomputePolicy[m[K(const Eigen::Vector2f&)[m[K’:
[1.626s] [01m[K/home/john/Desktop/rp_ros2_rviz/src/dmap_planner.cpp:54:8:[m[K [01;35m[Kwarning: [m[Kunused variable ‘[01m[Kstep_mode[m[K’ [[01;35m[K]8;;https://gcc.gnu.org/onlinedocs/gcc/Warning-Options.html#index-Wunused-variable-Wunused-variable]8;;[m[K]
[1.626s]    54 |   bool [01;35m[Kstep_mode[m[K=true;
[1.627s]       |        [01;35m[K^~~~~~~~~[m[K
[1.627s] [01m[K/home/john/Desktop/rp_ros2_rviz/src/dmap_planner.cpp:[m[K At global scope:
[1.627s] [01m[K/home/john/Desktop/rp_ros2_rviz/src/dmap_planner.cpp:98:8:[m[K [01;31m[Kerror: [m[Kno declaration matches ‘[01m[Kfloat DMapPlanner::[01;32m[KcomputePath2[m[K(std::__cxx11::list<Eigen::Matrix<float, 2, 1> >&, const Eigen::Vector2f&, float, size_t, bool) const[m[K’
[1.627s]    98 | float  [01;31m[KDMapPlanner[m[K::computePath2(std::list<Vector2f>& path,
[1.627s]       |        [01;31m[K^~~~~~~~~~~[m[K
[1.627s] [01m[K/home/john/Desktop/rp_ros2_rviz/src/dmap_planner.cpp:98:8:[m[K [01;36m[Knote: [m[Kno functions named ‘[01m[Kfloat DMapPlanner::[01;32m[KcomputePath2[m[K(std::__cxx11::list<Eigen::Matrix<float, 2, 1> >&, const Eigen::Vector2f&, float, size_t, bool) const[m[K’
[1.627s] In file included from [01m[K/home/john/Desktop/rp_ros2_rviz/src/dmap_planner.cpp:1[m[K:
[1.627s] [01m[K/home/john/Desktop/rp_ros2_rviz/include/rp_ros2_rviz/dmap_planner.h:8:8:[m[K [01;36m[Knote: [m[K‘[01m[Kstruct DMapPlanner[m[K’ defined here
[1.627s]     8 | struct [01;36m[KDMapPlanner[m[K {
[1.627s]       |        [01;36m[K^~~~~~~~~~~[m[K
[1.627s] [01m[K/home/john/Desktop/rp_ros2_rviz/src/dmap_planner.cpp:164:13:[m[K [01;31m[Kerror: [m[Kno declaration matches ‘[01m[Kstd::string DMapPlanner::[01;32m[KcomputePath[m[K(std::__cxx11::list<Eigen::Matrix<float, 2, 1> >&, const Eigen::Vector2f&, float, size_t, bool) const[m[K’
[1.627s]   164 | std::string [01;31m[KDMapPlanner[m[K::computePath(std::list<Vector2f>& path,
[1.627s]       |             [01;31m[K^~~~~~~~~~~[m[K
[1.627s] [01m[K/home/john/Desktop/rp_ros2_rviz/include/rp_ros2_rviz/dmap_planner.h:43:10:[m[K [01;36m[Knote: [m[Kcandidate is: ‘[01m[Kfloat DMapPlanner::[01;32m[KcomputePath[m[K(std::__cxx11::list<Eigen::Matrix<float, 2, 1> >&, const Eigen::Vector2f&, float, size_t, bool) const[m[K’
[1.627s]    43 |   float  [01;36m[KcomputePath[m[K(std::list<Vector2f>& path,
[1.627s]       |          [01;36m[K^~~~~~~~~~~[m[K
[1.627s] [01m[K/home/john/Desktop/rp_ros2_rviz/include/rp_ros2_rviz/dmap_planner.h:8:8:[m[K [01;36m[Knote: [m[K‘[01m[Kstruct DMapPlanner[m[K’ defined here
[1.627s]     8 | struct [01;36m[KDMapPlanner[m[K {
[1.628s]       |        [01;36m[K^~~~~~~~~~~[m[K
[1.840s] gmake[2]: *** [CMakeFiles/world_node.dir/build.make:174: CMakeFiles/world_node.dir/src/dmap_planner.cpp.o] Error 1
[1.840s] gmake[1]: *** [CMakeFiles/Makefile2:165: CMakeFiles/world_node.dir/all] Error 2
[1.840s] gmake: *** [Makefile:146: all] Error 2
[1.847s] Invoked command in '/home/john/Desktop/rp_ros2_rviz/build/rp_ros2_rviz' returned '2': CMAKE_PREFIX_PATH=${CMAKE_PREFIX_PATH}:/opt/ros/jazzy DEBUGINFOD_URLS=https://debuginfod.ubuntu.com /usr/bin/cmake --build /home/john/Desktop/rp_ros2_rviz/build/rp_ros2_rviz -- -j4 -l4
