[35m[1mScanning dependencies of target world_node[0m
[35m[1mScanning dependencies of target controller_node[0m
[ 20%] Built target particle_node_filter
[ 24%] [32mBuilding CXX object CMakeFiles/world_node.dir/src/world_node.cpp.o[0m
[ 28%] [32mBuilding CXX object CMakeFiles/pathplanner_node.dir/src/pathplanner_node.cpp.o[0m
[ 32%] [32mBuilding CXX object CMakeFiles/controller_node.dir/src/controller_node.cpp.o[0m
[ 52%] Built target mapserver
In file included from [01m[K/home/john/Desktop/rp_ros2_rviz/src/pathplanner_node.cpp:1[m[K:
[01m[K/home/john/Desktop/rp_ros2_rviz/include/rp_ros2_rviz/pathplanner.h:21:88:[m[K [01;31m[Kerror: [m[KISO C++ forbids declaration of ‘[01m[KPathPlannerNode[m[K’ with no type [[01;31m[K-fpermissive[m[K]
   21 |     explicit PathPlannerNode(const rclcpp::NodeOptions& options = rclcpp::NodeOptions()[01;31m[K)[m[K;
      |                                                                                        [01;31m[K^[m[K
[01m[K/home/john/Desktop/rp_ros2_rviz/include/rp_ros2_rviz/pathplanner.h:21:5:[m[K [01;31m[Kerror: [m[Konly declarations of constructors and conversion operators can be ‘[01m[Kexplicit[m[K’
   21 |     [01;31m[Kexplicit[m[K PathPlannerNode(const rclcpp::NodeOptions& options = rclcpp::NodeOptions());
      |     [01;31m[K^~~~~~~~[m[K
In file included from [01m[K/home/john/Desktop/rp_ros2_rviz/src/pathplanner_node.cpp:1[m[K:
[01m[K/home/john/Desktop/rp_ros2_rviz/include/rp_ros2_rviz/pathplanner.h:35:11:[m[K [01;31m[Kerror: [m[Kdeclaration of ‘[01m[Kusing Vector2iVector = class std::vector<Eigen::Matrix<int, 2, 1> >[m[K’ changes meaning of ‘[01m[KVector2iVector[m[K’ [[01;31m[K-fpermissive[m[K]
   35 |     using [01;31m[KVector2iVector[m[K = std::vector<Vector2i>;
      |           [01;31m[K^~~~~~~~~~~~~~[m[K
In file included from [01m[K/home/john/Desktop/rp_ros2_rviz/include/rp_ros2_rviz/dmap_planner.h:4[m[K,
                 from [01m[K/home/john/Desktop/rp_ros2_rviz/include/rp_ros2_rviz/pathplanner.h:8[m[K,
                 from [01m[K/home/john/Desktop/rp_ros2_rviz/src/pathplanner_node.cpp:1[m[K:
[01m[K/home/john/Desktop/rp_ros2_rviz/include/rp_ros2_rviz/dmap.h:17:7:[m[K [01;36m[Knote: [m[K‘[01m[KVector2iVector[m[K’ declared here as ‘[01m[Kusing Vector2iVector = class std::vector<Eigen::Matrix<int, 2, 1> >[m[K’
   17 | using [01;36m[KVector2iVector[m[K = std::vector<Vector2i>;
      |       [01;36m[K^~~~~~~~~~~~~~[m[K
[01m[K/home/john/Desktop/rp_ros2_rviz/src/pathplanner_node.cpp:3:64:[m[K [01;31m[Kerror: [m[KISO C++ forbids declaration of ‘[01m[KPathPlannerNode[m[K’ with no type [[01;31m[K-fpermissive[m[K]
    3 | PathPlanner::PathPlannerNode(const rclcpp::NodeOptions& options[01;31m[K)[m[K
      |                                                                [01;31m[K^[m[K
[01m[K/home/john/Desktop/rp_ros2_rviz/src/pathplanner_node.cpp:[m[K In member function ‘[01m[Kint PathPlanner::PathPlannerNode(const rclcpp::NodeOptions&)[m[K’:
[01m[K/home/john/Desktop/rp_ros2_rviz/src/pathplanner_node.cpp:4:3:[m[K [01;31m[Kerror: [m[Konly constructors take member initializers
    4 | : [01;31m[KNode[m[K("pathplanner_node", options){
      |   [01;31m[K^~~~[m[K
[01m[K/home/john/Desktop/rp_ros2_rviz/src/pathplanner_node.cpp:29:5:[m[K [01;35m[Kwarning: [m[Kno return statement in function returning non-void [[01;35m[K-Wreturn-type[m[K]
   29 |     [01;35m[K}[m[K
      |     [01;35m[K^[m[K
[01m[K/home/john/Desktop/rp_ros2_rviz/src/pathplanner_node.cpp:[m[K In function ‘[01m[Kvoid goalCallback(geometry_msgs::msg::Point_<std::allocator<void> >::SharedPtr)[m[K’:
[01m[K/home/john/Desktop/rp_ros2_rviz/src/pathplanner_node.cpp:33:9:[m[K [01;31m[Kerror: [m[K‘[01m[Klatest_goal_position[m[K’ was not declared in this scope
   33 |         [01;31m[Klatest_goal_position[m[K = Eigen::Vector2f(msg->x, msg->y);
      |         [01;31m[K^~~~~~~~~~~~~~~~~~~~[m[K
[01m[K/home/john/Desktop/rp_ros2_rviz/src/pathplanner_node.cpp:34:9:[m[K [01;31m[Kerror: [m[K‘[01m[Khas_goal_[m[K’ was not declared in this scope
   34 |         [01;31m[Khas_goal_[m[K = true;
      |         [01;31m[K^~~~~~~~~[m[K
[01m[K/home/john/Desktop/rp_ros2_rviz/src/pathplanner_node.cpp:36:14:[m[K [01;31m[Kerror: [m[K‘[01m[Kis_moving_[m[K’ was not declared in this scope
   36 |         if (![01;31m[Kis_moving_[m[K && has_robot_position_ && dmap_ready_ ) {
      |              [01;31m[K^~~~~~~~~~[m[K
[01m[K/home/john/Desktop/rp_ros2_rviz/src/pathplanner_node.cpp:36:28:[m[K [01;31m[Kerror: [m[K‘[01m[Khas_robot_position_[m[K’ was not declared in this scope
   36 |         if (!is_moving_ && [01;31m[Khas_robot_position_[m[K && dmap_ready_ ) {
      |                            [01;31m[K^~~~~~~~~~~~~~~~~~~[m[K
[01m[K/home/john/Desktop/rp_ros2_rviz/src/pathplanner_node.cpp:36:51:[m[K [01;31m[Kerror: [m[K‘[01m[Kdmap_ready_[m[K’ was not declared in this scope
   36 |         if (!is_moving_ && has_robot_position_ && [01;31m[Kdmap_ready_[m[K ) {
      |                                                   [01;31m[K^~~~~~~~~~~[m[K
In file included from [01m[K/opt/ros/foxy/include/rclcpp/service.hpp:34[m[K,
                 from [01m[K/opt/ros/foxy/include/rclcpp/callback_group.hpp:25[m[K,
                 from [01m[K/opt/ros/foxy/include/rclcpp/any_executable.hpp:20[m[K,
                 from [01m[K/opt/ros/foxy/include/rclcpp/memory_strategy.hpp:24[m[K,
                 from [01m[K/opt/ros/foxy/include/rclcpp/memory_strategies.hpp:18[m[K,
                 from [01m[K/opt/ros/foxy/include/rclcpp/executor_options.hpp:20[m[K,
                 from [01m[K/opt/ros/foxy/include/rclcpp/executor.hpp:33[m[K,
                 from [01m[K/opt/ros/foxy/include/rclcpp/executors/multi_threaded_executor.hpp:26[m[K,
                 from [01m[K/opt/ros/foxy/include/rclcpp/executors.hpp:21[m[K,
                 from [01m[K/opt/ros/foxy/include/rclcpp/rclcpp.hpp:146[m[K,
                 from [01m[K/home/john/Desktop/rp_ros2_rviz/include/rp_ros2_rviz/pathplanner.h:2[m[K,
                 from [01m[K/home/john/Desktop/rp_ros2_rviz/src/pathplanner_node.cpp:1[m[K:
[01m[K/home/john/Desktop/rp_ros2_rviz/src/pathplanner_node.cpp:38:25:[m[K [01;31m[Kerror: [m[Kinvalid use of ‘[01m[Kthis[m[K’ in non-member function
   38 |             RCLCPP_INFO([01;31m[Kthis[m[K->get_logger(), "Click received: (%.2f, %.2f)", latest_goal_position.x(), latest_goal_position.y());
      |                         [01;31m[K^~~~[m[K
[01m[K/home/john/Desktop/rp_ros2_rviz/src/pathplanner_node.cpp:38:25:[m[K [01;31m[Kerror: [m[Kinvalid use of ‘[01m[Kthis[m[K’ in non-member function
[01m[K/home/john/Desktop/rp_ros2_rviz/src/pathplanner_node.cpp:38:13:[m[K [01;31m[Kerror: [m[Ktemplate argument 1 is invalid
   38 |             [01;31m[KRCLCPP_INFO[m[K(this->get_logger(), "Click received: (%.2f, %.2f)", latest_goal_position.x(), latest_goal_position.y());
      |             [01;31m[K^~~~~~~~~~~[m[K
[01m[K/home/john/Desktop/rp_ros2_rviz/src/pathplanner_node.cpp:38:13:[m[K [01;31m[Kerror: [m[Ktemplate argument 1 is invalid
   38 |             [01;31m[KRCLCPP_INFO[m[K(this->get_logger(), "Click received: (%.2f, %.2f)", latest_goal_position.x(), latest_goal_position.y());
      |             [01;31m[K^~~~~~~~~~~[m[K
[01m[K/home/john/Desktop/rp_ros2_rviz/src/pathplanner_node.cpp:38:13:[m[K [01;31m[Kerror: [m[Ktemplate argument 1 is invalid
   38 |             [01;31m[KRCLCPP_INFO[m[K(this->get_logger(), "Click received: (%.2f, %.2f)", latest_goal_position.x(), latest_goal_position.y());
      |             [01;31m[K^~~~~~~~~~~[m[K
In file included from [01m[K/opt/ros/foxy/include/rclcpp/client.hpp:40[m[K,
                 from [01m[K/opt/ros/foxy/include/rclcpp/callback_group.hpp:23[m[K,
                 from [01m[K/opt/ros/foxy/include/rclcpp/any_executable.hpp:20[m[K,
                 from [01m[K/opt/ros/foxy/include/rclcpp/memory_strategy.hpp:24[m[K,
                 from [01m[K/opt/ros/foxy/include/rclcpp/memory_strategies.hpp:18[m[K,
                 from [01m[K/opt/ros/foxy/include/rclcpp/executor_options.hpp:20[m[K,
                 from [01m[K/opt/ros/foxy/include/rclcpp/executor.hpp:33[m[K,
                 from [01m[K/opt/ros/foxy/include/rclcpp/executors/multi_threaded_executor.hpp:26[m[K,
                 from [01m[K/opt/ros/foxy/include/rclcpp/executors.hpp:21[m[K,
                 from [01m[K/opt/ros/foxy/include/rclcpp/rclcpp.hpp:146[m[K,
                 from [01m[K/home/john/Desktop/rp_ros2_rviz/include/rp_ros2_rviz/pathplanner.h:2[m[K,
                 from [01m[K/home/john/Desktop/rp_ros2_rviz/src/pathplanner_node.cpp:1[m[K:
[01m[K/home/john/Desktop/rp_ros2_rviz/src/pathplanner_node.cpp:38:25:[m[K [01;31m[Kerror: [m[Kinvalid use of ‘[01m[Kthis[m[K’ in non-member function
   38 |             RCLCPP_INFO([01;31m[Kthis[m[K->get_logger(), "Click received: (%.2f, %.2f)", latest_goal_position.x(), latest_goal_position.y());
      |                         [01;31m[K^~~~[m[K
[01m[K/home/john/Desktop/rp_ros2_rviz/src/pathplanner_node.cpp:38:25:[m[K [01;31m[Kerror: [m[Kinvalid use of ‘[01m[Kthis[m[K’ in non-member function
   38 |             RCLCPP_INFO([01;31m[Kthis[m[K->get_logger(), "Click received: (%.2f, %.2f)", latest_goal_position.x(), latest_goal_position.y());
      |                         [01;31m[K^~~~[m[K
[01m[K/home/john/Desktop/rp_ros2_rviz/src/pathplanner_node.cpp:39:22:[m[K [01;31m[Kerror: [m[Kinvalid use of ‘[01m[Kthis[m[K’ in non-member function
   39 |             makePath([01;31m[Kthis[m[K->dmap, 0.05, 1.0,latest_goal_position);
      |                      [01;31m[K^~~~[m[K
[01m[K/home/john/Desktop/rp_ros2_rviz/src/pathplanner_node.cpp:39:13:[m[K [01;31m[Kerror: [m[K‘[01m[KmakePath[m[K’ was not declared in this scope
   39 |             [01;31m[KmakePath[m[K(this->dmap, 0.05, 1.0,latest_goal_position);
      |             [01;31m[K^~~~~~~~[m[K
[01m[K/home/john/Desktop/rp_ros2_rviz/src/pathplanner_node.cpp:[m[K In function ‘[01m[Kvoid robotCallback(geometry_msgs::msg::Point_<std::allocator<void> >::SharedPtr)[m[K’:
[01m[K/home/john/Desktop/rp_ros2_rviz/src/pathplanner_node.cpp:47:9:[m[K [01;31m[Kerror: [m[K‘[01m[Klatest_robot_position[m[K’ was not declared in this scope
   47 |         [01;31m[Klatest_robot_position[m[K = Eigen::Vector2f(msg->x, msg->y);
      |         [01;31m[K^~~~~~~~~~~~~~~~~~~~~[m[K
[01m[K/home/john/Desktop/rp_ros2_rviz/src/pathplanner_node.cpp:48:9:[m[K [01;31m[Kerror: [m[K‘[01m[Khas_robot_position_[m[K’ was not declared in this scope
   48 |         [01;31m[Khas_robot_position_[m[K = true;
      |         [01;31m[K^~~~~~~~~~~~~~~~~~~[m[K
In file included from [01m[K/opt/ros/foxy/include/rclcpp/service.hpp:34[m[K,
                 from [01m[K/opt/ros/foxy/include/rclcpp/callback_group.hpp:25[m[K,
                 from [01m[K/opt/ros/foxy/include/rclcpp/any_executable.hpp:20[m[K,
                 from [01m[K/opt/ros/foxy/include/rclcpp/memory_strategy.hpp:24[m[K,
                 from [01m[K/opt/ros/foxy/include/rclcpp/memory_strategies.hpp:18[m[K,
                 from [01m[K/opt/ros/foxy/include/rclcpp/executor_options.hpp:20[m[K,
                 from [01m[K/opt/ros/foxy/include/rclcpp/executor.hpp:33[m[K,
                 from [01m[K/opt/ros/foxy/include/rclcpp/executors/multi_threaded_executor.hpp:26[m[K,
                 from [01m[K/opt/ros/foxy/include/rclcpp/executors.hpp:21[m[K,
                 from [01m[K/opt/ros/foxy/include/rclcpp/rclcpp.hpp:146[m[K,
                 from [01m[K/home/john/Desktop/rp_ros2_rviz/include/rp_ros2_rviz/pathplanner.h:2[m[K,
                 from [01m[K/home/john/Desktop/rp_ros2_rviz/src/pathplanner_node.cpp:1[m[K:
[01m[K/home/john/Desktop/rp_ros2_rviz/src/pathplanner_node.cpp:49:21:[m[K [01;31m[Kerror: [m[Kinvalid use of ‘[01m[Kthis[m[K’ in non-member function
   49 |         RCLCPP_INFO([01;31m[Kthis[m[K->get_logger(), "Updated Robot Position: (%.2f, %.2f)",
      |                     [01;31m[K^~~~[m[K
[01m[K/home/john/Desktop/rp_ros2_rviz/src/pathplanner_node.cpp:49:21:[m[K [01;31m[Kerror: [m[Kinvalid use of ‘[01m[Kthis[m[K’ in non-member function
[01m[K/home/john/Desktop/rp_ros2_rviz/src/pathplanner_node.cpp:49:9:[m[K [01;31m[Kerror: [m[Ktemplate argument 1 is invalid
   49 |         [01;31m[KRCLCPP_INFO[m[K(this->get_logger(), "Updated Robot Position: (%.2f, %.2f)",
      |         [01;31m[K^~~~~~~~~~~[m[K
[01m[K/home/john/Desktop/rp_ros2_rviz/src/pathplanner_node.cpp:49:9:[m[K [01;31m[Kerror: [m[Ktemplate argument 1 is invalid
   49 |         [01;31m[KRCLCPP_INFO[m[K(this->get_logger(), "Updated Robot Position: (%.2f, %.2f)",
      |         [01;31m[K^~~~~~~~~~~[m[K
[01m[K/home/john/Desktop/rp_ros2_rviz/src/pathplanner_node.cpp:49:9:[m[K [01;31m[Kerror: [m[Ktemplate argument 1 is invalid
   49 |         [01;31m[KRCLCPP_INFO[m[K(this->get_logger(), "Updated Robot Position: (%.2f, %.2f)",
      |         [01;31m[K^~~~~~~~~~~[m[K
In file included from [01m[K/opt/ros/foxy/include/rclcpp/client.hpp:40[m[K,
                 from [01m[K/opt/ros/foxy/include/rclcpp/callback_group.hpp:23[m[K,
                 from [01m[K/opt/ros/foxy/include/rclcpp/any_executable.hpp:20[m[K,
                 from [01m[K/opt/ros/foxy/include/rclcpp/memory_strategy.hpp:24[m[K,
                 from [01m[K/opt/ros/foxy/include/rclcpp/memory_strategies.hpp:18[m[K,
                 from [01m[K/opt/ros/foxy/include/rclcpp/executor_options.hpp:20[m[K,
                 from [01m[K/opt/ros/foxy/include/rclcpp/executor.hpp:33[m[K,
                 from [01m[K/opt/ros/foxy/include/rclcpp/executors/multi_threaded_executor.hpp:26[m[K,
                 from [01m[K/opt/ros/foxy/include/rclcpp/executors.hpp:21[m[K,
                 from [01m[K/opt/ros/foxy/include/rclcpp/rclcpp.hpp:146[m[K,
                 from [01m[K/home/john/Desktop/rp_ros2_rviz/include/rp_ros2_rviz/pathplanner.h:2[m[K,
                 from [01m[K/home/john/Desktop/rp_ros2_rviz/src/pathplanner_node.cpp:1[m[K:
[01m[K/home/john/Desktop/rp_ros2_rviz/src/pathplanner_node.cpp:49:21:[m[K [01;31m[Kerror: [m[Kinvalid use of ‘[01m[Kthis[m[K’ in non-member function
   49 |         RCLCPP_INFO([01;31m[Kthis[m[K->get_logger(), "Updated Robot Position: (%.2f, %.2f)",
      |                     [01;31m[K^~~~[m[K
[01m[K/home/john/Desktop/rp_ros2_rviz/src/pathplanner_node.cpp:49:21:[m[K [01;31m[Kerror: [m[Kinvalid use of ‘[01m[Kthis[m[K’ in non-member function
   49 |         RCLCPP_INFO([01;31m[Kthis[m[K->get_logger(), "Updated Robot Position: (%.2f, %.2f)",
      |                     [01;31m[K^~~~[m[K
[01m[K/home/john/Desktop/rp_ros2_rviz/src/pathplanner_node.cpp:51:14:[m[K [01;31m[Kerror: [m[K‘[01m[Kdmap_ready_[m[K’ was not declared in this scope
   51 |         if (![01;31m[Kdmap_ready_[m[K) return;
      |              [01;31m[K^~~~~~~~~~~[m[K
[01m[K/home/john/Desktop/rp_ros2_rviz/src/pathplanner_node.cpp:[m[K In function ‘[01m[Kvoid mapCallback(nav_msgs::msg::OccupancyGrid_<std::allocator<void> >::SharedPtr)[m[K’:
[01m[K/home/john/Desktop/rp_ros2_rviz/src/pathplanner_node.cpp:55:9:[m[K [01;31m[Kerror: [m[K‘[01m[Kbool_msg[m[K’ was not declared in this scope
   55 |         [01;31m[Kbool_msg[m[K.data = true;
      |         [01;31m[K^~~~~~~~[m[K
[01m[K/home/john/Desktop/rp_ros2_rviz/src/pathplanner_node.cpp:56:9:[m[K [01;31m[Kerror: [m[K‘[01m[Kbool_pub_path[m[K’ was not declared in this scope
   56 |         [01;31m[Kbool_pub_path[m[K->publish(bool_msg);
      |         [01;31m[K^~~~~~~~~~~~~[m[K
[01m[K/home/john/Desktop/rp_ros2_rviz/src/pathplanner_node.cpp:58:13:[m[K [01;31m[Kerror: [m[K‘[01m[Ksub_[m[K’ was not declared in this scope
   58 |         if ([01;31m[Ksub_[m[K) {
      |             [01;31m[K^~~~[m[K
[01m[K/home/john/Desktop/rp_ros2_rviz/src/pathplanner_node.cpp:65:9:[m[K [01;31m[Kerror: [m[K‘[01m[Kdmap[m[K’ was not declared in this scope
   65 |         [01;31m[Kdmap[m[K =std::make_shared<DMap>(rows, cols);
      |         [01;31m[K^~~~[m[K
In file included from [01m[K/opt/ros/foxy/include/rclcpp/service.hpp:34[m[K,
                 from [01m[K/opt/ros/foxy/include/rclcpp/callback_group.hpp:25[m[K,
                 from [01m[K/opt/ros/foxy/include/rclcpp/any_executable.hpp:20[m[K,
                 from [01m[K/opt/ros/foxy/include/rclcpp/memory_strategy.hpp:24[m[K,
                 from [01m[K/opt/ros/foxy/include/rclcpp/memory_strategies.hpp:18[m[K,
                 from [01m[K/opt/ros/foxy/include/rclcpp/executor_options.hpp:20[m[K,
                 from [01m[K/opt/ros/foxy/include/rclcpp/executor.hpp:33[m[K,
                 from [01m[K/opt/ros/foxy/include/rclcpp/executors/multi_threaded_executor.hpp:26[m[K,
                 from [01m[K/opt/ros/foxy/include/rclcpp/executors.hpp:21[m[K,
                 from [01m[K/opt/ros/foxy/include/rclcpp/rclcpp.hpp:146[m[K,
                 from [01m[K/home/john/Desktop/rp_ros2_rviz/include/rp_ros2_rviz/pathplanner.h:2[m[K,
                 from [01m[K/home/john/Desktop/rp_ros2_rviz/src/pathplanner_node.cpp:1[m[K:
[01m[K/home/john/Desktop/rp_ros2_rviz/src/pathplanner_node.cpp:67:21:[m[K [01;31m[Kerror: [m[Kinvalid use of ‘[01m[Kthis[m[K’ in non-member function
   67 |         RCLCPP_INFO([01;31m[Kthis[m[K->get_logger(), "Getting the obstacles..");
      |                     [01;31m[K^~~~[m[K
[01m[K/home/john/Desktop/rp_ros2_rviz/src/pathplanner_node.cpp:67:21:[m[K [01;31m[Kerror: [m[Kinvalid use of ‘[01m[Kthis[m[K’ in non-member function
[01m[K/home/john/Desktop/rp_ros2_rviz/src/pathplanner_node.cpp:67:9:[m[K [01;31m[Kerror: [m[Ktemplate argument 1 is invalid
   67 |         [01;31m[KRCLCPP_INFO[m[K(this->get_logger(), "Getting the obstacles..");
      |         [01;31m[K^~~~~~~~~~~[m[K
[01m[K/home/john/Desktop/rp_ros2_rviz/src/pathplanner_node.cpp:67:9:[m[K [01;31m[Kerror: [m[Ktemplate argument 1 is invalid
   67 |         [01;31m[KRCLCPP_INFO[m[K(this->get_logger(), "Getting the obstacles..");
      |         [01;31m[K^~~~~~~~~~~[m[K
[01m[K/home/john/Desktop/rp_ros2_rviz/src/pathplanner_node.cpp:67:9:[m[K [01;31m[Kerror: [m[Ktemplate argument 1 is invalid
   67 |         [01;31m[KRCLCPP_INFO[m[K(this->get_logger(), "Getting the obstacles..");
      |         [01;31m[K^~~~~~~~~~~[m[K
In file included from [01m[K/opt/ros/foxy/include/rclcpp/client.hpp:40[m[K,
                 from [01m[K/opt/ros/foxy/include/rclcpp/callback_group.hpp:23[m[K,
                 from [01m[K/opt/ros/foxy/include/rclcpp/any_executable.hpp:20[m[K,
                 from [01m[K/opt/ros/foxy/include/rclcpp/memory_strategy.hpp:24[m[K,
                 from [01m[K/opt/ros/foxy/include/rclcpp/memory_strategies.hpp:18[m[K,
                 from [01m[K/opt/ros/foxy/include/rclcpp/executor_options.hpp:20[m[K,
                 from [01m[K/opt/ros/foxy/include/rclcpp/executor.hpp:33[m[K,
                 from [01m[K/opt/ros/foxy/include/rclcpp/executors/multi_threaded_executor.hpp:26[m[K,
                 from [01m[K/opt/ros/foxy/include/rclcpp/executors.hpp:21[m[K,
                 from [01m[K/opt/ros/foxy/include/rclcpp/rclcpp.hpp:146[m[K,
                 from [01m[K/home/john/Desktop/rp_ros2_rviz/include/rp_ros2_rviz/pathplanner.h:2[m[K,
                 from [01m[K/home/john/Desktop/rp_ros2_rviz/src/pathplanner_node.cpp:1[m[K:
[01m[K/home/john/Desktop/rp_ros2_rviz/src/pathplanner_node.cpp:67:21:[m[K [01;31m[Kerror: [m[Kinvalid use of ‘[01m[Kthis[m[K’ in non-member function
   67 |         RCLCPP_INFO([01;31m[Kthis[m[K->get_logger(), "Getting the obstacles..");
      |                     [01;31m[K^~~~[m[K
[01m[K/home/john/Desktop/rp_ros2_rviz/src/pathplanner_node.cpp:67:21:[m[K [01;31m[Kerror: [m[Kinvalid use of ‘[01m[Kthis[m[K’ in non-member function
   67 |         RCLCPP_INFO([01;31m[Kthis[m[K->get_logger(), "Getting the obstacles..");
      |                     [01;31m[K^~~~[m[K
[01m[K/home/john/Desktop/rp_ros2_rviz/src/pathplanner_node.cpp:69:30:[m[K [01;31m[Kerror: [m[K‘[01m[KgetObstaclesFromGrid[m[K’ was not declared in this scope
   69 |         Vector2iVector obs = [01;31m[KgetObstaclesFromGrid[m[K(*msg);
      |                              [01;31m[K^~~~~~~~~~~~~~~~~~~~[m[K
In file included from [01m[K/opt/ros/foxy/include/rclcpp/service.hpp:34[m[K,
                 from [01m[K/opt/ros/foxy/include/rclcpp/callback_group.hpp:25[m[K,
                 from [01m[K/opt/ros/foxy/include/rclcpp/any_executable.hpp:20[m[K,
                 from [01m[K/opt/ros/foxy/include/rclcpp/memory_strategy.hpp:24[m[K,
                 from [01m[K/opt/ros/foxy/include/rclcpp/memory_strategies.hpp:18[m[K,
                 from [01m[K/opt/ros/foxy/include/rclcpp/executor_options.hpp:20[m[K,
                 from [01m[K/opt/ros/foxy/include/rclcpp/executor.hpp:33[m[K,
                 from [01m[K/opt/ros/foxy/include/rclcpp/executors/multi_threaded_executor.hpp:26[m[K,
                 from [01m[K/opt/ros/foxy/include/rclcpp/executors.hpp:21[m[K,
                 from [01m[K/opt/ros/foxy/include/rclcpp/rclcpp.hpp:146[m[K,
                 from [01m[K/home/john/Desktop/rp_ros2_rviz/include/rp_ros2_rviz/pathplanner.h:2[m[K,
                 from [01m[K/home/john/Desktop/rp_ros2_rviz/src/pathplanner_node.cpp:1[m[K:
[01m[K/home/john/Desktop/rp_ros2_rviz/src/pathplanner_node.cpp:71:21:[m[K [01;31m[Kerror: [m[Kinvalid use of ‘[01m[Kthis[m[K’ in non-member function
   71 |         RCLCPP_INFO([01;31m[Kthis[m[K->get_logger(), "OK obstacles,updating dmap..");
      |                     [01;31m[K^~~~[m[K
[01m[K/home/john/Desktop/rp_ros2_rviz/src/pathplanner_node.cpp:71:21:[m[K [01;31m[Kerror: [m[Kinvalid use of ‘[01m[Kthis[m[K’ in non-member function
[01m[K/home/john/Desktop/rp_ros2_rviz/src/pathplanner_node.cpp:71:9:[m[K [01;31m[Kerror: [m[Ktemplate argument 1 is invalid
   71 |         [01;31m[KRCLCPP_INFO[m[K(this->get_logger(), "OK obstacles,updating dmap..");
      |         [01;31m[K^~~~~~~~~~~[m[K
[01m[K/home/john/Desktop/rp_ros2_rviz/src/pathplanner_node.cpp:71:9:[m[K [01;31m[Kerror: [m[Ktemplate argument 1 is invalid
   71 |         [01;31m[KRCLCPP_INFO[m[K(this->get_logger(), "OK obstacles,updating dmap..");
      |         [01;31m[K^~~~~~~~~~~[m[K
[01m[K/home/john/Desktop/rp_ros2_rviz/src/pathplanner_node.cpp:71:9:[m[K [01;31m[Kerror: [m[Ktemplate argument 1 is invalid
   71 |         [01;31m[KRCLCPP_INFO[m[K(this->get_logger(), "OK obstacles,updating dmap..");
      |         [01;31m[K^~~~~~~~~~~[m[K
In file included from [01m[K/opt/ros/foxy/include/rclcpp/client.hpp:40[m[K,
                 from [01m[K/opt/ros/foxy/include/rclcpp/callback_group.hpp:23[m[K,
                 from [01m[K/opt/ros/foxy/include/rclcpp/any_executable.hpp:20[m[K,
                 from [01m[K/opt/ros/foxy/include/rclcpp/memory_strategy.hpp:24[m[K,
                 from [01m[K/opt/ros/foxy/include/rclcpp/memory_strategies.hpp:18[m[K,
                 from [01m[K/opt/ros/foxy/include/rclcpp/executor_options.hpp:20[m[K,
                 from [01m[K/opt/ros/foxy/include/rclcpp/executor.hpp:33[m[K,
                 from [01m[K/opt/ros/foxy/include/rclcpp/executors/multi_threaded_executor.hpp:26[m[K,
                 from [01m[K/opt/ros/foxy/include/rclcpp/executors.hpp:21[m[K,
                 from [01m[K/opt/ros/foxy/include/rclcpp/rclcpp.hpp:146[m[K,
                 from [01m[K/home/john/Desktop/rp_ros2_rviz/include/rp_ros2_rviz/pathplanner.h:2[m[K,
                 from [01m[K/home/john/Desktop/rp_ros2_rviz/src/pathplanner_node.cpp:1[m[K:
[01m[K/home/john/Desktop/rp_ros2_rviz/src/pathplanner_node.cpp:71:21:[m[K [01;31m[Kerror: [m[Kinvalid use of ‘[01m[Kthis[m[K’ in non-member function
   71 |         RCLCPP_INFO([01;31m[Kthis[m[K->get_logger(), "OK obstacles,updating dmap..");
      |                     [01;31m[K^~~~[m[K
[01m[K/home/john/Desktop/rp_ros2_rviz/src/pathplanner_node.cpp:71:21:[m[K [01;31m[Kerror: [m[Kinvalid use of ‘[01m[Kthis[m[K’ in non-member function
   71 |         RCLCPP_INFO([01;31m[Kthis[m[K->get_logger(), "OK obstacles,updating dmap..");
      |                     [01;31m[K^~~~[m[K
In file included from [01m[K/opt/ros/foxy/include/rclcpp/service.hpp:34[m[K,
                 from [01m[K/opt/ros/foxy/include/rclcpp/callback_group.hpp:25[m[K,
                 from [01m[K/opt/ros/foxy/include/rclcpp/any_executable.hpp:20[m[K,
                 from [01m[K/opt/ros/foxy/include/rclcpp/memory_strategy.hpp:24[m[K,
                 from [01m[K/opt/ros/foxy/include/rclcpp/memory_strategies.hpp:18[m[K,
                 from [01m[K/opt/ros/foxy/include/rclcpp/executor_options.hpp:20[m[K,
                 from [01m[K/opt/ros/foxy/include/rclcpp/executor.hpp:33[m[K,
                 from [01m[K/opt/ros/foxy/include/rclcpp/executors/multi_threaded_executor.hpp:26[m[K,
                 from [01m[K/opt/ros/foxy/include/rclcpp/executors.hpp:21[m[K,
                 from [01m[K/opt/ros/foxy/include/rclcpp/rclcpp.hpp:146[m[K,
                 from [01m[K/home/john/Desktop/rp_ros2_rviz/include/rp_ros2_rviz/pathplanner.h:2[m[K,
                 from [01m[K/home/john/Desktop/rp_ros2_rviz/src/pathplanner_node.cpp:1[m[K:
[01m[K/home/john/Desktop/rp_ros2_rviz/src/pathplanner_node.cpp:74:21:[m[K [01;31m[Kerror: [m[Kinvalid use of ‘[01m[Kthis[m[K’ in non-member function
   74 |         RCLCPP_INFO([01;31m[Kthis[m[K->get_logger(), "OK updating dmap..");
      |                     [01;31m[K^~~~[m[K
[01m[K/home/john/Desktop/rp_ros2_rviz/src/pathplanner_node.cpp:74:21:[m[K [01;31m[Kerror: [m[Kinvalid use of ‘[01m[Kthis[m[K’ in non-member function
[01m[K/home/john/Desktop/rp_ros2_rviz/src/pathplanner_node.cpp:74:9:[m[K [01;31m[Kerror: [m[Ktemplate argument 1 is invalid
   74 |         [01;31m[KRCLCPP_INFO[m[K(this->get_logger(), "OK updating dmap..");
      |         [01;31m[K^~~~~~~~~~~[m[K
[01m[K/home/john/Desktop/rp_ros2_rviz/src/pathplanner_node.cpp:74:9:[m[K [01;31m[Kerror: [m[Ktemplate argument 1 is invalid
   74 |         [01;31m[KRCLCPP_INFO[m[K(this->get_logger(), "OK updating dmap..");
      |         [01;31m[K^~~~~~~~~~~[m[K
[01m[K/home/john/Desktop/rp_ros2_rviz/src/pathplanner_node.cpp:74:9:[m[K [01;31m[Kerror: [m[Ktemplate argument 1 is invalid
   74 |         [01;31m[KRCLCPP_INFO[m[K(this->get_logger(), "OK updating dmap..");
      |         [01;31m[K^~~~~~~~~~~[m[K
In file included from [01m[K/opt/ros/foxy/include/rclcpp/client.hpp:40[m[K,
                 from [01m[K/opt/ros/foxy/include/rclcpp/callback_group.hpp:23[m[K,
                 from [01m[K/opt/ros/foxy/include/rclcpp/any_executable.hpp:20[m[K,
                 from [01m[K/opt/ros/foxy/include/rclcpp/memory_strategy.hpp:24[m[K,
                 from [01m[K/opt/ros/foxy/include/rclcpp/memory_strategies.hpp:18[m[K,
                 from [01m[K/opt/ros/foxy/include/rclcpp/executor_options.hpp:20[m[K,
                 from [01m[K/opt/ros/foxy/include/rclcpp/executor.hpp:33[m[K,
                 from [01m[K/opt/ros/foxy/include/rclcpp/executors/multi_threaded_executor.hpp:26[m[K,
                 from [01m[K/opt/ros/foxy/include/rclcpp/executors.hpp:21[m[K,
                 from [01m[K/opt/ros/foxy/include/rclcpp/rclcpp.hpp:146[m[K,
                 from [01m[K/home/john/Desktop/rp_ros2_rviz/include/rp_ros2_rviz/pathplanner.h:2[m[K,
                 from [01m[K/home/john/Desktop/rp_ros2_rviz/src/pathplanner_node.cpp:1[m[K:
[01m[K/home/john/Desktop/rp_ros2_rviz/src/pathplanner_node.cpp:74:21:[m[K [01;31m[Kerror: [m[Kinvalid use of ‘[01m[Kthis[m[K’ in non-member function
   74 |         RCLCPP_INFO([01;31m[Kthis[m[K->get_logger(), "OK updating dmap..");
      |                     [01;31m[K^~~~[m[K
[01m[K/home/john/Desktop/rp_ros2_rviz/src/pathplanner_node.cpp:74:21:[m[K [01;31m[Kerror: [m[Kinvalid use of ‘[01m[Kthis[m[K’ in non-member function
   74 |         RCLCPP_INFO([01;31m[Kthis[m[K->get_logger(), "OK updating dmap..");
      |                     [01;31m[K^~~~[m[K
[01m[K/home/john/Desktop/rp_ros2_rviz/src/pathplanner_node.cpp:75:9:[m[K [01;31m[Kerror: [m[K‘[01m[Kdmap_ready_[m[K’ was not declared in this scope
   75 |         [01;31m[Kdmap_ready_[m[K = true;
      |         [01;31m[K^~~~~~~~~~~[m[K
[01m[K/home/john/Desktop/rp_ros2_rviz/src/pathplanner_node.cpp:76:9:[m[K [01;31m[Kerror: [m[K‘[01m[Kpath_generated_[m[K’ was not declared in this scope
   76 |         [01;31m[Kpath_generated_[m[K = false;
      |         [01;31m[K^~~~~~~~~~~~~~~[m[K
[01m[K/home/john/Desktop/rp_ros2_rviz/src/pathplanner_node.cpp:79:9:[m[K [01;31m[Kerror: [m[K‘[01m[Kplanner[m[K’ was not declared in this scope; did you mean ‘[01m[KDMapPlanner[m[K’?
   79 |         [01;31m[Kplanner[m[K.init(0.05, 0.3, 1.0, *dmap);
      |         [01;31m[K^~~~~~~[m[K
      |         [32m[KDMapPlanner[m[K
In file included from [01m[K/opt/ros/foxy/include/rclcpp/service.hpp:34[m[K,
                 from [01m[K/opt/ros/foxy/include/rclcpp/callback_group.hpp:25[m[K,
                 from [01m[K/opt/ros/foxy/include/rclcpp/any_executable.hpp:20[m[K,
                 from [01m[K/opt/ros/foxy/include/rclcpp/memory_strategy.hpp:24[m[K,
                 from [01m[K/opt/ros/foxy/include/rclcpp/memory_strategies.hpp:18[m[K,
                 from [01m[K/opt/ros/foxy/include/rclcpp/executor_options.hpp:20[m[K,
                 from [01m[K/opt/ros/foxy/include/rclcpp/executor.hpp:33[m[K,
                 from [01m[K/opt/ros/foxy/include/rclcpp/executors/multi_threaded_executor.hpp:26[m[K,
                 from [01m[K/opt/ros/foxy/include/rclcpp/executors.hpp:21[m[K,
                 from [01m[K/opt/ros/foxy/include/rclcpp/rclcpp.hpp:146[m[K,
                 from [01m[K/home/john/Desktop/rp_ros2_rviz/include/rp_ros2_rviz/pathplanner.h:2[m[K,
                 from [01m[K/home/john/Desktop/rp_ros2_rviz/src/pathplanner_node.cpp:1[m[K:
[01m[K/home/john/Desktop/rp_ros2_rviz/src/pathplanner_node.cpp:81:21:[m[K [01;31m[Kerror: [m[Kinvalid use of ‘[01m[Kthis[m[K’ in non-member function
   81 |         RCLCPP_INFO([01;31m[Kthis[m[K->get_logger(), "Mapping size: %d rows × %d cols",
      |                     [01;31m[K^~~~[m[K
[01m[K/home/john/Desktop/rp_ros2_rviz/src/pathplanner_node.cpp:81:21:[m[K [01;31m[Kerror: [m[Kinvalid use of ‘[01m[Kthis[m[K’ in non-member function
[01m[K/home/john/Desktop/rp_ros2_rviz/src/pathplanner_node.cpp:81:9:[m[K [01;31m[Kerror: [m[Ktemplate argument 1 is invalid
   81 |         [01;31m[KRCLCPP_INFO[m[K(this->get_logger(), "Mapping size: %d rows × %d cols",
      |         [01;31m[K^~~~~~~~~~~[m[K
[01m[K/home/john/Desktop/rp_ros2_rviz/src/pathplanner_node.cpp:81:9:[m[K [01;31m[Kerror: [m[Ktemplate argument 1 is invalid
   81 |         [01;31m[KRCLCPP_INFO[m[K(this->get_logger(), "Mapping size: %d rows × %d cols",
      |         [01;31m[K^~~~~~~~~~~[m[K
[01m[K/home/john/Desktop/rp_ros2_rviz/src/pathplanner_node.cpp:81:9:[m[K [01;31m[Kerror: [m[Ktemplate argument 1 is invalid
   81 |         [01;31m[KRCLCPP_INFO[m[K(this->get_logger(), "Mapping size: %d rows × %d cols",
      |         [01;31m[K^~~~~~~~~~~[m[K
In file included from [01m[K/opt/ros/foxy/include/rclcpp/client.hpp:40[m[K,
                 from [01m[K/opt/ros/foxy/include/rclcpp/callback_group.hpp:23[m[K,
                 from [01m[K/opt/ros/foxy/include/rclcpp/any_executable.hpp:20[m[K,
                 from [01m[K/opt/ros/foxy/include/rclcpp/memory_strategy.hpp:24[m[K,
                 from [01m[K/opt/ros/foxy/include/rclcpp/memory_strategies.hpp:18[m[K,
                 from [01m[K/opt/ros/foxy/include/rclcpp/executor_options.hpp:20[m[K,
                 from [01m[K/opt/ros/foxy/include/rclcpp/executor.hpp:33[m[K,
                 from [01m[K/opt/ros/foxy/include/rclcpp/executors/multi_threaded_executor.hpp:26[m[K,
                 from [01m[K/opt/ros/foxy/include/rclcpp/executors.hpp:21[m[K,
                 from [01m[K/opt/ros/foxy/include/rclcpp/rclcpp.hpp:146[m[K,
                 from [01m[K/home/john/Desktop/rp_ros2_rviz/include/rp_ros2_rviz/pathplanner.h:2[m[K,
                 from [01m[K/home/john/Desktop/rp_ros2_rviz/src/pathplanner_node.cpp:1[m[K:
[01m[K/home/john/Desktop/rp_ros2_rviz/src/pathplanner_node.cpp:81:21:[m[K [01;31m[Kerror: [m[Kinvalid use of ‘[01m[Kthis[m[K’ in non-member function
   81 |         RCLCPP_INFO([01;31m[Kthis[m[K->get_logger(), "Mapping size: %d rows × %d cols",
      |                     [01;31m[K^~~~[m[K
[01m[K/home/john/Desktop/rp_ros2_rviz/src/pathplanner_node.cpp:81:21:[m[K [01;31m[Kerror: [m[Kinvalid use of ‘[01m[Kthis[m[K’ in non-member function
   81 |         RCLCPP_INFO([01;31m[Kthis[m[K->get_logger(), "Mapping size: %d rows × %d cols",
      |                     [01;31m[K^~~~[m[K
In file included from [01m[K/opt/ros/foxy/include/rclcpp/service.hpp:34[m[K,
                 from [01m[K/opt/ros/foxy/include/rclcpp/callback_group.hpp:25[m[K,
                 from [01m[K/opt/ros/foxy/include/rclcpp/any_executable.hpp:20[m[K,
                 from [01m[K/opt/ros/foxy/include/rclcpp/memory_strategy.hpp:24[m[K,
                 from [01m[K/opt/ros/foxy/include/rclcpp/memory_strategies.hpp:18[m[K,
                 from [01m[K/opt/ros/foxy/include/rclcpp/executor_options.hpp:20[m[K,
                 from [01m[K/opt/ros/foxy/include/rclcpp/executor.hpp:33[m[K,
                 from [01m[K/opt/ros/foxy/include/rclcpp/executors/multi_threaded_executor.hpp:26[m[K,
                 from [01m[K/opt/ros/foxy/include/rclcpp/executors.hpp:21[m[K,
                 from [01m[K/opt/ros/foxy/include/rclcpp/rclcpp.hpp:146[m[K,
                 from [01m[K/home/john/Desktop/rp_ros2_rviz/include/rp_ros2_rviz/pathplanner.h:2[m[K,
                 from [01m[K/home/john/Desktop/rp_ros2_rviz/src/pathplanner_node.cpp:1[m[K:
[01m[K/home/john/Desktop/rp_ros2_rviz/src/pathplanner_node.cpp:84:21:[m[K [01;31m[Kerror: [m[Kinvalid use of ‘[01m[Kthis[m[K’ in non-member function
   84 |         RCLCPP_INFO([01;31m[Kthis[m[K->get_logger(), "Mapping center: (%.2f, %.2f)",
      |                     [01;31m[K^~~~[m[K
[01m[K/home/john/Desktop/rp_ros2_rviz/src/pathplanner_node.cpp:84:21:[m[K [01;31m[Kerror: [m[Kinvalid use of ‘[01m[Kthis[m[K’ in non-member function
[01m[K/home/john/Desktop/rp_ros2_rviz/src/pathplanner_node.cpp:84:9:[m[K [01;31m[Kerror: [m[Ktemplate argument 1 is invalid
   84 |         [01;31m[KRCLCPP_INFO[m[K(this->get_logger(), "Mapping center: (%.2f, %.2f)",
      |         [01;31m[K^~~~~~~~~~~[m[K
[01m[K/home/john/Desktop/rp_ros2_rviz/src/pathplanner_node.cpp:84:9:[m[K [01;31m[Kerror: [m[Ktemplate argument 1 is invalid
   84 |         [01;31m[KRCLCPP_INFO[m[K(this->get_logger(), "Mapping center: (%.2f, %.2f)",
      |         [01;31m[K^~~~~~~~~~~[m[K
[01m[K/home/john/Desktop/rp_ros2_rviz/src/pathplanner_node.cpp:84:9:[m[K [01;31m[Kerror: [m[Ktemplate argument 1 is invalid
   84 |         [01;31m[KRCLCPP_INFO[m[K(this->get_logger(), "Mapping center: (%.2f, %.2f)",
      |         [01;31m[K^~~~~~~~~~~[m[K
In file included from [01m[K/opt/ros/foxy/include/rclcpp/client.hpp:40[m[K,
                 from [01m[K/opt/ros/foxy/include/rclcpp/callback_group.hpp:23[m[K,
                 from [01m[K/opt/ros/foxy/include/rclcpp/any_executable.hpp:20[m[K,
                 from [01m[K/opt/ros/foxy/include/rclcpp/memory_strategy.hpp:24[m[K,
                 from [01m[K/opt/ros/foxy/include/rclcpp/memory_strategies.hpp:18[m[K,
                 from [01m[K/opt/ros/foxy/include/rclcpp/executor_options.hpp:20[m[K,
                 from [01m[K/opt/ros/foxy/include/rclcpp/executor.hpp:33[m[K,
                 from [01m[K/opt/ros/foxy/include/rclcpp/executors/multi_threaded_executor.hpp:26[m[K,
                 from [01m[K/opt/ros/foxy/include/rclcpp/executors.hpp:21[m[K,
                 from [01m[K/opt/ros/foxy/include/rclcpp/rclcpp.hpp:146[m[K,
                 from [01m[K/home/john/Desktop/rp_ros2_rviz/include/rp_ros2_rviz/pathplanner.h:2[m[K,
                 from [01m[K/home/john/Desktop/rp_ros2_rviz/src/pathplanner_node.cpp:1[m[K:
[01m[K/home/john/Desktop/rp_ros2_rviz/src/pathplanner_node.cpp:84:21:[m[K [01;31m[Kerror: [m[Kinvalid use of ‘[01m[Kthis[m[K’ in non-member function
   84 |         RCLCPP_INFO([01;31m[Kthis[m[K->get_logger(), "Mapping center: (%.2f, %.2f)",
      |                     [01;31m[K^~~~[m[K
[01m[K/home/john/Desktop/rp_ros2_rviz/src/pathplanner_node.cpp:84:21:[m[K [01;31m[Kerror: [m[Kinvalid use of ‘[01m[Kthis[m[K’ in non-member function
   84 |         RCLCPP_INFO([01;31m[Kthis[m[K->get_logger(), "Mapping center: (%.2f, %.2f)",
      |                     [01;31m[K^~~~[m[K
In file included from [01m[K/opt/ros/foxy/include/rclcpp/service.hpp:34[m[K,
                 from [01m[K/opt/ros/foxy/include/rclcpp/callback_group.hpp:25[m[K,
                 from [01m[K/opt/ros/foxy/include/rclcpp/any_executable.hpp:20[m[K,
                 from [01m[K/opt/ros/foxy/include/rclcpp/memory_strategy.hpp:24[m[K,
                 from [01m[K/opt/ros/foxy/include/rclcpp/memory_strategies.hpp:18[m[K,
                 from [01m[K/opt/ros/foxy/include/rclcpp/executor_options.hpp:20[m[K,
                 from [01m[K/opt/ros/foxy/include/rclcpp/executor.hpp:33[m[K,
                 from [01m[K/opt/ros/foxy/include/rclcpp/executors/multi_threaded_executor.hpp:26[m[K,
                 from [01m[K/opt/ros/foxy/include/rclcpp/executors.hpp:21[m[K,
                 from [01m[K/opt/ros/foxy/include/rclcpp/rclcpp.hpp:146[m[K,
                 from [01m[K/home/john/Desktop/rp_ros2_rviz/include/rp_ros2_rviz/pathplanner.h:2[m[K,
                 from [01m[K/home/john/Desktop/rp_ros2_rviz/src/pathplanner_node.cpp:1[m[K:
[01m[K/home/john/Desktop/rp_ros2_rviz/src/pathplanner_node.cpp:87:21:[m[K [01;31m[Kerror: [m[Kinvalid use of ‘[01m[Kthis[m[K’ in non-member function
   87 |         RCLCPP_INFO([01;31m[Kthis[m[K->get_logger(), "DMap ready planner initalized. Waiting Goal Click...");
      |                     [01;31m[K^~~~[m[K
[01m[K/home/john/Desktop/rp_ros2_rviz/src/pathplanner_node.cpp:87:21:[m[K [01;31m[Kerror: [m[Kinvalid use of ‘[01m[Kthis[m[K’ in non-member function
[01m[K/home/john/Desktop/rp_ros2_rviz/src/pathplanner_node.cpp:87:9:[m[K [01;31m[Kerror: [m[Ktemplate argument 1 is invalid
   87 |         [01;31m[KRCLCPP_INFO[m[K(this->get_logger(), "DMap ready planner initalized. Waiting Goal Click...");
      |         [01;31m[K^~~~~~~~~~~[m[K
[01m[K/home/john/Desktop/rp_ros2_rviz/src/pathplanner_node.cpp:87:9:[m[K [01;31m[Kerror: [m[Ktemplate argument 1 is invalid
   87 |         [01;31m[KRCLCPP_INFO[m[K(this->get_logger(), "DMap ready planner initalized. Waiting Goal Click...");
      |         [01;31m[K^~~~~~~~~~~[m[K
[01m[K/home/john/Desktop/rp_ros2_rviz/src/pathplanner_node.cpp:87:9:[m[K [01;31m[Kerror: [m[Ktemplate argument 1 is invalid
   87 |         [01;31m[KRCLCPP_INFO[m[K(this->get_logger(), "DMap ready planner initalized. Waiting Goal Click...");
      |         [01;31m[K^~~~~~~~~~~[m[K
In file included from [01m[K/opt/ros/foxy/include/rclcpp/client.hpp:40[m[K,
                 from [01m[K/opt/ros/foxy/include/rclcpp/callback_group.hpp:23[m[K,
                 from [01m[K/opt/ros/foxy/include/rclcpp/any_executable.hpp:20[m[K,
                 from [01m[K/opt/ros/foxy/include/rclcpp/memory_strategy.hpp:24[m[K,
                 from [01m[K/opt/ros/foxy/include/rclcpp/memory_strategies.hpp:18[m[K,
                 from [01m[K/opt/ros/foxy/include/rclcpp/executor_options.hpp:20[m[K,
                 from [01m[K/opt/ros/foxy/include/rclcpp/executor.hpp:33[m[K,
                 from [01m[K/opt/ros/foxy/include/rclcpp/executors/multi_threaded_executor.hpp:26[m[K,
                 from [01m[K/opt/ros/foxy/include/rclcpp/executors.hpp:21[m[K,
                 from [01m[K/opt/ros/foxy/include/rclcpp/rclcpp.hpp:146[m[K,
                 from [01m[K/home/john/Desktop/rp_ros2_rviz/include/rp_ros2_rviz/pathplanner.h:2[m[K,
                 from [01m[K/home/john/Desktop/rp_ros2_rviz/src/pathplanner_node.cpp:1[m[K:
[01m[K/home/john/Desktop/rp_ros2_rviz/src/pathplanner_node.cpp:87:21:[m[K [01;31m[Kerror: [m[Kinvalid use of ‘[01m[Kthis[m[K’ in non-member function
   87 |         RCLCPP_INFO([01;31m[Kthis[m[K->get_logger(), "DMap ready planner initalized. Waiting Goal Click...");
      |                     [01;31m[K^~~~[m[K
[01m[K/home/john/Desktop/rp_ros2_rviz/src/pathplanner_node.cpp:87:21:[m[K [01;31m[Kerror: [m[Kinvalid use of ‘[01m[Kthis[m[K’ in non-member function
   87 |         RCLCPP_INFO([01;31m[Kthis[m[K->get_logger(), "DMap ready planner initalized. Waiting Goal Click...");
      |                     [01;31m[K^~~~[m[K
[01m[K/home/john/Desktop/rp_ros2_rviz/src/pathplanner_node.cpp:[m[K In function ‘[01m[Kvoid makePath(const std::shared_ptr<DMap>&, float, float, const Vector2f&)[m[K’:
[01m[K/home/john/Desktop/rp_ros2_rviz/src/pathplanner_node.cpp:94:17:[m[K [01;31m[Kerror: [m[K‘[01m[Khas_robot_position_[m[K’ was not declared in this scope
   94 |         while (![01;31m[Khas_robot_position_[m[K && rclcpp::ok() && retries-- > 0) {
      |                 [01;31m[K^~~~~~~~~~~~~~~~~~~[m[K
In file included from [01m[K/opt/ros/foxy/include/rclcpp/service.hpp:34[m[K,
                 from [01m[K/opt/ros/foxy/include/rclcpp/callback_group.hpp:25[m[K,
                 from [01m[K/opt/ros/foxy/include/rclcpp/any_executable.hpp:20[m[K,
                 from [01m[K/opt/ros/foxy/include/rclcpp/memory_strategy.hpp:24[m[K,
                 from [01m[K/opt/ros/foxy/include/rclcpp/memory_strategies.hpp:18[m[K,
                 from [01m[K/opt/ros/foxy/include/rclcpp/executor_options.hpp:20[m[K,
                 from [01m[K/opt/ros/foxy/include/rclcpp/executor.hpp:33[m[K,
                 from [01m[K/opt/ros/foxy/include/rclcpp/executors/multi_threaded_executor.hpp:26[m[K,
                 from [01m[K/opt/ros/foxy/include/rclcpp/executors.hpp:21[m[K,
                 from [01m[K/opt/ros/foxy/include/rclcpp/rclcpp.hpp:146[m[K,
                 from [01m[K/home/john/Desktop/rp_ros2_rviz/include/rp_ros2_rviz/pathplanner.h:2[m[K,
                 from [01m[K/home/john/Desktop/rp_ros2_rviz/src/pathplanner_node.cpp:1[m[K:
[01m[K/home/john/Desktop/rp_ros2_rviz/src/pathplanner_node.cpp:95:25:[m[K [01;31m[Kerror: [m[Kinvalid use of ‘[01m[Kthis[m[K’ in non-member function
   95 |             RCLCPP_WARN([01;31m[Kthis[m[K->get_logger(), "Waiting Robot position...");
      |                         [01;31m[K^~~~[m[K
[01m[K/home/john/Desktop/rp_ros2_rviz/src/pathplanner_node.cpp:95:25:[m[K [01;31m[Kerror: [m[Kinvalid use of ‘[01m[Kthis[m[K’ in non-member function
[01m[K/home/john/Desktop/rp_ros2_rviz/src/pathplanner_node.cpp:95:13:[m[K [01;31m[Kerror: [m[Ktemplate argument 1 is invalid
   95 |             [01;31m[KRCLCPP_WARN[m[K(this->get_logger(), "Waiting Robot position...");
      |             [01;31m[K^~~~~~~~~~~[m[K
[01m[K/home/john/Desktop/rp_ros2_rviz/src/pathplanner_node.cpp:95:13:[m[K [01;31m[Kerror: [m[Ktemplate argument 1 is invalid
   95 |             [01;31m[KRCLCPP_WARN[m[K(this->get_logger(), "Waiting Robot position...");
      |             [01;31m[K^~~~~~~~~~~[m[K
[01m[K/home/john/Desktop/rp_ros2_rviz/src/pathplanner_node.cpp:95:13:[m[K [01;31m[Kerror: [m[Ktemplate argument 1 is invalid
   95 |             [01;31m[KRCLCPP_WARN[m[K(this->get_logger(), "Waiting Robot position...");
      |             [01;31m[K^~~~~~~~~~~[m[K
In file included from [01m[K/opt/ros/foxy/include/rclcpp/client.hpp:40[m[K,
                 from [01m[K/opt/ros/foxy/include/rclcpp/callback_group.hpp:23[m[K,
                 from [01m[K/opt/ros/foxy/include/rclcpp/any_executable.hpp:20[m[K,
                 from [01m[K/opt/ros/foxy/include/rclcpp/memory_strategy.hpp:24[m[K,
                 from [01m[K/opt/ros/foxy/include/rclcpp/memory_strategies.hpp:18[m[K,
                 from [01m[K/opt/ros/foxy/include/rclcpp/executor_options.hpp:20[m[K,
                 from [01m[K/opt/ros/foxy/include/rclcpp/executor.hpp:33[m[K,
                 from [01m[K/opt/ros/foxy/include/rclcpp/executors/multi_threaded_executor.hpp:26[m[K,
                 from [01m[K/opt/ros/foxy/include/rclcpp/executors.hpp:21[m[K,
                 from [01m[K/opt/ros/foxy/include/rclcpp/rclcpp.hpp:146[m[K,
                 from [01m[K/home/john/Desktop/rp_ros2_rviz/include/rp_ros2_rviz/pathplanner.h:2[m[K,
                 from [01m[K/home/john/Desktop/rp_ros2_rviz/src/pathplanner_node.cpp:1[m[K:
[01m[K/home/john/Desktop/rp_ros2_rviz/src/pathplanner_node.cpp:95:25:[m[K [01;31m[Kerror: [m[Kinvalid use of ‘[01m[Kthis[m[K’ in non-member function
   95 |             RCLCPP_WARN([01;31m[Kthis[m[K->get_logger(), "Waiting Robot position...");
      |                         [01;31m[K^~~~[m[K
[01m[K/home/john/Desktop/rp_ros2_rviz/src/pathplanner_node.cpp:95:25:[m[K [01;31m[Kerror: [m[Kinvalid use of ‘[01m[Kthis[m[K’ in non-member function
   95 |             RCLCPP_WARN([01;31m[Kthis[m[K->get_logger(), "Waiting Robot position...");
      |                         [01;31m[K^~~~[m[K
[01m[K/home/john/Desktop/rp_ros2_rviz/src/pathplanner_node.cpp:99:14:[m[K [01;31m[Kerror: [m[K‘[01m[Khas_robot_position_[m[K’ was not declared in this scope
   99 |         if (![01;31m[Khas_robot_position_[m[K) {
      |              [01;31m[K^~~~~~~~~~~~~~~~~~~[m[K
In file included from [01m[K/opt/ros/foxy/include/rclcpp/service.hpp:34[m[K,
                 from [01m[K/opt/ros/foxy/include/rclcpp/callback_group.hpp:25[m[K,
                 from [01m[K/opt/ros/foxy/include/rclcpp/any_executable.hpp:20[m[K,
                 from [01m[K/opt/ros/foxy/include/rclcpp/memory_strategy.hpp:24[m[K,
                 from [01m[K/opt/ros/foxy/include/rclcpp/memory_strategies.hpp:18[m[K,
                 from [01m[K/opt/ros/foxy/include/rclcpp/executor_options.hpp:20[m[K,
                 from [01m[K/opt/ros/foxy/include/rclcpp/executor.hpp:33[m[K,
                 from [01m[K/opt/ros/foxy/include/rclcpp/executors/multi_threaded_executor.hpp:26[m[K,
                 from [01m[K/opt/ros/foxy/include/rclcpp/executors.hpp:21[m[K,
                 from [01m[K/opt/ros/foxy/include/rclcpp/rclcpp.hpp:146[m[K,
                 from [01m[K/home/john/Desktop/rp_ros2_rviz/include/rp_ros2_rviz/pathplanner.h:2[m[K,
                 from [01m[K/home/john/Desktop/rp_ros2_rviz/src/pathplanner_node.cpp:1[m[K:
[01m[K/home/john/Desktop/rp_ros2_rviz/src/pathplanner_node.cpp:100:26:[m[K [01;31m[Kerror: [m[Kinvalid use of ‘[01m[Kthis[m[K’ in non-member function
  100 |             RCLCPP_ERROR([01;31m[Kthis[m[K->get_logger(), "No robot position.");
      |                          [01;31m[K^~~~[m[K
[01m[K/home/john/Desktop/rp_ros2_rviz/src/pathplanner_node.cpp:100:26:[m[K [01;31m[Kerror: [m[Kinvalid use of ‘[01m[Kthis[m[K’ in non-member function
[01m[K/home/john/Desktop/rp_ros2_rviz/src/pathplanner_node.cpp:100:13:[m[K [01;31m[Kerror: [m[Ktemplate argument 1 is invalid
  100 |             [01;31m[KRCLCPP_ERROR[m[K(this->get_logger(), "No robot position.");
      |             [01;31m[K^~~~~~~~~~~~[m[K
[01m[K/home/john/Desktop/rp_ros2_rviz/src/pathplanner_node.cpp:100:13:[m[K [01;31m[Kerror: [m[Ktemplate argument 1 is invalid
  100 |             [01;31m[KRCLCPP_ERROR[m[K(this->get_logger(), "No robot position.");
      |             [01;31m[K^~~~~~~~~~~~[m[K
[01m[K/home/john/Desktop/rp_ros2_rviz/src/pathplanner_node.cpp:100:13:[m[K [01;31m[Kerror: [m[Ktemplate argument 1 is invalid
  100 |             [01;31m[KRCLCPP_ERROR[m[K(this->get_logger(), "No robot position.");
      |             [01;31m[K^~~~~~~~~~~~[m[K
In file included from [01m[K/opt/ros/foxy/include/rclcpp/client.hpp:40[m[K,
                 from [01m[K/opt/ros/foxy/include/rclcpp/callback_group.hpp:23[m[K,
                 from [01m[K/opt/ros/foxy/include/rclcpp/any_executable.hpp:20[m[K,
                 from [01m[K/opt/ros/foxy/include/rclcpp/memory_strategy.hpp:24[m[K,
                 from [01m[K/opt/ros/foxy/include/rclcpp/memory_strategies.hpp:18[m[K,
                 from [01m[K/opt/ros/foxy/include/rclcpp/executor_options.hpp:20[m[K,
                 from [01m[K/opt/ros/foxy/include/rclcpp/executor.hpp:33[m[K,
                 from [01m[K/opt/ros/foxy/include/rclcpp/executors/multi_threaded_executor.hpp:26[m[K,
                 from [01m[K/opt/ros/foxy/include/rclcpp/executors.hpp:21[m[K,
                 from [01m[K/opt/ros/foxy/include/rclcpp/rclcpp.hpp:146[m[K,
                 from [01m[K/home/john/Desktop/rp_ros2_rviz/include/rp_ros2_rviz/pathplanner.h:2[m[K,
                 from [01m[K/home/john/Desktop/rp_ros2_rviz/src/pathplanner_node.cpp:1[m[K:
[01m[K/home/john/Desktop/rp_ros2_rviz/src/pathplanner_node.cpp:100:26:[m[K [01;31m[Kerror: [m[Kinvalid use of ‘[01m[Kthis[m[K’ in non-member function
  100 |             RCLCPP_ERROR([01;31m[Kthis[m[K->get_logger(), "No robot position.");
      |                          [01;31m[K^~~~[m[K
[01m[K/home/john/Desktop/rp_ros2_rviz/src/pathplanner_node.cpp:100:26:[m[K [01;31m[Kerror: [m[Kinvalid use of ‘[01m[Kthis[m[K’ in non-member function
  100 |             RCLCPP_ERROR([01;31m[Kthis[m[K->get_logger(), "No robot position.");
      |                          [01;31m[K^~~~[m[K
[01m[K/home/john/Desktop/rp_ros2_rviz/src/pathplanner_node.cpp:[m[K In lambda function:
[01m[K/home/john/Desktop/rp_ros2_rviz/src/pathplanner_node.cpp:104:43:[m[K [01;31m[Kerror: [m[K‘[01m[Kplanner[m[K’ was not declared in this scope; did you mean ‘[01m[KDMapPlanner[m[K’?
  104 |             return (p.x() >= 0 && p.x() < [01;31m[Kplanner[m[K.mapping.rows &&
      |                                           [01;31m[K^~~~~~~[m[K
      |                                           [32m[KDMapPlanner[m[K
[01m[K/home/john/Desktop/rp_ros2_rviz/src/pathplanner_node.cpp:[m[K In function ‘[01m[Kvoid makePath(const std::shared_ptr<DMap>&, float, float, const Vector2f&)[m[K’:
[01m[K/home/john/Desktop/rp_ros2_rviz/src/pathplanner_node.cpp:108:22:[m[K [01;31m[Kerror: [m[Kcould not convert ‘[01m[KinBounds.makePath(const std::shared_ptr<DMap>&, float, float, const Vector2f&)::<lambda(const Vector2f&)>((* & goal_position))[m[K’ from ‘[01m[Kvoid[m[K’ to ‘[01m[Kbool[m[K’
  108 |         if (![01;31m[KinBounds(goal_position)[m[K || !inBounds(latest_robot_position)) {
      |              [01;31m[K~~~~~~~~^~~~~~~~~~~~~~~[m[K
      |                      [01;31m[K|[m[K
      |                      [01;31m[Kvoid[m[K
[01m[K/home/john/Desktop/rp_ros2_rviz/src/pathplanner_node.cpp:108:36:[m[K [01;31m[Kerror: [m[Kin argument to unary !
  108 |         if (!inBounds(goal_position[01;31m[K)[m[K || !inBounds(latest_robot_position)) {
      |                                    [01;31m[K^[m[K
[01m[K/home/john/Desktop/rp_ros2_rviz/src/pathplanner_node.cpp:108:51:[m[K [01;31m[Kerror: [m[K‘[01m[Klatest_robot_position[m[K’ was not declared in this scope
  108 |         if (!inBounds(goal_position) || !inBounds([01;31m[Klatest_robot_position[m[K)) {
      |                                                   [01;31m[K^~~~~~~~~~~~~~~~~~~~~[m[K
In file included from [01m[K/opt/ros/foxy/include/rclcpp/service.hpp:34[m[K,
                 from [01m[K/opt/ros/foxy/include/rclcpp/callback_group.hpp:25[m[K,
                 from [01m[K/opt/ros/foxy/include/rclcpp/any_executable.hpp:20[m[K,
                 from [01m[K/opt/ros/foxy/include/rclcpp/memory_strategy.hpp:24[m[K,
                 from [01m[K/opt/ros/foxy/include/rclcpp/memory_strategies.hpp:18[m[K,
                 from [01m[K/opt/ros/foxy/include/rclcpp/executor_options.hpp:20[m[K,
                 from [01m[K/opt/ros/foxy/include/rclcpp/executor.hpp:33[m[K,
                 from [01m[K/opt/ros/foxy/include/rclcpp/executors/multi_threaded_executor.hpp:26[m[K,
                 from [01m[K/opt/ros/foxy/include/rclcpp/executors.hpp:21[m[K,
                 from [01m[K/opt/ros/foxy/include/rclcpp/rclcpp.hpp:146[m[K,
                 from [01m[K/home/john/Desktop/rp_ros2_rviz/include/rp_ros2_rviz/pathplanner.h:2[m[K,
                 from [01m[K/home/john/Desktop/rp_ros2_rviz/src/pathplanner_node.cpp:1[m[K:
[01m[K/home/john/Desktop/rp_ros2_rviz/src/pathplanner_node.cpp:109:26:[m[K [01;31m[Kerror: [m[Kinvalid use of ‘[01m[Kthis[m[K’ in non-member function
  109 |             RCLCPP_ERROR([01;31m[Kthis[m[K->get_logger(), "Gol out of bound");
      |                          [01;31m[K^~~~[m[K
[01m[K/home/john/Desktop/rp_ros2_rviz/src/pathplanner_node.cpp:109:26:[m[K [01;31m[Kerror: [m[Kinvalid use of ‘[01m[Kthis[m[K’ in non-member function
[01m[K/home/john/Desktop/rp_ros2_rviz/src/pathplanner_node.cpp:109:13:[m[K [01;31m[Kerror: [m[Ktemplate argument 1 is invalid
  109 |             [01;31m[KRCLCPP_ERROR[m[K(this->get_logger(), "Gol out of bound");
      |             [01;31m[K^~~~~~~~~~~~[m[K
[01m[K/home/john/Desktop/rp_ros2_rviz/src/pathplanner_node.cpp:109:13:[m[K [01;31m[Kerror: [m[Ktemplate argument 1 is invalid
  109 |             [01;31m[KRCLCPP_ERROR[m[K(this->get_logger(), "Gol out of bound");
      |             [01;31m[K^~~~~~~~~~~~[m[K
[01m[K/home/john/Desktop/rp_ros2_rviz/src/pathplanner_node.cpp:109:13:[m[K [01;31m[Kerror: [m[Ktemplate argument 1 is invalid
  109 |             [01;31m[KRCLCPP_ERROR[m[K(this->get_logger(), "Gol out of bound");
      |             [01;31m[K^~~~~~~~~~~~[m[K
In file included from [01m[K/opt/ros/foxy/include/rclcpp/client.hpp:40[m[K,
                 from [01m[K/opt/ros/foxy/include/rclcpp/callback_group.hpp:23[m[K,
                 from [01m[K/opt/ros/foxy/include/rclcpp/any_executable.hpp:20[m[K,
                 from [01m[K/opt/ros/foxy/include/rclcpp/memory_strategy.hpp:24[m[K,
                 from [01m[K/opt/ros/foxy/include/rclcpp/memory_strategies.hpp:18[m[K,
                 from [01m[K/opt/ros/foxy/include/rclcpp/executor_options.hpp:20[m[K,
                 from [01m[K/opt/ros/foxy/include/rclcpp/executor.hpp:33[m[K,
                 from [01m[K/opt/ros/foxy/include/rclcpp/executors/multi_threaded_executor.hpp:26[m[K,
                 from [01m[K/opt/ros/foxy/include/rclcpp/executors.hpp:21[m[K,
                 from [01m[K/opt/ros/foxy/include/rclcpp/rclcpp.hpp:146[m[K,
                 from [01m[K/home/john/Desktop/rp_ros2_rviz/include/rp_ros2_rviz/pathplanner.h:2[m[K,
                 from [01m[K/home/john/Desktop/rp_ros2_rviz/src/pathplanner_node.cpp:1[m[K:
[01m[K/home/john/Desktop/rp_ros2_rviz/src/pathplanner_node.cpp:109:26:[m[K [01;31m[Kerror: [m[Kinvalid use of ‘[01m[Kthis[m[K’ in non-member function
  109 |             RCLCPP_ERROR([01;31m[Kthis[m[K->get_logger(), "Gol out of bound");
      |                          [01;31m[K^~~~[m[K
[01m[K/home/john/Desktop/rp_ros2_rviz/src/pathplanner_node.cpp:109:26:[m[K [01;31m[Kerror: [m[Kinvalid use of ‘[01m[Kthis[m[K’ in non-member function
  109 |             RCLCPP_ERROR([01;31m[Kthis[m[K->get_logger(), "Gol out of bound");
      |                          [01;31m[K^~~~[m[K
[01m[K/home/john/Desktop/rp_ros2_rviz/src/pathplanner_node.cpp:114:33:[m[K [01;31m[Kerror: [m[K‘[01m[Kplanner[m[K’ was not declared in this scope; did you mean ‘[01m[KDMapPlanner[m[K’?
  114 |         Eigen::Vector2f click = [01;31m[Kplanner[m[K.mapping.g2w(goal_position);
      |                                 [01;31m[K^~~~~~~[m[K
      |                                 [32m[KDMapPlanner[m[K
[01m[K/home/john/Desktop/rp_ros2_rviz/src/pathplanner_node.cpp:118:58:[m[K [01;31m[Kerror: [m[K‘[01m[Klatest_robot_position[m[K’ was not declared in this scope
  118 |         Eigen::Vector2f world_goal = planner.mapping.g2w([01;31m[Klatest_robot_position[m[K);
      |                                                          [01;31m[K^~~~~~~~~~~~~~~~~~~~~[m[K
In file included from [01m[K/opt/ros/foxy/include/rclcpp/service.hpp:34[m[K,
                 from [01m[K/opt/ros/foxy/include/rclcpp/callback_group.hpp:25[m[K,
                 from [01m[K/opt/ros/foxy/include/rclcpp/any_executable.hpp:20[m[K,
                 from [01m[K/opt/ros/foxy/include/rclcpp/memory_strategy.hpp:24[m[K,
                 from [01m[K/opt/ros/foxy/include/rclcpp/memory_strategies.hpp:18[m[K,
                 from [01m[K/opt/ros/foxy/include/rclcpp/executor_options.hpp:20[m[K,
                 from [01m[K/opt/ros/foxy/include/rclcpp/executor.hpp:33[m[K,
                 from [01m[K/opt/ros/foxy/include/rclcpp/executors/multi_threaded_executor.hpp:26[m[K,
                 from [01m[K/opt/ros/foxy/include/rclcpp/executors.hpp:21[m[K,
                 from [01m[K/opt/ros/foxy/include/rclcpp/rclcpp.hpp:146[m[K,
                 from [01m[K/home/john/Desktop/rp_ros2_rviz/include/rp_ros2_rviz/pathplanner.h:2[m[K,
                 from [01m[K/home/john/Desktop/rp_ros2_rviz/src/pathplanner_node.cpp:1[m[K:
[01m[K/home/john/Desktop/rp_ros2_rviz/src/pathplanner_node.cpp:120:21:[m[K [01;31m[Kerror: [m[Kinvalid use of ‘[01m[Kthis[m[K’ in non-member function
  120 |         RCLCPP_INFO([01;31m[Kthis[m[K->get_logger(), "Start Position: (%.2f, %.2f)",
      |                     [01;31m[K^~~~[m[K
[01m[K/home/john/Desktop/rp_ros2_rviz/src/pathplanner_node.cpp:120:21:[m[K [01;31m[Kerror: [m[Kinvalid use of ‘[01m[Kthis[m[K’ in non-member function
[01m[K/home/john/Desktop/rp_ros2_rviz/src/pathplanner_node.cpp:120:9:[m[K [01;31m[Kerror: [m[Ktemplate argument 1 is invalid
  120 |         [01;31m[KRCLCPP_INFO[m[K(this->get_logger(), "Start Position: (%.2f, %.2f)",
      |         [01;31m[K^~~~~~~~~~~[m[K
[01m[K/home/john/Desktop/rp_ros2_rviz/src/pathplanner_node.cpp:120:9:[m[K [01;31m[Kerror: [m[Ktemplate argument 1 is invalid
  120 |         [01;31m[KRCLCPP_INFO[m[K(this->get_logger(), "Start Position: (%.2f, %.2f)",
      |         [01;31m[K^~~~~~~~~~~[m[K
[01m[K/home/john/Desktop/rp_ros2_rviz/src/pathplanner_node.cpp:120:9:[m[K [01;31m[Kerror: [m[Ktemplate argument 1 is invalid
  120 |         [01;31m[KRCLCPP_INFO[m[K(this->get_logger(), "Start Position: (%.2f, %.2f)",
      |         [01;31m[K^~~~~~~~~~~[m[K
In file included from [01m[K/opt/ros/foxy/include/rclcpp/client.hpp:40[m[K,
                 from [01m[K/opt/ros/foxy/include/rclcpp/callback_group.hpp:23[m[K,
                 from [01m[K/opt/ros/foxy/include/rclcpp/any_executable.hpp:20[m[K,
                 from [01m[K/opt/ros/foxy/include/rclcpp/memory_strategy.hpp:24[m[K,
                 from [01m[K/opt/ros/foxy/include/rclcpp/memory_strategies.hpp:18[m[K,
                 from [01m[K/opt/ros/foxy/include/rclcpp/executor_options.hpp:20[m[K,
                 from [01m[K/opt/ros/foxy/include/rclcpp/executor.hpp:33[m[K,
                 from [01m[K/opt/ros/foxy/include/rclcpp/executors/multi_threaded_executor.hpp:26[m[K,
                 from [01m[K/opt/ros/foxy/include/rclcpp/executors.hpp:21[m[K,
                 from [01m[K/opt/ros/foxy/include/rclcpp/rclcpp.hpp:146[m[K,
                 from [01m[K/home/john/Desktop/rp_ros2_rviz/include/rp_ros2_rviz/pathplanner.h:2[m[K,
                 from [01m[K/home/john/Desktop/rp_ros2_rviz/src/pathplanner_node.cpp:1[m[K:
[01m[K/home/john/Desktop/rp_ros2_rviz/src/pathplanner_node.cpp:120:21:[m[K [01;31m[Kerror: [m[Kinvalid use of ‘[01m[Kthis[m[K’ in non-member function
  120 |         RCLCPP_INFO([01;31m[Kthis[m[K->get_logger(), "Start Position: (%.2f, %.2f)",
      |                     [01;31m[K^~~~[m[K
[01m[K/home/john/Desktop/rp_ros2_rviz/src/pathplanner_node.cpp:120:21:[m[K [01;31m[Kerror: [m[Kinvalid use of ‘[01m[Kthis[m[K’ in non-member function
  120 |         RCLCPP_INFO([01;31m[Kthis[m[K->get_logger(), "Start Position: (%.2f, %.2f)",
      |                     [01;31m[K^~~~[m[K
[01m[K/home/john/Desktop/rp_ros2_rviz/src/pathplanner_node.cpp:123:29:[m[K [01;31m[Kerror: [m[K‘[01m[Kpath[m[K’ was not declared in this scope
  123 |         planner.computePath([01;31m[Kpath[m[K, world_goal, planner.mapping.resolution * 2, 3000, use_gradient);
      |                             [01;31m[K^~~~[m[K
[01m[K/home/john/Desktop/rp_ros2_rviz/src/pathplanner_node.cpp:123:85:[m[K [01;31m[Kerror: [m[K‘[01m[Kuse_gradient[m[K’ was not declared in this scope
  123 |         planner.computePath(path, world_goal, planner.mapping.resolution * 2, 3000, [01;31m[Kuse_gradient[m[K);
      |                                                                                     [01;31m[K^~~~~~~~~~~~[m[K
[01m[K/home/john/Desktop/rp_ros2_rviz/src/pathplanner_node.cpp:127:35:[m[K [01;31m[Kerror: [m[Kinvalid use of ‘[01m[Kthis[m[K’ in non-member function
  127 |         pose_array.header.stamp = [01;31m[Kthis[m[K->now();
      |                                   [01;31m[K^~~~[m[K
In file included from [01m[K/opt/ros/foxy/include/rclcpp/service.hpp:34[m[K,
                 from [01m[K/opt/ros/foxy/include/rclcpp/callback_group.hpp:25[m[K,
                 from [01m[K/opt/ros/foxy/include/rclcpp/any_executable.hpp:20[m[K,
                 from [01m[K/opt/ros/foxy/include/rclcpp/memory_strategy.hpp:24[m[K,
                 from [01m[K/opt/ros/foxy/include/rclcpp/memory_strategies.hpp:18[m[K,
                 from [01m[K/opt/ros/foxy/include/rclcpp/executor_options.hpp:20[m[K,
                 from [01m[K/opt/ros/foxy/include/rclcpp/executor.hpp:33[m[K,
                 from [01m[K/opt/ros/foxy/include/rclcpp/executors/multi_threaded_executor.hpp:26[m[K,
                 from [01m[K/opt/ros/foxy/include/rclcpp/executors.hpp:21[m[K,
                 from [01m[K/opt/ros/foxy/include/rclcpp/rclcpp.hpp:146[m[K,
                 from [01m[K/home/john/Desktop/rp_ros2_rviz/include/rp_ros2_rviz/pathplanner.h:2[m[K,
                 from [01m[K/home/john/Desktop/rp_ros2_rviz/src/pathplanner_node.cpp:1[m[K:
[01m[K/home/john/Desktop/rp_ros2_rviz/src/pathplanner_node.cpp:162:21:[m[K [01;31m[Kerror: [m[Kinvalid use of ‘[01m[Kthis[m[K’ in non-member function
  162 |         RCLCPP_INFO([01;31m[Kthis[m[K->get_logger(), "Publishing %ld poses to world node", pose_array.poses.size());
      |                     [01;31m[K^~~~[m[K
[01m[K/home/john/Desktop/rp_ros2_rviz/src/pathplanner_node.cpp:162:21:[m[K [01;31m[Kerror: [m[Kinvalid use of ‘[01m[Kthis[m[K’ in non-member function
[01m[K/home/john/Desktop/rp_ros2_rviz/src/pathplanner_node.cpp:162:9:[m[K [01;31m[Kerror: [m[Ktemplate argument 1 is invalid
  162 |         [01;31m[KRCLCPP_INFO[m[K(this->get_logger(), "Publishing %ld poses to world node", pose_array.poses.size());
      |         [01;31m[K^~~~~~~~~~~[m[K
[01m[K/home/john/Desktop/rp_ros2_rviz/src/pathplanner_node.cpp:162:9:[m[K [01;31m[Kerror: [m[Ktemplate argument 1 is invalid
  162 |         [01;31m[KRCLCPP_INFO[m[K(this->get_logger(), "Publishing %ld poses to world node", pose_array.poses.size());
      |         [01;31m[K^~~~~~~~~~~[m[K
[01m[K/home/john/Desktop/rp_ros2_rviz/src/pathplanner_node.cpp:162:9:[m[K [01;31m[Kerror: [m[Ktemplate argument 1 is invalid
  162 |         [01;31m[KRCLCPP_INFO[m[K(this->get_logger(), "Publishing %ld poses to world node", pose_array.poses.size());
      |         [01;31m[K^~~~~~~~~~~[m[K
In file included from [01m[K/opt/ros/foxy/include/rclcpp/client.hpp:40[m[K,
                 from [01m[K/opt/ros/foxy/include/rclcpp/callback_group.hpp:23[m[K,
                 from [01m[K/opt/ros/foxy/include/rclcpp/any_executable.hpp:20[m[K,
                 from [01m[K/opt/ros/foxy/include/rclcpp/memory_strategy.hpp:24[m[K,
                 from [01m[K/opt/ros/foxy/include/rclcpp/memory_strategies.hpp:18[m[K,
                 from [01m[K/opt/ros/foxy/include/rclcpp/executor_options.hpp:20[m[K,
                 from [01m[K/opt/ros/foxy/include/rclcpp/executor.hpp:33[m[K,
                 from [01m[K/opt/ros/foxy/include/rclcpp/executors/multi_threaded_executor.hpp:26[m[K,
                 from [01m[K/opt/ros/foxy/include/rclcpp/executors.hpp:21[m[K,
                 from [01m[K/opt/ros/foxy/include/rclcpp/rclcpp.hpp:146[m[K,
                 from [01m[K/home/john/Desktop/rp_ros2_rviz/include/rp_ros2_rviz/pathplanner.h:2[m[K,
                 from [01m[K/home/john/Desktop/rp_ros2_rviz/src/pathplanner_node.cpp:1[m[K:
[01m[K/home/john/Desktop/rp_ros2_rviz/src/pathplanner_node.cpp:162:21:[m[K [01;31m[Kerror: [m[Kinvalid use of ‘[01m[Kthis[m[K’ in non-member function
  162 |         RCLCPP_INFO([01;31m[Kthis[m[K->get_logger(), "Publishing %ld poses to world node", pose_array.poses.size());
      |                     [01;31m[K^~~~[m[K
[01m[K/home/john/Desktop/rp_ros2_rviz/src/pathplanner_node.cpp:162:21:[m[K [01;31m[Kerror: [m[Kinvalid use of ‘[01m[Kthis[m[K’ in non-member function
  162 |         RCLCPP_INFO([01;31m[Kthis[m[K->get_logger(), "Publishing %ld poses to world node", pose_array.poses.size());
      |                     [01;31m[K^~~~[m[K
[01m[K/home/john/Desktop/rp_ros2_rviz/src/pathplanner_node.cpp:163:9:[m[K [01;31m[Kerror: [m[K‘[01m[Kpose_array_pub_[m[K’ was not declared in this scope; did you mean ‘[01m[Kpose_array[m[K’?
  163 |         [01;31m[Kpose_array_pub_[m[K->publish(pose_array);
      |         [01;31m[K^~~~~~~~~~~~~~~[m[K
      |         [32m[Kpose_array[m[K
[01m[K/home/john/Desktop/rp_ros2_rviz/src/pathplanner_node.cpp:92:48:[m[K [01;35m[Kwarning: [m[Kunused parameter ‘[01m[Kdmap[m[K’ [[01;35m[K-Wunused-parameter[m[K]
   92 |     void makePath([01;35m[Kconst std::shared_ptr<DMap>& dmap[m[K, float resolution, float expansion_range, const Eigen::Vector2f& goal_position){
      |                   [01;35m[K~~~~~~~~~~~~~~~~~~~~~~~~~~~~~^~~~[m[K
[01m[K/home/john/Desktop/rp_ros2_rviz/src/pathplanner_node.cpp:92:60:[m[K [01;35m[Kwarning: [m[Kunused parameter ‘[01m[Kresolution[m[K’ [[01;35m[K-Wunused-parameter[m[K]
   92 |     void makePath(const std::shared_ptr<DMap>& dmap, [01;35m[Kfloat resolution[m[K, float expansion_range, const Eigen::Vector2f& goal_position){
      |                                                      [01;35m[K~~~~~~^~~~~~~~~~[m[K
[01m[K/home/john/Desktop/rp_ros2_rviz/src/pathplanner_node.cpp:92:78:[m[K [01;35m[Kwarning: [m[Kunused parameter ‘[01m[Kexpansion_range[m[K’ [[01;35m[K-Wunused-parameter[m[K]
   92 |     void makePath(const std::shared_ptr<DMap>& dmap, float resolution, [01;35m[Kfloat expansion_range[m[K, const Eigen::Vector2f& goal_position){
      |                                                                        [01;35m[K~~~~~~^~~~~~~~~~~~~~~[m[K
[01m[K/home/john/Desktop/rp_ros2_rviz/src/pathplanner_node.cpp:[m[K In function ‘[01m[Kvoid publishBool()[m[K’:
[01m[K/home/john/Desktop/rp_ros2_rviz/src/pathplanner_node.cpp:170:9:[m[K [01;31m[Kerror: [m[K‘[01m[Kbool_pub_path[m[K’ was not declared in this scope
  170 |         [01;31m[Kbool_pub_path[m[K->publish(bool_msg);
      |         [01;31m[K^~~~~~~~~~~~~[m[K
[01m[K/home/john/Desktop/rp_ros2_rviz/src/pathplanner_node.cpp:170:32:[m[K [01;31m[Kerror: [m[K‘[01m[Kbool_msg[m[K’ was not declared in this scope
  170 |         bool_pub_path->publish([01;31m[Kbool_msg[m[K);
      |                                [01;31m[K^~~~~~~~[m[K
In file included from [01m[K/usr/include/aarch64-linux-gnu/c++/9/bits/c++allocator.h:33[m[K,
                 from [01m[K/usr/include/c++/9/bits/allocator.h:46[m[K,
                 from [01m[K/usr/include/c++/9/string:41[m[K,
                 from [01m[K/usr/include/c++/9/bits/locale_classes.h:40[m[K,
                 from [01m[K/usr/include/c++/9/bits/ios_base.h:41[m[K,
                 from [01m[K/usr/include/c++/9/ios:42[m[K,
                 from [01m[K/usr/include/c++/9/ostream:38[m[K,
                 from [01m[K/usr/include/c++/9/iostream:39[m[K,
                 from [01m[K/home/john/Desktop/rp_ros2_rviz/include/rp_ros2_rviz/pathplanner.h:1[m[K,
                 from [01m[K/home/john/Desktop/rp_ros2_rviz/src/pathplanner_node.cpp:1[m[K:
/usr/include/c++/9/ext/new_allocator.h: In instantiation of ‘[01m[Kvoid __gnu_cxx::new_allocator<_Tp>::construct(_Up*, _Args&& ...) [with _Up = PathPlanner; _Args = {}; _Tp = PathPlanner][m[K’:
[01m[K/usr/include/c++/9/bits/alloc_traits.h:483:4:[m[K   required from ‘[01m[Kstatic void std::allocator_traits<std::allocator<_CharT> >::construct(std::allocator_traits<std::allocator<_CharT> >::allocator_type&, _Up*, _Args&& ...) [with _Up = PathPlanner; _Args = {}; _Tp = PathPlanner; std::allocator_traits<std::allocator<_CharT> >::allocator_type = std::allocator<PathPlanner>][m[K’
[01m[K/usr/include/c++/9/bits/shared_ptr_base.h:548:39:[m[K   required from ‘[01m[Kstd::_Sp_counted_ptr_inplace<_Tp, _Alloc, _Lp>::_Sp_counted_ptr_inplace(_Alloc, _Args&& ...) [with _Args = {}; _Tp = PathPlanner; _Alloc = std::allocator<PathPlanner>; __gnu_cxx::_Lock_policy _Lp = __gnu_cxx::_S_atomic][m[K’
[01m[K/usr/include/c++/9/bits/shared_ptr_base.h:679:16:[m[K   required from ‘[01m[Kstd::__shared_count<_Lp>::__shared_count(_Tp*&, std::_Sp_alloc_shared_tag<_Alloc>, _Args&& ...) [with _Tp = PathPlanner; _Alloc = std::allocator<PathPlanner>; _Args = {}; __gnu_cxx::_Lock_policy _Lp = __gnu_cxx::_S_atomic][m[K’
[01m[K/usr/include/c++/9/bits/shared_ptr_base.h:1344:71:[m[K   required from ‘[01m[Kstd::__shared_ptr<_Tp, _Lp>::__shared_ptr(std::_Sp_alloc_shared_tag<_Tp>, _Args&& ...) [with _Alloc = std::allocator<PathPlanner>; _Args = {}; _Tp = PathPlanner; __gnu_cxx::_Lock_policy _Lp = __gnu_cxx::_S_atomic][m[K’
[01m[K/usr/include/c++/9/bits/shared_ptr.h:359:59:[m[K   required from ‘[01m[Kstd::shared_ptr<_Tp>::shared_ptr(std::_Sp_alloc_shared_tag<_Tp>, _Args&& ...) [with _Alloc = std::allocator<PathPlanner>; _Args = {}; _Tp = PathPlanner][m[K’
[01m[K/usr/include/c++/9/bits/shared_ptr.h:701:14:[m[K   required from ‘[01m[Kstd::shared_ptr<_Tp> std::allocate_shared(const _Alloc&, _Args&& ...) [with _Tp = PathPlanner; _Alloc = std::allocator<PathPlanner>; _Args = {}][m[K’
[01m[K/usr/include/c++/9/bits/shared_ptr.h:717:39:[m[K   required from ‘[01m[Kstd::shared_ptr<_Tp> std::make_shared(_Args&& ...) [with _Tp = PathPlanner; _Args = {}][m[K’
[01m[K/home/john/Desktop/rp_ros2_rviz/src/pathplanner_node.cpp:208:60:[m[K   required from here
[01m[K/usr/include/c++/9/ext/new_allocator.h:146:4:[m[K [01;31m[Kerror: [m[Kuse of deleted function ‘[01m[KPathPlanner::PathPlanner()[m[K’
  146 |  { [01;31m[K::new((void *)__p) _Up(std::forward<_Args>(__args)...)[m[K; }
      |    [01;31m[K^~~~~~~~~~~~~~~~~~~~~~~~~~~~~~~~~~~~~~~~~~~~~~~~~~~~~~[m[K
In file included from [01m[K/home/john/Desktop/rp_ros2_rviz/src/pathplanner_node.cpp:1[m[K:
[01m[K/home/john/Desktop/rp_ros2_rviz/include/rp_ros2_rviz/pathplanner.h:17:7:[m[K [01;36m[Knote: [m[K‘[01m[KPathPlanner::PathPlanner()[m[K’ is implicitly deleted because the default definition would be ill-formed:
   17 | class [01;36m[KPathPlanner[m[K : public rclcpp::Node
      |       [01;36m[K^~~~~~~~~~~[m[K
[01m[K/home/john/Desktop/rp_ros2_rviz/include/rp_ros2_rviz/pathplanner.h:17:7:[m[K [01;31m[Kerror: [m[Kno matching function for call to ‘[01m[Krclcpp::Node::Node()[m[K’
In file included from [01m[K/opt/ros/foxy/include/rclcpp/executors/single_threaded_executor.hpp:28[m[K,
                 from [01m[K/opt/ros/foxy/include/rclcpp/executors.hpp:22[m[K,
                 from [01m[K/opt/ros/foxy/include/rclcpp/rclcpp.hpp:146[m[K,
                 from [01m[K/home/john/Desktop/rp_ros2_rviz/include/rp_ros2_rviz/pathplanner.h:2[m[K,
                 from [01m[K/home/john/Desktop/rp_ros2_rviz/src/pathplanner_node.cpp:1[m[K:
[01m[K/opt/ros/foxy/include/rclcpp/node.hpp:1193:3:[m[K [01;36m[Knote: [m[Kcandidate: ‘[01m[Krclcpp::Node::Node(const rclcpp::Node&, const string&)[m[K’
 1193 |   [01;36m[KNode[m[K(
      |   [01;36m[K^~~~[m[K
[01m[K/opt/ros/foxy/include/rclcpp/node.hpp:1193:3:[m[K [01;36m[Knote: [m[K  candidate expects 2 arguments, 0 provided
[01m[K/opt/ros/foxy/include/rclcpp/node.hpp:98:12:[m[K [01;36m[Knote: [m[Kcandidate: ‘[01m[Krclcpp::Node::Node(const string&, const string&, const rclcpp::NodeOptions&)[m[K’
   98 |   explicit [01;36m[KNode[m[K(
      |            [01;36m[K^~~~[m[K
[01m[K/opt/ros/foxy/include/rclcpp/node.hpp:98:12:[m[K [01;36m[Knote: [m[K  candidate expects 3 arguments, 0 provided
[01m[K/opt/ros/foxy/include/rclcpp/node.hpp:86:12:[m[K [01;36m[Knote: [m[Kcandidate: ‘[01m[Krclcpp::Node::Node(const string&, const rclcpp::NodeOptions&)[m[K’
   86 |   explicit [01;36m[KNode[m[K(
      |            [01;36m[K^~~~[m[K
[01m[K/opt/ros/foxy/include/rclcpp/node.hpp:86:12:[m[K [01;36m[Knote: [m[K  candidate expects 2 arguments, 0 provided
make[2]: *** [CMakeFiles/pathplanner_node.dir/build.make:63: CMakeFiles/pathplanner_node.dir/src/pathplanner_node.cpp.o] Error 1
make[1]: *** [CMakeFiles/Makefile2:167: CMakeFiles/pathplanner_node.dir/all] Error 2
make[1]: *** Waiting for unfinished jobs....
[ 56%] [32m[1mLinking CXX executable controller_node[0m
[ 68%] Built target controller_node
[ 72%] [32m[1mLinking CXX executable world_node[0m
[ 84%] Built target world_node
make: *** [Makefile:141: all] Error 2
