[01m[K/home/john/Desktop/rp_ros2_rviz/src/grid_map.cpp:26:21:[m[K [01;31m[Kerror: [m[K‘[01m[KGridMap[m[K’ was not declared in this scope; did you mean ‘[01m[KGrid[m[K’?
   26 |     std::unique_ptr<[01;31m[KGridMap[m[K> grid_map_;
      |                     [01;31m[K^~~~~~~[m[K
      |                     [32m[KGrid[m[K
[01m[K/home/john/Desktop/rp_ros2_rviz/src/grid_map.cpp:26:28:[m[K [01;31m[Kerror: [m[Ktemplate argument 1 is invalid
   26 |     std::unique_ptr<GridMap[01;31m[K>[m[K grid_map_;
      |                            [01;31m[K^[m[K
[01m[K/home/john/Desktop/rp_ros2_rviz/src/grid_map.cpp:26:28:[m[K [01;31m[Kerror: [m[Ktemplate argument 2 is invalid
[01m[K/home/john/Desktop/rp_ros2_rviz/src/grid_map.cpp:[m[K In constructor ‘[01m[KGridMapNode::[01;32m[KGridMapNode[m[K()[m[K’:
[01m[K/home/john/Desktop/rp_ros2_rviz/src/grid_map.cpp:8:54:[m[K [01;31m[Kerror: [m[Kcannot convert ‘[01m[Kstd::nullptr_t[m[K’ to ‘[01m[Kint[m[K’ in initialization
    8 |     GridMapNode() : Node("grid_map_node"), grid_map_([01;31m[Knullptr[m[K) {
      |                                                      [01;31m[K^~~~~~~[m[K
      |                                                      [01;31m[K|[m[K
      |                                                      [01;31m[Kstd::nullptr_t[m[K
[01m[K/home/john/Desktop/rp_ros2_rviz/src/grid_map.cpp:[m[K In member function ‘[01m[Kvoid GridMapNode::[01;32m[KloadImageCallback[m[K(std_msgs::msg::String_<std::allocator<void> >::SharedPtr)[m[K’:
[01m[K/home/john/Desktop/rp_ros2_rviz/src/grid_map.cpp:37:42:[m[K [01;31m[Kerror: [m[K‘[01m[KGridMap[m[K’ was not declared in this scope; did you mean ‘[01m[Kgrid_map_[m[K’?
   37 |             grid_map_ = std::make_unique<[01;31m[KGridMap[m[K>(
      |                                          [01;31m[K^~~~~~~[m[K
      |                                          [32m[Kgrid_map_[m[K
[01m[K/home/john/Desktop/rp_ros2_rviz/src/grid_map.cpp:41:17:[m[K [01;31m[Kerror: [m[K‘[01m[KIsometry2f[m[K’ was not declared in this scope
   41 |                 [01;31m[KIsometry2f[m[K()
      |                 [01;31m[K^~~~~~~~~~[m[K
[01m[K/home/john/Desktop/rp_ros2_rviz/src/grid_map.cpp:[m[K In member function ‘[01m[Kvoid GridMapNode::[01;32m[KupdateCanvas[m[K()[m[K’:
[01m[K/home/john/Desktop/rp_ros2_rviz/src/grid_map.cpp:54:57:[m[K [01;31m[Kerror: [m[Kbase operand of ‘[01m[K->[m[K’ is not a pointer
   54 |         if (canvas_.empty() || canvas_.rows != grid_map_[01;31m[K->[m[Krows() || canvas_.cols != grid_map_->cols()) {
      |                                                         [01;31m[K^~[m[K
[01m[K/home/john/Desktop/rp_ros2_rviz/src/grid_map.cpp:54:94:[m[K [01;31m[Kerror: [m[Kbase operand of ‘[01m[K->[m[K’ is not a pointer
   54 |         if (canvas_.empty() || canvas_.rows != grid_map_->rows() || canvas_.cols != grid_map_[01;31m[K->[m[Kcols()) {
      |                                                                                              [01;31m[K^~[m[K
[01m[K/home/john/Desktop/rp_ros2_rviz/src/grid_map.cpp:55:47:[m[K [01;31m[Kerror: [m[Kbase operand of ‘[01m[K->[m[K’ is not a pointer
   55 |             canvas_ = cv::Mat::zeros(grid_map_[01;31m[K->[m[Krows(), grid_map_->cols(), CV_8UC1);
      |                                               [01;31m[K^~[m[K
[01m[K/home/john/Desktop/rp_ros2_rviz/src/grid_map.cpp:55:66:[m[K [01;31m[Kerror: [m[Kbase operand of ‘[01m[K->[m[K’ is not a pointer
   55 |             canvas_ = cv::Mat::zeros(grid_map_->rows(), grid_map_[01;31m[K->[m[Kcols(), CV_8UC1);
      |                                                                  [01;31m[K^~[m[K
[01m[K/home/john/Desktop/rp_ros2_rviz/src/grid_map.cpp:59:18:[m[K [01;31m[Kerror: [m[Kbase operand of ‘[01m[K->[m[K’ is not a pointer
   59 |         grid_map_[01;31m[K->[m[Kdraw(canvas_);
      |                  [01;31m[K^~[m[K
gmake[2]: *** [CMakeFiles/grid_map_node.dir/build.make:76: CMakeFiles/grid_map_node.dir/src/grid_map.cpp.o] Error 1
gmake[1]: *** [CMakeFiles/Makefile2:193: CMakeFiles/grid_map_node.dir/all] Error 2
gmake[1]: *** Waiting for unfinished jobs....
gmake: *** [Makefile:146: all] Error 2
