[0.013s] Invoking command in '/home/john/Desktop/rp_ros2_rviz/build/rp_ros2_rviz': CMAKE_PREFIX_PATH=${CMAKE_PREFIX_PATH}:/opt/ros/jazzy DEBUGINFOD_URLS=https://debuginfod.ubuntu.com /usr/bin/cmake --build /home/john/Desktop/rp_ros2_rviz/build/rp_ros2_rviz -- -j4 -l4
[0.065s] -- Found ament_cmake: 2.5.3 (/opt/ros/jazzy/share/ament_cmake/cmake)
[0.349s] -- Found rclcpp: 28.1.6 (/opt/ros/jazzy/share/rclcpp/cmake)
[0.460s] -- Found rosidl_generator_c: 4.6.5 (/opt/ros/jazzy/share/rosidl_generator_c/cmake)
[0.478s] -- Found rosidl_generator_cpp: 4.6.5 (/opt/ros/jazzy/share/rosidl_generator_cpp/cmake)
[0.513s] -- Using all available rosidl_typesupport_c: rosidl_typesupport_fastrtps_c;rosidl_typesupport_introspection_c
[0.547s] -- Using all available rosidl_typesupport_cpp: rosidl_typesupport_fastrtps_cpp;rosidl_typesupport_introspection_cpp
[0.667s] -- Found rmw_implementation_cmake: 7.3.1 (/opt/ros/jazzy/share/rmw_implementation_cmake/cmake)
[0.671s] -- Found rmw_fastrtps_cpp: 8.4.1 (/opt/ros/jazzy/share/rmw_fastrtps_cpp/cmake)
[0.774s] -- Using RMW implementation 'rmw_fastrtps_cpp' as default
[0.886s] -- Found std_msgs: 5.3.5 (/opt/ros/jazzy/share/std_msgs/cmake)
[0.913s] -- Found geometry_msgs: 5.3.5 (/opt/ros/jazzy/share/geometry_msgs/cmake)
[0.956s] -- Found ament_lint_auto: 0.17.1 (/opt/ros/jazzy/share/ament_lint_auto/cmake)
[1.231s] -- Added test 'cppcheck' to perform static code analysis on C / C++ code
[1.232s] -- Configured cppcheck include dirs: /home/john/Desktop/rp_ros2_rviz/include
[1.232s] -- Configured cppcheck exclude dirs and/or files: 
[1.238s] -- Added test 'flake8' to check Python code syntax and style conventions
[1.239s] -- Configured 'flake8' exclude dirs and/or files: 
[1.247s] -- Added test 'lint_cmake' to check CMake code style
[1.252s] -- Added test 'pep257' to check Python code against some of the docstring style conventions in PEP 257
[1.283s] -- Added test 'uncrustify' to check C / C++ code style
[1.283s] -- Configured uncrustify additional arguments: 
[1.288s] -- Added test 'xmllint' to check XML markup files
[1.290s] -- Configuring done (1.3s)
[1.345s] -- Generating done (0.0s)
[1.353s] -- Build files have been written to: /home/john/Desktop/rp_ros2_rviz/build/rp_ros2_rviz
[1.406s] [ 16%] [32mBuilding CXX object CMakeFiles/listener_node.dir/src/listener.cpp.o[0m
[1.410s] [ 33%] [32mBuilding CXX object CMakeFiles/grid_map_node.dir/src/grid_map.cpp.o[0m
[1.418s] [ 50%] [32mBuilding CXX object CMakeFiles/canvas_node.dir/src/canvas.cpp.o[0m
[4.730s] [01m[K/home/john/Desktop/rp_ros2_rviz/src/grid_map.cpp:26:21:[m[K [01;31m[Kerror: [m[K‘[01m[KGridMap[m[K’ was not declared in this scope; did you mean ‘[01m[KGrid[m[K’?
[4.730s]    26 |     std::unique_ptr<[01;31m[KGridMap[m[K> grid_map_;
[4.730s]       |                     [01;31m[K^~~~~~~[m[K
[4.730s]       |                     [32m[KGrid[m[K
[4.730s] [01m[K/home/john/Desktop/rp_ros2_rviz/src/grid_map.cpp:26:28:[m[K [01;31m[Kerror: [m[Ktemplate argument 1 is invalid
[4.730s]    26 |     std::unique_ptr<GridMap[01;31m[K>[m[K grid_map_;
[4.730s]       |                            [01;31m[K^[m[K
[4.730s] [01m[K/home/john/Desktop/rp_ros2_rviz/src/grid_map.cpp:26:28:[m[K [01;31m[Kerror: [m[Ktemplate argument 2 is invalid
[4.758s] [01m[K/home/john/Desktop/rp_ros2_rviz/src/grid_map.cpp:[m[K In constructor ‘[01m[KGridMapNode::[01;32m[KGridMapNode[m[K()[m[K’:
[4.758s] [01m[K/home/john/Desktop/rp_ros2_rviz/src/grid_map.cpp:8:54:[m[K [01;31m[Kerror: [m[Kcannot convert ‘[01m[Kstd::nullptr_t[m[K’ to ‘[01m[Kint[m[K’ in initialization
[4.758s]     8 |     GridMapNode() : Node("grid_map_node"), grid_map_([01;31m[Knullptr[m[K) {
[4.758s]       |                                                      [01;31m[K^~~~~~~[m[K
[4.758s]       |                                                      [01;31m[K|[m[K
[4.758s]       |                                                      [01;31m[Kstd::nullptr_t[m[K
[4.786s] [01m[K/home/john/Desktop/rp_ros2_rviz/src/grid_map.cpp:[m[K In member function ‘[01m[Kvoid GridMapNode::[01;32m[KloadImageCallback[m[K(std_msgs::msg::String_<std::allocator<void> >::SharedPtr)[m[K’:
[4.786s] [01m[K/home/john/Desktop/rp_ros2_rviz/src/grid_map.cpp:37:42:[m[K [01;31m[Kerror: [m[K‘[01m[KGridMap[m[K’ was not declared in this scope; did you mean ‘[01m[Kgrid_map_[m[K’?
[4.786s]    37 |             grid_map_ = std::make_unique<[01;31m[KGridMap[m[K>(
[4.786s]       |                                          [01;31m[K^~~~~~~[m[K
[4.786s]       |                                          [32m[Kgrid_map_[m[K
[4.810s] [01m[K/home/john/Desktop/rp_ros2_rviz/src/grid_map.cpp:41:17:[m[K [01;31m[Kerror: [m[K‘[01m[KIsometry2f[m[K’ was not declared in this scope
[4.811s]    41 |                 [01;31m[KIsometry2f[m[K()
[4.812s]       |                 [01;31m[K^~~~~~~~~~[m[K
[4.812s] [01m[K/home/john/Desktop/rp_ros2_rviz/src/grid_map.cpp:[m[K In member function ‘[01m[Kvoid GridMapNode::[01;32m[KupdateCanvas[m[K()[m[K’:
[4.812s] [01m[K/home/john/Desktop/rp_ros2_rviz/src/grid_map.cpp:54:57:[m[K [01;31m[Kerror: [m[Kbase operand of ‘[01m[K->[m[K’ is not a pointer
[4.812s]    54 |         if (canvas_.empty() || canvas_.rows != grid_map_[01;31m[K->[m[Krows() || canvas_.cols != grid_map_->cols()) {
[4.813s]       |                                                         [01;31m[K^~[m[K
[4.813s] [01m[K/home/john/Desktop/rp_ros2_rviz/src/grid_map.cpp:54:94:[m[K [01;31m[Kerror: [m[Kbase operand of ‘[01m[K->[m[K’ is not a pointer
[4.813s]    54 |         if (canvas_.empty() || canvas_.rows != grid_map_->rows() || canvas_.cols != grid_map_[01;31m[K->[m[Kcols()) {
[4.814s]       |                                                                                              [01;31m[K^~[m[K
[4.814s] [01m[K/home/john/Desktop/rp_ros2_rviz/src/grid_map.cpp:55:47:[m[K [01;31m[Kerror: [m[Kbase operand of ‘[01m[K->[m[K’ is not a pointer
[4.814s]    55 |             canvas_ = cv::Mat::zeros(grid_map_[01;31m[K->[m[Krows(), grid_map_->cols(), CV_8UC1);
[4.815s]       |                                               [01;31m[K^~[m[K
[4.815s] [01m[K/home/john/Desktop/rp_ros2_rviz/src/grid_map.cpp:55:66:[m[K [01;31m[Kerror: [m[Kbase operand of ‘[01m[K->[m[K’ is not a pointer
[4.815s]    55 |             canvas_ = cv::Mat::zeros(grid_map_->rows(), grid_map_[01;31m[K->[m[Kcols(), CV_8UC1);
[4.816s]       |                                                                  [01;31m[K^~[m[K
[4.816s] [01m[K/home/john/Desktop/rp_ros2_rviz/src/grid_map.cpp:59:18:[m[K [01;31m[Kerror: [m[Kbase operand of ‘[01m[K->[m[K’ is not a pointer
[4.817s]    59 |         grid_map_[01;31m[K->[m[Kdraw(canvas_);
[4.817s]       |                  [01;31m[K^~[m[K
[5.754s] [ 66%] [32m[1mLinking CXX executable listener_node[0m
[6.323s] [ 66%] Built target listener_node
[7.223s] gmake[2]: *** [CMakeFiles/grid_map_node.dir/build.make:76: CMakeFiles/grid_map_node.dir/src/grid_map.cpp.o] Error 1
[7.223s] gmake[1]: *** [CMakeFiles/Makefile2:193: CMakeFiles/grid_map_node.dir/all] Error 2
[7.223s] gmake[1]: *** Waiting for unfinished jobs....
[9.205s] [ 83%] [32m[1mLinking CXX executable canvas_node[0m
[10.273s] [ 83%] Built target canvas_node
[10.274s] gmake: *** [Makefile:146: all] Error 2
[10.277s] Invoked command in '/home/john/Desktop/rp_ros2_rviz/build/rp_ros2_rviz' returned '2': CMAKE_PREFIX_PATH=${CMAKE_PREFIX_PATH}:/opt/ros/jazzy DEBUGINFOD_URLS=https://debuginfod.ubuntu.com /usr/bin/cmake --build /home/john/Desktop/rp_ros2_rviz/build/rp_ros2_rviz -- -j4 -l4
