[ 25%] [32mBuilding CXX object CMakeFiles/dmap_node.dir/src/dmap_node.cpp.o[0m
[01m[K/home/john/Desktop/path_ros/rp_ros2_rviz/src/dmap_node.cpp:[m[K In static member function ‘[01m[Kstatic void DmapNode::[01;32m[KonMouse[m[K(int, int, int, int, void*)[m[K’:
[01m[K/home/john/Desktop/path_ros/rp_ros2_rviz/src/dmap_node.cpp:106:22:[m[K [01;31m[Kerror: [m[Kcannot call member function ‘[01m[Kvoid DmapNode::[01;32m[Kredisplay[m[K(const GridMapping&)[m[K’ without object
  106 |             [01;31m[Kredisplay(planner->mapping)[m[K;
      |             [01;31m[K~~~~~~~~~^~~~~~~~~~~~~~~~~~[m[K
[01m[K/home/john/Desktop/path_ros/rp_ros2_rviz/src/dmap_node.cpp:108:34:[m[K [01;31m[Kerror: [m[Kinvalid use of member ‘[01m[KDmapNode::path[m[K’ in static member function
  108 |             planner->computePath([01;31m[Kpath[m[K,
      |                                  [01;31m[K^~~~[m[K
[01m[K/home/john/Desktop/path_ros/rp_ros2_rviz/src/dmap_node.cpp:136:25:[m[K [01;36m[Knote: [m[Kdeclared here
  136 |     std::list<Vector2f> [01;36m[Kpath[m[K;
      |                         [01;36m[K^~~~[m[K
[01m[K/home/john/Desktop/path_ros/rp_ros2_rviz/src/dmap_node.cpp:112:33:[m[K [01;31m[Kerror: [m[Kinvalid use of member ‘[01m[KDmapNode::use_gradient[m[K’ in static member function
  112 |                                 [01;31m[Kuse_gradient[m[K);
      |                                 [01;31m[K^~~~~~~~~~~~[m[K
[01m[K/home/john/Desktop/path_ros/rp_ros2_rviz/src/dmap_node.cpp:140:10:[m[K [01;36m[Knote: [m[Kdeclared here
  140 |     bool [01;36m[Kuse_gradient[m[K = false;
      |          [01;36m[K^~~~~~~~~~~~[m[K
[01m[K/home/john/Desktop/path_ros/rp_ros2_rviz/src/dmap_node.cpp:113:22:[m[K [01;31m[Kerror: [m[Kcannot call member function ‘[01m[Kvoid DmapNode::[01;32m[Kredisplay[m[K(const GridMapping&)[m[K’ without object
  113 |             [01;31m[Kredisplay(planner->mapping)[m[K;
      |             [01;31m[K~~~~~~~~~^~~~~~~~~~~~~~~~~~[m[K
[01m[K/home/john/Desktop/path_ros/rp_ros2_rviz/src/dmap_node.cpp:116:44:[m[K [01;31m[Kerror: [m[Kinvalid use of member ‘[01m[KDmapNode::background_mode[m[K’ in static member function
  116 |             cerr << "background_mode= " << [01;31m[Kbackground_mode[m[K << endl;
      |                                            [01;31m[K^~~~~~~~~~~~~~~[m[K
[01m[K/home/john/Desktop/path_ros/rp_ros2_rviz/src/dmap_node.cpp:139:9:[m[K [01;36m[Knote: [m[Kdeclared here
  139 |     int [01;36m[Kbackground_mode[m[K = 0;
      |         [01;36m[K^~~~~~~~~~~~~~~[m[K
[01m[K/home/john/Desktop/path_ros/rp_ros2_rviz/src/dmap_node.cpp:117:20:[m[K [01;31m[Kerror: [m[Kinvalid use of member ‘[01m[KDmapNode::background_mode[m[K’ in static member function
  117 |             switch([01;31m[Kbackground_mode[m[K) {
      |                    [01;31m[K^~~~~~~~~~~~~~~[m[K
[01m[K/home/john/Desktop/path_ros/rp_ros2_rviz/src/dmap_node.cpp:139:9:[m[K [01;36m[Knote: [m[Kdeclared here
  139 |     int [01;36m[Kbackground_mode[m[K = 0;
      |         [01;36m[K^~~~~~~~~~~~~~~[m[K
[01m[K/home/john/Desktop/path_ros/rp_ros2_rviz/src/dmap_node.cpp:97:58:[m[K [01;35m[Kwarning: [m[Kunused parameter ‘[01m[Kval[m[K’ [[01;35m[K]8;;https://gcc.gnu.org/onlinedocs/gcc/Warning-Options.html#index-Wunused-parameter-Wunused-parameter]8;;[m[K]
   97 |         static void onMouse(int event, int x, int y, [01;35m[Kint val[m[K, void* arg) {
      |                                                      [01;35m[K~~~~^~~[m[K
gmake[2]: *** [CMakeFiles/dmap_node.dir/build.make:76: CMakeFiles/dmap_node.dir/src/dmap_node.cpp.o] Error 1
gmake[1]: *** [CMakeFiles/Makefile2:137: CMakeFiles/dmap_node.dir/all] Error 2
gmake: *** [Makefile:146: all] Error 2
