[0.009s] Invoking command in '/home/john/Desktop/path_ros/rp_ros2_rviz/build/rp_ros2_rviz': CMAKE_PREFIX_PATH=${CMAKE_PREFIX_PATH}:/opt/ros/jazzy DEBUGINFOD_URLS=https://debuginfod.ubuntu.com /usr/bin/cmake --build /home/john/Desktop/path_ros/rp_ros2_rviz/build/rp_ros2_rviz -- -j4 -l4
[0.117s] [ 25%] [32mBuilding CXX object CMakeFiles/dmap_node.dir/src/dmap_node.cpp.o[0m
[3.816s] [01m[K/home/john/Desktop/path_ros/rp_ros2_rviz/src/dmap_node.cpp:[m[K In static member function ‘[01m[Kstatic void DmapNode::[01;32m[KonMouse[m[K(int, int, int, int, void*)[m[K’:
[3.816s] [01m[K/home/john/Desktop/path_ros/rp_ros2_rviz/src/dmap_node.cpp:106:22:[m[K [01;31m[Kerror: [m[Kcannot call member function ‘[01m[Kvoid DmapNode::[01;32m[Kredisplay[m[K(const GridMapping&)[m[K’ without object
[3.816s]   106 |             [01;31m[Kredisplay(planner->mapping)[m[K;
[3.816s]       |             [01;31m[K~~~~~~~~~^~~~~~~~~~~~~~~~~~[m[K
[3.816s] [01m[K/home/john/Desktop/path_ros/rp_ros2_rviz/src/dmap_node.cpp:108:34:[m[K [01;31m[Kerror: [m[Kinvalid use of member ‘[01m[KDmapNode::path[m[K’ in static member function
[3.817s]   108 |             planner->computePath([01;31m[Kpath[m[K,
[3.817s]       |                                  [01;31m[K^~~~[m[K
[3.817s] [01m[K/home/john/Desktop/path_ros/rp_ros2_rviz/src/dmap_node.cpp:136:25:[m[K [01;36m[Knote: [m[Kdeclared here
[3.817s]   136 |     std::list<Vector2f> [01;36m[Kpath[m[K;
[3.817s]       |                         [01;36m[K^~~~[m[K
[3.817s] [01m[K/home/john/Desktop/path_ros/rp_ros2_rviz/src/dmap_node.cpp:112:33:[m[K [01;31m[Kerror: [m[Kinvalid use of member ‘[01m[KDmapNode::use_gradient[m[K’ in static member function
[3.817s]   112 |                                 [01;31m[Kuse_gradient[m[K);
[3.817s]       |                                 [01;31m[K^~~~~~~~~~~~[m[K
[3.817s] [01m[K/home/john/Desktop/path_ros/rp_ros2_rviz/src/dmap_node.cpp:140:10:[m[K [01;36m[Knote: [m[Kdeclared here
[3.817s]   140 |     bool [01;36m[Kuse_gradient[m[K = false;
[3.817s]       |          [01;36m[K^~~~~~~~~~~~[m[K
[3.817s] [01m[K/home/john/Desktop/path_ros/rp_ros2_rviz/src/dmap_node.cpp:113:22:[m[K [01;31m[Kerror: [m[Kcannot call member function ‘[01m[Kvoid DmapNode::[01;32m[Kredisplay[m[K(const GridMapping&)[m[K’ without object
[3.817s]   113 |             [01;31m[Kredisplay(planner->mapping)[m[K;
[3.817s]       |             [01;31m[K~~~~~~~~~^~~~~~~~~~~~~~~~~~[m[K
[3.817s] [01m[K/home/john/Desktop/path_ros/rp_ros2_rviz/src/dmap_node.cpp:116:44:[m[K [01;31m[Kerror: [m[Kinvalid use of member ‘[01m[KDmapNode::background_mode[m[K’ in static member function
[3.817s]   116 |             cerr << "background_mode= " << [01;31m[Kbackground_mode[m[K << endl;
[3.818s]       |                                            [01;31m[K^~~~~~~~~~~~~~~[m[K
[3.818s] [01m[K/home/john/Desktop/path_ros/rp_ros2_rviz/src/dmap_node.cpp:139:9:[m[K [01;36m[Knote: [m[Kdeclared here
[3.818s]   139 |     int [01;36m[Kbackground_mode[m[K = 0;
[3.818s]       |         [01;36m[K^~~~~~~~~~~~~~~[m[K
[3.818s] [01m[K/home/john/Desktop/path_ros/rp_ros2_rviz/src/dmap_node.cpp:117:20:[m[K [01;31m[Kerror: [m[Kinvalid use of member ‘[01m[KDmapNode::background_mode[m[K’ in static member function
[3.818s]   117 |             switch([01;31m[Kbackground_mode[m[K) {
[3.818s]       |                    [01;31m[K^~~~~~~~~~~~~~~[m[K
[3.818s] [01m[K/home/john/Desktop/path_ros/rp_ros2_rviz/src/dmap_node.cpp:139:9:[m[K [01;36m[Knote: [m[Kdeclared here
[3.818s]   139 |     int [01;36m[Kbackground_mode[m[K = 0;
[3.818s]       |         [01;36m[K^~~~~~~~~~~~~~~[m[K
[3.828s] [01m[K/home/john/Desktop/path_ros/rp_ros2_rviz/src/dmap_node.cpp:97:58:[m[K [01;35m[Kwarning: [m[Kunused parameter ‘[01m[Kval[m[K’ [[01;35m[K]8;;https://gcc.gnu.org/onlinedocs/gcc/Warning-Options.html#index-Wunused-parameter-Wunused-parameter]8;;[m[K]
[3.828s]    97 |         static void onMouse(int event, int x, int y, [01;35m[Kint val[m[K, void* arg) {
[3.828s]       |                                                      [01;35m[K~~~~^~~[m[K
[5.295s] gmake[2]: *** [CMakeFiles/dmap_node.dir/build.make:76: CMakeFiles/dmap_node.dir/src/dmap_node.cpp.o] Error 1
[5.295s] gmake[1]: *** [CMakeFiles/Makefile2:137: CMakeFiles/dmap_node.dir/all] Error 2
[5.295s] gmake: *** [Makefile:146: all] Error 2
[5.301s] Invoked command in '/home/john/Desktop/path_ros/rp_ros2_rviz/build/rp_ros2_rviz' returned '2': CMAKE_PREFIX_PATH=${CMAKE_PREFIX_PATH}:/opt/ros/jazzy DEBUGINFOD_URLS=https://debuginfod.ubuntu.com /usr/bin/cmake --build /home/john/Desktop/path_ros/rp_ros2_rviz/build/rp_ros2_rviz -- -j4 -l4
