[0.028s] Invoking command in '/home/john/Desktop/path_ros/rp_ros2_rviz/build/rp_ros2_rviz': CMAKE_PREFIX_PATH=${CMAKE_PREFIX_PATH}:/opt/ros/jazzy DEBUGINFOD_URLS=https://debuginfod.ubuntu.com /usr/bin/cmake /home/john/Desktop/path_ros/rp_ros2_rviz -DCMAKE_INSTALL_PREFIX=/home/john/Desktop/path_ros/rp_ros2_rviz/install/rp_ros2_rviz
[0.312s] -- The C compiler identification is GNU 13.3.0
[0.532s] -- The CXX compiler identification is GNU 13.3.0
[0.583s] -- Detecting C compiler ABI info
[0.739s] -- Detecting C compiler ABI info - done
[0.758s] -- Check for working C compiler: /usr/bin/cc - skipped
[0.760s] -- Detecting C compile features
[0.764s] -- Detecting C compile features - done
[0.789s] -- Detecting CXX compiler ABI info
[0.925s] -- Detecting CXX compiler ABI info - done
[0.938s] -- Check for working CXX compiler: /usr/bin/c++ - skipped
[0.939s] -- Detecting CXX compile features
[0.939s] -- Detecting CXX compile features - done
[0.993s] -- Found ament_cmake: 2.5.3 (/opt/ros/jazzy/share/ament_cmake/cmake)
[1.215s] -- Found Python3: /usr/bin/python3 (found version "3.12.3") found components: Interpreter 
[1.407s] -- Found rclcpp: 28.1.6 (/opt/ros/jazzy/share/rclcpp/cmake)
[1.552s] -- Found rosidl_generator_c: 4.6.5 (/opt/ros/jazzy/share/rosidl_generator_c/cmake)
[1.584s] -- Found rosidl_generator_cpp: 4.6.5 (/opt/ros/jazzy/share/rosidl_generator_cpp/cmake)
[1.639s] -- Using all available rosidl_typesupport_c: rosidl_typesupport_fastrtps_c;rosidl_typesupport_introspection_c
[1.679s] -- Using all available rosidl_typesupport_cpp: rosidl_typesupport_fastrtps_cpp;rosidl_typesupport_introspection_cpp
[1.852s] -- Found rmw_implementation_cmake: 7.3.1 (/opt/ros/jazzy/share/rmw_implementation_cmake/cmake)
[1.862s] -- Found rmw_fastrtps_cpp: 8.4.1 (/opt/ros/jazzy/share/rmw_fastrtps_cpp/cmake)
[2.009s] -- Found OpenSSL: /usr/lib/aarch64-linux-gnu/libcrypto.so (found version "3.0.13")  
[2.036s] -- Found FastRTPS: /opt/ros/jazzy/include (Required is at least version "2.13") 
[2.064s] -- Using RMW implementation 'rmw_fastrtps_cpp' as default
[2.199s] -- Found std_msgs: 5.3.5 (/opt/ros/jazzy/share/std_msgs/cmake)
[2.231s] -- Found geometry_msgs: 5.3.5 (/opt/ros/jazzy/share/geometry_msgs/cmake)
[2.273s] -- Found OpenCV: /usr (found version "4.6.0") 
[2.287s] [31mCMake Error at /opt/ros/jazzy/share/ament_cmake_target_dependencies/cmake/ament_target_dependencies.cmake:42 (message):
[2.288s]   ament_target_dependencies() the first argument must be a valid target name
[2.288s] Call Stack (most recent call first):
[2.288s]   CMakeLists.txt:17 (ament_target_dependencies)
[2.288s] 
[2.288s] [0m
[2.288s] -- Configuring incomplete, errors occurred!
[2.301s] Invoked command in '/home/john/Desktop/path_ros/rp_ros2_rviz/build/rp_ros2_rviz' returned '1': CMAKE_PREFIX_PATH=${CMAKE_PREFIX_PATH}:/opt/ros/jazzy DEBUGINFOD_URLS=https://debuginfod.ubuntu.com /usr/bin/cmake /home/john/Desktop/path_ros/rp_ros2_rviz -DCMAKE_INSTALL_PREFIX=/home/john/Desktop/path_ros/rp_ros2_rviz/install/rp_ros2_rviz
