[01m[K/home/john/Desktop/rp_ros2_rviz/src/particle_node_filter.cpp:57:40:[m[K [01;31m[Kerror: [m[Kredeclaration of ‘[01m[Kbool ParticleFilterNode::particles_initialized_[m[K’
   57 |         bool particles_initialized_  = [01;31m[Kfalse[m[K;
      |                                        [01;31m[K^~~~~[m[K
[01m[K/home/john/Desktop/rp_ros2_rviz/src/particle_node_filter.cpp:50:14:[m[K [01;36m[Knote: [m[Kprevious declaration ‘[01m[Kbool ParticleFilterNode::particles_initialized_[m[K’
   50 |         bool [01;36m[Kparticles_initialized_[m[K = false;
      |              [01;36m[K^~~~~~~~~~~~~~~~~~~~~~[m[K
[01m[K/home/john/Desktop/rp_ros2_rviz/src/particle_node_filter.cpp:[m[K In member function ‘[01m[Kvoid ParticleFilterNode::initializeParticlesNear(double, double, double, int)[m[K’:
[01m[K/home/john/Desktop/rp_ros2_rviz/src/particle_node_filter.cpp:96:79:[m[K [01;35m[Kwarning: [m[Kunused parameter ‘[01m[Kcenter_theta[m[K’ [[01;35m[K-Wunused-parameter[m[K]
   96 |         void initializeParticlesNear(double center_x, double center_y, [01;35m[Kdouble center_theta[m[K, int num_particles) {
      |                                                                        [01;35m[K~~~~~~~^~~~~~~~~~~~[m[K
[01m[K/home/john/Desktop/rp_ros2_rviz/src/particle_node_filter.cpp:[m[K In member function ‘[01m[Kstd::vector<std::tuple<double, double, double> > ParticleFilterNode::correlativeScanMatching(const std::vector<std::pair<double, double> >&, int)[m[K’:
[01m[K/home/john/Desktop/rp_ros2_rviz/src/particle_node_filter.cpp:323:76:[m[K [01;31m[Kerror: [m[Kunable to deduce ‘[01m[Kstd::initializer_list<auto>&&[m[K’ from ‘[01m[K{(-3.1415926535897931e+0 / (double)6), (-3.1415926535897931e+0 / (double)12), 0, (3.1415926535897931e+0 / (double)12), (3.1415926535897931e+0 / (double)6)}[m[K’
  323 |           for (double theta_test : { -M_PI/6, -M_PI/12, 0, M_PI/12, M_PI/6 [01;31m[K}[m[K) {
      |                                                                            [01;31m[K^[m[K
[01m[K/home/john/Desktop/rp_ros2_rviz/src/particle_node_filter.cpp:323:76:[m[K [01;36m[Knote: [m[K  deduced conflicting types for parameter ‘[01m[Kauto[m[K’ (‘[01m[Kdouble[m[K’ and ‘[01m[Kint[m[K’)
[01m[K/home/john/Desktop/rp_ros2_rviz/src/particle_node_filter.cpp:324:32:[m[K [01;31m[Kerror: [m[K‘[01m[KrasterizeScan[m[K’ was not declared in this scope
  324 |             cv::Mat scan_img = [01;31m[KrasterizeScan[m[K(scan, theta_test);
      |                                [01;31m[K^~~~~~~~~~~~~[m[K
[01m[K/home/john/Desktop/rp_ros2_rviz/src/particle_node_filter.cpp:326:41:[m[K [01;31m[Kerror: [m[K‘[01m[Kmap_img_[m[K’ was not declared in this scope
  326 |             cv::matchTemplate(scan_img, [01;31m[Kmap_img_[m[K, result, cv::TM_CCOEFF_NORMED);
      |                                         [01;31m[K^~~~~~~~[m[K
[01m[K/home/john/Desktop/rp_ros2_rviz/src/particle_node_filter.cpp:330:27:[m[K [01;31m[Kerror: [m[K‘[01m[KgridToWorldX[m[K’ was not declared in this scope
  330 |               double wx = [01;31m[KgridToWorldX[m[K(maxLoc.x);
      |                           [01;31m[K^~~~~~~~~~~~[m[K
[01m[K/home/john/Desktop/rp_ros2_rviz/src/particle_node_filter.cpp:331:27:[m[K [01;31m[Kerror: [m[K‘[01m[KgridToWorldY[m[K’ was not declared in this scope
  331 |               double wy = [01;31m[KgridToWorldY[m[K(maxLoc.y);
      |                           [01;31m[K^~~~~~~~~~~~[m[K
make[2]: *** [CMakeFiles/particle_node_filter.dir/build.make:63: CMakeFiles/particle_node_filter.dir/src/particle_node_filter.cpp.o] Error 1
make[1]: *** [CMakeFiles/Makefile2:194: CMakeFiles/particle_node_filter.dir/all] Error 2
make: *** [Makefile:141: all] Error 2
