[0.008s] Invoking command in '/home/john/Desktop/rp_ros2_rviz/build/rp_ros2_rviz': CMAKE_PREFIX_PATH=${CMAKE_PREFIX_PATH}:/opt/ros/foxy /usr/bin/cmake --build /home/john/Desktop/rp_ros2_rviz/build/rp_ros2_rviz -- -j4 -l4
[0.061s] [35m[1mScanning dependencies of target particle_node_filter[0m
[0.068s] [ 20%] Built target controller_node
[0.093s] [ 40%] Built target pathplanner_node
[0.112s] [ 44%] [32mBuilding CXX object CMakeFiles/particle_node_filter.dir/src/particle_node_filter.cpp.o[0m
[0.115s] [ 64%] Built target world_node
[0.125s] [ 84%] Built target mapserver
[1.497s] [01m[K/home/john/Desktop/rp_ros2_rviz/src/particle_node_filter.cpp:57:40:[m[K [01;31m[Kerror: [m[Kredeclaration of ‘[01m[Kbool ParticleFilterNode::particles_initialized_[m[K’
[1.497s]    57 |         bool particles_initialized_  = [01;31m[Kfalse[m[K;
[1.497s]       |                                        [01;31m[K^~~~~[m[K
[1.497s] [01m[K/home/john/Desktop/rp_ros2_rviz/src/particle_node_filter.cpp:50:14:[m[K [01;36m[Knote: [m[Kprevious declaration ‘[01m[Kbool ParticleFilterNode::particles_initialized_[m[K’
[1.497s]    50 |         bool [01;36m[Kparticles_initialized_[m[K = false;
[1.497s]       |              [01;36m[K^~~~~~~~~~~~~~~~~~~~~~[m[K
[1.518s] [01m[K/home/john/Desktop/rp_ros2_rviz/src/particle_node_filter.cpp:[m[K In member function ‘[01m[Kvoid ParticleFilterNode::initializeParticlesNear(double, double, double, int)[m[K’:
[1.518s] [01m[K/home/john/Desktop/rp_ros2_rviz/src/particle_node_filter.cpp:96:79:[m[K [01;35m[Kwarning: [m[Kunused parameter ‘[01m[Kcenter_theta[m[K’ [[01;35m[K-Wunused-parameter[m[K]
[1.518s]    96 |         void initializeParticlesNear(double center_x, double center_y, [01;35m[Kdouble center_theta[m[K, int num_particles) {
[1.518s]       |                                                                        [01;35m[K~~~~~~~^~~~~~~~~~~~[m[K
[1.529s] [01m[K/home/john/Desktop/rp_ros2_rviz/src/particle_node_filter.cpp:[m[K In member function ‘[01m[Kstd::vector<std::tuple<double, double, double> > ParticleFilterNode::correlativeScanMatching(const std::vector<std::pair<double, double> >&, int)[m[K’:
[1.529s] [01m[K/home/john/Desktop/rp_ros2_rviz/src/particle_node_filter.cpp:323:76:[m[K [01;31m[Kerror: [m[Kunable to deduce ‘[01m[Kstd::initializer_list<auto>&&[m[K’ from ‘[01m[K{(-3.1415926535897931e+0 / (double)6), (-3.1415926535897931e+0 / (double)12), 0, (3.1415926535897931e+0 / (double)12), (3.1415926535897931e+0 / (double)6)}[m[K’
[1.529s]   323 |           for (double theta_test : { -M_PI/6, -M_PI/12, 0, M_PI/12, M_PI/6 [01;31m[K}[m[K) {
[1.529s]       |                                                                            [01;31m[K^[m[K
[1.529s] [01m[K/home/john/Desktop/rp_ros2_rviz/src/particle_node_filter.cpp:323:76:[m[K [01;36m[Knote: [m[K  deduced conflicting types for parameter ‘[01m[Kauto[m[K’ (‘[01m[Kdouble[m[K’ and ‘[01m[Kint[m[K’)
[1.538s] [01m[K/home/john/Desktop/rp_ros2_rviz/src/particle_node_filter.cpp:324:32:[m[K [01;31m[Kerror: [m[K‘[01m[KrasterizeScan[m[K’ was not declared in this scope
[1.538s]   324 |             cv::Mat scan_img = [01;31m[KrasterizeScan[m[K(scan, theta_test);
[1.538s]       |                                [01;31m[K^~~~~~~~~~~~~[m[K
[1.542s] [01m[K/home/john/Desktop/rp_ros2_rviz/src/particle_node_filter.cpp:326:41:[m[K [01;31m[Kerror: [m[K‘[01m[Kmap_img_[m[K’ was not declared in this scope
[1.542s]   326 |             cv::matchTemplate(scan_img, [01;31m[Kmap_img_[m[K, result, cv::TM_CCOEFF_NORMED);
[1.542s]       |                                         [01;31m[K^~~~~~~~[m[K
[1.549s] [01m[K/home/john/Desktop/rp_ros2_rviz/src/particle_node_filter.cpp:330:27:[m[K [01;31m[Kerror: [m[K‘[01m[KgridToWorldX[m[K’ was not declared in this scope
[1.549s]   330 |               double wx = [01;31m[KgridToWorldX[m[K(maxLoc.x);
[1.549s]       |                           [01;31m[K^~~~~~~~~~~~[m[K
[1.556s] [01m[K/home/john/Desktop/rp_ros2_rviz/src/particle_node_filter.cpp:331:27:[m[K [01;31m[Kerror: [m[K‘[01m[KgridToWorldY[m[K’ was not declared in this scope
[1.556s]   331 |               double wy = [01;31m[KgridToWorldY[m[K(maxLoc.y);
[1.557s]       |                           [01;31m[K^~~~~~~~~~~~[m[K
[3.175s] make[2]: *** [CMakeFiles/particle_node_filter.dir/build.make:63: CMakeFiles/particle_node_filter.dir/src/particle_node_filter.cpp.o] Error 1
[3.175s] make[1]: *** [CMakeFiles/Makefile2:194: CMakeFiles/particle_node_filter.dir/all] Error 2
[3.175s] make: *** [Makefile:141: all] Error 2
[3.178s] Invoked command in '/home/john/Desktop/rp_ros2_rviz/build/rp_ros2_rviz' returned '2': CMAKE_PREFIX_PATH=${CMAKE_PREFIX_PATH}:/opt/ros/foxy /usr/bin/cmake --build /home/john/Desktop/rp_ros2_rviz/build/rp_ros2_rviz -- -j4 -l4
