[0.013s] Invoking command in '/home/john/Desktop/path_ros/rp_ros2_rviz/build/rp_ros2_rviz': CMAKE_PREFIX_PATH=${CMAKE_PREFIX_PATH}:/opt/ros/jazzy DEBUGINFOD_URLS=https://debuginfod.ubuntu.com /usr/bin/cmake --build /home/john/Desktop/path_ros/rp_ros2_rviz/build/rp_ros2_rviz -- -j4 -l4
[0.095s] [ 25%] [32mBuilding CXX object CMakeFiles/dmap_node.dir/src/dmap_node.cpp.o[0m
[3.681s] [01m[K/home/john/Desktop/path_ros/rp_ros2_rviz/src/dmap_node.cpp:[m[K In static member function ‘[01m[Kstatic void DmapNode::[01;32m[KonMouse[m[K(int, int, int, int, void*)[m[K’:
[3.681s] [01m[K/home/john/Desktop/path_ros/rp_ros2_rviz/src/dmap_node.cpp:91:20:[m[K [01;31m[Kerror: [m[Kno matching function for call to ‘[01m[KDmapNode::redisplay(GridMapping&)[m[K’
[3.681s]    91 |           [01;31m[Kredisplay(planner->mapping)[m[K;
[3.681s]       |           [01;31m[K~~~~~~~~~^~~~~~~~~~~~~~~~~~[m[K
[3.682s] [01m[K/home/john/Desktop/path_ros/rp_ros2_rviz/src/dmap_node.cpp:72:10:[m[K [01;36m[Knote: [m[Kcandidate: ‘[01m[Kvoid DmapNode::[01;32m[Kredisplay[m[K()[m[K’
[3.683s]    72 |     void [01;36m[Kredisplay[m[K() {
[3.683s]       |          [01;36m[K^~~~~~~~~[m[K
[3.683s] [01m[K/home/john/Desktop/path_ros/rp_ros2_rviz/src/dmap_node.cpp:72:10:[m[K [01;36m[Knote: [m[K  candidate expects 0 arguments, 1 provided
[3.683s] [01m[K/home/john/Desktop/path_ros/rp_ros2_rviz/src/dmap_node.cpp:93:32:[m[K [01;31m[Kerror: [m[Kinvalid use of member ‘[01m[KDmapNode::path[m[K’ in static member function
[3.683s]    93 |           planner->computePath([01;31m[Kpath[m[K,
[3.683s]       |                                [01;31m[K^~~~[m[K
[3.683s] [01m[K/home/john/Desktop/path_ros/rp_ros2_rviz/src/dmap_node.cpp:15:25:[m[K [01;36m[Knote: [m[Kdeclared here
[3.683s]    15 |     std::list<Vector2f> [01;36m[Kpath[m[K;
[3.683s]       |                         [01;36m[K^~~~[m[K
[3.683s] [01m[K/home/john/Desktop/path_ros/rp_ros2_rviz/src/dmap_node.cpp:97:32:[m[K [01;31m[Kerror: [m[Kinvalid use of member ‘[01m[KDmapNode::use_gradient[m[K’ in static member function
[3.683s]    97 |                                [01;31m[Kuse_gradient[m[K);
[3.683s]       |                                [01;31m[K^~~~~~~~~~~~[m[K
[3.683s] [01m[K/home/john/Desktop/path_ros/rp_ros2_rviz/src/dmap_node.cpp:18:10:[m[K [01;36m[Knote: [m[Kdeclared here
[3.683s]    18 |     bool [01;36m[Kuse_gradient[m[K = false;
[3.684s]       |          [01;36m[K^~~~~~~~~~~~[m[K
[3.684s] [01m[K/home/john/Desktop/path_ros/rp_ros2_rviz/src/dmap_node.cpp:98:20:[m[K [01;31m[Kerror: [m[Kno matching function for call to ‘[01m[KDmapNode::redisplay(GridMapping&)[m[K’
[3.684s]    98 |           [01;31m[Kredisplay(planner->mapping)[m[K;
[3.684s]       |           [01;31m[K~~~~~~~~~^~~~~~~~~~~~~~~~~~[m[K
[3.684s] [01m[K/home/john/Desktop/path_ros/rp_ros2_rviz/src/dmap_node.cpp:72:10:[m[K [01;36m[Knote: [m[Kcandidate: ‘[01m[Kvoid DmapNode::[01;32m[Kredisplay[m[K()[m[K’
[3.684s]    72 |     void [01;36m[Kredisplay[m[K() {
[3.684s]       |          [01;36m[K^~~~~~~~~[m[K
[3.684s] [01m[K/home/john/Desktop/path_ros/rp_ros2_rviz/src/dmap_node.cpp:72:10:[m[K [01;36m[Knote: [m[K  candidate expects 0 arguments, 1 provided
[3.684s] [01m[K/home/john/Desktop/path_ros/rp_ros2_rviz/src/dmap_node.cpp:101:40:[m[K [01;31m[Kerror: [m[Kinvalid use of member ‘[01m[KDmapNode::background_mode[m[K’ in static member function
[3.684s]   101 |         cerr << "background_mode= " << [01;31m[Kbackground_mode[m[K << endl;
[3.688s]       |                                        [01;31m[K^~~~~~~~~~~~~~~[m[K
[3.688s] [01m[K/home/john/Desktop/path_ros/rp_ros2_rviz/src/dmap_node.cpp:17:9:[m[K [01;36m[Knote: [m[Kdeclared here
[3.689s]    17 |     int [01;36m[Kbackground_mode[m[K = 0;
[3.689s]       |         [01;36m[K^~~~~~~~~~~~~~~[m[K
[3.689s] [01m[K/home/john/Desktop/path_ros/rp_ros2_rviz/src/dmap_node.cpp:102:16:[m[K [01;31m[Kerror: [m[Kinvalid use of member ‘[01m[KDmapNode::background_mode[m[K’ in static member function
[3.689s]   102 |         switch([01;31m[Kbackground_mode[m[K) {
[3.689s]       |                [01;31m[K^~~~~~~~~~~~~~~[m[K
[3.689s] [01m[K/home/john/Desktop/path_ros/rp_ros2_rviz/src/dmap_node.cpp:17:9:[m[K [01;36m[Knote: [m[Kdeclared here
[3.689s]    17 |     int [01;36m[Kbackground_mode[m[K = 0;
[3.691s]       |         [01;36m[K^~~~~~~~~~~~~~~[m[K
[3.698s] [01m[K/home/john/Desktop/path_ros/rp_ros2_rviz/src/dmap_node.cpp:83:54:[m[K [01;35m[Kwarning: [m[Kunused parameter ‘[01m[Kval[m[K’ [[01;35m[K]8;;https://gcc.gnu.org/onlinedocs/gcc/Warning-Options.html#index-Wunused-parameter-Wunused-parameter]8;;[m[K]
[3.699s]    83 |     static void onMouse(int event, int x, int y, [01;35m[Kint val[m[K, void* arg) {
[3.699s]       |                                                  [01;35m[K~~~~^~~[m[K
[5.267s] gmake[2]: *** [CMakeFiles/dmap_node.dir/build.make:76: CMakeFiles/dmap_node.dir/src/dmap_node.cpp.o] Error 1
[5.267s] gmake[1]: *** [CMakeFiles/Makefile2:137: CMakeFiles/dmap_node.dir/all] Error 2
[5.267s] gmake: *** [Makefile:146: all] Error 2
[5.292s] Invoked command in '/home/john/Desktop/path_ros/rp_ros2_rviz/build/rp_ros2_rviz' returned '2': CMAKE_PREFIX_PATH=${CMAKE_PREFIX_PATH}:/opt/ros/jazzy DEBUGINFOD_URLS=https://debuginfod.ubuntu.com /usr/bin/cmake --build /home/john/Desktop/path_ros/rp_ros2_rviz/build/rp_ros2_rviz -- -j4 -l4
