[0.013s] Invoking command in '/home/john/Desktop/rp_ros2_rviz/build/rp_ros2_rviz': CMAKE_PREFIX_PATH=${CMAKE_PREFIX_PATH}:/opt/ros/jazzy DEBUGINFOD_URLS=https://debuginfod.ubuntu.com /usr/bin/cmake --build /home/john/Desktop/rp_ros2_rviz/build/rp_ros2_rviz -- -j4 -l4
[0.096s] [ 22%] Built target listener_node
[0.129s] [ 33%] [32mBuilding CXX object CMakeFiles/world_node.dir/src/world_node.cpp.o[0m
[3.017s] [01m[K/home/john/Desktop/rp_ros2_rviz/src/world_node.cpp:[m[K In member function ‘[01m[Kvoid WorldNode::[01;32m[KloadGridMapCallback[m[K(std_msgs::msg::String_<std::allocator<void> >::SharedPtr)[m[K’:
[3.017s] [01m[K/home/john/Desktop/rp_ros2_rviz/src/world_node.cpp:29:32:[m[K [01;31m[Kerror: [m[Kconversion from ‘[01m[KGridMap*[m[K’ to non-scalar type ‘[01m[KGridMap[m[K’ requested
[3.017s]    29 |             GridMap grid_map = [01;31m[Knew GridMap(image_path.c_str(), 0.1, world_.get(), Isometry2f(0, 10, 0.3))[m[K;
[3.017s]       |                                [01;31m[K^~~~~~~~~~~~~~~~~~~~~~~~~~~~~~~~~~~~~~~~~~~~~~~~~~~~~~~~~~~~~~~~~~~~~~~~~~[m[K
[3.024s] [01m[K/home/john/Desktop/rp_ros2_rviz/src/world_node.cpp:36:33:[m[K [01;31m[Kerror: [m[Kbase operand of ‘[01m[K->[m[K’ has non-pointer type ‘[01m[KGridMap[m[K’
[3.024s]    36 |             canvas.init(grid_map[01;31m[K->[m[Krows / 2, grid_map->cols / 2, 0.2);
[3.024s]       |                                 [01;31m[K^~[m[K
[3.024s] [01m[K/home/john/Desktop/rp_ros2_rviz/src/world_node.cpp:36:53:[m[K [01;31m[Kerror: [m[Kbase operand of ‘[01m[K->[m[K’ has non-pointer type ‘[01m[KGridMap[m[K’
[3.024s]    36 |             canvas.init(grid_map->rows / 2, grid_map[01;31m[K->[m[Kcols / 2, 0.2);
[3.024s]       |                                                     [01;31m[K^~[m[K
[3.036s] [01m[K/home/john/Desktop/rp_ros2_rviz/src/world_node.cpp:43:45:[m[K [01;31m[Kerror: [m[K‘[01m[Ko[m[K’ was not declared in this scope
[3.036s]    43 |                 int key = cv::waitKey(10);  [01;31m[Ko[m[K
[3.036s]       |                                             [01;31m[K^[m[K
[3.036s] [01m[K/home/john/Desktop/rp_ros2_rviz/src/world_node.cpp:43:21:[m[K [01;35m[Kwarning: [m[Kunused variable ‘[01m[Kkey[m[K’ [[01;35m[K]8;;https://gcc.gnu.org/onlinedocs/gcc/Warning-Options.html#index-Wunused-variable-Wunused-variable]8;;[m[K]
[3.036s]    43 |                 int [01;35m[Kkey[m[K = cv::waitKey(10);  o
[3.036s]       |                     [01;35m[K^~~[m[K
[5.236s] gmake[2]: *** [CMakeFiles/world_node.dir/build.make:76: CMakeFiles/world_node.dir/src/world_node.cpp.o] Error 1
[5.236s] gmake[1]: *** [CMakeFiles/Makefile2:165: CMakeFiles/world_node.dir/all] Error 2
[5.236s] gmake: *** [Makefile:146: all] Error 2
[5.241s] Invoked command in '/home/john/Desktop/rp_ros2_rviz/build/rp_ros2_rviz' returned '2': CMAKE_PREFIX_PATH=${CMAKE_PREFIX_PATH}:/opt/ros/jazzy DEBUGINFOD_URLS=https://debuginfod.ubuntu.com /usr/bin/cmake --build /home/john/Desktop/rp_ros2_rviz/build/rp_ros2_rviz -- -j4 -l4
