[0.021s] Invoking command in '/home/john/Desktop/rp_ros2_rviz/build/rp_ros2_rviz': CMAKE_PREFIX_PATH=${CMAKE_PREFIX_PATH}:/home/john/Desktop/path_ros/rp_ros2_rviz/install/rp_ros2_rviz:/opt/ros/jazzy DEBUGINFOD_URLS=https://debuginfod.ubuntu.com /usr/bin/cmake --build /home/john/Desktop/rp_ros2_rviz/build/rp_ros2_rviz -- -j4 -l4
[0.072s] -- Found ament_cmake: 2.5.3 (/opt/ros/jazzy/share/ament_cmake/cmake)
[0.325s] -- Found rclcpp: 28.1.6 (/opt/ros/jazzy/share/rclcpp/cmake)
[0.395s] -- Found rosidl_generator_c: 4.6.5 (/opt/ros/jazzy/share/rosidl_generator_c/cmake)
[0.413s] -- Found rosidl_generator_cpp: 4.6.5 (/opt/ros/jazzy/share/rosidl_generator_cpp/cmake)
[0.444s] -- Using all available rosidl_typesupport_c: rosidl_typesupport_fastrtps_c;rosidl_typesupport_introspection_c
[0.468s] -- Using all available rosidl_typesupport_cpp: rosidl_typesupport_fastrtps_cpp;rosidl_typesupport_introspection_cpp
[0.573s] -- Found rmw_implementation_cmake: 7.3.1 (/opt/ros/jazzy/share/rmw_implementation_cmake/cmake)
[0.578s] -- Found rmw_fastrtps_cpp: 8.4.1 (/opt/ros/jazzy/share/rmw_fastrtps_cpp/cmake)
[0.682s] -- Using RMW implementation 'rmw_fastrtps_cpp' as default
[0.784s] -- Found std_msgs: 5.3.5 (/opt/ros/jazzy/share/std_msgs/cmake)
[0.808s] -- Found geometry_msgs: 5.3.5 (/opt/ros/jazzy/share/geometry_msgs/cmake)
[0.851s] -- Found sensor_msgs: 5.3.5 (/opt/ros/jazzy/share/sensor_msgs/cmake)
[0.886s] -- Found cv_bridge: 4.1.0 (/opt/ros/jazzy/share/cv_bridge/cmake)
[0.902s] -- Found ament_lint_auto: 0.17.1 (/opt/ros/jazzy/share/ament_lint_auto/cmake)
[1.167s] -- Added test 'cppcheck' to perform static code analysis on C / C++ code
[1.168s] -- Configured cppcheck include dirs: /home/john/Desktop/rp_ros2_rviz/include
[1.168s] -- Configured cppcheck exclude dirs and/or files: 
[1.185s] -- Added test 'flake8' to check Python code syntax and style conventions
[1.185s] -- Configured 'flake8' exclude dirs and/or files: 
[1.213s] -- Added test 'lint_cmake' to check CMake code style
[1.225s] -- Added test 'pep257' to check Python code against some of the docstring style conventions in PEP 257
[1.331s] -- Added test 'uncrustify' to check C / C++ code style
[1.331s] -- Configured uncrustify additional arguments: 
[1.345s] -- Added test 'xmllint' to check XML markup files
[1.351s] -- Configuring done (1.3s)
[1.356s] [31mCMake Error at CMakeLists.txt:19 (add_executable):
[1.357s]   Cannot find source file:
[1.357s] 
[1.357s]     src/dmap_node.cpp
[1.357s] 
[1.357s]   Tried extensions .c .C .c++ .cc .cpp .cxx .cu .mpp .m .M .mm .ixx .cppm
[1.357s]   .ccm .cxxm .c++m .h .hh .h++ .hm .hpp .hxx .in .txx .f .F .for .f77 .f90
[1.357s]   .f95 .f03 .hip .ispc
[1.357s] 
[1.357s] [0m
[1.364s] [31mCMake Error at CMakeLists.txt:19 (add_executable):
[1.364s]   No SOURCES given to target: controller_node
[1.364s] 
[1.364s] [0m
[1.364s] [0mCMake Generate step failed.  Build files cannot be regenerated correctly.[0m
[1.369s] gmake: *** [Makefile:398: cmake_check_build_system] Error 1
[1.375s] Invoked command in '/home/john/Desktop/rp_ros2_rviz/build/rp_ros2_rviz' returned '2': CMAKE_PREFIX_PATH=${CMAKE_PREFIX_PATH}:/home/john/Desktop/path_ros/rp_ros2_rviz/install/rp_ros2_rviz:/opt/ros/jazzy DEBUGINFOD_URLS=https://debuginfod.ubuntu.com /usr/bin/cmake --build /home/john/Desktop/rp_ros2_rviz/build/rp_ros2_rviz -- -j4 -l4
