[0.021s] Invoking command in '/home/john/Desktop/rp_ros2_rviz/build/rp_ros2_rviz': CMAKE_PREFIX_PATH=${CMAKE_PREFIX_PATH}:/opt/ros/jazzy DEBUGINFOD_URLS=https://debuginfod.ubuntu.com /usr/bin/cmake --build /home/john/Desktop/rp_ros2_rviz/build/rp_ros2_rviz -- -j4 -l4
[0.201s] [ 20%] Built target control_robot
[0.238s] [ 30%] [32mBuilding CXX object CMakeFiles/world_node.dir/src/world_node.cpp.o[0m
[4.602s] [01m[K/home/john/Desktop/rp_ros2_rviz/src/world_node.cpp:[m[K In constructor ‘[01m[KWorldNode::[01;32m[KWorldNode[m[K()[m[K’:
[4.602s] [01m[K/home/john/Desktop/rp_ros2_rviz/src/world_node.cpp:53:17:[m[K [01;35m[Kwarning: [m[Kunused variable ‘[01m[Kkey[m[K’ [[01;35m[K]8;;https://gcc.gnu.org/onlinedocs/gcc/Warning-Options.html#index-Wunused-variable-Wunused-variable]8;;[m[K]
[4.602s]    53 |             int [01;35m[Kkey[m[K=0;
[4.603s]       |                 [01;35m[K^~~[m[K
[4.624s] [01m[K/home/john/Desktop/rp_ros2_rviz/src/world_node.cpp:[m[K In static member function ‘[01m[Kstatic void WorldNode::[01;32m[KonMouse[m[K(int, int, int, int, void*)[m[K’:
[4.624s] [01m[K/home/john/Desktop/rp_ros2_rviz/src/world_node.cpp:79:54:[m[K [01;35m[Kwarning: [m[Kunused parameter ‘[01m[Kval[m[K’ [[01;35m[K]8;;https://gcc.gnu.org/onlinedocs/gcc/Warning-Options.html#index-Wunused-parameter-Wunused-parameter]8;;[m[K]
[4.624s]    79 |     static void onMouse(int event, int x, int y, [01;35m[Kint val[m[K, void* arg) {
[4.624s]       |                                                  [01;35m[K~~~~^~~[m[K
[9.654s] [ 40%] [32m[1mLinking CXX executable world_node[0m
[11.314s] /usr/bin/ld: CMakeFiles/world_node.dir/src/world_node.cpp.o: in function `WorldNode::onMouse(int, int, int, int, void*)':
[11.314s] world_node.cpp:(.text._ZN9WorldNode7onMouseEiiiiPv[_ZN9WorldNode7onMouseEiiiiPv]+0x16c): undefined reference to `DMapPlanner::computePolicy(Eigen::Matrix<float, 2, 1, 0, 2, 1> const&)'
[11.315s] /usr/bin/ld: world_node.cpp:(.text._ZN9WorldNode7onMouseEiiiiPv[_ZN9WorldNode7onMouseEiiiiPv]+0x1b4): undefined reference to `DMapPlanner::computePath(std::__cxx11::list<Eigen::Matrix<float, 2, 1, 0, 2, 1>, std::allocator<Eigen::Matrix<float, 2, 1, 0, 2, 1> > >&, Eigen::Matrix<float, 2, 1, 0, 2, 1> const&, float, unsigned long, bool) const'
[11.428s] collect2: error: ld returned 1 exit status
[11.430s] gmake[2]: *** [CMakeFiles/world_node.dir/build.make:330: world_node] Error 1
[11.430s] gmake[1]: *** [CMakeFiles/Makefile2:165: CMakeFiles/world_node.dir/all] Error 2
[11.431s] gmake: *** [Makefile:146: all] Error 2
[11.439s] Invoked command in '/home/john/Desktop/rp_ros2_rviz/build/rp_ros2_rviz' returned '2': CMAKE_PREFIX_PATH=${CMAKE_PREFIX_PATH}:/opt/ros/jazzy DEBUGINFOD_URLS=https://debuginfod.ubuntu.com /usr/bin/cmake --build /home/john/Desktop/rp_ros2_rviz/build/rp_ros2_rviz -- -j4 -l4
