[0.012s] Invoking command in '/home/john/Desktop/path_ros/rp_ros2_rviz/build/rp_ros2_rviz': CMAKE_PREFIX_PATH=${CMAKE_PREFIX_PATH}:/opt/ros/jazzy DEBUGINFOD_URLS=https://debuginfod.ubuntu.com /usr/bin/cmake --build /home/john/Desktop/path_ros/rp_ros2_rviz/build/rp_ros2_rviz -- -j4 -l4
[0.078s] [ 33%] Built target pathplanner_node
[0.078s] [ 40%] [32mBuilding CXX object CMakeFiles/world_node.dir/src/world_node.cpp.o[0m
[0.083s] [ 73%] Built target dmap_node
[4.547s] [01m[K/home/john/Desktop/path_ros/rp_ros2_rviz/src/world_node.cpp:[m[K In static member function ‘[01m[Kstatic void WorldNode::[01;32m[KonMouse[m[K(int, int, int, int, void*)[m[K’:
[4.547s] [01m[K/home/john/Desktop/path_ros/rp_ros2_rviz/src/world_node.cpp:133:54:[m[K [01;35m[Kwarning: [m[Kunused parameter ‘[01m[Kval[m[K’ [[01;35m[K]8;;https://gcc.gnu.org/onlinedocs/gcc/Warning-Options.html#index-Wunused-parameter-Wunused-parameter]8;;[m[K]
[4.547s]   133 |     static void onMouse(int event, int x, int y, [01;35m[Kint val[m[K, void* arg) {
[4.547s]       |                                                  [01;35m[K~~~~^~~[m[K
[12.005s] [ 80%] [32m[1mLinking CXX executable world_node[0m
[12.743s] [100%] Built target world_node
[12.757s] Invoked command in '/home/john/Desktop/path_ros/rp_ros2_rviz/build/rp_ros2_rviz' returned '0': CMAKE_PREFIX_PATH=${CMAKE_PREFIX_PATH}:/opt/ros/jazzy DEBUGINFOD_URLS=https://debuginfod.ubuntu.com /usr/bin/cmake --build /home/john/Desktop/path_ros/rp_ros2_rviz/build/rp_ros2_rviz -- -j4 -l4
[12.766s] Invoking command in '/home/john/Desktop/path_ros/rp_ros2_rviz/build/rp_ros2_rviz': CMAKE_PREFIX_PATH=${CMAKE_PREFIX_PATH}:/opt/ros/jazzy DEBUGINFOD_URLS=https://debuginfod.ubuntu.com /usr/bin/cmake --install /home/john/Desktop/path_ros/rp_ros2_rviz/build/rp_ros2_rviz
[12.774s] -- Install configuration: ""
[12.775s] -- Execute custom install script
[12.775s] -- Up-to-date symlink: /home/john/Desktop/path_ros/rp_ros2_rviz/install/rp_ros2_rviz/lib/rp_ros2_rviz/dmap_node
[12.775s] -- Up-to-date symlink: /home/john/Desktop/path_ros/rp_ros2_rviz/install/rp_ros2_rviz/lib/rp_ros2_rviz/world_node
[12.775s] -- Up-to-date symlink: /home/john/Desktop/path_ros/rp_ros2_rviz/install/rp_ros2_rviz/lib/rp_ros2_rviz/pathplanner_node
[12.776s] -- Up-to-date symlink: /home/john/Desktop/path_ros/rp_ros2_rviz/install/rp_ros2_rviz/share/ament_index/resource_index/package_run_dependencies/rp_ros2_rviz
[12.776s] -- Up-to-date symlink: /home/john/Desktop/path_ros/rp_ros2_rviz/install/rp_ros2_rviz/share/ament_index/resource_index/parent_prefix_path/rp_ros2_rviz
[12.776s] -- Up-to-date symlink: /home/john/Desktop/path_ros/rp_ros2_rviz/install/rp_ros2_rviz/share/rp_ros2_rviz/environment/ament_prefix_path.sh
[12.777s] -- Up-to-date symlink: /home/john/Desktop/path_ros/rp_ros2_rviz/install/rp_ros2_rviz/share/rp_ros2_rviz/environment/ament_prefix_path.dsv
[12.777s] -- Up-to-date symlink: /home/john/Desktop/path_ros/rp_ros2_rviz/install/rp_ros2_rviz/share/rp_ros2_rviz/environment/path.sh
[12.778s] -- Up-to-date symlink: /home/john/Desktop/path_ros/rp_ros2_rviz/install/rp_ros2_rviz/share/rp_ros2_rviz/environment/path.dsv
[12.778s] -- Up-to-date symlink: /home/john/Desktop/path_ros/rp_ros2_rviz/install/rp_ros2_rviz/share/rp_ros2_rviz/local_setup.bash
[12.778s] -- Up-to-date symlink: /home/john/Desktop/path_ros/rp_ros2_rviz/install/rp_ros2_rviz/share/rp_ros2_rviz/local_setup.sh
[12.778s] -- Up-to-date symlink: /home/john/Desktop/path_ros/rp_ros2_rviz/install/rp_ros2_rviz/share/rp_ros2_rviz/local_setup.zsh
[12.778s] -- Up-to-date symlink: /home/john/Desktop/path_ros/rp_ros2_rviz/install/rp_ros2_rviz/share/rp_ros2_rviz/local_setup.dsv
[12.778s] -- Symlinking: /home/john/Desktop/path_ros/rp_ros2_rviz/install/rp_ros2_rviz/share/rp_ros2_rviz/package.dsv
[12.788s] -- Up-to-date symlink: /home/john/Desktop/path_ros/rp_ros2_rviz/install/rp_ros2_rviz/share/ament_index/resource_index/packages/rp_ros2_rviz
[12.789s] -- Up-to-date symlink: /home/john/Desktop/path_ros/rp_ros2_rviz/install/rp_ros2_rviz/share/rp_ros2_rviz/cmake/rp_ros2_rvizConfig.cmake
[12.789s] -- Up-to-date symlink: /home/john/Desktop/path_ros/rp_ros2_rviz/install/rp_ros2_rviz/share/rp_ros2_rviz/cmake/rp_ros2_rvizConfig-version.cmake
[12.789s] -- Up-to-date symlink: /home/john/Desktop/path_ros/rp_ros2_rviz/install/rp_ros2_rviz/share/rp_ros2_rviz/package.xml
[12.794s] Invoked command in '/home/john/Desktop/path_ros/rp_ros2_rviz/build/rp_ros2_rviz' returned '0': CMAKE_PREFIX_PATH=${CMAKE_PREFIX_PATH}:/opt/ros/jazzy DEBUGINFOD_URLS=https://debuginfod.ubuntu.com /usr/bin/cmake --install /home/john/Desktop/path_ros/rp_ros2_rviz/build/rp_ros2_rviz
