[0.006s] Invoking command in '/home/john/Desktop/rp_ros2_rviz/build/rp_ros2_rviz': CMAKE_PREFIX_PATH=${CMAKE_PREFIX_PATH}:/opt/ros/foxy /usr/bin/cmake --build /home/john/Desktop/rp_ros2_rviz/build/rp_ros2_rviz -- -j4 -l4
[0.041s] [35m[1mScanning dependencies of target world_node[0m
[0.083s] [ 20%] Built target particle_node_filter
[0.087s] [ 60%] Built target pathplanner_node
[0.087s] [ 60%] Built target controller_node
[0.091s] [ 64%] [32mBuilding CXX object CMakeFiles/world_node.dir/src/world_node.cpp.o[0m
[0.111s] [ 84%] Built target mapserver
[2.044s] [01m[K/home/john/Desktop/rp_ros2_rviz/src/world_node.cpp:[m[K In member function ‘[01m[Kvoid WorldNode::redisplay()[m[K’:
[2.045s] [01m[K/home/john/Desktop/rp_ros2_rviz/src/world_node.cpp:283:25:[m[K [01;35m[Kwarning: [m[Kunused variable ‘[01m[Kx[m[K’ [[01;35m[K-Wunused-variable[m[K]
[2.045s]   283 |                     int [01;35m[Kx[m[K = static_cast<int>(pose.position.x);
[2.045s]       |                         [01;35m[K^[m[K
[2.045s] [01m[K/home/john/Desktop/rp_ros2_rviz/src/world_node.cpp:284:25:[m[K [01;35m[Kwarning: [m[Kunused variable ‘[01m[Ky[m[K’ [[01;35m[K-Wunused-variable[m[K]
[2.045s]   284 |                     int [01;35m[Ky[m[K = static_cast<int>(pose.position.y);
[2.045s]       |                         [01;35m[K^[m[K
[2.054s] [01m[K/home/john/Desktop/rp_ros2_rviz/src/world_node.cpp:[m[K At global scope:
[2.054s] [01m[K/home/john/Desktop/rp_ros2_rviz/src/world_node.cpp:381:75:[m[K [01;31m[Kerror: [m[Kcannot declare member function ‘[01m[Kstatic void WorldNode::onMouse(int, int, int, int, void*)[m[K’ to have static linkage [[01;31m[K-fpermissive[m[K]
[2.054s]   381 |     static void WorldNode::onMouse(int event, int x, int y, int, void* arg[01;31m[K)[m[K {
[2.054s]       |                                                                           [01;31m[K^[m[K
[2.069s] [01m[K/home/john/Desktop/rp_ros2_rviz/src/world_node.cpp:[m[K In function ‘[01m[Kint main(int, char**)[m[K’:
[2.070s] [01m[K/home/john/Desktop/rp_ros2_rviz/src/world_node.cpp:484:48:[m[K [01;31m[Kerror: [m[K‘[01m[Kstatic void WorldNode::onMouse(int, int, int, int, void*)[m[K’ is private within this context
[2.070s]   484 |     cv::setMouseCallback("planner", WorldNode::[01;31m[KonMouse[m[K, node.get());
[2.070s]       |                                                [01;31m[K^~~~~~~[m[K
[2.070s] [01m[K/home/john/Desktop/rp_ros2_rviz/src/world_node.cpp:381:17:[m[K [01;36m[Knote: [m[Kdeclared private here
[2.070s]   381 |     static void [01;36m[KWorldNode[m[K::onMouse(int event, int x, int y, int, void* arg) {
[2.070s]       |                 [01;36m[K^~~~~~~~~[m[K
[2.070s] [01m[K/home/john/Desktop/rp_ros2_rviz/src/world_node.cpp:490:25:[m[K [01;31m[Kerror: [m[K‘[01m[Kvoid WorldNode::redisplay()[m[K’ is private within this context
[2.070s]   490 |         node->redisplay([01;31m[K)[m[K;
[2.070s]       |                         [01;31m[K^[m[K
[2.070s] [01m[K/home/john/Desktop/rp_ros2_rviz/src/world_node.cpp:262:10:[m[K [01;36m[Knote: [m[Kdeclared private here
[2.070s]   262 |     void [01;36m[KWorldNode[m[K::redisplay() {
[2.070s]       |          [01;36m[K^~~~~~~~~[m[K
[2.070s] [01m[K/home/john/Desktop/rp_ros2_rviz/src/world_node.cpp:493:37:[m[K [01;31m[Kerror: [m[K‘[01m[Kvoid WorldNode::handleKeyboard(int)[m[K’ is private within this context
[2.070s]   493 |             node->handleKeyboard(key[01;31m[K)[m[K;
[2.070s]       |                                     [01;31m[K^[m[K
[2.070s] [01m[K/home/john/Desktop/rp_ros2_rviz/src/world_node.cpp:411:6:[m[K [01;36m[Knote: [m[Kdeclared private here
[2.071s]   411 | void [01;36m[KWorldNode[m[K::handleKeyboard(int key) {
[2.071s]       |      [01;36m[K^~~~~~~~~[m[K
[4.296s] make[2]: *** [CMakeFiles/world_node.dir/build.make:63: CMakeFiles/world_node.dir/src/world_node.cpp.o] Error 1
[4.296s] make[1]: *** [CMakeFiles/Makefile2:140: CMakeFiles/world_node.dir/all] Error 2
[4.296s] make: *** [Makefile:141: all] Error 2
[4.298s] Invoked command in '/home/john/Desktop/rp_ros2_rviz/build/rp_ros2_rviz' returned '2': CMAKE_PREFIX_PATH=${CMAKE_PREFIX_PATH}:/opt/ros/foxy /usr/bin/cmake --build /home/john/Desktop/rp_ros2_rviz/build/rp_ros2_rviz -- -j4 -l4
