[0.069s] DEBUG:colcon:Command line arguments: ['/usr/bin/colcon', 'build']
[0.069s] DEBUG:colcon:Parsed command line arguments: Namespace(log_base=None, log_level=None, verb_name='build', build_base='build', install_base='install', merge_install=False, symlink_install=False, test_result_base=None, continue_on_error=False, executor='parallel', parallel_workers=4, event_handlers=None, ignore_user_meta=False, metas=['./colcon.meta'], base_paths=['.'], packages_ignore=None, packages_ignore_regex=None, paths=None, packages_up_to=None, packages_up_to_regex=None, packages_above=None, packages_above_and_dependencies=None, packages_above_depth=None, packages_select_by_dep=None, packages_skip_by_dep=None, packages_skip_up_to=None, packages_select_build_failed=False, packages_skip_build_finished=False, packages_select_test_failures=False, packages_skip_test_passed=False, packages_select=None, packages_skip=None, packages_select_regex=None, packages_skip_regex=None, packages_start=None, packages_end=None, allow_overriding=[], cmake_args=None, cmake_target=None, cmake_target_skip_unavailable=False, cmake_clean_cache=False, cmake_clean_first=False, cmake_force_configure=False, ament_cmake_args=None, catkin_cmake_args=None, catkin_skip_building_tests=False, mixin_files=None, mixin=None, verb_parser=<colcon_mixin.mixin.mixin_argument.MixinArgumentDecorator object at 0xf151b95a86b0>, verb_extension=<colcon_core.verb.build.BuildVerb object at 0xf151b9788bf0>, main=<bound method BuildVerb.main of <colcon_core.verb.build.BuildVerb object at 0xf151b9788bf0>>, mixin_verb=('build',))
[0.098s] Level 1:colcon.colcon_core.package_discovery:discover_packages(colcon_meta) check parameters
[0.098s] Level 1:colcon.colcon_core.package_discovery:discover_packages(recursive) check parameters
[0.098s] Level 1:colcon.colcon_core.package_discovery:discover_packages(ignore) check parameters
[0.098s] Level 1:colcon.colcon_core.package_discovery:discover_packages(path) check parameters
[0.098s] Level 1:colcon.colcon_core.package_discovery:discover_packages(colcon_meta) discover
[0.098s] Level 1:colcon.colcon_core.package_discovery:discover_packages(recursive) discover
[0.098s] INFO:colcon.colcon_core.package_discovery:Crawling recursively for packages in '/home/john/Desktop/rp_ros2_rviz'
[0.098s] Level 1:colcon.colcon_core.package_identification:_identify(.) by extensions ['ignore', 'ignore_ament_install']
[0.098s] Level 1:colcon.colcon_core.package_identification:_identify(.) by extension 'ignore'
[0.098s] Level 1:colcon.colcon_core.package_identification:_identify(.) by extension 'ignore_ament_install'
[0.098s] Level 1:colcon.colcon_core.package_identification:_identify(.) by extensions ['colcon_pkg']
[0.098s] Level 1:colcon.colcon_core.package_identification:_identify(.) by extension 'colcon_pkg'
[0.098s] Level 1:colcon.colcon_core.package_identification:_identify(.) by extensions ['colcon_meta']
[0.098s] Level 1:colcon.colcon_core.package_identification:_identify(.) by extension 'colcon_meta'
[0.098s] Level 1:colcon.colcon_core.package_identification:_identify(.) by extensions ['ros']
[0.098s] Level 1:colcon.colcon_core.package_identification:_identify(.) by extension 'ros'
[0.125s] DEBUG:colcon.colcon_core.package_identification:Package '.' with type 'ros.ament_cmake' and name 'rp_ros2_rviz'
[0.125s] Level 1:colcon.colcon_core.package_discovery:discover_packages(recursive) using defaults
[0.125s] Level 1:colcon.colcon_core.package_discovery:discover_packages(ignore) discover
[0.125s] Level 1:colcon.colcon_core.package_discovery:discover_packages(ignore) using defaults
[0.125s] Level 1:colcon.colcon_core.package_discovery:discover_packages(path) discover
[0.125s] Level 1:colcon.colcon_core.package_discovery:discover_packages(path) using defaults
[0.138s] Level 1:colcon.colcon_core.package_discovery:discover_packages(prefix_path) check parameters
[0.138s] Level 1:colcon.colcon_core.package_discovery:discover_packages(prefix_path) discover
[0.139s] DEBUG:colcon.colcon_installed_package_information.package_discovery:Found 1 installed packages in /home/john/Desktop/rp_ros2_rviz/install
[0.140s] DEBUG:colcon.colcon_installed_package_information.package_discovery:Found 285 installed packages in /opt/ros/jazzy
[0.141s] Level 1:colcon.colcon_core.package_discovery:discover_packages(prefix_path) using defaults
[0.170s] Level 5:colcon.colcon_core.verb:set package 'rp_ros2_rviz' build argument 'cmake_args' from command line to 'None'
[0.170s] Level 5:colcon.colcon_core.verb:set package 'rp_ros2_rviz' build argument 'cmake_target' from command line to 'None'
[0.170s] Level 5:colcon.colcon_core.verb:set package 'rp_ros2_rviz' build argument 'cmake_target_skip_unavailable' from command line to 'False'
[0.170s] Level 5:colcon.colcon_core.verb:set package 'rp_ros2_rviz' build argument 'cmake_clean_cache' from command line to 'False'
[0.170s] Level 5:colcon.colcon_core.verb:set package 'rp_ros2_rviz' build argument 'cmake_clean_first' from command line to 'False'
[0.170s] Level 5:colcon.colcon_core.verb:set package 'rp_ros2_rviz' build argument 'cmake_force_configure' from command line to 'False'
[0.170s] Level 5:colcon.colcon_core.verb:set package 'rp_ros2_rviz' build argument 'ament_cmake_args' from command line to 'None'
[0.170s] Level 5:colcon.colcon_core.verb:set package 'rp_ros2_rviz' build argument 'catkin_cmake_args' from command line to 'None'
[0.170s] Level 5:colcon.colcon_core.verb:set package 'rp_ros2_rviz' build argument 'catkin_skip_building_tests' from command line to 'False'
[0.170s] DEBUG:colcon.colcon_core.verb:Building package 'rp_ros2_rviz' with the following arguments: {'ament_cmake_args': None, 'build_base': '/home/john/Desktop/rp_ros2_rviz/build/rp_ros2_rviz', 'catkin_cmake_args': None, 'catkin_skip_building_tests': False, 'cmake_args': None, 'cmake_clean_cache': False, 'cmake_clean_first': False, 'cmake_force_configure': False, 'cmake_target': None, 'cmake_target_skip_unavailable': False, 'install_base': '/home/john/Desktop/rp_ros2_rviz/install/rp_ros2_rviz', 'merge_install': False, 'path': '/home/john/Desktop/rp_ros2_rviz', 'symlink_install': False, 'test_result_base': None}
[0.171s] INFO:colcon.colcon_core.executor:Executing jobs using 'parallel' executor
[0.171s] DEBUG:colcon.colcon_parallel_executor.executor.parallel:run_until_complete
[0.171s] INFO:colcon.colcon_ros.task.ament_cmake.build:Building ROS package in '/home/john/Desktop/rp_ros2_rviz' with build type 'ament_cmake'
[0.172s] INFO:colcon.colcon_cmake.task.cmake.build:Building CMake package in '/home/john/Desktop/rp_ros2_rviz'
[0.173s] INFO:colcon.colcon_core.plugin_system:Skipping extension 'colcon_core.shell.bat': Not used on non-Windows systems
[0.173s] INFO:colcon.colcon_core.shell:Skip shell extension 'powershell' for command environment: Not usable outside of PowerShell
[0.173s] DEBUG:colcon.colcon_core.shell:Skip shell extension 'dsv' for command environment
[0.182s] DEBUG:colcon.colcon_core.event_handler.log_command:Invoking command in '/home/john/Desktop/rp_ros2_rviz/build/rp_ros2_rviz': CMAKE_PREFIX_PATH=${CMAKE_PREFIX_PATH}:/opt/ros/jazzy DEBUGINFOD_URLS=https://debuginfod.ubuntu.com /usr/bin/cmake --build /home/john/Desktop/rp_ros2_rviz/build/rp_ros2_rviz -- -j4 -l4
[8.734s] DEBUG:colcon.colcon_core.event_handler.log_command:Invoked command in '/home/john/Desktop/rp_ros2_rviz/build/rp_ros2_rviz' returned '0': CMAKE_PREFIX_PATH=${CMAKE_PREFIX_PATH}:/opt/ros/jazzy DEBUGINFOD_URLS=https://debuginfod.ubuntu.com /usr/bin/cmake --build /home/john/Desktop/rp_ros2_rviz/build/rp_ros2_rviz -- -j4 -l4
[8.749s] DEBUG:colcon.colcon_core.event_handler.log_command:Invoking command in '/home/john/Desktop/rp_ros2_rviz/build/rp_ros2_rviz': CMAKE_PREFIX_PATH=${CMAKE_PREFIX_PATH}:/opt/ros/jazzy DEBUGINFOD_URLS=https://debuginfod.ubuntu.com /usr/bin/cmake --install /home/john/Desktop/rp_ros2_rviz/build/rp_ros2_rviz
[8.767s] Level 1:colcon.colcon_core.environment:create_environment_scripts_only(rp_ros2_rviz)
[8.769s] DEBUG:colcon.colcon_core.event_handler.log_command:Invoked command in '/home/john/Desktop/rp_ros2_rviz/build/rp_ros2_rviz' returned '0': CMAKE_PREFIX_PATH=${CMAKE_PREFIX_PATH}:/opt/ros/jazzy DEBUGINFOD_URLS=https://debuginfod.ubuntu.com /usr/bin/cmake --install /home/john/Desktop/rp_ros2_rviz/build/rp_ros2_rviz
[8.770s] Level 1:colcon.colcon_core.environment:checking '/home/john/Desktop/rp_ros2_rviz/install/rp_ros2_rviz' for CMake module files
[8.771s] Level 1:colcon.colcon_core.environment:checking '/home/john/Desktop/rp_ros2_rviz/install/rp_ros2_rviz' for CMake config files
[8.775s] Level 1:colcon.colcon_core.shell:create_environment_hook('rp_ros2_rviz', 'cmake_prefix_path')
[8.776s] INFO:colcon.colcon_core.shell:Creating environment hook '/home/john/Desktop/rp_ros2_rviz/install/rp_ros2_rviz/share/rp_ros2_rviz/hook/cmake_prefix_path.ps1'
[8.777s] INFO:colcon.colcon_core.shell:Creating environment descriptor '/home/john/Desktop/rp_ros2_rviz/install/rp_ros2_rviz/share/rp_ros2_rviz/hook/cmake_prefix_path.dsv'
[8.778s] INFO:colcon.colcon_core.shell:Creating environment hook '/home/john/Desktop/rp_ros2_rviz/install/rp_ros2_rviz/share/rp_ros2_rviz/hook/cmake_prefix_path.sh'
[8.780s] Level 1:colcon.colcon_core.environment:checking '/home/john/Desktop/rp_ros2_rviz/install/rp_ros2_rviz/lib'
[8.781s] Level 1:colcon.colcon_core.environment:checking '/home/john/Desktop/rp_ros2_rviz/install/rp_ros2_rviz/bin'
[8.781s] Level 1:colcon.colcon_core.environment:checking '/home/john/Desktop/rp_ros2_rviz/install/rp_ros2_rviz/lib/pkgconfig/rp_ros2_rviz.pc'
[8.781s] Level 1:colcon.colcon_core.environment:checking '/home/john/Desktop/rp_ros2_rviz/install/rp_ros2_rviz/lib/python3.12/site-packages'
[8.781s] Level 1:colcon.colcon_core.environment:checking '/home/john/Desktop/rp_ros2_rviz/install/rp_ros2_rviz/bin'
[8.781s] INFO:colcon.colcon_core.shell:Creating package script '/home/john/Desktop/rp_ros2_rviz/install/rp_ros2_rviz/share/rp_ros2_rviz/package.ps1'
[8.782s] INFO:colcon.colcon_core.shell:Creating package descriptor '/home/john/Desktop/rp_ros2_rviz/install/rp_ros2_rviz/share/rp_ros2_rviz/package.dsv'
[8.783s] INFO:colcon.colcon_core.shell:Creating package script '/home/john/Desktop/rp_ros2_rviz/install/rp_ros2_rviz/share/rp_ros2_rviz/package.sh'
[8.784s] INFO:colcon.colcon_core.shell:Creating package script '/home/john/Desktop/rp_ros2_rviz/install/rp_ros2_rviz/share/rp_ros2_rviz/package.bash'
[8.785s] INFO:colcon.colcon_core.shell:Creating package script '/home/john/Desktop/rp_ros2_rviz/install/rp_ros2_rviz/share/rp_ros2_rviz/package.zsh'
[8.786s] Level 1:colcon.colcon_core.environment:create_file_with_runtime_dependencies(/home/john/Desktop/rp_ros2_rviz/install/rp_ros2_rviz/share/colcon-core/packages/rp_ros2_rviz)
[8.787s] Level 1:colcon.colcon_core.environment:create_environment_scripts_only(rp_ros2_rviz)
[8.787s] Level 1:colcon.colcon_core.environment:checking '/home/john/Desktop/rp_ros2_rviz/install/rp_ros2_rviz' for CMake module files
[8.787s] Level 1:colcon.colcon_core.environment:checking '/home/john/Desktop/rp_ros2_rviz/install/rp_ros2_rviz' for CMake config files
[8.787s] Level 1:colcon.colcon_core.shell:create_environment_hook('rp_ros2_rviz', 'cmake_prefix_path')
[8.788s] INFO:colcon.colcon_core.shell:Creating environment hook '/home/john/Desktop/rp_ros2_rviz/install/rp_ros2_rviz/share/rp_ros2_rviz/hook/cmake_prefix_path.ps1'
[8.788s] INFO:colcon.colcon_core.shell:Creating environment descriptor '/home/john/Desktop/rp_ros2_rviz/install/rp_ros2_rviz/share/rp_ros2_rviz/hook/cmake_prefix_path.dsv'
[8.789s] INFO:colcon.colcon_core.shell:Creating environment hook '/home/john/Desktop/rp_ros2_rviz/install/rp_ros2_rviz/share/rp_ros2_rviz/hook/cmake_prefix_path.sh'
[8.789s] Level 1:colcon.colcon_core.environment:checking '/home/john/Desktop/rp_ros2_rviz/install/rp_ros2_rviz/lib'
[8.790s] Level 1:colcon.colcon_core.environment:checking '/home/john/Desktop/rp_ros2_rviz/install/rp_ros2_rviz/bin'
[8.790s] Level 1:colcon.colcon_core.environment:checking '/home/john/Desktop/rp_ros2_rviz/install/rp_ros2_rviz/lib/pkgconfig/rp_ros2_rviz.pc'
[8.790s] Level 1:colcon.colcon_core.environment:checking '/home/john/Desktop/rp_ros2_rviz/install/rp_ros2_rviz/lib/python3.12/site-packages'
[8.790s] Level 1:colcon.colcon_core.environment:checking '/home/john/Desktop/rp_ros2_rviz/install/rp_ros2_rviz/bin'
[8.790s] INFO:colcon.colcon_core.shell:Creating package script '/home/john/Desktop/rp_ros2_rviz/install/rp_ros2_rviz/share/rp_ros2_rviz/package.ps1'
[8.791s] INFO:colcon.colcon_core.shell:Creating package descriptor '/home/john/Desktop/rp_ros2_rviz/install/rp_ros2_rviz/share/rp_ros2_rviz/package.dsv'
[8.791s] INFO:colcon.colcon_core.shell:Creating package script '/home/john/Desktop/rp_ros2_rviz/install/rp_ros2_rviz/share/rp_ros2_rviz/package.sh'
[8.791s] INFO:colcon.colcon_core.shell:Creating package script '/home/john/Desktop/rp_ros2_rviz/install/rp_ros2_rviz/share/rp_ros2_rviz/package.bash'
[8.792s] INFO:colcon.colcon_core.shell:Creating package script '/home/john/Desktop/rp_ros2_rviz/install/rp_ros2_rviz/share/rp_ros2_rviz/package.zsh'
[8.792s] Level 1:colcon.colcon_core.environment:create_file_with_runtime_dependencies(/home/john/Desktop/rp_ros2_rviz/install/rp_ros2_rviz/share/colcon-core/packages/rp_ros2_rviz)
[8.793s] DEBUG:colcon.colcon_parallel_executor.executor.parallel:closing loop
[8.793s] DEBUG:colcon.colcon_parallel_executor.executor.parallel:loop closed
[8.793s] DEBUG:colcon.colcon_parallel_executor.executor.parallel:run_until_complete finished with '0'
[8.793s] DEBUG:colcon.colcon_core.event_reactor:joining thread
[8.804s] INFO:colcon.colcon_core.plugin_system:Skipping extension 'colcon_notification.desktop_notification.terminal_notifier': Not used on non-Darwin systems
[8.805s] INFO:colcon.colcon_core.plugin_system:Skipping extension 'colcon_notification.desktop_notification.win32': Not used on non-Windows systems
[8.805s] INFO:colcon.colcon_notification.desktop_notification:Sending desktop notification using 'notify2'
[8.834s] DEBUG:colcon.colcon_core.event_reactor:joined thread
[8.834s] INFO:colcon.colcon_core.shell:Creating prefix script '/home/john/Desktop/rp_ros2_rviz/install/local_setup.ps1'
[8.835s] INFO:colcon.colcon_core.shell:Creating prefix util module '/home/john/Desktop/rp_ros2_rviz/install/_local_setup_util_ps1.py'
[8.836s] INFO:colcon.colcon_core.shell:Creating prefix chain script '/home/john/Desktop/rp_ros2_rviz/install/setup.ps1'
[8.838s] INFO:colcon.colcon_core.shell:Creating prefix script '/home/john/Desktop/rp_ros2_rviz/install/local_setup.sh'
[8.840s] INFO:colcon.colcon_core.shell:Creating prefix util module '/home/john/Desktop/rp_ros2_rviz/install/_local_setup_util_sh.py'
[8.841s] INFO:colcon.colcon_core.shell:Creating prefix chain script '/home/john/Desktop/rp_ros2_rviz/install/setup.sh'
[8.842s] INFO:colcon.colcon_core.shell:Creating prefix script '/home/john/Desktop/rp_ros2_rviz/install/local_setup.bash'
[8.842s] INFO:colcon.colcon_core.shell:Creating prefix chain script '/home/john/Desktop/rp_ros2_rviz/install/setup.bash'
[8.845s] INFO:colcon.colcon_core.shell:Creating prefix script '/home/john/Desktop/rp_ros2_rviz/install/local_setup.zsh'
[8.846s] INFO:colcon.colcon_core.shell:Creating prefix chain script '/home/john/Desktop/rp_ros2_rviz/install/setup.zsh'
