[0.017s] Invoking command in '/home/john/Desktop/rp_ros2_rviz/build/rp_ros2_rviz': CMAKE_PREFIX_PATH=${CMAKE_PREFIX_PATH}:/opt/ros/jazzy DEBUGINFOD_URLS=https://debuginfod.ubuntu.com /usr/bin/cmake --build /home/john/Desktop/rp_ros2_rviz/build/rp_ros2_rviz -- -j4 -l4
[0.113s] [ 28%] Built target listener_node
[0.121s] [ 57%] Built target canvas_node
[0.126s] [ 71%] [32mBuilding CXX object CMakeFiles/world_node.dir/src/world_node.cpp.o[0m
[2.540s] [01m[K/home/john/Desktop/rp_ros2_rviz/src/world_node.cpp:[m[K In constructor ‘[01m[KWorldNode::[01;32m[KWorldNode[m[K()[m[K’:
[2.541s] [01m[K/home/john/Desktop/rp_ros2_rviz/src/world_node.cpp:14:17:[m[K [01;31m[Kerror: [m[K‘[01m[Kusing std::__shared_ptr_access<World, __gnu_cxx::_S_atomic, false, false>::element_type = struct World[m[K’ {aka ‘[01m[Kstruct World[m[K’} has no member named ‘[01m[KaddItem[m[K’
[2.541s]    14 |         world_->[01;31m[KaddItem[m[K(item1_);
[2.541s]       |                 [01;31m[K^~~~~~~[m[K
[2.541s] [01m[K/home/john/Desktop/rp_ros2_rviz/src/world_node.cpp:18:17:[m[K [01;31m[Kerror: [m[K‘[01m[Kusing std::__shared_ptr_access<World, __gnu_cxx::_S_atomic, false, false>::element_type = struct World[m[K’ {aka ‘[01m[Kstruct World[m[K’} has no member named ‘[01m[KaddItem[m[K’
[2.541s]    18 |         world_->[01;31m[KaddItem[m[K(item2_);
[2.541s]       |                 [01;31m[K^~~~~~~[m[K
[2.547s] [01m[K/home/john/Desktop/rp_ros2_rviz/src/world_node.cpp:[m[K In member function ‘[01m[Kvoid WorldNode::[01;32m[KposeCallback[m[K(geometry_msgs::msg::Pose_<std::allocator<void> >::SharedPtr)[m[K’:
[2.548s] [01m[K/home/john/Desktop/rp_ros2_rviz/src/world_node.cpp:28:9:[m[K [01;31m[Kerror: [m[K‘[01m[KEigen[m[K’ has not been declared
[2.548s]    28 |         [01;31m[KEigen[m[K::Isometry2f new_pose;
[2.548s]       |         [01;31m[K^~~~~[m[K
[2.561s] [01m[K/home/john/Desktop/rp_ros2_rviz/src/world_node.cpp:29:9:[m[K [01;31m[Kerror: [m[K‘[01m[Knew_pose[m[K’ was not declared in this scope
[2.561s]    29 |         [01;31m[Knew_pose[m[K.translation() = Eigen::Vector2f(msg->position.x, msg->position.y);
[2.562s]       |         [01;31m[K^~~~~~~~[m[K
[2.562s] [01m[K/home/john/Desktop/rp_ros2_rviz/src/world_node.cpp:29:34:[m[K [01;31m[Kerror: [m[K‘[01m[KEigen[m[K’ has not been declared
[2.562s]    29 |         new_pose.translation() = [01;31m[KEigen[m[K::Vector2f(msg->position.x, msg->position.y);
[2.562s]       |                                  [01;31m[K^~~~~[m[K
[2.562s] [01m[K/home/john/Desktop/rp_ros2_rviz/src/world_node.cpp:30:25:[m[K [01;31m[Kerror: [m[K‘[01m[KEigen[m[K’ has not been declared
[2.562s]    30 |         new_pose.rotate([01;31m[KEigen[m[K::Rotation2Df(msg->orientation.w));  // Ruotiamo in base all'orientamento (solo Z)
[2.562s]       |                         [01;31m[K^~~~~[m[K
[2.562s] [01m[K/home/john/Desktop/rp_ros2_rviz/src/world_node.cpp:33:17:[m[K [01;31m[Kerror: [m[K‘[01m[Kstruct WorldItem[m[K’ has no member named ‘[01m[KupdatePose[m[K’
[2.562s]    33 |         item1_->[01;31m[KupdatePose[m[K(new_pose);
[2.562s]       |                 [01;31m[K^~~~~~~~~~[m[K
[4.408s] gmake[2]: *** [CMakeFiles/world_node.dir/build.make:76: CMakeFiles/world_node.dir/src/world_node.cpp.o] Error 1
[4.409s] gmake[1]: *** [CMakeFiles/Makefile2:193: CMakeFiles/world_node.dir/all] Error 2
[4.409s] gmake: *** [Makefile:146: all] Error 2
[4.415s] Invoked command in '/home/john/Desktop/rp_ros2_rviz/build/rp_ros2_rviz' returned '2': CMAKE_PREFIX_PATH=${CMAKE_PREFIX_PATH}:/opt/ros/jazzy DEBUGINFOD_URLS=https://debuginfod.ubuntu.com /usr/bin/cmake --build /home/john/Desktop/rp_ros2_rviz/build/rp_ros2_rviz -- -j4 -l4
