[0.045s] Invoking command in '/home/john/Desktop/rp_ros2_rviz/build/rp_ros2_rviz': CMAKE_PREFIX_PATH=${CMAKE_PREFIX_PATH}:/opt/ros/jazzy DEBUGINFOD_URLS=https://debuginfod.ubuntu.com /usr/bin/cmake --build /home/john/Desktop/rp_ros2_rviz/build/rp_ros2_rviz -- -j4 -l4
[0.608s] [ 28%] Built target listener_node
[0.609s] [ 42%] [32mBuilding CXX object CMakeFiles/world_node.dir/src/world_node.cpp.o[0m
[0.633s] [ 71%] Built target canvas_node
[4.847s] [01m[K/home/john/Desktop/rp_ros2_rviz/src/world_node.cpp:30:32:[m[K [01;31m[Kerror: [m[K‘[01m[Kcanvas_node_msgs[m[K’ does not name a type
[4.847s]    30 |     void gridMapCallback(const [01;31m[Kcanvas_node_msgs[m[K::msg::GridMap::SharedPtr msg) {
[4.848s]       |                                [01;31m[K^~~~~~~~~~~~~~~~[m[K
[4.848s] [01m[K/home/john/Desktop/rp_ros2_rviz/src/world_node.cpp:30:53:[m[K [01;31m[Kerror: [m[Kexpected unqualified-id before ‘[01m[K::[m[K’ token
[4.848s]    30 |     void gridMapCallback(const canvas_node_msgs::msg[01;31m[K::[m[KGridMap::SharedPtr msg) {
[4.848s]       |                                                     [01;31m[K^~[m[K
[4.848s] [01m[K/home/john/Desktop/rp_ros2_rviz/src/world_node.cpp:30:53:[m[K [01;31m[Kerror: [m[Kexpected ‘[01m[K)[m[K’ before ‘[01m[K::[m[K’ token
[4.848s]    30 |     void gridMapCallback[34m[K([m[Kconst canvas_node_msgs::msg[01;31m[K:[m[K[32m[K:[m[KGridMap::SharedPtr msg) {
[4.848s]       |                         [34m[K~[m[K                           [01;31m[K^[m[K[32m[K~[m[K
[4.848s]       |                                                     [32m[K)[m[K
[4.848s] [01m[K/home/john/Desktop/rp_ros2_rviz/src/world_node.cpp:30:50:[m[K [01;31m[Kerror: [m[Kexpected ‘[01m[K;[m[K’ at end of member declaration
[4.849s]    30 |     void gridMapCallback(const canvas_node_msgs::[01;31m[Kmsg[m[K::GridMap::SharedPtr msg) {
[4.849s]       |                                                  [01;31m[K^~~[m[K
[4.849s]       |                                                     [32m[K;[m[K
[4.856s] [01m[K/home/john/Desktop/rp_ros2_rviz/src/world_node.cpp:30:55:[m[K [01;31m[Kerror: [m[K‘[01m[KGridMap[m[K’ in namespace ‘[01m[K::[m[K’ does not name a type
[4.856s]    30 |     void gridMapCallback(const canvas_node_msgs::msg::[01;31m[KGridMap[m[K::SharedPtr msg) {
[4.856s]       |                                                       [01;31m[K^~~~~~~[m[K
[4.884s] [01m[K/home/john/Desktop/rp_ros2_rviz/src/world_node.cpp:50:26:[m[K [01;31m[Kerror: [m[K‘[01m[Kcanvas_node_msgs[m[K’ was not declared in this scope
[4.885s]    50 |     rclcpp::Subscription<[01;31m[Kcanvas_node_msgs[m[K::msg::GridMap>::SharedPtr grid_map_subscriber_;
[4.885s]       |                          [01;31m[K^~~~~~~~~~~~~~~~[m[K
[4.885s] [01m[K/home/john/Desktop/rp_ros2_rviz/src/world_node.cpp:50:56:[m[K [01;31m[Kerror: [m[Ktemplate argument 1 is invalid
[4.885s]    50 |     rclcpp::Subscription<canvas_node_msgs::msg::GridMap[01;31m[K>[m[K::SharedPtr grid_map_subscriber_;
[4.885s]       |                                                        [01;31m[K^[m[K
[4.885s] [01m[K/home/john/Desktop/rp_ros2_rviz/src/world_node.cpp:50:56:[m[K [01;31m[Kerror: [m[Ktemplate argument 3 is invalid
[4.885s] [01m[K/home/john/Desktop/rp_ros2_rviz/src/world_node.cpp:50:56:[m[K [01;31m[Kerror: [m[Ktemplate argument 4 is invalid
[4.885s] [01m[K/home/john/Desktop/rp_ros2_rviz/src/world_node.cpp:50:56:[m[K [01;31m[Kerror: [m[Ktemplate argument 5 is invalid
[4.885s] [01m[K/home/john/Desktop/rp_ros2_rviz/src/world_node.cpp:50:59:[m[K [01;31m[Kerror: [m[Kexpected ‘[01m[K;[m[K’ at end of member declaration
[4.885s]    50 |     rclcpp::Subscription<canvas_node_msgs::msg::GridMap>::[01;31m[KSharedPtr[m[K grid_map_subscriber_;
[4.885s]       |                                                           [01;31m[K^~~~~~~~~[m[K
[4.885s]       |                                                                    [32m[K;[m[K
[4.890s] [01m[K/home/john/Desktop/rp_ros2_rviz/src/world_node.cpp:50:69:[m[K [01;31m[Kerror: [m[K‘[01m[Kgrid_map_subscriber_[m[K’ does not name a type
[4.890s]    50 |     rclcpp::Subscription<canvas_node_msgs::msg::GridMap>::SharedPtr [01;31m[Kgrid_map_subscriber_[m[K;
[4.890s]       |                                                                     [01;31m[K^~~~~~~~~~~~~~~~~~~~[m[K
[4.917s] [01m[K/home/john/Desktop/rp_ros2_rviz/src/world_node.cpp:[m[K In constructor ‘[01m[KWorldNode::[01;32m[KWorldNode[m[K()[m[K’:
[4.917s] [01m[K/home/john/Desktop/rp_ros2_rviz/src/world_node.cpp:11:9:[m[K [01;31m[Kerror: [m[K‘[01m[Kgrid_map_subscriber_[m[K’ was not declared in this scope
[4.917s]    11 |         [01;31m[Kgrid_map_subscriber_[m[K = this->create_subscription<canvas_node_msgs::msg::GridMap>(
[4.917s]       |         [01;31m[K^~~~~~~~~~~~~~~~~~~~[m[K
[4.940s] [01m[K/home/john/Desktop/rp_ros2_rviz/src/world_node.cpp:11:58:[m[K [01;31m[Kerror: [m[K‘[01m[Kcanvas_node_msgs[m[K’ was not declared in this scope
[4.940s]    11 |         grid_map_subscriber_ = this->create_subscription<[01;31m[Kcanvas_node_msgs[m[K::msg::GridMap>(
[4.940s]       |                                                          [01;31m[K^~~~~~~~~~~~~~~~[m[K
[4.940s] [01m[K/home/john/Desktop/rp_ros2_rviz/src/world_node.cpp:11:38:[m[K [01;31m[Kerror: [m[Kparse error in template argument list
[4.940s]    11 |         grid_map_subscriber_ = this->[01;31m[Kcreate_subscription<canvas_node_msgs::msg::GridMap>[m[K(
[4.940s]       |                                      [01;31m[K^~~~~~~~~~~~~~~~~~~~~~~~~~~~~~~~~~~~~~~~~~~~~~~~~~~[m[K
[4.945s] [01m[K/home/john/Desktop/rp_ros2_rviz/src/world_node.cpp:11:89:[m[K [01;31m[Kerror: [m[Kno matching function for call to ‘[01m[KWorldNode::create_subscription<<expression error> >(const char [17], int, std::_Bind_helper<false, void (WorldNode::*)(...), WorldNode*, const std::_Placeholder<1>&>::type)[m[K’
[4.945s]    11 |         grid_map_subscriber_ = [01;31m[Kthis->create_subscription<canvas_node_msgs::msg::GridMap>([m[K
[4.945s]       |                                [01;31m[K~~~~~~~~~~~~~~~~~~~~~~~~~~~~~~~~~~~~~~~~~~~~~~~~~~~~~~~~~^[m[K
[4.945s]    12 | [01;31m[K            "/canvas/grid_map", 10, std::bind(&WorldNode::gridMapCallback, this, std::placeholders::_1))[m[K;
[4.945s]       |             [01;31m[K~~~~~~~~~~~~~~~~~~~~~~~~~~~~~~~~~~~~~~~~~~~~~~~~~~~~~~~~~~~~~~~~~~~~~~~~~~~~~~~~~~~~~~~~~~~~[m[K
[4.945s] In file included from [01m[K/opt/ros/jazzy/include/rclcpp/rclcpp/executors/single_threaded_executor.hpp:28[m[K,
[4.946s]                  from [01m[K/opt/ros/jazzy/include/rclcpp/rclcpp/executors.hpp:22[m[K,
[4.946s]                  from [01m[K/opt/ros/jazzy/include/rclcpp/rclcpp/rclcpp.hpp:172[m[K,
[4.946s]                  from [01m[K/home/john/Desktop/rp_ros2_rviz/src/world_node.cpp:1[m[K:
[4.946s] [01m[K/opt/ros/jazzy/include/rclcpp/rclcpp/node.hpp:221:3:[m[K [01;36m[Knote: [m[Kcandidate: ‘[01m[Ktemplate<class MessageT, class CallbackT, class AllocatorT, class SubscriptionT, class MessageMemoryStrategyT> std::shared_ptr<ROSMessageT> rclcpp::Node::[01;32m[Kcreate_subscription[m[K(const std::string&, const rclcpp::QoS&, CallbackT&&, const rclcpp::SubscriptionOptionsWithAllocator<AllocatorT>&, typename MessageMemoryStrategyT::SharedPtr)[m[K’
[4.946s]   221 |   [01;36m[Kcreate_subscription[m[K(
[4.946s]       |   [01;36m[K^~~~~~~~~~~~~~~~~~~[m[K
[4.946s] [01m[K/opt/ros/jazzy/include/rclcpp/rclcpp/node.hpp:221:3:[m[K [01;36m[Knote: [m[K  template argument deduction/substitution failed:
[4.946s] [01m[K/home/john/Desktop/rp_ros2_rviz/src/world_node.cpp:11:89:[m[K [01;31m[Kerror: [m[Ktemplate argument 1 is invalid
[4.946s]    11 |         grid_map_subscriber_ = [01;31m[Kthis->create_subscription<canvas_node_msgs::msg::GridMap>([m[K
[4.946s]       |                                [01;31m[K~~~~~~~~~~~~~~~~~~~~~~~~~~~~~~~~~~~~~~~~~~~~~~~~~~~~~~~~~^[m[K
[4.947s]    12 | [01;31m[K            "/canvas/grid_map", 10, std::bind(&WorldNode::gridMapCallback, this, std::placeholders::_1))[m[K;
[4.947s]       |             [01;31m[K~~~~~~~~~~~~~~~~~~~~~~~~~~~~~~~~~~~~~~~~~~~~~~~~~~~~~~~~~~~~~~~~~~~~~~~~~~~~~~~~~~~~~~~~~~~~[m[K
[4.957s] [01m[K/home/john/Desktop/rp_ros2_rviz/src/world_node.cpp:[m[K In function ‘[01m[Kint[01;32m[K main[m[K(int, char**)[m[K’:
[4.957s] [01m[K/home/john/Desktop/rp_ros2_rviz/src/world_node.cpp:59:18:[m[K [01;31m[Kerror: [m[K‘[01m[Knode[m[K’ was not declared in this scope
[4.958s]    59 |     rclcpp::spin([01;31m[Knode[m[K);  // Avvia il ciclo di esecuzione
[4.958s]       |                  [01;31m[K^~~~[m[K
[6.004s] gmake[2]: *** [CMakeFiles/world_node.dir/build.make:76: CMakeFiles/world_node.dir/src/world_node.cpp.o] Error 1
[6.005s] gmake[1]: *** [CMakeFiles/Makefile2:193: CMakeFiles/world_node.dir/all] Error 2
[6.005s] gmake: *** [Makefile:146: all] Error 2
[6.009s] Invoked command in '/home/john/Desktop/rp_ros2_rviz/build/rp_ros2_rviz' returned '2': CMAKE_PREFIX_PATH=${CMAKE_PREFIX_PATH}:/opt/ros/jazzy DEBUGINFOD_URLS=https://debuginfod.ubuntu.com /usr/bin/cmake --build /home/john/Desktop/rp_ros2_rviz/build/rp_ros2_rviz -- -j4 -l4
