In file included from [01m[K/opt/ros/jazzy/include/rclcpp/rclcpp/logging.hpp:24[m[K,
                 from [01m[K/opt/ros/jazzy/include/rclcpp/rclcpp/copy_all_parameter_values.hpp:27[m[K,
                 from [01m[K/opt/ros/jazzy/include/rclcpp/rclcpp/rclcpp.hpp:171[m[K,
                 from [01m[K/home/john/Desktop/rp_ros2_rviz/src/pathplanner_node.cpp:2[m[K:
[01m[K/home/john/Desktop/rp_ros2_rviz/src/pathplanner_node.cpp:[m[K In member function ‘[01m[Kvoid PathPlanner::[01;32m[KgoalCallback[m[K(geometry_msgs::msg::Point_<std::allocator<void> >::SharedPtr)[m[K’:
[01m[K/home/john/Desktop/rp_ros2_rviz/src/pathplanner_node.cpp:56:41:[m[K [01;35m[Kwarning: [m[Kformat ‘[01m[K%d[m[K’ expects argument of type ‘[01m[Kint[m[K’, but argument 5 has type ‘[01m[Kdouble[m[K’ [[01;35m[K]8;;https://gcc.gnu.org/onlinedocs/gcc/Warning-Options.html#index-Wformat=-Wformat=]8;;[m[K]
   56 |         RCLCPP_INFO(this->get_logger(), [01;35m[K"🎯 Nuovo goal ricevuto (in griglia): (%d, %d)"[m[K, [32m[Kgoal_grid.x()[m[K, goal_grid.y());
      |                                         [01;35m[K^~~~~~~~~~~~~~~~~~~~~~~~~~~~~~~~~~~~~~~~~~~~~~~[m[K  [32m[K~~~~~~~~~~~~~[m[K
      |                                                                                                     [32m[K|[m[K
      |                                                                                                     [32m[Kdouble[m[K
[01m[K/home/john/Desktop/rp_ros2_rviz/src/pathplanner_node.cpp:56:81:[m[K [01;36m[Knote: [m[Kformat string is defined here
   56 |         RCLCPP_INFO(this->get_logger(), "🎯 Nuovo goal ricevuto (in griglia): ([01;36m[K%d[m[K, %d)", goal_grid.x(), goal_grid.y());
      |                                                                                [01;36m[K~^[m[K
      |                                                                                 [01;36m[K|[m[K
      |                                                                                 [01;36m[Kint[m[K
      |                                                                                [32m[K%f[m[K
[01m[K/home/john/Desktop/rp_ros2_rviz/src/pathplanner_node.cpp:56:41:[m[K [01;35m[Kwarning: [m[Kformat ‘[01m[K%d[m[K’ expects argument of type ‘[01m[Kint[m[K’, but argument 6 has type ‘[01m[Kdouble[m[K’ [[01;35m[K]8;;https://gcc.gnu.org/onlinedocs/gcc/Warning-Options.html#index-Wformat=-Wformat=]8;;[m[K]
   56 |         RCLCPP_INFO(this->get_logger(), [01;35m[K"🎯 Nuovo goal ricevuto (in griglia): (%d, %d)"[m[K, goal_grid.x(), [32m[Kgoal_grid.y()[m[K);
      |                                         [01;35m[K^~~~~~~~~~~~~~~~~~~~~~~~~~~~~~~~~~~~~~~~~~~~~~~[m[K                 [32m[K~~~~~~~~~~~~~[m[K
      |                                                                                                                    [32m[K|[m[K
      |                                                                                                                    [32m[Kdouble[m[K
[01m[K/home/john/Desktop/rp_ros2_rviz/src/pathplanner_node.cpp:56:85:[m[K [01;36m[Knote: [m[Kformat string is defined here
   56 |         RCLCPP_INFO(this->get_logger(), "🎯 Nuovo goal ricevuto (in griglia): (%d, [01;36m[K%d[m[K)", goal_grid.x(), goal_grid.y());
      |                                                                                    [01;36m[K~^[m[K
      |                                                                                     [01;36m[K|[m[K
      |                                                                                     [01;36m[Kint[m[K
      |                                                                                    [32m[K%f[m[K
