[0.026s] Invoking command in '/home/john/Desktop/rp_ros2_rviz/build/rp_ros2_rviz': CMAKE_PREFIX_PATH=${CMAKE_PREFIX_PATH}:/opt/ros/jazzy DEBUGINFOD_URLS=https://debuginfod.ubuntu.com /usr/bin/cmake --build /home/john/Desktop/rp_ros2_rviz/build/rp_ros2_rviz -- -j4 -l4
[0.234s] [ 12%] [32mBuilding CXX object CMakeFiles/world_node.dir/src/world_node.cpp.o[0m
[0.242s] [ 25%] [32mBuilding CXX object CMakeFiles/world_node.dir/src/lidar.cpp.o[0m
[2.841s] [01m[K/home/john/Desktop/rp_ros2_rviz/src/lidar.cpp:[m[K In member function ‘[01m[Kvirtual void Lidar::[01;32m[KtimerTick[m[K(float)[m[K’:
[2.841s] [01m[K/home/john/Desktop/rp_ros2_rviz/src/lidar.cpp:31:29:[m[K [01;35m[Kwarning: [m[Kunused parameter ‘[01m[Kdt[m[K’ [[01;35m[K]8;;https://gcc.gnu.org/onlinedocs/gcc/Warning-Options.html#index-Wunused-parameter-Wunused-parameter]8;;[m[K]
[2.841s]    31 | void Lidar::timerTick([01;35m[Kfloat dt[m[K) {
[2.841s]       |                       [01;35m[K~~~~~~^~[m[K
[5.538s] [01m[K/home/john/Desktop/rp_ros2_rviz/src/world_node.cpp:[m[K In constructor ‘[01m[KWorldNode::[01;32m[KWorldNode[m[K()[m[K’:
[5.538s] [01m[K/home/john/Desktop/rp_ros2_rviz/src/world_node.cpp:28:33:[m[K [01;31m[Kerror: [m[Kno matching function for call to ‘[01m[KLidar::Lidar(LaserScan&, DifferentialDriveRobot**)[m[K’
[5.538s]    28 |             Lidar lid(scan, &ddr[01;31m[K)[m[K;
[5.538s]       |                                 [01;31m[K^[m[K
[5.538s] In file included from [01m[K/home/john/Desktop/rp_ros2_rviz/src/world_node.cpp:7[m[K:
[5.538s] [01m[K/home/john/Desktop/rp_ros2_rviz/include/rp_ros2_rviz/lidar.h:22:3:[m[K [01;36m[Knote: [m[Kcandidate: ‘[01m[KLidar::[01;32m[KLidar[m[K(LaserScan&, WorldItem*)[m[K’
[5.538s]    22 |   [01;36m[KLidar[m[K(LaserScan& my_scan, WorldItem* p=0);
[5.538s]       |   [01;36m[K^~~~~[m[K
[5.538s] [01m[K/home/john/Desktop/rp_ros2_rviz/include/rp_ros2_rviz/lidar.h:22:40:[m[K [01;36m[Knote: [m[K  no known conversion for argument 2 from ‘[01m[KDifferentialDriveRobot**[m[K’ to ‘[01m[KWorldItem*[m[K’
[5.538s]    22 |   Lidar(LaserScan& my_scan, [01;36m[KWorldItem* p=0[m[K);
[5.538s]       |                             [01;36m[K~~~~~~~~~~~^~~[m[K
[5.538s] [01m[K/home/john/Desktop/rp_ros2_rviz/include/rp_ros2_rviz/lidar.h:17:8:[m[K [01;36m[Knote: [m[Kcandidate: ‘[01m[Kconstexpr Lidar::[01;32m[KLidar[m[K(const Lidar&)[m[K’
[5.538s]    17 | struct [01;36m[KLidar[m[K: public WorldItem {
[5.538s]       |        [01;36m[K^~~~~[m[K
[5.538s] [01m[K/home/john/Desktop/rp_ros2_rviz/include/rp_ros2_rviz/lidar.h:17:8:[m[K [01;36m[Knote: [m[K  candidate expects 1 argument, 2 provided
[5.538s] [01m[K/home/john/Desktop/rp_ros2_rviz/include/rp_ros2_rviz/lidar.h:17:8:[m[K [01;36m[Knote: [m[Kcandidate: ‘[01m[Kconstexpr Lidar::[01;32m[KLidar[m[K(Lidar&&)[m[K’
[5.538s] [01m[K/home/john/Desktop/rp_ros2_rviz/include/rp_ros2_rviz/lidar.h:17:8:[m[K [01;36m[Knote: [m[K  candidate expects 1 argument, 2 provided
[5.538s] [01m[K/home/john/Desktop/rp_ros2_rviz/src/world_node.cpp:28:19:[m[K [01;35m[Kwarning: [m[Kunused variable ‘[01m[Klid[m[K’ [[01;35m[K]8;;https://gcc.gnu.org/onlinedocs/gcc/Warning-Options.html#index-Wunused-variable-Wunused-variable]8;;[m[K]
[5.538s]    28 |             Lidar [01;35m[Klid[m[K(scan, &ddr);
[5.538s]       |                   [01;35m[K^~~[m[K
[6.984s] gmake[2]: *** [CMakeFiles/world_node.dir/build.make:76: CMakeFiles/world_node.dir/src/world_node.cpp.o] Error 1
[6.985s] gmake[1]: *** [CMakeFiles/Makefile2:137: CMakeFiles/world_node.dir/all] Error 2
[6.985s] gmake: *** [Makefile:146: all] Error 2
[6.989s] Invoked command in '/home/john/Desktop/rp_ros2_rviz/build/rp_ros2_rviz' returned '2': CMAKE_PREFIX_PATH=${CMAKE_PREFIX_PATH}:/opt/ros/jazzy DEBUGINFOD_URLS=https://debuginfod.ubuntu.com /usr/bin/cmake --build /home/john/Desktop/rp_ros2_rviz/build/rp_ros2_rviz -- -j4 -l4
