[0.013s] Invoking command in '/home/john/Desktop/rp_ros2_rviz/build/rp_ros2_rviz': CMAKE_PREFIX_PATH=${CMAKE_PREFIX_PATH}:/opt/ros/jazzy DEBUGINFOD_URLS=https://debuginfod.ubuntu.com /usr/bin/cmake --build /home/john/Desktop/rp_ros2_rviz/build/rp_ros2_rviz -- -j4 -l4
[0.180s] [ 16%] Built target control_robot
[0.266s] [ 25%] [32mBuilding CXX object CMakeFiles/world_node.dir/src/world_node.cpp.o[0m
[4.850s] [01m[K/home/john/Desktop/rp_ros2_rviz/src/world_node.cpp:[m[K In constructor ‘[01m[KWorldNode::[01;32m[KWorldNode[m[K()[m[K’:
[4.850s] [01m[K/home/john/Desktop/rp_ros2_rviz/src/world_node.cpp:69:17:[m[K [01;35m[Kwarning: [m[Kunused variable ‘[01m[Kkey[m[K’ [[01;35m[K]8;;https://gcc.gnu.org/onlinedocs/gcc/Warning-Options.html#index-Wunused-variable-Wunused-variable]8;;[m[K]
[4.850s]    69 |             int [01;35m[Kkey[m[K=0;
[4.850s]       |                 [01;35m[K^~~[m[K
[4.879s] [01m[K/home/john/Desktop/rp_ros2_rviz/src/world_node.cpp:[m[K In static member function ‘[01m[Kstatic void WorldNode::[01;32m[KonMouse[m[K(int, int, int, int, void*)[m[K’:
[4.879s] [01m[K/home/john/Desktop/rp_ros2_rviz/src/world_node.cpp:109:21:[m[K [01;31m[Kerror: [m[Kinvalid use of member ‘[01m[KWorldNode::path[m[K’ in static member function
[4.879s]   109 |           printPath([01;31m[Kpath[m[K);
[4.879s]       |                     [01;31m[K^~~~[m[K
[4.879s] [01m[K/home/john/Desktop/rp_ros2_rviz/src/world_node.cpp:149:21:[m[K [01;36m[Knote: [m[Kdeclared here
[4.879s]   149 | std::list<Vector2f> [01;36m[Kpath[m[K;
[4.879s]       |                     [01;36m[K^~~~[m[K
[4.901s] [01m[K/home/john/Desktop/rp_ros2_rviz/src/world_node.cpp:109:11:[m[K [01;31m[Kerror: [m[K‘[01m[KprintPath[m[K’ was not declared in this scope
[4.901s]   109 |           [01;31m[KprintPath[m[K(path);
[4.901s]       |           [01;31m[K^~~~~~~~~[m[K
[4.901s] [01m[K/home/john/Desktop/rp_ros2_rviz/src/world_node.cpp:110:32:[m[K [01;31m[Kerror: [m[Kinvalid use of member ‘[01m[KWorldNode::path[m[K’ in static member function
[4.901s]   110 |           planner->computePath([01;31m[Kpath[m[K,
[4.901s]       |                                [01;31m[K^~~~[m[K
[4.901s] [01m[K/home/john/Desktop/rp_ros2_rviz/src/world_node.cpp:149:21:[m[K [01;36m[Knote: [m[Kdeclared here
[4.902s]   149 | std::list<Vector2f> [01;36m[Kpath[m[K;
[4.902s]       |                     [01;36m[K^~~~[m[K
[4.902s] [01m[K/home/john/Desktop/rp_ros2_rviz/src/world_node.cpp:114:32:[m[K [01;31m[Kerror: [m[Kinvalid use of member ‘[01m[KWorldNode::use_gradient[m[K’ in static member function
[4.902s]   114 |                                [01;31m[Kuse_gradient[m[K);
[4.902s]       |                                [01;31m[K^~~~~~~~~~~~[m[K
[4.902s] [01m[K/home/john/Desktop/rp_ros2_rviz/src/world_node.cpp:144:6:[m[K [01;36m[Knote: [m[Kdeclared here
[4.902s]   144 | bool [01;36m[Kuse_gradient[m[K=false;
[4.902s]       |      [01;36m[K^~~~~~~~~~~~[m[K
[4.902s] [01m[K/home/john/Desktop/rp_ros2_rviz/src/world_node.cpp:116:21:[m[K [01;31m[Kerror: [m[Kinvalid use of member ‘[01m[KWorldNode::path[m[K’ in static member function
[4.902s]   116 |           printPath([01;31m[Kpath[m[K);
[4.902s]       |                     [01;31m[K^~~~[m[K
[4.902s] [01m[K/home/john/Desktop/rp_ros2_rviz/src/world_node.cpp:149:21:[m[K [01;36m[Knote: [m[Kdeclared here
[4.902s]   149 | std::list<Vector2f> [01;36m[Kpath[m[K;
[4.902s]       |                     [01;36m[K^~~~[m[K
[4.902s] [01m[K/home/john/Desktop/rp_ros2_rviz/src/world_node.cpp:125:40:[m[K [01;31m[Kerror: [m[Kinvalid use of member ‘[01m[KWorldNode::background_mode[m[K’ in static member function
[4.903s]   125 |         cerr << "background_mode= " << [01;31m[Kbackground_mode[m[K << endl;
[4.903s]       |                                        [01;31m[K^~~~~~~~~~~~~~~[m[K
[4.903s] [01m[K/home/john/Desktop/rp_ros2_rviz/src/world_node.cpp:145:5:[m[K [01;36m[Knote: [m[Kdeclared here
[4.903s]   145 | int [01;36m[Kbackground_mode[m[K=0; // 0: DMap, 1:Obstacles, 2: Policy
[4.903s]       |     [01;36m[K^~~~~~~~~~~~~~~[m[K
[4.907s] [01m[K/home/john/Desktop/rp_ros2_rviz/src/world_node.cpp:126:16:[m[K [01;31m[Kerror: [m[Kinvalid use of member ‘[01m[KWorldNode::background_mode[m[K’ in static member function
[4.907s]   126 |         switch([01;31m[Kbackground_mode[m[K) {
[4.907s]       |                [01;31m[K^~~~~~~~~~~~~~~[m[K
[4.907s] [01m[K/home/john/Desktop/rp_ros2_rviz/src/world_node.cpp:145:5:[m[K [01;36m[Knote: [m[Kdeclared here
[4.907s]   145 | int [01;36m[Kbackground_mode[m[K=0; // 0: DMap, 1:Obstacles, 2: Policy
[4.907s]       |     [01;36m[K^~~~~~~~~~~~~~~[m[K
[4.914s] [01m[K/home/john/Desktop/rp_ros2_rviz/src/world_node.cpp:98:54:[m[K [01;35m[Kwarning: [m[Kunused parameter ‘[01m[Kval[m[K’ [[01;35m[K]8;;https://gcc.gnu.org/onlinedocs/gcc/Warning-Options.html#index-Wunused-parameter-Wunused-parameter]8;;[m[K]
[4.914s]    98 |     static void onMouse(int event, int x, int y, [01;35m[Kint val[m[K, void* arg) {
[4.914s]       |                                                  [01;35m[K~~~~^~~[m[K
[7.763s] gmake[2]: *** [CMakeFiles/world_node.dir/build.make:76: CMakeFiles/world_node.dir/src/world_node.cpp.o] Error 1
[7.764s] gmake[1]: *** [CMakeFiles/Makefile2:165: CMakeFiles/world_node.dir/all] Error 2
[7.764s] gmake: *** [Makefile:146: all] Error 2
[7.766s] Invoked command in '/home/john/Desktop/rp_ros2_rviz/build/rp_ros2_rviz' returned '2': CMAKE_PREFIX_PATH=${CMAKE_PREFIX_PATH}:/opt/ros/jazzy DEBUGINFOD_URLS=https://debuginfod.ubuntu.com /usr/bin/cmake --build /home/john/Desktop/rp_ros2_rviz/build/rp_ros2_rviz -- -j4 -l4
