[0.011s] Invoking command in '/home/john/Desktop/rp_ros2_rviz/build/rp_ros2_rviz': CMAKE_PREFIX_PATH=${CMAKE_PREFIX_PATH}:/opt/ros/jazzy DEBUGINFOD_URLS=https://debuginfod.ubuntu.com /usr/bin/cmake --build /home/john/Desktop/rp_ros2_rviz/build/rp_ros2_rviz -- -j4 -l4
[0.073s] [ 16%] Built target control_robot
[0.091s] [ 25%] [32mBuilding CXX object CMakeFiles/world_node.dir/src/world_node.cpp.o[0m
[4.838s] [01m[K/home/john/Desktop/rp_ros2_rviz/src/world_node.cpp:[m[K In constructor ‘[01m[KWorldNode::[01;32m[KWorldNode[m[K()[m[K’:
[4.838s] [01m[K/home/john/Desktop/rp_ros2_rviz/src/world_node.cpp:78:48:[m[K [01;31m[Kerror: [m[Kinvalid use of non-static member function ‘[01m[Kvoid WorldNode::[01;32m[KonMouse[m[K(int, int, int, int, void*)[m[K’
[4.838s]    78 |                 cv::setMouseCallback("canvas", [01;31m[KonMouse[m[K, this);
[4.838s]       |                                                [01;31m[K^~~~~~~[m[K
[4.838s] [01m[K/home/john/Desktop/rp_ros2_rviz/src/world_node.cpp:98:10:[m[K [01;36m[Knote: [m[Kdeclared here
[4.838s]    98 |     void [01;36m[KonMouse[m[K(int event, int x, int y, int val, void* arg) {
[4.838s]       |          [01;36m[K^~~~~~~[m[K
[4.838s] [01m[K/home/john/Desktop/rp_ros2_rviz/src/world_node.cpp:69:17:[m[K [01;35m[Kwarning: [m[Kunused variable ‘[01m[Kkey[m[K’ [[01;35m[K]8;;https://gcc.gnu.org/onlinedocs/gcc/Warning-Options.html#index-Wunused-variable-Wunused-variable]8;;[m[K]
[4.839s]    69 |             int [01;35m[Kkey[m[K=0;
[4.839s]       |                 [01;35m[K^~~[m[K
[4.953s] [01m[K/home/john/Desktop/rp_ros2_rviz/src/world_node.cpp:[m[K In member function ‘[01m[Kvoid WorldNode::[01;32m[KonMouse[m[K(int, int, int, int, void*)[m[K’:
[4.953s] [01m[K/home/john/Desktop/rp_ros2_rviz/src/world_node.cpp:109:11:[m[K [01;31m[Kerror: [m[K‘[01m[KprintPath[m[K’ was not declared in this scope
[4.953s]   109 |           [01;31m[KprintPath[m[K(path);
[4.953s]       |           [01;31m[K^~~~~~~~~[m[K
[4.967s] [01m[K/home/john/Desktop/rp_ros2_rviz/src/world_node.cpp:98:47:[m[K [01;35m[Kwarning: [m[Kunused parameter ‘[01m[Kval[m[K’ [[01;35m[K]8;;https://gcc.gnu.org/onlinedocs/gcc/Warning-Options.html#index-Wunused-parameter-Wunused-parameter]8;;[m[K]
[4.967s]    98 |     void onMouse(int event, int x, int y, [01;35m[Kint val[m[K, void* arg) {
[4.967s]       |                                           [01;35m[K~~~~^~~[m[K
[7.603s] gmake[2]: *** [CMakeFiles/world_node.dir/build.make:76: CMakeFiles/world_node.dir/src/world_node.cpp.o] Error 1
[7.603s] gmake[1]: *** [CMakeFiles/Makefile2:165: CMakeFiles/world_node.dir/all] Error 2
[7.603s] gmake: *** [Makefile:146: all] Error 2
[7.613s] Invoked command in '/home/john/Desktop/rp_ros2_rviz/build/rp_ros2_rviz' returned '2': CMAKE_PREFIX_PATH=${CMAKE_PREFIX_PATH}:/opt/ros/jazzy DEBUGINFOD_URLS=https://debuginfod.ubuntu.com /usr/bin/cmake --build /home/john/Desktop/rp_ros2_rviz/build/rp_ros2_rviz -- -j4 -l4
