[ 10%] [32mBuilding CXX object CMakeFiles/world_node.dir/src/world_node.cpp.o[0m
[ 30%] Built target control_robot
[01m[K/home/john/Desktop/rp_ros2_rviz/src/world_node.cpp:[m[K In constructor ‘[01m[KWorldNode::[01;32m[KWorldNode[m[K()[m[K’:
[01m[K/home/john/Desktop/rp_ros2_rviz/src/world_node.cpp:45:17:[m[K [01;35m[Kwarning: [m[Kvariable ‘[01m[Kkey[m[K’ set but not used [[01;35m[K]8;;https://gcc.gnu.org/onlinedocs/gcc/Warning-Options.html#index-Wunused-but-set-variable-Wunused-but-set-variable]8;;[m[K]
   45 |             int [01;35m[Kkey[m[K=0;
      |                 [01;35m[K^~~[m[K
[01m[K/home/john/Desktop/rp_ros2_rviz/src/world_node.cpp:[m[K In member function ‘[01m[Kvoid WorldNode::[01;32m[KpublishRobotPose[m[K()[m[K’:
[01m[K/home/john/Desktop/rp_ros2_rviz/src/world_node.cpp:120:52:[m[K [01;31m[Kerror: [m[K‘[01m[Kstruct Isometry2f[m[K’ has no member named ‘[01m[Kx[m[K’
  120 |         pose_msg.position.x = ddr_->pose_in_parent.[01;31m[Kx[m[K();
      |                                                    [01;31m[K^[m[K
[01m[K/home/john/Desktop/rp_ros2_rviz/src/world_node.cpp:121:52:[m[K [01;31m[Kerror: [m[K‘[01m[Kstruct Isometry2f[m[K’ has no member named ‘[01m[Ky[m[K’
  121 |         pose_msg.position.y = ddr_->pose_in_parent.[01;31m[Ky[m[K();
      |                                                    [01;31m[K^[m[K
[01m[K/home/john/Desktop/rp_ros2_rviz/src/world_node.cpp:122:59:[m[K [01;31m[Kerror: [m[K‘[01m[Kstruct Isometry2f[m[K’ has no member named ‘[01m[Ktheta[m[K’
  122 |         pose_msg.orientation.z = sin(ddr_->pose_in_parent.[01;31m[Ktheta[m[K() / 2.0);
      |                                                           [01;31m[K^~~~~[m[K
[01m[K/home/john/Desktop/rp_ros2_rviz/src/world_node.cpp:123:59:[m[K [01;31m[Kerror: [m[K‘[01m[Kstruct Isometry2f[m[K’ has no member named ‘[01m[Ktheta[m[K’
  123 |         pose_msg.orientation.w = cos(ddr_->pose_in_parent.[01;31m[Ktheta[m[K() / 2.0);
      |                                                           [01;31m[K^~~~~[m[K
[01m[K/home/john/Desktop/rp_ros2_rviz/src/world_node.cpp:[m[K In static member function ‘[01m[Kstatic void WorldNode::[01;32m[KonMouse[m[K(int, int, int, int, void*)[m[K’:
[01m[K/home/john/Desktop/rp_ros2_rviz/src/world_node.cpp:128:54:[m[K [01;35m[Kwarning: [m[Kunused parameter ‘[01m[Kflags[m[K’ [[01;35m[K]8;;https://gcc.gnu.org/onlinedocs/gcc/Warning-Options.html#index-Wunused-parameter-Wunused-parameter]8;;[m[K]
  128 |     static void onMouse(int event, int x, int y, [01;35m[Kint flags[m[K, void* userdata) {
      |                                                  [01;35m[K~~~~^~~~~[m[K
gmake[2]: *** [CMakeFiles/world_node.dir/build.make:76: CMakeFiles/world_node.dir/src/world_node.cpp.o] Error 1
gmake[1]: *** [CMakeFiles/Makefile2:165: CMakeFiles/world_node.dir/all] Error 2
gmake: *** [Makefile:146: all] Error 2
