[35m[1mScanning dependencies of target world_node[0m
[ 20%] Built target pathplanner_node
[ 24%] [32mBuilding CXX object CMakeFiles/world_node.dir/src/world_node.cpp.o[0m
[ 44%] Built target controller_node
[ 64%] Built target particle_node_filter
[35m[1mScanning dependencies of target mapserver[0m
[ 68%] [32mBuilding CXX object CMakeFiles/mapserver.dir/src/mapserver.cpp.o[0m
[01m[K/home/john/Desktop/rp_ros2_rviz/src/mapserver.cpp:1:10:[m[K [01;31m[Kfatal error: [m[Krp_ros2_rviz/mapserver.h: No such file or directory
    1 | #include [01;31m[K"rp_ros2_rviz/mapserver.h"[m[K
      |          [01;31m[K^~~~~~~~~~~~~~~~~~~~~~~~~~[m[K
compilation terminated.
make[2]: *** [CMakeFiles/mapserver.dir/build.make:63: CMakeFiles/mapserver.dir/src/mapserver.cpp.o] Error 1
make[1]: *** [CMakeFiles/Makefile2:248: CMakeFiles/mapserver.dir/all] Error 2
make[1]: *** Waiting for unfinished jobs....
[01m[K/home/john/Desktop/rp_ros2_rviz/src/world_node.cpp:[m[K In member function ‘[01m[Kvoid WorldNode::redisplay()[m[K’:
[01m[K/home/john/Desktop/rp_ros2_rviz/src/world_node.cpp:288:25:[m[K [01;35m[Kwarning: [m[Kunused variable ‘[01m[Kx[m[K’ [[01;35m[K-Wunused-variable[m[K]
  288 |                     int [01;35m[Kx[m[K = static_cast<int>(pose.position.x);
      |                         [01;35m[K^[m[K
[01m[K/home/john/Desktop/rp_ros2_rviz/src/world_node.cpp:289:25:[m[K [01;35m[Kwarning: [m[Kunused variable ‘[01m[Ky[m[K’ [[01;35m[K-Wunused-variable[m[K]
  289 |                     int [01;35m[Ky[m[K = static_cast<int>(pose.position.y);
      |                         [01;35m[K^[m[K
[ 72%] [32m[1mLinking CXX executable world_node[0m
[ 84%] Built target world_node
make: *** [Makefile:141: all] Error 2
