[0.007s] Invoking command in '/home/john/Desktop/rp_ros2_rviz/build/rp_ros2_rviz': CMAKE_PREFIX_PATH=${CMAKE_PREFIX_PATH}:/opt/ros/foxy /usr/bin/cmake --build /home/john/Desktop/rp_ros2_rviz/build/rp_ros2_rviz -- -j4 -l4
[0.047s] [35m[1mScanning dependencies of target world_node[0m
[0.086s] [ 20%] Built target pathplanner_node
[0.086s] [ 24%] [32mBuilding CXX object CMakeFiles/world_node.dir/src/world_node.cpp.o[0m
[0.089s] [ 44%] Built target controller_node
[0.091s] [ 64%] Built target particle_node_filter
[0.102s] [35m[1mScanning dependencies of target mapserver[0m
[0.111s] [ 68%] [32mBuilding CXX object CMakeFiles/mapserver.dir/src/mapserver.cpp.o[0m
[0.118s] [01m[K/home/john/Desktop/rp_ros2_rviz/src/mapserver.cpp:1:10:[m[K [01;31m[Kfatal error: [m[Krp_ros2_rviz/mapserver.h: No such file or directory
[0.118s]     1 | #include [01;31m[K"rp_ros2_rviz/mapserver.h"[m[K
[0.118s]       |          [01;31m[K^~~~~~~~~~~~~~~~~~~~~~~~~~[m[K
[0.118s] compilation terminated.
[0.119s] make[2]: *** [CMakeFiles/mapserver.dir/build.make:63: CMakeFiles/mapserver.dir/src/mapserver.cpp.o] Error 1
[0.119s] make[1]: *** [CMakeFiles/Makefile2:248: CMakeFiles/mapserver.dir/all] Error 2
[0.119s] make[1]: *** Waiting for unfinished jobs....
[1.941s] [01m[K/home/john/Desktop/rp_ros2_rviz/src/world_node.cpp:[m[K In member function ‘[01m[Kvoid WorldNode::redisplay()[m[K’:
[1.941s] [01m[K/home/john/Desktop/rp_ros2_rviz/src/world_node.cpp:288:25:[m[K [01;35m[Kwarning: [m[Kunused variable ‘[01m[Kx[m[K’ [[01;35m[K-Wunused-variable[m[K]
[1.941s]   288 |                     int [01;35m[Kx[m[K = static_cast<int>(pose.position.x);
[1.941s]       |                         [01;35m[K^[m[K
[1.941s] [01m[K/home/john/Desktop/rp_ros2_rviz/src/world_node.cpp:289:25:[m[K [01;35m[Kwarning: [m[Kunused variable ‘[01m[Ky[m[K’ [[01;35m[K-Wunused-variable[m[K]
[1.941s]   289 |                     int [01;35m[Ky[m[K = static_cast<int>(pose.position.y);
[1.941s]       |                         [01;35m[K^[m[K
[6.922s] [ 72%] [32m[1mLinking CXX executable world_node[0m
[7.545s] [ 84%] Built target world_node
[7.546s] make: *** [Makefile:141: all] Error 2
[7.549s] Invoked command in '/home/john/Desktop/rp_ros2_rviz/build/rp_ros2_rviz' returned '2': CMAKE_PREFIX_PATH=${CMAKE_PREFIX_PATH}:/opt/ros/foxy /usr/bin/cmake --build /home/john/Desktop/rp_ros2_rviz/build/rp_ros2_rviz -- -j4 -l4
