[  4%] [32mBuilding CXX object CMakeFiles/pathplanner_node.dir/src/pathplanner_node.cpp.o[0m
[  8%] [32mBuilding CXX object CMakeFiles/world_node.dir/src/world_node.cpp.o[0m
[ 28%] Built target controller_node
[35m[1mScanning dependencies of target mapserver[0m
[ 32%] [32mBuilding CXX object CMakeFiles/particle_node_filter.dir/src/particle_node_filter.cpp.o[0m
[01m[K/home/john/Desktop/rp_ros2_rviz/src/pathplanner_node.cpp:6:10:[m[K [01;31m[Kfatal error: [m[Kcv_bridge/cv_bridge.hpp: No such file or directory
    6 | #include [01;31m[K<cv_bridge/cv_bridge.hpp>[m[K
      |          [01;31m[K^~~~~~~~~~~~~~~~~~~~~~~~~[m[K
compilation terminated.
make[2]: *** [CMakeFiles/pathplanner_node.dir/build.make:63: CMakeFiles/pathplanner_node.dir/src/pathplanner_node.cpp.o] Error 1
make[1]: *** [CMakeFiles/Makefile2:167: CMakeFiles/pathplanner_node.dir/all] Error 2
make[1]: *** Waiting for unfinished jobs....
[01m[K/home/john/Desktop/rp_ros2_rviz/src/world_node.cpp:4:10:[m[K [01;31m[Kfatal error: [m[Kcv_bridge/cv_bridge.hpp: No such file or directory
    4 | #include [01;31m[K<cv_bridge/cv_bridge.hpp>[m[K
      |          [01;31m[K^~~~~~~~~~~~~~~~~~~~~~~~~[m[K
compilation terminated.
[ 36%] [32mBuilding CXX object CMakeFiles/mapserver.dir/src/mapserver.cpp.o[0m
make[2]: *** [CMakeFiles/world_node.dir/build.make:63: CMakeFiles/world_node.dir/src/world_node.cpp.o] Error 1
make[1]: *** [CMakeFiles/Makefile2:140: CMakeFiles/world_node.dir/all] Error 2
[ 40%] [32mBuilding CXX object CMakeFiles/mapserver.dir/src/dmap_planner.cpp.o[0m
[ 44%] [32mBuilding CXX object CMakeFiles/particle_node_filter.dir/src/robot.cpp.o[0m
[01m[K/home/john/Desktop/rp_ros2_rviz/src/particle_node_filter.cpp:10:10:[m[K [01;31m[Kfatal error: [m[Ktf2_geometry_msgs/tf2_geometry_msgs.hpp: No such file or directory
   10 | #include [01;31m[K<tf2_geometry_msgs/tf2_geometry_msgs.hpp>[m[K
      |          [01;31m[K^~~~~~~~~~~~~~~~~~~~~~~~~~~~~~~~~~~~~~~~~[m[K
compilation terminated.
make[2]: *** [CMakeFiles/particle_node_filter.dir/build.make:63: CMakeFiles/particle_node_filter.dir/src/particle_node_filter.cpp.o] Error 1
make[2]: *** Waiting for unfinished jobs....
[ 48%] [32mBuilding CXX object CMakeFiles/mapserver.dir/src/dmap.cpp.o[0m
make[1]: *** [CMakeFiles/Makefile2:194: CMakeFiles/particle_node_filter.dir/all] Error 2
[01m[K/home/john/Desktop/rp_ros2_rviz/src/dmap_planner.cpp:[m[K In member function ‘[01m[Kvoid DMapPlanner::computePolicy(const Vector2f&)[m[K’:
[01m[K/home/john/Desktop/rp_ros2_rviz/src/dmap_planner.cpp:54:8:[m[K [01;35m[Kwarning: [m[Kunused variable ‘[01m[Kstep_mode[m[K’ [[01;35m[K-Wunused-variable[m[K]
   54 |   bool [01;35m[Kstep_mode[m[K=true;
      |        [01;35m[K^~~~~~~~~[m[K
[ 52%] [32mBuilding CXX object CMakeFiles/mapserver.dir/src/robot.cpp.o[0m
[ 56%] [32m[1mLinking CXX executable mapserver[0m
[ 56%] Built target mapserver
make: *** [Makefile:141: all] Error 2
