[0.009s] Invoking command in '/home/john/Desktop/rp_ros2_rviz/build/rp_ros2_rviz': CMAKE_PREFIX_PATH=${CMAKE_PREFIX_PATH}:/opt/ros/foxy /usr/bin/cmake --build /home/john/Desktop/rp_ros2_rviz/build/rp_ros2_rviz -- -j4 -l4
[0.056s] [35m[1mScanning dependencies of target particle_node_filter[0m
[0.091s] [ 20%] Built target controller_node
[0.096s] [ 40%] Built target world_node
[0.096s] [ 60%] Built target pathplanner_node
[0.140s] [ 64%] [32mBuilding CXX object CMakeFiles/particle_node_filter.dir/src/particle_node_filter.cpp.o[0m
[0.145s] [ 84%] Built target mapserver
[2.251s] [01m[K/home/john/Desktop/rp_ros2_rviz/src/particle_node_filter.cpp:[m[K In member function ‘[01m[Kvoid ParticleFilterNode::resample()[m[K’:
[2.251s] [01m[K/home/john/Desktop/rp_ros2_rviz/src/particle_node_filter.cpp:157:19:[m[K [01;31m[Kerror: [m[K‘[01m[Kclamp[m[K’ is not a member of ‘[01m[Kstd[m[K’
[2.251s]   157 |         N_ = std::[01;31m[Kclamp[m[K(N_req, N_min_, N_max_);
[2.251s]       |                   [01;31m[K^~~~~[m[K
[2.252s] [01m[K/home/john/Desktop/rp_ros2_rviz/src/particle_node_filter.cpp:152:16:[m[K [01;35m[Kwarning: [m[Kunused variable ‘[01m[KNeff[m[K’ [[01;35m[K-Wunused-variable[m[K]
[2.252s]   152 |         double [01;35m[KNeff[m[K = 1.0/sumsq;
[2.252s]       |                [01;35m[K^~~~[m[K
[2.252s] [01m[K/home/john/Desktop/rp_ros2_rviz/src/particle_node_filter.cpp:[m[K In member function ‘[01m[Kint ParticleFilterNode::countOccupiedBins()[m[K’:
[2.252s] [01m[K/home/john/Desktop/rp_ros2_rviz/src/particle_node_filter.cpp:176:14:[m[K [01;31m[Kerror: [m[K‘[01m[Kunordered_set[m[K’ is not a member of ‘[01m[Kstd[m[K’
[2.252s]   176 |         std::[01;31m[Kunordered_set[m[K<long> bins;
[2.252s]       |              [01;31m[K^~~~~~~~~~~~~[m[K
[2.252s] [01m[K/home/john/Desktop/rp_ros2_rviz/src/particle_node_filter.cpp:12:1:[m[K [01;36m[Knote: [m[K‘[01m[Kstd::unordered_set[m[K’ is defined in header ‘[01m[K<unordered_set>[m[K’; did you forget to ‘[01m[K#include <unordered_set>[m[K’?
[2.252s]    11 | #include <Eigen/Dense>
[2.252s]   +++ |+[32m[K#include <unordered_set>[m[K
[2.252s]    12 | 
[2.252s] [01m[K/home/john/Desktop/rp_ros2_rviz/src/particle_node_filter.cpp:176:28:[m[K [01;31m[Kerror: [m[Kexpected primary-expression before ‘[01m[Klong[m[K’
[2.252s]   176 |         std::unordered_set<[01;31m[Klong[m[K> bins;
[2.252s]       |                            [01;31m[K^~~~[m[K
[2.253s] [01m[K/home/john/Desktop/rp_ros2_rviz/src/particle_node_filter.cpp:181:13:[m[K [01;31m[Kerror: [m[K‘[01m[Kbins[m[K’ was not declared in this scope
[2.254s]   181 |             [01;31m[Kbins[m[K.insert(id);
[2.254s]       |             [01;31m[K^~~~[m[K
[2.255s] [01m[K/home/john/Desktop/rp_ros2_rviz/src/particle_node_filter.cpp:183:16:[m[K [01;31m[Kerror: [m[K‘[01m[Kbins[m[K’ was not declared in this scope
[2.255s]   183 |         return [01;31m[Kbins[m[K.size();
[2.255s]       |                [01;31m[K^~~~[m[K
[2.255s] [01m[K/home/john/Desktop/rp_ros2_rviz/src/particle_node_filter.cpp:[m[K In member function ‘[01m[Kdouble ParticleFilterNode::chi2inv(double, int)[m[K’:
[2.255s] [01m[K/home/john/Desktop/rp_ros2_rviz/src/particle_node_filter.cpp:186:27:[m[K [01;35m[Kwarning: [m[Kunused parameter ‘[01m[Kp[m[K’ [[01;35m[K-Wunused-parameter[m[K]
[2.255s]   186 |     double chi2inv([01;35m[Kdouble p[m[K, int v) {
[2.255s]       |                    [01;35m[K~~~~~~~^[m[K
[3.837s] make[2]: *** [CMakeFiles/particle_node_filter.dir/build.make:63: CMakeFiles/particle_node_filter.dir/src/particle_node_filter.cpp.o] Error 1
[3.837s] make[1]: *** [CMakeFiles/Makefile2:194: CMakeFiles/particle_node_filter.dir/all] Error 2
[3.837s] make: *** [Makefile:141: all] Error 2
[3.840s] Invoked command in '/home/john/Desktop/rp_ros2_rviz/build/rp_ros2_rviz' returned '2': CMAKE_PREFIX_PATH=${CMAKE_PREFIX_PATH}:/opt/ros/foxy /usr/bin/cmake --build /home/john/Desktop/rp_ros2_rviz/build/rp_ros2_rviz -- -j4 -l4
