[0.025s] Invoking command in '/home/john/Desktop/path_ros/rp_ros2_rviz/build/rp_ros2_rviz': CMAKE_PREFIX_PATH=${CMAKE_PREFIX_PATH}:/opt/ros/jazzy DEBUGINFOD_URLS=https://debuginfod.ubuntu.com /usr/bin/cmake --build /home/john/Desktop/path_ros/rp_ros2_rviz/build/rp_ros2_rviz -- -j4 -l4
[0.175s] [ 25%] [32mBuilding CXX object CMakeFiles/dmap_node.dir/src/dmap_node.cpp.o[0m
[4.154s] [01m[K/home/john/Desktop/path_ros/rp_ros2_rviz/src/dmap_node.cpp:[m[K In constructor ‘[01m[KDmapNode::[01;32m[KDmapNode[m[K()[m[K’:
[4.154s] [01m[K/home/john/Desktop/path_ros/rp_ros2_rviz/src/dmap_node.cpp:59:13:[m[K [01;31m[Kerror: [m[K‘[01m[Kkey[m[K’ was not declared in this scope; did you mean ‘[01m[Kkey_t[m[K’?
[4.154s]    59 |         if ([01;31m[Kkey[m[K == 'q' || key == 27) {
[4.155s]       |             [01;31m[K^~~[m[K
[4.155s]       |             [32m[Kkey_t[m[K
[4.174s] In file included from [01m[K/opt/ros/jazzy/include/rclcpp/rclcpp/logging.hpp:24[m[K,
[4.174s]                  from [01m[K/opt/ros/jazzy/include/rclcpp/rclcpp/copy_all_parameter_values.hpp:27[m[K,
[4.174s]                  from [01m[K/opt/ros/jazzy/include/rclcpp/rclcpp/rclcpp.hpp:171[m[K,
[4.174s]                  from [01m[K/home/john/Desktop/path_ros/rp_ros2_rviz/src/dmap_node.cpp:2[m[K:
[4.174s] [01m[K/home/john/Desktop/path_ros/rp_ros2_rviz/src/dmap_node.cpp:[m[K In static member function ‘[01m[Kstatic void DmapNode::[01;32m[KonMouse[m[K(int, int, int, int, void*)[m[K’:
[4.174s] [01m[K/home/john/Desktop/path_ros/rp_ros2_rviz/src/dmap_node.cpp:149:49:[m[K [01;35m[Kwarning: [m[Kformat ‘[01m[K%d[m[K’ expects argument of type ‘[01m[Kint[m[K’, but argument 7 has type ‘[01m[Kdouble[m[K’ [[01;35m[K]8;;https://gcc.gnu.org/onlinedocs/gcc/Warning-Options.html#index-Wformat=-Wformat=]8;;[m[K]
[4.174s]   149 |                 RCLCPP_INFO(node->get_logger(), [01;35m[K"policy: (%d, %d) val: %d parent: (%d, %d)"[m[K, y, x, [32m[Kplanner->policy.at(y, x)[m[K, parent_pos[0], parent_pos[1]);
[4.174s]       |                                                 [01;35m[K^~~~~~~~~~~~~~~~~~~~~~~~~~~~~~~~~~~~~~~~~~~[m[K        [32m[K~~~~~~~~~~~~~~~~~~~~~~~~[m[K
[4.174s]       |                                                                                                                      [32m[K|[m[K
[4.174s]       |                                                                                                                      [32m[Kdouble[m[K
[4.174s] [01m[K/home/john/Desktop/path_ros/rp_ros2_rviz/src/dmap_node.cpp:149:73:[m[K [01;36m[Knote: [m[Kformat string is defined here
[4.174s]   149 |     RCLCPP_INFO(node->get_logger(), "policy: (%d, %d) val: [01;36m[K%d[m[K parent: (%d, %d)", y, x, planner->policy.at(y, x), parent_pos[0], parent_pos[1]);
[4.175s]       |                                                            [01;36m[K~^[m[K
[4.175s]       |                                                             [01;36m[K|[m[K
[4.175s]       |                                                             [01;36m[Kint[m[K
[4.175s]       |                                                            [32m[K%f[m[K
[4.175s] [01m[K/home/john/Desktop/path_ros/rp_ros2_rviz/src/dmap_node.cpp:116:58:[m[K [01;35m[Kwarning: [m[Kunused parameter ‘[01m[Kval[m[K’ [[01;35m[K]8;;https://gcc.gnu.org/onlinedocs/gcc/Warning-Options.html#index-Wunused-parameter-Wunused-parameter]8;;[m[K]
[4.175s]   116 |         static void onMouse(int event, int x, int y, [01;35m[Kint val[m[K, void* arg) {
[4.175s]       |                                                      [01;35m[K~~~~^~~[m[K
[5.909s] gmake[2]: *** [CMakeFiles/dmap_node.dir/build.make:76: CMakeFiles/dmap_node.dir/src/dmap_node.cpp.o] Error 1
[5.909s] gmake[1]: *** [CMakeFiles/Makefile2:137: CMakeFiles/dmap_node.dir/all] Error 2
[5.909s] gmake: *** [Makefile:146: all] Error 2
[5.915s] Invoked command in '/home/john/Desktop/path_ros/rp_ros2_rviz/build/rp_ros2_rviz' returned '2': CMAKE_PREFIX_PATH=${CMAKE_PREFIX_PATH}:/opt/ros/jazzy DEBUGINFOD_URLS=https://debuginfod.ubuntu.com /usr/bin/cmake --build /home/john/Desktop/path_ros/rp_ros2_rviz/build/rp_ros2_rviz -- -j4 -l4
