[0.013s] Invoking command in '/home/john/Desktop/rp_ros2_rviz/build/rp_ros2_rviz': CMAKE_PREFIX_PATH=${CMAKE_PREFIX_PATH}:/opt/ros/jazzy DEBUGINFOD_URLS=https://debuginfod.ubuntu.com /usr/bin/cmake --build /home/john/Desktop/rp_ros2_rviz/build/rp_ros2_rviz -- -j4 -l4
[0.111s] [ 22%] Built target listener_node
[0.114s] [ 44%] Built target canvas_node
[0.144s] [ 55%] [32mBuilding CXX object CMakeFiles/world_node.dir/src/world_node.cpp.o[0m
[0.144s] [ 66%] [32mBuilding CXX object CMakeFiles/world_node.dir/src/grid_map.cpp.o[0m
[1.695s] In file included from [01m[K/home/john/Desktop/rp_ros2_rviz/src/grid_map.cpp:1[m[K:
[1.695s] [01m[K/home/john/Desktop/rp_ros2_rviz/include/rp_ros2_rviz/grid_map.h:48:6:[m[K [01;31m[Kerror: [m[Kno declaration matches ‘[01m[Kvoid GridMap::[01;32m[KprintGridMap[m[K()[m[K’
[1.695s]    48 | void [01;31m[KGridMap[m[K::printGridMap();
[1.695s]       |      [01;31m[K^~~~~~~[m[K
[1.695s] [01m[K/home/john/Desktop/rp_ros2_rviz/include/rp_ros2_rviz/grid_map.h:48:6:[m[K [01;36m[Knote: [m[Kno functions named ‘[01m[Kvoid GridMap::[01;32m[KprintGridMap[m[K()[m[K’
[1.695s] [01m[K/home/john/Desktop/rp_ros2_rviz/include/rp_ros2_rviz/grid_map.h:8:8:[m[K [01;36m[Knote: [m[K‘[01m[Kstruct GridMap[m[K’ defined here
[1.696s]     8 | struct [01;36m[KGridMap[m[K:
[1.696s]       |        [01;36m[K^~~~~~~[m[K
[1.697s] [01m[K/home/john/Desktop/rp_ros2_rviz/src/grid_map.cpp:93:6:[m[K [01;31m[Kerror: [m[Kno declaration matches ‘[01m[Kvoid GridMap::[01;32m[KprintGridMap[m[K() const[m[K’
[1.697s]    93 | void [01;31m[KGridMap[m[K::printGridMap() const {
[1.697s]       |      [01;31m[K^~~~~~~[m[K
[1.697s] [01m[K/home/john/Desktop/rp_ros2_rviz/src/grid_map.cpp:93:6:[m[K [01;36m[Knote: [m[Kno functions named ‘[01m[Kvoid GridMap::[01;32m[KprintGridMap[m[K() const[m[K’
[1.697s] [01m[K/home/john/Desktop/rp_ros2_rviz/include/rp_ros2_rviz/grid_map.h:8:8:[m[K [01;36m[Knote: [m[K‘[01m[Kstruct GridMap[m[K’ defined here
[1.698s]     8 | struct [01;36m[KGridMap[m[K:
[1.698s]       |        [01;36m[K^~~~~~~[m[K
[2.051s] gmake[2]: *** [CMakeFiles/world_node.dir/build.make:104: CMakeFiles/world_node.dir/src/grid_map.cpp.o] Error 1
[2.052s] gmake[2]: *** Waiting for unfinished jobs....
[3.096s] In file included from [01m[K/home/john/Desktop/rp_ros2_rviz/src/world_node.cpp:5[m[K:
[3.097s] [01m[K/home/john/Desktop/rp_ros2_rviz/include/rp_ros2_rviz/grid_map.h:48:6:[m[K [01;31m[Kerror: [m[Kno declaration matches ‘[01m[Kvoid GridMap::[01;32m[KprintGridMap[m[K()[m[K’
[3.097s]    48 | void [01;31m[KGridMap[m[K::printGridMap();
[3.097s]       |      [01;31m[K^~~~~~~[m[K
[3.097s] [01m[K/home/john/Desktop/rp_ros2_rviz/include/rp_ros2_rviz/grid_map.h:48:6:[m[K [01;36m[Knote: [m[Kno functions named ‘[01m[Kvoid GridMap::[01;32m[KprintGridMap[m[K()[m[K’
[3.097s] [01m[K/home/john/Desktop/rp_ros2_rviz/include/rp_ros2_rviz/grid_map.h:8:8:[m[K [01;36m[Knote: [m[K‘[01m[Kstruct GridMap[m[K’ defined here
[3.097s]     8 | struct [01;36m[KGridMap[m[K:
[3.097s]       |        [01;36m[K^~~~~~~[m[K
[3.119s] [01m[K/home/john/Desktop/rp_ros2_rviz/src/world_node.cpp:[m[K In member function ‘[01m[Kvoid WorldNode::[01;32m[KloadGridMapCallback[m[K(std_msgs::msg::String_<std::allocator<void> >::SharedPtr)[m[K’:
[3.120s] [01m[K/home/john/Desktop/rp_ros2_rviz/src/world_node.cpp:32:22:[m[K [01;35m[Kwarning: [m[Kunused variable ‘[01m[Kgrid_map[m[K’ [[01;35m[K]8;;https://gcc.gnu.org/onlinedocs/gcc/Warning-Options.html#index-Wunused-variable-Wunused-variable]8;;[m[K]
[3.120s]    32 |             GridMap* [01;35m[Kgrid_map[m[K = new GridMap(image_path.c_str(), 0.1, world_.get(), Isometry2f(0, 10, 0.3));
[3.120s]       |                      [01;35m[K^~~~~~~~[m[K
[5.203s] gmake[2]: *** [CMakeFiles/world_node.dir/build.make:76: CMakeFiles/world_node.dir/src/world_node.cpp.o] Error 1
[5.203s] gmake[1]: *** [CMakeFiles/Makefile2:193: CMakeFiles/world_node.dir/all] Error 2
[5.203s] gmake: *** [Makefile:146: all] Error 2
[5.212s] Invoked command in '/home/john/Desktop/rp_ros2_rviz/build/rp_ros2_rviz' returned '2': CMAKE_PREFIX_PATH=${CMAKE_PREFIX_PATH}:/opt/ros/jazzy DEBUGINFOD_URLS=https://debuginfod.ubuntu.com /usr/bin/cmake --build /home/john/Desktop/rp_ros2_rviz/build/rp_ros2_rviz -- -j4 -l4
