[0.012s] Invoking command in '/home/john/Desktop/rp_ros2_rviz/build/rp_ros2_rviz': CMAKE_PREFIX_PATH=${CMAKE_PREFIX_PATH}:/home/john/Desktop/path_ros/rp_ros2_rviz/install/rp_ros2_rviz:/opt/ros/jazzy DEBUGINFOD_URLS=https://debuginfod.ubuntu.com /usr/bin/cmake --build /home/john/Desktop/rp_ros2_rviz/build/rp_ros2_rviz -- -j4 -l4
[0.083s] [ 66%] Built target pathplanner_node
[0.083s] [ 60%] Built target dmap_node
[0.094s] [ 73%] [32mBuilding CXX object CMakeFiles/world_node.dir/src/world_node.cpp.o[0m
[11.325s] [ 80%] [32m[1mLinking CXX executable world_node[0m
[12.709s] [100%] Built target world_node
[12.721s] Invoked command in '/home/john/Desktop/rp_ros2_rviz/build/rp_ros2_rviz' returned '0': CMAKE_PREFIX_PATH=${CMAKE_PREFIX_PATH}:/home/john/Desktop/path_ros/rp_ros2_rviz/install/rp_ros2_rviz:/opt/ros/jazzy DEBUGINFOD_URLS=https://debuginfod.ubuntu.com /usr/bin/cmake --build /home/john/Desktop/rp_ros2_rviz/build/rp_ros2_rviz -- -j4 -l4
[12.733s] Invoking command in '/home/john/Desktop/rp_ros2_rviz/build/rp_ros2_rviz': CMAKE_PREFIX_PATH=${CMAKE_PREFIX_PATH}:/home/john/Desktop/path_ros/rp_ros2_rviz/install/rp_ros2_rviz:/opt/ros/jazzy DEBUGINFOD_URLS=https://debuginfod.ubuntu.com /usr/bin/cmake --install /home/john/Desktop/rp_ros2_rviz/build/rp_ros2_rviz
[12.745s] -- Install configuration: ""
[12.745s] -- Up-to-date: /home/john/Desktop/rp_ros2_rviz/install/rp_ros2_rviz/lib/rp_ros2_rviz/dmap_node
[12.745s] -- Installing: /home/john/Desktop/rp_ros2_rviz/install/rp_ros2_rviz/lib/rp_ros2_rviz/world_node
[12.756s] -- Set non-toolchain portion of runtime path of "/home/john/Desktop/rp_ros2_rviz/install/rp_ros2_rviz/lib/rp_ros2_rviz/world_node" to ""
[12.756s] -- Up-to-date: /home/john/Desktop/rp_ros2_rviz/install/rp_ros2_rviz/lib/rp_ros2_rviz/pathplanner_node
[12.757s] -- Up-to-date: /home/john/Desktop/rp_ros2_rviz/install/rp_ros2_rviz/share/ament_index/resource_index/package_run_dependencies/rp_ros2_rviz
[12.757s] -- Up-to-date: /home/john/Desktop/rp_ros2_rviz/install/rp_ros2_rviz/share/ament_index/resource_index/parent_prefix_path/rp_ros2_rviz
[12.757s] -- Up-to-date: /home/john/Desktop/rp_ros2_rviz/install/rp_ros2_rviz/share/rp_ros2_rviz/environment/ament_prefix_path.sh
[12.757s] -- Up-to-date: /home/john/Desktop/rp_ros2_rviz/install/rp_ros2_rviz/share/rp_ros2_rviz/environment/ament_prefix_path.dsv
[12.757s] -- Up-to-date: /home/john/Desktop/rp_ros2_rviz/install/rp_ros2_rviz/share/rp_ros2_rviz/environment/path.sh
[12.757s] -- Up-to-date: /home/john/Desktop/rp_ros2_rviz/install/rp_ros2_rviz/share/rp_ros2_rviz/environment/path.dsv
[12.757s] -- Up-to-date: /home/john/Desktop/rp_ros2_rviz/install/rp_ros2_rviz/share/rp_ros2_rviz/local_setup.bash
[12.757s] -- Up-to-date: /home/john/Desktop/rp_ros2_rviz/install/rp_ros2_rviz/share/rp_ros2_rviz/local_setup.sh
[12.758s] -- Up-to-date: /home/john/Desktop/rp_ros2_rviz/install/rp_ros2_rviz/share/rp_ros2_rviz/local_setup.zsh
[12.758s] -- Up-to-date: /home/john/Desktop/rp_ros2_rviz/install/rp_ros2_rviz/share/rp_ros2_rviz/local_setup.dsv
[12.758s] -- Installing: /home/john/Desktop/rp_ros2_rviz/install/rp_ros2_rviz/share/rp_ros2_rviz/package.dsv
[12.758s] -- Up-to-date: /home/john/Desktop/rp_ros2_rviz/install/rp_ros2_rviz/share/ament_index/resource_index/packages/rp_ros2_rviz
[12.759s] -- Up-to-date: /home/john/Desktop/rp_ros2_rviz/install/rp_ros2_rviz/share/rp_ros2_rviz/cmake/rp_ros2_rvizConfig.cmake
[12.759s] -- Up-to-date: /home/john/Desktop/rp_ros2_rviz/install/rp_ros2_rviz/share/rp_ros2_rviz/cmake/rp_ros2_rvizConfig-version.cmake
[12.759s] -- Up-to-date: /home/john/Desktop/rp_ros2_rviz/install/rp_ros2_rviz/share/rp_ros2_rviz/package.xml
[12.762s] Invoked command in '/home/john/Desktop/rp_ros2_rviz/build/rp_ros2_rviz' returned '0': CMAKE_PREFIX_PATH=${CMAKE_PREFIX_PATH}:/home/john/Desktop/path_ros/rp_ros2_rviz/install/rp_ros2_rviz:/opt/ros/jazzy DEBUGINFOD_URLS=https://debuginfod.ubuntu.com /usr/bin/cmake --install /home/john/Desktop/rp_ros2_rviz/build/rp_ros2_rviz
