[0.008s] Invoking command in '/home/john/Desktop/rp_ros2_rviz/build/rp_ros2_rviz': CMAKE_PREFIX_PATH=${CMAKE_PREFIX_PATH}:/opt/ros/foxy /usr/bin/cmake --build /home/john/Desktop/rp_ros2_rviz/build/rp_ros2_rviz -- -j4 -l4
[0.055s] [35m[1mScanning dependencies of target particle_node_filter[0m
[0.071s] [ 20%] Built target pathplanner_node
[0.081s] [ 40%] Built target world_node
[0.093s] [ 44%] [32mBuilding CXX object CMakeFiles/particle_node_filter.dir/src/particle_node_filter.cpp.o[0m
[0.121s] [ 64%] Built target controller_node
[0.129s] [ 84%] Built target mapserver
[1.516s] [01m[K/home/john/Desktop/rp_ros2_rviz/src/particle_node_filter.cpp:[m[K In member function ‘[01m[Kvoid ParticleFilterNode::initializeParticlesNear(double, double, double, int)[m[K’:
[1.516s] [01m[K/home/john/Desktop/rp_ros2_rviz/src/particle_node_filter.cpp:108:79:[m[K [01;35m[Kwarning: [m[Kunused parameter ‘[01m[Kcenter_theta[m[K’ [[01;35m[K-Wunused-parameter[m[K]
[1.516s]   108 |         void initializeParticlesNear(double center_x, double center_y, [01;35m[Kdouble center_theta[m[K, int num_particles) {
[1.516s]       |                                                                        [01;35m[K~~~~~~~^~~~~~~~~~~~[m[K
[1.527s] [01m[K/home/john/Desktop/rp_ros2_rviz/src/particle_node_filter.cpp:[m[K In member function ‘[01m[Kstd::vector<std::tuple<double, double, double> > ParticleFilterNode::correlativeScanMatching(const std::vector<std::pair<double, double> >&, int)[m[K’:
[1.527s] [01m[K/home/john/Desktop/rp_ros2_rviz/src/particle_node_filter.cpp:335:76:[m[K [01;31m[Kerror: [m[Kunable to deduce ‘[01m[Kstd::initializer_list<auto>&&[m[K’ from ‘[01m[K{(-3.1415926535897931e+0 / (double)6), (-3.1415926535897931e+0 / (double)12), 0, (3.1415926535897931e+0 / (double)12), (3.1415926535897931e+0 / (double)6)}[m[K’
[1.527s]   335 |           for (double theta_test : { -M_PI/6, -M_PI/12, 0, M_PI/12, M_PI/6 [01;31m[K}[m[K) {
[1.527s]       |                                                                            [01;31m[K^[m[K
[1.527s] [01m[K/home/john/Desktop/rp_ros2_rviz/src/particle_node_filter.cpp:335:76:[m[K [01;36m[Knote: [m[K  deduced conflicting types for parameter ‘[01m[Kauto[m[K’ (‘[01m[Kdouble[m[K’ and ‘[01m[Kint[m[K’)
[3.173s] make[2]: *** [CMakeFiles/particle_node_filter.dir/build.make:63: CMakeFiles/particle_node_filter.dir/src/particle_node_filter.cpp.o] Error 1
[3.173s] make[1]: *** [CMakeFiles/Makefile2:194: CMakeFiles/particle_node_filter.dir/all] Error 2
[3.173s] make: *** [Makefile:141: all] Error 2
[3.176s] Invoked command in '/home/john/Desktop/rp_ros2_rviz/build/rp_ros2_rviz' returned '2': CMAKE_PREFIX_PATH=${CMAKE_PREFIX_PATH}:/opt/ros/foxy /usr/bin/cmake --build /home/john/Desktop/rp_ros2_rviz/build/rp_ros2_rviz -- -j4 -l4
