[0.093s] DEBUG:colcon:Command line arguments: ['/usr/bin/colcon', 'build']
[0.093s] DEBUG:colcon:Parsed command line arguments: Namespace(log_base=None, log_level=None, verb_name='build', build_base='build', install_base='install', merge_install=False, symlink_install=False, test_result_base=None, continue_on_error=False, executor='parallel', parallel_workers=4, event_handlers=None, ignore_user_meta=False, metas=['./colcon.meta'], base_paths=['.'], packages_ignore=None, packages_ignore_regex=None, paths=None, packages_up_to=None, packages_up_to_regex=None, packages_above=None, packages_above_and_dependencies=None, packages_above_depth=None, packages_select_by_dep=None, packages_skip_by_dep=None, packages_skip_up_to=None, packages_select_build_failed=False, packages_skip_build_finished=False, packages_select_test_failures=False, packages_skip_test_passed=False, packages_select=None, packages_skip=None, packages_select_regex=None, packages_skip_regex=None, packages_start=None, packages_end=None, allow_overriding=[], cmake_args=None, cmake_target=None, cmake_target_skip_unavailable=False, cmake_clean_cache=False, cmake_clean_first=False, cmake_force_configure=False, ament_cmake_args=None, catkin_cmake_args=None, catkin_skip_building_tests=False, mixin_files=None, mixin=None, verb_parser=<colcon_mixin.mixin.mixin_argument.MixinArgumentDecorator object at 0xe9cba4228500>, verb_extension=<colcon_core.verb.build.BuildVerb object at 0xe9cba43b9010>, main=<bound method BuildVerb.main of <colcon_core.verb.build.BuildVerb object at 0xe9cba43b9010>>, mixin_verb=('build',))
[0.138s] Level 1:colcon.colcon_core.package_discovery:discover_packages(colcon_meta) check parameters
[0.138s] Level 1:colcon.colcon_core.package_discovery:discover_packages(recursive) check parameters
[0.138s] Level 1:colcon.colcon_core.package_discovery:discover_packages(ignore) check parameters
[0.138s] Level 1:colcon.colcon_core.package_discovery:discover_packages(path) check parameters
[0.139s] Level 1:colcon.colcon_core.package_discovery:discover_packages(colcon_meta) discover
[0.139s] Level 1:colcon.colcon_core.package_discovery:discover_packages(recursive) discover
[0.139s] INFO:colcon.colcon_core.package_discovery:Crawling recursively for packages in '/home/john/Desktop/path_ros/rp_ros2_rviz'
[0.139s] Level 1:colcon.colcon_core.package_identification:_identify(.) by extensions ['ignore', 'ignore_ament_install']
[0.139s] Level 1:colcon.colcon_core.package_identification:_identify(.) by extension 'ignore'
[0.139s] Level 1:colcon.colcon_core.package_identification:_identify(.) by extension 'ignore_ament_install'
[0.139s] Level 1:colcon.colcon_core.package_identification:_identify(.) by extensions ['colcon_pkg']
[0.139s] Level 1:colcon.colcon_core.package_identification:_identify(.) by extension 'colcon_pkg'
[0.139s] Level 1:colcon.colcon_core.package_identification:_identify(.) by extensions ['colcon_meta']
[0.139s] Level 1:colcon.colcon_core.package_identification:_identify(.) by extension 'colcon_meta'
[0.139s] Level 1:colcon.colcon_core.package_identification:_identify(.) by extensions ['ros']
[0.139s] Level 1:colcon.colcon_core.package_identification:_identify(.) by extension 'ros'
[0.160s] DEBUG:colcon.colcon_core.package_identification:Package '.' with type 'ros.ament_cmake' and name 'rp_ros2_rviz'
[0.160s] Level 1:colcon.colcon_core.package_discovery:discover_packages(recursive) using defaults
[0.160s] Level 1:colcon.colcon_core.package_discovery:discover_packages(ignore) discover
[0.160s] Level 1:colcon.colcon_core.package_discovery:discover_packages(ignore) using defaults
[0.160s] Level 1:colcon.colcon_core.package_discovery:discover_packages(path) discover
[0.160s] Level 1:colcon.colcon_core.package_discovery:discover_packages(path) using defaults
[0.175s] Level 1:colcon.colcon_core.package_discovery:discover_packages(prefix_path) check parameters
[0.176s] Level 1:colcon.colcon_core.package_discovery:discover_packages(prefix_path) discover
[0.178s] DEBUG:colcon.colcon_installed_package_information.package_discovery:Found 1 installed packages in /home/john/Desktop/path_ros/rp_ros2_rviz/install
[0.179s] DEBUG:colcon.colcon_installed_package_information.package_discovery:Found 285 installed packages in /opt/ros/jazzy
[0.179s] Level 1:colcon.colcon_core.package_discovery:discover_packages(prefix_path) using defaults
[0.207s] Level 5:colcon.colcon_core.verb:set package 'rp_ros2_rviz' build argument 'cmake_args' from command line to 'None'
[0.207s] Level 5:colcon.colcon_core.verb:set package 'rp_ros2_rviz' build argument 'cmake_target' from command line to 'None'
[0.207s] Level 5:colcon.colcon_core.verb:set package 'rp_ros2_rviz' build argument 'cmake_target_skip_unavailable' from command line to 'False'
[0.207s] Level 5:colcon.colcon_core.verb:set package 'rp_ros2_rviz' build argument 'cmake_clean_cache' from command line to 'False'
[0.207s] Level 5:colcon.colcon_core.verb:set package 'rp_ros2_rviz' build argument 'cmake_clean_first' from command line to 'False'
[0.207s] Level 5:colcon.colcon_core.verb:set package 'rp_ros2_rviz' build argument 'cmake_force_configure' from command line to 'False'
[0.207s] Level 5:colcon.colcon_core.verb:set package 'rp_ros2_rviz' build argument 'ament_cmake_args' from command line to 'None'
[0.207s] Level 5:colcon.colcon_core.verb:set package 'rp_ros2_rviz' build argument 'catkin_cmake_args' from command line to 'None'
[0.207s] Level 5:colcon.colcon_core.verb:set package 'rp_ros2_rviz' build argument 'catkin_skip_building_tests' from command line to 'False'
[0.207s] DEBUG:colcon.colcon_core.verb:Building package 'rp_ros2_rviz' with the following arguments: {'ament_cmake_args': None, 'build_base': '/home/john/Desktop/path_ros/rp_ros2_rviz/build/rp_ros2_rviz', 'catkin_cmake_args': None, 'catkin_skip_building_tests': False, 'cmake_args': None, 'cmake_clean_cache': False, 'cmake_clean_first': False, 'cmake_force_configure': False, 'cmake_target': None, 'cmake_target_skip_unavailable': False, 'install_base': '/home/john/Desktop/path_ros/rp_ros2_rviz/install/rp_ros2_rviz', 'merge_install': False, 'path': '/home/john/Desktop/path_ros/rp_ros2_rviz', 'symlink_install': False, 'test_result_base': None}
[0.207s] INFO:colcon.colcon_core.executor:Executing jobs using 'parallel' executor
[0.208s] DEBUG:colcon.colcon_parallel_executor.executor.parallel:run_until_complete
[0.208s] INFO:colcon.colcon_ros.task.ament_cmake.build:Building ROS package in '/home/john/Desktop/path_ros/rp_ros2_rviz' with build type 'ament_cmake'
[0.208s] INFO:colcon.colcon_cmake.task.cmake.build:Building CMake package in '/home/john/Desktop/path_ros/rp_ros2_rviz'
[0.210s] INFO:colcon.colcon_core.plugin_system:Skipping extension 'colcon_core.shell.bat': Not used on non-Windows systems
[0.210s] INFO:colcon.colcon_core.shell:Skip shell extension 'powershell' for command environment: Not usable outside of PowerShell
[0.210s] DEBUG:colcon.colcon_core.shell:Skip shell extension 'dsv' for command environment
[0.226s] DEBUG:colcon.colcon_core.event_handler.log_command:Invoking command in '/home/john/Desktop/path_ros/rp_ros2_rviz/build/rp_ros2_rviz': CMAKE_PREFIX_PATH=${CMAKE_PREFIX_PATH}:/opt/ros/jazzy DEBUGINFOD_URLS=https://debuginfod.ubuntu.com /usr/bin/cmake --build /home/john/Desktop/path_ros/rp_ros2_rviz/build/rp_ros2_rviz -- -j4 -l4
[13.836s] DEBUG:colcon.colcon_core.event_handler.log_command:Invoked command in '/home/john/Desktop/path_ros/rp_ros2_rviz/build/rp_ros2_rviz' returned '0': CMAKE_PREFIX_PATH=${CMAKE_PREFIX_PATH}:/opt/ros/jazzy DEBUGINFOD_URLS=https://debuginfod.ubuntu.com /usr/bin/cmake --build /home/john/Desktop/path_ros/rp_ros2_rviz/build/rp_ros2_rviz -- -j4 -l4
[13.880s] DEBUG:colcon.colcon_core.event_handler.log_command:Invoking command in '/home/john/Desktop/path_ros/rp_ros2_rviz/build/rp_ros2_rviz': CMAKE_PREFIX_PATH=${CMAKE_PREFIX_PATH}:/opt/ros/jazzy DEBUGINFOD_URLS=https://debuginfod.ubuntu.com /usr/bin/cmake --install /home/john/Desktop/path_ros/rp_ros2_rviz/build/rp_ros2_rviz
[13.929s] Level 1:colcon.colcon_core.environment:create_environment_scripts_only(rp_ros2_rviz)
[13.929s] DEBUG:colcon.colcon_core.event_handler.log_command:Invoked command in '/home/john/Desktop/path_ros/rp_ros2_rviz/build/rp_ros2_rviz' returned '0': CMAKE_PREFIX_PATH=${CMAKE_PREFIX_PATH}:/opt/ros/jazzy DEBUGINFOD_URLS=https://debuginfod.ubuntu.com /usr/bin/cmake --install /home/john/Desktop/path_ros/rp_ros2_rviz/build/rp_ros2_rviz
[13.951s] Level 1:colcon.colcon_core.environment:checking '/home/john/Desktop/path_ros/rp_ros2_rviz/install/rp_ros2_rviz' for CMake module files
[13.954s] Level 1:colcon.colcon_core.environment:checking '/home/john/Desktop/path_ros/rp_ros2_rviz/install/rp_ros2_rviz' for CMake config files
[13.959s] Level 1:colcon.colcon_core.shell:create_environment_hook('rp_ros2_rviz', 'cmake_prefix_path')
[13.959s] INFO:colcon.colcon_core.shell:Creating environment hook '/home/john/Desktop/path_ros/rp_ros2_rviz/install/rp_ros2_rviz/share/rp_ros2_rviz/hook/cmake_prefix_path.ps1'
[13.961s] INFO:colcon.colcon_core.shell:Creating environment descriptor '/home/john/Desktop/path_ros/rp_ros2_rviz/install/rp_ros2_rviz/share/rp_ros2_rviz/hook/cmake_prefix_path.dsv'
[13.963s] INFO:colcon.colcon_core.shell:Creating environment hook '/home/john/Desktop/path_ros/rp_ros2_rviz/install/rp_ros2_rviz/share/rp_ros2_rviz/hook/cmake_prefix_path.sh'
[13.966s] Level 1:colcon.colcon_core.environment:checking '/home/john/Desktop/path_ros/rp_ros2_rviz/install/rp_ros2_rviz/lib'
[13.967s] Level 1:colcon.colcon_core.environment:checking '/home/john/Desktop/path_ros/rp_ros2_rviz/install/rp_ros2_rviz/bin'
[13.967s] Level 1:colcon.colcon_core.environment:checking '/home/john/Desktop/path_ros/rp_ros2_rviz/install/rp_ros2_rviz/lib/pkgconfig/rp_ros2_rviz.pc'
[13.968s] Level 1:colcon.colcon_core.environment:checking '/home/john/Desktop/path_ros/rp_ros2_rviz/install/rp_ros2_rviz/lib/python3.12/site-packages'
[13.968s] Level 1:colcon.colcon_core.environment:checking '/home/john/Desktop/path_ros/rp_ros2_rviz/install/rp_ros2_rviz/bin'
[13.968s] INFO:colcon.colcon_core.shell:Creating package script '/home/john/Desktop/path_ros/rp_ros2_rviz/install/rp_ros2_rviz/share/rp_ros2_rviz/package.ps1'
[13.970s] INFO:colcon.colcon_core.shell:Creating package descriptor '/home/john/Desktop/path_ros/rp_ros2_rviz/install/rp_ros2_rviz/share/rp_ros2_rviz/package.dsv'
[13.971s] INFO:colcon.colcon_core.shell:Creating package script '/home/john/Desktop/path_ros/rp_ros2_rviz/install/rp_ros2_rviz/share/rp_ros2_rviz/package.sh'
[13.973s] INFO:colcon.colcon_core.shell:Creating package script '/home/john/Desktop/path_ros/rp_ros2_rviz/install/rp_ros2_rviz/share/rp_ros2_rviz/package.bash'
[13.975s] INFO:colcon.colcon_core.shell:Creating package script '/home/john/Desktop/path_ros/rp_ros2_rviz/install/rp_ros2_rviz/share/rp_ros2_rviz/package.zsh'
[13.976s] Level 1:colcon.colcon_core.environment:create_file_with_runtime_dependencies(/home/john/Desktop/path_ros/rp_ros2_rviz/install/rp_ros2_rviz/share/colcon-core/packages/rp_ros2_rviz)
[13.978s] Level 1:colcon.colcon_core.environment:create_environment_scripts_only(rp_ros2_rviz)
[13.978s] Level 1:colcon.colcon_core.environment:checking '/home/john/Desktop/path_ros/rp_ros2_rviz/install/rp_ros2_rviz' for CMake module files
[13.979s] Level 1:colcon.colcon_core.environment:checking '/home/john/Desktop/path_ros/rp_ros2_rviz/install/rp_ros2_rviz' for CMake config files
[13.979s] Level 1:colcon.colcon_core.shell:create_environment_hook('rp_ros2_rviz', 'cmake_prefix_path')
[13.980s] INFO:colcon.colcon_core.shell:Creating environment hook '/home/john/Desktop/path_ros/rp_ros2_rviz/install/rp_ros2_rviz/share/rp_ros2_rviz/hook/cmake_prefix_path.ps1'
[13.981s] INFO:colcon.colcon_core.shell:Creating environment descriptor '/home/john/Desktop/path_ros/rp_ros2_rviz/install/rp_ros2_rviz/share/rp_ros2_rviz/hook/cmake_prefix_path.dsv'
[13.982s] INFO:colcon.colcon_core.shell:Creating environment hook '/home/john/Desktop/path_ros/rp_ros2_rviz/install/rp_ros2_rviz/share/rp_ros2_rviz/hook/cmake_prefix_path.sh'
[13.983s] Level 1:colcon.colcon_core.environment:checking '/home/john/Desktop/path_ros/rp_ros2_rviz/install/rp_ros2_rviz/lib'
[13.983s] Level 1:colcon.colcon_core.environment:checking '/home/john/Desktop/path_ros/rp_ros2_rviz/install/rp_ros2_rviz/bin'
[13.983s] Level 1:colcon.colcon_core.environment:checking '/home/john/Desktop/path_ros/rp_ros2_rviz/install/rp_ros2_rviz/lib/pkgconfig/rp_ros2_rviz.pc'
[13.984s] Level 1:colcon.colcon_core.environment:checking '/home/john/Desktop/path_ros/rp_ros2_rviz/install/rp_ros2_rviz/lib/python3.12/site-packages'
[13.984s] Level 1:colcon.colcon_core.environment:checking '/home/john/Desktop/path_ros/rp_ros2_rviz/install/rp_ros2_rviz/bin'
[13.985s] INFO:colcon.colcon_core.shell:Creating package script '/home/john/Desktop/path_ros/rp_ros2_rviz/install/rp_ros2_rviz/share/rp_ros2_rviz/package.ps1'
[13.985s] INFO:colcon.colcon_core.shell:Creating package descriptor '/home/john/Desktop/path_ros/rp_ros2_rviz/install/rp_ros2_rviz/share/rp_ros2_rviz/package.dsv'
[13.986s] INFO:colcon.colcon_core.shell:Creating package script '/home/john/Desktop/path_ros/rp_ros2_rviz/install/rp_ros2_rviz/share/rp_ros2_rviz/package.sh'
[13.988s] INFO:colcon.colcon_core.shell:Creating package script '/home/john/Desktop/path_ros/rp_ros2_rviz/install/rp_ros2_rviz/share/rp_ros2_rviz/package.bash'
[13.990s] INFO:colcon.colcon_core.shell:Creating package script '/home/john/Desktop/path_ros/rp_ros2_rviz/install/rp_ros2_rviz/share/rp_ros2_rviz/package.zsh'
[13.992s] Level 1:colcon.colcon_core.environment:create_file_with_runtime_dependencies(/home/john/Desktop/path_ros/rp_ros2_rviz/install/rp_ros2_rviz/share/colcon-core/packages/rp_ros2_rviz)
[13.993s] DEBUG:colcon.colcon_parallel_executor.executor.parallel:closing loop
[13.993s] DEBUG:colcon.colcon_parallel_executor.executor.parallel:loop closed
[13.994s] DEBUG:colcon.colcon_parallel_executor.executor.parallel:run_until_complete finished with '0'
[13.994s] DEBUG:colcon.colcon_core.event_reactor:joining thread
[14.015s] INFO:colcon.colcon_core.plugin_system:Skipping extension 'colcon_notification.desktop_notification.terminal_notifier': Not used on non-Darwin systems
[14.015s] INFO:colcon.colcon_core.plugin_system:Skipping extension 'colcon_notification.desktop_notification.win32': Not used on non-Windows systems
[14.015s] INFO:colcon.colcon_notification.desktop_notification:Sending desktop notification using 'notify2'
[14.090s] DEBUG:colcon.colcon_core.event_reactor:joined thread
[14.091s] INFO:colcon.colcon_core.shell:Creating prefix script '/home/john/Desktop/path_ros/rp_ros2_rviz/install/local_setup.ps1'
[14.095s] INFO:colcon.colcon_core.shell:Creating prefix util module '/home/john/Desktop/path_ros/rp_ros2_rviz/install/_local_setup_util_ps1.py'
[14.101s] INFO:colcon.colcon_core.shell:Creating prefix chain script '/home/john/Desktop/path_ros/rp_ros2_rviz/install/setup.ps1'
[14.103s] INFO:colcon.colcon_core.shell:Creating prefix script '/home/john/Desktop/path_ros/rp_ros2_rviz/install/local_setup.sh'
[14.105s] INFO:colcon.colcon_core.shell:Creating prefix util module '/home/john/Desktop/path_ros/rp_ros2_rviz/install/_local_setup_util_sh.py'
[14.109s] INFO:colcon.colcon_core.shell:Creating prefix chain script '/home/john/Desktop/path_ros/rp_ros2_rviz/install/setup.sh'
[14.112s] INFO:colcon.colcon_core.shell:Creating prefix script '/home/john/Desktop/path_ros/rp_ros2_rviz/install/local_setup.bash'
[14.115s] INFO:colcon.colcon_core.shell:Creating prefix chain script '/home/john/Desktop/path_ros/rp_ros2_rviz/install/setup.bash'
[14.117s] INFO:colcon.colcon_core.shell:Creating prefix script '/home/john/Desktop/path_ros/rp_ros2_rviz/install/local_setup.zsh'
[14.121s] INFO:colcon.colcon_core.shell:Creating prefix chain script '/home/john/Desktop/path_ros/rp_ros2_rviz/install/setup.zsh'
