[ 44%] Built target listener_node
[ 44%] Built target canvas_node
[ 66%] [32mBuilding CXX object CMakeFiles/world_node.dir/src/world_node.cpp.o[0m
[ 66%] [32mBuilding CXX object CMakeFiles/world_node.dir/src/grid_map.cpp.o[0m
[01m[K/home/john/Desktop/rp_ros2_rviz/src/grid_map.cpp:[m[K In member function ‘[01m[Kvirtual void GridMap::[01;32m[Kdraw[m[K(Canvas&) const[m[K’:
[01m[K/home/john/Desktop/rp_ros2_rviz/src/grid_map.cpp:80:9:[m[K [01;35m[Kwarning: [m[Kvariable ‘[01m[Kt[m[K’ set but not used [[01;35m[K]8;;https://gcc.gnu.org/onlinedocs/gcc/Warning-Options.html#index-Wunused-but-set-variable-Wunused-but-set-variable]8;;[m[K]
   80 |   Vec2f [01;35m[Kt[m[K=_piw.t*(1./dest.resolution);
      |         [01;35m[K^[m[K
[01m[K/home/john/Desktop/rp_ros2_rviz/src/grid_map.cpp:[m[K In member function ‘[01m[Kvoid GridMap::[01;32m[KprintGridMap[m[K() const[m[K’:
[01m[K/home/john/Desktop/rp_ros2_rviz/src/grid_map.cpp:96:23:[m[K [01;31m[Kerror: [m[K‘[01m[KgetValue[m[K’ was not declared in this scope
   96 |           int value = [01;31m[KgetValue[m[K(r, c);  // O usa cv_image per ottenere i valori
      |                       [01;31m[K^~~~~~~~[m[K
gmake[2]: *** [CMakeFiles/world_node.dir/build.make:104: CMakeFiles/world_node.dir/src/grid_map.cpp.o] Error 1
gmake[2]: *** Waiting for unfinished jobs....
[01m[K/home/john/Desktop/rp_ros2_rviz/src/world_node.cpp:[m[K In member function ‘[01m[Kvoid WorldNode::[01;32m[KloadGridMapCallback[m[K(std_msgs::msg::String_<std::allocator<void> >::SharedPtr)[m[K’:
[01m[K/home/john/Desktop/rp_ros2_rviz/src/world_node.cpp:34:13:[m[K [01;31m[Kerror: [m[K‘[01m[Kgrid_map[m[K’ is not a class, namespace, or enumeration
   34 |             [01;31m[Kgrid_map[m[K::printGridMap();
      |             [01;31m[K^~~~~~~~[m[K
[01m[K/home/john/Desktop/rp_ros2_rviz/src/world_node.cpp:33:22:[m[K [01;35m[Kwarning: [m[Kunused variable ‘[01m[Kgrid_map[m[K’ [[01;35m[K]8;;https://gcc.gnu.org/onlinedocs/gcc/Warning-Options.html#index-Wunused-variable-Wunused-variable]8;;[m[K]
   33 |             GridMap* [01;35m[Kgrid_map[m[K = new GridMap(image_path.c_str(), 0.1, world_.get(), Isometry2f(0, 10, 0.3));
      |                      [01;35m[K^~~~~~~~[m[K
gmake[2]: *** [CMakeFiles/world_node.dir/build.make:76: CMakeFiles/world_node.dir/src/world_node.cpp.o] Error 1
gmake[1]: *** [CMakeFiles/Makefile2:193: CMakeFiles/world_node.dir/all] Error 2
gmake: *** [Makefile:146: all] Error 2
