[01m[K/home/john/Desktop/rp_ros2_rviz/src/world_node.cpp:[m[K In constructor ‘[01m[KWorldNode::[01;32m[KWorldNode[m[K()[m[K’:
[01m[K/home/john/Desktop/rp_ros2_rviz/src/world_node.cpp:36:54:[m[K [01;31m[Kerror: [m[Kcannot convert ‘[01m[KDMap*[m[K’ to ‘[01m[Kconst DMap&[m[K’
   36 |             planner.init(0.05, 0.3, expansion_range, [01;31m[Kdmap[m[K);
      |                                                      [01;31m[K^~~~[m[K
      |                                                      [01;31m[K|[m[K
      |                                                      [01;31m[KDMap*[m[K
In file included from [01m[K/home/john/Desktop/rp_ros2_rviz/src/world_node.cpp:8[m[K:
[01m[K/home/john/Desktop/rp_ros2_rviz/include/rp_ros2_rviz/dmap_planner.h:39:25:[m[K [01;36m[Knote: [m[K  initializing argument 4 of ‘[01m[Kvoid DMapPlanner::[01;32m[Kinit[m[K(float, float, float, const DMap&)[m[K’
   39 |             [01;36m[Kconst DMap& dmap[m[K);
      |             [01;36m[K~~~~~~~~~~~~^~~~[m[K
[01m[K/home/john/Desktop/rp_ros2_rviz/src/world_node.cpp:66:17:[m[K [01;35m[Kwarning: [m[Kunused variable ‘[01m[Kkey[m[K’ [[01;35m[K]8;;https://gcc.gnu.org/onlinedocs/gcc/Warning-Options.html#index-Wunused-variable-Wunused-variable]8;;[m[K]
   66 |             int [01;35m[Kkey[m[K=0;
      |                 [01;35m[K^~~[m[K
[01m[K/home/john/Desktop/rp_ros2_rviz/src/world_node.cpp:[m[K In static member function ‘[01m[Kstatic void WorldNode::[01;32m[KonMouse[m[K(int, int, int, int, void*)[m[K’:
[01m[K/home/john/Desktop/rp_ros2_rviz/src/world_node.cpp:95:54:[m[K [01;35m[Kwarning: [m[Kunused parameter ‘[01m[Kval[m[K’ [[01;35m[K]8;;https://gcc.gnu.org/onlinedocs/gcc/Warning-Options.html#index-Wunused-parameter-Wunused-parameter]8;;[m[K]
   95 |     static void onMouse(int event, int x, int y, [01;35m[Kint val[m[K, void* arg) {
      |                                                  [01;35m[K~~~~^~~[m[K
gmake[2]: *** [CMakeFiles/world_node.dir/build.make:76: CMakeFiles/world_node.dir/src/world_node.cpp.o] Error 1
gmake[1]: *** [CMakeFiles/Makefile2:165: CMakeFiles/world_node.dir/all] Error 2
gmake: *** [Makefile:146: all] Error 2
