[0.032s] Invoking command in '/home/john/Desktop/rp_ros2_rviz/build/rp_ros2_rviz': CMAKE_PREFIX_PATH=${CMAKE_PREFIX_PATH}:/home/john/Desktop/path_ros/rp_ros2_rviz/install/rp_ros2_rviz:/opt/ros/jazzy DEBUGINFOD_URLS=https://debuginfod.ubuntu.com /usr/bin/cmake --build /home/john/Desktop/rp_ros2_rviz/build/rp_ros2_rviz -- -j4 -l4
[0.384s] -- Found ament_cmake: 2.5.3 (/opt/ros/jazzy/share/ament_cmake/cmake)
[0.659s] -- Found rclcpp: 28.1.6 (/opt/ros/jazzy/share/rclcpp/cmake)
[0.763s] -- Found rosidl_generator_c: 4.6.5 (/opt/ros/jazzy/share/rosidl_generator_c/cmake)
[0.784s] -- Found rosidl_generator_cpp: 4.6.5 (/opt/ros/jazzy/share/rosidl_generator_cpp/cmake)
[0.815s] -- Using all available rosidl_typesupport_c: rosidl_typesupport_fastrtps_c;rosidl_typesupport_introspection_c
[0.849s] -- Using all available rosidl_typesupport_cpp: rosidl_typesupport_fastrtps_cpp;rosidl_typesupport_introspection_cpp
[0.983s] -- Found rmw_implementation_cmake: 7.3.1 (/opt/ros/jazzy/share/rmw_implementation_cmake/cmake)
[0.988s] -- Found rmw_fastrtps_cpp: 8.4.1 (/opt/ros/jazzy/share/rmw_fastrtps_cpp/cmake)
[1.104s] -- Using RMW implementation 'rmw_fastrtps_cpp' as default
[1.233s] -- Found std_msgs: 5.3.5 (/opt/ros/jazzy/share/std_msgs/cmake)
[1.262s] -- Found geometry_msgs: 5.3.5 (/opt/ros/jazzy/share/geometry_msgs/cmake)
[1.304s] -- Found sensor_msgs: 5.3.5 (/opt/ros/jazzy/share/sensor_msgs/cmake)
[1.345s] -- Found cv_bridge: 4.1.0 (/opt/ros/jazzy/share/cv_bridge/cmake)
[1.359s] -- Found ament_lint_auto: 0.17.1 (/opt/ros/jazzy/share/ament_lint_auto/cmake)
[1.849s] -- Added test 'cppcheck' to perform static code analysis on C / C++ code
[1.850s] -- Configured cppcheck include dirs: /home/john/Desktop/rp_ros2_rviz/include
[1.851s] -- Configured cppcheck exclude dirs and/or files: 
[1.868s] -- Added test 'flake8' to check Python code syntax and style conventions
[1.869s] -- Configured 'flake8' exclude dirs and/or files: 
[1.900s] -- Added test 'lint_cmake' to check CMake code style
[1.922s] -- Added test 'pep257' to check Python code against some of the docstring style conventions in PEP 257
[2.046s] -- Added test 'uncrustify' to check C / C++ code style
[2.046s] -- Configured uncrustify additional arguments: 
[2.064s] -- Added test 'xmllint' to check XML markup files
[2.067s] -- Configuring done (1.7s)
[2.149s] -- Generating done (0.1s)
[2.162s] -- Build files have been written to: /home/john/Desktop/rp_ros2_rviz/build/rp_ros2_rviz
[2.226s] [  5%] [32mBuilding CXX object CMakeFiles/map_server.dir/src/mapserver.cpp.o[0m
[2.362s] [01m[K/home/john/Desktop/rp_ros2_rviz/src/mapserver.cpp:2:10:[m[K [01;31m[Kfatal error: [m[Krclcpp/rclcpp.hpp: No such file or directory
[2.362s]     2 | #include [01;31m[K<rclcpp/rclcpp.hpp>[m[K
[2.362s]       |          [01;31m[K^~~~~~~~~~~~~~~~~~~[m[K
[2.362s] compilation terminated.
[2.367s] gmake[2]: *** [CMakeFiles/map_server.dir/build.make:76: CMakeFiles/map_server.dir/src/mapserver.cpp.o] Error 1
[2.367s] gmake[1]: *** [CMakeFiles/Makefile2:221: CMakeFiles/map_server.dir/all] Error 2
[2.367s] gmake[1]: *** Waiting for unfinished jobs....
[2.371s] [ 35%] Built target pathplanner_node
[2.377s] [ 64%] Built target controller_node
[2.387s] [ 94%] Built target world_node
[2.387s] gmake: *** [Makefile:146: all] Error 2
[2.389s] Invoked command in '/home/john/Desktop/rp_ros2_rviz/build/rp_ros2_rviz' returned '2': CMAKE_PREFIX_PATH=${CMAKE_PREFIX_PATH}:/home/john/Desktop/path_ros/rp_ros2_rviz/install/rp_ros2_rviz:/opt/ros/jazzy DEBUGINFOD_URLS=https://debuginfod.ubuntu.com /usr/bin/cmake --build /home/john/Desktop/rp_ros2_rviz/build/rp_ros2_rviz -- -j4 -l4
