[0.022s] Invoking command in '/home/john/Desktop/rp_ros2_rviz/build/rp_ros2_rviz': CMAKE_PREFIX_PATH=${CMAKE_PREFIX_PATH}:/opt/ros/jazzy DEBUGINFOD_URLS=https://debuginfod.ubuntu.com /usr/bin/cmake --build /home/john/Desktop/rp_ros2_rviz/build/rp_ros2_rviz -- -j4 -l4
[0.136s] [ 10%] [32mBuilding CXX object CMakeFiles/control_robot.dir/src/control_robot.cpp.o[0m
[0.145s] [ 90%] Built target world_node
[1.196s] [01m[K/home/john/Desktop/rp_ros2_rviz/src/control_robot.cpp:53:13:[m[K [01;35m[Kwarning: [m[K"/*" within comment [[01;35m[K]8;;https://gcc.gnu.org/onlinedocs/gcc/Warning-Options.html#index-Wcomment-Wcomment]8;;[m[K]
[1.196s]    53 |             /*
[1.196s]       |              
[4.150s] [01m[K/home/john/Desktop/rp_ros2_rviz/src/control_robot.cpp:[m[K In member function ‘[01m[Kvoid ControlNode::[01;32m[KgoalCallback[m[K(geometry_msgs::msg::Pose_<std::allocator<void> >::SharedPtr)[m[K’:
[4.150s] [01m[K/home/john/Desktop/rp_ros2_rviz/src/control_robot.cpp:41:30:[m[K [01;31m[Kerror: [m[Kno matching function for call to ‘[01m[Krclcpp::Publisher<std_msgs::msg::String_<std::allocator<void> > >::publish(const char [5])[m[K’
[4.150s]    41 |         [01;31m[Kcontrol_pub_->publish("tv=1")[m[K;
[4.150s]       |         [01;31m[K~~~~~~~~~~~~~~~~~~~~~^~~~~~~~[m[K
[4.153s] In file included from [01m[K/opt/ros/jazzy/include/rclcpp/rclcpp/topic_statistics/subscription_topic_statistics.hpp:31[m[K,
[4.153s]                  from [01m[K/opt/ros/jazzy/include/rclcpp/rclcpp/subscription.hpp:50[m[K,
[4.153s]                  from [01m[K/opt/ros/jazzy/include/rclcpp/rclcpp/any_executable.hpp:25[m[K,
[4.153s]                  from [01m[K/opt/ros/jazzy/include/rclcpp/rclcpp/memory_strategy.hpp:25[m[K,
[4.153s]                  from [01m[K/opt/ros/jazzy/include/rclcpp/rclcpp/memory_strategies.hpp:18[m[K,
[4.153s]                  from [01m[K/opt/ros/jazzy/include/rclcpp/rclcpp/executor_options.hpp:22[m[K,
[4.153s]                  from [01m[K/opt/ros/jazzy/include/rclcpp/rclcpp/executor.hpp:38[m[K,
[4.153s]                  from [01m[K/opt/ros/jazzy/include/rclcpp/rclcpp/executors/multi_threaded_executor.hpp:25[m[K,
[4.153s]                  from [01m[K/opt/ros/jazzy/include/rclcpp/rclcpp/executors.hpp:21[m[K,
[4.154s]                  from [01m[K/opt/ros/jazzy/include/rclcpp/rclcpp/rclcpp.hpp:172[m[K,
[4.154s]                  from [01m[K/home/john/Desktop/rp_ros2_rviz/src/control_robot.cpp:1[m[K:
[4.154s] [01m[K/opt/ros/jazzy/include/rclcpp/rclcpp/publisher.hpp:242:3:[m[K [01;36m[Knote: [m[Kcandidate: ‘[01m[Ktemplate<class T> std::enable_if_t<(rosidl_generator_traits::is_message<T>::value && std::is_same<T, typename rclcpp::TypeAdapter<MessageT>::ros_message_type>::value)> rclcpp::Publisher<MessageT, AllocatorT>::[01;32m[Kpublish[m[K(std::unique_ptr<T, typename std::conditional<std::is_same<typename std::allocator_traits<typename std::allocator_traits<_Allocator>::rebind_traits<typename rclcpp::TypeAdapter<MessageT, void, void>::ros_message_type>::allocator_type>::rebind_alloc<typename rclcpp::TypeAdapter<MessageT, void, void>::ros_message_type>, std::allocator<typename rclcpp::TypeAdapter<MessageT>::ros_message_type> >::value, std::default_delete<typename rclcpp::TypeAdapter<MessageT>::ros_message_type>, rclcpp::allocator::AllocatorDeleter<typename std::allocator_traits<_Allocator>::rebind_traits<typename rclcpp::TypeAdapter<MessageT, void, void>::ros_message_type>::allocator_type> >::type>) [35m[K[with MessageT = std_msgs::msg::String_<std::allocator<void> >; AllocatorT = std::allocator<void>][m[K[m[K’
[4.154s]   242 |   [01;36m[Kpublish[m[K(std::unique_ptr<T, ROSMessageTypeDeleter> msg)
[4.154s]       |   [01;36m[K^~~~~~~[m[K
[4.154s] [01m[K/opt/ros/jazzy/include/rclcpp/rclcpp/publisher.hpp:242:3:[m[K [01;36m[Knote: [m[K  template argument deduction/substitution failed:
[4.154s] [01m[K/home/john/Desktop/rp_ros2_rviz/src/control_robot.cpp:41:30:[m[K [01;36m[Knote: [m[K  mismatched types ‘[01m[Kstd::unique_ptr<T, std::default_delete<std_msgs::msg::String_<std::allocator<void> > > >[m[K’ and ‘[01m[Kconst char*[m[K’
[4.154s]    41 |         [01;36m[Kcontrol_pub_->publish("tv=1")[m[K;
[4.154s]       |         [01;36m[K~~~~~~~~~~~~~~~~~~~~~^~~~~~~~[m[K
[4.154s] [01m[K/opt/ros/jazzy/include/rclcpp/rclcpp/publisher.hpp:292:3:[m[K [01;36m[Knote: [m[Kcandidate: ‘[01m[Ktemplate<class T> std::enable_if_t<(rosidl_generator_traits::is_message<T>::value && std::is_same<T, typename rclcpp::TypeAdapter<MessageT>::ros_message_type>::value)> rclcpp::Publisher<MessageT, AllocatorT>::[01;32m[Kpublish[m[K(const T&) [35m[K[with MessageT = std_msgs::msg::String_<std::allocator<void> >; AllocatorT = std::allocator<void>][m[K[m[K’
[4.154s]   292 |   [01;36m[Kpublish[m[K(const T & msg)
[4.154s]       |   [01;36m[K^~~~~~~[m[K
[4.154s] [01m[K/opt/ros/jazzy/include/rclcpp/rclcpp/publisher.hpp:292:3:[m[K [01;36m[Knote: [m[K  template argument deduction/substitution failed:
[4.154s] In file included from [01m[K/usr/include/c++/13/bits/move.h:37[m[K,
[4.154s]                  from [01m[K/usr/include/c++/13/bits/new_allocator.h:36[m[K,
[4.154s]                  from [01m[K/usr/include/aarch64-linux-gnu/c++/13/bits/c++allocator.h:33[m[K,
[4.154s]                  from [01m[K/usr/include/c++/13/bits/allocator.h:46[m[K,
[4.154s]                  from [01m[K/usr/include/c++/13/memory:65[m[K,
[4.154s]                  from [01m[K/opt/ros/jazzy/include/rclcpp/rclcpp/rclcpp.hpp:169[m[K:
[4.154s] /usr/include/c++/13/type_traits: In substitution of ‘[01m[Ktemplate<bool _Cond, class _Tp> using std::enable_if_t = typename std::enable_if::type [35m[K[with bool _Cond = false; _Tp = void][m[K[m[K’:
[4.154s] [01m[K/opt/ros/jazzy/include/rclcpp/rclcpp/publisher.hpp:292:3:[m[K   required by substitution of ‘[01m[Ktemplate<class T> std::enable_if_t<(rosidl_generator_traits::is_message<T>::value && std::is_same<T, std_msgs::msg::String_<std::allocator<void> > >::value), void> rclcpp::Publisher<std_msgs::msg::String_<std::allocator<void> > >::[01;32m[Kpublish[m[K(const T&) [35m[K[with T = char [5]][m[K[m[K’
[4.155s] [01m[K/home/john/Desktop/rp_ros2_rviz/src/control_robot.cpp:41:30:[m[K   required from here
[4.155s] [01m[K/usr/include/c++/13/type_traits:2610:11:[m[K [01;31m[Kerror: [m[Kno type named ‘[01m[Ktype[m[K’ in ‘[01m[Kstruct std::enable_if<false, void>[m[K’
[4.155s]  2610 |     using [01;31m[Kenable_if_t[m[K = typename enable_if<_Cond, _Tp>::type;
[4.155s]       |           [01;31m[K^~~~~~~~~~~[m[K
[4.155s] [01m[K/opt/ros/jazzy/include/rclcpp/rclcpp/publisher.hpp:322:3:[m[K [01;36m[Knote: [m[Kcandidate: ‘[01m[Ktemplate<class T> std::enable_if_t<(typename rclcpp::TypeAdapter<MessageT>::is_specialized::value && std::is_same<T, typename rclcpp::TypeAdapter<MessageT>::custom_type>::value)> rclcpp::Publisher<MessageT, AllocatorT>::[01;32m[Kpublish[m[K(std::unique_ptr<T, typename std::conditional<std::is_same<typename std::allocator_traits<typename std::allocator_traits<_Allocator>::rebind_traits<typename rclcpp::TypeAdapter<MessageT, void, void>::custom_type>::allocator_type>::rebind_alloc<typename rclcpp::TypeAdapter<MessageT, void, void>::custom_type>, std::allocator<typename rclcpp::TypeAdapter<MessageT>::custom_type> >::value, std::default_delete<typename rclcpp::TypeAdapter<MessageT>::custom_type>, rclcpp::allocator::AllocatorDeleter<typename std::allocator_traits<_Allocator>::rebind_traits<typename rclcpp::TypeAdapter<MessageT, void, void>::custom_type>::allocator_type> >::type>) [35m[K[with MessageT = std_msgs::msg::String_<std::allocator<void> >; AllocatorT = std::allocator<void>][m[K[m[K’
[4.155s]   322 |   [01;36m[Kpublish[m[K(std::unique_ptr<T, PublishedTypeDeleter> msg)
[4.155s]       |   [01;36m[K^~~~~~~[m[K
[4.155s] [01m[K/opt/ros/jazzy/include/rclcpp/rclcpp/publisher.hpp:322:3:[m[K [01;36m[Knote: [m[K  template argument deduction/substitution failed:
[4.155s] [01m[K/home/john/Desktop/rp_ros2_rviz/src/control_robot.cpp:41:30:[m[K [01;36m[Knote: [m[K  mismatched types ‘[01m[Kstd::unique_ptr<T, std::default_delete<std_msgs::msg::String_<std::allocator<void> > > >[m[K’ and ‘[01m[Kconst char*[m[K’
[4.155s]    41 |         [01;36m[Kcontrol_pub_->publish("tv=1")[m[K;
[4.155s]       |         [01;36m[K~~~~~~~~~~~~~~~~~~~~~^~~~~~~~[m[K
[4.155s] [01m[K/opt/ros/jazzy/include/rclcpp/rclcpp/publisher.hpp:369:3:[m[K [01;36m[Knote: [m[Kcandidate: ‘[01m[Ktemplate<class T> std::enable_if_t<(typename rclcpp::TypeAdapter<MessageT>::is_specialized::value && std::is_same<T, typename rclcpp::TypeAdapter<MessageT>::custom_type>::value)> rclcpp::Publisher<MessageT, AllocatorT>::[01;32m[Kpublish[m[K(const T&) [35m[K[with MessageT = std_msgs::msg::String_<std::allocator<void> >; AllocatorT = std::allocator<void>][m[K[m[K’
[4.155s]   369 |   [01;36m[Kpublish[m[K(const T & msg)
[4.155s]       |   [01;36m[K^~~~~~~[m[K
[4.155s] [01m[K/opt/ros/jazzy/include/rclcpp/rclcpp/publisher.hpp:369:3:[m[K [01;36m[Knote: [m[K  template argument deduction/substitution failed:
[4.155s] [01m[K/opt/ros/jazzy/include/rclcpp/rclcpp/publisher.hpp:387:3:[m[K [01;36m[Knote: [m[Kcandidate: ‘[01m[Kvoid rclcpp::Publisher<MessageT, AllocatorT>::[01;32m[Kpublish[m[K(const rcl_serialized_message_t&) [35m[K[with MessageT = std_msgs::msg::String_<std::allocator<void> >; AllocatorT = std::allocator<void>; rcl_serialized_message_t = rcutils_uint8_array_s][m[K[m[K’
[4.155s]   387 |   [01;36m[Kpublish[m[K(const rcl_serialized_message_t & serialized_msg)
[4.155s]       |   [01;36m[K^~~~~~~[m[K
[4.155s] [01m[K/opt/ros/jazzy/include/rclcpp/rclcpp/publisher.hpp:387:44:[m[K [01;36m[Knote: [m[K  no known conversion for argument 1 from ‘[01m[Kconst char [5][m[K’ to ‘[01m[Kconst rcl_serialized_message_t&[m[K’ {aka ‘[01m[Kconst rcutils_uint8_array_s&[m[K’}
[4.155s]   387 |   publish([01;36m[Kconst rcl_serialized_message_t & serialized_msg[m[K)
[4.156s]       |           [01;36m[K~~~~~~~~~~~~~~~~~~~~~~~~~~~~~~~~~^~~~~~~~~~~~~~[m[K
[4.156s] [01m[K/opt/ros/jazzy/include/rclcpp/rclcpp/publisher.hpp:393:3:[m[K [01;36m[Knote: [m[Kcandidate: ‘[01m[Kvoid rclcpp::Publisher<MessageT, AllocatorT>::[01;32m[Kpublish[m[K(const rclcpp::SerializedMessage&) [35m[K[with MessageT = std_msgs::msg::String_<std::allocator<void> >; AllocatorT = std::allocator<void>][m[K[m[K’
[4.156s]   393 |   [01;36m[Kpublish[m[K(const SerializedMessage & serialized_msg)
[4.156s]       |   [01;36m[K^~~~~~~[m[K
[4.156s] [01m[K/opt/ros/jazzy/include/rclcpp/rclcpp/publisher.hpp:393:37:[m[K [01;36m[Knote: [m[K  no known conversion for argument 1 from ‘[01m[Kconst char [5][m[K’ to ‘[01m[Kconst rclcpp::SerializedMessage&[m[K’
[4.156s]   393 |   publish([01;36m[Kconst SerializedMessage & serialized_msg[m[K)
[4.156s]       |           [01;36m[K~~~~~~~~~~~~~~~~~~~~~~~~~~^~~~~~~~~~~~~~[m[K
[4.156s] [01m[K/opt/ros/jazzy/include/rclcpp/rclcpp/publisher.hpp:407:3:[m[K [01;36m[Knote: [m[Kcandidate: ‘[01m[Kvoid rclcpp::Publisher<MessageT, AllocatorT>::[01;32m[Kpublish[m[K(rclcpp::LoanedMessage<typename rclcpp::TypeAdapter<MessageT>::ros_message_type, AllocatorT>&&) [35m[K[with MessageT = std_msgs::msg::String_<std::allocator<void> >; AllocatorT = std::allocator<void>; typename rclcpp::TypeAdapter<MessageT>::ros_message_type = std_msgs::msg::String_<std::allocator<void> >][m[K[m[K’
[4.156s]   407 |   [01;36m[Kpublish[m[K(rclcpp::LoanedMessage<ROSMessageType, AllocatorT> && loaned_msg)
[4.156s]       |   [01;36m[K^~~~~~~[m[K
[4.156s] [01m[K/opt/ros/jazzy/include/rclcpp/rclcpp/publisher.hpp:407:64:[m[K [01;36m[Knote: [m[K  no known conversion for argument 1 from ‘[01m[Kconst char [5][m[K’ to ‘[01m[Krclcpp::LoanedMessage<std_msgs::msg::String_<std::allocator<void> >, std::allocator<void> >&&[m[K’
[4.156s]   407 |   publish([01;36m[Krclcpp::LoanedMessage<ROSMessageType, AllocatorT> && loaned_msg[m[K)
[4.156s]       |           [01;36m[K~~~~~~~~~~~~~~~~~~~~~~~~~~~~~~~~~~~~~~~~~~~~~~~~~~~~~^~~~~~~~~~[m[K
[6.261s] gmake[2]: *** [CMakeFiles/control_robot.dir/build.make:76: CMakeFiles/control_robot.dir/src/control_robot.cpp.o] Error 1
[6.262s] gmake[1]: *** [CMakeFiles/Makefile2:139: CMakeFiles/control_robot.dir/all] Error 2
[6.262s] gmake: *** [Makefile:146: all] Error 2
[6.262s] Invoked command in '/home/john/Desktop/rp_ros2_rviz/build/rp_ros2_rviz' returned '2': CMAKE_PREFIX_PATH=${CMAKE_PREFIX_PATH}:/opt/ros/jazzy DEBUGINFOD_URLS=https://debuginfod.ubuntu.com /usr/bin/cmake --build /home/john/Desktop/rp_ros2_rviz/build/rp_ros2_rviz -- -j4 -l4
