[01m[K/home/john/Desktop/rp_ros2_rviz/src/controller_node.cpp:[m[K In constructor ‘[01m[KControllerNode::[01;32m[KControllerNode[m[K()[m[K’:
[01m[K/home/john/Desktop/rp_ros2_rviz/src/controller_node.cpp:18:9:[m[K [01;31m[Kerror: [m[K‘[01m[Kstop_sub_[m[K’ was not declared in this scope
   18 |         [01;31m[Kstop_sub_[m[K = this->create_subscription<std_msgs::msg::Bool>(
      |         [01;31m[K^~~~~~~~~[m[K
[01m[K/home/john/Desktop/rp_ros2_rviz/src/controller_node.cpp:18:62:[m[K [01;31m[Kerror: [m[K‘[01m[KBool[m[K’ is not a member of ‘[01m[Kstd_msgs::msg[m[K’
   18 |         stop_sub_ = this->create_subscription<std_msgs::msg::[01;31m[KBool[m[K>(
      |                                                              [01;31m[K^~~~[m[K
[01m[K/home/john/Desktop/rp_ros2_rviz/src/controller_node.cpp:20:41:[m[K [01;31m[Kerror: [m[K‘[01m[KBool[m[K’ in namespace ‘[01m[Kstd_msgs::msg[m[K’ does not name a type
   20 |             [this](const std_msgs::msg::[01;31m[KBool[m[K::SharedPtr msg) {
      |                                         [01;31m[K^~~~[m[K
[01m[K/home/john/Desktop/rp_ros2_rviz/src/controller_node.cpp:[m[K In lambda function:
[01m[K/home/john/Desktop/rp_ros2_rviz/src/controller_node.cpp:27:15:[m[K [01;31m[Kerror: [m[Kexpected ‘[01m[K{[m[K’ before ‘[01m[K;[m[K’ token
   27 |             })[01;31m[K;[m[K
      |               [01;31m[K^[m[K
[01m[K/home/john/Desktop/rp_ros2_rviz/src/controller_node.cpp:[m[K In constructor ‘[01m[KControllerNode::[01;32m[KControllerNode[m[K()[m[K’:
[01m[K/home/john/Desktop/rp_ros2_rviz/src/controller_node.cpp:27:15:[m[K [01;31m[Kerror: [m[Kexpected ‘[01m[K)[m[K’ before ‘[01m[K;[m[K’ token
[01m[K/home/john/Desktop/rp_ros2_rviz/src/controller_node.cpp:18:67:[m[K [01;36m[Knote: [m[Kto match this ‘[01m[K([m[K’
   18 |         stop_sub_ = this->create_subscription<std_msgs::msg::Bool>[01;36m[K([m[K
      |                                                                   [01;36m[K^[m[K
gmake[2]: *** [CMakeFiles/controller_node.dir/build.make:76: CMakeFiles/controller_node.dir/src/controller_node.cpp.o] Error 1
gmake[1]: *** [CMakeFiles/Makefile2:141: CMakeFiles/controller_node.dir/all] Error 2
gmake[1]: *** Waiting for unfinished jobs....
gmake: *** [Makefile:146: all] Error 2
