[0.015s] Invoking command in '/home/john/Desktop/rp_ros2_rviz/build/rp_ros2_rviz': CMAKE_PREFIX_PATH=${CMAKE_PREFIX_PATH}:/opt/ros/jazzy DEBUGINFOD_URLS=https://debuginfod.ubuntu.com /usr/bin/cmake --build /home/john/Desktop/rp_ros2_rviz/build/rp_ros2_rviz -- -j4 -l4
[0.038s] -- Found ament_cmake: 2.5.3 (/opt/ros/jazzy/share/ament_cmake/cmake)
[0.260s] -- Found rclcpp: 28.1.6 (/opt/ros/jazzy/share/rclcpp/cmake)
[0.295s] -- Found rosidl_generator_c: 4.6.5 (/opt/ros/jazzy/share/rosidl_generator_c/cmake)
[0.304s] -- Found rosidl_generator_cpp: 4.6.5 (/opt/ros/jazzy/share/rosidl_generator_cpp/cmake)
[0.315s] -- Using all available rosidl_typesupport_c: rosidl_typesupport_fastrtps_c;rosidl_typesupport_introspection_c
[0.328s] -- Using all available rosidl_typesupport_cpp: rosidl_typesupport_fastrtps_cpp;rosidl_typesupport_introspection_cpp
[0.387s] -- Found rmw_implementation_cmake: 7.3.1 (/opt/ros/jazzy/share/rmw_implementation_cmake/cmake)
[0.388s] -- Found rmw_fastrtps_cpp: 8.4.1 (/opt/ros/jazzy/share/rmw_fastrtps_cpp/cmake)
[0.451s] -- Using RMW implementation 'rmw_fastrtps_cpp' as default
[0.508s] -- Found std_msgs: 5.3.5 (/opt/ros/jazzy/share/std_msgs/cmake)
[0.522s] -- Found geometry_msgs: 5.3.5 (/opt/ros/jazzy/share/geometry_msgs/cmake)
[0.544s] -- Found ament_lint_auto: 0.17.1 (/opt/ros/jazzy/share/ament_lint_auto/cmake)
[0.683s] -- Added test 'cppcheck' to perform static code analysis on C / C++ code
[0.684s] -- Configured cppcheck include dirs: 
[0.684s] -- Configured cppcheck exclude dirs and/or files: 
[0.688s] -- Added test 'flake8' to check Python code syntax and style conventions
[0.688s] -- Configured 'flake8' exclude dirs and/or files: 
[0.695s] -- Added test 'lint_cmake' to check CMake code style
[0.699s] -- Added test 'pep257' to check Python code against some of the docstring style conventions in PEP 257
[0.738s] -- Added test 'uncrustify' to check C / C++ code style
[0.738s] -- Configured uncrustify additional arguments: 
[0.742s] -- Added test 'xmllint' to check XML markup files
[0.743s] -- Configuring done (0.7s)
[0.787s] -- Generating done (0.0s)
[0.797s] -- Build files have been written to: /home/john/Desktop/rp_ros2_rviz/build/rp_ros2_rviz
[0.840s] [ 16%] [32mBuilding CXX object CMakeFiles/grid_map_node.dir/src/grid_map.cpp.o[0m
[0.854s] [ 50%] Built target canvas_node
[0.865s] [ 66%] [32mBuilding CXX object CMakeFiles/listener_node.dir/src/listener.cpp.o[0m
[1.383s] [01m[K/home/john/Desktop/rp_ros2_rviz/src/grid_map.cpp:2:10:[m[K [01;31m[Kfatal error: [m[Kgrid_map.h: No such file or directory
[1.383s]     2 | #include [01;31m[K"grid_map.h"[m[K
[1.383s]       |          [01;31m[K^~~~~~~~~~~~[m[K
[1.383s] compilation terminated.
[1.387s] gmake[2]: *** [CMakeFiles/grid_map_node.dir/build.make:76: CMakeFiles/grid_map_node.dir/src/grid_map.cpp.o] Error 1
[1.388s] gmake[1]: *** [CMakeFiles/Makefile2:193: CMakeFiles/grid_map_node.dir/all] Error 2
[1.388s] gmake[1]: *** Waiting for unfinished jobs....
[4.234s] [ 83%] [32m[1mLinking CXX executable listener_node[0m
[4.378s] [ 83%] Built target listener_node
[4.381s] gmake: *** [Makefile:146: all] Error 2
[4.383s] Invoked command in '/home/john/Desktop/rp_ros2_rviz/build/rp_ros2_rviz' returned '2': CMAKE_PREFIX_PATH=${CMAKE_PREFIX_PATH}:/opt/ros/jazzy DEBUGINFOD_URLS=https://debuginfod.ubuntu.com /usr/bin/cmake --build /home/john/Desktop/rp_ros2_rviz/build/rp_ros2_rviz -- -j4 -l4
