[0.015s] Invoking command in '/home/john/Desktop/rp_ros2_rviz/build/rp_ros2_rviz': CMAKE_PREFIX_PATH=${CMAKE_PREFIX_PATH}:/opt/ros/jazzy DEBUGINFOD_URLS=https://debuginfod.ubuntu.com /usr/bin/cmake --build /home/john/Desktop/rp_ros2_rviz/build/rp_ros2_rviz -- -j4 -l4
[0.069s] [ 20%] Built target control_robot
[0.084s] [ 30%] [32mBuilding CXX object CMakeFiles/world_node.dir/src/world_node.cpp.o[0m
[2.764s] [01m[K/home/john/Desktop/rp_ros2_rviz/src/world_node.cpp:[m[K In constructor ‘[01m[KWorldNode::[01;32m[KWorldNode[m[K()[m[K’:
[2.766s] [01m[K/home/john/Desktop/rp_ros2_rviz/src/world_node.cpp:32:46:[m[K [01;31m[Kerror: [m[Kno matching function for call to ‘[01m[KLidar::Lidar(LaserScan&, std::shared_ptr<DifferentialDriveRobot>&)[m[K’
[2.766s]    32 |             Lidar* lid = new Lidar(scan, ddr_[01;31m[K)[m[K;
[2.766s]       |                                              [01;31m[K^[m[K
[2.766s] In file included from [01m[K/home/john/Desktop/rp_ros2_rviz/src/world_node.cpp:7[m[K:
[2.766s] [01m[K/home/john/Desktop/rp_ros2_rviz/include/rp_ros2_rviz/lidar.h:22:3:[m[K [01;36m[Knote: [m[Kcandidate: ‘[01m[KLidar::[01;32m[KLidar[m[K(LaserScan&, WorldItem*)[m[K’
[2.766s]    22 |   [01;36m[KLidar[m[K(LaserScan& my_scan, WorldItem* p=0);
[2.766s]       |   [01;36m[K^~~~~[m[K
[2.766s] [01m[K/home/john/Desktop/rp_ros2_rviz/include/rp_ros2_rviz/lidar.h:22:40:[m[K [01;36m[Knote: [m[K  no known conversion for argument 2 from ‘[01m[Kstd::shared_ptr<DifferentialDriveRobot>[m[K’ to ‘[01m[KWorldItem*[m[K’
[2.766s]    22 |   Lidar(LaserScan& my_scan, [01;36m[KWorldItem* p=0[m[K);
[2.766s]       |                             [01;36m[K~~~~~~~~~~~^~~[m[K
[2.766s] [01m[K/home/john/Desktop/rp_ros2_rviz/include/rp_ros2_rviz/lidar.h:17:8:[m[K [01;36m[Knote: [m[Kcandidate: ‘[01m[Kconstexpr Lidar::[01;32m[KLidar[m[K(const Lidar&)[m[K’
[2.766s]    17 | struct [01;36m[KLidar[m[K: public WorldItem {
[2.766s]       |        [01;36m[K^~~~~[m[K
[2.766s] [01m[K/home/john/Desktop/rp_ros2_rviz/include/rp_ros2_rviz/lidar.h:17:8:[m[K [01;36m[Knote: [m[K  candidate expects 1 argument, 2 provided
[2.766s] [01m[K/home/john/Desktop/rp_ros2_rviz/include/rp_ros2_rviz/lidar.h:17:8:[m[K [01;36m[Knote: [m[Kcandidate: ‘[01m[Kconstexpr Lidar::[01;32m[KLidar[m[K(Lidar&&)[m[K’
[2.766s] [01m[K/home/john/Desktop/rp_ros2_rviz/include/rp_ros2_rviz/lidar.h:17:8:[m[K [01;36m[Knote: [m[K  candidate expects 1 argument, 2 provided
[2.771s] [01m[K/home/john/Desktop/rp_ros2_rviz/src/world_node.cpp:32:20:[m[K [01;35m[Kwarning: [m[Kunused variable ‘[01m[Klid[m[K’ [[01;35m[K]8;;https://gcc.gnu.org/onlinedocs/gcc/Warning-Options.html#index-Wunused-variable-Wunused-variable]8;;[m[K]
[2.771s]    32 |             Lidar* [01;35m[Klid[m[K = new Lidar(scan, ddr_);
[2.771s]       |                    [01;35m[K^~~[m[K
[4.965s] gmake[2]: *** [CMakeFiles/world_node.dir/build.make:76: CMakeFiles/world_node.dir/src/world_node.cpp.o] Error 1
[4.965s] gmake[1]: *** [CMakeFiles/Makefile2:165: CMakeFiles/world_node.dir/all] Error 2
[4.966s] gmake: *** [Makefile:146: all] Error 2
[4.974s] Invoked command in '/home/john/Desktop/rp_ros2_rviz/build/rp_ros2_rviz' returned '2': CMAKE_PREFIX_PATH=${CMAKE_PREFIX_PATH}:/opt/ros/jazzy DEBUGINFOD_URLS=https://debuginfod.ubuntu.com /usr/bin/cmake --build /home/john/Desktop/rp_ros2_rviz/build/rp_ros2_rviz -- -j4 -l4
