[0.006s] Invoking command in '/home/john/Desktop/rp_ros2_rviz/build/rp_ros2_rviz': CMAKE_PREFIX_PATH=${CMAKE_PREFIX_PATH}:/opt/ros/foxy /usr/bin/cmake --build /home/john/Desktop/rp_ros2_rviz/build/rp_ros2_rviz -- -j4 -l4
[0.038s] [35m[1mScanning dependencies of target world_node[0m
[0.064s] [ 20%] Built target pathplanner_node
[0.072s] [ 40%] Built target controller_node
[0.073s] [ 60%] Built target particle_node_filter
[0.090s] [ 64%] [32mBuilding CXX object CMakeFiles/world_node.dir/src/world_node.cpp.o[0m
[0.090s] [ 84%] Built target mapserver
[1.739s] [01m[K/home/john/Desktop/rp_ros2_rviz/src/world_node.cpp:3:11:[m[K [01;31m[Kerror: [m[Kexpected unqualified-id before ‘[01m[K)[m[K’ token
[1.739s]     3 | WorldNode([01;31m[K)[m[K : Node("World_Node") {
[1.739s]       |           [01;31m[K^[m[K
[1.950s] [01m[K/home/john/Desktop/rp_ros2_rviz/src/world_node.cpp:[m[K In member function ‘[01m[Kvoid WorldNode::redisplay()[m[K’:
[1.950s] [01m[K/home/john/Desktop/rp_ros2_rviz/src/world_node.cpp:217:25:[m[K [01;35m[Kwarning: [m[Kunused variable ‘[01m[Kx[m[K’ [[01;35m[K-Wunused-variable[m[K]
[1.950s]   217 |                     int [01;35m[Kx[m[K = static_cast<int>(pose.position.x);
[1.950s]       |                         [01;35m[K^[m[K
[1.950s] [01m[K/home/john/Desktop/rp_ros2_rviz/src/world_node.cpp:218:25:[m[K [01;35m[Kwarning: [m[Kunused variable ‘[01m[Ky[m[K’ [[01;35m[K-Wunused-variable[m[K]
[1.950s]   218 |                     int [01;35m[Ky[m[K = static_cast<int>(pose.position.y);
[1.950s]       |                         [01;35m[K^[m[K
[1.958s] [01m[K/home/john/Desktop/rp_ros2_rviz/src/world_node.cpp:[m[K At global scope:
[1.958s] [01m[K/home/john/Desktop/rp_ros2_rviz/src/world_node.cpp:315:75:[m[K [01;31m[Kerror: [m[Kcannot declare member function ‘[01m[Kstatic void WorldNode::onMouse(int, int, int, int, void*)[m[K’ to have static linkage [[01;31m[K-fpermissive[m[K]
[1.958s]   315 |     static void WorldNode::onMouse(int event, int x, int y, int, void* arg[01;31m[K)[m[K {
[1.958s]       |                                                                           [01;31m[K^[m[K
[1.973s] [01m[K/home/john/Desktop/rp_ros2_rviz/src/world_node.cpp:[m[K In function ‘[01m[Kint main(int, char**)[m[K’:
[1.973s] [01m[K/home/john/Desktop/rp_ros2_rviz/src/world_node.cpp:418:48:[m[K [01;31m[Kerror: [m[K‘[01m[Kstatic void WorldNode::onMouse(int, int, int, int, void*)[m[K’ is private within this context
[1.973s]   418 |     cv::setMouseCallback("planner", WorldNode::[01;31m[KonMouse[m[K, node.get());
[1.973s]       |                                                [01;31m[K^~~~~~~[m[K
[1.973s] [01m[K/home/john/Desktop/rp_ros2_rviz/src/world_node.cpp:315:17:[m[K [01;36m[Knote: [m[Kdeclared private here
[1.973s]   315 |     static void [01;36m[KWorldNode[m[K::onMouse(int event, int x, int y, int, void* arg) {
[1.973s]       |                 [01;36m[K^~~~~~~~~[m[K
[1.973s] [01m[K/home/john/Desktop/rp_ros2_rviz/src/world_node.cpp:424:25:[m[K [01;31m[Kerror: [m[K‘[01m[Kvoid WorldNode::redisplay()[m[K’ is private within this context
[1.973s]   424 |         node->redisplay([01;31m[K)[m[K;
[1.973s]       |                         [01;31m[K^[m[K
[1.973s] [01m[K/home/john/Desktop/rp_ros2_rviz/src/world_node.cpp:196:10:[m[K [01;36m[Knote: [m[Kdeclared private here
[1.974s]   196 |     void [01;36m[KWorldNode[m[K::redisplay() {
[1.974s]       |          [01;36m[K^~~~~~~~~[m[K
[1.974s] [01m[K/home/john/Desktop/rp_ros2_rviz/src/world_node.cpp:427:37:[m[K [01;31m[Kerror: [m[K‘[01m[Kvoid WorldNode::handleKeyboard(int)[m[K’ is private within this context
[1.974s]   427 |             node->handleKeyboard(key[01;31m[K)[m[K;
[1.974s]       |                                     [01;31m[K^[m[K
[1.974s] [01m[K/home/john/Desktop/rp_ros2_rviz/src/world_node.cpp:345:6:[m[K [01;36m[Knote: [m[Kdeclared private here
[1.974s]   345 | void [01;36m[KWorldNode[m[K::handleKeyboard(int key) {
[1.974s]       |      [01;36m[K^~~~~~~~~[m[K
[2.493s] In file included from [01m[K/usr/include/aarch64-linux-gnu/c++/9/bits/c++allocator.h:33[m[K,
[2.493s]                  from [01m[K/usr/include/c++/9/bits/allocator.h:46[m[K,
[2.493s]                  from [01m[K/usr/include/c++/9/string:41[m[K,
[2.493s]                  from [01m[K/usr/include/c++/9/bits/locale_classes.h:40[m[K,
[2.493s]                  from [01m[K/usr/include/c++/9/bits/ios_base.h:41[m[K,
[2.493s]                  from [01m[K/usr/include/c++/9/ios:42[m[K,
[2.493s]                  from [01m[K/usr/include/c++/9/ostream:38[m[K,
[2.493s]                  from [01m[K/usr/include/c++/9/iostream:39[m[K,
[2.493s]                  from [01m[K/home/john/Desktop/rp_ros2_rviz/include/rp_ros2_rviz/world.h:1[m[K,
[2.493s]                  from [01m[K/home/john/Desktop/rp_ros2_rviz/src/world_node.cpp:1[m[K:
[2.493s] /usr/include/c++/9/ext/new_allocator.h: In instantiation of ‘[01m[Kvoid __gnu_cxx::new_allocator<_Tp>::construct(_Up*, _Args&& ...) [with _Up = WorldNode; _Args = {}; _Tp = WorldNode][m[K’:
[2.493s] [01m[K/usr/include/c++/9/bits/alloc_traits.h:483:4:[m[K   required from ‘[01m[Kstatic void std::allocator_traits<std::allocator<_CharT> >::construct(std::allocator_traits<std::allocator<_CharT> >::allocator_type&, _Up*, _Args&& ...) [with _Up = WorldNode; _Args = {}; _Tp = WorldNode; std::allocator_traits<std::allocator<_CharT> >::allocator_type = std::allocator<WorldNode>][m[K’
[2.493s] [01m[K/usr/include/c++/9/bits/shared_ptr_base.h:548:39:[m[K   required from ‘[01m[Kstd::_Sp_counted_ptr_inplace<_Tp, _Alloc, _Lp>::_Sp_counted_ptr_inplace(_Alloc, _Args&& ...) [with _Args = {}; _Tp = WorldNode; _Alloc = std::allocator<WorldNode>; __gnu_cxx::_Lock_policy _Lp = __gnu_cxx::_S_atomic][m[K’
[2.493s] [01m[K/usr/include/c++/9/bits/shared_ptr_base.h:679:16:[m[K   required from ‘[01m[Kstd::__shared_count<_Lp>::__shared_count(_Tp*&, std::_Sp_alloc_shared_tag<_Alloc>, _Args&& ...) [with _Tp = WorldNode; _Alloc = std::allocator<WorldNode>; _Args = {}; __gnu_cxx::_Lock_policy _Lp = __gnu_cxx::_S_atomic][m[K’
[2.493s] [01m[K/usr/include/c++/9/bits/shared_ptr_base.h:1344:71:[m[K   required from ‘[01m[Kstd::__shared_ptr<_Tp, _Lp>::__shared_ptr(std::_Sp_alloc_shared_tag<_Tp>, _Args&& ...) [with _Alloc = std::allocator<WorldNode>; _Args = {}; _Tp = WorldNode; __gnu_cxx::_Lock_policy _Lp = __gnu_cxx::_S_atomic][m[K’
[2.493s] [01m[K/usr/include/c++/9/bits/shared_ptr.h:359:59:[m[K   required from ‘[01m[Kstd::shared_ptr<_Tp>::shared_ptr(std::_Sp_alloc_shared_tag<_Tp>, _Args&& ...) [with _Alloc = std::allocator<WorldNode>; _Args = {}; _Tp = WorldNode][m[K’
[2.493s] [01m[K/usr/include/c++/9/bits/shared_ptr.h:701:14:[m[K   required from ‘[01m[Kstd::shared_ptr<_Tp> std::allocate_shared(const _Alloc&, _Args&& ...) [with _Tp = WorldNode; _Alloc = std::allocator<WorldNode>; _Args = {}][m[K’
[2.493s] [01m[K/usr/include/c++/9/bits/shared_ptr.h:717:39:[m[K   required from ‘[01m[Kstd::shared_ptr<_Tp> std::make_shared(_Args&& ...) [with _Tp = WorldNode; _Args = {}][m[K’
[2.493s] [01m[K/home/john/Desktop/rp_ros2_rviz/src/world_node.cpp:416:45:[m[K   required from here
[2.493s] [01m[K/usr/include/c++/9/ext/new_allocator.h:146:4:[m[K [01;31m[Kerror: [m[Kuse of deleted function ‘[01m[KWorldNode::WorldNode()[m[K’
[2.493s]   146 |  { [01;31m[K::new((void *)__p) _Up(std::forward<_Args>(__args)...)[m[K; }
[2.493s]       |    [01;31m[K^~~~~~~~~~~~~~~~~~~~~~~~~~~~~~~~~~~~~~~~~~~~~~~~~~~~~~[m[K
[2.494s] In file included from [01m[K/home/john/Desktop/rp_ros2_rviz/src/world_node.cpp:1[m[K:
[2.494s] [01m[K/home/john/Desktop/rp_ros2_rviz/include/rp_ros2_rviz/world.h:22:7:[m[K [01;36m[Knote: [m[K‘[01m[KWorldNode::WorldNode()[m[K’ is implicitly deleted because the default definition would be ill-formed:
[2.494s]    22 | class [01;36m[KWorldNode[m[K : public rclcpp::Node {
[2.494s]       |       [01;36m[K^~~~~~~~~[m[K
[2.494s] [01m[K/home/john/Desktop/rp_ros2_rviz/include/rp_ros2_rviz/world.h:22:7:[m[K [01;31m[Kerror: [m[Kno matching function for call to ‘[01m[Krclcpp::Node::Node()[m[K’
[2.494s] In file included from [01m[K/opt/ros/foxy/include/rclcpp/executors/single_threaded_executor.hpp:28[m[K,
[2.494s]                  from [01m[K/opt/ros/foxy/include/rclcpp/executors.hpp:22[m[K,
[2.494s]                  from [01m[K/opt/ros/foxy/include/rclcpp/rclcpp.hpp:146[m[K,
[2.494s]                  from [01m[K/home/john/Desktop/rp_ros2_rviz/include/rp_ros2_rviz/world.h:2[m[K,
[2.494s]                  from [01m[K/home/john/Desktop/rp_ros2_rviz/src/world_node.cpp:1[m[K:
[2.494s] [01m[K/opt/ros/foxy/include/rclcpp/node.hpp:1193:3:[m[K [01;36m[Knote: [m[Kcandidate: ‘[01m[Krclcpp::Node::Node(const rclcpp::Node&, const string&)[m[K’
[2.494s]  1193 |   [01;36m[KNode[m[K(
[2.494s]       |   [01;36m[K^~~~[m[K
[2.494s] [01m[K/opt/ros/foxy/include/rclcpp/node.hpp:1193:3:[m[K [01;36m[Knote: [m[K  candidate expects 2 arguments, 0 provided
[2.494s] [01m[K/opt/ros/foxy/include/rclcpp/node.hpp:98:12:[m[K [01;36m[Knote: [m[Kcandidate: ‘[01m[Krclcpp::Node::Node(const string&, const string&, const rclcpp::NodeOptions&)[m[K’
[2.494s]    98 |   explicit [01;36m[KNode[m[K(
[2.494s]       |            [01;36m[K^~~~[m[K
[2.494s] [01m[K/opt/ros/foxy/include/rclcpp/node.hpp:98:12:[m[K [01;36m[Knote: [m[K  candidate expects 3 arguments, 0 provided
[2.494s] [01m[K/opt/ros/foxy/include/rclcpp/node.hpp:86:12:[m[K [01;36m[Knote: [m[Kcandidate: ‘[01m[Krclcpp::Node::Node(const string&, const rclcpp::NodeOptions&)[m[K’
[2.494s]    86 |   explicit [01;36m[KNode[m[K(
[2.494s]       |            [01;36m[K^~~~[m[K
[2.494s] [01m[K/opt/ros/foxy/include/rclcpp/node.hpp:86:12:[m[K [01;36m[Knote: [m[K  candidate expects 2 arguments, 0 provided
[2.673s] make[2]: *** [CMakeFiles/world_node.dir/build.make:63: CMakeFiles/world_node.dir/src/world_node.cpp.o] Error 1
[2.674s] make[1]: *** [CMakeFiles/Makefile2:140: CMakeFiles/world_node.dir/all] Error 2
[2.674s] make: *** [Makefile:141: all] Error 2
[2.676s] Invoked command in '/home/john/Desktop/rp_ros2_rviz/build/rp_ros2_rviz' returned '2': CMAKE_PREFIX_PATH=${CMAKE_PREFIX_PATH}:/opt/ros/foxy /usr/bin/cmake --build /home/john/Desktop/rp_ros2_rviz/build/rp_ros2_rviz -- -j4 -l4
