[0.013s] Invoking command in '/home/john/Desktop/path_ros/rp_ros2_rviz/build/rp_ros2_rviz': CMAKE_PREFIX_PATH=${CMAKE_PREFIX_PATH}:/opt/ros/jazzy DEBUGINFOD_URLS=https://debuginfod.ubuntu.com /usr/bin/cmake --build /home/john/Desktop/path_ros/rp_ros2_rviz/build/rp_ros2_rviz -- -j4 -l4
[0.079s] [ 33%] Built target dmap_node
[0.080s] [ 66%] Built target pathplanner_node
[0.098s] [ 73%] [32mBuilding CXX object CMakeFiles/world_node.dir/src/world_node.cpp.o[0m
[3.906s] In file included from [01m[K/opt/ros/jazzy/include/rclcpp/rclcpp/logging.hpp:24[m[K,
[3.910s]                  from [01m[K/opt/ros/jazzy/include/rclcpp/rclcpp/copy_all_parameter_values.hpp:27[m[K,
[3.913s]                  from [01m[K/opt/ros/jazzy/include/rclcpp/rclcpp/rclcpp.hpp:171[m[K,
[3.913s]                  from [01m[K/home/john/Desktop/path_ros/rp_ros2_rviz/src/world_node.cpp:2[m[K:
[3.913s] [01m[K/home/john/Desktop/path_ros/rp_ros2_rviz/src/world_node.cpp:[m[K In member function ‘[01m[Kvoid WorldNode::[01;32m[Kbool_callback[m[K(std_msgs::msg::Bool_<std::allocator<void> >::SharedPtr)[m[K’:
[3.913s] [01m[K/home/john/Desktop/path_ros/rp_ros2_rviz/src/world_node.cpp:104:69:[m[K [01;31m[Kerror: [m[Krequest for member ‘[01m[Kc_str[m[K’ in ‘[01m[K((const std::__shared_ptr_access<std_msgs::msg::Bool_<std::allocator<void> >, __gnu_cxx::_S_atomic, false, false>*)(& msg))->std::__shared_ptr_access<std_msgs::msg::Bool_<std::allocator<void> >, __gnu_cxx::_S_atomic, false, false>::operator->()->std_msgs::msg::Bool_<std::allocator<void> >::data[m[K’, which is of non-class type ‘[01m[Kstd_msgs::msg::Bool_<std::allocator<void> >::_data_type[m[K’ {aka ‘[01m[Kbool[m[K’}
[3.913s]   104 |         RCLCPP_INFO(this->get_logger(), "Ricevuto: '%s'", msg->data.[01;31m[Kc_str[m[K());
[3.916s]       |                                                                     [01;31m[K^~~~~[m[K
[3.916s] [01m[K/home/john/Desktop/path_ros/rp_ros2_rviz/src/world_node.cpp:[m[K In static member function ‘[01m[Kstatic void WorldNode::[01;32m[KonMouse[m[K(int, int, int, int, void*)[m[K’:
[3.916s] [01m[K/home/john/Desktop/path_ros/rp_ros2_rviz/src/world_node.cpp:129:54:[m[K [01;35m[Kwarning: [m[Kunused parameter ‘[01m[Kval[m[K’ [[01;35m[K]8;;https://gcc.gnu.org/onlinedocs/gcc/Warning-Options.html#index-Wunused-parameter-Wunused-parameter]8;;[m[K]
[3.916s]   129 |     static void onMouse(int event, int x, int y, [01;35m[Kint val[m[K, void* arg) {
[3.916s]       |                                                  [01;35m[K~~~~^~~[m[K
[7.144s] gmake[2]: *** [CMakeFiles/world_node.dir/build.make:76: CMakeFiles/world_node.dir/src/world_node.cpp.o] Error 1
[7.144s] gmake[1]: *** [CMakeFiles/Makefile2:167: CMakeFiles/world_node.dir/all] Error 2
[7.144s] gmake: *** [Makefile:146: all] Error 2
[7.150s] Invoked command in '/home/john/Desktop/path_ros/rp_ros2_rviz/build/rp_ros2_rviz' returned '2': CMAKE_PREFIX_PATH=${CMAKE_PREFIX_PATH}:/opt/ros/jazzy DEBUGINFOD_URLS=https://debuginfod.ubuntu.com /usr/bin/cmake --build /home/john/Desktop/path_ros/rp_ros2_rviz/build/rp_ros2_rviz -- -j4 -l4
