In file included from [01m[K/home/john/Desktop/rp_ros2_rviz/src/particle_node_filter.cpp:1[m[K:
[01m[K/home/john/Desktop/rp_ros2_rviz/include/rp_ros2_rviz/particle_filter.h:57:17:[m[K [01;31m[Kerror: [m[K‘[01m[Kcv::Mat ParticleFilterNode::rasterizeScan(const std::vector<std::pair<double, double> >&, double)[m[K’ cannot be overloaded with ‘[01m[Kcv::Mat ParticleFilterNode::rasterizeScan(const std::vector<std::pair<double, double> >&, double)[m[K’
   57 |         cv::Mat [01;31m[KrasterizeScan[m[K(const std::vector<std::pair<double,double>>& scan, double theta);
      |                 [01;31m[K^~~~~~~~~~~~~[m[K
In file included from [01m[K/home/john/Desktop/rp_ros2_rviz/src/particle_node_filter.cpp:1[m[K:
[01m[K/home/john/Desktop/rp_ros2_rviz/include/rp_ros2_rviz/particle_filter.h:34:17:[m[K [01;36m[Knote: [m[Kprevious declaration ‘[01m[Kcv::Mat ParticleFilterNode::rasterizeScan(const std::vector<std::pair<double, double> >&, double)[m[K’
   34 |         cv::Mat [01;36m[KrasterizeScan[m[K(const std::vector<std::pair<double,double>>& scan, double theta);
      |                 [01;36m[K^~~~~~~~~~~~~[m[K
[01m[K/home/john/Desktop/rp_ros2_rviz/src/pathplanner_node.cpp:[m[K In member function ‘[01m[Kvoid PathPlanner::makePath(const std::shared_ptr<DMap>&, float, float, const Vector2f&)[m[K’:
[01m[K/home/john/Desktop/rp_ros2_rviz/src/pathplanner_node.cpp:92:57:[m[K [01;35m[Kwarning: [m[Kunused parameter ‘[01m[Kdmap[m[K’ [[01;35m[K-Wunused-parameter[m[K]
   92 | void PathPlanner::makePath([01;35m[Kconst std::shared_ptr<DMap>& dmap[m[K, float resolution, float expansion_range, const Eigen::Vector2f& goal_position){
      |                            [01;35m[K~~~~~~~~~~~~~~~~~~~~~~~~~~~~~^~~~[m[K
[01m[K/home/john/Desktop/rp_ros2_rviz/src/pathplanner_node.cpp:92:69:[m[K [01;35m[Kwarning: [m[Kunused parameter ‘[01m[Kresolution[m[K’ [[01;35m[K-Wunused-parameter[m[K]
   92 | void PathPlanner::makePath(const std::shared_ptr<DMap>& dmap, [01;35m[Kfloat resolution[m[K, float expansion_range, const Eigen::Vector2f& goal_position){
      |                                                               [01;35m[K~~~~~~^~~~~~~~~~[m[K
[01m[K/home/john/Desktop/rp_ros2_rviz/src/pathplanner_node.cpp:92:87:[m[K [01;35m[Kwarning: [m[Kunused parameter ‘[01m[Kexpansion_range[m[K’ [[01;35m[K-Wunused-parameter[m[K]
   92 | void PathPlanner::makePath(const std::shared_ptr<DMap>& dmap, float resolution, [01;35m[Kfloat expansion_range[m[K, const Eigen::Vector2f& goal_position){
      |                                                                                 [01;35m[K~~~~~~^~~~~~~~~~~~~~~[m[K
make[2]: *** [CMakeFiles/particle_node_filter.dir/build.make:63: CMakeFiles/particle_node_filter.dir/src/particle_node_filter.cpp.o] Error 1
make[1]: *** [CMakeFiles/Makefile2:194: CMakeFiles/particle_node_filter.dir/all] Error 2
make[1]: *** Waiting for unfinished jobs....
make: *** [Makefile:141: all] Error 2
