[0.010s] Invoking command in '/home/john/Desktop/rp_ros2_rviz/build/rp_ros2_rviz': CMAKE_PREFIX_PATH=${CMAKE_PREFIX_PATH}:/opt/ros/jazzy DEBUGINFOD_URLS=https://debuginfod.ubuntu.com /usr/bin/cmake --build /home/john/Desktop/rp_ros2_rviz/build/rp_ros2_rviz -- -j4 -l4
[0.092s] [ 80%] Built target world_node
[0.100s] [ 90%] [32mBuilding CXX object CMakeFiles/control_robot.dir/src/control_robot.cpp.o[0m
[8.551s] [100%] [32m[1mLinking CXX executable control_robot[0m
[9.423s] [100%] Built target control_robot
[9.438s] Invoked command in '/home/john/Desktop/rp_ros2_rviz/build/rp_ros2_rviz' returned '0': CMAKE_PREFIX_PATH=${CMAKE_PREFIX_PATH}:/opt/ros/jazzy DEBUGINFOD_URLS=https://debuginfod.ubuntu.com /usr/bin/cmake --build /home/john/Desktop/rp_ros2_rviz/build/rp_ros2_rviz -- -j4 -l4
[9.453s] Invoking command in '/home/john/Desktop/rp_ros2_rviz/build/rp_ros2_rviz': CMAKE_PREFIX_PATH=${CMAKE_PREFIX_PATH}:/opt/ros/jazzy DEBUGINFOD_URLS=https://debuginfod.ubuntu.com /usr/bin/cmake --install /home/john/Desktop/rp_ros2_rviz/build/rp_ros2_rviz
[9.474s] -- Install configuration: ""
[9.474s] -- Up-to-date: /home/john/Desktop/rp_ros2_rviz/install/rp_ros2_rviz/lib/rp_ros2_rviz/world_node
[9.479s] -- Installing: /home/john/Desktop/rp_ros2_rviz/install/rp_ros2_rviz/lib/rp_ros2_rviz/control_robot
[9.486s] -- Set non-toolchain portion of runtime path of "/home/john/Desktop/rp_ros2_rviz/install/rp_ros2_rviz/lib/rp_ros2_rviz/control_robot" to ""
[9.487s] -- Up-to-date: /home/john/Desktop/rp_ros2_rviz/install/rp_ros2_rviz/share/ament_index/resource_index/package_run_dependencies/rp_ros2_rviz
[9.487s] -- Up-to-date: /home/john/Desktop/rp_ros2_rviz/install/rp_ros2_rviz/share/ament_index/resource_index/parent_prefix_path/rp_ros2_rviz
[9.487s] -- Up-to-date: /home/john/Desktop/rp_ros2_rviz/install/rp_ros2_rviz/share/rp_ros2_rviz/environment/ament_prefix_path.sh
[9.487s] -- Up-to-date: /home/john/Desktop/rp_ros2_rviz/install/rp_ros2_rviz/share/rp_ros2_rviz/environment/ament_prefix_path.dsv
[9.487s] -- Up-to-date: /home/john/Desktop/rp_ros2_rviz/install/rp_ros2_rviz/share/rp_ros2_rviz/environment/path.sh
[9.487s] -- Up-to-date: /home/john/Desktop/rp_ros2_rviz/install/rp_ros2_rviz/share/rp_ros2_rviz/environment/path.dsv
[9.487s] -- Up-to-date: /home/john/Desktop/rp_ros2_rviz/install/rp_ros2_rviz/share/rp_ros2_rviz/local_setup.bash
[9.487s] -- Up-to-date: /home/john/Desktop/rp_ros2_rviz/install/rp_ros2_rviz/share/rp_ros2_rviz/local_setup.sh
[9.487s] -- Up-to-date: /home/john/Desktop/rp_ros2_rviz/install/rp_ros2_rviz/share/rp_ros2_rviz/local_setup.zsh
[9.488s] -- Up-to-date: /home/john/Desktop/rp_ros2_rviz/install/rp_ros2_rviz/share/rp_ros2_rviz/local_setup.dsv
[9.488s] -- Installing: /home/john/Desktop/rp_ros2_rviz/install/rp_ros2_rviz/share/rp_ros2_rviz/package.dsv
[9.491s] -- Up-to-date: /home/john/Desktop/rp_ros2_rviz/install/rp_ros2_rviz/share/ament_index/resource_index/packages/rp_ros2_rviz
[9.491s] -- Up-to-date: /home/john/Desktop/rp_ros2_rviz/install/rp_ros2_rviz/share/rp_ros2_rviz/cmake/rp_ros2_rvizConfig.cmake
[9.492s] -- Up-to-date: /home/john/Desktop/rp_ros2_rviz/install/rp_ros2_rviz/share/rp_ros2_rviz/cmake/rp_ros2_rvizConfig-version.cmake
[9.492s] -- Up-to-date: /home/john/Desktop/rp_ros2_rviz/install/rp_ros2_rviz/share/rp_ros2_rviz/package.xml
[9.494s] Invoked command in '/home/john/Desktop/rp_ros2_rviz/build/rp_ros2_rviz' returned '0': CMAKE_PREFIX_PATH=${CMAKE_PREFIX_PATH}:/opt/ros/jazzy DEBUGINFOD_URLS=https://debuginfod.ubuntu.com /usr/bin/cmake --install /home/john/Desktop/rp_ros2_rviz/build/rp_ros2_rviz
