[01m[K/home/john/Desktop/rp_ros2_rviz/src/world_node.cpp:[m[K In constructor ‘[01m[KWorldNode::[01;32m[KWorldNode[m[K()[m[K’:
[01m[K/home/john/Desktop/rp_ros2_rviz/src/world_node.cpp:69:17:[m[K [01;35m[Kwarning: [m[Kunused variable ‘[01m[Kkey[m[K’ [[01;35m[K]8;;https://gcc.gnu.org/onlinedocs/gcc/Warning-Options.html#index-Wunused-variable-Wunused-variable]8;;[m[K]
   69 |             int [01;35m[Kkey[m[K=0;
      |                 [01;35m[K^~~[m[K
[01m[K/home/john/Desktop/rp_ros2_rviz/src/world_node.cpp:[m[K In static member function ‘[01m[Kstatic void WorldNode::[01;32m[KonMouse[m[K(int, int, int, int, void*)[m[K’:
[01m[K/home/john/Desktop/rp_ros2_rviz/src/world_node.cpp:101:30:[m[K [01;31m[Kerror: [m[Kcannot convert ‘[01m[KGridMapping[m[K’ to ‘[01m[Kconst GridMap&[m[K’
  101 |           redisplay([01;31m[Kplanner->mapping[m[K);
      |                     [01;31m[K~~~~~~~~~^~~~~~~[m[K
      |                              [01;31m[K|[m[K
      |                              [01;31m[KGridMapping[m[K
[01m[K/home/john/Desktop/rp_ros2_rviz/src/world_node.cpp:185:31:[m[K [01;36m[Knote: [m[K  initializing argument 1 of ‘[01m[Kvoid WorldNode::[01;32m[Kredisplay[m[K(const GridMap&)[m[K’
  185 | void redisplay([01;36m[Kconst GridMap& mapping[m[K) {
      |                [01;36m[K~~~~~~~~~~~~~~~^~~~~~~[m[K
[01m[K/home/john/Desktop/rp_ros2_rviz/src/world_node.cpp:103:21:[m[K [01;31m[Kerror: [m[Kinvalid use of member ‘[01m[KWorldNode::path[m[K’ in static member function
  103 |           printPath([01;31m[Kpath[m[K);
      |                     [01;31m[K^~~~[m[K
[01m[K/home/john/Desktop/rp_ros2_rviz/src/world_node.cpp:143:21:[m[K [01;36m[Knote: [m[Kdeclared here
  143 | std::list<Vector2f> [01;36m[Kpath[m[K;
      |                     [01;36m[K^~~~[m[K
[01m[K/home/john/Desktop/rp_ros2_rviz/src/world_node.cpp:103:11:[m[K [01;31m[Kerror: [m[K‘[01m[KprintPath[m[K’ was not declared in this scope
  103 |           [01;31m[KprintPath[m[K(path);
      |           [01;31m[K^~~~~~~~~[m[K
[01m[K/home/john/Desktop/rp_ros2_rviz/src/world_node.cpp:104:32:[m[K [01;31m[Kerror: [m[Kinvalid use of member ‘[01m[KWorldNode::path[m[K’ in static member function
  104 |           planner->computePath([01;31m[Kpath[m[K,
      |                                [01;31m[K^~~~[m[K
[01m[K/home/john/Desktop/rp_ros2_rviz/src/world_node.cpp:143:21:[m[K [01;36m[Knote: [m[Kdeclared here
  143 | std::list<Vector2f> [01;36m[Kpath[m[K;
      |                     [01;36m[K^~~~[m[K
[01m[K/home/john/Desktop/rp_ros2_rviz/src/world_node.cpp:108:32:[m[K [01;31m[Kerror: [m[Kinvalid use of member ‘[01m[KWorldNode::use_gradient[m[K’ in static member function
  108 |                                [01;31m[Kuse_gradient[m[K);
      |                                [01;31m[K^~~~~~~~~~~~[m[K
[01m[K/home/john/Desktop/rp_ros2_rviz/src/world_node.cpp:138:6:[m[K [01;36m[Knote: [m[Kdeclared here
  138 | bool [01;36m[Kuse_gradient[m[K=false;
      |      [01;36m[K^~~~~~~~~~~~[m[K
[01m[K/home/john/Desktop/rp_ros2_rviz/src/world_node.cpp:110:21:[m[K [01;31m[Kerror: [m[Kinvalid use of member ‘[01m[KWorldNode::path[m[K’ in static member function
  110 |           printPath([01;31m[Kpath[m[K);
      |                     [01;31m[K^~~~[m[K
[01m[K/home/john/Desktop/rp_ros2_rviz/src/world_node.cpp:143:21:[m[K [01;36m[Knote: [m[Kdeclared here
  143 | std::list<Vector2f> [01;36m[Kpath[m[K;
      |                     [01;36m[K^~~~[m[K
[01m[K/home/john/Desktop/rp_ros2_rviz/src/world_node.cpp:119:40:[m[K [01;31m[Kerror: [m[Kinvalid use of member ‘[01m[KWorldNode::background_mode[m[K’ in static member function
  119 |         cerr << "background_mode= " << [01;31m[Kbackground_mode[m[K << endl;
      |                                        [01;31m[K^~~~~~~~~~~~~~~[m[K
[01m[K/home/john/Desktop/rp_ros2_rviz/src/world_node.cpp:139:5:[m[K [01;36m[Knote: [m[Kdeclared here
  139 | int [01;36m[Kbackground_mode[m[K=0; // 0: DMap, 1:Obstacles, 2: Policy
      |     [01;36m[K^~~~~~~~~~~~~~~[m[K
[01m[K/home/john/Desktop/rp_ros2_rviz/src/world_node.cpp:120:16:[m[K [01;31m[Kerror: [m[Kinvalid use of member ‘[01m[KWorldNode::background_mode[m[K’ in static member function
  120 |         switch([01;31m[Kbackground_mode[m[K) {
      |                [01;31m[K^~~~~~~~~~~~~~~[m[K
[01m[K/home/john/Desktop/rp_ros2_rviz/src/world_node.cpp:139:5:[m[K [01;36m[Knote: [m[Kdeclared here
  139 | int [01;36m[Kbackground_mode[m[K=0; // 0: DMap, 1:Obstacles, 2: Policy
      |     [01;36m[K^~~~~~~~~~~~~~~[m[K
[01m[K/home/john/Desktop/rp_ros2_rviz/src/world_node.cpp:91:54:[m[K [01;35m[Kwarning: [m[Kunused parameter ‘[01m[Kval[m[K’ [[01;35m[K]8;;https://gcc.gnu.org/onlinedocs/gcc/Warning-Options.html#index-Wunused-parameter-Wunused-parameter]8;;[m[K]
   91 |     static void onMouse(int event, int x, int y, [01;35m[Kint val[m[K, void* arg) {
      |                                                  [01;35m[K~~~~^~~[m[K
[01m[K/home/john/Desktop/rp_ros2_rviz/src/world_node.cpp:[m[K In member function ‘[01m[Kvoid WorldNode::[01;32m[Kredisplay[m[K(const GridMap&)[m[K’:
[01m[K/home/john/Desktop/rp_ros2_rviz/src/world_node.cpp:189:15:[m[K [01;31m[Kerror: [m[Kno matching function for call to ‘[01m[KdrawPoints(cv::Mat&, const GridMap&, const Eigen::Transform<float, 2, 1>, std::__cxx11::list<Eigen::Matrix<float, 2, 1> >&, int)[m[K’
  189 |     [01;31m[KdrawPoints(shown_image, mapping, Eigen::Isometry2f::Identity(), path, 255)[m[K;
      |     [01;31m[K~~~~~~~~~~^~~~~~~~~~~~~~~~~~~~~~~~~~~~~~~~~~~~~~~~~~~~~~~~~~~~~~~~~~~~~~~~[m[K
In file included from [01m[K/home/john/Desktop/rp_ros2_rviz/src/world_node.cpp:9[m[K:
[01m[K/home/john/Desktop/rp_ros2_rviz/include/rp_ros2_rviz/display_utils.h:6:6:[m[K [01;36m[Knote: [m[Kcandidate: ‘[01m[Ktemplate<class ContainerType> void[01;32m[K drawPoints[m[K(cv::Mat&, const GridMapping&, const Eigen::Isometry2f&, const ContainerType&, uint8_t)[m[K’
    6 | void [01;36m[KdrawPoints[m[K(cv::Mat& dest,
      |      [01;36m[K^~~~~~~~~~[m[K
[01m[K/home/john/Desktop/rp_ros2_rviz/include/rp_ros2_rviz/display_utils.h:6:6:[m[K [01;36m[Knote: [m[K  template argument deduction/substitution failed:
[01m[K/home/john/Desktop/rp_ros2_rviz/src/world_node.cpp:189:29:[m[K [01;36m[Knote: [m[K  cannot convert ‘[01m[Kmapping[m[K’ (type ‘[01m[Kconst GridMap[m[K’) to type ‘[01m[Kconst GridMapping&[m[K’
  189 |     drawPoints(shown_image, [01;36m[Kmapping[m[K, Eigen::Isometry2f::Identity(), path, 255);
      |                             [01;36m[K^~~~~~~[m[K
gmake[2]: *** [CMakeFiles/world_node.dir/build.make:76: CMakeFiles/world_node.dir/src/world_node.cpp.o] Error 1
gmake[1]: *** [CMakeFiles/Makefile2:165: CMakeFiles/world_node.dir/all] Error 2
gmake: *** [Makefile:146: all] Error 2
