[0.013s] Invoking command in '/home/john/Desktop/path_ros/rp_ros2_rviz/build/rp_ros2_rviz': CMAKE_PREFIX_PATH=${CMAKE_PREFIX_PATH}:/opt/ros/jazzy DEBUGINFOD_URLS=https://debuginfod.ubuntu.com /usr/bin/cmake --build /home/john/Desktop/path_ros/rp_ros2_rviz/build/rp_ros2_rviz -- -j4 -l4
[0.078s] [ 33%] Built target pathplanner_node
[0.080s] [ 66%] Built target dmap_node
[0.098s] [ 73%] [32mBuilding CXX object CMakeFiles/world_node.dir/src/world_node.cpp.o[0m
[3.941s] [01m[K/home/john/Desktop/path_ros/rp_ros2_rviz/src/world_node.cpp:[m[K In static member function ‘[01m[Kstatic void WorldNode::[01;32m[KonMouse[m[K(int, int, int, int, void*)[m[K’:
[3.941s] [01m[K/home/john/Desktop/path_ros/rp_ros2_rviz/src/world_node.cpp:164:54:[m[K [01;35m[Kwarning: [m[Kunused parameter ‘[01m[Kval[m[K’ [[01;35m[K]8;;https://gcc.gnu.org/onlinedocs/gcc/Warning-Options.html#index-Wunused-parameter-Wunused-parameter]8;;[m[K]
[3.941s]   164 |     static void onMouse(int event, int x, int y, [01;35m[Kint val[m[K, void* arg) {
[3.941s]       |                                                  [01;35m[K~~~~^~~[m[K
[3.946s] [01m[K/home/john/Desktop/path_ros/rp_ros2_rviz/src/world_node.cpp:[m[K In function ‘[01m[Kint[01;32m[K main[m[K(int, char**)[m[K’:
[3.946s] [01m[K/home/john/Desktop/path_ros/rp_ros2_rviz/src/world_node.cpp:219:24:[m[K [01;31m[Kerror: [m[Kno matching function for call to ‘[01m[KWorldNode::redisplay()[m[K’
[3.946s]   219 |         [01;31m[Knode->redisplay()[m[K;
[3.946s]       |         [01;31m[K~~~~~~~~~~~~~~~^~[m[K
[3.946s] [01m[K/home/john/Desktop/path_ros/rp_ros2_rviz/src/world_node.cpp:93:10:[m[K [01;36m[Knote: [m[Kcandidate: ‘[01m[Kvoid WorldNode::[01;32m[Kredisplay[m[K(const GridMapping&)[m[K’
[3.946s]    93 |     void [01;36m[Kredisplay[m[K(const GridMapping& mapping) {
[3.946s]       |          [01;36m[K^~~~~~~~~[m[K
[3.946s] [01m[K/home/john/Desktop/path_ros/rp_ros2_rviz/src/world_node.cpp:93:10:[m[K [01;36m[Knote: [m[K  candidate expects 1 argument, 0 provided
[6.950s] gmake[2]: *** [CMakeFiles/world_node.dir/build.make:76: CMakeFiles/world_node.dir/src/world_node.cpp.o] Error 1
[6.950s] gmake[1]: *** [CMakeFiles/Makefile2:167: CMakeFiles/world_node.dir/all] Error 2
[6.951s] gmake: *** [Makefile:146: all] Error 2
[6.953s] Invoked command in '/home/john/Desktop/path_ros/rp_ros2_rviz/build/rp_ros2_rviz' returned '2': CMAKE_PREFIX_PATH=${CMAKE_PREFIX_PATH}:/opt/ros/jazzy DEBUGINFOD_URLS=https://debuginfod.ubuntu.com /usr/bin/cmake --build /home/john/Desktop/path_ros/rp_ros2_rviz/build/rp_ros2_rviz -- -j4 -l4
