[0.013s] Invoking command in '/home/john/Desktop/rp_ros2_rviz/build/rp_ros2_rviz': CMAKE_PREFIX_PATH=${CMAKE_PREFIX_PATH}:/opt/ros/jazzy DEBUGINFOD_URLS=https://debuginfod.ubuntu.com /usr/bin/cmake --build /home/john/Desktop/rp_ros2_rviz/build/rp_ros2_rviz -- -j4 -l4
[0.100s] [ 20%] Built target control_robot
[0.117s] [ 30%] [32mBuilding CXX object CMakeFiles/world_node.dir/src/world_node.cpp.o[0m
[3.845s] [01m[K/home/john/Desktop/rp_ros2_rviz/src/world_node.cpp:[m[K In constructor ‘[01m[KWorldNode::[01;32m[KWorldNode[m[K()[m[K’:
[3.845s] [01m[K/home/john/Desktop/rp_ros2_rviz/src/world_node.cpp:53:17:[m[K [01;35m[Kwarning: [m[Kunused variable ‘[01m[Kkey[m[K’ [[01;35m[K]8;;https://gcc.gnu.org/onlinedocs/gcc/Warning-Options.html#index-Wunused-variable-Wunused-variable]8;;[m[K]
[3.845s]    53 |             int [01;35m[Kkey[m[K=0;
[3.845s]       |                 [01;35m[K^~~[m[K
[3.865s] [01m[K/home/john/Desktop/rp_ros2_rviz/src/world_node.cpp:[m[K In member function ‘[01m[Kvoid WorldNode::[01;32m[Kredisplay[m[K(const GridMapping&)[m[K’:
[3.865s] [01m[K/home/john/Desktop/rp_ros2_rviz/src/world_node.cpp:82:69:[m[K [01;31m[Kerror: [m[K‘[01m[Kpath[m[K’ was not declared in this scope; did you mean ‘[01m[Krcpputils::fs::path[m[K’?
[3.865s]    82 |     drawPoints(shown_image, mapping, Eigen::Isometry2f::Identity(), [01;31m[Kpath[m[K, 255);
[3.865s]       |                                                                     [01;31m[K^~~~[m[K
[3.865s]       |                                                                     [32m[Krcpputils::fs::path[m[K
[3.865s] In file included from [01m[K/opt/ros/jazzy/include/rclcpp/rclcpp/logger.hpp:26[m[K,
[3.865s]                  from [01m[K/opt/ros/jazzy/include/rclcpp/rclcpp/copy_all_parameter_values.hpp:26[m[K,
[3.865s]                  from [01m[K/opt/ros/jazzy/include/rclcpp/rclcpp/rclcpp.hpp:171[m[K,
[3.865s]                  from [01m[K/home/john/Desktop/rp_ros2_rviz/src/world_node.cpp:1[m[K:
[3.865s] [01m[K/opt/ros/jazzy/include/rcpputils/rcpputils/filesystem_helper.hpp:75:7:[m[K [01;36m[Knote: [m[K‘[01m[Krcpputils::fs::path[m[K’ declared here
[3.865s]    75 | class [01;36m[Kpath[m[K
[3.865s]       |       [01;36m[K^~~~[m[K
[3.883s] [01m[K/home/john/Desktop/rp_ros2_rviz/src/world_node.cpp:82:5:[m[K [01;31m[Kerror: [m[K‘[01m[KdrawPoints[m[K’ was not declared in this scope
[3.883s]    82 |     [01;31m[KdrawPoints[m[K(shown_image, mapping, Eigen::Isometry2f::Identity(), path, 255);
[3.883s]       |     [01;31m[K^~~~~~~~~~[m[K
[3.899s] [01m[K/home/john/Desktop/rp_ros2_rviz/src/world_node.cpp:[m[K In static member function ‘[01m[Kstatic void WorldNode::[01;32m[KonMouse[m[K(int, int, int, int, void*)[m[K’:
[3.899s] [01m[K/home/john/Desktop/rp_ros2_rviz/src/world_node.cpp:163:18:[m[K [01;31m[Kerror: [m[Kcannot call member function ‘[01m[Kvoid WorldNode::[01;32m[Kredisplay[m[K(const GridMapping&)[m[K’ without object
[3.900s]   163 |         [01;31m[Kredisplay(planner->mapping)[m[K;
[3.900s]       |         [01;31m[K~~~~~~~~~^~~~~~~~~~~~~~~~~~[m[K
[3.904s] [01m[K/home/john/Desktop/rp_ros2_rviz/src/world_node.cpp:165:19:[m[K [01;31m[Kerror: [m[K‘[01m[Kpath[m[K’ was not declared in this scope; did you mean ‘[01m[Krcpputils::fs::path[m[K’?
[3.904s]   165 |         printPath([01;31m[Kpath[m[K);
[3.904s]       |                   [01;31m[K^~~~[m[K
[3.905s]       |                   [32m[Krcpputils::fs::path[m[K
[3.905s] [01m[K/opt/ros/jazzy/include/rcpputils/rcpputils/filesystem_helper.hpp:75:7:[m[K [01;36m[Knote: [m[K‘[01m[Krcpputils::fs::path[m[K’ declared here
[3.905s]    75 | class [01;36m[Kpath[m[K
[3.905s]       |       [01;36m[K^~~~[m[K
[3.929s] [01m[K/home/john/Desktop/rp_ros2_rviz/src/world_node.cpp:165:9:[m[K [01;31m[Kerror: [m[K‘[01m[KprintPath[m[K’ was not declared in this scope
[3.929s]   165 |         [01;31m[KprintPath[m[K(path);
[3.929s]       |         [01;31m[K^~~~~~~~~[m[K
[3.944s] [01m[K/home/john/Desktop/rp_ros2_rviz/src/world_node.cpp:170:29:[m[K [01;31m[Kerror: [m[K‘[01m[Kuse_gradient[m[K’ was not declared in this scope
[3.944s]   170 |                             [01;31m[Kuse_gradient[m[K);
[3.944s]       |                             [01;31m[K^~~~~~~~~~~~[m[K
[3.944s] [01m[K/home/john/Desktop/rp_ros2_rviz/src/world_node.cpp:171:18:[m[K [01;31m[Kerror: [m[Kcannot call member function ‘[01m[Kvoid WorldNode::[01;32m[Kredisplay[m[K(const GridMapping&)[m[K’ without object
[3.944s]   171 |         [01;31m[Kredisplay(planner->mapping)[m[K;
[3.945s]       |         [01;31m[K~~~~~~~~~^~~~~~~~~~~~~~~~~~[m[K
[3.965s] [01m[K/home/john/Desktop/rp_ros2_rviz/src/world_node.cpp:181:36:[m[K [01;31m[Kerror: [m[K‘[01m[Kbackground_mode[m[K’ was not declared in this scope; did you mean ‘[01m[Kbackground_image[m[K’?
[3.965s]   181 |     cerr << "background_mode= " << [01;31m[Kbackground_mode[m[K << endl;
[3.965s]       |                                    [01;31m[K^~~~~~~~~~~~~~~[m[K
[3.965s]       |                                    [32m[Kbackground_image[m[K
[3.975s] [01m[K/home/john/Desktop/rp_ros2_rviz/src/world_node.cpp:154:54:[m[K [01;35m[Kwarning: [m[Kunused parameter ‘[01m[Kval[m[K’ [[01;35m[K]8;;https://gcc.gnu.org/onlinedocs/gcc/Warning-Options.html#index-Wunused-parameter-Wunused-parameter]8;;[m[K]
[3.978s]   154 |     static void onMouse(int event, int x, int y, [01;35m[Kint val[m[K, void* arg) {
[3.978s]       |                                                  [01;35m[K~~~~^~~[m[K
[6.078s] gmake[2]: *** [CMakeFiles/world_node.dir/build.make:76: CMakeFiles/world_node.dir/src/world_node.cpp.o] Error 1
[6.078s] gmake[1]: *** [CMakeFiles/Makefile2:165: CMakeFiles/world_node.dir/all] Error 2
[6.078s] gmake: *** [Makefile:146: all] Error 2
[6.085s] Invoked command in '/home/john/Desktop/rp_ros2_rviz/build/rp_ros2_rviz' returned '2': CMAKE_PREFIX_PATH=${CMAKE_PREFIX_PATH}:/opt/ros/jazzy DEBUGINFOD_URLS=https://debuginfod.ubuntu.com /usr/bin/cmake --build /home/john/Desktop/rp_ros2_rviz/build/rp_ros2_rviz -- -j4 -l4
