[0.019s] Invoking command in '/home/john/Desktop/path_ros/rp_ros2_rviz/build/rp_ros2_rviz': CMAKE_PREFIX_PATH=${CMAKE_PREFIX_PATH}:/opt/ros/jazzy DEBUGINFOD_URLS=https://debuginfod.ubuntu.com /usr/bin/cmake --build /home/john/Desktop/path_ros/rp_ros2_rviz/build/rp_ros2_rviz -- -j4 -l4
[0.127s] [ 20%] [32mBuilding CXX object CMakeFiles/dmap_node.dir/src/dmap_node.cpp.o[0m
[3.602s] [01m[K/home/john/Desktop/path_ros/rp_ros2_rviz/src/dmap_node.cpp:[m[K In static member function ‘[01m[Kstatic void DmapNode::[01;32m[KonMouse[m[K(int, int, int, int, void*)[m[K’:
[3.602s] [01m[K/home/john/Desktop/path_ros/rp_ros2_rviz/src/dmap_node.cpp:98:58:[m[K [01;35m[Kwarning: [m[Kunused parameter ‘[01m[Kval[m[K’ [[01;35m[K]8;;https://gcc.gnu.org/onlinedocs/gcc/Warning-Options.html#index-Wunused-parameter-Wunused-parameter]8;;[m[K]
[3.602s]    98 |         static void onMouse(int event, int x, int y, [01;35m[Kint val[m[K, void* arg) {
[3.602s]       |                                                      [01;35m[K~~~~^~~[m[K
[5.589s] [ 40%] [32m[1mLinking CXX executable dmap_node[0m
[6.707s] [100%] Built target dmap_node
[6.719s] Invoked command in '/home/john/Desktop/path_ros/rp_ros2_rviz/build/rp_ros2_rviz' returned '0': CMAKE_PREFIX_PATH=${CMAKE_PREFIX_PATH}:/opt/ros/jazzy DEBUGINFOD_URLS=https://debuginfod.ubuntu.com /usr/bin/cmake --build /home/john/Desktop/path_ros/rp_ros2_rviz/build/rp_ros2_rviz -- -j4 -l4
[6.730s] Invoking command in '/home/john/Desktop/path_ros/rp_ros2_rviz/build/rp_ros2_rviz': CMAKE_PREFIX_PATH=${CMAKE_PREFIX_PATH}:/opt/ros/jazzy DEBUGINFOD_URLS=https://debuginfod.ubuntu.com /usr/bin/cmake --install /home/john/Desktop/path_ros/rp_ros2_rviz/build/rp_ros2_rviz
[6.742s] -- Install configuration: ""
[6.744s] -- Execute custom install script
[6.746s] -- Up-to-date symlink: /home/john/Desktop/path_ros/rp_ros2_rviz/install/rp_ros2_rviz/lib/rp_ros2_rviz/dmap_node
[6.746s] -- Up-to-date symlink: /home/john/Desktop/path_ros/rp_ros2_rviz/install/rp_ros2_rviz/share/ament_index/resource_index/package_run_dependencies/rp_ros2_rviz
[6.747s] -- Up-to-date symlink: /home/john/Desktop/path_ros/rp_ros2_rviz/install/rp_ros2_rviz/share/ament_index/resource_index/parent_prefix_path/rp_ros2_rviz
[6.747s] -- Up-to-date symlink: /home/john/Desktop/path_ros/rp_ros2_rviz/install/rp_ros2_rviz/share/rp_ros2_rviz/environment/ament_prefix_path.sh
[6.749s] -- Up-to-date symlink: /home/john/Desktop/path_ros/rp_ros2_rviz/install/rp_ros2_rviz/share/rp_ros2_rviz/environment/ament_prefix_path.dsv
[6.749s] -- Up-to-date symlink: /home/john/Desktop/path_ros/rp_ros2_rviz/install/rp_ros2_rviz/share/rp_ros2_rviz/environment/path.sh
[6.749s] -- Up-to-date symlink: /home/john/Desktop/path_ros/rp_ros2_rviz/install/rp_ros2_rviz/share/rp_ros2_rviz/environment/path.dsv
[6.750s] -- Up-to-date symlink: /home/john/Desktop/path_ros/rp_ros2_rviz/install/rp_ros2_rviz/share/rp_ros2_rviz/local_setup.bash
[6.752s] -- Up-to-date symlink: /home/john/Desktop/path_ros/rp_ros2_rviz/install/rp_ros2_rviz/share/rp_ros2_rviz/local_setup.sh
[6.752s] -- Up-to-date symlink: /home/john/Desktop/path_ros/rp_ros2_rviz/install/rp_ros2_rviz/share/rp_ros2_rviz/local_setup.zsh
[6.752s] -- Up-to-date symlink: /home/john/Desktop/path_ros/rp_ros2_rviz/install/rp_ros2_rviz/share/rp_ros2_rviz/local_setup.dsv
[6.752s] -- Symlinking: /home/john/Desktop/path_ros/rp_ros2_rviz/install/rp_ros2_rviz/share/rp_ros2_rviz/package.dsv
[6.764s] -- Up-to-date symlink: /home/john/Desktop/path_ros/rp_ros2_rviz/install/rp_ros2_rviz/share/ament_index/resource_index/packages/rp_ros2_rviz
[6.765s] -- Up-to-date symlink: /home/john/Desktop/path_ros/rp_ros2_rviz/install/rp_ros2_rviz/share/rp_ros2_rviz/cmake/rp_ros2_rvizConfig.cmake
[6.766s] -- Up-to-date symlink: /home/john/Desktop/path_ros/rp_ros2_rviz/install/rp_ros2_rviz/share/rp_ros2_rviz/cmake/rp_ros2_rvizConfig-version.cmake
[6.766s] -- Up-to-date symlink: /home/john/Desktop/path_ros/rp_ros2_rviz/install/rp_ros2_rviz/share/rp_ros2_rviz/package.xml
[6.770s] Invoked command in '/home/john/Desktop/path_ros/rp_ros2_rviz/build/rp_ros2_rviz' returned '0': CMAKE_PREFIX_PATH=${CMAKE_PREFIX_PATH}:/opt/ros/jazzy DEBUGINFOD_URLS=https://debuginfod.ubuntu.com /usr/bin/cmake --install /home/john/Desktop/path_ros/rp_ros2_rviz/build/rp_ros2_rviz
