[0.012s] Invoking command in '/home/john/Desktop/path_ros/rp_ros2_rviz/build/rp_ros2_rviz': CMAKE_PREFIX_PATH=${CMAKE_PREFIX_PATH}:/opt/ros/jazzy DEBUGINFOD_URLS=https://debuginfod.ubuntu.com /usr/bin/cmake --build /home/john/Desktop/path_ros/rp_ros2_rviz/build/rp_ros2_rviz -- -j4 -l4
[0.091s] [ 50%] Built target dmap_node
[0.107s] [ 60%] [32mBuilding CXX object CMakeFiles/world_node.dir/src/world_node.cpp.o[0m
[3.661s] [01m[K/home/john/Desktop/path_ros/rp_ros2_rviz/src/world_node.cpp:[m[K In constructor ‘[01m[KWorldNode::[01;32m[KWorldNode[m[K()[m[K’:
[3.661s] [01m[K/home/john/Desktop/path_ros/rp_ros2_rviz/src/world_node.cpp:44:41:[m[K [01;31m[Kerror: [m[Kinvalid use of non-static member function ‘[01m[Kvoid WorldNode::[01;32m[KonMouse[m[K(int, int, int, int, void*)[m[K’
[3.661s]    44 |         cv::setMouseCallback("planner", [01;31m[KonMouse[m[K, this);
[3.661s]       |                                         [01;31m[K^~~~~~~[m[K
[3.661s] [01m[K/home/john/Desktop/path_ros/rp_ros2_rviz/src/world_node.cpp:99:10:[m[K [01;36m[Knote: [m[Kdeclared here
[3.661s]    99 |     void [01;36m[KonMouse[m[K(int event, int x, int y, int val, void* arg) {
[3.661s]       |          [01;36m[K^~~~~~~[m[K
[3.685s] In file included from [01m[K/opt/ros/jazzy/include/rclcpp/rclcpp/copy_all_parameter_values.hpp:27[m[K,
[3.685s]                  from [01m[K/opt/ros/jazzy/include/rclcpp/rclcpp/rclcpp.hpp:171[m[K,
[3.685s]                  from [01m[K/home/john/Desktop/path_ros/rp_ros2_rviz/src/world_node.cpp:2[m[K:
[3.686s] [01m[K/home/john/Desktop/path_ros/rp_ros2_rviz/src/world_node.cpp:[m[K In member function ‘[01m[Kvoid WorldNode::[01;32m[KonMouse[m[K(int, int, int, int, void*)[m[K’:
[3.686s] [01m[K/home/john/Desktop/path_ros/rp_ros2_rviz/src/world_node.cpp:107:25:[m[K [01;31m[Kerror: [m[K‘[01m[Knode[m[K’ was not declared in this scope; did you mean ‘[01m[KNode[m[K’?
[3.686s]   107 |             RCLCPP_INFO([01;31m[Knode[m[K->get_logger(), "Publishing Point: (%f, %f, %f)", point_message.x, point_message.y, point_message.z);
[3.686s]       |                         [01;31m[K^~~~[m[K
[3.686s] [01m[K/home/john/Desktop/path_ros/rp_ros2_rviz/src/world_node.cpp:107:13:[m[K [01;31m[Kerror: [m[Ktemplate argument 1 is invalid
[3.686s]   107 |             [01;31m[KRCLCPP_INFO[m[K(node->get_logger(), "Publishing Point: (%f, %f, %f)", point_message.x, point_message.y, point_message.z);
[3.686s]       |             [01;31m[K^~~~~~~~~~~[m[K
[3.686s] [01m[K/home/john/Desktop/path_ros/rp_ros2_rviz/src/world_node.cpp:107:13:[m[K [01;31m[Kerror: [m[Ktemplate argument 1 is invalid
[3.686s]   107 |             [01;31m[KRCLCPP_INFO[m[K(node->get_logger(), "Publishing Point: (%f, %f, %f)", point_message.x, point_message.y, point_message.z);
[3.686s]       |             [01;31m[K^~~~~~~~~~~[m[K
[3.686s] [01m[K/home/john/Desktop/path_ros/rp_ros2_rviz/src/world_node.cpp:107:13:[m[K [01;31m[Kerror: [m[Ktemplate argument 1 is invalid
[3.686s]   107 |             [01;31m[KRCLCPP_INFO[m[K(node->get_logger(), "Publishing Point: (%f, %f, %f)", point_message.x, point_message.y, point_message.z);
[3.686s]       |             [01;31m[K^~~~~~~~~~~[m[K
[3.687s] [01m[K/home/john/Desktop/path_ros/rp_ros2_rviz/src/world_node.cpp:99:47:[m[K [01;35m[Kwarning: [m[Kunused parameter ‘[01m[Kval[m[K’ [[01;35m[K]8;;https://gcc.gnu.org/onlinedocs/gcc/Warning-Options.html#index-Wunused-parameter-Wunused-parameter]8;;[m[K]
[3.688s]    99 |     void onMouse(int event, int x, int y, [01;35m[Kint val[m[K, void* arg) {
[3.688s]       |                                           [01;35m[K~~~~^~~[m[K
[3.688s] [01m[K/home/john/Desktop/path_ros/rp_ros2_rviz/src/world_node.cpp:99:58:[m[K [01;35m[Kwarning: [m[Kunused parameter ‘[01m[Karg[m[K’ [[01;35m[K]8;;https://gcc.gnu.org/onlinedocs/gcc/Warning-Options.html#index-Wunused-parameter-Wunused-parameter]8;;[m[K]
[3.688s]    99 |     void onMouse(int event, int x, int y, int val, [01;35m[Kvoid* arg[m[K) {
[3.688s]       |                                                    [01;35m[K~~~~~~^~~[m[K
[5.263s] gmake[2]: *** [CMakeFiles/world_node.dir/build.make:76: CMakeFiles/world_node.dir/src/world_node.cpp.o] Error 1
[5.263s] gmake[1]: *** [CMakeFiles/Makefile2:165: CMakeFiles/world_node.dir/all] Error 2
[5.263s] gmake: *** [Makefile:146: all] Error 2
[5.270s] Invoked command in '/home/john/Desktop/path_ros/rp_ros2_rviz/build/rp_ros2_rviz' returned '2': CMAKE_PREFIX_PATH=${CMAKE_PREFIX_PATH}:/opt/ros/jazzy DEBUGINFOD_URLS=https://debuginfod.ubuntu.com /usr/bin/cmake --build /home/john/Desktop/path_ros/rp_ros2_rviz/build/rp_ros2_rviz -- -j4 -l4
