[0.011s] Invoking command in '/home/john/Desktop/rp_ros2_rviz/build/rp_ros2_rviz': CMAKE_PREFIX_PATH=${CMAKE_PREFIX_PATH}:/opt/ros/jazzy DEBUGINFOD_URLS=https://debuginfod.ubuntu.com /usr/bin/cmake --build /home/john/Desktop/rp_ros2_rviz/build/rp_ros2_rviz -- -j4 -l4
[0.058s] -- Found ament_cmake: 2.5.3 (/opt/ros/jazzy/share/ament_cmake/cmake)
[0.317s] -- Found rclcpp: 28.1.6 (/opt/ros/jazzy/share/rclcpp/cmake)
[0.394s] -- Found rosidl_generator_c: 4.6.5 (/opt/ros/jazzy/share/rosidl_generator_c/cmake)
[0.431s] -- Found rosidl_generator_cpp: 4.6.5 (/opt/ros/jazzy/share/rosidl_generator_cpp/cmake)
[0.452s] -- Using all available rosidl_typesupport_c: rosidl_typesupport_fastrtps_c;rosidl_typesupport_introspection_c
[0.475s] -- Using all available rosidl_typesupport_cpp: rosidl_typesupport_fastrtps_cpp;rosidl_typesupport_introspection_cpp
[0.595s] -- Found rmw_implementation_cmake: 7.3.1 (/opt/ros/jazzy/share/rmw_implementation_cmake/cmake)
[0.599s] -- Found rmw_fastrtps_cpp: 8.4.1 (/opt/ros/jazzy/share/rmw_fastrtps_cpp/cmake)
[0.683s] -- Using RMW implementation 'rmw_fastrtps_cpp' as default
[0.780s] -- Found std_msgs: 5.3.5 (/opt/ros/jazzy/share/std_msgs/cmake)
[0.799s] -- Found geometry_msgs: 5.3.5 (/opt/ros/jazzy/share/geometry_msgs/cmake)
[0.835s] -- Found ament_lint_auto: 0.17.1 (/opt/ros/jazzy/share/ament_lint_auto/cmake)
[1.003s] -- Added test 'cppcheck' to perform static code analysis on C / C++ code
[1.003s] -- Configured cppcheck include dirs: /home/john/Desktop/rp_ros2_rviz/include;/home/john/Desktop/rp_ros2_rviz/msg
[1.003s] -- Configured cppcheck exclude dirs and/or files: 
[1.017s] -- Added test 'flake8' to check Python code syntax and style conventions
[1.018s] -- Configured 'flake8' exclude dirs and/or files: 
[1.037s] -- Added test 'lint_cmake' to check CMake code style
[1.045s] -- Added test 'pep257' to check Python code against some of the docstring style conventions in PEP 257
[1.104s] -- Added test 'uncrustify' to check C / C++ code style
[1.104s] -- Configured uncrustify additional arguments: 
[1.113s] -- Added test 'xmllint' to check XML markup files
[1.117s] -- Configuring done (1.1s)
[1.149s] -- Generating done (0.0s)
[1.156s] -- Build files have been written to: /home/john/Desktop/rp_ros2_rviz/build/rp_ros2_rviz
[1.188s] [ 10%] [32mBuilding CXX object CMakeFiles/control_robot.dir/src/control_robot.cpp.o[0m
[1.212s] [ 20%] [32m[1mLinking CXX executable world_node[0m
[1.375s] [01m[K/home/john/Desktop/rp_ros2_rviz/src/control_robot.cpp:2:10:[m[K [01;31m[Kfatal error: [m[Kstd_msgs/msg/string.hpp: No such file or directory
[1.375s]     2 | #include [01;31m[K<std_msgs/msg/string.hpp>[m[K
[1.375s]       |          [01;31m[K^~~~~~~~~~~~~~~~~~~~~~~~~[m[K
[1.375s] compilation terminated.
[1.379s] gmake[2]: *** [CMakeFiles/control_robot.dir/build.make:76: CMakeFiles/control_robot.dir/src/control_robot.cpp.o] Error 1
[1.380s] gmake[1]: *** [CMakeFiles/Makefile2:139: CMakeFiles/control_robot.dir/all] Error 2
[1.380s] gmake[1]: *** Waiting for unfinished jobs....
[1.865s] [ 90%] Built target world_node
[1.866s] gmake: *** [Makefile:146: all] Error 2
[1.872s] Invoked command in '/home/john/Desktop/rp_ros2_rviz/build/rp_ros2_rviz' returned '2': CMAKE_PREFIX_PATH=${CMAKE_PREFIX_PATH}:/opt/ros/jazzy DEBUGINFOD_URLS=https://debuginfod.ubuntu.com /usr/bin/cmake --build /home/john/Desktop/rp_ros2_rviz/build/rp_ros2_rviz -- -j4 -l4
