[0.006s] Invoking command in '/home/john/Desktop/rp_ros2_rviz/build/rp_ros2_rviz': CMAKE_PREFIX_PATH=${CMAKE_PREFIX_PATH}:/opt/ros/foxy /usr/bin/cmake --build /home/john/Desktop/rp_ros2_rviz/build/rp_ros2_rviz -- -j4 -l4
[0.046s] [35m[1mScanning dependencies of target pathplanner_node[0m
[0.080s] [ 20%] Built target particle_node_filter
[0.083s] [ 40%] Built target world_node
[0.087s] [ 60%] Built target controller_node
[0.106s] [ 64%] [32mBuilding CXX object CMakeFiles/pathplanner_node.dir/src/pathplanner_node.cpp.o[0m
[0.115s] [ 84%] Built target mapserver
[1.649s] In file included from [01m[K/home/john/Desktop/rp_ros2_rviz/src/pathplanner_node.cpp:1[m[K:
[1.650s] [01m[K/home/john/Desktop/rp_ros2_rviz/include/rp_ros2_rviz/pathplanner.h:21:88:[m[K [01;31m[Kerror: [m[KISO C++ forbids declaration of ‘[01m[KPathPlannerNode[m[K’ with no type [[01;31m[K-fpermissive[m[K]
[1.650s]    21 |     explicit PathPlannerNode(const rclcpp::NodeOptions& options = rclcpp::NodeOptions()[01;31m[K)[m[K;
[1.650s]       |                                                                                        [01;31m[K^[m[K
[1.650s] [01m[K/home/john/Desktop/rp_ros2_rviz/include/rp_ros2_rviz/pathplanner.h:21:5:[m[K [01;31m[Kerror: [m[Konly declarations of constructors and conversion operators can be ‘[01m[Kexplicit[m[K’
[1.650s]    21 |     [01;31m[Kexplicit[m[K PathPlannerNode(const rclcpp::NodeOptions& options = rclcpp::NodeOptions());
[1.650s]       |     [01;31m[K^~~~~~~~[m[K
[1.686s] [01m[K/home/john/Desktop/rp_ros2_rviz/src/pathplanner_node.cpp:3:64:[m[K [01;31m[Kerror: [m[KISO C++ forbids declaration of ‘[01m[KPathPlannerNode[m[K’ with no type [[01;31m[K-fpermissive[m[K]
[1.686s]     3 | PathPlanner::PathPlannerNode(const rclcpp::NodeOptions& options[01;31m[K)[m[K
[1.686s]       |                                                                [01;31m[K^[m[K
[1.686s] [01m[K/home/john/Desktop/rp_ros2_rviz/src/pathplanner_node.cpp:[m[K In member function ‘[01m[Kint PathPlanner::PathPlannerNode(const rclcpp::NodeOptions&)[m[K’:
[1.686s] [01m[K/home/john/Desktop/rp_ros2_rviz/src/pathplanner_node.cpp:4:3:[m[K [01;31m[Kerror: [m[Konly constructors take member initializers
[1.686s]     4 | : [01;31m[KNode[m[K("pathplanner_node", options){
[1.686s]       |   [01;31m[K^~~~[m[K
[1.700s] [01m[K/home/john/Desktop/rp_ros2_rviz/src/pathplanner_node.cpp:29:5:[m[K [01;35m[Kwarning: [m[Kno return statement in function returning non-void [[01;35m[K-Wreturn-type[m[K]
[1.700s]    29 |     [01;35m[K}[m[K
[1.700s]       |     [01;35m[K^[m[K
[1.875s] [01m[K/home/john/Desktop/rp_ros2_rviz/src/pathplanner_node.cpp:[m[K In member function ‘[01m[Kvoid PathPlanner::makePath(const std::shared_ptr<DMap>&, float, float, const Vector2f&)[m[K’:
[1.875s] [01m[K/home/john/Desktop/rp_ros2_rviz/src/pathplanner_node.cpp:92:61:[m[K [01;35m[Kwarning: [m[Kunused parameter ‘[01m[Kdmap[m[K’ [[01;35m[K-Wunused-parameter[m[K]
[1.875s]    92 |     void PathPlanner::makePath([01;35m[Kconst std::shared_ptr<DMap>& dmap[m[K, float resolution, float expansion_range, const Eigen::Vector2f& goal_position){
[1.875s]       |                                [01;35m[K~~~~~~~~~~~~~~~~~~~~~~~~~~~~~^~~~[m[K
[1.875s] [01m[K/home/john/Desktop/rp_ros2_rviz/src/pathplanner_node.cpp:92:73:[m[K [01;35m[Kwarning: [m[Kunused parameter ‘[01m[Kresolution[m[K’ [[01;35m[K-Wunused-parameter[m[K]
[1.875s]    92 |     void PathPlanner::makePath(const std::shared_ptr<DMap>& dmap, [01;35m[Kfloat resolution[m[K, float expansion_range, const Eigen::Vector2f& goal_position){
[1.875s]       |                                                                   [01;35m[K~~~~~~^~~~~~~~~~[m[K
[1.875s] [01m[K/home/john/Desktop/rp_ros2_rviz/src/pathplanner_node.cpp:92:91:[m[K [01;35m[Kwarning: [m[Kunused parameter ‘[01m[Kexpansion_range[m[K’ [[01;35m[K-Wunused-parameter[m[K]
[1.875s]    92 |     void PathPlanner::makePath(const std::shared_ptr<DMap>& dmap, float resolution, [01;35m[Kfloat expansion_range[m[K, const Eigen::Vector2f& goal_position){
[1.875s]       |                                                                                     [01;35m[K~~~~~~^~~~~~~~~~~~~~~[m[K
[2.444s] In file included from [01m[K/usr/include/aarch64-linux-gnu/c++/9/bits/c++allocator.h:33[m[K,
[2.444s]                  from [01m[K/usr/include/c++/9/bits/allocator.h:46[m[K,
[2.444s]                  from [01m[K/usr/include/c++/9/string:41[m[K,
[2.444s]                  from [01m[K/usr/include/c++/9/bits/locale_classes.h:40[m[K,
[2.444s]                  from [01m[K/usr/include/c++/9/bits/ios_base.h:41[m[K,
[2.444s]                  from [01m[K/usr/include/c++/9/ios:42[m[K,
[2.444s]                  from [01m[K/usr/include/c++/9/ostream:38[m[K,
[2.444s]                  from [01m[K/usr/include/c++/9/iostream:39[m[K,
[2.444s]                  from [01m[K/home/john/Desktop/rp_ros2_rviz/include/rp_ros2_rviz/pathplanner.h:1[m[K,
[2.444s]                  from [01m[K/home/john/Desktop/rp_ros2_rviz/src/pathplanner_node.cpp:1[m[K:
[2.444s] /usr/include/c++/9/ext/new_allocator.h: In instantiation of ‘[01m[Kvoid __gnu_cxx::new_allocator<_Tp>::construct(_Up*, _Args&& ...) [with _Up = PathPlanner; _Args = {}; _Tp = PathPlanner][m[K’:
[2.445s] [01m[K/usr/include/c++/9/bits/alloc_traits.h:483:4:[m[K   required from ‘[01m[Kstatic void std::allocator_traits<std::allocator<_CharT> >::construct(std::allocator_traits<std::allocator<_CharT> >::allocator_type&, _Up*, _Args&& ...) [with _Up = PathPlanner; _Args = {}; _Tp = PathPlanner; std::allocator_traits<std::allocator<_CharT> >::allocator_type = std::allocator<PathPlanner>][m[K’
[2.445s] [01m[K/usr/include/c++/9/bits/shared_ptr_base.h:548:39:[m[K   required from ‘[01m[Kstd::_Sp_counted_ptr_inplace<_Tp, _Alloc, _Lp>::_Sp_counted_ptr_inplace(_Alloc, _Args&& ...) [with _Args = {}; _Tp = PathPlanner; _Alloc = std::allocator<PathPlanner>; __gnu_cxx::_Lock_policy _Lp = __gnu_cxx::_S_atomic][m[K’
[2.445s] [01m[K/usr/include/c++/9/bits/shared_ptr_base.h:679:16:[m[K   required from ‘[01m[Kstd::__shared_count<_Lp>::__shared_count(_Tp*&, std::_Sp_alloc_shared_tag<_Alloc>, _Args&& ...) [with _Tp = PathPlanner; _Alloc = std::allocator<PathPlanner>; _Args = {}; __gnu_cxx::_Lock_policy _Lp = __gnu_cxx::_S_atomic][m[K’
[2.445s] [01m[K/usr/include/c++/9/bits/shared_ptr_base.h:1344:71:[m[K   required from ‘[01m[Kstd::__shared_ptr<_Tp, _Lp>::__shared_ptr(std::_Sp_alloc_shared_tag<_Tp>, _Args&& ...) [with _Alloc = std::allocator<PathPlanner>; _Args = {}; _Tp = PathPlanner; __gnu_cxx::_Lock_policy _Lp = __gnu_cxx::_S_atomic][m[K’
[2.445s] [01m[K/usr/include/c++/9/bits/shared_ptr.h:359:59:[m[K   required from ‘[01m[Kstd::shared_ptr<_Tp>::shared_ptr(std::_Sp_alloc_shared_tag<_Tp>, _Args&& ...) [with _Alloc = std::allocator<PathPlanner>; _Args = {}; _Tp = PathPlanner][m[K’
[2.445s] [01m[K/usr/include/c++/9/bits/shared_ptr.h:701:14:[m[K   required from ‘[01m[Kstd::shared_ptr<_Tp> std::allocate_shared(const _Alloc&, _Args&& ...) [with _Tp = PathPlanner; _Alloc = std::allocator<PathPlanner>; _Args = {}][m[K’
[2.445s] [01m[K/usr/include/c++/9/bits/shared_ptr.h:717:39:[m[K   required from ‘[01m[Kstd::shared_ptr<_Tp> std::make_shared(_Args&& ...) [with _Tp = PathPlanner; _Args = {}][m[K’
[2.445s] [01m[K/home/john/Desktop/rp_ros2_rviz/src/pathplanner_node.cpp:211:60:[m[K   required from here
[2.445s] [01m[K/usr/include/c++/9/ext/new_allocator.h:146:4:[m[K [01;31m[Kerror: [m[Kuse of deleted function ‘[01m[KPathPlanner::PathPlanner()[m[K’
[2.445s]   146 |  { [01;31m[K::new((void *)__p) _Up(std::forward<_Args>(__args)...)[m[K; }
[2.445s]       |    [01;31m[K^~~~~~~~~~~~~~~~~~~~~~~~~~~~~~~~~~~~~~~~~~~~~~~~~~~~~~[m[K
[2.445s] In file included from [01m[K/home/john/Desktop/rp_ros2_rviz/src/pathplanner_node.cpp:1[m[K:
[2.445s] [01m[K/home/john/Desktop/rp_ros2_rviz/include/rp_ros2_rviz/pathplanner.h:17:7:[m[K [01;36m[Knote: [m[K‘[01m[KPathPlanner::PathPlanner()[m[K’ is implicitly deleted because the default definition would be ill-formed:
[2.445s]    17 | class [01;36m[KPathPlanner[m[K : public rclcpp::Node
[2.445s]       |       [01;36m[K^~~~~~~~~~~[m[K
[2.445s] [01m[K/home/john/Desktop/rp_ros2_rviz/include/rp_ros2_rviz/pathplanner.h:17:7:[m[K [01;31m[Kerror: [m[Kno matching function for call to ‘[01m[Krclcpp::Node::Node()[m[K’
[2.445s] In file included from [01m[K/opt/ros/foxy/include/rclcpp/executors/single_threaded_executor.hpp:28[m[K,
[2.445s]                  from [01m[K/opt/ros/foxy/include/rclcpp/executors.hpp:22[m[K,
[2.445s]                  from [01m[K/opt/ros/foxy/include/rclcpp/rclcpp.hpp:146[m[K,
[2.445s]                  from [01m[K/home/john/Desktop/rp_ros2_rviz/include/rp_ros2_rviz/pathplanner.h:2[m[K,
[2.445s]                  from [01m[K/home/john/Desktop/rp_ros2_rviz/src/pathplanner_node.cpp:1[m[K:
[2.445s] [01m[K/opt/ros/foxy/include/rclcpp/node.hpp:1193:3:[m[K [01;36m[Knote: [m[Kcandidate: ‘[01m[Krclcpp::Node::Node(const rclcpp::Node&, const string&)[m[K’
[2.445s]  1193 |   [01;36m[KNode[m[K(
[2.445s]       |   [01;36m[K^~~~[m[K
[2.445s] [01m[K/opt/ros/foxy/include/rclcpp/node.hpp:1193:3:[m[K [01;36m[Knote: [m[K  candidate expects 2 arguments, 0 provided
[2.445s] [01m[K/opt/ros/foxy/include/rclcpp/node.hpp:98:12:[m[K [01;36m[Knote: [m[Kcandidate: ‘[01m[Krclcpp::Node::Node(const string&, const string&, const rclcpp::NodeOptions&)[m[K’
[2.445s]    98 |   explicit [01;36m[KNode[m[K(
[2.445s]       |            [01;36m[K^~~~[m[K
[2.445s] [01m[K/opt/ros/foxy/include/rclcpp/node.hpp:98:12:[m[K [01;36m[Knote: [m[K  candidate expects 3 arguments, 0 provided
[2.445s] [01m[K/opt/ros/foxy/include/rclcpp/node.hpp:86:12:[m[K [01;36m[Knote: [m[Kcandidate: ‘[01m[Krclcpp::Node::Node(const string&, const rclcpp::NodeOptions&)[m[K’
[2.445s]    86 |   explicit [01;36m[KNode[m[K(
[2.445s]       |            [01;36m[K^~~~[m[K
[2.445s] [01m[K/opt/ros/foxy/include/rclcpp/node.hpp:86:12:[m[K [01;36m[Knote: [m[K  candidate expects 2 arguments, 0 provided
[3.177s] make[2]: *** [CMakeFiles/pathplanner_node.dir/build.make:63: CMakeFiles/pathplanner_node.dir/src/pathplanner_node.cpp.o] Error 1
[3.177s] make[1]: *** [CMakeFiles/Makefile2:167: CMakeFiles/pathplanner_node.dir/all] Error 2
[3.177s] make: *** [Makefile:141: all] Error 2
[3.180s] Invoked command in '/home/john/Desktop/rp_ros2_rviz/build/rp_ros2_rviz' returned '2': CMAKE_PREFIX_PATH=${CMAKE_PREFIX_PATH}:/opt/ros/foxy /usr/bin/cmake --build /home/john/Desktop/rp_ros2_rviz/build/rp_ros2_rviz -- -j4 -l4
