[0.190s] DEBUG:colcon:Command line arguments: ['/usr/bin/colcon', 'build']
[0.190s] DEBUG:colcon:Parsed command line arguments: Namespace(log_base=None, log_level=None, verb_name='build', build_base='build', install_base='install', merge_install=False, symlink_install=False, test_result_base=None, continue_on_error=False, executor='parallel', parallel_workers=4, event_handlers=None, ignore_user_meta=False, metas=['./colcon.meta'], base_paths=['.'], packages_ignore=None, packages_ignore_regex=None, paths=None, packages_up_to=None, packages_up_to_regex=None, packages_above=None, packages_above_and_dependencies=None, packages_above_depth=None, packages_select_by_dep=None, packages_skip_by_dep=None, packages_skip_up_to=None, packages_select_build_failed=False, packages_skip_build_finished=False, packages_select_test_failures=False, packages_skip_test_passed=False, packages_select=None, packages_skip=None, packages_select_regex=None, packages_skip_regex=None, packages_start=None, packages_end=None, allow_overriding=[], cmake_args=None, cmake_target=None, cmake_target_skip_unavailable=False, cmake_clean_cache=False, cmake_clean_first=False, cmake_force_configure=False, ament_cmake_args=None, catkin_cmake_args=None, catkin_skip_building_tests=False, mixin_files=None, mixin=None, verb_parser=<colcon_mixin.mixin.mixin_argument.MixinArgumentDecorator object at 0xfcead96e0680>, verb_extension=<colcon_core.verb.build.BuildVerb object at 0xfcead98c0500>, main=<bound method BuildVerb.main of <colcon_core.verb.build.BuildVerb object at 0xfcead98c0500>>, mixin_verb=('build',))
[0.221s] Level 1:colcon.colcon_core.package_discovery:discover_packages(colcon_meta) check parameters
[0.221s] Level 1:colcon.colcon_core.package_discovery:discover_packages(recursive) check parameters
[0.221s] Level 1:colcon.colcon_core.package_discovery:discover_packages(ignore) check parameters
[0.221s] Level 1:colcon.colcon_core.package_discovery:discover_packages(path) check parameters
[0.221s] Level 1:colcon.colcon_core.package_discovery:discover_packages(colcon_meta) discover
[0.221s] Level 1:colcon.colcon_core.package_discovery:discover_packages(recursive) discover
[0.221s] INFO:colcon.colcon_core.package_discovery:Crawling recursively for packages in '/home/john/Desktop/rp_ros2_rviz'
[0.221s] Level 1:colcon.colcon_core.package_identification:_identify(.) by extensions ['ignore', 'ignore_ament_install']
[0.221s] Level 1:colcon.colcon_core.package_identification:_identify(.) by extension 'ignore'
[0.221s] Level 1:colcon.colcon_core.package_identification:_identify(.) by extension 'ignore_ament_install'
[0.221s] Level 1:colcon.colcon_core.package_identification:_identify(.) by extensions ['colcon_pkg']
[0.221s] Level 1:colcon.colcon_core.package_identification:_identify(.) by extension 'colcon_pkg'
[0.221s] Level 1:colcon.colcon_core.package_identification:_identify(.) by extensions ['colcon_meta']
[0.221s] Level 1:colcon.colcon_core.package_identification:_identify(.) by extension 'colcon_meta'
[0.221s] Level 1:colcon.colcon_core.package_identification:_identify(.) by extensions ['ros']
[0.221s] Level 1:colcon.colcon_core.package_identification:_identify(.) by extension 'ros'
[0.243s] DEBUG:colcon.colcon_core.package_identification:Package '.' with type 'ros.ament_cmake' and name 'rp_ros2_rviz'
[0.243s] Level 1:colcon.colcon_core.package_discovery:discover_packages(recursive) using defaults
[0.243s] Level 1:colcon.colcon_core.package_discovery:discover_packages(ignore) discover
[0.243s] Level 1:colcon.colcon_core.package_discovery:discover_packages(ignore) using defaults
[0.243s] Level 1:colcon.colcon_core.package_discovery:discover_packages(path) discover
[0.244s] Level 1:colcon.colcon_core.package_discovery:discover_packages(path) using defaults
[0.260s] Level 1:colcon.colcon_core.package_discovery:discover_packages(prefix_path) check parameters
[0.260s] Level 1:colcon.colcon_core.package_discovery:discover_packages(prefix_path) discover
[0.262s] DEBUG:colcon.colcon_installed_package_information.package_discovery:Found 1 installed packages in /home/john/Desktop/rp_ros2_rviz/install
[0.262s] DEBUG:colcon.colcon_installed_package_information.package_discovery:Found 1 installed packages in /home/john/Desktop/path_ros/rp_ros2_rviz/install
[0.264s] DEBUG:colcon.colcon_installed_package_information.package_discovery:Found 285 installed packages in /opt/ros/jazzy
[0.264s] Level 1:colcon.colcon_core.package_discovery:discover_packages(prefix_path) using defaults
[0.289s] Level 5:colcon.colcon_core.verb:set package 'rp_ros2_rviz' build argument 'cmake_args' from command line to 'None'
[0.289s] Level 5:colcon.colcon_core.verb:set package 'rp_ros2_rviz' build argument 'cmake_target' from command line to 'None'
[0.289s] Level 5:colcon.colcon_core.verb:set package 'rp_ros2_rviz' build argument 'cmake_target_skip_unavailable' from command line to 'False'
[0.289s] Level 5:colcon.colcon_core.verb:set package 'rp_ros2_rviz' build argument 'cmake_clean_cache' from command line to 'False'
[0.289s] Level 5:colcon.colcon_core.verb:set package 'rp_ros2_rviz' build argument 'cmake_clean_first' from command line to 'False'
[0.289s] Level 5:colcon.colcon_core.verb:set package 'rp_ros2_rviz' build argument 'cmake_force_configure' from command line to 'False'
[0.289s] Level 5:colcon.colcon_core.verb:set package 'rp_ros2_rviz' build argument 'ament_cmake_args' from command line to 'None'
[0.289s] Level 5:colcon.colcon_core.verb:set package 'rp_ros2_rviz' build argument 'catkin_cmake_args' from command line to 'None'
[0.289s] Level 5:colcon.colcon_core.verb:set package 'rp_ros2_rviz' build argument 'catkin_skip_building_tests' from command line to 'False'
[0.289s] DEBUG:colcon.colcon_core.verb:Building package 'rp_ros2_rviz' with the following arguments: {'ament_cmake_args': None, 'build_base': '/home/john/Desktop/rp_ros2_rviz/build/rp_ros2_rviz', 'catkin_cmake_args': None, 'catkin_skip_building_tests': False, 'cmake_args': None, 'cmake_clean_cache': False, 'cmake_clean_first': False, 'cmake_force_configure': False, 'cmake_target': None, 'cmake_target_skip_unavailable': False, 'install_base': '/home/john/Desktop/rp_ros2_rviz/install/rp_ros2_rviz', 'merge_install': False, 'path': '/home/john/Desktop/rp_ros2_rviz', 'symlink_install': False, 'test_result_base': None}
[0.289s] INFO:colcon.colcon_core.executor:Executing jobs using 'parallel' executor
[0.290s] DEBUG:colcon.colcon_parallel_executor.executor.parallel:run_until_complete
[0.290s] INFO:colcon.colcon_ros.task.ament_cmake.build:Building ROS package in '/home/john/Desktop/rp_ros2_rviz' with build type 'ament_cmake'
[0.290s] INFO:colcon.colcon_cmake.task.cmake.build:Building CMake package in '/home/john/Desktop/rp_ros2_rviz'
[0.295s] INFO:colcon.colcon_core.plugin_system:Skipping extension 'colcon_core.shell.bat': Not used on non-Windows systems
[0.295s] INFO:colcon.colcon_core.shell:Skip shell extension 'powershell' for command environment: Not usable outside of PowerShell
[0.295s] DEBUG:colcon.colcon_core.shell:Skip shell extension 'dsv' for command environment
[0.316s] DEBUG:colcon.colcon_core.event_handler.log_command:Invoking command in '/home/john/Desktop/rp_ros2_rviz/build/rp_ros2_rviz': CMAKE_PREFIX_PATH=${CMAKE_PREFIX_PATH}:/home/john/Desktop/path_ros/rp_ros2_rviz/install/rp_ros2_rviz:/opt/ros/jazzy DEBUGINFOD_URLS=https://debuginfod.ubuntu.com /usr/bin/cmake --build /home/john/Desktop/rp_ros2_rviz/build/rp_ros2_rviz -- -j4 -l4
[19.545s] DEBUG:colcon.colcon_core.event_handler.log_command:Invoked command in '/home/john/Desktop/rp_ros2_rviz/build/rp_ros2_rviz' returned '0': CMAKE_PREFIX_PATH=${CMAKE_PREFIX_PATH}:/home/john/Desktop/path_ros/rp_ros2_rviz/install/rp_ros2_rviz:/opt/ros/jazzy DEBUGINFOD_URLS=https://debuginfod.ubuntu.com /usr/bin/cmake --build /home/john/Desktop/rp_ros2_rviz/build/rp_ros2_rviz -- -j4 -l4
[19.602s] DEBUG:colcon.colcon_core.event_handler.log_command:Invoking command in '/home/john/Desktop/rp_ros2_rviz/build/rp_ros2_rviz': CMAKE_PREFIX_PATH=${CMAKE_PREFIX_PATH}:/home/john/Desktop/path_ros/rp_ros2_rviz/install/rp_ros2_rviz:/opt/ros/jazzy DEBUGINFOD_URLS=https://debuginfod.ubuntu.com /usr/bin/cmake --install /home/john/Desktop/rp_ros2_rviz/build/rp_ros2_rviz
[19.729s] Level 1:colcon.colcon_core.environment:create_environment_scripts_only(rp_ros2_rviz)
[19.736s] DEBUG:colcon.colcon_core.event_handler.log_command:Invoked command in '/home/john/Desktop/rp_ros2_rviz/build/rp_ros2_rviz' returned '0': CMAKE_PREFIX_PATH=${CMAKE_PREFIX_PATH}:/home/john/Desktop/path_ros/rp_ros2_rviz/install/rp_ros2_rviz:/opt/ros/jazzy DEBUGINFOD_URLS=https://debuginfod.ubuntu.com /usr/bin/cmake --install /home/john/Desktop/rp_ros2_rviz/build/rp_ros2_rviz
[19.796s] Level 1:colcon.colcon_core.environment:checking '/home/john/Desktop/rp_ros2_rviz/install/rp_ros2_rviz' for CMake module files
[19.798s] Level 1:colcon.colcon_core.environment:checking '/home/john/Desktop/rp_ros2_rviz/install/rp_ros2_rviz' for CMake config files
[19.800s] Level 1:colcon.colcon_core.shell:create_environment_hook('rp_ros2_rviz', 'cmake_prefix_path')
[19.800s] INFO:colcon.colcon_core.shell:Creating environment hook '/home/john/Desktop/rp_ros2_rviz/install/rp_ros2_rviz/share/rp_ros2_rviz/hook/cmake_prefix_path.ps1'
[19.813s] INFO:colcon.colcon_core.shell:Creating environment descriptor '/home/john/Desktop/rp_ros2_rviz/install/rp_ros2_rviz/share/rp_ros2_rviz/hook/cmake_prefix_path.dsv'
[19.819s] INFO:colcon.colcon_core.shell:Creating environment hook '/home/john/Desktop/rp_ros2_rviz/install/rp_ros2_rviz/share/rp_ros2_rviz/hook/cmake_prefix_path.sh'
[19.822s] Level 1:colcon.colcon_core.environment:checking '/home/john/Desktop/rp_ros2_rviz/install/rp_ros2_rviz/lib'
[19.823s] Level 1:colcon.colcon_core.environment:checking '/home/john/Desktop/rp_ros2_rviz/install/rp_ros2_rviz/bin'
[19.823s] Level 1:colcon.colcon_core.environment:checking '/home/john/Desktop/rp_ros2_rviz/install/rp_ros2_rviz/lib/pkgconfig/rp_ros2_rviz.pc'
[19.823s] Level 1:colcon.colcon_core.environment:checking '/home/john/Desktop/rp_ros2_rviz/install/rp_ros2_rviz/lib/python3.12/site-packages'
[19.826s] Level 1:colcon.colcon_core.environment:checking '/home/john/Desktop/rp_ros2_rviz/install/rp_ros2_rviz/bin'
[19.827s] INFO:colcon.colcon_core.shell:Creating package script '/home/john/Desktop/rp_ros2_rviz/install/rp_ros2_rviz/share/rp_ros2_rviz/package.ps1'
[19.829s] INFO:colcon.colcon_core.shell:Creating package descriptor '/home/john/Desktop/rp_ros2_rviz/install/rp_ros2_rviz/share/rp_ros2_rviz/package.dsv'
[19.831s] INFO:colcon.colcon_core.shell:Creating package script '/home/john/Desktop/rp_ros2_rviz/install/rp_ros2_rviz/share/rp_ros2_rviz/package.sh'
[19.835s] INFO:colcon.colcon_core.shell:Creating package script '/home/john/Desktop/rp_ros2_rviz/install/rp_ros2_rviz/share/rp_ros2_rviz/package.bash'
[19.839s] INFO:colcon.colcon_core.shell:Creating package script '/home/john/Desktop/rp_ros2_rviz/install/rp_ros2_rviz/share/rp_ros2_rviz/package.zsh'
[19.843s] Level 1:colcon.colcon_core.environment:create_file_with_runtime_dependencies(/home/john/Desktop/rp_ros2_rviz/install/rp_ros2_rviz/share/colcon-core/packages/rp_ros2_rviz)
[19.851s] Level 1:colcon.colcon_core.environment:create_environment_scripts_only(rp_ros2_rviz)
[19.851s] Level 1:colcon.colcon_core.environment:checking '/home/john/Desktop/rp_ros2_rviz/install/rp_ros2_rviz' for CMake module files
[19.852s] Level 1:colcon.colcon_core.environment:checking '/home/john/Desktop/rp_ros2_rviz/install/rp_ros2_rviz' for CMake config files
[19.853s] Level 1:colcon.colcon_core.shell:create_environment_hook('rp_ros2_rviz', 'cmake_prefix_path')
[19.853s] INFO:colcon.colcon_core.shell:Creating environment hook '/home/john/Desktop/rp_ros2_rviz/install/rp_ros2_rviz/share/rp_ros2_rviz/hook/cmake_prefix_path.ps1'
[19.854s] INFO:colcon.colcon_core.shell:Creating environment descriptor '/home/john/Desktop/rp_ros2_rviz/install/rp_ros2_rviz/share/rp_ros2_rviz/hook/cmake_prefix_path.dsv'
[19.856s] INFO:colcon.colcon_core.shell:Creating environment hook '/home/john/Desktop/rp_ros2_rviz/install/rp_ros2_rviz/share/rp_ros2_rviz/hook/cmake_prefix_path.sh'
[19.857s] Level 1:colcon.colcon_core.environment:checking '/home/john/Desktop/rp_ros2_rviz/install/rp_ros2_rviz/lib'
[19.857s] Level 1:colcon.colcon_core.environment:checking '/home/john/Desktop/rp_ros2_rviz/install/rp_ros2_rviz/bin'
[19.857s] Level 1:colcon.colcon_core.environment:checking '/home/john/Desktop/rp_ros2_rviz/install/rp_ros2_rviz/lib/pkgconfig/rp_ros2_rviz.pc'
[19.858s] Level 1:colcon.colcon_core.environment:checking '/home/john/Desktop/rp_ros2_rviz/install/rp_ros2_rviz/lib/python3.12/site-packages'
[19.859s] Level 1:colcon.colcon_core.environment:checking '/home/john/Desktop/rp_ros2_rviz/install/rp_ros2_rviz/bin'
[19.859s] INFO:colcon.colcon_core.shell:Creating package script '/home/john/Desktop/rp_ros2_rviz/install/rp_ros2_rviz/share/rp_ros2_rviz/package.ps1'
[19.862s] INFO:colcon.colcon_core.shell:Creating package descriptor '/home/john/Desktop/rp_ros2_rviz/install/rp_ros2_rviz/share/rp_ros2_rviz/package.dsv'
[19.863s] INFO:colcon.colcon_core.shell:Creating package script '/home/john/Desktop/rp_ros2_rviz/install/rp_ros2_rviz/share/rp_ros2_rviz/package.sh'
[19.864s] INFO:colcon.colcon_core.shell:Creating package script '/home/john/Desktop/rp_ros2_rviz/install/rp_ros2_rviz/share/rp_ros2_rviz/package.bash'
[19.865s] INFO:colcon.colcon_core.shell:Creating package script '/home/john/Desktop/rp_ros2_rviz/install/rp_ros2_rviz/share/rp_ros2_rviz/package.zsh'
[19.869s] Level 1:colcon.colcon_core.environment:create_file_with_runtime_dependencies(/home/john/Desktop/rp_ros2_rviz/install/rp_ros2_rviz/share/colcon-core/packages/rp_ros2_rviz)
[19.872s] DEBUG:colcon.colcon_parallel_executor.executor.parallel:closing loop
[19.874s] DEBUG:colcon.colcon_parallel_executor.executor.parallel:loop closed
[19.875s] DEBUG:colcon.colcon_parallel_executor.executor.parallel:run_until_complete finished with '0'
[19.876s] DEBUG:colcon.colcon_core.event_reactor:joining thread
[19.930s] INFO:colcon.colcon_core.plugin_system:Skipping extension 'colcon_notification.desktop_notification.terminal_notifier': Not used on non-Darwin systems
[19.931s] INFO:colcon.colcon_core.plugin_system:Skipping extension 'colcon_notification.desktop_notification.win32': Not used on non-Windows systems
[19.931s] INFO:colcon.colcon_notification.desktop_notification:Sending desktop notification using 'notify2'
[20.514s] DEBUG:colcon.colcon_core.event_reactor:joined thread
[20.515s] INFO:colcon.colcon_core.shell:Creating prefix script '/home/john/Desktop/rp_ros2_rviz/install/local_setup.ps1'
[20.520s] INFO:colcon.colcon_core.shell:Creating prefix util module '/home/john/Desktop/rp_ros2_rviz/install/_local_setup_util_ps1.py'
[20.523s] INFO:colcon.colcon_core.shell:Creating prefix chain script '/home/john/Desktop/rp_ros2_rviz/install/setup.ps1'
[20.530s] INFO:colcon.colcon_core.shell:Creating prefix script '/home/john/Desktop/rp_ros2_rviz/install/local_setup.sh'
[20.534s] INFO:colcon.colcon_core.shell:Creating prefix util module '/home/john/Desktop/rp_ros2_rviz/install/_local_setup_util_sh.py'
[20.535s] INFO:colcon.colcon_core.shell:Creating prefix chain script '/home/john/Desktop/rp_ros2_rviz/install/setup.sh'
[20.538s] INFO:colcon.colcon_core.shell:Creating prefix script '/home/john/Desktop/rp_ros2_rviz/install/local_setup.bash'
[20.541s] INFO:colcon.colcon_core.shell:Creating prefix chain script '/home/john/Desktop/rp_ros2_rviz/install/setup.bash'
[20.543s] INFO:colcon.colcon_core.shell:Creating prefix script '/home/john/Desktop/rp_ros2_rviz/install/local_setup.zsh'
[20.546s] INFO:colcon.colcon_core.shell:Creating prefix chain script '/home/john/Desktop/rp_ros2_rviz/install/setup.zsh'
