[0.010s] Invoking command in '/home/john/Desktop/rp_ros2_rviz/build/rp_ros2_rviz': CMAKE_PREFIX_PATH=${CMAKE_PREFIX_PATH}:/home/john/Desktop/path_ros/rp_ros2_rviz/install/rp_ros2_rviz:/opt/ros/jazzy DEBUGINFOD_URLS=https://debuginfod.ubuntu.com /usr/bin/cmake --build /home/john/Desktop/rp_ros2_rviz/build/rp_ros2_rviz -- -j4 -l4
[0.070s] [ 46%] Built target pathplanner_node
[0.070s] [ 66%] Built target world_node
[0.073s] [ 73%] [32mBuilding CXX object CMakeFiles/controller_node.dir/src/controller_node.cpp.o[0m
[1.825s] [01m[K/home/john/Desktop/rp_ros2_rviz/src/controller_node.cpp:[m[K In constructor ‘[01m[KControllerNode::[01;32m[KControllerNode[m[K()[m[K’:
[1.825s] [01m[K/home/john/Desktop/rp_ros2_rviz/src/controller_node.cpp:19:67:[m[K [01;31m[Kerror: [m[Kcannot convert ‘[01m[Kstd::shared_ptr<rclcpp::Subscription<std_msgs::msg::Bool_<std::allocator<void> >, std::allocator<void>, std_msgs::msg::Bool_<std::allocator<void> >, std_msgs::msg::Bool_<std::allocator<void> >, rclcpp::message_memory_strategy::MessageMemoryStrategy<std_msgs::msg::Bool_<std::allocator<void> >, std::allocator<void> > > >[m[K’ to ‘[01m[Kbool[m[K’ in assignment
[1.825s]    19 |         stop_sub_ = [01;31m[Kthis->create_subscription<std_msgs::msg::Bool>([m[K
[1.825s]       |                     [01;31m[K~~~~~~~~~~~~~~~~~~~~~~~~~~~~~~~~~~~~~~~~~~~~~~^[m[K
[1.825s]       |                                                                   [01;31m[K|[m[K
[1.825s]       |                                                                   [01;31m[Kstd::shared_ptr<rclcpp::Subscription<std_msgs::msg::Bool_<std::allocator<void> >, std::allocator<void>, std_msgs::msg::Bool_<std::allocator<void> >, std_msgs::msg::Bool_<std::allocator<void> >, rclcpp::message_memory_strategy::MessageMemoryStrategy<std_msgs::msg::Bool_<std::allocator<void> >, std::allocator<void> > > >[m[K
[1.826s]    20 | [01;31m[K            "stop_controller", 10,[m[K
[1.826s]       |             [01;31m[K~~~~~~~~~~~~~~~~~~~~~~[m[K                                 
[1.826s]    21 | [01;31m[K            [this](const std_msgs::msg::Bool::SharedPtr msg) {[m[K
[1.826s]       |             [01;31m[K~~~~~~~~~~~~~~~~~~~~~~~~~~~~~~~~~~~~~~~~~~~~~~~~~~[m[K     
[1.826s]    22 | [01;31m[K                if (msg) {[m[K
[1.826s]       |                 [01;31m[K~~~~~~~~~~[m[K                                         
[1.826s]    23 | [01;31m[K                    path_.clear();              // 🔥 Elimina il path corrente[m[K
[1.826s]       |                     [01;31m[K~~~~~~~~~~~~~~~~~~~~~~~~~~~~~~~~~~~~~~~~~~~~~~~~~~~~~~~~~~[m[K
[1.826s]    24 | [01;31m[K                    current_index_ = 0;[m[K
[1.826s]       |                     [01;31m[K~~~~~~~~~~~~~~~~~~~[m[K                            
[1.826s]    25 | [01;31m[K                    paused_ = false;[m[K
[1.826s]       |                     [01;31m[K~~~~~~~~~~~~~~~~[m[K                               
[1.826s]    26 | [01;31m[K                    RCLCPP_WARN(this->get_logger(), "🛑 STOP ricevuto. Path eliminato.");[m[K
[1.826s]       |                     [01;31m[K~~~~~~~~~~~~~~~~~~~~~~~~~~~~~~~~~~~~~~~~~~~~~~~~~~~~~~~~~~~~~~~~~~~~~[m[K
[1.826s]    27 | [01;31m[K                }[m[K
[1.826s]       |                 [01;31m[K~[m[K                                                  
[1.826s]    28 | [01;31m[K            })[m[K;
[1.826s]       |             [01;31m[K~~[m[K                                                     
[4.190s] gmake[2]: *** [CMakeFiles/controller_node.dir/build.make:76: CMakeFiles/controller_node.dir/src/controller_node.cpp.o] Error 1
[4.192s] gmake[1]: *** [CMakeFiles/Makefile2:141: CMakeFiles/controller_node.dir/all] Error 2
[4.192s] gmake: *** [Makefile:146: all] Error 2
[4.198s] Invoked command in '/home/john/Desktop/rp_ros2_rviz/build/rp_ros2_rviz' returned '2': CMAKE_PREFIX_PATH=${CMAKE_PREFIX_PATH}:/home/john/Desktop/path_ros/rp_ros2_rviz/install/rp_ros2_rviz:/opt/ros/jazzy DEBUGINFOD_URLS=https://debuginfod.ubuntu.com /usr/bin/cmake --build /home/john/Desktop/rp_ros2_rviz/build/rp_ros2_rviz -- -j4 -l4
