[0.009s] Invoking command in '/home/john/Desktop/rp_ros2_rviz/build/rp_ros2_rviz': CMAKE_PREFIX_PATH=${CMAKE_PREFIX_PATH}:/opt/ros/foxy /usr/bin/cmake --build /home/john/Desktop/rp_ros2_rviz/build/rp_ros2_rviz -- -j4 -l4
[0.050s] [35m[1mScanning dependencies of target particle_node_filter[0m
[0.083s] [ 20%] Built target pathplanner_node
[0.089s] [ 40%] Built target controller_node
[0.092s] [ 44%] [32mBuilding CXX object CMakeFiles/particle_node_filter.dir/src/particle_node_filter.cpp.o[0m
[0.097s] [ 64%] Built target world_node
[0.117s] [ 84%] Built target mapserver
[1.523s] In file included from [01m[K/home/john/Desktop/rp_ros2_rviz/src/particle_node_filter.cpp:1[m[K:
[1.523s] [01m[K/home/john/Desktop/rp_ros2_rviz/include/rp_ros2_rviz/particle_filter.h:35:21:[m[K [01;31m[Kerror: [m[K‘[01m[KParticle[m[K’ was not declared in this scope
[1.523s]    35 |         std::vector<[01;31m[KParticle[m[K> particles;
[1.523s]       |                     [01;31m[K^~~~~~~~[m[K
[1.523s] [01m[K/home/john/Desktop/rp_ros2_rviz/include/rp_ros2_rviz/particle_filter.h:35:29:[m[K [01;31m[Kerror: [m[Ktemplate argument 1 is invalid
[1.523s]    35 |         std::vector<Particle[01;31m[K>[m[K particles;
[1.523s]       |                             [01;31m[K^[m[K
[1.523s] [01m[K/home/john/Desktop/rp_ros2_rviz/include/rp_ros2_rviz/particle_filter.h:35:29:[m[K [01;31m[Kerror: [m[Ktemplate argument 2 is invalid
[1.527s] In file included from [01m[K/home/john/Desktop/rp_ros2_rviz/src/particle_node_filter.cpp:1[m[K:
[1.527s] [01m[K/home/john/Desktop/rp_ros2_rviz/include/rp_ros2_rviz/particle_filter.h:54:17:[m[K [01;31m[Kerror: [m[K‘[01m[Kcv::Mat ParticleFilterNode::rasterizeScan(const std::vector<std::pair<double, double> >&, double)[m[K’ cannot be overloaded with ‘[01m[Kcv::Mat ParticleFilterNode::rasterizeScan(const std::vector<std::pair<double, double> >&, double)[m[K’
[1.527s]    54 |         cv::Mat [01;31m[KrasterizeScan[m[K(const std::vector<std::pair<double,double>>& scan, double theta);
[1.527s]       |                 [01;31m[K^~~~~~~~~~~~~[m[K
[1.527s] In file included from [01m[K/home/john/Desktop/rp_ros2_rviz/src/particle_node_filter.cpp:1[m[K:
[1.527s] [01m[K/home/john/Desktop/rp_ros2_rviz/include/rp_ros2_rviz/particle_filter.h:31:17:[m[K [01;36m[Knote: [m[Kprevious declaration ‘[01m[Kcv::Mat ParticleFilterNode::rasterizeScan(const std::vector<std::pair<double, double> >&, double)[m[K’
[1.527s]    31 |         cv::Mat [01;36m[KrasterizeScan[m[K(const std::vector<std::pair<double,double>>& scan, double theta);
[1.527s]       |                 [01;36m[K^~~~~~~~~~~~~[m[K
[1.545s] [01m[K/home/john/Desktop/rp_ros2_rviz/src/particle_node_filter.cpp:[m[K In member function ‘[01m[Kvoid ParticleFilterNode::publishParticlesAsPoseArray()[m[K’:
[1.545s] [01m[K/home/john/Desktop/rp_ros2_rviz/src/particle_node_filter.cpp:69:34:[m[K [01;31m[Kerror: [m[K‘[01m[Kbegin[m[K’ was not declared in this scope; did you mean ‘[01m[Kstd::begin[m[K’?
[1.545s]    69 |             for (const auto& p : [01;31m[Kparticles[m[K) {
[1.545s]       |                                  [01;31m[K^~~~~~~~~[m[K
[1.545s]       |                                  [32m[Kstd::begin[m[K
[1.545s] In file included from [01m[K/usr/include/c++/9/string:54[m[K,
[1.545s]                  from [01m[K/usr/include/c++/9/stdexcept:39[m[K,
[1.545s]                  from [01m[K/usr/include/c++/9/array:39[m[K,
[1.545s]                  from [01m[K/usr/include/c++/9/tuple:39[m[K,
[1.545s]                  from [01m[K/usr/include/c++/9/bits/unique_ptr.h:37[m[K,
[1.546s]                  from [01m[K/usr/include/c++/9/memory:80[m[K,
[1.546s]                  from [01m[K/opt/ros/foxy/include/rclcpp/rclcpp.hpp:144[m[K,
[1.546s]                  from [01m[K/home/john/Desktop/rp_ros2_rviz/include/rp_ros2_rviz/particle_filter.h:1[m[K,
[1.546s]                  from [01m[K/home/john/Desktop/rp_ros2_rviz/src/particle_node_filter.cpp:1[m[K:
[1.546s] [01m[K/usr/include/c++/9/bits/range_access.h:105:37:[m[K [01;36m[Knote: [m[K‘[01m[Kstd::begin[m[K’ declared here
[1.546s]   105 |   template<typename _Tp> const _Tp* [01;36m[Kbegin[m[K(const valarray<_Tp>&);
[1.546s]       |                                     [01;36m[K^~~~~[m[K
[1.546s] [01m[K/home/john/Desktop/rp_ros2_rviz/src/particle_node_filter.cpp:69:34:[m[K [01;31m[Kerror: [m[K‘[01m[Kend[m[K’ was not declared in this scope; did you mean ‘[01m[Kstd::end[m[K’?
[1.546s]    69 |             for (const auto& p : [01;31m[Kparticles[m[K) {
[1.546s]       |                                  [01;31m[K^~~~~~~~~[m[K
[1.546s]       |                                  [32m[Kstd::end[m[K
[1.546s] In file included from [01m[K/usr/include/c++/9/string:54[m[K,
[1.546s]                  from [01m[K/usr/include/c++/9/stdexcept:39[m[K,
[1.546s]                  from [01m[K/usr/include/c++/9/array:39[m[K,
[1.546s]                  from [01m[K/usr/include/c++/9/tuple:39[m[K,
[1.546s]                  from [01m[K/usr/include/c++/9/bits/unique_ptr.h:37[m[K,
[1.546s]                  from [01m[K/usr/include/c++/9/memory:80[m[K,
[1.546s]                  from [01m[K/opt/ros/foxy/include/rclcpp/rclcpp.hpp:144[m[K,
[1.546s]                  from [01m[K/home/john/Desktop/rp_ros2_rviz/include/rp_ros2_rviz/particle_filter.h:1[m[K,
[1.546s]                  from [01m[K/home/john/Desktop/rp_ros2_rviz/src/particle_node_filter.cpp:1[m[K:
[1.546s] [01m[K/usr/include/c++/9/bits/range_access.h:107:37:[m[K [01;36m[Knote: [m[K‘[01m[Kstd::end[m[K’ declared here
[1.546s]   107 |   template<typename _Tp> const _Tp* [01;36m[Kend[m[K(const valarray<_Tp>&);
[1.546s]       |                                     [01;36m[K^~~[m[K
[1.550s] In file included from [01m[K/opt/ros/foxy/include/rclcpp/client.hpp:40[m[K,
[1.550s]                  from [01m[K/opt/ros/foxy/include/rclcpp/callback_group.hpp:23[m[K,
[1.550s]                  from [01m[K/opt/ros/foxy/include/rclcpp/any_executable.hpp:20[m[K,
[1.550s]                  from [01m[K/opt/ros/foxy/include/rclcpp/memory_strategy.hpp:24[m[K,
[1.550s]                  from [01m[K/opt/ros/foxy/include/rclcpp/memory_strategies.hpp:18[m[K,
[1.550s]                  from [01m[K/opt/ros/foxy/include/rclcpp/executor_options.hpp:20[m[K,
[1.550s]                  from [01m[K/opt/ros/foxy/include/rclcpp/executor.hpp:33[m[K,
[1.550s]                  from [01m[K/opt/ros/foxy/include/rclcpp/executors/multi_threaded_executor.hpp:26[m[K,
[1.550s]                  from [01m[K/opt/ros/foxy/include/rclcpp/executors.hpp:21[m[K,
[1.550s]                  from [01m[K/opt/ros/foxy/include/rclcpp/rclcpp.hpp:146[m[K,
[1.550s]                  from [01m[K/home/john/Desktop/rp_ros2_rviz/include/rp_ros2_rviz/particle_filter.h:1[m[K,
[1.550s]                  from [01m[K/home/john/Desktop/rp_ros2_rviz/src/particle_node_filter.cpp:1[m[K:
[1.550s] [01m[K/home/john/Desktop/rp_ros2_rviz/src/particle_node_filter.cpp:83:83:[m[K [01;31m[Kerror: [m[Krequest for member ‘[01m[Ksize[m[K’ in ‘[01m[K((ParticleFilterNode*)this)->ParticleFilterNode::particles[m[K’, which is of non-class type ‘[01m[Kint[m[K’
[1.550s]    83 |             RCLCPP_INFO(this->get_logger(), "Published %zu particles.", particles.[01;31m[Ksize[m[K());
[1.550s]       |                                                                                   [01;31m[K^~~~[m[K
[1.552s] [01m[K/home/john/Desktop/rp_ros2_rviz/src/particle_node_filter.cpp:[m[K In member function ‘[01m[Kvoid ParticleFilterNode::odomCallback(nav_msgs::msg::Odometry_<std::allocator<void> >::SharedPtr)[m[K’:
[1.552s] [01m[K/home/john/Desktop/rp_ros2_rviz/src/particle_node_filter.cpp:114:46:[m[K [01;31m[Kerror: [m[Krequest for member ‘[01m[Ksize[m[K’ in ‘[01m[K((ParticleFilterNode*)this)->ParticleFilterNode::particles[m[K’, which is of non-class type ‘[01m[Kint[m[K’
[1.552s]   114 |             for (size_t i = 0; i < particles.[01;31m[Ksize[m[K(); ++i) {
[1.552s]       |                                              [01;31m[K^~~~[m[K
[1.552s] [01m[K/home/john/Desktop/rp_ros2_rviz/src/particle_node_filter.cpp:115:38:[m[K [01;31m[Kerror: [m[Kinvalid types ‘[01m[Kint[size_t {aka long unsigned int}][m[K’ for array subscript
[1.552s]   115 |                 auto& p = particles[i[01;31m[K][m[K;
[1.552s]       |                                      [01;31m[K^[m[K
[1.554s] [01m[K/home/john/Desktop/rp_ros2_rviz/src/particle_node_filter.cpp:[m[K In member function ‘[01m[Kvoid ParticleFilterNode::initializeParticles(int)[m[K’:
[1.554s] [01m[K/home/john/Desktop/rp_ros2_rviz/src/particle_node_filter.cpp:207:23:[m[K [01;31m[Kerror: [m[Krequest for member ‘[01m[Kclear[m[K’ in ‘[01m[K((ParticleFilterNode*)this)->ParticleFilterNode::particles[m[K’, which is of non-class type ‘[01m[Kint[m[K’
[1.554s]   207 |             particles.[01;31m[Kclear[m[K();
[1.554s]       |                       [01;31m[K^~~~~[m[K
[1.554s] [01m[K/home/john/Desktop/rp_ros2_rviz/src/particle_node_filter.cpp:217:27:[m[K [01;31m[Kerror: [m[Krequest for member ‘[01m[Kpush_back[m[K’ in ‘[01m[K((ParticleFilterNode*)this)->ParticleFilterNode::particles[m[K’, which is of non-class type ‘[01m[Kint[m[K’
[1.554s]   217 |                 particles.[01;31m[Kpush_back[m[K(part);
[1.554s]       |                           [01;31m[K^~~~~~~~~[m[K
[1.557s] [01m[K/home/john/Desktop/rp_ros2_rviz/src/particle_node_filter.cpp:[m[K In member function ‘[01m[Kvoid ParticleFilterNode::scanCallback(sensor_msgs::msg::LaserScan_<std::allocator<void> >::SharedPtr)[m[K’:
[1.557s] [01m[K/home/john/Desktop/rp_ros2_rviz/src/particle_node_filter.cpp:237:28:[m[K [01;31m[Kerror: [m[K‘[01m[Kbegin[m[K’ was not declared in this scope; did you mean ‘[01m[Kstd::begin[m[K’?
[1.557s]   237 |             for (auto& p : [01;31m[Kparticles[m[K) {
[1.557s]       |                            [01;31m[K^~~~~~~~~[m[K
[1.557s]       |                            [32m[Kstd::begin[m[K
[1.557s] In file included from [01m[K/usr/include/c++/9/string:54[m[K,
[1.557s]                  from [01m[K/usr/include/c++/9/stdexcept:39[m[K,
[1.557s]                  from [01m[K/usr/include/c++/9/array:39[m[K,
[1.557s]                  from [01m[K/usr/include/c++/9/tuple:39[m[K,
[1.557s]                  from [01m[K/usr/include/c++/9/bits/unique_ptr.h:37[m[K,
[1.557s]                  from [01m[K/usr/include/c++/9/memory:80[m[K,
[1.557s]                  from [01m[K/opt/ros/foxy/include/rclcpp/rclcpp.hpp:144[m[K,
[1.557s]                  from [01m[K/home/john/Desktop/rp_ros2_rviz/include/rp_ros2_rviz/particle_filter.h:1[m[K,
[1.557s]                  from [01m[K/home/john/Desktop/rp_ros2_rviz/src/particle_node_filter.cpp:1[m[K:
[1.557s] [01m[K/usr/include/c++/9/bits/range_access.h:105:37:[m[K [01;36m[Knote: [m[K‘[01m[Kstd::begin[m[K’ declared here
[1.558s]   105 |   template<typename _Tp> const _Tp* [01;36m[Kbegin[m[K(const valarray<_Tp>&);
[1.558s]       |                                     [01;36m[K^~~~~[m[K
[1.558s] [01m[K/home/john/Desktop/rp_ros2_rviz/src/particle_node_filter.cpp:237:28:[m[K [01;31m[Kerror: [m[K‘[01m[Kend[m[K’ was not declared in this scope; did you mean ‘[01m[Kstd::end[m[K’?
[1.558s]   237 |             for (auto& p : [01;31m[Kparticles[m[K) {
[1.558s]       |                            [01;31m[K^~~~~~~~~[m[K
[1.558s]       |                            [32m[Kstd::end[m[K
[1.558s] In file included from [01m[K/usr/include/c++/9/string:54[m[K,
[1.558s]                  from [01m[K/usr/include/c++/9/stdexcept:39[m[K,
[1.558s]                  from [01m[K/usr/include/c++/9/array:39[m[K,
[1.558s]                  from [01m[K/usr/include/c++/9/tuple:39[m[K,
[1.558s]                  from [01m[K/usr/include/c++/9/bits/unique_ptr.h:37[m[K,
[1.558s]                  from [01m[K/usr/include/c++/9/memory:80[m[K,
[1.558s]                  from [01m[K/opt/ros/foxy/include/rclcpp/rclcpp.hpp:144[m[K,
[1.558s]                  from [01m[K/home/john/Desktop/rp_ros2_rviz/include/rp_ros2_rviz/particle_filter.h:1[m[K,
[1.558s]                  from [01m[K/home/john/Desktop/rp_ros2_rviz/src/particle_node_filter.cpp:1[m[K:
[1.558s] [01m[K/usr/include/c++/9/bits/range_access.h:107:37:[m[K [01;36m[Knote: [m[K‘[01m[Kstd::end[m[K’ declared here
[1.558s]   107 |   template<typename _Tp> const _Tp* [01;36m[Kend[m[K(const valarray<_Tp>&);
[1.558s]       |                                     [01;36m[K^~~[m[K
[1.559s] [01m[K/home/john/Desktop/rp_ros2_rviz/src/particle_node_filter.cpp:251:34:[m[K [01;31m[Kerror: [m[K‘[01m[Kbegin[m[K’ was not declared in this scope; did you mean ‘[01m[Kstd::begin[m[K’?
[1.559s]   251 |             for (const auto& p : [01;31m[Kparticles[m[K) total_weight += p.weight;
[1.559s]       |                                  [01;31m[K^~~~~~~~~[m[K
[1.559s]       |                                  [32m[Kstd::begin[m[K
[1.559s] In file included from [01m[K/usr/include/c++/9/string:54[m[K,
[1.559s]                  from [01m[K/usr/include/c++/9/stdexcept:39[m[K,
[1.559s]                  from [01m[K/usr/include/c++/9/array:39[m[K,
[1.559s]                  from [01m[K/usr/include/c++/9/tuple:39[m[K,
[1.559s]                  from [01m[K/usr/include/c++/9/bits/unique_ptr.h:37[m[K,
[1.559s]                  from [01m[K/usr/include/c++/9/memory:80[m[K,
[1.559s]                  from [01m[K/opt/ros/foxy/include/rclcpp/rclcpp.hpp:144[m[K,
[1.559s]                  from [01m[K/home/john/Desktop/rp_ros2_rviz/include/rp_ros2_rviz/particle_filter.h:1[m[K,
[1.559s]                  from [01m[K/home/john/Desktop/rp_ros2_rviz/src/particle_node_filter.cpp:1[m[K:
[1.559s] [01m[K/usr/include/c++/9/bits/range_access.h:105:37:[m[K [01;36m[Knote: [m[K‘[01m[Kstd::begin[m[K’ declared here
[1.559s]   105 |   template<typename _Tp> const _Tp* [01;36m[Kbegin[m[K(const valarray<_Tp>&);
[1.559s]       |                                     [01;36m[K^~~~~[m[K
[1.559s] [01m[K/home/john/Desktop/rp_ros2_rviz/src/particle_node_filter.cpp:251:34:[m[K [01;31m[Kerror: [m[K‘[01m[Kend[m[K’ was not declared in this scope; did you mean ‘[01m[Kstd::end[m[K’?
[1.559s]   251 |             for (const auto& p : [01;31m[Kparticles[m[K) total_weight += p.weight;
[1.559s]       |                                  [01;31m[K^~~~~~~~~[m[K
[1.559s]       |                                  [32m[Kstd::end[m[K
[1.559s] In file included from [01m[K/usr/include/c++/9/string:54[m[K,
[1.560s]                  from [01m[K/usr/include/c++/9/stdexcept:39[m[K,
[1.560s]                  from [01m[K/usr/include/c++/9/array:39[m[K,
[1.560s]                  from [01m[K/usr/include/c++/9/tuple:39[m[K,
[1.560s]                  from [01m[K/usr/include/c++/9/bits/unique_ptr.h:37[m[K,
[1.560s]                  from [01m[K/usr/include/c++/9/memory:80[m[K,
[1.560s]                  from [01m[K/opt/ros/foxy/include/rclcpp/rclcpp.hpp:144[m[K,
[1.560s]                  from [01m[K/home/john/Desktop/rp_ros2_rviz/include/rp_ros2_rviz/particle_filter.h:1[m[K,
[1.560s]                  from [01m[K/home/john/Desktop/rp_ros2_rviz/src/particle_node_filter.cpp:1[m[K:
[1.560s] [01m[K/usr/include/c++/9/bits/range_access.h:107:37:[m[K [01;36m[Knote: [m[K‘[01m[Kstd::end[m[K’ declared here
[1.560s]   107 |   template<typename _Tp> const _Tp* [01;36m[Kend[m[K(const valarray<_Tp>&);
[1.560s]       |                                     [01;36m[K^~~[m[K
[1.560s] [01m[K/home/john/Desktop/rp_ros2_rviz/src/particle_node_filter.cpp:253:32:[m[K [01;31m[Kerror: [m[K‘[01m[Kbegin[m[K’ was not declared in this scope; did you mean ‘[01m[Kstd::begin[m[K’?
[1.560s]   253 |                 for (auto& p : [01;31m[Kparticles[m[K) p.weight /= total_weight;
[1.560s]       |                                [01;31m[K^~~~~~~~~[m[K
[1.560s]       |                                [32m[Kstd::begin[m[K
[1.560s] In file included from [01m[K/usr/include/c++/9/string:54[m[K,
[1.560s]                  from [01m[K/usr/include/c++/9/stdexcept:39[m[K,
[1.560s]                  from [01m[K/usr/include/c++/9/array:39[m[K,
[1.560s]                  from [01m[K/usr/include/c++/9/tuple:39[m[K,
[1.560s]                  from [01m[K/usr/include/c++/9/bits/unique_ptr.h:37[m[K,
[1.560s]                  from [01m[K/usr/include/c++/9/memory:80[m[K,
[1.560s]                  from [01m[K/opt/ros/foxy/include/rclcpp/rclcpp.hpp:144[m[K,
[1.560s]                  from [01m[K/home/john/Desktop/rp_ros2_rviz/include/rp_ros2_rviz/particle_filter.h:1[m[K,
[1.560s]                  from [01m[K/home/john/Desktop/rp_ros2_rviz/src/particle_node_filter.cpp:1[m[K:
[1.560s] [01m[K/usr/include/c++/9/bits/range_access.h:105:37:[m[K [01;36m[Knote: [m[K‘[01m[Kstd::begin[m[K’ declared here
[1.560s]   105 |   template<typename _Tp> const _Tp* [01;36m[Kbegin[m[K(const valarray<_Tp>&);
[1.560s]       |                                     [01;36m[K^~~~~[m[K
[1.561s] [01m[K/home/john/Desktop/rp_ros2_rviz/src/particle_node_filter.cpp:253:32:[m[K [01;31m[Kerror: [m[K‘[01m[Kend[m[K’ was not declared in this scope; did you mean ‘[01m[Kstd::end[m[K’?
[1.561s]   253 |                 for (auto& p : [01;31m[Kparticles[m[K) p.weight /= total_weight;
[1.561s]       |                                [01;31m[K^~~~~~~~~[m[K
[1.561s]       |                                [32m[Kstd::end[m[K
[1.561s] In file included from [01m[K/usr/include/c++/9/string:54[m[K,
[1.561s]                  from [01m[K/usr/include/c++/9/stdexcept:39[m[K,
[1.561s]                  from [01m[K/usr/include/c++/9/array:39[m[K,
[1.561s]                  from [01m[K/usr/include/c++/9/tuple:39[m[K,
[1.561s]                  from [01m[K/usr/include/c++/9/bits/unique_ptr.h:37[m[K,
[1.561s]                  from [01m[K/usr/include/c++/9/memory:80[m[K,
[1.561s]                  from [01m[K/opt/ros/foxy/include/rclcpp/rclcpp.hpp:144[m[K,
[1.561s]                  from [01m[K/home/john/Desktop/rp_ros2_rviz/include/rp_ros2_rviz/particle_filter.h:1[m[K,
[1.561s]                  from [01m[K/home/john/Desktop/rp_ros2_rviz/src/particle_node_filter.cpp:1[m[K:
[1.561s] [01m[K/usr/include/c++/9/bits/range_access.h:107:37:[m[K [01;36m[Knote: [m[K‘[01m[Kstd::end[m[K’ declared here
[1.561s]   107 |   template<typename _Tp> const _Tp* [01;36m[Kend[m[K(const valarray<_Tp>&);
[1.561s]       |                                     [01;36m[K^~~[m[K
[1.561s] [01m[K/home/john/Desktop/rp_ros2_rviz/src/particle_node_filter.cpp:260:34:[m[K [01;31m[Kerror: [m[K‘[01m[Kbegin[m[K’ was not declared in this scope; did you mean ‘[01m[Kstd::begin[m[K’?
[1.561s]   260 |             for (const auto& p : [01;31m[Kparticles[m[K) weight_sq_sum += p.weight * p.weight;
[1.561s]       |                                  [01;31m[K^~~~~~~~~[m[K
[1.561s]       |                                  [32m[Kstd::begin[m[K
[1.561s] In file included from [01m[K/usr/include/c++/9/string:54[m[K,
[1.561s]                  from [01m[K/usr/include/c++/9/stdexcept:39[m[K,
[1.561s]                  from [01m[K/usr/include/c++/9/array:39[m[K,
[1.561s]                  from [01m[K/usr/include/c++/9/tuple:39[m[K,
[1.561s]                  from [01m[K/usr/include/c++/9/bits/unique_ptr.h:37[m[K,
[1.561s]                  from [01m[K/usr/include/c++/9/memory:80[m[K,
[1.561s]                  from [01m[K/opt/ros/foxy/include/rclcpp/rclcpp.hpp:144[m[K,
[1.561s]                  from [01m[K/home/john/Desktop/rp_ros2_rviz/include/rp_ros2_rviz/particle_filter.h:1[m[K,
[1.561s]                  from [01m[K/home/john/Desktop/rp_ros2_rviz/src/particle_node_filter.cpp:1[m[K:
[1.562s] [01m[K/usr/include/c++/9/bits/range_access.h:105:37:[m[K [01;36m[Knote: [m[K‘[01m[Kstd::begin[m[K’ declared here
[1.562s]   105 |   template<typename _Tp> const _Tp* [01;36m[Kbegin[m[K(const valarray<_Tp>&);
[1.562s]       |                                     [01;36m[K^~~~~[m[K
[1.562s] [01m[K/home/john/Desktop/rp_ros2_rviz/src/particle_node_filter.cpp:260:34:[m[K [01;31m[Kerror: [m[K‘[01m[Kend[m[K’ was not declared in this scope; did you mean ‘[01m[Kstd::end[m[K’?
[1.562s]   260 |             for (const auto& p : [01;31m[Kparticles[m[K) weight_sq_sum += p.weight * p.weight;
[1.562s]       |                                  [01;31m[K^~~~~~~~~[m[K
[1.562s]       |                                  [32m[Kstd::end[m[K
[1.562s] In file included from [01m[K/usr/include/c++/9/string:54[m[K,
[1.562s]                  from [01m[K/usr/include/c++/9/stdexcept:39[m[K,
[1.562s]                  from [01m[K/usr/include/c++/9/array:39[m[K,
[1.562s]                  from [01m[K/usr/include/c++/9/tuple:39[m[K,
[1.562s]                  from [01m[K/usr/include/c++/9/bits/unique_ptr.h:37[m[K,
[1.562s]                  from [01m[K/usr/include/c++/9/memory:80[m[K,
[1.562s]                  from [01m[K/opt/ros/foxy/include/rclcpp/rclcpp.hpp:144[m[K,
[1.562s]                  from [01m[K/home/john/Desktop/rp_ros2_rviz/include/rp_ros2_rviz/particle_filter.h:1[m[K,
[1.562s]                  from [01m[K/home/john/Desktop/rp_ros2_rviz/src/particle_node_filter.cpp:1[m[K:
[1.562s] [01m[K/usr/include/c++/9/bits/range_access.h:107:37:[m[K [01;36m[Knote: [m[K‘[01m[Kstd::end[m[K’ declared here
[1.562s]   107 |   template<typename _Tp> const _Tp* [01;36m[Kend[m[K(const valarray<_Tp>&);
[1.562s]       |                                     [01;36m[K^~~[m[K
[1.562s] [01m[K/home/john/Desktop/rp_ros2_rviz/src/particle_node_filter.cpp:263:34:[m[K [01;31m[Kerror: [m[Krequest for member ‘[01m[Ksize[m[K’ in ‘[01m[K((ParticleFilterNode*)this)->ParticleFilterNode::particles[m[K’, which is of non-class type ‘[01m[Kint[m[K’
[1.562s]   263 |             if (neff < particles.[01;31m[Ksize[m[K() * 0.5) {
[1.562s]       |                                  [01;31m[K^~~~[m[K
[1.562s] [01m[K/home/john/Desktop/rp_ros2_rviz/src/particle_node_filter.cpp:[m[K In member function ‘[01m[Kvoid ParticleFilterNode::resampleParticles()[m[K’:
[1.562s] [01m[K/home/john/Desktop/rp_ros2_rviz/src/particle_node_filter.cpp:274:27:[m[K [01;31m[Kerror: [m[Krequest for member ‘[01m[Kempty[m[K’ in ‘[01m[K((ParticleFilterNode*)this)->ParticleFilterNode::particles[m[K’, which is of non-class type ‘[01m[Kint[m[K’
[1.562s]   274 |             if (particles.[01;31m[Kempty[m[K()) return;
[1.562s]       |                           [01;31m[K^~~~~[m[K
[1.562s] [01m[K/home/john/Desktop/rp_ros2_rviz/src/particle_node_filter.cpp:275:40:[m[K [01;31m[Kerror: [m[Krequest for member ‘[01m[Ksize[m[K’ in ‘[01m[K((ParticleFilterNode*)this)->ParticleFilterNode::particles[m[K’, which is of non-class type ‘[01m[Kint[m[K’
[1.562s]   275 |             const size_t N = particles.[01;31m[Ksize[m[K();
[1.562s]       |                                        [01;31m[K^~~~[m[K
[1.562s] [01m[K/home/john/Desktop/rp_ros2_rviz/src/particle_node_filter.cpp:280:34:[m[K [01;31m[Kerror: [m[K‘[01m[Kbegin[m[K’ was not declared in this scope; did you mean ‘[01m[Kstd::begin[m[K’?
[1.562s]   280 |             for (const auto &p : [01;31m[Kparticles[m[K) weight_sq_sum += p.weight * p.weight;
[1.563s]       |                                  [01;31m[K^~~~~~~~~[m[K
[1.563s]       |                                  [32m[Kstd::begin[m[K
[1.563s] In file included from [01m[K/usr/include/c++/9/string:54[m[K,
[1.563s]                  from [01m[K/usr/include/c++/9/stdexcept:39[m[K,
[1.563s]                  from [01m[K/usr/include/c++/9/array:39[m[K,
[1.563s]                  from [01m[K/usr/include/c++/9/tuple:39[m[K,
[1.563s]                  from [01m[K/usr/include/c++/9/bits/unique_ptr.h:37[m[K,
[1.563s]                  from [01m[K/usr/include/c++/9/memory:80[m[K,
[1.563s]                  from [01m[K/opt/ros/foxy/include/rclcpp/rclcpp.hpp:144[m[K,
[1.563s]                  from [01m[K/home/john/Desktop/rp_ros2_rviz/include/rp_ros2_rviz/particle_filter.h:1[m[K,
[1.563s]                  from [01m[K/home/john/Desktop/rp_ros2_rviz/src/particle_node_filter.cpp:1[m[K:
[1.563s] [01m[K/usr/include/c++/9/bits/range_access.h:105:37:[m[K [01;36m[Knote: [m[K‘[01m[Kstd::begin[m[K’ declared here
[1.563s]   105 |   template<typename _Tp> const _Tp* [01;36m[Kbegin[m[K(const valarray<_Tp>&);
[1.563s]       |                                     [01;36m[K^~~~~[m[K
[1.563s] [01m[K/home/john/Desktop/rp_ros2_rviz/src/particle_node_filter.cpp:280:34:[m[K [01;31m[Kerror: [m[K‘[01m[Kend[m[K’ was not declared in this scope; did you mean ‘[01m[Kstd::end[m[K’?
[1.563s]   280 |             for (const auto &p : [01;31m[Kparticles[m[K) weight_sq_sum += p.weight * p.weight;
[1.563s]       |                                  [01;31m[K^~~~~~~~~[m[K
[1.563s]       |                                  [32m[Kstd::end[m[K
[1.563s] In file included from [01m[K/usr/include/c++/9/string:54[m[K,
[1.563s]                  from [01m[K/usr/include/c++/9/stdexcept:39[m[K,
[1.563s]                  from [01m[K/usr/include/c++/9/array:39[m[K,
[1.563s]                  from [01m[K/usr/include/c++/9/tuple:39[m[K,
[1.563s]                  from [01m[K/usr/include/c++/9/bits/unique_ptr.h:37[m[K,
[1.563s]                  from [01m[K/usr/include/c++/9/memory:80[m[K,
[1.563s]                  from [01m[K/opt/ros/foxy/include/rclcpp/rclcpp.hpp:144[m[K,
[1.563s]                  from [01m[K/home/john/Desktop/rp_ros2_rviz/include/rp_ros2_rviz/particle_filter.h:1[m[K,
[1.563s]                  from [01m[K/home/john/Desktop/rp_ros2_rviz/src/particle_node_filter.cpp:1[m[K:
[1.563s] [01m[K/usr/include/c++/9/bits/range_access.h:107:37:[m[K [01;36m[Knote: [m[K‘[01m[Kstd::end[m[K’ declared here
[1.563s]   107 |   template<typename _Tp> const _Tp* [01;36m[Kend[m[K(const valarray<_Tp>&);
[1.563s]       |                                     [01;36m[K^~~[m[K
[1.563s] [01m[K/home/john/Desktop/rp_ros2_rviz/src/particle_node_filter.cpp:288:27:[m[K [01;31m[Kerror: [m[Krequest for member ‘[01m[Kbegin[m[K’ in ‘[01m[K((ParticleFilterNode*)this)->ParticleFilterNode::particles[m[K’, which is of non-class type ‘[01m[Kint[m[K’
[1.563s]   288 |                 particles.[01;31m[Kbegin[m[K(), particles.end(),
[1.563s]       |                           [01;31m[K^~~~~[m[K
[1.563s] [01m[K/home/john/Desktop/rp_ros2_rviz/src/particle_node_filter.cpp:288:46:[m[K [01;31m[Kerror: [m[Krequest for member ‘[01m[Kend[m[K’ in ‘[01m[K((ParticleFilterNode*)this)->ParticleFilterNode::particles[m[K’, which is of non-class type ‘[01m[Kint[m[K’
[1.563s]   288 |                 particles.begin(), particles.[01;31m[Kend[m[K(),
[1.563s]       |                                              [01;31m[K^~~[m[K
[1.564s] [01m[K/home/john/Desktop/rp_ros2_rviz/src/particle_node_filter.cpp:294:40:[m[K [01;31m[Kerror: [m[Kinvalid types ‘[01m[Kint[int][m[K’ for array subscript
[1.564s]   294 |             cumulative[0] = particles[0[01;31m[K][m[K.weight;
[1.564s]       |                                        [01;31m[K^[m[K
[1.564s] [01m[K/home/john/Desktop/rp_ros2_rviz/src/particle_node_filter.cpp:295:89:[m[K [01;31m[Kerror: [m[Kinvalid types ‘[01m[Kint[size_t {aka long unsigned int}][m[K’ for array subscript
[1.564s]   295 |             for (size_t i = 1; i < N; ++i) cumulative[i] = cumulative[i-1] + particles[i[01;31m[K][m[K.weight;
[1.564s]       |                                                                                         [01;31m[K^[m[K
[1.564s] [01m[K/home/john/Desktop/rp_ros2_rviz/src/particle_node_filter.cpp:326:43:[m[K [01;31m[Kerror: [m[Kinvalid types ‘[01m[Kint[size_t {aka long unsigned int}][m[K’ for array subscript
[1.564s]   326 |                 Particle p = particles[idx[01;31m[K][m[K;
[1.564s]       |                                           [01;31m[K^[m[K
[1.564s] [01m[K/home/john/Desktop/rp_ros2_rviz/src/particle_node_filter.cpp:353:34:[m[K [01;31m[Kerror: [m[Kcannot convert ‘[01m[Kstd::remove_reference<std::vector<Particle>&>::type[m[K’ {aka ‘[01m[Kstd::vector<Particle>[m[K’} to ‘[01m[Kint[m[K’ in assignment
[1.564s]   353 |             particles = [01;31m[Kstd::move(new_particles)[m[K;
[1.564s]       |                         [01;31m[K~~~~~~~~~^~~~~~~~~~~~~~~[m[K
[1.564s]       |                                  [01;31m[K|[m[K
[1.565s]       |                                  [01;31m[Kstd::remove_reference<std::vector<Particle>&>::type {aka std::vector<Particle>}[m[K
[1.565s] In file included from [01m[K/opt/ros/foxy/include/rclcpp/client.hpp:40[m[K,
[1.565s]                  from [01m[K/opt/ros/foxy/include/rclcpp/callback_group.hpp:23[m[K,
[1.565s]                  from [01m[K/opt/ros/foxy/include/rclcpp/any_executable.hpp:20[m[K,
[1.565s]                  from [01m[K/opt/ros/foxy/include/rclcpp/memory_strategy.hpp:24[m[K,
[1.565s]                  from [01m[K/opt/ros/foxy/include/rclcpp/memory_strategies.hpp:18[m[K,
[1.565s]                  from [01m[K/opt/ros/foxy/include/rclcpp/executor_options.hpp:20[m[K,
[1.565s]                  from [01m[K/opt/ros/foxy/include/rclcpp/executor.hpp:33[m[K,
[1.565s]                  from [01m[K/opt/ros/foxy/include/rclcpp/executors/multi_threaded_executor.hpp:26[m[K,
[1.565s]                  from [01m[K/opt/ros/foxy/include/rclcpp/executors.hpp:21[m[K,
[1.565s]                  from [01m[K/opt/ros/foxy/include/rclcpp/rclcpp.hpp:146[m[K,
[1.565s]                  from [01m[K/home/john/Desktop/rp_ros2_rviz/include/rp_ros2_rviz/particle_filter.h:1[m[K,
[1.565s]                  from [01m[K/home/john/Desktop/rp_ros2_rviz/src/particle_node_filter.cpp:1[m[K:
[1.565s] [01m[K/home/john/Desktop/rp_ros2_rviz/src/particle_node_filter.cpp:356:53:[m[K [01;31m[Kerror: [m[Krequest for member ‘[01m[Ksize[m[K’ in ‘[01m[K((ParticleFilterNode*)this)->ParticleFilterNode::particles[m[K’, which is of non-class type ‘[01m[Kint[m[K’
[1.565s]   356 |                 keep_count, inject_count, particles.[01;31m[Ksize[m[K(), neff);
[1.565s]       |                                                     [01;31m[K^~~~[m[K
[3.229s] make[2]: *** [CMakeFiles/particle_node_filter.dir/build.make:63: CMakeFiles/particle_node_filter.dir/src/particle_node_filter.cpp.o] Error 1
[3.229s] make[1]: *** [CMakeFiles/Makefile2:194: CMakeFiles/particle_node_filter.dir/all] Error 2
[3.231s] make: *** [Makefile:141: all] Error 2
[3.232s] Invoked command in '/home/john/Desktop/rp_ros2_rviz/build/rp_ros2_rviz' returned '2': CMAKE_PREFIX_PATH=${CMAKE_PREFIX_PATH}:/opt/ros/foxy /usr/bin/cmake --build /home/john/Desktop/rp_ros2_rviz/build/rp_ros2_rviz -- -j4 -l4
