[0.022s] Invoking command in '/home/john/Desktop/rp_ros2_rviz/build/rp_ros2_rviz': CMAKE_PREFIX_PATH=${CMAKE_PREFIX_PATH}:/opt/ros/jazzy DEBUGINFOD_URLS=https://debuginfod.ubuntu.com /usr/bin/cmake --build /home/john/Desktop/rp_ros2_rviz/build/rp_ros2_rviz -- -j4 -l4
[0.491s] [  8%] [32mBuilding CXX object CMakeFiles/world_node.dir/src/world_node.cpp.o[0m
[0.491s] [ 16%] [32mBuilding CXX object CMakeFiles/world_node.dir/src/lidar.cpp.o[0m
[0.491s] [ 33%] Built target control_robot
[0.518s] [ 41%] [32mBuilding CXX object CMakeFiles/world_node.dir/src/grid_map.cpp.o[0m
[4.290s] In file included from [01m[K/home/john/Desktop/rp_ros2_rviz/include/rp_ros2_rviz/lidar.h:3[m[K,
[4.290s]                  from [01m[K/home/john/Desktop/rp_ros2_rviz/src/lidar.cpp:1[m[K:
[4.290s] [01m[K/home/john/Desktop/rp_ros2_rviz/include/rp_ros2_rviz/grid_map.h:[m[K In member function ‘[01m[KEigen::Vector2f GridMap::[01;32m[Kg2w[m[K(Eigen::Vector2f) const[m[K’:
[4.291s] [01m[K/home/john/Desktop/rp_ros2_rviz/include/rp_ros2_rviz/grid_map.h:36:19:[m[K [01;31m[Kerror: [m[Kno match for ‘[01m[Koperator-[m[K’ (operand types are ‘[01m[Kconst Eigen::Vector2f[m[K’ {aka ‘[01m[Kconst Eigen::Matrix<float, 2, 1>[m[K’} and ‘[01m[Kconst Vec2f[m[K’)
[4.291s]    36 |     return _piw*([32m[Kg[m[K[01;31m[K-[m[K[34m[Kgrid_origin[m[K)*resolution;
[4.291s]       |                  [32m[K~[m[K[01;31m[K^[m[K[34m[K~~~~~~~~~~~[m[K
[4.291s]       |                  [32m[K|[m[K [34m[K|[m[K
[4.291s]       |                  [32m[K|[m[K [34m[Kconst Vec2f[m[K
[4.291s]       |                  [32m[Kconst Eigen::Vector2f {aka const Eigen::Matrix<float, 2, 1>}[m[K
[4.291s] In file included from [01m[K/usr/include/eigen3/Eigen/Core:19[m[K,
[4.291s]                  from [01m[K/home/john/Desktop/rp_ros2_rviz/include/rp_ros2_rviz/grid_map.h:7[m[K:
[4.291s] [01m[K/usr/include/eigen3/Eigen/src/Core/../plugins/CommonCwiseBinaryOps.h:19:28:[m[K [01;36m[Knote: [m[Kcandidate: ‘[01m[Ktemplate<class OtherDerived> const Eigen::CwiseBinaryOp<Eigen::internal::scalar_difference_op<typename Eigen::internal::traits<T>::Scalar, typename Eigen::internal::traits<OtherDerived>::Scalar>, const Derived, const OtherDerived> Eigen::MatrixBase<Derived>::[01;32m[Koperator-[m[K(const Eigen::MatrixBase<OtherDerived>&) const [35m[K[with Derived = Eigen::Matrix<float, 2, 1>][m[K[m[K’
[4.291s]    19 | EIGEN_MAKE_CWISE_BINARY_OP([01;36m[Koperator[m[K-,difference)
[4.291s]       |                            [01;36m[K^~~~~~~~[m[K
[4.291s] [01m[K/usr/include/eigen3/Eigen/src/Core/util/Macros.h:1348:4:[m[K [01;36m[Knote: [m[Kin definition of macro ‘[01m[KEIGEN_MAKE_CWISE_BINARY_OP[m[K’
[4.291s]  1348 |   ([01;36m[KMETHOD[m[K)(const EIGEN_CURRENT_STORAGE_BASE_CLASS<OtherDerived> &other) const \
[4.291s]       |    [01;36m[K^~~~~~[m[K
[4.291s] [01m[K/usr/include/eigen3/Eigen/src/Core/../plugins/CommonCwiseBinaryOps.h:19:28:[m[K [01;36m[Knote: [m[K  template argument deduction/substitution failed:
[4.292s]    19 | EIGEN_MAKE_CWISE_BINARY_OP([01;36m[Koperator[m[K-,difference)
[4.292s]       |                            [01;36m[K^~~~~~~~[m[K
[4.292s] [01m[K/usr/include/eigen3/Eigen/src/Core/util/Macros.h:1348:4:[m[K [01;36m[Knote: [m[Kin definition of macro ‘[01m[KEIGEN_MAKE_CWISE_BINARY_OP[m[K’
[4.292s]  1348 |   ([01;36m[KMETHOD[m[K)(const EIGEN_CURRENT_STORAGE_BASE_CLASS<OtherDerived> &other) const \
[4.292s]       |    [01;36m[K^~~~~~[m[K
[4.292s] [01m[K/home/john/Desktop/rp_ros2_rviz/include/rp_ros2_rviz/grid_map.h:36:20:[m[K [01;36m[Knote: [m[K  ‘[01m[Kconst Vec2f[m[K’ is not derived from ‘[01m[Kconst Eigen::MatrixBase<Derived>[m[K’
[4.292s]    36 |     return _piw*(g-[01;36m[Kgrid_origin[m[K)*resolution;
[4.292s]       |                    [01;36m[K^~~~~~~~~~~[m[K
[4.292s] In file included from [01m[K/usr/include/eigen3/Eigen/src/Core/DenseBase.h:658[m[K,
[4.292s]                  from [01m[K/usr/include/eigen3/Eigen/Core:272[m[K:
[4.292s] [01m[K/usr/include/eigen3/Eigen/src/Core/../plugins/CommonCwiseUnaryOps.h:45:1:[m[K [01;36m[Knote: [m[Kcandidate: ‘[01m[Kconst Eigen::DenseBase<Derived>::NegativeReturnType Eigen::DenseBase<Derived>::[01;32m[Koperator-[m[K() const [35m[K[with Derived = Eigen::Matrix<float, 2, 1>; NegativeReturnType = Eigen::CwiseUnaryOp<Eigen::internal::scalar_opposite_op<float>, const Eigen::Matrix<float, 2, 1> >][m[K[m[K’
[4.292s]    45 | [01;36m[Koperator[m[K-() const { return NegativeReturnType(derived()); }
[4.292s]       | [01;36m[K^~~~~~~~[m[K
[4.304s] [01m[K/usr/include/eigen3/Eigen/src/Core/../plugins/CommonCwiseUnaryOps.h:45:1:[m[K [01;36m[Knote: [m[K  candidate expects 0 arguments, 1 provided
[4.307s] In file included from [01m[K/usr/include/c++/13/string:48[m[K,
[4.307s]                  from [01m[K/usr/include/c++/13/bits/locale_classes.h:40[m[K,
[4.307s]                  from [01m[K/usr/include/c++/13/bits/ios_base.h:41[m[K,
[4.307s]                  from [01m[K/usr/include/c++/13/ios:44[m[K,
[4.307s]                  from [01m[K/usr/include/c++/13/ostream:40[m[K,
[4.307s]                  from [01m[K/usr/include/c++/13/iostream:41[m[K,
[4.307s]                  from [01m[K/home/john/Desktop/rp_ros2_rviz/include/rp_ros2_rviz/world.h:2[m[K,
[4.307s]                  from [01m[K/home/john/Desktop/rp_ros2_rviz/include/rp_ros2_rviz/lidar.h:2[m[K:
[4.307s] [01m[K/usr/include/c++/13/bits/stl_iterator.h:625:5:[m[K [01;36m[Knote: [m[Kcandidate: ‘[01m[Ktemplate<class _IteratorL, class _IteratorR> constexpr decltype ((__y.base() - __x.base())) std::[01;32m[Koperator-[m[K(const reverse_iterator<_Iterator>&, const reverse_iterator<_IteratorR>&)[m[K’
[4.307s]   625 |     [01;36m[Koperator[m[K-(const reverse_iterator<_IteratorL>& __x,
[4.307s]       |     [01;36m[K^~~~~~~~[m[K
[4.307s] [01m[K/usr/include/c++/13/bits/stl_iterator.h:625:5:[m[K [01;36m[Knote: [m[K  template argument deduction/substitution failed:
[4.307s] [01m[K/home/john/Desktop/rp_ros2_rviz/include/rp_ros2_rviz/grid_map.h:36:20:[m[K [01;36m[Knote: [m[K  ‘[01m[Kconst Eigen::Vector2f[m[K’ {aka ‘[01m[Kconst Eigen::Matrix<float, 2, 1>[m[K’} is not derived from ‘[01m[Kconst std::reverse_iterator<_Iterator>[m[K’
[4.307s]    36 |     return _piw*(g-[01;36m[Kgrid_origin[m[K)*resolution;
[4.308s]       |                    [01;36m[K^~~~~~~~~~~[m[K
[4.308s] [01m[K/usr/include/c++/13/bits/stl_iterator.h:1800:5:[m[K [01;36m[Knote: [m[Kcandidate: ‘[01m[Ktemplate<class _IteratorL, class _IteratorR> constexpr decltype ((__x.base() - __y.base())) std::[01;32m[Koperator-[m[K(const move_iterator<_IteratorL>&, const move_iterator<_IteratorR>&)[m[K’
[4.308s]  1800 |     [01;36m[Koperator[m[K-(const move_iterator<_IteratorL>& __x,
[4.308s]       |     [01;36m[K^~~~~~~~[m[K
[4.308s] [01m[K/usr/include/c++/13/bits/stl_iterator.h:1800:5:[m[K [01;36m[Knote: [m[K  template argument deduction/substitution failed:
[4.308s] [01m[K/home/john/Desktop/rp_ros2_rviz/include/rp_ros2_rviz/grid_map.h:36:20:[m[K [01;36m[Knote: [m[K  ‘[01m[Kconst Eigen::Vector2f[m[K’ {aka ‘[01m[Kconst Eigen::Matrix<float, 2, 1>[m[K’} is not derived from ‘[01m[Kconst std::move_iterator<_IteratorL>[m[K’
[4.308s]    36 |     return _piw*(g-[01;36m[Kgrid_origin[m[K)*resolution;
[4.308s]       |                    [01;36m[K^~~~~~~~~~~[m[K
[4.308s] In file included from [01m[K/usr/include/opencv4/opencv2/core/cvstd.inl.hpp:47[m[K,
[4.308s]                  from [01m[K/usr/include/opencv4/opencv2/core.hpp:3349[m[K,
[4.308s]                  from [01m[K/usr/include/opencv4/opencv2/opencv.hpp:52[m[K,
[4.308s]                  from [01m[K/home/john/Desktop/rp_ros2_rviz/include/rp_ros2_rviz/canvas.h:2[m[K,
[4.308s]                  from [01m[K/home/john/Desktop/rp_ros2_rviz/include/rp_ros2_rviz/world.h:6[m[K:
[4.308s] [01m[K/usr/include/c++/13/complex:365:5:[m[K [01;36m[Knote: [m[Kcandidate: ‘[01m[Ktemplate<class _Tp> std::complex<_Tp> std::[01;32m[Koperator-[m[K(const complex<_Tp>&, const complex<_Tp>&)[m[K’
[4.308s]   365 |     [01;36m[Koperator[m[K-(const complex<_Tp>& __x, const complex<_Tp>& __y)
[4.308s]       |     [01;36m[K^~~~~~~~[m[K
[4.308s] [01m[K/usr/include/c++/13/complex:365:5:[m[K [01;36m[Knote: [m[K  template argument deduction/substitution failed:
[4.308s] [01m[K/home/john/Desktop/rp_ros2_rviz/include/rp_ros2_rviz/grid_map.h:36:20:[m[K [01;36m[Knote: [m[K  ‘[01m[Kconst Eigen::Vector2f[m[K’ {aka ‘[01m[Kconst Eigen::Matrix<float, 2, 1>[m[K’} is not derived from ‘[01m[Kconst std::complex<_Tp>[m[K’
[4.308s]    36 |     return _piw*(g-[01;36m[Kgrid_origin[m[K)*resolution;
[4.308s]       |                    [01;36m[K^~~~~~~~~~~[m[K
[4.317s] [01m[K/usr/include/c++/13/complex:374:5:[m[K [01;36m[Knote: [m[Kcandidate: ‘[01m[Ktemplate<class _Tp> std::complex<_Tp> std::[01;32m[Koperator-[m[K(const complex<_Tp>&, const _Tp&)[m[K’
[4.319s]   374 |     [01;36m[Koperator[m[K-(const complex<_Tp>& __x, const _Tp& __y)
[4.325s]       |     [01;36m[K^~~~~~~~[m[K
[4.325s] [01m[K/usr/include/c++/13/complex:374:5:[m[K [01;36m[Knote: [m[K  template argument deduction/substitution failed:
[4.325s] [01m[K/home/john/Desktop/rp_ros2_rviz/include/rp_ros2_rviz/grid_map.h:36:20:[m[K [01;36m[Knote: [m[K  ‘[01m[Kconst Eigen::Vector2f[m[K’ {aka ‘[01m[Kconst Eigen::Matrix<float, 2, 1>[m[K’} is not derived from ‘[01m[Kconst std::complex<_Tp>[m[K’
[4.325s]    36 |     return _piw*(g-[01;36m[Kgrid_origin[m[K)*resolution;
[4.325s]       |                    [01;36m[K^~~~~~~~~~~[m[K
[4.325s] [01m[K/usr/include/c++/13/complex:383:5:[m[K [01;36m[Knote: [m[Kcandidate: ‘[01m[Ktemplate<class _Tp> std::complex<_Tp> std::[01;32m[Koperator-[m[K(const _Tp&, const complex<_Tp>&)[m[K’
[4.325s]   383 |     [01;36m[Koperator[m[K-(const _Tp& __x, const complex<_Tp>& __y)
[4.325s]       |     [01;36m[K^~~~~~~~[m[K
[4.325s] [01m[K/usr/include/c++/13/complex:383:5:[m[K [01;36m[Knote: [m[K  template argument deduction/substitution failed:
[4.325s] [01m[K/home/john/Desktop/rp_ros2_rviz/include/rp_ros2_rviz/grid_map.h:36:20:[m[K [01;36m[Knote: [m[K  ‘[01m[Kconst Vec2f[m[K’ is not derived from ‘[01m[Kconst std::complex<_Tp>[m[K’
[4.325s]    36 |     return _piw*(g-[01;36m[Kgrid_origin[m[K)*resolution;
[4.326s]       |                    [01;36m[K^~~~~~~~~~~[m[K
[4.326s] [01m[K/usr/include/c++/13/complex:460:5:[m[K [01;36m[Knote: [m[Kcandidate: ‘[01m[Ktemplate<class _Tp> std::complex<_Tp> std::[01;32m[Koperator-[m[K(const complex<_Tp>&)[m[K’
[4.326s]   460 |     [01;36m[Koperator[m[K-(const complex<_Tp>& __x)
[4.326s]       |     [01;36m[K^~~~~~~~[m[K
[4.326s] [01m[K/usr/include/c++/13/complex:460:5:[m[K [01;36m[Knote: [m[K  template argument deduction/substitution failed:
[4.326s] [01m[K/home/john/Desktop/rp_ros2_rviz/include/rp_ros2_rviz/grid_map.h:36:20:[m[K [01;36m[Knote: [m[K  ‘[01m[Kconst Eigen::Vector2f[m[K’ {aka ‘[01m[Kconst Eigen::Matrix<float, 2, 1>[m[K’} is not derived from ‘[01m[Kconst std::complex<_Tp>[m[K’
[4.326s]    36 |     return _piw*(g-[01;36m[Kgrid_origin[m[K)*resolution;
[4.326s]       |                    [01;36m[K^~~~~~~~~~~[m[K
[4.326s] [01m[K/home/john/Desktop/rp_ros2_rviz/include/rp_ros2_rviz/grid_map.h:[m[K In member function ‘[01m[KEigen::Vector2f GridMap::[01;32m[Kw2g[m[K(Eigen::Vector2f) const[m[K’:
[4.326s] [01m[K/home/john/Desktop/rp_ros2_rviz/include/rp_ros2_rviz/grid_map.h:41:18:[m[K [01;31m[Kerror: [m[Kno match for ‘[01m[Koperator*[m[K’ (operand types are ‘[01m[Kconst Isometry2f[m[K’ and ‘[01m[Kconst Eigen::Vector2f[m[K’ {aka ‘[01m[Kconst Eigen::Matrix<float, 2, 1>[m[K’})
[4.326s]    41 |     return ([32m[K_ipiw[m[K[01;31m[K*[m[K[34m[Kw[m[K)*inv_resolution+grid_origin;
[4.326s]       |             [32m[K~~~~~[m[K[01;31m[K^[m[K[34m[K~[m[K
[4.326s]       |             [32m[K|[m[K     [34m[K|[m[K
[4.326s]       |             [32m[K|[m[K     [34m[Kconst Eigen::Vector2f {aka const Eigen::Matrix<float, 2, 1>}[m[K
[4.326s]       |             [32m[Kconst Isometry2f[m[K
[4.326s] In file included from [01m[K/home/john/Desktop/rp_ros2_rviz/include/rp_ros2_rviz/world.h:5[m[K:
[4.326s] [01m[K/home/john/Desktop/rp_ros2_rviz/include/rp_ros2_rviz/linalg.h:207:21:[m[K [01;36m[Knote: [m[Kcandidate: ‘[01m[KIsometry2f Isometry2f::[01;32m[Koperator*[m[K(const Isometry2f&) const[m[K’
[4.326s]   207 |   inline Isometry2f [01;36m[Koperator[m[K*(const Isometry2f& src) const {
[4.330s]       |                     [01;36m[K^~~~~~~~[m[K
[4.330s] [01m[K/home/john/Desktop/rp_ros2_rviz/include/rp_ros2_rviz/linalg.h:207:49:[m[K [01;36m[Knote: [m[K  no known conversion for argument 1 from ‘[01m[Kconst Eigen::Vector2f[m[K’ {aka ‘[01m[Kconst Eigen::Matrix<float, 2, 1>[m[K’} to ‘[01m[Kconst Isometry2f&[m[K’
[4.330s]   207 |   inline Isometry2f operator*([01;36m[Kconst Isometry2f& src[m[K) const {
[4.330s]       |                               [01;36m[K~~~~~~~~~~~~~~~~~~^~~[m[K
[4.330s] [01m[K/home/john/Desktop/rp_ros2_rviz/include/rp_ros2_rviz/linalg.h:221:16:[m[K [01;36m[Knote: [m[Kcandidate: ‘[01m[KVec2f Isometry2f::[01;32m[Koperator*[m[K(const Vec2f&) const[m[K’
[4.330s]   221 |   inline Vec2f [01;36m[Koperator[m[K*(const Vec2f& src) const {
[4.330s]       |                [01;36m[K^~~~~~~~[m[K
[4.330s] [01m[K/home/john/Desktop/rp_ros2_rviz/include/rp_ros2_rviz/linalg.h:221:39:[m[K [01;36m[Knote: [m[K  no known conversion for argument 1 from ‘[01m[Kconst Eigen::Vector2f[m[K’ {aka ‘[01m[Kconst Eigen::Matrix<float, 2, 1>[m[K’} to ‘[01m[Kconst Vec2f&[m[K’
[4.330s]   221 |   inline Vec2f operator*([01;36m[Kconst Vec2f& src[m[K) const {
[4.330s]       |                          [01;36m[K~~~~~~~~~~~~~^~~[m[K
[4.330s] [01m[K/usr/include/c++/13/complex:395:5:[m[K [01;36m[Knote: [m[Kcandidate: ‘[01m[Ktemplate<class _Tp> std::complex<_Tp> std::[01;32m[Koperator*[m[K(const complex<_Tp>&, const complex<_Tp>&)[m[K’
[4.330s]   395 |     [01;36m[Koperator[m[K*(const complex<_Tp>& __x, const complex<_Tp>& __y)
[4.330s]       |     [01;36m[K^~~~~~~~[m[K
[4.330s] [01m[K/usr/include/c++/13/complex:395:5:[m[K [01;36m[Knote: [m[K  template argument deduction/substitution failed:
[4.333s] [01m[K/home/john/Desktop/rp_ros2_rviz/include/rp_ros2_rviz/grid_map.h:41:19:[m[K [01;36m[Knote: [m[K  ‘[01m[Kconst Isometry2f[m[K’ is not derived from ‘[01m[Kconst std::complex<_Tp>[m[K’
[4.333s]    41 |     return (_ipiw*[01;36m[Kw[m[K)*inv_resolution+grid_origin;
[4.333s]       |                   [01;36m[K^[m[K
[4.333s] [01m[K/usr/include/c++/13/complex:404:5:[m[K [01;36m[Knote: [m[Kcandidate: ‘[01m[Ktemplate<class _Tp> std::complex<_Tp> std::[01;32m[Koperator*[m[K(const complex<_Tp>&, const _Tp&)[m[K’
[4.333s]   404 |     [01;36m[Koperator[m[K*(const complex<_Tp>& __x, const _Tp& __y)
[4.333s]       |     [01;36m[K^~~~~~~~[m[K
[4.333s] [01m[K/usr/include/c++/13/complex:404:5:[m[K [01;36m[Knote: [m[K  template argument deduction/substitution failed:
[4.333s] [01m[K/home/john/Desktop/rp_ros2_rviz/include/rp_ros2_rviz/grid_map.h:41:19:[m[K [01;36m[Knote: [m[K  ‘[01m[Kconst Isometry2f[m[K’ is not derived from ‘[01m[Kconst std::complex<_Tp>[m[K’
[4.333s]    41 |     return (_ipiw*[01;36m[Kw[m[K)*inv_resolution+grid_origin;
[4.333s]       |                   [01;36m[K^[m[K
[4.334s] [01m[K/usr/include/c++/13/complex:413:5:[m[K [01;36m[Knote: [m[Kcandidate: ‘[01m[Ktemplate<class _Tp> std::complex<_Tp> std::[01;32m[Koperator*[m[K(const _Tp&, const complex<_Tp>&)[m[K’
[4.334s]   413 |     [01;36m[Koperator[m[K*(const _Tp& __x, const complex<_Tp>& __y)
[4.334s]       |     [01;36m[K^~~~~~~~[m[K
[4.334s] [01m[K/usr/include/c++/13/complex:413:5:[m[K [01;36m[Knote: [m[K  template argument deduction/substitution failed:
[4.334s] [01m[K/home/john/Desktop/rp_ros2_rviz/include/rp_ros2_rviz/grid_map.h:41:19:[m[K [01;36m[Knote: [m[K  ‘[01m[Kconst Eigen::Vector2f[m[K’ {aka ‘[01m[Kconst Eigen::Matrix<float, 2, 1>[m[K’} is not derived from ‘[01m[Kconst std::complex<_Tp>[m[K’
[4.334s]    41 |     return (_ipiw*[01;36m[Kw[m[K)*inv_resolution+grid_origin;
[4.334s]       |                   [01;36m[K^[m[K
[4.334s] [01m[K/usr/include/eigen3/Eigen/src/Core/../plugins/CommonCwiseBinaryOps.h:50:29:[m[K [01;36m[Knote: [m[Kcandidate: ‘[01m[Ktemplate<class T> const Eigen::CwiseBinaryOp<Eigen::internal::scalar_product_op<typename Eigen::internal::promote_scalar_arg<float, T, Eigen::internal::has_ReturnType<Eigen::ScalarBinaryOpTraits<T, float, Eigen::internal::scalar_product_op<T, float> > >::value>::type, float>, const typename Eigen::internal::plain_constant_type<Eigen::Matrix<float, 2, 1>, typename Eigen::internal::promote_scalar_arg<float, T, Eigen::internal::has_ReturnType<Eigen::ScalarBinaryOpTraits<T, float, Eigen::internal::scalar_product_op<T, float> > >::value>::type>::type, const Eigen::Matrix<float, 2, 1> > Eigen::[01;32m[Koperator*[m[K(const T&, const MatrixBase<Matrix<float, 2, 1> >::StorageBaseType&)[m[K’
[4.334s]    50 | EIGEN_MAKE_SCALAR_BINARY_OP([01;36m[Koperator[m[K*,product)
[4.334s]       |                             [01;36m[K^~~~~~~~[m[K
[4.334s] [01m[K/usr/include/eigen3/Eigen/src/Core/util/Macros.h:1383:4:[m[K [01;36m[Knote: [m[Kin definition of macro ‘[01m[KEIGEN_MAKE_SCALAR_BINARY_OP_ONTHELEFT[m[K’
[4.334s]  1383 |   ([01;36m[KMETHOD[m[K)(const T& scalar, const StorageBaseType& matrix) { \
[4.334s]       |    [01;36m[K^~~~~~[m[K
[4.334s] [01m[K/usr/include/eigen3/Eigen/src/Core/../plugins/CommonCwiseBinaryOps.h:50:1:[m[K [01;36m[Knote: [m[Kin expansion of macro ‘[01m[KEIGEN_MAKE_SCALAR_BINARY_OP[m[K’
[4.334s]    50 | [01;36m[KEIGEN_MAKE_SCALAR_BINARY_OP[m[K(operator*,product)
[4.334s]       | [01;36m[K^~~~~~~~~~~~~~~~~~~~~~~~~~~[m[K
[4.338s] [01m[K/usr/include/eigen3/Eigen/src/Core/../plugins/CommonCwiseBinaryOps.h:50:29:[m[K [01;36m[Knote: [m[K  template argument deduction/substitution failed:
[4.341s]    50 | EIGEN_MAKE_SCALAR_BINARY_OP([01;36m[Koperator[m[K*,product)
[4.342s]       |                             [01;36m[K^~~~~~~~[m[K
[4.342s] [01m[K/usr/include/eigen3/Eigen/src/Core/util/Macros.h:1383:4:[m[K [01;36m[Knote: [m[Kin definition of macro ‘[01m[KEIGEN_MAKE_SCALAR_BINARY_OP_ONTHELEFT[m[K’
[4.342s]  1383 |   ([01;36m[KMETHOD[m[K)(const T& scalar, const StorageBaseType& matrix) { \
[4.342s]       |    [01;36m[K^~~~~~[m[K
[4.342s] [01m[K/usr/include/eigen3/Eigen/src/Core/../plugins/CommonCwiseBinaryOps.h:50:1:[m[K [01;36m[Knote: [m[Kin expansion of macro ‘[01m[KEIGEN_MAKE_SCALAR_BINARY_OP[m[K’
[4.343s]    50 | [01;36m[KEIGEN_MAKE_SCALAR_BINARY_OP[m[K(operator*,product)
[4.345s]       | [01;36m[K^~~~~~~~~~~~~~~~~~~~~~~~~~~[m[K
[4.345s] /usr/include/eigen3/Eigen/src/Core/../plugins/CommonCwiseBinaryOps.h: In substitution of ‘[01m[Ktemplate<class T> const Eigen::CwiseBinaryOp<Eigen::internal::scalar_product_op<typename Eigen::internal::promote_scalar_arg<float, T, Eigen::internal::has_ReturnType<Eigen::ScalarBinaryOpTraits<T, float, Eigen::internal::scalar_product_op<T, float> > >::value>::type, float>, const typename Eigen::internal::plain_constant_type<Eigen::Matrix<float, 2, 1>, typename Eigen::internal::promote_scalar_arg<float, T, Eigen::internal::has_ReturnType<Eigen::ScalarBinaryOpTraits<T, float, Eigen::internal::scalar_product_op<T, float> > >::value>::type>::type, const Eigen::Matrix<float, 2, 1> > Eigen::[01;32m[Koperator*[m[K(const T&, const MatrixBase<Matrix<float, 2, 1> >::StorageBaseType&) [35m[K[with T = Isometry2f][m[K[m[K’:
[4.345s] [01m[K/home/john/Desktop/rp_ros2_rviz/include/rp_ros2_rviz/grid_map.h:41:19:[m[K   required from here
[4.345s] [01m[K/usr/include/eigen3/Eigen/src/Core/../plugins/CommonCwiseBinaryOps.h:50:29:[m[K [01;31m[Kerror: [m[Kno type named ‘[01m[Ktype[m[K’ in ‘[01m[Kstruct Eigen::internal::promote_scalar_arg<float, Isometry2f, false>[m[K’
[4.345s]    50 | EIGEN_MAKE_SCALAR_BINARY_OP([01;31m[Koperator[m[K*,product)
[4.345s]       |                             [01;31m[K^~~~~~~~[m[K
[4.346s] [01m[K/usr/include/eigen3/Eigen/src/Core/util/Macros.h:1383:4:[m[K [01;36m[Knote: [m[Kin definition of macro ‘[01m[KEIGEN_MAKE_SCALAR_BINARY_OP_ONTHELEFT[m[K’
[4.346s]  1383 |   ([01;36m[KMETHOD[m[K)(const T& scalar, const StorageBaseType& matrix) { \
[4.346s]       |    [01;36m[K^~~~~~[m[K
[4.346s] [01m[K/usr/include/eigen3/Eigen/src/Core/../plugins/CommonCwiseBinaryOps.h:50:1:[m[K [01;36m[Knote: [m[Kin expansion of macro ‘[01m[KEIGEN_MAKE_SCALAR_BINARY_OP[m[K’
[4.346s]    50 | [01;36m[KEIGEN_MAKE_SCALAR_BINARY_OP[m[K(operator*,product)
[4.346s]       | [01;36m[K^~~~~~~~~~~~~~~~~~~~~~~~~~~[m[K
[4.346s] In file included from [01m[K/usr/include/eigen3/Eigen/Core:326[m[K:
[4.346s] [01m[K/usr/include/eigen3/Eigen/src/Core/PermutationMatrix.h:515:1:[m[K [01;36m[Knote: [m[Kcandidate: ‘[01m[Ktemplate<class MatrixDerived, class PermutationDerived> const Eigen::Product<MatrixDerived, PermutationDerived, 2> Eigen::[01;32m[Koperator*[m[K(const MatrixBase<Derived>&, const PermutationBase<PermutationDerived>&)[m[K’
[4.348s]   515 | [01;36m[Koperator[m[K*(const MatrixBase<MatrixDerived> &matrix,
[4.348s]       | [01;36m[K^~~~~~~~[m[K
[4.348s] [01m[K/usr/include/eigen3/Eigen/src/Core/PermutationMatrix.h:515:1:[m[K [01;36m[Knote: [m[K  template argument deduction/substitution failed:
[4.348s] [01m[K/home/john/Desktop/rp_ros2_rviz/include/rp_ros2_rviz/grid_map.h:41:19:[m[K [01;36m[Knote: [m[K  ‘[01m[Kconst Isometry2f[m[K’ is not derived from ‘[01m[Kconst Eigen::MatrixBase<Derived>[m[K’
[4.348s]    41 |     return (_ipiw*[01;36m[Kw[m[K)*inv_resolution+grid_origin;
[4.348s]       |                   [01;36m[K^[m[K
[4.351s] [01m[K/usr/include/eigen3/Eigen/src/Core/PermutationMatrix.h:527:1:[m[K [01;36m[Knote: [m[Kcandidate: ‘[01m[Ktemplate<class PermutationDerived, class MatrixDerived> const Eigen::Product<MatrixDerived, PermutationDerived, 2> Eigen::[01;32m[Koperator*[m[K(const PermutationBase<PermutationDerived>&, const MatrixBase<U>&)[m[K’
[4.351s]   527 | [01;36m[Koperator[m[K*(const PermutationBase<PermutationDerived> &permutation,
[4.351s]       | [01;36m[K^~~~~~~~[m[K
[4.351s] [01m[K/usr/include/eigen3/Eigen/src/Core/PermutationMatrix.h:527:1:[m[K [01;36m[Knote: [m[K  template argument deduction/substitution failed:
[4.351s] [01m[K/home/john/Desktop/rp_ros2_rviz/include/rp_ros2_rviz/grid_map.h:41:19:[m[K [01;36m[Knote: [m[K  ‘[01m[Kconst Isometry2f[m[K’ is not derived from ‘[01m[Kconst Eigen::PermutationBase<PermutationDerived>[m[K’
[4.351s]    41 |     return (_ipiw*[01;36m[Kw[m[K)*inv_resolution+grid_origin;
[4.351s]       |                   [01;36m[K^[m[K
[4.351s] In file included from [01m[K/usr/include/eigen3/Eigen/Core:327[m[K:
[4.354s] [01m[K/usr/include/eigen3/Eigen/src/Core/Transpositions.h:313:1:[m[K [01;36m[Knote: [m[Kcandidate: ‘[01m[Ktemplate<class MatrixDerived, class TranspositionsDerived> const Eigen::Product<MatrixDerived, PermutationDerived, 2> Eigen::[01;32m[Koperator*[m[K(const MatrixBase<Derived>&, const TranspositionsBase<TranspositionsDerived>&)[m[K’
[4.354s]   313 | [01;36m[Koperator[m[K*(const MatrixBase<MatrixDerived> &matrix,
[4.354s]       | [01;36m[K^~~~~~~~[m[K
[4.357s] [01m[K/usr/include/eigen3/Eigen/src/Core/Transpositions.h:313:1:[m[K [01;36m[Knote: [m[K  template argument deduction/substitution failed:
[4.357s] [01m[K/home/john/Desktop/rp_ros2_rviz/include/rp_ros2_rviz/grid_map.h:41:19:[m[K [01;36m[Knote: [m[K  ‘[01m[Kconst Isometry2f[m[K’ is not derived from ‘[01m[Kconst Eigen::MatrixBase<Derived>[m[K’
[4.357s]    41 |     return (_ipiw*[01;36m[Kw[m[K)*inv_resolution+grid_origin;
[4.357s]       |                   [01;36m[K^[m[K
[4.357s] [01m[K/usr/include/eigen3/Eigen/src/Core/Transpositions.h:325:1:[m[K [01;36m[Knote: [m[Kcandidate: ‘[01m[Ktemplate<class TranspositionsDerived, class MatrixDerived> const Eigen::Product<MatrixDerived, PermutationDerived, 2> Eigen::[01;32m[Koperator*[m[K(const TranspositionsBase<TranspositionsDerived>&, const MatrixBase<U>&)[m[K’
[4.357s]   325 | [01;36m[Koperator[m[K*(const TranspositionsBase<TranspositionsDerived> &transpositions,
[4.357s]       | [01;36m[K^~~~~~~~[m[K
[4.357s] [01m[K/usr/include/eigen3/Eigen/src/Core/Transpositions.h:325:1:[m[K [01;36m[Knote: [m[K  template argument deduction/substitution failed:
[4.357s] [01m[K/home/john/Desktop/rp_ros2_rviz/include/rp_ros2_rviz/grid_map.h:41:19:[m[K [01;36m[Knote: [m[K  ‘[01m[Kconst Isometry2f[m[K’ is not derived from ‘[01m[Kconst Eigen::TranspositionsBase<TranspositionsDerived>[m[K’
[4.357s]    41 |     return (_ipiw*[01;36m[Kw[m[K)*inv_resolution+grid_origin;
[4.357s]       |                   [01;36m[K^[m[K
[4.357s] In file included from [01m[K/home/john/Desktop/rp_ros2_rviz/src/grid_map.cpp:1[m[K:
[4.357s] [01m[K/home/john/Desktop/rp_ros2_rviz/include/rp_ros2_rviz/grid_map.h:[m[K In member function ‘[01m[KEigen::Vector2f GridMap::[01;32m[Kg2w[m[K(Eigen::Vector2f) const[m[K’:
[4.357s] [01m[K/home/john/Desktop/rp_ros2_rviz/include/rp_ros2_rviz/grid_map.h:36:19:[m[K [01;31m[Kerror: [m[Kno match for ‘[01m[Koperator-[m[K’ (operand types are ‘[01m[Kconst Eigen::Vector2f[m[K’ {aka ‘[01m[Kconst Eigen::Matrix<float, 2, 1>[m[K’} and ‘[01m[Kconst Vec2f[m[K’)
[4.357s]    36 |     return _piw*([32m[Kg[m[K[01;31m[K-[m[K[34m[Kgrid_origin[m[K)*resolution;
[4.357s]       |                  [32m[K~[m[K[01;31m[K^[m[K[34m[K~~~~~~~~~~~[m[K
[4.357s]       |                  [32m[K|[m[K [34m[K|[m[K
[4.357s]       |                  [32m[K|[m[K [34m[Kconst Vec2f[m[K
[4.357s]       |                  [32m[Kconst Eigen::Vector2f {aka const Eigen::Matrix<float, 2, 1>}[m[K
[4.358s] In file included from [01m[K/usr/include/eigen3/Eigen/Core:19[m[K,
[4.358s]                  from [01m[K/home/john/Desktop/rp_ros2_rviz/include/rp_ros2_rviz/grid_map.h:7[m[K:
[4.358s] [01m[K/usr/include/eigen3/Eigen/src/Core/../plugins/CommonCwiseBinaryOps.h:19:28:[m[K [01;36m[Knote: [m[Kcandidate: ‘[01m[Ktemplate<class OtherDerived> const Eigen::CwiseBinaryOp<Eigen::internal::scalar_difference_op<typename Eigen::internal::traits<T>::Scalar, typename Eigen::internal::traits<OtherDerived>::Scalar>, const Derived, const OtherDerived> Eigen::MatrixBase<Derived>::[01;32m[Koperator-[m[K(const Eigen::MatrixBase<OtherDerived>&) const [35m[K[with Derived = Eigen::Matrix<float, 2, 1>][m[K[m[K’
[4.358s]    19 | EIGEN_MAKE_CWISE_BINARY_OP([01;36m[Koperator[m[K-,difference)
[4.358s]       |                            [01;36m[K^~~~~~~~[m[K
[4.358s] [01m[K/usr/include/eigen3/Eigen/src/Core/util/Macros.h:1348:4:[m[K [01;36m[Knote: [m[Kin definition of macro ‘[01m[KEIGEN_MAKE_CWISE_BINARY_OP[m[K’
[4.358s]  1348 |   ([01;36m[KMETHOD[m[K)(const EIGEN_CURRENT_STORAGE_BASE_CLASS<OtherDerived> &other) const \
[4.358s]       |    [01;36m[K^~~~~~[m[K
[4.358s] [01m[K/usr/include/eigen3/Eigen/src/Core/../plugins/CommonCwiseBinaryOps.h:19:28:[m[K [01;36m[Knote: [m[K  template argument deduction/substitution failed:
[4.358s]    19 | EIGEN_MAKE_CWISE_BINARY_OP([01;36m[Koperator[m[K-,difference)
[4.358s]       |                            [01;36m[K^~~~~~~~[m[K
[4.358s] [01m[K/usr/include/eigen3/Eigen/src/Core/util/Macros.h:1348:4:[m[K [01;36m[Knote: [m[Kin definition of macro ‘[01m[KEIGEN_MAKE_CWISE_BINARY_OP[m[K’
[4.358s]  1348 |   ([01;36m[KMETHOD[m[K)(const EIGEN_CURRENT_STORAGE_BASE_CLASS<OtherDerived> &other) const \
[4.358s]       |    [01;36m[K^~~~~~[m[K
[4.358s] [01m[K/home/john/Desktop/rp_ros2_rviz/include/rp_ros2_rviz/grid_map.h:36:20:[m[K [01;36m[Knote: [m[K  ‘[01m[Kconst Vec2f[m[K’ is not derived from ‘[01m[Kconst Eigen::MatrixBase<Derived>[m[K’
[4.358s]    36 |     return _piw*(g-[01;36m[Kgrid_origin[m[K)*resolution;
[4.358s]       |                    [01;36m[K^~~~~~~~~~~[m[K
[4.358s] In file included from [01m[K/usr/include/eigen3/Eigen/src/Core/DenseBase.h:658[m[K,
[4.358s]                  from [01m[K/usr/include/eigen3/Eigen/Core:272[m[K:
[4.358s] [01m[K/usr/include/eigen3/Eigen/src/Core/../plugins/CommonCwiseUnaryOps.h:45:1:[m[K [01;36m[Knote: [m[Kcandidate: ‘[01m[Kconst Eigen::DenseBase<Derived>::NegativeReturnType Eigen::DenseBase<Derived>::[01;32m[Koperator-[m[K() const [35m[K[with Derived = Eigen::Matrix<float, 2, 1>; NegativeReturnType = Eigen::CwiseUnaryOp<Eigen::internal::scalar_opposite_op<float>, const Eigen::Matrix<float, 2, 1> >][m[K[m[K’
[4.358s]    45 | [01;36m[Koperator[m[K-() const { return NegativeReturnType(derived()); }
[4.358s]       | [01;36m[K^~~~~~~~[m[K
[4.358s] [01m[K/usr/include/eigen3/Eigen/src/Core/../plugins/CommonCwiseUnaryOps.h:45:1:[m[K [01;36m[Knote: [m[K  candidate expects 0 arguments, 1 provided
[4.358s] In file included from [01m[K/usr/include/c++/13/string:48[m[K,
[4.358s]                  from [01m[K/usr/include/c++/13/bits/locale_classes.h:40[m[K,
[4.359s]                  from [01m[K/usr/include/c++/13/bits/ios_base.h:41[m[K,
[4.359s]                  from [01m[K/usr/include/c++/13/ios:44[m[K,
[4.359s]                  from [01m[K/usr/include/c++/13/ostream:40[m[K,
[4.359s]                  from [01m[K/usr/include/c++/13/iostream:41[m[K,
[4.359s]                  from [01m[K/home/john/Desktop/rp_ros2_rviz/include/rp_ros2_rviz/linalg.h:2[m[K,
[4.359s]                  from [01m[K/home/john/Desktop/rp_ros2_rviz/include/rp_ros2_rviz/grid_map.h:2[m[K:
[4.359s] [01m[K/usr/include/c++/13/bits/stl_iterator.h:625:5:[m[K [01;36m[Knote: [m[Kcandidate: ‘[01m[Ktemplate<class _IteratorL, class _IteratorR> constexpr decltype ((__y.base() - __x.base())) std::[01;32m[Koperator-[m[K(const reverse_iterator<_Iterator>&, const reverse_iterator<_IteratorR>&)[m[K’
[4.359s]   625 |     [01;36m[Koperator[m[K-(const reverse_iterator<_IteratorL>& __x,
[4.359s]       |     [01;36m[K^~~~~~~~[m[K
[4.359s] [01m[K/usr/include/c++/13/bits/stl_iterator.h:625:5:[m[K [01;36m[Knote: [m[K  template argument deduction/substitution failed:
[4.359s] [01m[K/home/john/Desktop/rp_ros2_rviz/include/rp_ros2_rviz/grid_map.h:36:20:[m[K [01;36m[Knote: [m[K  ‘[01m[Kconst Eigen::Vector2f[m[K’ {aka ‘[01m[Kconst Eigen::Matrix<float, 2, 1>[m[K’} is not derived from ‘[01m[Kconst std::reverse_iterator<_Iterator>[m[K’
[4.359s]    36 |     return _piw*(g-[01;36m[Kgrid_origin[m[K)*resolution;
[4.359s]       |                    [01;36m[K^~~~~~~~~~~[m[K
[4.359s] [01m[K/usr/include/c++/13/bits/stl_iterator.h:1800:5:[m[K [01;36m[Knote: [m[Kcandidate: ‘[01m[Ktemplate<class _IteratorL, class _IteratorR> constexpr decltype ((__x.base() - __y.base())) std::[01;32m[Koperator-[m[K(const move_iterator<_IteratorL>&, const move_iterator<_IteratorR>&)[m[K’
[4.359s]  1800 |     [01;36m[Koperator[m[K-(const move_iterator<_IteratorL>& __x,
[4.359s]       |     [01;36m[K^~~~~~~~[m[K
[4.359s] [01m[K/usr/include/c++/13/bits/stl_iterator.h:1800:5:[m[K [01;36m[Knote: [m[K  template argument deduction/substitution failed:
[4.359s] [01m[K/home/john/Desktop/rp_ros2_rviz/include/rp_ros2_rviz/grid_map.h:36:20:[m[K [01;36m[Knote: [m[K  ‘[01m[Kconst Eigen::Vector2f[m[K’ {aka ‘[01m[Kconst Eigen::Matrix<float, 2, 1>[m[K’} is not derived from ‘[01m[Kconst std::move_iterator<_IteratorL>[m[K’
[4.359s]    36 |     return _piw*(g-[01;36m[Kgrid_origin[m[K)*resolution;
[4.359s]       |                    [01;36m[K^~~~~~~~~~~[m[K
[4.359s] In file included from [01m[K/usr/include/opencv4/opencv2/core/cvstd.inl.hpp:47[m[K,
[4.359s]                  from [01m[K/usr/include/opencv4/opencv2/core.hpp:3349[m[K,
[4.359s]                  from [01m[K/usr/include/opencv4/opencv2/opencv.hpp:52[m[K,
[4.359s]                  from [01m[K/home/john/Desktop/rp_ros2_rviz/include/rp_ros2_rviz/canvas.h:2[m[K,
[4.359s]                  from [01m[K/home/john/Desktop/rp_ros2_rviz/include/rp_ros2_rviz/world.h:6[m[K,
[4.371s]                  from [01m[K/home/john/Desktop/rp_ros2_rviz/include/rp_ros2_rviz/grid_map.h:4[m[K:
[4.371s] [01m[K/usr/include/c++/13/complex:365:5:[m[K [01;36m[Knote: [m[Kcandidate: ‘[01m[Ktemplate<class _Tp> std::complex<_Tp> std::[01;32m[Koperator-[m[K(const complex<_Tp>&, const complex<_Tp>&)[m[K’
[4.371s]   365 |     [01;36m[Koperator[m[K-(const complex<_Tp>& __x, const complex<_Tp>& __y)
[4.371s]       |     [01;36m[K^~~~~~~~[m[K
[4.371s] [01m[K/usr/include/c++/13/complex:365:5:[m[K [01;36m[Knote: [m[K  template argument deduction/substitution failed:
[4.371s] [01m[K/home/john/Desktop/rp_ros2_rviz/include/rp_ros2_rviz/grid_map.h:36:20:[m[K [01;36m[Knote: [m[K  ‘[01m[Kconst Eigen::Vector2f[m[K’ {aka ‘[01m[Kconst Eigen::Matrix<float, 2, 1>[m[K’} is not derived from ‘[01m[Kconst std::complex<_Tp>[m[K’
[4.371s]    36 |     return _piw*(g-[01;36m[Kgrid_origin[m[K)*resolution;
[4.371s]       |                    [01;36m[K^~~~~~~~~~~[m[K
[4.376s] [01m[K/usr/include/c++/13/complex:374:5:[m[K [01;36m[Knote: [m[Kcandidate: ‘[01m[Ktemplate<class _Tp> std::complex<_Tp> std::[01;32m[Koperator-[m[K(const complex<_Tp>&, const _Tp&)[m[K’
[4.376s]   374 |     [01;36m[Koperator[m[K-(const complex<_Tp>& __x, const _Tp& __y)
[4.376s]       |     [01;36m[K^~~~~~~~[m[K
[4.379s] [01m[K/usr/include/c++/13/complex:374:5:[m[K [01;36m[Knote: [m[K  template argument deduction/substitution failed:
[4.379s] [01m[K/home/john/Desktop/rp_ros2_rviz/include/rp_ros2_rviz/grid_map.h:36:20:[m[K [01;36m[Knote: [m[K  ‘[01m[Kconst Eigen::Vector2f[m[K’ {aka ‘[01m[Kconst Eigen::Matrix<float, 2, 1>[m[K’} is not derived from ‘[01m[Kconst std::complex<_Tp>[m[K’
[4.379s]    36 |     return _piw*(g-[01;36m[Kgrid_origin[m[K)*resolution;
[4.379s]       |                    [01;36m[K^~~~~~~~~~~[m[K
[4.379s] [01m[K/usr/include/c++/13/complex:383:5:[m[K [01;36m[Knote: [m[Kcandidate: ‘[01m[Ktemplate<class _Tp> std::complex<_Tp> std::[01;32m[Koperator-[m[K(const _Tp&, const complex<_Tp>&)[m[K’
[4.379s]   383 |     [01;36m[Koperator[m[K-(const _Tp& __x, const complex<_Tp>& __y)
[4.380s]       |     [01;36m[K^~~~~~~~[m[K
[4.380s] [01m[K/usr/include/c++/13/complex:383:5:[m[K [01;36m[Knote: [m[K  template argument deduction/substitution failed:
[4.380s] [01m[K/home/john/Desktop/rp_ros2_rviz/include/rp_ros2_rviz/grid_map.h:36:20:[m[K [01;36m[Knote: [m[K  ‘[01m[Kconst Vec2f[m[K’ is not derived from ‘[01m[Kconst std::complex<_Tp>[m[K’
[4.380s]    36 |     return _piw*(g-[01;36m[Kgrid_origin[m[K)*resolution;
[4.380s]       |                    [01;36m[K^~~~~~~~~~~[m[K
[4.380s] [01m[K/usr/include/c++/13/complex:460:5:[m[K [01;36m[Knote: [m[Kcandidate: ‘[01m[Ktemplate<class _Tp> std::complex<_Tp> std::[01;32m[Koperator-[m[K(const complex<_Tp>&)[m[K’
[4.380s]   460 |     [01;36m[Koperator[m[K-(const complex<_Tp>& __x)
[4.380s]       |     [01;36m[K^~~~~~~~[m[K
[4.380s] [01m[K/usr/include/c++/13/complex:460:5:[m[K [01;36m[Knote: [m[K  template argument deduction/substitution failed:
[4.380s] [01m[K/home/john/Desktop/rp_ros2_rviz/include/rp_ros2_rviz/grid_map.h:36:20:[m[K [01;36m[Knote: [m[K  ‘[01m[Kconst Eigen::Vector2f[m[K’ {aka ‘[01m[Kconst Eigen::Matrix<float, 2, 1>[m[K’} is not derived from ‘[01m[Kconst std::complex<_Tp>[m[K’
[4.380s]    36 |     return _piw*(g-[01;36m[Kgrid_origin[m[K)*resolution;
[4.380s]       |                    [01;36m[K^~~~~~~~~~~[m[K
[4.380s] [01m[K/home/john/Desktop/rp_ros2_rviz/src/lidar.cpp:[m[K In member function ‘[01m[Kvirtual void Lidar::[01;32m[KtimerTick[m[K(float)[m[K’:
[4.380s] [01m[K/home/john/Desktop/rp_ros2_rviz/src/lidar.cpp:45:36:[m[K [01;31m[Kerror: [m[Kcannot convert ‘[01m[KVec2f[m[K’ to ‘[01m[KEigen::Vector2f[m[K’ {aka ‘[01m[KEigen::Matrix<float, 2, 1>[m[K’}
[4.380s]    45 |   Vec2f lidar_origin=gmap->w2g([01;31m[Kliw.t[m[K);
[4.380s]       |                                [01;31m[K~~~~^[m[K
[4.380s]       |                                    [01;31m[K|[m[K
[4.380s]       |                                    [01;31m[KVec2f[m[K
[4.384s] [01m[K/home/john/Desktop/rp_ros2_rviz/include/rp_ros2_rviz/grid_map.h:40:52:[m[K [01;36m[Knote: [m[K  initializing argument 1 of ‘[01m[KEigen::Vector2f GridMap::[01;32m[Kw2g[m[K(Eigen::Vector2f) const[m[K’
[4.384s]    40 |   inline Eigen::Vector2f w2g([01;36m[Kconst Eigen::Vector2f w[m[K) const {
[4.384s]       |                              [01;36m[K~~~~~~~~~~~~~~~~~~~~~~^[m[K
[4.384s] [01m[K/home/john/Desktop/rp_ros2_rviz/src/lidar.cpp:31:29:[m[K [01;35m[Kwarning: [m[Kunused parameter ‘[01m[Kdt[m[K’ [[01;35m[K]8;;https://gcc.gnu.org/onlinedocs/gcc/Warning-Options.html#index-Wunused-parameter-Wunused-parameter]8;;[m[K]
[4.384s]    31 | void Lidar::timerTick([01;35m[Kfloat dt[m[K) {
[4.385s]       |                       [01;35m[K~~~~~~^~[m[K
[4.385s] [01m[K/home/john/Desktop/rp_ros2_rviz/include/rp_ros2_rviz/grid_map.h:[m[K In member function ‘[01m[KEigen::Vector2f GridMap::[01;32m[Kw2g[m[K(Eigen::Vector2f) const[m[K’:
[4.385s] [01m[K/home/john/Desktop/rp_ros2_rviz/include/rp_ros2_rviz/grid_map.h:41:18:[m[K [01;31m[Kerror: [m[Kno match for ‘[01m[Koperator*[m[K’ (operand types are ‘[01m[Kconst Isometry2f[m[K’ and ‘[01m[Kconst Eigen::Vector2f[m[K’ {aka ‘[01m[Kconst Eigen::Matrix<float, 2, 1>[m[K’})
[4.385s]    41 |     return ([32m[K_ipiw[m[K[01;31m[K*[m[K[34m[Kw[m[K)*inv_resolution+grid_origin;
[4.385s]       |             [32m[K~~~~~[m[K[01;31m[K^[m[K[34m[K~[m[K
[4.385s]       |             [32m[K|[m[K     [34m[K|[m[K
[4.385s]       |             [32m[K|[m[K     [34m[Kconst Eigen::Vector2f {aka const Eigen::Matrix<float, 2, 1>}[m[K
[4.385s]       |             [32m[Kconst Isometry2f[m[K
[4.393s] [01m[K/home/john/Desktop/rp_ros2_rviz/include/rp_ros2_rviz/linalg.h:207:21:[m[K [01;36m[Knote: [m[Kcandidate: ‘[01m[KIsometry2f Isometry2f::[01;32m[Koperator*[m[K(const Isometry2f&) const[m[K’
[4.394s]   207 |   inline Isometry2f [01;36m[Koperator[m[K*(const Isometry2f& src) const {
[4.394s]       |                     [01;36m[K^~~~~~~~[m[K
[4.394s] [01m[K/home/john/Desktop/rp_ros2_rviz/include/rp_ros2_rviz/linalg.h:207:49:[m[K [01;36m[Knote: [m[K  no known conversion for argument 1 from ‘[01m[Kconst Eigen::Vector2f[m[K’ {aka ‘[01m[Kconst Eigen::Matrix<float, 2, 1>[m[K’} to ‘[01m[Kconst Isometry2f&[m[K’
[4.394s]   207 |   inline Isometry2f operator*([01;36m[Kconst Isometry2f& src[m[K) const {
[4.394s]       |                               [01;36m[K~~~~~~~~~~~~~~~~~~^~~[m[K
[4.394s] [01m[K/home/john/Desktop/rp_ros2_rviz/include/rp_ros2_rviz/linalg.h:221:16:[m[K [01;36m[Knote: [m[Kcandidate: ‘[01m[KVec2f Isometry2f::[01;32m[Koperator*[m[K(const Vec2f&) const[m[K’
[4.394s]   221 |   inline Vec2f [01;36m[Koperator[m[K*(const Vec2f& src) const {
[4.394s]       |                [01;36m[K^~~~~~~~[m[K
[4.394s] [01m[K/home/john/Desktop/rp_ros2_rviz/include/rp_ros2_rviz/linalg.h:221:39:[m[K [01;36m[Knote: [m[K  no known conversion for argument 1 from ‘[01m[Kconst Eigen::Vector2f[m[K’ {aka ‘[01m[Kconst Eigen::Matrix<float, 2, 1>[m[K’} to ‘[01m[Kconst Vec2f&[m[K’
[4.394s]   221 |   inline Vec2f operator*([01;36m[Kconst Vec2f& src[m[K) const {
[4.394s]       |                          [01;36m[K~~~~~~~~~~~~~^~~[m[K
[4.394s] [01m[K/usr/include/c++/13/complex:395:5:[m[K [01;36m[Knote: [m[Kcandidate: ‘[01m[Ktemplate<class _Tp> std::complex<_Tp> std::[01;32m[Koperator*[m[K(const complex<_Tp>&, const complex<_Tp>&)[m[K’
[4.394s]   395 |     [01;36m[Koperator[m[K*(const complex<_Tp>& __x, const complex<_Tp>& __y)
[4.394s]       |     [01;36m[K^~~~~~~~[m[K
[4.394s] [01m[K/usr/include/c++/13/complex:395:5:[m[K [01;36m[Knote: [m[K  template argument deduction/substitution failed:
[4.394s] [01m[K/home/john/Desktop/rp_ros2_rviz/include/rp_ros2_rviz/grid_map.h:41:19:[m[K [01;36m[Knote: [m[K  ‘[01m[Kconst Isometry2f[m[K’ is not derived from ‘[01m[Kconst std::complex<_Tp>[m[K’
[4.394s]    41 |     return (_ipiw*[01;36m[Kw[m[K)*inv_resolution+grid_origin;
[4.394s]       |                   [01;36m[K^[m[K
[4.394s] [01m[K/usr/include/c++/13/complex:404:5:[m[K [01;36m[Knote: [m[Kcandidate: ‘[01m[Ktemplate<class _Tp> std::complex<_Tp> std::[01;32m[Koperator*[m[K(const complex<_Tp>&, const _Tp&)[m[K’
[4.398s]   404 |     [01;36m[Koperator[m[K*(const complex<_Tp>& __x, const _Tp& __y)
[4.398s]       |     [01;36m[K^~~~~~~~[m[K
[4.398s] [01m[K/usr/include/c++/13/complex:404:5:[m[K [01;36m[Knote: [m[K  template argument deduction/substitution failed:
[4.398s] [01m[K/home/john/Desktop/rp_ros2_rviz/include/rp_ros2_rviz/grid_map.h:41:19:[m[K [01;36m[Knote: [m[K  ‘[01m[Kconst Isometry2f[m[K’ is not derived from ‘[01m[Kconst std::complex<_Tp>[m[K’
[4.398s]    41 |     return (_ipiw*[01;36m[Kw[m[K)*inv_resolution+grid_origin;
[4.398s]       |                   [01;36m[K^[m[K
[4.398s] [01m[K/usr/include/c++/13/complex:413:5:[m[K [01;36m[Knote: [m[Kcandidate: ‘[01m[Ktemplate<class _Tp> std::complex<_Tp> std::[01;32m[Koperator*[m[K(const _Tp&, const complex<_Tp>&)[m[K’
[4.398s]   413 |     [01;36m[Koperator[m[K*(const _Tp& __x, const complex<_Tp>& __y)
[4.398s]       |     [01;36m[K^~~~~~~~[m[K
[4.398s] [01m[K/usr/include/c++/13/complex:413:5:[m[K [01;36m[Knote: [m[K  template argument deduction/substitution failed:
[4.398s] [01m[K/home/john/Desktop/rp_ros2_rviz/include/rp_ros2_rviz/grid_map.h:41:19:[m[K [01;36m[Knote: [m[K  ‘[01m[Kconst Eigen::Vector2f[m[K’ {aka ‘[01m[Kconst Eigen::Matrix<float, 2, 1>[m[K’} is not derived from ‘[01m[Kconst std::complex<_Tp>[m[K’
[4.398s]    41 |     return (_ipiw*[01;36m[Kw[m[K)*inv_resolution+grid_origin;
[4.398s]       |                   [01;36m[K^[m[K
[4.398s] [01m[K/usr/include/eigen3/Eigen/src/Core/../plugins/CommonCwiseBinaryOps.h:50:29:[m[K [01;36m[Knote: [m[Kcandidate: ‘[01m[Ktemplate<class T> const Eigen::CwiseBinaryOp<Eigen::internal::scalar_product_op<typename Eigen::internal::promote_scalar_arg<float, T, Eigen::internal::has_ReturnType<Eigen::ScalarBinaryOpTraits<T, float, Eigen::internal::scalar_product_op<T, float> > >::value>::type, float>, const typename Eigen::internal::plain_constant_type<Eigen::Matrix<float, 2, 1>, typename Eigen::internal::promote_scalar_arg<float, T, Eigen::internal::has_ReturnType<Eigen::ScalarBinaryOpTraits<T, float, Eigen::internal::scalar_product_op<T, float> > >::value>::type>::type, const Eigen::Matrix<float, 2, 1> > Eigen::[01;32m[Koperator*[m[K(const T&, const MatrixBase<Matrix<float, 2, 1> >::StorageBaseType&)[m[K’
[4.398s]    50 | EIGEN_MAKE_SCALAR_BINARY_OP([01;36m[Koperator[m[K*,product)
[4.398s]       |                             [01;36m[K^~~~~~~~[m[K
[4.398s] [01m[K/usr/include/eigen3/Eigen/src/Core/util/Macros.h:1383:4:[m[K [01;36m[Knote: [m[Kin definition of macro ‘[01m[KEIGEN_MAKE_SCALAR_BINARY_OP_ONTHELEFT[m[K’
[4.399s]  1383 |   ([01;36m[KMETHOD[m[K)(const T& scalar, const StorageBaseType& matrix) { \
[4.399s]       |    [01;36m[K^~~~~~[m[K
[4.399s] [01m[K/usr/include/eigen3/Eigen/src/Core/../plugins/CommonCwiseBinaryOps.h:50:1:[m[K [01;36m[Knote: [m[Kin expansion of macro ‘[01m[KEIGEN_MAKE_SCALAR_BINARY_OP[m[K’
[4.399s]    50 | [01;36m[KEIGEN_MAKE_SCALAR_BINARY_OP[m[K(operator*,product)
[4.399s]       | [01;36m[K^~~~~~~~~~~~~~~~~~~~~~~~~~~[m[K
[4.399s] [01m[K/usr/include/eigen3/Eigen/src/Core/../plugins/CommonCwiseBinaryOps.h:50:29:[m[K [01;36m[Knote: [m[K  template argument deduction/substitution failed:
[4.399s]    50 | EIGEN_MAKE_SCALAR_BINARY_OP([01;36m[Koperator[m[K*,product)
[4.399s]       |                             [01;36m[K^~~~~~~~[m[K
[4.399s] [01m[K/usr/include/eigen3/Eigen/src/Core/util/Macros.h:1383:4:[m[K [01;36m[Knote: [m[Kin definition of macro ‘[01m[KEIGEN_MAKE_SCALAR_BINARY_OP_ONTHELEFT[m[K’
[4.399s]  1383 |   ([01;36m[KMETHOD[m[K)(const T& scalar, const StorageBaseType& matrix) { \
[4.399s]       |    [01;36m[K^~~~~~[m[K
[4.399s] [01m[K/usr/include/eigen3/Eigen/src/Core/../plugins/CommonCwiseBinaryOps.h:50:1:[m[K [01;36m[Knote: [m[Kin expansion of macro ‘[01m[KEIGEN_MAKE_SCALAR_BINARY_OP[m[K’
[4.399s]    50 | [01;36m[KEIGEN_MAKE_SCALAR_BINARY_OP[m[K(operator*,product)
[4.399s]       | [01;36m[K^~~~~~~~~~~~~~~~~~~~~~~~~~~[m[K
[4.399s] /usr/include/eigen3/Eigen/src/Core/../plugins/CommonCwiseBinaryOps.h: In substitution of ‘[01m[Ktemplate<class T> const Eigen::CwiseBinaryOp<Eigen::internal::scalar_product_op<typename Eigen::internal::promote_scalar_arg<float, T, Eigen::internal::has_ReturnType<Eigen::ScalarBinaryOpTraits<T, float, Eigen::internal::scalar_product_op<T, float> > >::value>::type, float>, const typename Eigen::internal::plain_constant_type<Eigen::Matrix<float, 2, 1>, typename Eigen::internal::promote_scalar_arg<float, T, Eigen::internal::has_ReturnType<Eigen::ScalarBinaryOpTraits<T, float, Eigen::internal::scalar_product_op<T, float> > >::value>::type>::type, const Eigen::Matrix<float, 2, 1> > Eigen::[01;32m[Koperator*[m[K(const T&, const MatrixBase<Matrix<float, 2, 1> >::StorageBaseType&) [35m[K[with T = Isometry2f][m[K[m[K’:
[4.399s] [01m[K/home/john/Desktop/rp_ros2_rviz/include/rp_ros2_rviz/grid_map.h:41:19:[m[K   required from here
[4.399s] [01m[K/usr/include/eigen3/Eigen/src/Core/../plugins/CommonCwiseBinaryOps.h:50:29:[m[K [01;31m[Kerror: [m[Kno type named ‘[01m[Ktype[m[K’ in ‘[01m[Kstruct Eigen::internal::promote_scalar_arg<float, Isometry2f, false>[m[K’
[4.400s]    50 | EIGEN_MAKE_SCALAR_BINARY_OP([01;31m[Koperator[m[K*,product)
[4.400s]       |                             [01;31m[K^~~~~~~~[m[K
[4.400s] [01m[K/usr/include/eigen3/Eigen/src/Core/util/Macros.h:1383:4:[m[K [01;36m[Knote: [m[Kin definition of macro ‘[01m[KEIGEN_MAKE_SCALAR_BINARY_OP_ONTHELEFT[m[K’
[4.400s]  1383 |   ([01;36m[KMETHOD[m[K)(const T& scalar, const StorageBaseType& matrix) { \
[4.400s]       |    [01;36m[K^~~~~~[m[K
[4.400s] [01m[K/usr/include/eigen3/Eigen/src/Core/../plugins/CommonCwiseBinaryOps.h:50:1:[m[K [01;36m[Knote: [m[Kin expansion of macro ‘[01m[KEIGEN_MAKE_SCALAR_BINARY_OP[m[K’
[4.400s]    50 | [01;36m[KEIGEN_MAKE_SCALAR_BINARY_OP[m[K(operator*,product)
[4.400s]       | [01;36m[K^~~~~~~~~~~~~~~~~~~~~~~~~~~[m[K
[4.400s] In file included from [01m[K/usr/include/eigen3/Eigen/Core:326[m[K:
[4.400s] [01m[K/usr/include/eigen3/Eigen/src/Core/PermutationMatrix.h:515:1:[m[K [01;36m[Knote: [m[Kcandidate: ‘[01m[Ktemplate<class MatrixDerived, class PermutationDerived> const Eigen::Product<MatrixDerived, PermutationDerived, 2> Eigen::[01;32m[Koperator*[m[K(const MatrixBase<Derived>&, const PermutationBase<PermutationDerived>&)[m[K’
[4.400s]   515 | [01;36m[Koperator[m[K*(const MatrixBase<MatrixDerived> &matrix,
[4.400s]       | [01;36m[K^~~~~~~~[m[K
[4.400s] [01m[K/usr/include/eigen3/Eigen/src/Core/PermutationMatrix.h:515:1:[m[K [01;36m[Knote: [m[K  template argument deduction/substitution failed:
[4.400s] [01m[K/home/john/Desktop/rp_ros2_rviz/include/rp_ros2_rviz/grid_map.h:41:19:[m[K [01;36m[Knote: [m[K  ‘[01m[Kconst Isometry2f[m[K’ is not derived from ‘[01m[Kconst Eigen::MatrixBase<Derived>[m[K’
[4.400s]    41 |     return (_ipiw*[01;36m[Kw[m[K)*inv_resolution+grid_origin;
[4.400s]       |                   [01;36m[K^[m[K
[4.400s] [01m[K/usr/include/eigen3/Eigen/src/Core/PermutationMatrix.h:527:1:[m[K [01;36m[Knote: [m[Kcandidate: ‘[01m[Ktemplate<class PermutationDerived, class MatrixDerived> const Eigen::Product<MatrixDerived, PermutationDerived, 2> Eigen::[01;32m[Koperator*[m[K(const PermutationBase<PermutationDerived>&, const MatrixBase<U>&)[m[K’
[4.400s]   527 | [01;36m[Koperator[m[K*(const PermutationBase<PermutationDerived> &permutation,
[4.400s]       | [01;36m[K^~~~~~~~[m[K
[4.400s] [01m[K/usr/include/eigen3/Eigen/src/Core/PermutationMatrix.h:527:1:[m[K [01;36m[Knote: [m[K  template argument deduction/substitution failed:
[4.400s] [01m[K/home/john/Desktop/rp_ros2_rviz/include/rp_ros2_rviz/grid_map.h:41:19:[m[K [01;36m[Knote: [m[K  ‘[01m[Kconst Isometry2f[m[K’ is not derived from ‘[01m[Kconst Eigen::PermutationBase<PermutationDerived>[m[K’
[4.400s]    41 |     return (_ipiw*[01;36m[Kw[m[K)*inv_resolution+grid_origin;
[4.400s]       |                   [01;36m[K^[m[K
[4.400s] In file included from [01m[K/usr/include/eigen3/Eigen/Core:327[m[K:
[4.401s] [01m[K/usr/include/eigen3/Eigen/src/Core/Transpositions.h:313:1:[m[K [01;36m[Knote: [m[Kcandidate: ‘[01m[Ktemplate<class MatrixDerived, class TranspositionsDerived> const Eigen::Product<MatrixDerived, PermutationDerived, 2> Eigen::[01;32m[Koperator*[m[K(const MatrixBase<Derived>&, const TranspositionsBase<TranspositionsDerived>&)[m[K’
[4.401s]   313 | [01;36m[Koperator[m[K*(const MatrixBase<MatrixDerived> &matrix,
[4.401s]       | [01;36m[K^~~~~~~~[m[K
[4.401s] [01m[K/usr/include/eigen3/Eigen/src/Core/Transpositions.h:313:1:[m[K [01;36m[Knote: [m[K  template argument deduction/substitution failed:
[4.401s] [01m[K/home/john/Desktop/rp_ros2_rviz/include/rp_ros2_rviz/grid_map.h:41:19:[m[K [01;36m[Knote: [m[K  ‘[01m[Kconst Isometry2f[m[K’ is not derived from ‘[01m[Kconst Eigen::MatrixBase<Derived>[m[K’
[4.401s]    41 |     return (_ipiw*[01;36m[Kw[m[K)*inv_resolution+grid_origin;
[4.401s]       |                   [01;36m[K^[m[K
[4.401s] [01m[K/usr/include/eigen3/Eigen/src/Core/Transpositions.h:325:1:[m[K [01;36m[Knote: [m[Kcandidate: ‘[01m[Ktemplate<class TranspositionsDerived, class MatrixDerived> const Eigen::Product<MatrixDerived, PermutationDerived, 2> Eigen::[01;32m[Koperator*[m[K(const TranspositionsBase<TranspositionsDerived>&, const MatrixBase<U>&)[m[K’
[4.401s]   325 | [01;36m[Koperator[m[K*(const TranspositionsBase<TranspositionsDerived> &transpositions,
[4.401s]       | [01;36m[K^~~~~~~~[m[K
[4.401s] [01m[K/usr/include/eigen3/Eigen/src/Core/Transpositions.h:325:1:[m[K [01;36m[Knote: [m[K  template argument deduction/substitution failed:
[4.401s] [01m[K/home/john/Desktop/rp_ros2_rviz/include/rp_ros2_rviz/grid_map.h:41:19:[m[K [01;36m[Knote: [m[K  ‘[01m[Kconst Isometry2f[m[K’ is not derived from ‘[01m[Kconst Eigen::TranspositionsBase<TranspositionsDerived>[m[K’
[4.401s]    41 |     return (_ipiw*[01;36m[Kw[m[K)*inv_resolution+grid_origin;
[4.401s]       |                   [01;36m[K^[m[K
[4.401s] [01m[K/home/john/Desktop/rp_ros2_rviz/src/grid_map.cpp:[m[K In member function ‘[01m[Kvirtual bool GridMap::[01;32m[Kcollides[m[K(const WorldItem*) const[m[K’:
[4.401s] [01m[K/home/john/Desktop/rp_ros2_rviz/src/grid_map.cpp:29:36:[m[K [01;31m[Kerror: [m[Kcannot convert ‘[01m[KVec2f[m[K’ to ‘[01m[KEigen::Vector2f[m[K’ {aka ‘[01m[KEigen::Matrix<float, 2, 1>[m[K’}
[4.401s]    29 |   Vec2f gp=w2g([01;31m[Kitem->poseInWorld().t[m[K);
[4.408s]       |                [01;31m[K~~~~~~~~~~~~~~~~~~~~^[m[K
[4.408s]       |                                    [01;31m[K|[m[K
[4.408s]       |                                    [01;31m[KVec2f[m[K
[4.408s] [01m[K/home/john/Desktop/rp_ros2_rviz/include/rp_ros2_rviz/grid_map.h:40:52:[m[K [01;36m[Knote: [m[K  initializing argument 1 of ‘[01m[KEigen::Vector2f GridMap::[01;32m[Kw2g[m[K(Eigen::Vector2f) const[m[K’
[4.408s]    40 |   inline Eigen::Vector2f w2g([01;36m[Kconst Eigen::Vector2f w[m[K) const {
[4.408s]       |                              [01;36m[K~~~~~~~~~~~~~~~~~~~~~~^[m[K
[4.960s] gmake[2]: *** [CMakeFiles/world_node.dir/build.make:104: CMakeFiles/world_node.dir/src/grid_map.cpp.o] Error 1
[4.960s] gmake[2]: *** Waiting for unfinished jobs....
[4.985s] gmake[2]: *** [CMakeFiles/world_node.dir/build.make:160: CMakeFiles/world_node.dir/src/lidar.cpp.o] Error 1
[7.206s] In file included from [01m[K/home/john/Desktop/rp_ros2_rviz/src/world_node.cpp:5[m[K:
[7.206s] [01m[K/home/john/Desktop/rp_ros2_rviz/include/rp_ros2_rviz/grid_map.h:[m[K In member function ‘[01m[KEigen::Vector2f GridMap::[01;32m[Kg2w[m[K(Eigen::Vector2f) const[m[K’:
[7.206s] [01m[K/home/john/Desktop/rp_ros2_rviz/include/rp_ros2_rviz/grid_map.h:36:19:[m[K [01;31m[Kerror: [m[Kno match for ‘[01m[Koperator-[m[K’ (operand types are ‘[01m[Kconst Eigen::Vector2f[m[K’ {aka ‘[01m[Kconst Eigen::Matrix<float, 2, 1>[m[K’} and ‘[01m[Kconst Vec2f[m[K’)
[7.206s]    36 |     return _piw*([32m[Kg[m[K[01;31m[K-[m[K[34m[Kgrid_origin[m[K)*resolution;
[7.206s]       |                  [32m[K~[m[K[01;31m[K^[m[K[34m[K~~~~~~~~~~~[m[K
[7.206s]       |                  [32m[K|[m[K [34m[K|[m[K
[7.206s]       |                  [32m[K|[m[K [34m[Kconst Vec2f[m[K
[7.206s]       |                  [32m[Kconst Eigen::Vector2f {aka const Eigen::Matrix<float, 2, 1>}[m[K
[7.207s] In file included from [01m[K/usr/include/eigen3/Eigen/Core:19[m[K,
[7.207s]                  from [01m[K/home/john/Desktop/rp_ros2_rviz/include/rp_ros2_rviz/grid_map.h:7[m[K:
[7.207s] [01m[K/usr/include/eigen3/Eigen/src/Core/../plugins/CommonCwiseBinaryOps.h:19:28:[m[K [01;36m[Knote: [m[Kcandidate: ‘[01m[Ktemplate<class OtherDerived> const Eigen::CwiseBinaryOp<Eigen::internal::scalar_difference_op<typename Eigen::internal::traits<T>::Scalar, typename Eigen::internal::traits<OtherDerived>::Scalar>, const Derived, const OtherDerived> Eigen::MatrixBase<Derived>::[01;32m[Koperator-[m[K(const Eigen::MatrixBase<OtherDerived>&) const [35m[K[with Derived = Eigen::Matrix<float, 2, 1>][m[K[m[K’
[7.207s]    19 | EIGEN_MAKE_CWISE_BINARY_OP([01;36m[Koperator[m[K-,difference)
[7.207s]       |                            [01;36m[K^~~~~~~~[m[K
[7.207s] [01m[K/usr/include/eigen3/Eigen/src/Core/util/Macros.h:1348:4:[m[K [01;36m[Knote: [m[Kin definition of macro ‘[01m[KEIGEN_MAKE_CWISE_BINARY_OP[m[K’
[7.207s]  1348 |   ([01;36m[KMETHOD[m[K)(const EIGEN_CURRENT_STORAGE_BASE_CLASS<OtherDerived> &other) const \
[7.207s]       |    [01;36m[K^~~~~~[m[K
[7.207s] [01m[K/usr/include/eigen3/Eigen/src/Core/../plugins/CommonCwiseBinaryOps.h:19:28:[m[K [01;36m[Knote: [m[K  template argument deduction/substitution failed:
[7.207s]    19 | EIGEN_MAKE_CWISE_BINARY_OP([01;36m[Koperator[m[K-,difference)
[7.207s]       |                            [01;36m[K^~~~~~~~[m[K
[7.207s] [01m[K/usr/include/eigen3/Eigen/src/Core/util/Macros.h:1348:4:[m[K [01;36m[Knote: [m[Kin definition of macro ‘[01m[KEIGEN_MAKE_CWISE_BINARY_OP[m[K’
[7.207s]  1348 |   ([01;36m[KMETHOD[m[K)(const EIGEN_CURRENT_STORAGE_BASE_CLASS<OtherDerived> &other) const \
[7.212s]       |    [01;36m[K^~~~~~[m[K
[7.214s] [01m[K/home/john/Desktop/rp_ros2_rviz/include/rp_ros2_rviz/grid_map.h:36:20:[m[K [01;36m[Knote: [m[K  ‘[01m[Kconst Vec2f[m[K’ is not derived from ‘[01m[Kconst Eigen::MatrixBase<Derived>[m[K’
[7.215s]    36 |     return _piw*(g-[01;36m[Kgrid_origin[m[K)*resolution;
[7.215s]       |                    [01;36m[K^~~~~~~~~~~[m[K
[7.215s] In file included from [01m[K/usr/include/eigen3/Eigen/src/Core/DenseBase.h:658[m[K,
[7.215s]                  from [01m[K/usr/include/eigen3/Eigen/Core:272[m[K:
[7.215s] [01m[K/usr/include/eigen3/Eigen/src/Core/../plugins/CommonCwiseUnaryOps.h:45:1:[m[K [01;36m[Knote: [m[Kcandidate: ‘[01m[Kconst Eigen::DenseBase<Derived>::NegativeReturnType Eigen::DenseBase<Derived>::[01;32m[Koperator-[m[K() const [35m[K[with Derived = Eigen::Matrix<float, 2, 1>; NegativeReturnType = Eigen::CwiseUnaryOp<Eigen::internal::scalar_opposite_op<float>, const Eigen::Matrix<float, 2, 1> >][m[K[m[K’
[7.215s]    45 | [01;36m[Koperator[m[K-() const { return NegativeReturnType(derived()); }
[7.215s]       | [01;36m[K^~~~~~~~[m[K
[7.215s] [01m[K/usr/include/eigen3/Eigen/src/Core/../plugins/CommonCwiseUnaryOps.h:45:1:[m[K [01;36m[Knote: [m[K  candidate expects 0 arguments, 1 provided
[7.215s] In file included from [01m[K/usr/include/c++/13/bits/stl_algobase.h:67[m[K,
[7.215s]                  from [01m[K/usr/include/c++/13/bits/stl_uninitialized.h:63[m[K,
[7.215s]                  from [01m[K/usr/include/c++/13/memory:69[m[K,
[7.216s]                  from [01m[K/opt/ros/jazzy/include/rclcpp/rclcpp/rclcpp.hpp:169[m[K,
[7.216s]                  from [01m[K/home/john/Desktop/rp_ros2_rviz/src/world_node.cpp:1[m[K:
[7.216s] [01m[K/usr/include/c++/13/bits/stl_iterator.h:625:5:[m[K [01;36m[Knote: [m[Kcandidate: ‘[01m[Ktemplate<class _IteratorL, class _IteratorR> constexpr decltype ((__y.base() - __x.base())) std::[01;32m[Koperator-[m[K(const reverse_iterator<_Iterator>&, const reverse_iterator<_IteratorR>&)[m[K’
[7.216s]   625 |     [01;36m[Koperator[m[K-(const reverse_iterator<_IteratorL>& __x,
[7.217s]       |     [01;36m[K^~~~~~~~[m[K
[7.217s] [01m[K/usr/include/c++/13/bits/stl_iterator.h:625:5:[m[K [01;36m[Knote: [m[K  template argument deduction/substitution failed:
[7.217s] [01m[K/home/john/Desktop/rp_ros2_rviz/include/rp_ros2_rviz/grid_map.h:36:20:[m[K [01;36m[Knote: [m[K  ‘[01m[Kconst Eigen::Vector2f[m[K’ {aka ‘[01m[Kconst Eigen::Matrix<float, 2, 1>[m[K’} is not derived from ‘[01m[Kconst std::reverse_iterator<_Iterator>[m[K’
[7.217s]    36 |     return _piw*(g-[01;36m[Kgrid_origin[m[K)*resolution;
[7.217s]       |                    [01;36m[K^~~~~~~~~~~[m[K
[7.217s] [01m[K/usr/include/c++/13/bits/stl_iterator.h:1800:5:[m[K [01;36m[Knote: [m[Kcandidate: ‘[01m[Ktemplate<class _IteratorL, class _IteratorR> constexpr decltype ((__x.base() - __y.base())) std::[01;32m[Koperator-[m[K(const move_iterator<_IteratorL>&, const move_iterator<_IteratorR>&)[m[K’
[7.217s]  1800 |     [01;36m[Koperator[m[K-(const move_iterator<_IteratorL>& __x,
[7.217s]       |     [01;36m[K^~~~~~~~[m[K
[7.217s] [01m[K/usr/include/c++/13/bits/stl_iterator.h:1800:5:[m[K [01;36m[Knote: [m[K  template argument deduction/substitution failed:
[7.217s] [01m[K/home/john/Desktop/rp_ros2_rviz/include/rp_ros2_rviz/grid_map.h:36:20:[m[K [01;36m[Knote: [m[K  ‘[01m[Kconst Eigen::Vector2f[m[K’ {aka ‘[01m[Kconst Eigen::Matrix<float, 2, 1>[m[K’} is not derived from ‘[01m[Kconst std::move_iterator<_IteratorL>[m[K’
[7.217s]    36 |     return _piw*(g-[01;36m[Kgrid_origin[m[K)*resolution;
[7.217s]       |                    [01;36m[K^~~~~~~~~~~[m[K
[7.217s] In file included from [01m[K/usr/include/opencv4/opencv2/core/cvstd.inl.hpp:47[m[K,
[7.217s]                  from [01m[K/usr/include/opencv4/opencv2/core.hpp:3349[m[K,
[7.217s]                  from [01m[K/usr/include/opencv4/opencv2/opencv.hpp:52[m[K,
[7.217s]                  from [01m[K/home/john/Desktop/rp_ros2_rviz/include/rp_ros2_rviz/canvas.h:2[m[K,
[7.218s]                  from [01m[K/home/john/Desktop/rp_ros2_rviz/include/rp_ros2_rviz/world.h:6[m[K,
[7.218s]                  from [01m[K/home/john/Desktop/rp_ros2_rviz/src/world_node.cpp:3[m[K:
[7.218s] [01m[K/usr/include/c++/13/complex:365:5:[m[K [01;36m[Knote: [m[Kcandidate: ‘[01m[Ktemplate<class _Tp> std::complex<_Tp> std::[01;32m[Koperator-[m[K(const complex<_Tp>&, const complex<_Tp>&)[m[K’
[7.218s]   365 |     [01;36m[Koperator[m[K-(const complex<_Tp>& __x, const complex<_Tp>& __y)
[7.218s]       |     [01;36m[K^~~~~~~~[m[K
[7.218s] [01m[K/usr/include/c++/13/complex:365:5:[m[K [01;36m[Knote: [m[K  template argument deduction/substitution failed:
[7.218s] [01m[K/home/john/Desktop/rp_ros2_rviz/include/rp_ros2_rviz/grid_map.h:36:20:[m[K [01;36m[Knote: [m[K  ‘[01m[Kconst Eigen::Vector2f[m[K’ {aka ‘[01m[Kconst Eigen::Matrix<float, 2, 1>[m[K’} is not derived from ‘[01m[Kconst std::complex<_Tp>[m[K’
[7.218s]    36 |     return _piw*(g-[01;36m[Kgrid_origin[m[K)*resolution;
[7.218s]       |                    [01;36m[K^~~~~~~~~~~[m[K
[7.218s] [01m[K/usr/include/c++/13/complex:374:5:[m[K [01;36m[Knote: [m[Kcandidate: ‘[01m[Ktemplate<class _Tp> std::complex<_Tp> std::[01;32m[Koperator-[m[K(const complex<_Tp>&, const _Tp&)[m[K’
[7.218s]   374 |     [01;36m[Koperator[m[K-(const complex<_Tp>& __x, const _Tp& __y)
[7.218s]       |     [01;36m[K^~~~~~~~[m[K
[7.218s] [01m[K/usr/include/c++/13/complex:374:5:[m[K [01;36m[Knote: [m[K  template argument deduction/substitution failed:
[7.218s] [01m[K/home/john/Desktop/rp_ros2_rviz/include/rp_ros2_rviz/grid_map.h:36:20:[m[K [01;36m[Knote: [m[K  ‘[01m[Kconst Eigen::Vector2f[m[K’ {aka ‘[01m[Kconst Eigen::Matrix<float, 2, 1>[m[K’} is not derived from ‘[01m[Kconst std::complex<_Tp>[m[K’
[7.218s]    36 |     return _piw*(g-[01;36m[Kgrid_origin[m[K)*resolution;
[7.218s]       |                    [01;36m[K^~~~~~~~~~~[m[K
[7.218s] [01m[K/usr/include/c++/13/complex:383:5:[m[K [01;36m[Knote: [m[Kcandidate: ‘[01m[Ktemplate<class _Tp> std::complex<_Tp> std::[01;32m[Koperator-[m[K(const _Tp&, const complex<_Tp>&)[m[K’
[7.218s]   383 |     [01;36m[Koperator[m[K-(const _Tp& __x, const complex<_Tp>& __y)
[7.219s]       |     [01;36m[K^~~~~~~~[m[K
[7.219s] [01m[K/usr/include/c++/13/complex:383:5:[m[K [01;36m[Knote: [m[K  template argument deduction/substitution failed:
[7.219s] [01m[K/home/john/Desktop/rp_ros2_rviz/include/rp_ros2_rviz/grid_map.h:36:20:[m[K [01;36m[Knote: [m[K  ‘[01m[Kconst Vec2f[m[K’ is not derived from ‘[01m[Kconst std::complex<_Tp>[m[K’
[7.219s]    36 |     return _piw*(g-[01;36m[Kgrid_origin[m[K)*resolution;
[7.220s]       |                    [01;36m[K^~~~~~~~~~~[m[K
[7.220s] [01m[K/usr/include/c++/13/complex:460:5:[m[K [01;36m[Knote: [m[Kcandidate: ‘[01m[Ktemplate<class _Tp> std::complex<_Tp> std::[01;32m[Koperator-[m[K(const complex<_Tp>&)[m[K’
[7.220s]   460 |     [01;36m[Koperator[m[K-(const complex<_Tp>& __x)
[7.220s]       |     [01;36m[K^~~~~~~~[m[K
[7.220s] [01m[K/usr/include/c++/13/complex:460:5:[m[K [01;36m[Knote: [m[K  template argument deduction/substitution failed:
[7.220s] [01m[K/home/john/Desktop/rp_ros2_rviz/include/rp_ros2_rviz/grid_map.h:36:20:[m[K [01;36m[Knote: [m[K  ‘[01m[Kconst Eigen::Vector2f[m[K’ {aka ‘[01m[Kconst Eigen::Matrix<float, 2, 1>[m[K’} is not derived from ‘[01m[Kconst std::complex<_Tp>[m[K’
[7.221s]    36 |     return _piw*(g-[01;36m[Kgrid_origin[m[K)*resolution;
[7.221s]       |                    [01;36m[K^~~~~~~~~~~[m[K
[7.221s] [01m[K/home/john/Desktop/rp_ros2_rviz/include/rp_ros2_rviz/grid_map.h:[m[K In member function ‘[01m[KEigen::Vector2f GridMap::[01;32m[Kw2g[m[K(Eigen::Vector2f) const[m[K’:
[7.221s] [01m[K/home/john/Desktop/rp_ros2_rviz/include/rp_ros2_rviz/grid_map.h:41:18:[m[K [01;31m[Kerror: [m[Kno match for ‘[01m[Koperator*[m[K’ (operand types are ‘[01m[Kconst Isometry2f[m[K’ and ‘[01m[Kconst Eigen::Vector2f[m[K’ {aka ‘[01m[Kconst Eigen::Matrix<float, 2, 1>[m[K’})
[7.221s]    41 |     return ([32m[K_ipiw[m[K[01;31m[K*[m[K[34m[Kw[m[K)*inv_resolution+grid_origin;
[7.221s]       |             [32m[K~~~~~[m[K[01;31m[K^[m[K[34m[K~[m[K
[7.221s]       |             [32m[K|[m[K     [34m[K|[m[K
[7.222s]       |             [32m[K|[m[K     [34m[Kconst Eigen::Vector2f {aka const Eigen::Matrix<float, 2, 1>}[m[K
[7.222s]       |             [32m[Kconst Isometry2f[m[K
[7.222s] In file included from [01m[K/home/john/Desktop/rp_ros2_rviz/include/rp_ros2_rviz/world.h:5[m[K:
[7.222s] [01m[K/home/john/Desktop/rp_ros2_rviz/include/rp_ros2_rviz/linalg.h:207:21:[m[K [01;36m[Knote: [m[Kcandidate: ‘[01m[KIsometry2f Isometry2f::[01;32m[Koperator*[m[K(const Isometry2f&) const[m[K’
[7.222s]   207 |   inline Isometry2f [01;36m[Koperator[m[K*(const Isometry2f& src) const {
[7.222s]       |                     [01;36m[K^~~~~~~~[m[K
[7.222s] [01m[K/home/john/Desktop/rp_ros2_rviz/include/rp_ros2_rviz/linalg.h:207:49:[m[K [01;36m[Knote: [m[K  no known conversion for argument 1 from ‘[01m[Kconst Eigen::Vector2f[m[K’ {aka ‘[01m[Kconst Eigen::Matrix<float, 2, 1>[m[K’} to ‘[01m[Kconst Isometry2f&[m[K’
[7.222s]   207 |   inline Isometry2f operator*([01;36m[Kconst Isometry2f& src[m[K) const {
[7.222s]       |                               [01;36m[K~~~~~~~~~~~~~~~~~~^~~[m[K
[7.222s] [01m[K/home/john/Desktop/rp_ros2_rviz/include/rp_ros2_rviz/linalg.h:221:16:[m[K [01;36m[Knote: [m[Kcandidate: ‘[01m[KVec2f Isometry2f::[01;32m[Koperator*[m[K(const Vec2f&) const[m[K’
[7.222s]   221 |   inline Vec2f [01;36m[Koperator[m[K*(const Vec2f& src) const {
[7.222s]       |                [01;36m[K^~~~~~~~[m[K
[7.223s] [01m[K/home/john/Desktop/rp_ros2_rviz/include/rp_ros2_rviz/linalg.h:221:39:[m[K [01;36m[Knote: [m[K  no known conversion for argument 1 from ‘[01m[Kconst Eigen::Vector2f[m[K’ {aka ‘[01m[Kconst Eigen::Matrix<float, 2, 1>[m[K’} to ‘[01m[Kconst Vec2f&[m[K’
[7.223s]   221 |   inline Vec2f operator*([01;36m[Kconst Vec2f& src[m[K) const {
[7.223s]       |                          [01;36m[K~~~~~~~~~~~~~^~~[m[K
[7.223s] [01m[K/usr/include/c++/13/complex:395:5:[m[K [01;36m[Knote: [m[Kcandidate: ‘[01m[Ktemplate<class _Tp> std::complex<_Tp> std::[01;32m[Koperator*[m[K(const complex<_Tp>&, const complex<_Tp>&)[m[K’
[7.223s]   395 |     [01;36m[Koperator[m[K*(const complex<_Tp>& __x, const complex<_Tp>& __y)
[7.223s]       |     [01;36m[K^~~~~~~~[m[K
[7.224s] [01m[K/usr/include/c++/13/complex:395:5:[m[K [01;36m[Knote: [m[K  template argument deduction/substitution failed:
[7.224s] [01m[K/home/john/Desktop/rp_ros2_rviz/include/rp_ros2_rviz/grid_map.h:41:19:[m[K [01;36m[Knote: [m[K  ‘[01m[Kconst Isometry2f[m[K’ is not derived from ‘[01m[Kconst std::complex<_Tp>[m[K’
[7.224s]    41 |     return (_ipiw*[01;36m[Kw[m[K)*inv_resolution+grid_origin;
[7.224s]       |                   [01;36m[K^[m[K
[7.224s] [01m[K/usr/include/c++/13/complex:404:5:[m[K [01;36m[Knote: [m[Kcandidate: ‘[01m[Ktemplate<class _Tp> std::complex<_Tp> std::[01;32m[Koperator*[m[K(const complex<_Tp>&, const _Tp&)[m[K’
[7.224s]   404 |     [01;36m[Koperator[m[K*(const complex<_Tp>& __x, const _Tp& __y)
[7.224s]       |     [01;36m[K^~~~~~~~[m[K
[7.224s] [01m[K/usr/include/c++/13/complex:404:5:[m[K [01;36m[Knote: [m[K  template argument deduction/substitution failed:
[7.224s] [01m[K/home/john/Desktop/rp_ros2_rviz/include/rp_ros2_rviz/grid_map.h:41:19:[m[K [01;36m[Knote: [m[K  ‘[01m[Kconst Isometry2f[m[K’ is not derived from ‘[01m[Kconst std::complex<_Tp>[m[K’
[7.225s]    41 |     return (_ipiw*[01;36m[Kw[m[K)*inv_resolution+grid_origin;
[7.225s]       |                   [01;36m[K^[m[K
[7.225s] [01m[K/usr/include/c++/13/complex:413:5:[m[K [01;36m[Knote: [m[Kcandidate: ‘[01m[Ktemplate<class _Tp> std::complex<_Tp> std::[01;32m[Koperator*[m[K(const _Tp&, const complex<_Tp>&)[m[K’
[7.225s]   413 |     [01;36m[Koperator[m[K*(const _Tp& __x, const complex<_Tp>& __y)
[7.225s]       |     [01;36m[K^~~~~~~~[m[K
[7.225s] [01m[K/usr/include/c++/13/complex:413:5:[m[K [01;36m[Knote: [m[K  template argument deduction/substitution failed:
[7.226s] [01m[K/home/john/Desktop/rp_ros2_rviz/include/rp_ros2_rviz/grid_map.h:41:19:[m[K [01;36m[Knote: [m[K  ‘[01m[Kconst Eigen::Vector2f[m[K’ {aka ‘[01m[Kconst Eigen::Matrix<float, 2, 1>[m[K’} is not derived from ‘[01m[Kconst std::complex<_Tp>[m[K’
[7.226s]    41 |     return (_ipiw*[01;36m[Kw[m[K)*inv_resolution+grid_origin;
[7.226s]       |                   [01;36m[K^[m[K
[7.226s] [01m[K/usr/include/eigen3/Eigen/src/Core/../plugins/CommonCwiseBinaryOps.h:50:29:[m[K [01;36m[Knote: [m[Kcandidate: ‘[01m[Ktemplate<class T> const Eigen::CwiseBinaryOp<Eigen::internal::scalar_product_op<typename Eigen::internal::promote_scalar_arg<float, T, Eigen::internal::has_ReturnType<Eigen::ScalarBinaryOpTraits<T, float, Eigen::internal::scalar_product_op<T, float> > >::value>::type, float>, const typename Eigen::internal::plain_constant_type<Eigen::Matrix<float, 2, 1>, typename Eigen::internal::promote_scalar_arg<float, T, Eigen::internal::has_ReturnType<Eigen::ScalarBinaryOpTraits<T, float, Eigen::internal::scalar_product_op<T, float> > >::value>::type>::type, const Eigen::Matrix<float, 2, 1> > Eigen::[01;32m[Koperator*[m[K(const T&, const MatrixBase<Matrix<float, 2, 1> >::StorageBaseType&)[m[K’
[7.226s]    50 | EIGEN_MAKE_SCALAR_BINARY_OP([01;36m[Koperator[m[K*,product)
[7.226s]       |                             [01;36m[K^~~~~~~~[m[K
[7.226s] [01m[K/usr/include/eigen3/Eigen/src/Core/util/Macros.h:1383:4:[m[K [01;36m[Knote: [m[Kin definition of macro ‘[01m[KEIGEN_MAKE_SCALAR_BINARY_OP_ONTHELEFT[m[K’
[7.226s]  1383 |   ([01;36m[KMETHOD[m[K)(const T& scalar, const StorageBaseType& matrix) { \
[7.226s]       |    [01;36m[K^~~~~~[m[K
[7.227s] [01m[K/usr/include/eigen3/Eigen/src/Core/../plugins/CommonCwiseBinaryOps.h:50:1:[m[K [01;36m[Knote: [m[Kin expansion of macro ‘[01m[KEIGEN_MAKE_SCALAR_BINARY_OP[m[K’
[7.227s]    50 | [01;36m[KEIGEN_MAKE_SCALAR_BINARY_OP[m[K(operator*,product)
[7.227s]       | [01;36m[K^~~~~~~~~~~~~~~~~~~~~~~~~~~[m[K
[7.227s] [01m[K/usr/include/eigen3/Eigen/src/Core/../plugins/CommonCwiseBinaryOps.h:50:29:[m[K [01;36m[Knote: [m[K  template argument deduction/substitution failed:
[7.227s]    50 | EIGEN_MAKE_SCALAR_BINARY_OP([01;36m[Koperator[m[K*,product)
[7.227s]       |                             [01;36m[K^~~~~~~~[m[K
[7.227s] [01m[K/usr/include/eigen3/Eigen/src/Core/util/Macros.h:1383:4:[m[K [01;36m[Knote: [m[Kin definition of macro ‘[01m[KEIGEN_MAKE_SCALAR_BINARY_OP_ONTHELEFT[m[K’
[7.227s]  1383 |   ([01;36m[KMETHOD[m[K)(const T& scalar, const StorageBaseType& matrix) { \
[7.227s]       |    [01;36m[K^~~~~~[m[K
[7.228s] [01m[K/usr/include/eigen3/Eigen/src/Core/../plugins/CommonCwiseBinaryOps.h:50:1:[m[K [01;36m[Knote: [m[Kin expansion of macro ‘[01m[KEIGEN_MAKE_SCALAR_BINARY_OP[m[K’
[7.228s]    50 | [01;36m[KEIGEN_MAKE_SCALAR_BINARY_OP[m[K(operator*,product)
[7.228s]       | [01;36m[K^~~~~~~~~~~~~~~~~~~~~~~~~~~[m[K
[7.228s] /usr/include/eigen3/Eigen/src/Core/../plugins/CommonCwiseBinaryOps.h: In substitution of ‘[01m[Ktemplate<class T> const Eigen::CwiseBinaryOp<Eigen::internal::scalar_product_op<typename Eigen::internal::promote_scalar_arg<float, T, Eigen::internal::has_ReturnType<Eigen::ScalarBinaryOpTraits<T, float, Eigen::internal::scalar_product_op<T, float> > >::value>::type, float>, const typename Eigen::internal::plain_constant_type<Eigen::Matrix<float, 2, 1>, typename Eigen::internal::promote_scalar_arg<float, T, Eigen::internal::has_ReturnType<Eigen::ScalarBinaryOpTraits<T, float, Eigen::internal::scalar_product_op<T, float> > >::value>::type>::type, const Eigen::Matrix<float, 2, 1> > Eigen::[01;32m[Koperator*[m[K(const T&, const MatrixBase<Matrix<float, 2, 1> >::StorageBaseType&) [35m[K[with T = Isometry2f][m[K[m[K’:
[7.228s] [01m[K/home/john/Desktop/rp_ros2_rviz/include/rp_ros2_rviz/grid_map.h:41:19:[m[K   required from here
[7.228s] [01m[K/usr/include/eigen3/Eigen/src/Core/../plugins/CommonCwiseBinaryOps.h:50:29:[m[K [01;31m[Kerror: [m[Kno type named ‘[01m[Ktype[m[K’ in ‘[01m[Kstruct Eigen::internal::promote_scalar_arg<float, Isometry2f, false>[m[K’
[7.228s]    50 | EIGEN_MAKE_SCALAR_BINARY_OP([01;31m[Koperator[m[K*,product)
[7.228s]       |                             [01;31m[K^~~~~~~~[m[K
[7.228s] [01m[K/usr/include/eigen3/Eigen/src/Core/util/Macros.h:1383:4:[m[K [01;36m[Knote: [m[Kin definition of macro ‘[01m[KEIGEN_MAKE_SCALAR_BINARY_OP_ONTHELEFT[m[K’
[7.228s]  1383 |   ([01;36m[KMETHOD[m[K)(const T& scalar, const StorageBaseType& matrix) { \
[7.228s]       |    [01;36m[K^~~~~~[m[K
[7.228s] [01m[K/usr/include/eigen3/Eigen/src/Core/../plugins/CommonCwiseBinaryOps.h:50:1:[m[K [01;36m[Knote: [m[Kin expansion of macro ‘[01m[KEIGEN_MAKE_SCALAR_BINARY_OP[m[K’
[7.229s]    50 | [01;36m[KEIGEN_MAKE_SCALAR_BINARY_OP[m[K(operator*,product)
[7.229s]       | [01;36m[K^~~~~~~~~~~~~~~~~~~~~~~~~~~[m[K
[7.229s] In file included from [01m[K/usr/include/eigen3/Eigen/Core:326[m[K:
[7.229s] [01m[K/usr/include/eigen3/Eigen/src/Core/PermutationMatrix.h:515:1:[m[K [01;36m[Knote: [m[Kcandidate: ‘[01m[Ktemplate<class MatrixDerived, class PermutationDerived> const Eigen::Product<MatrixDerived, PermutationDerived, 2> Eigen::[01;32m[Koperator*[m[K(const MatrixBase<Derived>&, const PermutationBase<PermutationDerived>&)[m[K’
[7.229s]   515 | [01;36m[Koperator[m[K*(const MatrixBase<MatrixDerived> &matrix,
[7.229s]       | [01;36m[K^~~~~~~~[m[K
[7.229s] [01m[K/usr/include/eigen3/Eigen/src/Core/PermutationMatrix.h:515:1:[m[K [01;36m[Knote: [m[K  template argument deduction/substitution failed:
[7.229s] [01m[K/home/john/Desktop/rp_ros2_rviz/include/rp_ros2_rviz/grid_map.h:41:19:[m[K [01;36m[Knote: [m[K  ‘[01m[Kconst Isometry2f[m[K’ is not derived from ‘[01m[Kconst Eigen::MatrixBase<Derived>[m[K’
[7.229s]    41 |     return (_ipiw*[01;36m[Kw[m[K)*inv_resolution+grid_origin;
[7.229s]       |                   [01;36m[K^[m[K
[7.229s] [01m[K/usr/include/eigen3/Eigen/src/Core/PermutationMatrix.h:527:1:[m[K [01;36m[Knote: [m[Kcandidate: ‘[01m[Ktemplate<class PermutationDerived, class MatrixDerived> const Eigen::Product<MatrixDerived, PermutationDerived, 2> Eigen::[01;32m[Koperator*[m[K(const PermutationBase<PermutationDerived>&, const MatrixBase<U>&)[m[K’
[7.229s]   527 | [01;36m[Koperator[m[K*(const PermutationBase<PermutationDerived> &permutation,
[7.229s]       | [01;36m[K^~~~~~~~[m[K
[7.229s] [01m[K/usr/include/eigen3/Eigen/src/Core/PermutationMatrix.h:527:1:[m[K [01;36m[Knote: [m[K  template argument deduction/substitution failed:
[7.229s] [01m[K/home/john/Desktop/rp_ros2_rviz/include/rp_ros2_rviz/grid_map.h:41:19:[m[K [01;36m[Knote: [m[K  ‘[01m[Kconst Isometry2f[m[K’ is not derived from ‘[01m[Kconst Eigen::PermutationBase<PermutationDerived>[m[K’
[7.229s]    41 |     return (_ipiw*[01;36m[Kw[m[K)*inv_resolution+grid_origin;
[7.229s]       |                   [01;36m[K^[m[K
[7.229s] In file included from [01m[K/usr/include/eigen3/Eigen/Core:327[m[K:
[7.230s] [01m[K/usr/include/eigen3/Eigen/src/Core/Transpositions.h:313:1:[m[K [01;36m[Knote: [m[Kcandidate: ‘[01m[Ktemplate<class MatrixDerived, class TranspositionsDerived> const Eigen::Product<MatrixDerived, PermutationDerived, 2> Eigen::[01;32m[Koperator*[m[K(const MatrixBase<Derived>&, const TranspositionsBase<TranspositionsDerived>&)[m[K’
[7.234s]   313 | [01;36m[Koperator[m[K*(const MatrixBase<MatrixDerived> &matrix,
[7.234s]       | [01;36m[K^~~~~~~~[m[K
[7.234s] [01m[K/usr/include/eigen3/Eigen/src/Core/Transpositions.h:313:1:[m[K [01;36m[Knote: [m[K  template argument deduction/substitution failed:
[7.234s] [01m[K/home/john/Desktop/rp_ros2_rviz/include/rp_ros2_rviz/grid_map.h:41:19:[m[K [01;36m[Knote: [m[K  ‘[01m[Kconst Isometry2f[m[K’ is not derived from ‘[01m[Kconst Eigen::MatrixBase<Derived>[m[K’
[7.234s]    41 |     return (_ipiw*[01;36m[Kw[m[K)*inv_resolution+grid_origin;
[7.234s]       |                   [01;36m[K^[m[K
[7.234s] [01m[K/usr/include/eigen3/Eigen/src/Core/Transpositions.h:325:1:[m[K [01;36m[Knote: [m[Kcandidate: ‘[01m[Ktemplate<class TranspositionsDerived, class MatrixDerived> const Eigen::Product<MatrixDerived, PermutationDerived, 2> Eigen::[01;32m[Koperator*[m[K(const TranspositionsBase<TranspositionsDerived>&, const MatrixBase<U>&)[m[K’
[7.234s]   325 | [01;36m[Koperator[m[K*(const TranspositionsBase<TranspositionsDerived> &transpositions,
[7.235s]       | [01;36m[K^~~~~~~~[m[K
[7.235s] [01m[K/usr/include/eigen3/Eigen/src/Core/Transpositions.h:325:1:[m[K [01;36m[Knote: [m[K  template argument deduction/substitution failed:
[7.235s] [01m[K/home/john/Desktop/rp_ros2_rviz/include/rp_ros2_rviz/grid_map.h:41:19:[m[K [01;36m[Knote: [m[K  ‘[01m[Kconst Isometry2f[m[K’ is not derived from ‘[01m[Kconst Eigen::TranspositionsBase<TranspositionsDerived>[m[K’
[7.235s]    41 |     return (_ipiw*[01;36m[Kw[m[K)*inv_resolution+grid_origin;
[7.235s]       |                   [01;36m[K^[m[K
[7.609s] [01m[K/home/john/Desktop/rp_ros2_rviz/src/world_node.cpp:[m[K In constructor ‘[01m[KWorldNode::[01;32m[KWorldNode[m[K()[m[K’:
[7.609s] [01m[K/home/john/Desktop/rp_ros2_rviz/src/world_node.cpp:53:17:[m[K [01;35m[Kwarning: [m[Kunused variable ‘[01m[Kkey[m[K’ [[01;35m[K]8;;https://gcc.gnu.org/onlinedocs/gcc/Warning-Options.html#index-Wunused-variable-Wunused-variable]8;;[m[K]
[7.609s]    53 |             int [01;35m[Kkey[m[K=0;
[7.609s]       |                 [01;35m[K^~~[m[K
[7.647s] [01m[K/home/john/Desktop/rp_ros2_rviz/src/world_node.cpp:[m[K In static member function ‘[01m[Kstatic void WorldNode::[01;32m[KonMouse[m[K(int, int, int, int, void*)[m[K’:
[7.647s] [01m[K/home/john/Desktop/rp_ros2_rviz/src/world_node.cpp:79:54:[m[K [01;35m[Kwarning: [m[Kunused parameter ‘[01m[Kval[m[K’ [[01;35m[K]8;;https://gcc.gnu.org/onlinedocs/gcc/Warning-Options.html#index-Wunused-parameter-Wunused-parameter]8;;[m[K]
[7.647s]    79 |     static void onMouse(int event, int x, int y, [01;35m[Kint val[m[K, void* arg) {
[7.647s]       |                                                  [01;35m[K~~~~^~~[m[K
[10.084s] gmake[2]: *** [CMakeFiles/world_node.dir/build.make:76: CMakeFiles/world_node.dir/src/world_node.cpp.o] Error 1
[10.084s] gmake[1]: *** [CMakeFiles/Makefile2:165: CMakeFiles/world_node.dir/all] Error 2
[10.084s] gmake: *** [Makefile:146: all] Error 2
[10.086s] Invoked command in '/home/john/Desktop/rp_ros2_rviz/build/rp_ros2_rviz' returned '2': CMAKE_PREFIX_PATH=${CMAKE_PREFIX_PATH}:/opt/ros/jazzy DEBUGINFOD_URLS=https://debuginfod.ubuntu.com /usr/bin/cmake --build /home/john/Desktop/rp_ros2_rviz/build/rp_ros2_rviz -- -j4 -l4
