[0.010s] Invoking command in '/home/john/Desktop/rp_ros2_rviz/build/rp_ros2_rviz': CMAKE_PREFIX_PATH=${CMAKE_PREFIX_PATH}:/home/john/Desktop/path_ros/rp_ros2_rviz/install/rp_ros2_rviz:/opt/ros/jazzy DEBUGINFOD_URLS=https://debuginfod.ubuntu.com /usr/bin/cmake --build /home/john/Desktop/rp_ros2_rviz/build/rp_ros2_rviz -- -j4 -l4
[0.033s] -- Found ament_cmake: 2.5.3 (/opt/ros/jazzy/share/ament_cmake/cmake)
[0.201s] -- Found rclcpp: 28.1.6 (/opt/ros/jazzy/share/rclcpp/cmake)
[0.223s] -- Found rosidl_generator_c: 4.6.5 (/opt/ros/jazzy/share/rosidl_generator_c/cmake)
[0.230s] -- Found rosidl_generator_cpp: 4.6.5 (/opt/ros/jazzy/share/rosidl_generator_cpp/cmake)
[0.239s] -- Using all available rosidl_typesupport_c: rosidl_typesupport_fastrtps_c;rosidl_typesupport_introspection_c
[0.251s] -- Using all available rosidl_typesupport_cpp: rosidl_typesupport_fastrtps_cpp;rosidl_typesupport_introspection_cpp
[0.294s] -- Found rmw_implementation_cmake: 7.3.1 (/opt/ros/jazzy/share/rmw_implementation_cmake/cmake)
[0.295s] -- Found rmw_fastrtps_cpp: 8.4.1 (/opt/ros/jazzy/share/rmw_fastrtps_cpp/cmake)
[0.344s] -- Using RMW implementation 'rmw_fastrtps_cpp' as default
[0.389s] -- Found std_msgs: 5.3.5 (/opt/ros/jazzy/share/std_msgs/cmake)
[0.399s] -- Found geometry_msgs: 5.3.5 (/opt/ros/jazzy/share/geometry_msgs/cmake)
[0.416s] -- Found sensor_msgs: 5.3.5 (/opt/ros/jazzy/share/sensor_msgs/cmake)
[0.434s] -- Found cv_bridge: 4.1.0 (/opt/ros/jazzy/share/cv_bridge/cmake)
[0.442s] -- Found ament_lint_auto: 0.17.1 (/opt/ros/jazzy/share/ament_lint_auto/cmake)
[0.605s] -- Added test 'cppcheck' to perform static code analysis on C / C++ code
[0.605s] -- Configured cppcheck include dirs: /home/john/Desktop/rp_ros2_rviz/include
[0.605s] -- Configured cppcheck exclude dirs and/or files: 
[0.618s] -- Added test 'flake8' to check Python code syntax and style conventions
[0.618s] -- Configured 'flake8' exclude dirs and/or files: 
[0.641s] -- Added test 'lint_cmake' to check CMake code style
[0.652s] -- Added test 'pep257' to check Python code against some of the docstring style conventions in PEP 257
[0.738s] -- Added test 'uncrustify' to check C / C++ code style
[0.738s] -- Configured uncrustify additional arguments: 
[0.751s] -- Added test 'xmllint' to check XML markup files
[0.751s] -- Configuring done (0.7s)
[0.753s] [31mCMake Error at CMakeLists.txt:19 (add_executable):
[0.754s]   Cannot find source file:
[0.754s] 
[0.754s]     src/dmap_node.cpp
[0.754s] 
[0.754s]   Tried extensions .c .C .c++ .cc .cpp .cxx .cu .mpp .m .M .mm .ixx .cppm
[0.754s]   .ccm .cxxm .c++m .h .hh .h++ .hm .hpp .hxx .in .txx .f .F .for .f77 .f90
[0.754s]   .f95 .f03 .hip .ispc
[0.754s] 
[0.754s] [0m
[0.759s] [31mCMake Error at CMakeLists.txt:19 (add_executable):
[0.759s]   No SOURCES given to target: controller_node
[0.759s] 
[0.759s] [0m
[0.759s] [0mCMake Generate step failed.  Build files cannot be regenerated correctly.[0m
[0.765s] gmake: *** [Makefile:398: cmake_check_build_system] Error 1
[0.769s] Invoked command in '/home/john/Desktop/rp_ros2_rviz/build/rp_ros2_rviz' returned '2': CMAKE_PREFIX_PATH=${CMAKE_PREFIX_PATH}:/home/john/Desktop/path_ros/rp_ros2_rviz/install/rp_ros2_rviz:/opt/ros/jazzy DEBUGINFOD_URLS=https://debuginfod.ubuntu.com /usr/bin/cmake --build /home/john/Desktop/rp_ros2_rviz/build/rp_ros2_rviz -- -j4 -l4
