[0.019s] Invoking command in '/home/john/Desktop/rp_ros2_rviz/build/rp_ros2_rviz': CMAKE_PREFIX_PATH=${CMAKE_PREFIX_PATH}:/opt/ros/jazzy DEBUGINFOD_URLS=https://debuginfod.ubuntu.com /usr/bin/cmake --build /home/john/Desktop/rp_ros2_rviz/build/rp_ros2_rviz -- -j4 -l4
[0.154s] [ 16%] Built target control_robot
[0.212s] [ 33%] [32mBuilding CXX object CMakeFiles/world_node.dir/src/lidar.cpp.o[0m
[0.217s] [ 25%] [32mBuilding CXX object CMakeFiles/world_node.dir/src/grid_map.cpp.o[0m
[0.221s] [ 41%] [32mBuilding CXX object CMakeFiles/world_node.dir/src/world_node.cpp.o[0m
[2.955s] In file included from [01m[K/home/john/Desktop/rp_ros2_rviz/src/grid_map.cpp:1[m[K:
[2.955s] [01m[K/home/john/Desktop/rp_ros2_rviz/include/rp_ros2_rviz/grid_map.h:[m[K In member function ‘[01m[KEigen::Vector2f GridMap::[01;32m[Kg2w[m[K(Eigen::Vector2f) const[m[K’:
[2.955s] [01m[K/home/john/Desktop/rp_ros2_rviz/include/rp_ros2_rviz/grid_map.h:36:19:[m[K [01;31m[Kerror: [m[Kno match for ‘[01m[Koperator-[m[K’ (operand types are ‘[01m[Kconst Eigen::Vector2f[m[K’ {aka ‘[01m[Kconst Eigen::Matrix<float, 2, 1>[m[K’} and ‘[01m[Kconst Vec2f[m[K’)
[2.955s]    36 |     return _piw*([32m[Kg[m[K[01;31m[K-[m[K[34m[Kgrid_origin[m[K)*resolution;
[2.955s]       |                  [32m[K~[m[K[01;31m[K^[m[K[34m[K~~~~~~~~~~~[m[K
[2.955s]       |                  [32m[K|[m[K [34m[K|[m[K
[2.955s]       |                  [32m[K|[m[K [34m[Kconst Vec2f[m[K
[2.955s]       |                  [32m[Kconst Eigen::Vector2f {aka const Eigen::Matrix<float, 2, 1>}[m[K
[2.955s] In file included from [01m[K/usr/include/eigen3/Eigen/Core:19[m[K,
[2.955s]                  from [01m[K/home/john/Desktop/rp_ros2_rviz/include/rp_ros2_rviz/grid_map.h:7[m[K:
[2.955s] [01m[K/usr/include/eigen3/Eigen/src/Core/../plugins/CommonCwiseBinaryOps.h:19:28:[m[K [01;36m[Knote: [m[Kcandidate: ‘[01m[Ktemplate<class OtherDerived> const Eigen::CwiseBinaryOp<Eigen::internal::scalar_difference_op<typename Eigen::internal::traits<T>::Scalar, typename Eigen::internal::traits<OtherDerived>::Scalar>, const Derived, const OtherDerived> Eigen::MatrixBase<Derived>::[01;32m[Koperator-[m[K(const Eigen::MatrixBase<OtherDerived>&) const [35m[K[with Derived = Eigen::Matrix<float, 2, 1>][m[K[m[K’
[2.955s]    19 | EIGEN_MAKE_CWISE_BINARY_OP([01;36m[Koperator[m[K-,difference)
[2.955s]       |                            [01;36m[K^~~~~~~~[m[K
[2.956s] [01m[K/usr/include/eigen3/Eigen/src/Core/util/Macros.h:1348:4:[m[K [01;36m[Knote: [m[Kin definition of macro ‘[01m[KEIGEN_MAKE_CWISE_BINARY_OP[m[K’
[2.956s]  1348 |   ([01;36m[KMETHOD[m[K)(const EIGEN_CURRENT_STORAGE_BASE_CLASS<OtherDerived> &other) const \
[2.956s]       |    [01;36m[K^~~~~~[m[K
[2.956s] [01m[K/usr/include/eigen3/Eigen/src/Core/../plugins/CommonCwiseBinaryOps.h:19:28:[m[K [01;36m[Knote: [m[K  template argument deduction/substitution failed:
[2.956s]    19 | EIGEN_MAKE_CWISE_BINARY_OP([01;36m[Koperator[m[K-,difference)
[2.956s]       |                            [01;36m[K^~~~~~~~[m[K
[2.956s] [01m[K/usr/include/eigen3/Eigen/src/Core/util/Macros.h:1348:4:[m[K [01;36m[Knote: [m[Kin definition of macro ‘[01m[KEIGEN_MAKE_CWISE_BINARY_OP[m[K’
[2.956s]  1348 |   ([01;36m[KMETHOD[m[K)(const EIGEN_CURRENT_STORAGE_BASE_CLASS<OtherDerived> &other) const \
[2.956s]       |    [01;36m[K^~~~~~[m[K
[2.956s] [01m[K/home/john/Desktop/rp_ros2_rviz/include/rp_ros2_rviz/grid_map.h:36:20:[m[K [01;36m[Knote: [m[K  ‘[01m[Kconst Vec2f[m[K’ is not derived from ‘[01m[Kconst Eigen::MatrixBase<Derived>[m[K’
[2.956s]    36 |     return _piw*(g-[01;36m[Kgrid_origin[m[K)*resolution;
[2.956s]       |                    [01;36m[K^~~~~~~~~~~[m[K
[2.956s] In file included from [01m[K/usr/include/eigen3/Eigen/src/Core/DenseBase.h:658[m[K,
[2.956s]                  from [01m[K/usr/include/eigen3/Eigen/Core:272[m[K:
[2.956s] [01m[K/usr/include/eigen3/Eigen/src/Core/../plugins/CommonCwiseUnaryOps.h:45:1:[m[K [01;36m[Knote: [m[Kcandidate: ‘[01m[Kconst Eigen::DenseBase<Derived>::NegativeReturnType Eigen::DenseBase<Derived>::[01;32m[Koperator-[m[K() const [35m[K[with Derived = Eigen::Matrix<float, 2, 1>; NegativeReturnType = Eigen::CwiseUnaryOp<Eigen::internal::scalar_opposite_op<float>, const Eigen::Matrix<float, 2, 1> >][m[K[m[K’
[2.956s]    45 | [01;36m[Koperator[m[K-() const { return NegativeReturnType(derived()); }
[2.956s]       | [01;36m[K^~~~~~~~[m[K
[2.956s] [01m[K/usr/include/eigen3/Eigen/src/Core/../plugins/CommonCwiseUnaryOps.h:45:1:[m[K [01;36m[Knote: [m[K  candidate expects 0 arguments, 1 provided
[2.960s] In file included from [01m[K/usr/include/c++/13/string:48[m[K,
[2.960s]                  from [01m[K/usr/include/c++/13/bits/locale_classes.h:40[m[K,
[2.961s]                  from [01m[K/usr/include/c++/13/bits/ios_base.h:41[m[K,
[2.966s]                  from [01m[K/usr/include/c++/13/ios:44[m[K,
[2.966s]                  from [01m[K/usr/include/c++/13/ostream:40[m[K,
[2.966s]                  from [01m[K/usr/include/c++/13/iostream:41[m[K,
[2.966s]                  from [01m[K/home/john/Desktop/rp_ros2_rviz/include/rp_ros2_rviz/linalg.h:2[m[K,
[2.966s]                  from [01m[K/home/john/Desktop/rp_ros2_rviz/include/rp_ros2_rviz/grid_map.h:2[m[K:
[2.967s] [01m[K/usr/include/c++/13/bits/stl_iterator.h:625:5:[m[K [01;36m[Knote: [m[Kcandidate: ‘[01m[Ktemplate<class _IteratorL, class _IteratorR> constexpr decltype ((__y.base() - __x.base())) std::[01;32m[Koperator-[m[K(const reverse_iterator<_Iterator>&, const reverse_iterator<_IteratorR>&)[m[K’
[2.967s]   625 |     [01;36m[Koperator[m[K-(const reverse_iterator<_IteratorL>& __x,
[2.967s]       |     [01;36m[K^~~~~~~~[m[K
[2.967s] [01m[K/usr/include/c++/13/bits/stl_iterator.h:625:5:[m[K [01;36m[Knote: [m[K  template argument deduction/substitution failed:
[2.967s] [01m[K/home/john/Desktop/rp_ros2_rviz/include/rp_ros2_rviz/grid_map.h:36:20:[m[K [01;36m[Knote: [m[K  ‘[01m[Kconst Eigen::Vector2f[m[K’ {aka ‘[01m[Kconst Eigen::Matrix<float, 2, 1>[m[K’} is not derived from ‘[01m[Kconst std::reverse_iterator<_Iterator>[m[K’
[2.967s]    36 |     return _piw*(g-[01;36m[Kgrid_origin[m[K)*resolution;
[2.967s]       |                    [01;36m[K^~~~~~~~~~~[m[K
[2.967s] [01m[K/usr/include/c++/13/bits/stl_iterator.h:1800:5:[m[K [01;36m[Knote: [m[Kcandidate: ‘[01m[Ktemplate<class _IteratorL, class _IteratorR> constexpr decltype ((__x.base() - __y.base())) std::[01;32m[Koperator-[m[K(const move_iterator<_IteratorL>&, const move_iterator<_IteratorR>&)[m[K’
[2.967s]  1800 |     [01;36m[Koperator[m[K-(const move_iterator<_IteratorL>& __x,
[2.967s]       |     [01;36m[K^~~~~~~~[m[K
[2.967s] [01m[K/usr/include/c++/13/bits/stl_iterator.h:1800:5:[m[K [01;36m[Knote: [m[K  template argument deduction/substitution failed:
[2.967s] [01m[K/home/john/Desktop/rp_ros2_rviz/include/rp_ros2_rviz/grid_map.h:36:20:[m[K [01;36m[Knote: [m[K  ‘[01m[Kconst Eigen::Vector2f[m[K’ {aka ‘[01m[Kconst Eigen::Matrix<float, 2, 1>[m[K’} is not derived from ‘[01m[Kconst std::move_iterator<_IteratorL>[m[K’
[2.967s]    36 |     return _piw*(g-[01;36m[Kgrid_origin[m[K)*resolution;
[2.967s]       |                    [01;36m[K^~~~~~~~~~~[m[K
[2.967s] In file included from [01m[K/usr/include/opencv4/opencv2/core/cvstd.inl.hpp:47[m[K,
[2.967s]                  from [01m[K/usr/include/opencv4/opencv2/core.hpp:3349[m[K,
[2.967s]                  from [01m[K/usr/include/opencv4/opencv2/opencv.hpp:52[m[K,
[2.968s]                  from [01m[K/home/john/Desktop/rp_ros2_rviz/include/rp_ros2_rviz/canvas.h:2[m[K,
[2.968s]                  from [01m[K/home/john/Desktop/rp_ros2_rviz/include/rp_ros2_rviz/world.h:6[m[K,
[2.968s]                  from [01m[K/home/john/Desktop/rp_ros2_rviz/include/rp_ros2_rviz/grid_map.h:4[m[K:
[2.968s] [01m[K/usr/include/c++/13/complex:365:5:[m[K [01;36m[Knote: [m[Kcandidate: ‘[01m[Ktemplate<class _Tp> std::complex<_Tp> std::[01;32m[Koperator-[m[K(const complex<_Tp>&, const complex<_Tp>&)[m[K’
[2.968s]   365 |     [01;36m[Koperator[m[K-(const complex<_Tp>& __x, const complex<_Tp>& __y)
[2.968s]       |     [01;36m[K^~~~~~~~[m[K
[2.968s] [01m[K/usr/include/c++/13/complex:365:5:[m[K [01;36m[Knote: [m[K  template argument deduction/substitution failed:
[2.968s] [01m[K/home/john/Desktop/rp_ros2_rviz/include/rp_ros2_rviz/grid_map.h:36:20:[m[K [01;36m[Knote: [m[K  ‘[01m[Kconst Eigen::Vector2f[m[K’ {aka ‘[01m[Kconst Eigen::Matrix<float, 2, 1>[m[K’} is not derived from ‘[01m[Kconst std::complex<_Tp>[m[K’
[2.968s]    36 |     return _piw*(g-[01;36m[Kgrid_origin[m[K)*resolution;
[2.968s]       |                    [01;36m[K^~~~~~~~~~~[m[K
[2.968s] [01m[K/usr/include/c++/13/complex:374:5:[m[K [01;36m[Knote: [m[Kcandidate: ‘[01m[Ktemplate<class _Tp> std::complex<_Tp> std::[01;32m[Koperator-[m[K(const complex<_Tp>&, const _Tp&)[m[K’
[2.968s]   374 |     [01;36m[Koperator[m[K-(const complex<_Tp>& __x, const _Tp& __y)
[2.968s]       |     [01;36m[K^~~~~~~~[m[K
[2.968s] [01m[K/usr/include/c++/13/complex:374:5:[m[K [01;36m[Knote: [m[K  template argument deduction/substitution failed:
[2.968s] [01m[K/home/john/Desktop/rp_ros2_rviz/include/rp_ros2_rviz/grid_map.h:36:20:[m[K [01;36m[Knote: [m[K  ‘[01m[Kconst Eigen::Vector2f[m[K’ {aka ‘[01m[Kconst Eigen::Matrix<float, 2, 1>[m[K’} is not derived from ‘[01m[Kconst std::complex<_Tp>[m[K’
[2.968s]    36 |     return _piw*(g-[01;36m[Kgrid_origin[m[K)*resolution;
[2.968s]       |                    [01;36m[K^~~~~~~~~~~[m[K
[2.968s] [01m[K/usr/include/c++/13/complex:383:5:[m[K [01;36m[Knote: [m[Kcandidate: ‘[01m[Ktemplate<class _Tp> std::complex<_Tp> std::[01;32m[Koperator-[m[K(const _Tp&, const complex<_Tp>&)[m[K’
[2.968s]   383 |     [01;36m[Koperator[m[K-(const _Tp& __x, const complex<_Tp>& __y)
[2.969s]       |     [01;36m[K^~~~~~~~[m[K
[2.969s] [01m[K/usr/include/c++/13/complex:383:5:[m[K [01;36m[Knote: [m[K  template argument deduction/substitution failed:
[2.969s] [01m[K/home/john/Desktop/rp_ros2_rviz/include/rp_ros2_rviz/grid_map.h:36:20:[m[K [01;36m[Knote: [m[K  ‘[01m[Kconst Vec2f[m[K’ is not derived from ‘[01m[Kconst std::complex<_Tp>[m[K’
[2.969s]    36 |     return _piw*(g-[01;36m[Kgrid_origin[m[K)*resolution;
[2.969s]       |                    [01;36m[K^~~~~~~~~~~[m[K
[2.971s] [01m[K/usr/include/c++/13/complex:460:5:[m[K [01;36m[Knote: [m[Kcandidate: ‘[01m[Ktemplate<class _Tp> std::complex<_Tp> std::[01;32m[Koperator-[m[K(const complex<_Tp>&)[m[K’
[2.971s]   460 |     [01;36m[Koperator[m[K-(const complex<_Tp>& __x)
[2.971s]       |     [01;36m[K^~~~~~~~[m[K
[2.971s] [01m[K/usr/include/c++/13/complex:460:5:[m[K [01;36m[Knote: [m[K  template argument deduction/substitution failed:
[2.972s] [01m[K/home/john/Desktop/rp_ros2_rviz/include/rp_ros2_rviz/grid_map.h:36:20:[m[K [01;36m[Knote: [m[K  ‘[01m[Kconst Eigen::Vector2f[m[K’ {aka ‘[01m[Kconst Eigen::Matrix<float, 2, 1>[m[K’} is not derived from ‘[01m[Kconst std::complex<_Tp>[m[K’
[2.973s]    36 |     return _piw*(g-[01;36m[Kgrid_origin[m[K)*resolution;
[2.973s]       |                    [01;36m[K^~~~~~~~~~~[m[K
[2.973s] [01m[K/home/john/Desktop/rp_ros2_rviz/include/rp_ros2_rviz/grid_map.h:[m[K In member function ‘[01m[KEigen::Vector2f GridMap::[01;32m[Kw2g[m[K(Eigen::Vector2f) const[m[K’:
[2.973s] [01m[K/home/john/Desktop/rp_ros2_rviz/include/rp_ros2_rviz/grid_map.h:41:18:[m[K [01;31m[Kerror: [m[Kno match for ‘[01m[Koperator*[m[K’ (operand types are ‘[01m[Kconst Isometry2f[m[K’ and ‘[01m[Kconst Eigen::Vector2f[m[K’ {aka ‘[01m[Kconst Eigen::Matrix<float, 2, 1>[m[K’})
[2.973s]    41 |     return ([32m[K_ipiw[m[K[01;31m[K*[m[K[34m[Kw[m[K)*inv_resolution+grid_origin;
[2.973s]       |             [32m[K~~~~~[m[K[01;31m[K^[m[K[34m[K~[m[K
[2.973s]       |             [32m[K|[m[K     [34m[K|[m[K
[2.973s]       |             [32m[K|[m[K     [34m[Kconst Eigen::Vector2f {aka const Eigen::Matrix<float, 2, 1>}[m[K
[2.974s]       |             [32m[Kconst Isometry2f[m[K
[2.974s] [01m[K/home/john/Desktop/rp_ros2_rviz/include/rp_ros2_rviz/linalg.h:207:21:[m[K [01;36m[Knote: [m[Kcandidate: ‘[01m[KIsometry2f Isometry2f::[01;32m[Koperator*[m[K(const Isometry2f&) const[m[K’
[2.974s]   207 |   inline Isometry2f [01;36m[Koperator[m[K*(const Isometry2f& src) const {
[2.976s]       |                     [01;36m[K^~~~~~~~[m[K
[2.976s] [01m[K/home/john/Desktop/rp_ros2_rviz/include/rp_ros2_rviz/linalg.h:207:49:[m[K [01;36m[Knote: [m[K  no known conversion for argument 1 from ‘[01m[Kconst Eigen::Vector2f[m[K’ {aka ‘[01m[Kconst Eigen::Matrix<float, 2, 1>[m[K’} to ‘[01m[Kconst Isometry2f&[m[K’
[2.982s]   207 |   inline Isometry2f operator*([01;36m[Kconst Isometry2f& src[m[K) const {
[2.982s]       |                               [01;36m[K~~~~~~~~~~~~~~~~~~^~~[m[K
[2.982s] [01m[K/home/john/Desktop/rp_ros2_rviz/include/rp_ros2_rviz/linalg.h:221:16:[m[K [01;36m[Knote: [m[Kcandidate: ‘[01m[KVec2f Isometry2f::[01;32m[Koperator*[m[K(const Vec2f&) const[m[K’
[2.982s]   221 |   inline Vec2f [01;36m[Koperator[m[K*(const Vec2f& src) const {
[2.982s]       |                [01;36m[K^~~~~~~~[m[K
[2.982s] [01m[K/home/john/Desktop/rp_ros2_rviz/include/rp_ros2_rviz/linalg.h:221:39:[m[K [01;36m[Knote: [m[K  no known conversion for argument 1 from ‘[01m[Kconst Eigen::Vector2f[m[K’ {aka ‘[01m[Kconst Eigen::Matrix<float, 2, 1>[m[K’} to ‘[01m[Kconst Vec2f&[m[K’
[2.982s]   221 |   inline Vec2f operator*([01;36m[Kconst Vec2f& src[m[K) const {
[2.982s]       |                          [01;36m[K~~~~~~~~~~~~~^~~[m[K
[2.982s] [01m[K/usr/include/c++/13/complex:395:5:[m[K [01;36m[Knote: [m[Kcandidate: ‘[01m[Ktemplate<class _Tp> std::complex<_Tp> std::[01;32m[Koperator*[m[K(const complex<_Tp>&, const complex<_Tp>&)[m[K’
[2.982s]   395 |     [01;36m[Koperator[m[K*(const complex<_Tp>& __x, const complex<_Tp>& __y)
[2.982s]       |     [01;36m[K^~~~~~~~[m[K
[2.982s] [01m[K/usr/include/c++/13/complex:395:5:[m[K [01;36m[Knote: [m[K  template argument deduction/substitution failed:
[2.982s] [01m[K/home/john/Desktop/rp_ros2_rviz/include/rp_ros2_rviz/grid_map.h:41:19:[m[K [01;36m[Knote: [m[K  ‘[01m[Kconst Isometry2f[m[K’ is not derived from ‘[01m[Kconst std::complex<_Tp>[m[K’
[2.982s]    41 |     return (_ipiw*[01;36m[Kw[m[K)*inv_resolution+grid_origin;
[2.982s]       |                   [01;36m[K^[m[K
[2.982s] [01m[K/usr/include/c++/13/complex:404:5:[m[K [01;36m[Knote: [m[Kcandidate: ‘[01m[Ktemplate<class _Tp> std::complex<_Tp> std::[01;32m[Koperator*[m[K(const complex<_Tp>&, const _Tp&)[m[K’
[2.982s]   404 |     [01;36m[Koperator[m[K*(const complex<_Tp>& __x, const _Tp& __y)
[2.983s]       |     [01;36m[K^~~~~~~~[m[K
[2.983s] [01m[K/usr/include/c++/13/complex:404:5:[m[K [01;36m[Knote: [m[K  template argument deduction/substitution failed:
[2.983s] [01m[K/home/john/Desktop/rp_ros2_rviz/include/rp_ros2_rviz/grid_map.h:41:19:[m[K [01;36m[Knote: [m[K  ‘[01m[Kconst Isometry2f[m[K’ is not derived from ‘[01m[Kconst std::complex<_Tp>[m[K’
[2.983s]    41 |     return (_ipiw*[01;36m[Kw[m[K)*inv_resolution+grid_origin;
[2.983s]       |                   [01;36m[K^[m[K
[2.983s] [01m[K/usr/include/c++/13/complex:413:5:[m[K [01;36m[Knote: [m[Kcandidate: ‘[01m[Ktemplate<class _Tp> std::complex<_Tp> std::[01;32m[Koperator*[m[K(const _Tp&, const complex<_Tp>&)[m[K’
[2.983s]   413 |     [01;36m[Koperator[m[K*(const _Tp& __x, const complex<_Tp>& __y)
[2.983s]       |     [01;36m[K^~~~~~~~[m[K
[2.983s] [01m[K/usr/include/c++/13/complex:413:5:[m[K [01;36m[Knote: [m[K  template argument deduction/substitution failed:
[2.983s] [01m[K/home/john/Desktop/rp_ros2_rviz/include/rp_ros2_rviz/grid_map.h:41:19:[m[K [01;36m[Knote: [m[K  ‘[01m[Kconst Eigen::Vector2f[m[K’ {aka ‘[01m[Kconst Eigen::Matrix<float, 2, 1>[m[K’} is not derived from ‘[01m[Kconst std::complex<_Tp>[m[K’
[2.983s]    41 |     return (_ipiw*[01;36m[Kw[m[K)*inv_resolution+grid_origin;
[2.983s]       |                   [01;36m[K^[m[K
[2.983s] [01m[K/usr/include/eigen3/Eigen/src/Core/../plugins/CommonCwiseBinaryOps.h:50:29:[m[K [01;36m[Knote: [m[Kcandidate: ‘[01m[Ktemplate<class T> const Eigen::CwiseBinaryOp<Eigen::internal::scalar_product_op<typename Eigen::internal::promote_scalar_arg<float, T, Eigen::internal::has_ReturnType<Eigen::ScalarBinaryOpTraits<T, float, Eigen::internal::scalar_product_op<T, float> > >::value>::type, float>, const typename Eigen::internal::plain_constant_type<Eigen::Matrix<float, 2, 1>, typename Eigen::internal::promote_scalar_arg<float, T, Eigen::internal::has_ReturnType<Eigen::ScalarBinaryOpTraits<T, float, Eigen::internal::scalar_product_op<T, float> > >::value>::type>::type, const Eigen::Matrix<float, 2, 1> > Eigen::[01;32m[Koperator*[m[K(const T&, const MatrixBase<Matrix<float, 2, 1> >::StorageBaseType&)[m[K’
[2.983s]    50 | EIGEN_MAKE_SCALAR_BINARY_OP([01;36m[Koperator[m[K*,product)
[2.984s]       |                             [01;36m[K^~~~~~~~[m[K
[2.984s] [01m[K/usr/include/eigen3/Eigen/src/Core/util/Macros.h:1383:4:[m[K [01;36m[Knote: [m[Kin definition of macro ‘[01m[KEIGEN_MAKE_SCALAR_BINARY_OP_ONTHELEFT[m[K’
[2.984s]  1383 |   ([01;36m[KMETHOD[m[K)(const T& scalar, const StorageBaseType& matrix) { \
[2.993s]       |    [01;36m[K^~~~~~[m[K
[2.993s] [01m[K/usr/include/eigen3/Eigen/src/Core/../plugins/CommonCwiseBinaryOps.h:50:1:[m[K [01;36m[Knote: [m[Kin expansion of macro ‘[01m[KEIGEN_MAKE_SCALAR_BINARY_OP[m[K’
[2.994s]    50 | [01;36m[KEIGEN_MAKE_SCALAR_BINARY_OP[m[K(operator*,product)
[3.010s]       | [01;36m[K^~~~~~~~~~~~~~~~~~~~~~~~~~~[m[K
[3.010s] [01m[K/usr/include/eigen3/Eigen/src/Core/../plugins/CommonCwiseBinaryOps.h:50:29:[m[K [01;36m[Knote: [m[K  template argument deduction/substitution failed:
[3.010s]    50 | EIGEN_MAKE_SCALAR_BINARY_OP([01;36m[Koperator[m[K*,product)
[3.010s]       |                             [01;36m[K^~~~~~~~[m[K
[3.010s] [01m[K/usr/include/eigen3/Eigen/src/Core/util/Macros.h:1383:4:[m[K [01;36m[Knote: [m[Kin definition of macro ‘[01m[KEIGEN_MAKE_SCALAR_BINARY_OP_ONTHELEFT[m[K’
[3.010s]  1383 |   ([01;36m[KMETHOD[m[K)(const T& scalar, const StorageBaseType& matrix) { \
[3.010s]       |    [01;36m[K^~~~~~[m[K
[3.010s] [01m[K/usr/include/eigen3/Eigen/src/Core/../plugins/CommonCwiseBinaryOps.h:50:1:[m[K [01;36m[Knote: [m[Kin expansion of macro ‘[01m[KEIGEN_MAKE_SCALAR_BINARY_OP[m[K’
[3.010s]    50 | [01;36m[KEIGEN_MAKE_SCALAR_BINARY_OP[m[K(operator*,product)
[3.010s]       | [01;36m[K^~~~~~~~~~~~~~~~~~~~~~~~~~~[m[K
[3.011s] /usr/include/eigen3/Eigen/src/Core/../plugins/CommonCwiseBinaryOps.h: In substitution of ‘[01m[Ktemplate<class T> const Eigen::CwiseBinaryOp<Eigen::internal::scalar_product_op<typename Eigen::internal::promote_scalar_arg<float, T, Eigen::internal::has_ReturnType<Eigen::ScalarBinaryOpTraits<T, float, Eigen::internal::scalar_product_op<T, float> > >::value>::type, float>, const typename Eigen::internal::plain_constant_type<Eigen::Matrix<float, 2, 1>, typename Eigen::internal::promote_scalar_arg<float, T, Eigen::internal::has_ReturnType<Eigen::ScalarBinaryOpTraits<T, float, Eigen::internal::scalar_product_op<T, float> > >::value>::type>::type, const Eigen::Matrix<float, 2, 1> > Eigen::[01;32m[Koperator*[m[K(const T&, const MatrixBase<Matrix<float, 2, 1> >::StorageBaseType&) [35m[K[with T = Isometry2f][m[K[m[K’:
[3.011s] [01m[K/home/john/Desktop/rp_ros2_rviz/include/rp_ros2_rviz/grid_map.h:41:19:[m[K   required from here
[3.011s] [01m[K/usr/include/eigen3/Eigen/src/Core/../plugins/CommonCwiseBinaryOps.h:50:29:[m[K [01;31m[Kerror: [m[Kno type named ‘[01m[Ktype[m[K’ in ‘[01m[Kstruct Eigen::internal::promote_scalar_arg<float, Isometry2f, false>[m[K’
[3.011s]    50 | EIGEN_MAKE_SCALAR_BINARY_OP([01;31m[Koperator[m[K*,product)
[3.011s]       |                             [01;31m[K^~~~~~~~[m[K
[3.011s] [01m[K/usr/include/eigen3/Eigen/src/Core/util/Macros.h:1383:4:[m[K [01;36m[Knote: [m[Kin definition of macro ‘[01m[KEIGEN_MAKE_SCALAR_BINARY_OP_ONTHELEFT[m[K’
[3.011s]  1383 |   ([01;36m[KMETHOD[m[K)(const T& scalar, const StorageBaseType& matrix) { \
[3.011s]       |    [01;36m[K^~~~~~[m[K
[3.011s] [01m[K/usr/include/eigen3/Eigen/src/Core/../plugins/CommonCwiseBinaryOps.h:50:1:[m[K [01;36m[Knote: [m[Kin expansion of macro ‘[01m[KEIGEN_MAKE_SCALAR_BINARY_OP[m[K’
[3.011s]    50 | [01;36m[KEIGEN_MAKE_SCALAR_BINARY_OP[m[K(operator*,product)
[3.011s]       | [01;36m[K^~~~~~~~~~~~~~~~~~~~~~~~~~~[m[K
[3.011s] In file included from [01m[K/usr/include/eigen3/Eigen/Core:326[m[K:
[3.011s] [01m[K/usr/include/eigen3/Eigen/src/Core/PermutationMatrix.h:515:1:[m[K [01;36m[Knote: [m[Kcandidate: ‘[01m[Ktemplate<class MatrixDerived, class PermutationDerived> const Eigen::Product<MatrixDerived, PermutationDerived, 2> Eigen::[01;32m[Koperator*[m[K(const MatrixBase<Derived>&, const PermutationBase<PermutationDerived>&)[m[K’
[3.011s]   515 | [01;36m[Koperator[m[K*(const MatrixBase<MatrixDerived> &matrix,
[3.011s]       | [01;36m[K^~~~~~~~[m[K
[3.011s] [01m[K/usr/include/eigen3/Eigen/src/Core/PermutationMatrix.h:515:1:[m[K [01;36m[Knote: [m[K  template argument deduction/substitution failed:
[3.012s] [01m[K/home/john/Desktop/rp_ros2_rviz/include/rp_ros2_rviz/grid_map.h:41:19:[m[K [01;36m[Knote: [m[K  ‘[01m[Kconst Isometry2f[m[K’ is not derived from ‘[01m[Kconst Eigen::MatrixBase<Derived>[m[K’
[3.015s]    41 |     return (_ipiw*[01;36m[Kw[m[K)*inv_resolution+grid_origin;
[3.016s]       |                   [01;36m[K^[m[K
[3.016s] [01m[K/usr/include/eigen3/Eigen/src/Core/PermutationMatrix.h:527:1:[m[K [01;36m[Knote: [m[Kcandidate: ‘[01m[Ktemplate<class PermutationDerived, class MatrixDerived> const Eigen::Product<MatrixDerived, PermutationDerived, 2> Eigen::[01;32m[Koperator*[m[K(const PermutationBase<PermutationDerived>&, const MatrixBase<U>&)[m[K’
[3.016s]   527 | [01;36m[Koperator[m[K*(const PermutationBase<PermutationDerived> &permutation,
[3.016s]       | [01;36m[K^~~~~~~~[m[K
[3.016s] [01m[K/usr/include/eigen3/Eigen/src/Core/PermutationMatrix.h:527:1:[m[K [01;36m[Knote: [m[K  template argument deduction/substitution failed:
[3.017s] [01m[K/home/john/Desktop/rp_ros2_rviz/include/rp_ros2_rviz/grid_map.h:41:19:[m[K [01;36m[Knote: [m[K  ‘[01m[Kconst Isometry2f[m[K’ is not derived from ‘[01m[Kconst Eigen::PermutationBase<PermutationDerived>[m[K’
[3.017s]    41 |     return (_ipiw*[01;36m[Kw[m[K)*inv_resolution+grid_origin;
[3.017s]       |                   [01;36m[K^[m[K
[3.017s] In file included from [01m[K/usr/include/eigen3/Eigen/Core:327[m[K:
[3.017s] [01m[K/usr/include/eigen3/Eigen/src/Core/Transpositions.h:313:1:[m[K [01;36m[Knote: [m[Kcandidate: ‘[01m[Ktemplate<class MatrixDerived, class TranspositionsDerived> const Eigen::Product<MatrixDerived, PermutationDerived, 2> Eigen::[01;32m[Koperator*[m[K(const MatrixBase<Derived>&, const TranspositionsBase<TranspositionsDerived>&)[m[K’
[3.018s]   313 | [01;36m[Koperator[m[K*(const MatrixBase<MatrixDerived> &matrix,
[3.018s]       | [01;36m[K^~~~~~~~[m[K
[3.018s] [01m[K/usr/include/eigen3/Eigen/src/Core/Transpositions.h:313:1:[m[K [01;36m[Knote: [m[K  template argument deduction/substitution failed:
[3.018s] [01m[K/home/john/Desktop/rp_ros2_rviz/include/rp_ros2_rviz/grid_map.h:41:19:[m[K [01;36m[Knote: [m[K  ‘[01m[Kconst Isometry2f[m[K’ is not derived from ‘[01m[Kconst Eigen::MatrixBase<Derived>[m[K’
[3.021s]    41 |     return (_ipiw*[01;36m[Kw[m[K)*inv_resolution+grid_origin;
[3.021s]       |                   [01;36m[K^[m[K
[3.021s] [01m[K/usr/include/eigen3/Eigen/src/Core/Transpositions.h:325:1:[m[K [01;36m[Knote: [m[Kcandidate: ‘[01m[Ktemplate<class TranspositionsDerived, class MatrixDerived> const Eigen::Product<MatrixDerived, PermutationDerived, 2> Eigen::[01;32m[Koperator*[m[K(const TranspositionsBase<TranspositionsDerived>&, const MatrixBase<U>&)[m[K’
[3.023s]   325 | [01;36m[Koperator[m[K*(const TranspositionsBase<TranspositionsDerived> &transpositions,
[3.023s]       | [01;36m[K^~~~~~~~[m[K
[3.023s] [01m[K/usr/include/eigen3/Eigen/src/Core/Transpositions.h:325:1:[m[K [01;36m[Knote: [m[K  template argument deduction/substitution failed:
[3.023s] [01m[K/home/john/Desktop/rp_ros2_rviz/include/rp_ros2_rviz/grid_map.h:41:19:[m[K [01;36m[Knote: [m[K  ‘[01m[Kconst Isometry2f[m[K’ is not derived from ‘[01m[Kconst Eigen::TranspositionsBase<TranspositionsDerived>[m[K’
[3.023s]    41 |     return (_ipiw*[01;36m[Kw[m[K)*inv_resolution+grid_origin;
[3.023s]       |                   [01;36m[K^[m[K
[3.023s] [01m[K/home/john/Desktop/rp_ros2_rviz/src/grid_map.cpp:[m[K In member function ‘[01m[Kvirtual bool GridMap::[01;32m[Kcollides[m[K(const WorldItem*) const[m[K’:
[3.023s] [01m[K/home/john/Desktop/rp_ros2_rviz/src/grid_map.cpp:29:36:[m[K [01;31m[Kerror: [m[Kcannot convert ‘[01m[KVec2f[m[K’ to ‘[01m[KEigen::Vector2f[m[K’ {aka ‘[01m[KEigen::Matrix<float, 2, 1>[m[K’}
[3.023s]    29 |   Vec2f gp=w2g([01;31m[Kitem->poseInWorld().t[m[K);
[3.024s]       |                [01;31m[K~~~~~~~~~~~~~~~~~~~~^[m[K
[3.024s]       |                                    [01;31m[K|[m[K
[3.024s]       |                                    [01;31m[KVec2f[m[K
[3.024s] [01m[K/home/john/Desktop/rp_ros2_rviz/include/rp_ros2_rviz/grid_map.h:40:52:[m[K [01;36m[Knote: [m[K  initializing argument 1 of ‘[01m[KEigen::Vector2f GridMap::[01;32m[Kw2g[m[K(Eigen::Vector2f) const[m[K’
[3.025s]    40 |   inline Eigen::Vector2f w2g([01;36m[Kconst Eigen::Vector2f w[m[K) const {
[3.025s]       |                              [01;36m[K~~~~~~~~~~~~~~~~~~~~~~^[m[K
[3.048s] In file included from [01m[K/home/john/Desktop/rp_ros2_rviz/include/rp_ros2_rviz/lidar.h:3[m[K,
[3.048s]                  from [01m[K/home/john/Desktop/rp_ros2_rviz/src/lidar.cpp:1[m[K:
[3.048s] [01m[K/home/john/Desktop/rp_ros2_rviz/include/rp_ros2_rviz/grid_map.h:[m[K In member function ‘[01m[KEigen::Vector2f GridMap::[01;32m[Kg2w[m[K(Eigen::Vector2f) const[m[K’:
[3.048s] [01m[K/home/john/Desktop/rp_ros2_rviz/include/rp_ros2_rviz/grid_map.h:36:19:[m[K [01;31m[Kerror: [m[Kno match for ‘[01m[Koperator-[m[K’ (operand types are ‘[01m[Kconst Eigen::Vector2f[m[K’ {aka ‘[01m[Kconst Eigen::Matrix<float, 2, 1>[m[K’} and ‘[01m[Kconst Vec2f[m[K’)
[3.048s]    36 |     return _piw*([32m[Kg[m[K[01;31m[K-[m[K[34m[Kgrid_origin[m[K)*resolution;
[3.048s]       |                  [32m[K~[m[K[01;31m[K^[m[K[34m[K~~~~~~~~~~~[m[K
[3.049s]       |                  [32m[K|[m[K [34m[K|[m[K
[3.049s]       |                  [32m[K|[m[K [34m[Kconst Vec2f[m[K
[3.049s]       |                  [32m[Kconst Eigen::Vector2f {aka const Eigen::Matrix<float, 2, 1>}[m[K
[3.049s] In file included from [01m[K/usr/include/eigen3/Eigen/Core:19[m[K,
[3.050s]                  from [01m[K/home/john/Desktop/rp_ros2_rviz/include/rp_ros2_rviz/grid_map.h:7[m[K:
[3.050s] [01m[K/usr/include/eigen3/Eigen/src/Core/../plugins/CommonCwiseBinaryOps.h:19:28:[m[K [01;36m[Knote: [m[Kcandidate: ‘[01m[Ktemplate<class OtherDerived> const Eigen::CwiseBinaryOp<Eigen::internal::scalar_difference_op<typename Eigen::internal::traits<T>::Scalar, typename Eigen::internal::traits<OtherDerived>::Scalar>, const Derived, const OtherDerived> Eigen::MatrixBase<Derived>::[01;32m[Koperator-[m[K(const Eigen::MatrixBase<OtherDerived>&) const [35m[K[with Derived = Eigen::Matrix<float, 2, 1>][m[K[m[K’
[3.050s]    19 | EIGEN_MAKE_CWISE_BINARY_OP([01;36m[Koperator[m[K-,difference)
[3.050s]       |                            [01;36m[K^~~~~~~~[m[K
[3.050s] [01m[K/usr/include/eigen3/Eigen/src/Core/util/Macros.h:1348:4:[m[K [01;36m[Knote: [m[Kin definition of macro ‘[01m[KEIGEN_MAKE_CWISE_BINARY_OP[m[K’
[3.050s]  1348 |   ([01;36m[KMETHOD[m[K)(const EIGEN_CURRENT_STORAGE_BASE_CLASS<OtherDerived> &other) const \
[3.050s]       |    [01;36m[K^~~~~~[m[K
[3.050s] [01m[K/usr/include/eigen3/Eigen/src/Core/../plugins/CommonCwiseBinaryOps.h:19:28:[m[K [01;36m[Knote: [m[K  template argument deduction/substitution failed:
[3.050s]    19 | EIGEN_MAKE_CWISE_BINARY_OP([01;36m[Koperator[m[K-,difference)
[3.050s]       |                            [01;36m[K^~~~~~~~[m[K
[3.050s] [01m[K/usr/include/eigen3/Eigen/src/Core/util/Macros.h:1348:4:[m[K [01;36m[Knote: [m[Kin definition of macro ‘[01m[KEIGEN_MAKE_CWISE_BINARY_OP[m[K’
[3.050s]  1348 |   ([01;36m[KMETHOD[m[K)(const EIGEN_CURRENT_STORAGE_BASE_CLASS<OtherDerived> &other) const \
[3.050s]       |    [01;36m[K^~~~~~[m[K
[3.050s] [01m[K/home/john/Desktop/rp_ros2_rviz/include/rp_ros2_rviz/grid_map.h:36:20:[m[K [01;36m[Knote: [m[K  ‘[01m[Kconst Vec2f[m[K’ is not derived from ‘[01m[Kconst Eigen::MatrixBase<Derived>[m[K’
[3.050s]    36 |     return _piw*(g-[01;36m[Kgrid_origin[m[K)*resolution;
[3.051s]       |                    [01;36m[K^~~~~~~~~~~[m[K
[3.051s] In file included from [01m[K/usr/include/eigen3/Eigen/src/Core/DenseBase.h:658[m[K,
[3.051s]                  from [01m[K/usr/include/eigen3/Eigen/Core:272[m[K:
[3.051s] [01m[K/usr/include/eigen3/Eigen/src/Core/../plugins/CommonCwiseUnaryOps.h:45:1:[m[K [01;36m[Knote: [m[Kcandidate: ‘[01m[Kconst Eigen::DenseBase<Derived>::NegativeReturnType Eigen::DenseBase<Derived>::[01;32m[Koperator-[m[K() const [35m[K[with Derived = Eigen::Matrix<float, 2, 1>; NegativeReturnType = Eigen::CwiseUnaryOp<Eigen::internal::scalar_opposite_op<float>, const Eigen::Matrix<float, 2, 1> >][m[K[m[K’
[3.051s]    45 | [01;36m[Koperator[m[K-() const { return NegativeReturnType(derived()); }
[3.051s]       | [01;36m[K^~~~~~~~[m[K
[3.051s] [01m[K/usr/include/eigen3/Eigen/src/Core/../plugins/CommonCwiseUnaryOps.h:45:1:[m[K [01;36m[Knote: [m[K  candidate expects 0 arguments, 1 provided
[3.051s] In file included from [01m[K/usr/include/c++/13/string:48[m[K,
[3.052s]                  from [01m[K/usr/include/c++/13/bits/locale_classes.h:40[m[K,
[3.052s]                  from [01m[K/usr/include/c++/13/bits/ios_base.h:41[m[K,
[3.052s]                  from [01m[K/usr/include/c++/13/ios:44[m[K,
[3.052s]                  from [01m[K/usr/include/c++/13/ostream:40[m[K,
[3.052s]                  from [01m[K/usr/include/c++/13/iostream:41[m[K,
[3.060s]                  from [01m[K/home/john/Desktop/rp_ros2_rviz/include/rp_ros2_rviz/world.h:2[m[K,
[3.060s]                  from [01m[K/home/john/Desktop/rp_ros2_rviz/include/rp_ros2_rviz/lidar.h:2[m[K:
[3.060s] [01m[K/usr/include/c++/13/bits/stl_iterator.h:625:5:[m[K [01;36m[Knote: [m[Kcandidate: ‘[01m[Ktemplate<class _IteratorL, class _IteratorR> constexpr decltype ((__y.base() - __x.base())) std::[01;32m[Koperator-[m[K(const reverse_iterator<_Iterator>&, const reverse_iterator<_IteratorR>&)[m[K’
[3.060s]   625 |     [01;36m[Koperator[m[K-(const reverse_iterator<_IteratorL>& __x,
[3.060s]       |     [01;36m[K^~~~~~~~[m[K
[3.060s] [01m[K/usr/include/c++/13/bits/stl_iterator.h:625:5:[m[K [01;36m[Knote: [m[K  template argument deduction/substitution failed:
[3.060s] [01m[K/home/john/Desktop/rp_ros2_rviz/include/rp_ros2_rviz/grid_map.h:36:20:[m[K [01;36m[Knote: [m[K  ‘[01m[Kconst Eigen::Vector2f[m[K’ {aka ‘[01m[Kconst Eigen::Matrix<float, 2, 1>[m[K’} is not derived from ‘[01m[Kconst std::reverse_iterator<_Iterator>[m[K’
[3.060s]    36 |     return _piw*(g-[01;36m[Kgrid_origin[m[K)*resolution;
[3.060s]       |                    [01;36m[K^~~~~~~~~~~[m[K
[3.060s] [01m[K/usr/include/c++/13/bits/stl_iterator.h:1800:5:[m[K [01;36m[Knote: [m[Kcandidate: ‘[01m[Ktemplate<class _IteratorL, class _IteratorR> constexpr decltype ((__x.base() - __y.base())) std::[01;32m[Koperator-[m[K(const move_iterator<_IteratorL>&, const move_iterator<_IteratorR>&)[m[K’
[3.060s]  1800 |     [01;36m[Koperator[m[K-(const move_iterator<_IteratorL>& __x,
[3.060s]       |     [01;36m[K^~~~~~~~[m[K
[3.060s] [01m[K/usr/include/c++/13/bits/stl_iterator.h:1800:5:[m[K [01;36m[Knote: [m[K  template argument deduction/substitution failed:
[3.060s] [01m[K/home/john/Desktop/rp_ros2_rviz/include/rp_ros2_rviz/grid_map.h:36:20:[m[K [01;36m[Knote: [m[K  ‘[01m[Kconst Eigen::Vector2f[m[K’ {aka ‘[01m[Kconst Eigen::Matrix<float, 2, 1>[m[K’} is not derived from ‘[01m[Kconst std::move_iterator<_IteratorL>[m[K’
[3.060s]    36 |     return _piw*(g-[01;36m[Kgrid_origin[m[K)*resolution;
[3.061s]       |                    [01;36m[K^~~~~~~~~~~[m[K
[3.061s] In file included from [01m[K/usr/include/opencv4/opencv2/core/cvstd.inl.hpp:47[m[K,
[3.061s]                  from [01m[K/usr/include/opencv4/opencv2/core.hpp:3349[m[K,
[3.061s]                  from [01m[K/usr/include/opencv4/opencv2/opencv.hpp:52[m[K,
[3.061s]                  from [01m[K/home/john/Desktop/rp_ros2_rviz/include/rp_ros2_rviz/canvas.h:2[m[K,
[3.063s]                  from [01m[K/home/john/Desktop/rp_ros2_rviz/include/rp_ros2_rviz/world.h:6[m[K:
[3.064s] [01m[K/usr/include/c++/13/complex:365:5:[m[K [01;36m[Knote: [m[Kcandidate: ‘[01m[Ktemplate<class _Tp> std::complex<_Tp> std::[01;32m[Koperator-[m[K(const complex<_Tp>&, const complex<_Tp>&)[m[K’
[3.064s]   365 |     [01;36m[Koperator[m[K-(const complex<_Tp>& __x, const complex<_Tp>& __y)
[3.064s]       |     [01;36m[K^~~~~~~~[m[K
[3.064s] [01m[K/usr/include/c++/13/complex:365:5:[m[K [01;36m[Knote: [m[K  template argument deduction/substitution failed:
[3.070s] [01m[K/home/john/Desktop/rp_ros2_rviz/include/rp_ros2_rviz/grid_map.h:36:20:[m[K [01;36m[Knote: [m[K  ‘[01m[Kconst Eigen::Vector2f[m[K’ {aka ‘[01m[Kconst Eigen::Matrix<float, 2, 1>[m[K’} is not derived from ‘[01m[Kconst std::complex<_Tp>[m[K’
[3.070s]    36 |     return _piw*(g-[01;36m[Kgrid_origin[m[K)*resolution;
[3.070s]       |                    [01;36m[K^~~~~~~~~~~[m[K
[3.070s] [01m[K/usr/include/c++/13/complex:374:5:[m[K [01;36m[Knote: [m[Kcandidate: ‘[01m[Ktemplate<class _Tp> std::complex<_Tp> std::[01;32m[Koperator-[m[K(const complex<_Tp>&, const _Tp&)[m[K’
[3.070s]   374 |     [01;36m[Koperator[m[K-(const complex<_Tp>& __x, const _Tp& __y)
[3.070s]       |     [01;36m[K^~~~~~~~[m[K
[3.070s] [01m[K/usr/include/c++/13/complex:374:5:[m[K [01;36m[Knote: [m[K  template argument deduction/substitution failed:
[3.070s] [01m[K/home/john/Desktop/rp_ros2_rviz/include/rp_ros2_rviz/grid_map.h:36:20:[m[K [01;36m[Knote: [m[K  ‘[01m[Kconst Eigen::Vector2f[m[K’ {aka ‘[01m[Kconst Eigen::Matrix<float, 2, 1>[m[K’} is not derived from ‘[01m[Kconst std::complex<_Tp>[m[K’
[3.070s]    36 |     return _piw*(g-[01;36m[Kgrid_origin[m[K)*resolution;
[3.070s]       |                    [01;36m[K^~~~~~~~~~~[m[K
[3.070s] [01m[K/usr/include/c++/13/complex:383:5:[m[K [01;36m[Knote: [m[Kcandidate: ‘[01m[Ktemplate<class _Tp> std::complex<_Tp> std::[01;32m[Koperator-[m[K(const _Tp&, const complex<_Tp>&)[m[K’
[3.070s]   383 |     [01;36m[Koperator[m[K-(const _Tp& __x, const complex<_Tp>& __y)
[3.070s]       |     [01;36m[K^~~~~~~~[m[K
[3.070s] [01m[K/usr/include/c++/13/complex:383:5:[m[K [01;36m[Knote: [m[K  template argument deduction/substitution failed:
[3.070s] [01m[K/home/john/Desktop/rp_ros2_rviz/include/rp_ros2_rviz/grid_map.h:36:20:[m[K [01;36m[Knote: [m[K  ‘[01m[Kconst Vec2f[m[K’ is not derived from ‘[01m[Kconst std::complex<_Tp>[m[K’
[3.070s]    36 |     return _piw*(g-[01;36m[Kgrid_origin[m[K)*resolution;
[3.070s]       |                    [01;36m[K^~~~~~~~~~~[m[K
[3.070s] [01m[K/usr/include/c++/13/complex:460:5:[m[K [01;36m[Knote: [m[Kcandidate: ‘[01m[Ktemplate<class _Tp> std::complex<_Tp> std::[01;32m[Koperator-[m[K(const complex<_Tp>&)[m[K’
[3.070s]   460 |     [01;36m[Koperator[m[K-(const complex<_Tp>& __x)
[3.070s]       |     [01;36m[K^~~~~~~~[m[K
[3.070s] [01m[K/usr/include/c++/13/complex:460:5:[m[K [01;36m[Knote: [m[K  template argument deduction/substitution failed:
[3.070s] [01m[K/home/john/Desktop/rp_ros2_rviz/include/rp_ros2_rviz/grid_map.h:36:20:[m[K [01;36m[Knote: [m[K  ‘[01m[Kconst Eigen::Vector2f[m[K’ {aka ‘[01m[Kconst Eigen::Matrix<float, 2, 1>[m[K’} is not derived from ‘[01m[Kconst std::complex<_Tp>[m[K’
[3.071s]    36 |     return _piw*(g-[01;36m[Kgrid_origin[m[K)*resolution;
[3.071s]       |                    [01;36m[K^~~~~~~~~~~[m[K
[3.071s] [01m[K/home/john/Desktop/rp_ros2_rviz/include/rp_ros2_rviz/grid_map.h:[m[K In member function ‘[01m[KEigen::Vector2f GridMap::[01;32m[Kw2g[m[K(Eigen::Vector2f) const[m[K’:
[3.071s] [01m[K/home/john/Desktop/rp_ros2_rviz/include/rp_ros2_rviz/grid_map.h:41:18:[m[K [01;31m[Kerror: [m[Kno match for ‘[01m[Koperator*[m[K’ (operand types are ‘[01m[Kconst Isometry2f[m[K’ and ‘[01m[Kconst Eigen::Vector2f[m[K’ {aka ‘[01m[Kconst Eigen::Matrix<float, 2, 1>[m[K’})
[3.071s]    41 |     return ([32m[K_ipiw[m[K[01;31m[K*[m[K[34m[Kw[m[K)*inv_resolution+grid_origin;
[3.071s]       |             [32m[K~~~~~[m[K[01;31m[K^[m[K[34m[K~[m[K
[3.071s]       |             [32m[K|[m[K     [34m[K|[m[K
[3.071s]       |             [32m[K|[m[K     [34m[Kconst Eigen::Vector2f {aka const Eigen::Matrix<float, 2, 1>}[m[K
[3.071s]       |             [32m[Kconst Isometry2f[m[K
[3.071s] In file included from [01m[K/home/john/Desktop/rp_ros2_rviz/include/rp_ros2_rviz/world.h:5[m[K:
[3.072s] [01m[K/home/john/Desktop/rp_ros2_rviz/include/rp_ros2_rviz/linalg.h:207:21:[m[K [01;36m[Knote: [m[Kcandidate: ‘[01m[KIsometry2f Isometry2f::[01;32m[Koperator*[m[K(const Isometry2f&) const[m[K’
[3.072s]   207 |   inline Isometry2f [01;36m[Koperator[m[K*(const Isometry2f& src) const {
[3.072s]       |                     [01;36m[K^~~~~~~~[m[K
[3.072s] [01m[K/home/john/Desktop/rp_ros2_rviz/include/rp_ros2_rviz/linalg.h:207:49:[m[K [01;36m[Knote: [m[K  no known conversion for argument 1 from ‘[01m[Kconst Eigen::Vector2f[m[K’ {aka ‘[01m[Kconst Eigen::Matrix<float, 2, 1>[m[K’} to ‘[01m[Kconst Isometry2f&[m[K’
[3.075s]   207 |   inline Isometry2f operator*([01;36m[Kconst Isometry2f& src[m[K) const {
[3.075s]       |                               [01;36m[K~~~~~~~~~~~~~~~~~~^~~[m[K
[3.075s] [01m[K/home/john/Desktop/rp_ros2_rviz/include/rp_ros2_rviz/linalg.h:221:16:[m[K [01;36m[Knote: [m[Kcandidate: ‘[01m[KVec2f Isometry2f::[01;32m[Koperator*[m[K(const Vec2f&) const[m[K’
[3.075s]   221 |   inline Vec2f [01;36m[Koperator[m[K*(const Vec2f& src) const {
[3.075s]       |                [01;36m[K^~~~~~~~[m[K
[3.075s] [01m[K/home/john/Desktop/rp_ros2_rviz/include/rp_ros2_rviz/linalg.h:221:39:[m[K [01;36m[Knote: [m[K  no known conversion for argument 1 from ‘[01m[Kconst Eigen::Vector2f[m[K’ {aka ‘[01m[Kconst Eigen::Matrix<float, 2, 1>[m[K’} to ‘[01m[Kconst Vec2f&[m[K’
[3.075s]   221 |   inline Vec2f operator*([01;36m[Kconst Vec2f& src[m[K) const {
[3.076s]       |                          [01;36m[K~~~~~~~~~~~~~^~~[m[K
[3.076s] [01m[K/usr/include/c++/13/complex:395:5:[m[K [01;36m[Knote: [m[Kcandidate: ‘[01m[Ktemplate<class _Tp> std::complex<_Tp> std::[01;32m[Koperator*[m[K(const complex<_Tp>&, const complex<_Tp>&)[m[K’
[3.076s]   395 |     [01;36m[Koperator[m[K*(const complex<_Tp>& __x, const complex<_Tp>& __y)
[3.076s]       |     [01;36m[K^~~~~~~~[m[K
[3.076s] [01m[K/usr/include/c++/13/complex:395:5:[m[K [01;36m[Knote: [m[K  template argument deduction/substitution failed:
[3.076s] [01m[K/home/john/Desktop/rp_ros2_rviz/include/rp_ros2_rviz/grid_map.h:41:19:[m[K [01;36m[Knote: [m[K  ‘[01m[Kconst Isometry2f[m[K’ is not derived from ‘[01m[Kconst std::complex<_Tp>[m[K’
[3.076s]    41 |     return (_ipiw*[01;36m[Kw[m[K)*inv_resolution+grid_origin;
[3.076s]       |                   [01;36m[K^[m[K
[3.076s] [01m[K/usr/include/c++/13/complex:404:5:[m[K [01;36m[Knote: [m[Kcandidate: ‘[01m[Ktemplate<class _Tp> std::complex<_Tp> std::[01;32m[Koperator*[m[K(const complex<_Tp>&, const _Tp&)[m[K’
[3.076s]   404 |     [01;36m[Koperator[m[K*(const complex<_Tp>& __x, const _Tp& __y)
[3.076s]       |     [01;36m[K^~~~~~~~[m[K
[3.076s] [01m[K/usr/include/c++/13/complex:404:5:[m[K [01;36m[Knote: [m[K  template argument deduction/substitution failed:
[3.076s] [01m[K/home/john/Desktop/rp_ros2_rviz/include/rp_ros2_rviz/grid_map.h:41:19:[m[K [01;36m[Knote: [m[K  ‘[01m[Kconst Isometry2f[m[K’ is not derived from ‘[01m[Kconst std::complex<_Tp>[m[K’
[3.076s]    41 |     return (_ipiw*[01;36m[Kw[m[K)*inv_resolution+grid_origin;
[3.076s]       |                   [01;36m[K^[m[K
[3.076s] [01m[K/usr/include/c++/13/complex:413:5:[m[K [01;36m[Knote: [m[Kcandidate: ‘[01m[Ktemplate<class _Tp> std::complex<_Tp> std::[01;32m[Koperator*[m[K(const _Tp&, const complex<_Tp>&)[m[K’
[3.076s]   413 |     [01;36m[Koperator[m[K*(const _Tp& __x, const complex<_Tp>& __y)
[3.076s]       |     [01;36m[K^~~~~~~~[m[K
[3.076s] [01m[K/usr/include/c++/13/complex:413:5:[m[K [01;36m[Knote: [m[K  template argument deduction/substitution failed:
[3.076s] [01m[K/home/john/Desktop/rp_ros2_rviz/include/rp_ros2_rviz/grid_map.h:41:19:[m[K [01;36m[Knote: [m[K  ‘[01m[Kconst Eigen::Vector2f[m[K’ {aka ‘[01m[Kconst Eigen::Matrix<float, 2, 1>[m[K’} is not derived from ‘[01m[Kconst std::complex<_Tp>[m[K’
[3.076s]    41 |     return (_ipiw*[01;36m[Kw[m[K)*inv_resolution+grid_origin;
[3.076s]       |                   [01;36m[K^[m[K
[3.076s] [01m[K/usr/include/eigen3/Eigen/src/Core/../plugins/CommonCwiseBinaryOps.h:50:29:[m[K [01;36m[Knote: [m[Kcandidate: ‘[01m[Ktemplate<class T> const Eigen::CwiseBinaryOp<Eigen::internal::scalar_product_op<typename Eigen::internal::promote_scalar_arg<float, T, Eigen::internal::has_ReturnType<Eigen::ScalarBinaryOpTraits<T, float, Eigen::internal::scalar_product_op<T, float> > >::value>::type, float>, const typename Eigen::internal::plain_constant_type<Eigen::Matrix<float, 2, 1>, typename Eigen::internal::promote_scalar_arg<float, T, Eigen::internal::has_ReturnType<Eigen::ScalarBinaryOpTraits<T, float, Eigen::internal::scalar_product_op<T, float> > >::value>::type>::type, const Eigen::Matrix<float, 2, 1> > Eigen::[01;32m[Koperator*[m[K(const T&, const MatrixBase<Matrix<float, 2, 1> >::StorageBaseType&)[m[K’
[3.076s]    50 | EIGEN_MAKE_SCALAR_BINARY_OP([01;36m[Koperator[m[K*,product)
[3.077s]       |                             [01;36m[K^~~~~~~~[m[K
[3.077s] [01m[K/usr/include/eigen3/Eigen/src/Core/util/Macros.h:1383:4:[m[K [01;36m[Knote: [m[Kin definition of macro ‘[01m[KEIGEN_MAKE_SCALAR_BINARY_OP_ONTHELEFT[m[K’
[3.077s]  1383 |   ([01;36m[KMETHOD[m[K)(const T& scalar, const StorageBaseType& matrix) { \
[3.077s]       |    [01;36m[K^~~~~~[m[K
[3.077s] [01m[K/usr/include/eigen3/Eigen/src/Core/../plugins/CommonCwiseBinaryOps.h:50:1:[m[K [01;36m[Knote: [m[Kin expansion of macro ‘[01m[KEIGEN_MAKE_SCALAR_BINARY_OP[m[K’
[3.087s]    50 | [01;36m[KEIGEN_MAKE_SCALAR_BINARY_OP[m[K(operator*,product)
[3.087s]       | [01;36m[K^~~~~~~~~~~~~~~~~~~~~~~~~~~[m[K
[3.087s] [01m[K/usr/include/eigen3/Eigen/src/Core/../plugins/CommonCwiseBinaryOps.h:50:29:[m[K [01;36m[Knote: [m[K  template argument deduction/substitution failed:
[3.087s]    50 | EIGEN_MAKE_SCALAR_BINARY_OP([01;36m[Koperator[m[K*,product)
[3.087s]       |                             [01;36m[K^~~~~~~~[m[K
[3.087s] [01m[K/usr/include/eigen3/Eigen/src/Core/util/Macros.h:1383:4:[m[K [01;36m[Knote: [m[Kin definition of macro ‘[01m[KEIGEN_MAKE_SCALAR_BINARY_OP_ONTHELEFT[m[K’
[3.087s]  1383 |   ([01;36m[KMETHOD[m[K)(const T& scalar, const StorageBaseType& matrix) { \
[3.087s]       |    [01;36m[K^~~~~~[m[K
[3.087s] [01m[K/usr/include/eigen3/Eigen/src/Core/../plugins/CommonCwiseBinaryOps.h:50:1:[m[K [01;36m[Knote: [m[Kin expansion of macro ‘[01m[KEIGEN_MAKE_SCALAR_BINARY_OP[m[K’
[3.087s]    50 | [01;36m[KEIGEN_MAKE_SCALAR_BINARY_OP[m[K(operator*,product)
[3.087s]       | [01;36m[K^~~~~~~~~~~~~~~~~~~~~~~~~~~[m[K
[3.088s] /usr/include/eigen3/Eigen/src/Core/../plugins/CommonCwiseBinaryOps.h: In substitution of ‘[01m[Ktemplate<class T> const Eigen::CwiseBinaryOp<Eigen::internal::scalar_product_op<typename Eigen::internal::promote_scalar_arg<float, T, Eigen::internal::has_ReturnType<Eigen::ScalarBinaryOpTraits<T, float, Eigen::internal::scalar_product_op<T, float> > >::value>::type, float>, const typename Eigen::internal::plain_constant_type<Eigen::Matrix<float, 2, 1>, typename Eigen::internal::promote_scalar_arg<float, T, Eigen::internal::has_ReturnType<Eigen::ScalarBinaryOpTraits<T, float, Eigen::internal::scalar_product_op<T, float> > >::value>::type>::type, const Eigen::Matrix<float, 2, 1> > Eigen::[01;32m[Koperator*[m[K(const T&, const MatrixBase<Matrix<float, 2, 1> >::StorageBaseType&) [35m[K[with T = Isometry2f][m[K[m[K’:
[3.088s] [01m[K/home/john/Desktop/rp_ros2_rviz/include/rp_ros2_rviz/grid_map.h:41:19:[m[K   required from here
[3.088s] [01m[K/usr/include/eigen3/Eigen/src/Core/../plugins/CommonCwiseBinaryOps.h:50:29:[m[K [01;31m[Kerror: [m[Kno type named ‘[01m[Ktype[m[K’ in ‘[01m[Kstruct Eigen::internal::promote_scalar_arg<float, Isometry2f, false>[m[K’
[3.088s]    50 | EIGEN_MAKE_SCALAR_BINARY_OP([01;31m[Koperator[m[K*,product)
[3.088s]       |                             [01;31m[K^~~~~~~~[m[K
[3.088s] [01m[K/usr/include/eigen3/Eigen/src/Core/util/Macros.h:1383:4:[m[K [01;36m[Knote: [m[Kin definition of macro ‘[01m[KEIGEN_MAKE_SCALAR_BINARY_OP_ONTHELEFT[m[K’
[3.088s]  1383 |   ([01;36m[KMETHOD[m[K)(const T& scalar, const StorageBaseType& matrix) { \
[3.088s]       |    [01;36m[K^~~~~~[m[K
[3.088s] [01m[K/usr/include/eigen3/Eigen/src/Core/../plugins/CommonCwiseBinaryOps.h:50:1:[m[K [01;36m[Knote: [m[Kin expansion of macro ‘[01m[KEIGEN_MAKE_SCALAR_BINARY_OP[m[K’
[3.088s]    50 | [01;36m[KEIGEN_MAKE_SCALAR_BINARY_OP[m[K(operator*,product)
[3.088s]       | [01;36m[K^~~~~~~~~~~~~~~~~~~~~~~~~~~[m[K
[3.091s] In file included from [01m[K/usr/include/eigen3/Eigen/Core:326[m[K:
[3.091s] [01m[K/usr/include/eigen3/Eigen/src/Core/PermutationMatrix.h:515:1:[m[K [01;36m[Knote: [m[Kcandidate: ‘[01m[Ktemplate<class MatrixDerived, class PermutationDerived> const Eigen::Product<MatrixDerived, PermutationDerived, 2> Eigen::[01;32m[Koperator*[m[K(const MatrixBase<Derived>&, const PermutationBase<PermutationDerived>&)[m[K’
[3.091s]   515 | [01;36m[Koperator[m[K*(const MatrixBase<MatrixDerived> &matrix,
[3.091s]       | [01;36m[K^~~~~~~~[m[K
[3.091s] [01m[K/usr/include/eigen3/Eigen/src/Core/PermutationMatrix.h:515:1:[m[K [01;36m[Knote: [m[K  template argument deduction/substitution failed:
[3.091s] [01m[K/home/john/Desktop/rp_ros2_rviz/include/rp_ros2_rviz/grid_map.h:41:19:[m[K [01;36m[Knote: [m[K  ‘[01m[Kconst Isometry2f[m[K’ is not derived from ‘[01m[Kconst Eigen::MatrixBase<Derived>[m[K’
[3.091s]    41 |     return (_ipiw*[01;36m[Kw[m[K)*inv_resolution+grid_origin;
[3.091s]       |                   [01;36m[K^[m[K
[3.091s] [01m[K/usr/include/eigen3/Eigen/src/Core/PermutationMatrix.h:527:1:[m[K [01;36m[Knote: [m[Kcandidate: ‘[01m[Ktemplate<class PermutationDerived, class MatrixDerived> const Eigen::Product<MatrixDerived, PermutationDerived, 2> Eigen::[01;32m[Koperator*[m[K(const PermutationBase<PermutationDerived>&, const MatrixBase<U>&)[m[K’
[3.091s]   527 | [01;36m[Koperator[m[K*(const PermutationBase<PermutationDerived> &permutation,
[3.091s]       | [01;36m[K^~~~~~~~[m[K
[3.091s] [01m[K/usr/include/eigen3/Eigen/src/Core/PermutationMatrix.h:527:1:[m[K [01;36m[Knote: [m[K  template argument deduction/substitution failed:
[3.091s] [01m[K/home/john/Desktop/rp_ros2_rviz/include/rp_ros2_rviz/grid_map.h:41:19:[m[K [01;36m[Knote: [m[K  ‘[01m[Kconst Isometry2f[m[K’ is not derived from ‘[01m[Kconst Eigen::PermutationBase<PermutationDerived>[m[K’
[3.091s]    41 |     return (_ipiw*[01;36m[Kw[m[K)*inv_resolution+grid_origin;
[3.092s]       |                   [01;36m[K^[m[K
[3.092s] In file included from [01m[K/usr/include/eigen3/Eigen/Core:327[m[K:
[3.092s] [01m[K/usr/include/eigen3/Eigen/src/Core/Transpositions.h:313:1:[m[K [01;36m[Knote: [m[Kcandidate: ‘[01m[Ktemplate<class MatrixDerived, class TranspositionsDerived> const Eigen::Product<MatrixDerived, PermutationDerived, 2> Eigen::[01;32m[Koperator*[m[K(const MatrixBase<Derived>&, const TranspositionsBase<TranspositionsDerived>&)[m[K’
[3.092s]   313 | [01;36m[Koperator[m[K*(const MatrixBase<MatrixDerived> &matrix,
[3.092s]       | [01;36m[K^~~~~~~~[m[K
[3.092s] [01m[K/usr/include/eigen3/Eigen/src/Core/Transpositions.h:313:1:[m[K [01;36m[Knote: [m[K  template argument deduction/substitution failed:
[3.092s] [01m[K/home/john/Desktop/rp_ros2_rviz/include/rp_ros2_rviz/grid_map.h:41:19:[m[K [01;36m[Knote: [m[K  ‘[01m[Kconst Isometry2f[m[K’ is not derived from ‘[01m[Kconst Eigen::MatrixBase<Derived>[m[K’
[3.092s]    41 |     return (_ipiw*[01;36m[Kw[m[K)*inv_resolution+grid_origin;
[3.092s]       |                   [01;36m[K^[m[K
[3.092s] [01m[K/usr/include/eigen3/Eigen/src/Core/Transpositions.h:325:1:[m[K [01;36m[Knote: [m[Kcandidate: ‘[01m[Ktemplate<class TranspositionsDerived, class MatrixDerived> const Eigen::Product<MatrixDerived, PermutationDerived, 2> Eigen::[01;32m[Koperator*[m[K(const TranspositionsBase<TranspositionsDerived>&, const MatrixBase<U>&)[m[K’
[3.092s]   325 | [01;36m[Koperator[m[K*(const TranspositionsBase<TranspositionsDerived> &transpositions,
[3.092s]       | [01;36m[K^~~~~~~~[m[K
[3.092s] [01m[K/usr/include/eigen3/Eigen/src/Core/Transpositions.h:325:1:[m[K [01;36m[Knote: [m[K  template argument deduction/substitution failed:
[3.092s] [01m[K/home/john/Desktop/rp_ros2_rviz/include/rp_ros2_rviz/grid_map.h:41:19:[m[K [01;36m[Knote: [m[K  ‘[01m[Kconst Isometry2f[m[K’ is not derived from ‘[01m[Kconst Eigen::TranspositionsBase<TranspositionsDerived>[m[K’
[3.092s]    41 |     return (_ipiw*[01;36m[Kw[m[K)*inv_resolution+grid_origin;
[3.092s]       |                   [01;36m[K^[m[K
[3.092s] [01m[K/home/john/Desktop/rp_ros2_rviz/src/lidar.cpp:[m[K In member function ‘[01m[Kvirtual void Lidar::[01;32m[KtimerTick[m[K(float)[m[K’:
[3.092s] [01m[K/home/john/Desktop/rp_ros2_rviz/src/lidar.cpp:45:36:[m[K [01;31m[Kerror: [m[Kcannot convert ‘[01m[KVec2f[m[K’ to ‘[01m[KEigen::Vector2f[m[K’ {aka ‘[01m[KEigen::Matrix<float, 2, 1>[m[K’}
[3.092s]    45 |   Vec2f lidar_origin=gmap->w2g([01;31m[Kliw.t[m[K);
[3.092s]       |                                [01;31m[K~~~~^[m[K
[3.092s]       |                                    [01;31m[K|[m[K
[3.092s]       |                                    [01;31m[KVec2f[m[K
[3.093s] [01m[K/home/john/Desktop/rp_ros2_rviz/include/rp_ros2_rviz/grid_map.h:40:52:[m[K [01;36m[Knote: [m[K  initializing argument 1 of ‘[01m[KEigen::Vector2f GridMap::[01;32m[Kw2g[m[K(Eigen::Vector2f) const[m[K’
[3.093s]    40 |   inline Eigen::Vector2f w2g([01;36m[Kconst Eigen::Vector2f w[m[K) const {
[3.093s]       |                              [01;36m[K~~~~~~~~~~~~~~~~~~~~~~^[m[K
[3.093s] [01m[K/home/john/Desktop/rp_ros2_rviz/src/lidar.cpp:31:29:[m[K [01;35m[Kwarning: [m[Kunused parameter ‘[01m[Kdt[m[K’ [[01;35m[K]8;;https://gcc.gnu.org/onlinedocs/gcc/Warning-Options.html#index-Wunused-parameter-Wunused-parameter]8;;[m[K]
[3.093s]    31 | void Lidar::timerTick([01;35m[Kfloat dt[m[K) {
[3.093s]       |                       [01;35m[K~~~~~~^~[m[K
[3.484s] gmake[2]: *** [CMakeFiles/world_node.dir/build.make:104: CMakeFiles/world_node.dir/src/grid_map.cpp.o] Error 1
[3.484s] gmake[2]: *** Waiting for unfinished jobs....
[3.530s] gmake[2]: *** [CMakeFiles/world_node.dir/build.make:160: CMakeFiles/world_node.dir/src/lidar.cpp.o] Error 1
[4.762s] In file included from [01m[K/home/john/Desktop/rp_ros2_rviz/src/world_node.cpp:5[m[K:
[4.762s] [01m[K/home/john/Desktop/rp_ros2_rviz/include/rp_ros2_rviz/grid_map.h:[m[K In member function ‘[01m[KEigen::Vector2f GridMap::[01;32m[Kg2w[m[K(Eigen::Vector2f) const[m[K’:
[4.762s] [01m[K/home/john/Desktop/rp_ros2_rviz/include/rp_ros2_rviz/grid_map.h:36:19:[m[K [01;31m[Kerror: [m[Kno match for ‘[01m[Koperator-[m[K’ (operand types are ‘[01m[Kconst Eigen::Vector2f[m[K’ {aka ‘[01m[Kconst Eigen::Matrix<float, 2, 1>[m[K’} and ‘[01m[Kconst Vec2f[m[K’)
[4.762s]    36 |     return _piw*([32m[Kg[m[K[01;31m[K-[m[K[34m[Kgrid_origin[m[K)*resolution;
[4.762s]       |                  [32m[K~[m[K[01;31m[K^[m[K[34m[K~~~~~~~~~~~[m[K
[4.764s]       |                  [32m[K|[m[K [34m[K|[m[K
[4.764s]       |                  [32m[K|[m[K [34m[Kconst Vec2f[m[K
[4.764s]       |                  [32m[Kconst Eigen::Vector2f {aka const Eigen::Matrix<float, 2, 1>}[m[K
[4.764s] In file included from [01m[K/usr/include/eigen3/Eigen/Core:19[m[K,
[4.764s]                  from [01m[K/home/john/Desktop/rp_ros2_rviz/include/rp_ros2_rviz/grid_map.h:7[m[K:
[4.764s] [01m[K/usr/include/eigen3/Eigen/src/Core/../plugins/CommonCwiseBinaryOps.h:19:28:[m[K [01;36m[Knote: [m[Kcandidate: ‘[01m[Ktemplate<class OtherDerived> const Eigen::CwiseBinaryOp<Eigen::internal::scalar_difference_op<typename Eigen::internal::traits<T>::Scalar, typename Eigen::internal::traits<OtherDerived>::Scalar>, const Derived, const OtherDerived> Eigen::MatrixBase<Derived>::[01;32m[Koperator-[m[K(const Eigen::MatrixBase<OtherDerived>&) const [35m[K[with Derived = Eigen::Matrix<float, 2, 1>][m[K[m[K’
[4.764s]    19 | EIGEN_MAKE_CWISE_BINARY_OP([01;36m[Koperator[m[K-,difference)
[4.764s]       |                            [01;36m[K^~~~~~~~[m[K
[4.764s] [01m[K/usr/include/eigen3/Eigen/src/Core/util/Macros.h:1348:4:[m[K [01;36m[Knote: [m[Kin definition of macro ‘[01m[KEIGEN_MAKE_CWISE_BINARY_OP[m[K’
[4.764s]  1348 |   ([01;36m[KMETHOD[m[K)(const EIGEN_CURRENT_STORAGE_BASE_CLASS<OtherDerived> &other) const \
[4.765s]       |    [01;36m[K^~~~~~[m[K
[4.765s] [01m[K/usr/include/eigen3/Eigen/src/Core/../plugins/CommonCwiseBinaryOps.h:19:28:[m[K [01;36m[Knote: [m[K  template argument deduction/substitution failed:
[4.765s]    19 | EIGEN_MAKE_CWISE_BINARY_OP([01;36m[Koperator[m[K-,difference)
[4.765s]       |                            [01;36m[K^~~~~~~~[m[K
[4.765s] [01m[K/usr/include/eigen3/Eigen/src/Core/util/Macros.h:1348:4:[m[K [01;36m[Knote: [m[Kin definition of macro ‘[01m[KEIGEN_MAKE_CWISE_BINARY_OP[m[K’
[4.765s]  1348 |   ([01;36m[KMETHOD[m[K)(const EIGEN_CURRENT_STORAGE_BASE_CLASS<OtherDerived> &other) const \
[4.765s]       |    [01;36m[K^~~~~~[m[K
[4.765s] [01m[K/home/john/Desktop/rp_ros2_rviz/include/rp_ros2_rviz/grid_map.h:36:20:[m[K [01;36m[Knote: [m[K  ‘[01m[Kconst Vec2f[m[K’ is not derived from ‘[01m[Kconst Eigen::MatrixBase<Derived>[m[K’
[4.765s]    36 |     return _piw*(g-[01;36m[Kgrid_origin[m[K)*resolution;
[4.765s]       |                    [01;36m[K^~~~~~~~~~~[m[K
[4.765s] In file included from [01m[K/usr/include/eigen3/Eigen/src/Core/DenseBase.h:658[m[K,
[4.765s]                  from [01m[K/usr/include/eigen3/Eigen/Core:272[m[K:
[4.765s] [01m[K/usr/include/eigen3/Eigen/src/Core/../plugins/CommonCwiseUnaryOps.h:45:1:[m[K [01;36m[Knote: [m[Kcandidate: ‘[01m[Kconst Eigen::DenseBase<Derived>::NegativeReturnType Eigen::DenseBase<Derived>::[01;32m[Koperator-[m[K() const [35m[K[with Derived = Eigen::Matrix<float, 2, 1>; NegativeReturnType = Eigen::CwiseUnaryOp<Eigen::internal::scalar_opposite_op<float>, const Eigen::Matrix<float, 2, 1> >][m[K[m[K’
[4.765s]    45 | [01;36m[Koperator[m[K-() const { return NegativeReturnType(derived()); }
[4.765s]       | [01;36m[K^~~~~~~~[m[K
[4.765s] [01m[K/usr/include/eigen3/Eigen/src/Core/../plugins/CommonCwiseUnaryOps.h:45:1:[m[K [01;36m[Knote: [m[K  candidate expects 0 arguments, 1 provided
[4.766s] In file included from [01m[K/usr/include/c++/13/bits/stl_algobase.h:67[m[K,
[4.766s]                  from [01m[K/usr/include/c++/13/bits/stl_uninitialized.h:63[m[K,
[4.766s]                  from [01m[K/usr/include/c++/13/memory:69[m[K,
[4.766s]                  from [01m[K/opt/ros/jazzy/include/rclcpp/rclcpp/rclcpp.hpp:169[m[K,
[4.766s]                  from [01m[K/home/john/Desktop/rp_ros2_rviz/src/world_node.cpp:1[m[K:
[4.766s] [01m[K/usr/include/c++/13/bits/stl_iterator.h:625:5:[m[K [01;36m[Knote: [m[Kcandidate: ‘[01m[Ktemplate<class _IteratorL, class _IteratorR> constexpr decltype ((__y.base() - __x.base())) std::[01;32m[Koperator-[m[K(const reverse_iterator<_Iterator>&, const reverse_iterator<_IteratorR>&)[m[K’
[4.766s]   625 |     [01;36m[Koperator[m[K-(const reverse_iterator<_IteratorL>& __x,
[4.766s]       |     [01;36m[K^~~~~~~~[m[K
[4.766s] [01m[K/usr/include/c++/13/bits/stl_iterator.h:625:5:[m[K [01;36m[Knote: [m[K  template argument deduction/substitution failed:
[4.766s] [01m[K/home/john/Desktop/rp_ros2_rviz/include/rp_ros2_rviz/grid_map.h:36:20:[m[K [01;36m[Knote: [m[K  ‘[01m[Kconst Eigen::Vector2f[m[K’ {aka ‘[01m[Kconst Eigen::Matrix<float, 2, 1>[m[K’} is not derived from ‘[01m[Kconst std::reverse_iterator<_Iterator>[m[K’
[4.766s]    36 |     return _piw*(g-[01;36m[Kgrid_origin[m[K)*resolution;
[4.766s]       |                    [01;36m[K^~~~~~~~~~~[m[K
[4.766s] [01m[K/usr/include/c++/13/bits/stl_iterator.h:1800:5:[m[K [01;36m[Knote: [m[Kcandidate: ‘[01m[Ktemplate<class _IteratorL, class _IteratorR> constexpr decltype ((__x.base() - __y.base())) std::[01;32m[Koperator-[m[K(const move_iterator<_IteratorL>&, const move_iterator<_IteratorR>&)[m[K’
[4.766s]  1800 |     [01;36m[Koperator[m[K-(const move_iterator<_IteratorL>& __x,
[4.766s]       |     [01;36m[K^~~~~~~~[m[K
[4.767s] [01m[K/usr/include/c++/13/bits/stl_iterator.h:1800:5:[m[K [01;36m[Knote: [m[K  template argument deduction/substitution failed:
[4.767s] [01m[K/home/john/Desktop/rp_ros2_rviz/include/rp_ros2_rviz/grid_map.h:36:20:[m[K [01;36m[Knote: [m[K  ‘[01m[Kconst Eigen::Vector2f[m[K’ {aka ‘[01m[Kconst Eigen::Matrix<float, 2, 1>[m[K’} is not derived from ‘[01m[Kconst std::move_iterator<_IteratorL>[m[K’
[4.767s]    36 |     return _piw*(g-[01;36m[Kgrid_origin[m[K)*resolution;
[4.767s]       |                    [01;36m[K^~~~~~~~~~~[m[K
[4.767s] In file included from [01m[K/usr/include/opencv4/opencv2/core/cvstd.inl.hpp:47[m[K,
[4.767s]                  from [01m[K/usr/include/opencv4/opencv2/core.hpp:3349[m[K,
[4.767s]                  from [01m[K/usr/include/opencv4/opencv2/opencv.hpp:52[m[K,
[4.767s]                  from [01m[K/home/john/Desktop/rp_ros2_rviz/include/rp_ros2_rviz/canvas.h:2[m[K,
[4.767s]                  from [01m[K/home/john/Desktop/rp_ros2_rviz/include/rp_ros2_rviz/world.h:6[m[K,
[4.767s]                  from [01m[K/home/john/Desktop/rp_ros2_rviz/src/world_node.cpp:3[m[K:
[4.767s] [01m[K/usr/include/c++/13/complex:365:5:[m[K [01;36m[Knote: [m[Kcandidate: ‘[01m[Ktemplate<class _Tp> std::complex<_Tp> std::[01;32m[Koperator-[m[K(const complex<_Tp>&, const complex<_Tp>&)[m[K’
[4.767s]   365 |     [01;36m[Koperator[m[K-(const complex<_Tp>& __x, const complex<_Tp>& __y)
[4.767s]       |     [01;36m[K^~~~~~~~[m[K
[4.767s] [01m[K/usr/include/c++/13/complex:365:5:[m[K [01;36m[Knote: [m[K  template argument deduction/substitution failed:
[4.768s] [01m[K/home/john/Desktop/rp_ros2_rviz/include/rp_ros2_rviz/grid_map.h:36:20:[m[K [01;36m[Knote: [m[K  ‘[01m[Kconst Eigen::Vector2f[m[K’ {aka ‘[01m[Kconst Eigen::Matrix<float, 2, 1>[m[K’} is not derived from ‘[01m[Kconst std::complex<_Tp>[m[K’
[4.768s]    36 |     return _piw*(g-[01;36m[Kgrid_origin[m[K)*resolution;
[4.768s]       |                    [01;36m[K^~~~~~~~~~~[m[K
[4.768s] [01m[K/usr/include/c++/13/complex:374:5:[m[K [01;36m[Knote: [m[Kcandidate: ‘[01m[Ktemplate<class _Tp> std::complex<_Tp> std::[01;32m[Koperator-[m[K(const complex<_Tp>&, const _Tp&)[m[K’
[4.769s]   374 |     [01;36m[Koperator[m[K-(const complex<_Tp>& __x, const _Tp& __y)
[4.770s]       |     [01;36m[K^~~~~~~~[m[K
[4.770s] [01m[K/usr/include/c++/13/complex:374:5:[m[K [01;36m[Knote: [m[K  template argument deduction/substitution failed:
[4.770s] [01m[K/home/john/Desktop/rp_ros2_rviz/include/rp_ros2_rviz/grid_map.h:36:20:[m[K [01;36m[Knote: [m[K  ‘[01m[Kconst Eigen::Vector2f[m[K’ {aka ‘[01m[Kconst Eigen::Matrix<float, 2, 1>[m[K’} is not derived from ‘[01m[Kconst std::complex<_Tp>[m[K’
[4.770s]    36 |     return _piw*(g-[01;36m[Kgrid_origin[m[K)*resolution;
[4.770s]       |                    [01;36m[K^~~~~~~~~~~[m[K
[4.770s] [01m[K/usr/include/c++/13/complex:383:5:[m[K [01;36m[Knote: [m[Kcandidate: ‘[01m[Ktemplate<class _Tp> std::complex<_Tp> std::[01;32m[Koperator-[m[K(const _Tp&, const complex<_Tp>&)[m[K’
[4.770s]   383 |     [01;36m[Koperator[m[K-(const _Tp& __x, const complex<_Tp>& __y)
[4.770s]       |     [01;36m[K^~~~~~~~[m[K
[4.770s] [01m[K/usr/include/c++/13/complex:383:5:[m[K [01;36m[Knote: [m[K  template argument deduction/substitution failed:
[4.770s] [01m[K/home/john/Desktop/rp_ros2_rviz/include/rp_ros2_rviz/grid_map.h:36:20:[m[K [01;36m[Knote: [m[K  ‘[01m[Kconst Vec2f[m[K’ is not derived from ‘[01m[Kconst std::complex<_Tp>[m[K’
[4.770s]    36 |     return _piw*(g-[01;36m[Kgrid_origin[m[K)*resolution;
[4.770s]       |                    [01;36m[K^~~~~~~~~~~[m[K
[4.770s] [01m[K/usr/include/c++/13/complex:460:5:[m[K [01;36m[Knote: [m[Kcandidate: ‘[01m[Ktemplate<class _Tp> std::complex<_Tp> std::[01;32m[Koperator-[m[K(const complex<_Tp>&)[m[K’
[4.770s]   460 |     [01;36m[Koperator[m[K-(const complex<_Tp>& __x)
[4.770s]       |     [01;36m[K^~~~~~~~[m[K
[4.770s] [01m[K/usr/include/c++/13/complex:460:5:[m[K [01;36m[Knote: [m[K  template argument deduction/substitution failed:
[4.771s] [01m[K/home/john/Desktop/rp_ros2_rviz/include/rp_ros2_rviz/grid_map.h:36:20:[m[K [01;36m[Knote: [m[K  ‘[01m[Kconst Eigen::Vector2f[m[K’ {aka ‘[01m[Kconst Eigen::Matrix<float, 2, 1>[m[K’} is not derived from ‘[01m[Kconst std::complex<_Tp>[m[K’
[4.771s]    36 |     return _piw*(g-[01;36m[Kgrid_origin[m[K)*resolution;
[4.771s]       |                    [01;36m[K^~~~~~~~~~~[m[K
[4.772s] [01m[K/home/john/Desktop/rp_ros2_rviz/include/rp_ros2_rviz/grid_map.h:[m[K In member function ‘[01m[KEigen::Vector2f GridMap::[01;32m[Kw2g[m[K(Eigen::Vector2f) const[m[K’:
[4.772s] [01m[K/home/john/Desktop/rp_ros2_rviz/include/rp_ros2_rviz/grid_map.h:41:18:[m[K [01;31m[Kerror: [m[Kno match for ‘[01m[Koperator*[m[K’ (operand types are ‘[01m[Kconst Isometry2f[m[K’ and ‘[01m[Kconst Eigen::Vector2f[m[K’ {aka ‘[01m[Kconst Eigen::Matrix<float, 2, 1>[m[K’})
[4.772s]    41 |     return ([32m[K_ipiw[m[K[01;31m[K*[m[K[34m[Kw[m[K)*inv_resolution+grid_origin;
[4.772s]       |             [32m[K~~~~~[m[K[01;31m[K^[m[K[34m[K~[m[K
[4.772s]       |             [32m[K|[m[K     [34m[K|[m[K
[4.772s]       |             [32m[K|[m[K     [34m[Kconst Eigen::Vector2f {aka const Eigen::Matrix<float, 2, 1>}[m[K
[4.772s]       |             [32m[Kconst Isometry2f[m[K
[4.772s] In file included from [01m[K/home/john/Desktop/rp_ros2_rviz/include/rp_ros2_rviz/world.h:5[m[K:
[4.772s] [01m[K/home/john/Desktop/rp_ros2_rviz/include/rp_ros2_rviz/linalg.h:207:21:[m[K [01;36m[Knote: [m[Kcandidate: ‘[01m[KIsometry2f Isometry2f::[01;32m[Koperator*[m[K(const Isometry2f&) const[m[K’
[4.772s]   207 |   inline Isometry2f [01;36m[Koperator[m[K*(const Isometry2f& src) const {
[4.772s]       |                     [01;36m[K^~~~~~~~[m[K
[4.772s] [01m[K/home/john/Desktop/rp_ros2_rviz/include/rp_ros2_rviz/linalg.h:207:49:[m[K [01;36m[Knote: [m[K  no known conversion for argument 1 from ‘[01m[Kconst Eigen::Vector2f[m[K’ {aka ‘[01m[Kconst Eigen::Matrix<float, 2, 1>[m[K’} to ‘[01m[Kconst Isometry2f&[m[K’
[4.772s]   207 |   inline Isometry2f operator*([01;36m[Kconst Isometry2f& src[m[K) const {
[4.772s]       |                               [01;36m[K~~~~~~~~~~~~~~~~~~^~~[m[K
[4.773s] [01m[K/home/john/Desktop/rp_ros2_rviz/include/rp_ros2_rviz/linalg.h:221:16:[m[K [01;36m[Knote: [m[Kcandidate: ‘[01m[KVec2f Isometry2f::[01;32m[Koperator*[m[K(const Vec2f&) const[m[K’
[4.773s]   221 |   inline Vec2f [01;36m[Koperator[m[K*(const Vec2f& src) const {
[4.773s]       |                [01;36m[K^~~~~~~~[m[K
[4.773s] [01m[K/home/john/Desktop/rp_ros2_rviz/include/rp_ros2_rviz/linalg.h:221:39:[m[K [01;36m[Knote: [m[K  no known conversion for argument 1 from ‘[01m[Kconst Eigen::Vector2f[m[K’ {aka ‘[01m[Kconst Eigen::Matrix<float, 2, 1>[m[K’} to ‘[01m[Kconst Vec2f&[m[K’
[4.773s]   221 |   inline Vec2f operator*([01;36m[Kconst Vec2f& src[m[K) const {
[4.773s]       |                          [01;36m[K~~~~~~~~~~~~~^~~[m[K
[4.774s] [01m[K/usr/include/c++/13/complex:395:5:[m[K [01;36m[Knote: [m[Kcandidate: ‘[01m[Ktemplate<class _Tp> std::complex<_Tp> std::[01;32m[Koperator*[m[K(const complex<_Tp>&, const complex<_Tp>&)[m[K’
[4.774s]   395 |     [01;36m[Koperator[m[K*(const complex<_Tp>& __x, const complex<_Tp>& __y)
[4.774s]       |     [01;36m[K^~~~~~~~[m[K
[4.774s] [01m[K/usr/include/c++/13/complex:395:5:[m[K [01;36m[Knote: [m[K  template argument deduction/substitution failed:
[4.774s] [01m[K/home/john/Desktop/rp_ros2_rviz/include/rp_ros2_rviz/grid_map.h:41:19:[m[K [01;36m[Knote: [m[K  ‘[01m[Kconst Isometry2f[m[K’ is not derived from ‘[01m[Kconst std::complex<_Tp>[m[K’
[4.774s]    41 |     return (_ipiw*[01;36m[Kw[m[K)*inv_resolution+grid_origin;
[4.774s]       |                   [01;36m[K^[m[K
[4.774s] [01m[K/usr/include/c++/13/complex:404:5:[m[K [01;36m[Knote: [m[Kcandidate: ‘[01m[Ktemplate<class _Tp> std::complex<_Tp> std::[01;32m[Koperator*[m[K(const complex<_Tp>&, const _Tp&)[m[K’
[4.774s]   404 |     [01;36m[Koperator[m[K*(const complex<_Tp>& __x, const _Tp& __y)
[4.774s]       |     [01;36m[K^~~~~~~~[m[K
[4.774s] [01m[K/usr/include/c++/13/complex:404:5:[m[K [01;36m[Knote: [m[K  template argument deduction/substitution failed:
[4.774s] [01m[K/home/john/Desktop/rp_ros2_rviz/include/rp_ros2_rviz/grid_map.h:41:19:[m[K [01;36m[Knote: [m[K  ‘[01m[Kconst Isometry2f[m[K’ is not derived from ‘[01m[Kconst std::complex<_Tp>[m[K’
[4.775s]    41 |     return (_ipiw*[01;36m[Kw[m[K)*inv_resolution+grid_origin;
[4.775s]       |                   [01;36m[K^[m[K
[4.775s] [01m[K/usr/include/c++/13/complex:413:5:[m[K [01;36m[Knote: [m[Kcandidate: ‘[01m[Ktemplate<class _Tp> std::complex<_Tp> std::[01;32m[Koperator*[m[K(const _Tp&, const complex<_Tp>&)[m[K’
[4.775s]   413 |     [01;36m[Koperator[m[K*(const _Tp& __x, const complex<_Tp>& __y)
[4.775s]       |     [01;36m[K^~~~~~~~[m[K
[4.775s] [01m[K/usr/include/c++/13/complex:413:5:[m[K [01;36m[Knote: [m[K  template argument deduction/substitution failed:
[4.775s] [01m[K/home/john/Desktop/rp_ros2_rviz/include/rp_ros2_rviz/grid_map.h:41:19:[m[K [01;36m[Knote: [m[K  ‘[01m[Kconst Eigen::Vector2f[m[K’ {aka ‘[01m[Kconst Eigen::Matrix<float, 2, 1>[m[K’} is not derived from ‘[01m[Kconst std::complex<_Tp>[m[K’
[4.775s]    41 |     return (_ipiw*[01;36m[Kw[m[K)*inv_resolution+grid_origin;
[4.775s]       |                   [01;36m[K^[m[K
[4.775s] [01m[K/usr/include/eigen3/Eigen/src/Core/../plugins/CommonCwiseBinaryOps.h:50:29:[m[K [01;36m[Knote: [m[Kcandidate: ‘[01m[Ktemplate<class T> const Eigen::CwiseBinaryOp<Eigen::internal::scalar_product_op<typename Eigen::internal::promote_scalar_arg<float, T, Eigen::internal::has_ReturnType<Eigen::ScalarBinaryOpTraits<T, float, Eigen::internal::scalar_product_op<T, float> > >::value>::type, float>, const typename Eigen::internal::plain_constant_type<Eigen::Matrix<float, 2, 1>, typename Eigen::internal::promote_scalar_arg<float, T, Eigen::internal::has_ReturnType<Eigen::ScalarBinaryOpTraits<T, float, Eigen::internal::scalar_product_op<T, float> > >::value>::type>::type, const Eigen::Matrix<float, 2, 1> > Eigen::[01;32m[Koperator*[m[K(const T&, const MatrixBase<Matrix<float, 2, 1> >::StorageBaseType&)[m[K’
[4.775s]    50 | EIGEN_MAKE_SCALAR_BINARY_OP([01;36m[Koperator[m[K*,product)
[4.775s]       |                             [01;36m[K^~~~~~~~[m[K
[4.775s] [01m[K/usr/include/eigen3/Eigen/src/Core/util/Macros.h:1383:4:[m[K [01;36m[Knote: [m[Kin definition of macro ‘[01m[KEIGEN_MAKE_SCALAR_BINARY_OP_ONTHELEFT[m[K’
[4.775s]  1383 |   ([01;36m[KMETHOD[m[K)(const T& scalar, const StorageBaseType& matrix) { \
[4.775s]       |    [01;36m[K^~~~~~[m[K
[4.776s] [01m[K/usr/include/eigen3/Eigen/src/Core/../plugins/CommonCwiseBinaryOps.h:50:1:[m[K [01;36m[Knote: [m[Kin expansion of macro ‘[01m[KEIGEN_MAKE_SCALAR_BINARY_OP[m[K’
[4.776s]    50 | [01;36m[KEIGEN_MAKE_SCALAR_BINARY_OP[m[K(operator*,product)
[4.776s]       | [01;36m[K^~~~~~~~~~~~~~~~~~~~~~~~~~~[m[K
[4.776s] [01m[K/usr/include/eigen3/Eigen/src/Core/../plugins/CommonCwiseBinaryOps.h:50:29:[m[K [01;36m[Knote: [m[K  template argument deduction/substitution failed:
[4.776s]    50 | EIGEN_MAKE_SCALAR_BINARY_OP([01;36m[Koperator[m[K*,product)
[4.776s]       |                             [01;36m[K^~~~~~~~[m[K
[4.776s] [01m[K/usr/include/eigen3/Eigen/src/Core/util/Macros.h:1383:4:[m[K [01;36m[Knote: [m[Kin definition of macro ‘[01m[KEIGEN_MAKE_SCALAR_BINARY_OP_ONTHELEFT[m[K’
[4.776s]  1383 |   ([01;36m[KMETHOD[m[K)(const T& scalar, const StorageBaseType& matrix) { \
[4.776s]       |    [01;36m[K^~~~~~[m[K
[4.776s] [01m[K/usr/include/eigen3/Eigen/src/Core/../plugins/CommonCwiseBinaryOps.h:50:1:[m[K [01;36m[Knote: [m[Kin expansion of macro ‘[01m[KEIGEN_MAKE_SCALAR_BINARY_OP[m[K’
[4.776s]    50 | [01;36m[KEIGEN_MAKE_SCALAR_BINARY_OP[m[K(operator*,product)
[4.776s]       | [01;36m[K^~~~~~~~~~~~~~~~~~~~~~~~~~~[m[K
[4.776s] /usr/include/eigen3/Eigen/src/Core/../plugins/CommonCwiseBinaryOps.h: In substitution of ‘[01m[Ktemplate<class T> const Eigen::CwiseBinaryOp<Eigen::internal::scalar_product_op<typename Eigen::internal::promote_scalar_arg<float, T, Eigen::internal::has_ReturnType<Eigen::ScalarBinaryOpTraits<T, float, Eigen::internal::scalar_product_op<T, float> > >::value>::type, float>, const typename Eigen::internal::plain_constant_type<Eigen::Matrix<float, 2, 1>, typename Eigen::internal::promote_scalar_arg<float, T, Eigen::internal::has_ReturnType<Eigen::ScalarBinaryOpTraits<T, float, Eigen::internal::scalar_product_op<T, float> > >::value>::type>::type, const Eigen::Matrix<float, 2, 1> > Eigen::[01;32m[Koperator*[m[K(const T&, const MatrixBase<Matrix<float, 2, 1> >::StorageBaseType&) [35m[K[with T = Isometry2f][m[K[m[K’:
[4.776s] [01m[K/home/john/Desktop/rp_ros2_rviz/include/rp_ros2_rviz/grid_map.h:41:19:[m[K   required from here
[4.777s] [01m[K/usr/include/eigen3/Eigen/src/Core/../plugins/CommonCwiseBinaryOps.h:50:29:[m[K [01;31m[Kerror: [m[Kno type named ‘[01m[Ktype[m[K’ in ‘[01m[Kstruct Eigen::internal::promote_scalar_arg<float, Isometry2f, false>[m[K’
[4.777s]    50 | EIGEN_MAKE_SCALAR_BINARY_OP([01;31m[Koperator[m[K*,product)
[4.777s]       |                             [01;31m[K^~~~~~~~[m[K
[4.777s] [01m[K/usr/include/eigen3/Eigen/src/Core/util/Macros.h:1383:4:[m[K [01;36m[Knote: [m[Kin definition of macro ‘[01m[KEIGEN_MAKE_SCALAR_BINARY_OP_ONTHELEFT[m[K’
[4.777s]  1383 |   ([01;36m[KMETHOD[m[K)(const T& scalar, const StorageBaseType& matrix) { \
[4.777s]       |    [01;36m[K^~~~~~[m[K
[4.777s] [01m[K/usr/include/eigen3/Eigen/src/Core/../plugins/CommonCwiseBinaryOps.h:50:1:[m[K [01;36m[Knote: [m[Kin expansion of macro ‘[01m[KEIGEN_MAKE_SCALAR_BINARY_OP[m[K’
[4.777s]    50 | [01;36m[KEIGEN_MAKE_SCALAR_BINARY_OP[m[K(operator*,product)
[4.777s]       | [01;36m[K^~~~~~~~~~~~~~~~~~~~~~~~~~~[m[K
[4.777s] In file included from [01m[K/usr/include/eigen3/Eigen/Core:326[m[K:
[4.777s] [01m[K/usr/include/eigen3/Eigen/src/Core/PermutationMatrix.h:515:1:[m[K [01;36m[Knote: [m[Kcandidate: ‘[01m[Ktemplate<class MatrixDerived, class PermutationDerived> const Eigen::Product<MatrixDerived, PermutationDerived, 2> Eigen::[01;32m[Koperator*[m[K(const MatrixBase<Derived>&, const PermutationBase<PermutationDerived>&)[m[K’
[4.778s]   515 | [01;36m[Koperator[m[K*(const MatrixBase<MatrixDerived> &matrix,
[4.778s]       | [01;36m[K^~~~~~~~[m[K
[4.778s] [01m[K/usr/include/eigen3/Eigen/src/Core/PermutationMatrix.h:515:1:[m[K [01;36m[Knote: [m[K  template argument deduction/substitution failed:
[4.778s] [01m[K/home/john/Desktop/rp_ros2_rviz/include/rp_ros2_rviz/grid_map.h:41:19:[m[K [01;36m[Knote: [m[K  ‘[01m[Kconst Isometry2f[m[K’ is not derived from ‘[01m[Kconst Eigen::MatrixBase<Derived>[m[K’
[4.778s]    41 |     return (_ipiw*[01;36m[Kw[m[K)*inv_resolution+grid_origin;
[4.778s]       |                   [01;36m[K^[m[K
[4.778s] [01m[K/usr/include/eigen3/Eigen/src/Core/PermutationMatrix.h:527:1:[m[K [01;36m[Knote: [m[Kcandidate: ‘[01m[Ktemplate<class PermutationDerived, class MatrixDerived> const Eigen::Product<MatrixDerived, PermutationDerived, 2> Eigen::[01;32m[Koperator*[m[K(const PermutationBase<PermutationDerived>&, const MatrixBase<U>&)[m[K’
[4.778s]   527 | [01;36m[Koperator[m[K*(const PermutationBase<PermutationDerived> &permutation,
[4.778s]       | [01;36m[K^~~~~~~~[m[K
[4.778s] [01m[K/usr/include/eigen3/Eigen/src/Core/PermutationMatrix.h:527:1:[m[K [01;36m[Knote: [m[K  template argument deduction/substitution failed:
[4.779s] [01m[K/home/john/Desktop/rp_ros2_rviz/include/rp_ros2_rviz/grid_map.h:41:19:[m[K [01;36m[Knote: [m[K  ‘[01m[Kconst Isometry2f[m[K’ is not derived from ‘[01m[Kconst Eigen::PermutationBase<PermutationDerived>[m[K’
[4.779s]    41 |     return (_ipiw*[01;36m[Kw[m[K)*inv_resolution+grid_origin;
[4.779s]       |                   [01;36m[K^[m[K
[4.779s] In file included from [01m[K/usr/include/eigen3/Eigen/Core:327[m[K:
[4.779s] [01m[K/usr/include/eigen3/Eigen/src/Core/Transpositions.h:313:1:[m[K [01;36m[Knote: [m[Kcandidate: ‘[01m[Ktemplate<class MatrixDerived, class TranspositionsDerived> const Eigen::Product<MatrixDerived, PermutationDerived, 2> Eigen::[01;32m[Koperator*[m[K(const MatrixBase<Derived>&, const TranspositionsBase<TranspositionsDerived>&)[m[K’
[4.779s]   313 | [01;36m[Koperator[m[K*(const MatrixBase<MatrixDerived> &matrix,
[4.779s]       | [01;36m[K^~~~~~~~[m[K
[4.779s] [01m[K/usr/include/eigen3/Eigen/src/Core/Transpositions.h:313:1:[m[K [01;36m[Knote: [m[K  template argument deduction/substitution failed:
[4.779s] [01m[K/home/john/Desktop/rp_ros2_rviz/include/rp_ros2_rviz/grid_map.h:41:19:[m[K [01;36m[Knote: [m[K  ‘[01m[Kconst Isometry2f[m[K’ is not derived from ‘[01m[Kconst Eigen::MatrixBase<Derived>[m[K’
[4.779s]    41 |     return (_ipiw*[01;36m[Kw[m[K)*inv_resolution+grid_origin;
[4.779s]       |                   [01;36m[K^[m[K
[4.779s] [01m[K/usr/include/eigen3/Eigen/src/Core/Transpositions.h:325:1:[m[K [01;36m[Knote: [m[Kcandidate: ‘[01m[Ktemplate<class TranspositionsDerived, class MatrixDerived> const Eigen::Product<MatrixDerived, PermutationDerived, 2> Eigen::[01;32m[Koperator*[m[K(const TranspositionsBase<TranspositionsDerived>&, const MatrixBase<U>&)[m[K’
[4.779s]   325 | [01;36m[Koperator[m[K*(const TranspositionsBase<TranspositionsDerived> &transpositions,
[4.779s]       | [01;36m[K^~~~~~~~[m[K
[4.779s] [01m[K/usr/include/eigen3/Eigen/src/Core/Transpositions.h:325:1:[m[K [01;36m[Knote: [m[K  template argument deduction/substitution failed:
[4.779s] [01m[K/home/john/Desktop/rp_ros2_rviz/include/rp_ros2_rviz/grid_map.h:41:19:[m[K [01;36m[Knote: [m[K  ‘[01m[Kconst Isometry2f[m[K’ is not derived from ‘[01m[Kconst Eigen::TranspositionsBase<TranspositionsDerived>[m[K’
[4.779s]    41 |     return (_ipiw*[01;36m[Kw[m[K)*inv_resolution+grid_origin;
[4.779s]       |                   [01;36m[K^[m[K
[4.978s] [01m[K/home/john/Desktop/rp_ros2_rviz/src/world_node.cpp:[m[K In constructor ‘[01m[KWorldNode::[01;32m[KWorldNode[m[K()[m[K’:
[4.978s] [01m[K/home/john/Desktop/rp_ros2_rviz/src/world_node.cpp:53:17:[m[K [01;35m[Kwarning: [m[Kunused variable ‘[01m[Kkey[m[K’ [[01;35m[K]8;;https://gcc.gnu.org/onlinedocs/gcc/Warning-Options.html#index-Wunused-variable-Wunused-variable]8;;[m[K]
[4.978s]    53 |             int [01;35m[Kkey[m[K=0;
[4.978s]       |                 [01;35m[K^~~[m[K
[5.000s] [01m[K/home/john/Desktop/rp_ros2_rviz/src/world_node.cpp:[m[K In static member function ‘[01m[Kstatic void WorldNode::[01;32m[KonMouse[m[K(int, int, int, int, void*)[m[K’:
[5.001s] [01m[K/home/john/Desktop/rp_ros2_rviz/src/world_node.cpp:79:54:[m[K [01;35m[Kwarning: [m[Kunused parameter ‘[01m[Kval[m[K’ [[01;35m[K]8;;https://gcc.gnu.org/onlinedocs/gcc/Warning-Options.html#index-Wunused-parameter-Wunused-parameter]8;;[m[K]
[5.001s]    79 |     static void onMouse(int event, int x, int y, [01;35m[Kint val[m[K, void* arg) {
[5.001s]       |                                                  [01;35m[K~~~~^~~[m[K
[7.087s] gmake[2]: *** [CMakeFiles/world_node.dir/build.make:76: CMakeFiles/world_node.dir/src/world_node.cpp.o] Error 1
[7.088s] gmake[1]: *** [CMakeFiles/Makefile2:165: CMakeFiles/world_node.dir/all] Error 2
[7.088s] gmake: *** [Makefile:146: all] Error 2
[7.091s] Invoked command in '/home/john/Desktop/rp_ros2_rviz/build/rp_ros2_rviz' returned '2': CMAKE_PREFIX_PATH=${CMAKE_PREFIX_PATH}:/opt/ros/jazzy DEBUGINFOD_URLS=https://debuginfod.ubuntu.com /usr/bin/cmake --build /home/john/Desktop/rp_ros2_rviz/build/rp_ros2_rviz -- -j4 -l4
