[0.012s] Invoking command in '/home/john/Desktop/rp_ros2_rviz/build/rp_ros2_rviz': CMAKE_PREFIX_PATH=${CMAKE_PREFIX_PATH}:/opt/ros/jazzy DEBUGINFOD_URLS=https://debuginfod.ubuntu.com /usr/bin/cmake --build /home/john/Desktop/rp_ros2_rviz/build/rp_ros2_rviz -- -j4 -l4
[0.115s] [ 16%] Built target control_robot
[0.146s] [ 25%] [32mBuilding CXX object CMakeFiles/world_node.dir/src/grid_map.cpp.o[0m
[2.194s] [01m[K/home/john/Desktop/rp_ros2_rviz/src/grid_map.cpp:[m[K In member function ‘[01m[Kvirtual void GridMap::[01;32m[Kdraw[m[K(Canvas&) const[m[K’:
[2.194s] [01m[K/home/john/Desktop/rp_ros2_rviz/src/grid_map.cpp:80:9:[m[K [01;35m[Kwarning: [m[Kvariable ‘[01m[Kt[m[K’ set but not used [[01;35m[K]8;;https://gcc.gnu.org/onlinedocs/gcc/Warning-Options.html#index-Wunused-but-set-variable-Wunused-but-set-variable]8;;[m[K]
[2.194s]    80 |   Vec2f [01;35m[Kt[m[K=_piw.t*(1./dest.resolution);
[2.194s]       |         [01;35m[K^[m[K
[2.398s] In file included from [01m[K/usr/include/eigen3/Eigen/Core:295[m[K,
[2.398s]                  from [01m[K/home/john/Desktop/rp_ros2_rviz/include/rp_ros2_rviz/grid.h:4[m[K,
[2.398s]                  from [01m[K/home/john/Desktop/rp_ros2_rviz/include/rp_ros2_rviz/grid_map.h:3[m[K,
[2.398s]                  from [01m[K/home/john/Desktop/rp_ros2_rviz/src/grid_map.cpp:1[m[K:
[2.398s] /usr/include/eigen3/Eigen/src/Core/Matrix.h: In instantiation of ‘[01m[KEigen::Matrix<_Scalar, _Rows, _Cols, _Options, _MaxRows, _MaxCols>::[01;32m[KMatrix[m[K(const T&) [35m[K[with T = cv::Vec<int, 2>; _Scalar = int; int _Rows = 2; int _Cols = 1; int _Options = 0; int _MaxRows = 2; int _MaxCols = 1][m[K[m[K’:
[2.398s] [01m[K/usr/include/c++/13/bits/new_allocator.h:191:4:[m[K   required from ‘[01m[Kvoid std::__new_allocator<_Tp>::[01;32m[Kconstruct[m[K(_Up*, _Args&& ...) [35m[K[with _Up = Eigen::Matrix<int, 2, 1>; _Args = {cv::Vec<int, 2>}; _Tp = Eigen::Matrix<int, 2, 1>][m[K[m[K’
[2.398s] [01m[K/usr/include/c++/13/bits/alloc_traits.h:538:17:[m[K   required from ‘[01m[Kstatic void std::allocator_traits<std::allocator<_CharT> >::[01;32m[Kconstruct[m[K(allocator_type&, _Up*, _Args&& ...) [35m[K[with _Up = Eigen::Matrix<int, 2, 1>; _Args = {cv::Vec<int, 2>}; _Tp = Eigen::Matrix<int, 2, 1>; allocator_type = std::allocator<Eigen::Matrix<int, 2, 1> >][m[K[m[K’
[2.398s] [01m[K/usr/include/c++/13/bits/vector.tcc:117:30:[m[K   required from ‘[01m[Kstd::vector<_Tp, _Alloc>::reference std::vector<_Tp, _Alloc>::[01;32m[Kemplace_back[m[K(_Args&& ...) [35m[K[with _Args = {cv::Vec<int, 2>}; _Tp = Eigen::Matrix<int, 2, 1>; _Alloc = std::allocator<Eigen::Matrix<int, 2, 1> >; reference = Eigen::Matrix<int, 2, 1>&][m[K[m[K’
[2.398s] [01m[K/home/john/Desktop/rp_ros2_rviz/src/grid_map.cpp:108:37:[m[K   required from here
[2.398s] [01m[K/usr/include/eigen3/Eigen/src/Core/Matrix.h:332:31:[m[K [01;31m[Kerror: [m[Kno matching function for call to ‘[01m[KEigen::Matrix<int, 2, 1>::_init1<cv::Vec<int, 2> >(const cv::Vec<int, 2>&)[m[K’
[2.398s]   332 |       [01;31m[KBase::template _init1<T>(x)[m[K;
[2.398s]       |       [01;31m[K~~~~~~~~~~~~~~~~~~~~~~~~^~~[m[K
[2.400s] In file included from [01m[K/usr/include/eigen3/Eigen/Core:294[m[K:
[2.400s] [01m[K/usr/include/eigen3/Eigen/src/Core/PlainObjectBase.h:839:30:[m[K [01;36m[Knote: [m[Kcandidate: ‘[01m[Kvoid Eigen::PlainObjectBase<Derived>::[01;32m[K_init1[m[K(Eigen::Index, typename Eigen::internal::enable_if<(((typename Eigen::internal::dense_xpr_base<Derived>::type::SizeAtCompileTime != 1) || (! std::is_convertible<T, typename Eigen::internal::traits<T>::Scalar>::value)) && ((! Eigen::internal::is_same<typename Eigen::internal::traits<T>::XprKind, Eigen::ArrayXpr>::value) || (typename Eigen::internal::dense_xpr_base<Derived>::type::SizeAtCompileTime == Eigen::Dynamic))), T>::type*) [35m[K[with T = cv::Vec<int, 2>; Derived = Eigen::Matrix<int, 2, 1>; Eigen::Index = long int; typename Eigen::internal::enable_if<(((typename Eigen::internal::dense_xpr_base<Derived>::type::SizeAtCompileTime != 1) || (! std::is_convertible<T, typename Eigen::internal::traits<T>::Scalar>::value)) && ((! Eigen::internal::is_same<typename Eigen::internal::traits<T>::XprKind, Eigen::ArrayXpr>::value) || (typename Eigen::internal::dense_xpr_base<Derived>::type::SizeAtCompileTime == Eigen::Dynamic))), T>::type = cv::Vec<int, 2>; typename Eigen::internal::dense_xpr_base<Derived>::type = Eigen::MatrixBase<Eigen::Matrix<int, 2, 1> >; typename Eigen::internal::traits<T>::XprKind = Eigen::MatrixXpr; typename Eigen::internal::traits<T>::Scalar = int; typename Eigen::internal::traits<T>::XprKind = Eigen::MatrixXpr][m[K[m[K’
[2.400s]   839 |     EIGEN_STRONG_INLINE void [01;36m[K_init1[m[K(Index size, typename internal::enable_if<    (Base::SizeAtCompileTime!=1 || !internal::is_convertible<T, Scalar>::value)
[2.400s]       |                              [01;36m[K^~~~~~[m[K
[2.400s] [01m[K/usr/include/eigen3/Eigen/src/Core/PlainObjectBase.h:839:43:[m[K [01;36m[Knote: [m[K  no known conversion for argument 1 from ‘[01m[Kconst cv::Vec<int, 2>[m[K’ to ‘[01m[KEigen::Index[m[K’ {aka ‘[01m[Klong int[m[K’}
[2.400s]   839 |     EIGEN_STRONG_INLINE void _init1([01;36m[KIndex size[m[K, typename internal::enable_if<    (Base::SizeAtCompileTime!=1 || !internal::is_convertible<T, Scalar>::value)
[2.401s]       |                                     [01;36m[K~~~~~~^~~~[m[K
[2.401s] [01m[K/usr/include/eigen3/Eigen/src/Core/PlainObjectBase.h:853:30:[m[K [01;36m[Knote: [m[Kcandidate: ‘[01m[Ktemplate<class T> void Eigen::PlainObjectBase<Derived>::[01;32m[K_init1[m[K(const Scalar&, typename Eigen::internal::enable_if<((typename Eigen::internal::dense_xpr_base<Derived>::type::SizeAtCompileTime == 1) && std::is_convertible<T, typename Eigen::internal::traits<T>::Scalar>::value), T>::type*) [35m[K[with Derived = Eigen::Matrix<int, 2, 1>][m[K[m[K’
[2.401s]   853 |     EIGEN_STRONG_INLINE void [01;36m[K_init1[m[K(const Scalar& val0, typename internal::enable_if<Base::SizeAtCompileTime==1 && internal::is_convertible<T, Scalar>::value,T>::type* = 0)
[2.401s]       |                              [01;36m[K^~~~~~[m[K
[2.401s] [01m[K/usr/include/eigen3/Eigen/src/Core/PlainObjectBase.h:853:30:[m[K [01;36m[Knote: [m[K  template argument deduction/substitution failed:
[2.401s] /usr/include/eigen3/Eigen/src/Core/PlainObjectBase.h: In substitution of ‘[01m[Ktemplate<class T> void Eigen::PlainObjectBase<Eigen::Matrix<int, 2, 1> >::[01;32m[K_init1[m[K(const Scalar&, typename Eigen::internal::enable_if<((Eigen::MatrixBase<Eigen::Matrix<int, 2, 1> >::SizeAtCompileTime == 1) && std::is_convertible<_Iter, int>::value), T>::type*) [35m[K[with T = cv::Vec<int, 2>][m[K[m[K’:
[2.402s] [01m[K/usr/include/eigen3/Eigen/src/Core/Matrix.h:332:31:[m[K   required from ‘[01m[KEigen::Matrix<_Scalar, _Rows, _Cols, _Options, _MaxRows, _MaxCols>::[01;32m[KMatrix[m[K(const T&) [35m[K[with T = cv::Vec<int, 2>; _Scalar = int; int _Rows = 2; int _Cols = 1; int _Options = 0; int _MaxRows = 2; int _MaxCols = 1][m[K[m[K’
[2.402s] [01m[K/usr/include/c++/13/bits/new_allocator.h:191:4:[m[K   required from ‘[01m[Kvoid std::__new_allocator<_Tp>::[01;32m[Kconstruct[m[K(_Up*, _Args&& ...) [35m[K[with _Up = Eigen::Matrix<int, 2, 1>; _Args = {cv::Vec<int, 2>}; _Tp = Eigen::Matrix<int, 2, 1>][m[K[m[K’
[2.402s] [01m[K/usr/include/c++/13/bits/alloc_traits.h:538:17:[m[K   required from ‘[01m[Kstatic void std::allocator_traits<std::allocator<_CharT> >::[01;32m[Kconstruct[m[K(allocator_type&, _Up*, _Args&& ...) [35m[K[with _Up = Eigen::Matrix<int, 2, 1>; _Args = {cv::Vec<int, 2>}; _Tp = Eigen::Matrix<int, 2, 1>; allocator_type = std::allocator<Eigen::Matrix<int, 2, 1> >][m[K[m[K’
[2.403s] [01m[K/usr/include/c++/13/bits/vector.tcc:117:30:[m[K   required from ‘[01m[Kstd::vector<_Tp, _Alloc>::reference std::vector<_Tp, _Alloc>::[01;32m[Kemplace_back[m[K(_Args&& ...) [35m[K[with _Args = {cv::Vec<int, 2>}; _Tp = Eigen::Matrix<int, 2, 1>; _Alloc = std::allocator<Eigen::Matrix<int, 2, 1> >; reference = Eigen::Matrix<int, 2, 1>&][m[K[m[K’
[2.403s] [01m[K/home/john/Desktop/rp_ros2_rviz/src/grid_map.cpp:108:37:[m[K   required from here
[2.403s] [01m[K/usr/include/eigen3/Eigen/src/Core/PlainObjectBase.h:853:30:[m[K [01;31m[Kerror: [m[Kinvalid use of incomplete type ‘[01m[Kstruct Eigen::internal::enable_if<false, cv::Vec<int, 2> >[m[K’
[2.403s] In file included from [01m[K/usr/include/eigen3/Eigen/Core:162[m[K:
[2.403s] [01m[K/usr/include/eigen3/Eigen/src/Core/util/Meta.h:273:50:[m[K [01;36m[Knote: [m[Kdeclaration of ‘[01m[Kstruct Eigen::internal::enable_if<false, cv::Vec<int, 2> >[m[K’
[2.403s]   273 | template<bool Condition, typename T=void> struct [01;36m[Kenable_if[m[K;
[2.403s]       |                                                  [01;36m[K^~~~~~~~~[m[K
[2.403s] /usr/include/eigen3/Eigen/src/Core/Matrix.h: In instantiation of ‘[01m[KEigen::Matrix<_Scalar, _Rows, _Cols, _Options, _MaxRows, _MaxCols>::[01;32m[KMatrix[m[K(const T&) [35m[K[with T = cv::Vec<int, 2>; _Scalar = int; int _Rows = 2; int _Cols = 1; int _Options = 0; int _MaxRows = 2; int _MaxCols = 1][m[K[m[K’:
[2.403s] [01m[K/usr/include/c++/13/bits/new_allocator.h:191:4:[m[K   required from ‘[01m[Kvoid std::__new_allocator<_Tp>::[01;32m[Kconstruct[m[K(_Up*, _Args&& ...) [35m[K[with _Up = Eigen::Matrix<int, 2, 1>; _Args = {cv::Vec<int, 2>}; _Tp = Eigen::Matrix<int, 2, 1>][m[K[m[K’
[2.403s] [01m[K/usr/include/c++/13/bits/alloc_traits.h:538:17:[m[K   required from ‘[01m[Kstatic void std::allocator_traits<std::allocator<_CharT> >::[01;32m[Kconstruct[m[K(allocator_type&, _Up*, _Args&& ...) [35m[K[with _Up = Eigen::Matrix<int, 2, 1>; _Args = {cv::Vec<int, 2>}; _Tp = Eigen::Matrix<int, 2, 1>; allocator_type = std::allocator<Eigen::Matrix<int, 2, 1> >][m[K[m[K’
[2.403s] [01m[K/usr/include/c++/13/bits/vector.tcc:117:30:[m[K   required from ‘[01m[Kstd::vector<_Tp, _Alloc>::reference std::vector<_Tp, _Alloc>::[01;32m[Kemplace_back[m[K(_Args&& ...) [35m[K[with _Args = {cv::Vec<int, 2>}; _Tp = Eigen::Matrix<int, 2, 1>; _Alloc = std::allocator<Eigen::Matrix<int, 2, 1> >; reference = Eigen::Matrix<int, 2, 1>&][m[K[m[K’
[2.404s] [01m[K/home/john/Desktop/rp_ros2_rviz/src/grid_map.cpp:108:37:[m[K   required from here
[2.404s] [01m[K/usr/include/eigen3/Eigen/src/Core/PlainObjectBase.h:862:30:[m[K [01;36m[Knote: [m[Kcandidate: ‘[01m[Ktemplate<class T> void Eigen::PlainObjectBase<Derived>::[01;32m[K_init1[m[K(const Eigen::Index&, typename Eigen::internal::enable_if<((((! Eigen::internal::is_same<long int, typename Eigen::internal::traits<T>::Scalar>::value) && Eigen::internal::is_same<long int, T>::value) && (typename Eigen::internal::dense_xpr_base<Derived>::type::SizeAtCompileTime == 1)) && std::is_convertible<T, typename Eigen::internal::traits<T>::Scalar>::value), T*>::type*) [35m[K[with Derived = Eigen::Matrix<int, 2, 1>][m[K[m[K’
[2.404s]   862 |     EIGEN_STRONG_INLINE void [01;36m[K_init1[m[K(const Index& val0,
[2.404s]       |                              [01;36m[K^~~~~~[m[K
[2.404s] [01m[K/usr/include/eigen3/Eigen/src/Core/PlainObjectBase.h:862:30:[m[K [01;36m[Knote: [m[K  template argument deduction/substitution failed:
[2.404s] /usr/include/eigen3/Eigen/src/Core/PlainObjectBase.h: In substitution of ‘[01m[Ktemplate<class T> void Eigen::PlainObjectBase<Eigen::Matrix<int, 2, 1> >::[01;32m[K_init1[m[K(const Eigen::Index&, typename Eigen::internal::enable_if<((((! Eigen::internal::is_same<long int, int>::value) && Eigen::internal::is_same<long int, T>::value) && (Eigen::MatrixBase<Eigen::Matrix<int, 2, 1> >::SizeAtCompileTime == 1)) && std::is_convertible<_Iter, int>::value), T*>::type*) [35m[K[with T = cv::Vec<int, 2>][m[K[m[K’:
[2.404s] [01m[K/usr/include/eigen3/Eigen/src/Core/Matrix.h:332:31:[m[K   required from ‘[01m[KEigen::Matrix<_Scalar, _Rows, _Cols, _Options, _MaxRows, _MaxCols>::[01;32m[KMatrix[m[K(const T&) [35m[K[with T = cv::Vec<int, 2>; _Scalar = int; int _Rows = 2; int _Cols = 1; int _Options = 0; int _MaxRows = 2; int _MaxCols = 1][m[K[m[K’
[2.404s] [01m[K/usr/include/c++/13/bits/new_allocator.h:191:4:[m[K   required from ‘[01m[Kvoid std::__new_allocator<_Tp>::[01;32m[Kconstruct[m[K(_Up*, _Args&& ...) [35m[K[with _Up = Eigen::Matrix<int, 2, 1>; _Args = {cv::Vec<int, 2>}; _Tp = Eigen::Matrix<int, 2, 1>][m[K[m[K’
[2.404s] [01m[K/usr/include/c++/13/bits/alloc_traits.h:538:17:[m[K   required from ‘[01m[Kstatic void std::allocator_traits<std::allocator<_CharT> >::[01;32m[Kconstruct[m[K(allocator_type&, _Up*, _Args&& ...) [35m[K[with _Up = Eigen::Matrix<int, 2, 1>; _Args = {cv::Vec<int, 2>}; _Tp = Eigen::Matrix<int, 2, 1>; allocator_type = std::allocator<Eigen::Matrix<int, 2, 1> >][m[K[m[K’
[2.404s] [01m[K/usr/include/c++/13/bits/vector.tcc:117:30:[m[K   required from ‘[01m[Kstd::vector<_Tp, _Alloc>::reference std::vector<_Tp, _Alloc>::[01;32m[Kemplace_back[m[K(_Args&& ...) [35m[K[with _Args = {cv::Vec<int, 2>}; _Tp = Eigen::Matrix<int, 2, 1>; _Alloc = std::allocator<Eigen::Matrix<int, 2, 1> >; reference = Eigen::Matrix<int, 2, 1>&][m[K[m[K’
[2.404s] [01m[K/home/john/Desktop/rp_ros2_rviz/src/grid_map.cpp:108:37:[m[K   required from here
[2.404s] [01m[K/usr/include/eigen3/Eigen/src/Core/PlainObjectBase.h:862:30:[m[K [01;31m[Kerror: [m[Kinvalid use of incomplete type ‘[01m[Kstruct Eigen::internal::enable_if<false, cv::Vec<int, 2>*>[m[K’
[2.404s] [01m[K/usr/include/eigen3/Eigen/src/Core/util/Meta.h:273:50:[m[K [01;36m[Knote: [m[Kdeclaration of ‘[01m[Kstruct Eigen::internal::enable_if<false, cv::Vec<int, 2>*>[m[K’
[2.404s]   273 | template<bool Condition, typename T=void> struct [01;36m[Kenable_if[m[K;
[2.405s]       |                                                  [01;36m[K^~~~~~~~~[m[K
[2.405s] /usr/include/eigen3/Eigen/src/Core/Matrix.h: In instantiation of ‘[01m[KEigen::Matrix<_Scalar, _Rows, _Cols, _Options, _MaxRows, _MaxCols>::[01;32m[KMatrix[m[K(const T&) [35m[K[with T = cv::Vec<int, 2>; _Scalar = int; int _Rows = 2; int _Cols = 1; int _Options = 0; int _MaxRows = 2; int _MaxCols = 1][m[K[m[K’:
[2.405s] [01m[K/usr/include/c++/13/bits/new_allocator.h:191:4:[m[K   required from ‘[01m[Kvoid std::__new_allocator<_Tp>::[01;32m[Kconstruct[m[K(_Up*, _Args&& ...) [35m[K[with _Up = Eigen::Matrix<int, 2, 1>; _Args = {cv::Vec<int, 2>}; _Tp = Eigen::Matrix<int, 2, 1>][m[K[m[K’
[2.405s] [01m[K/usr/include/c++/13/bits/alloc_traits.h:538:17:[m[K   required from ‘[01m[Kstatic void std::allocator_traits<std::allocator<_CharT> >::[01;32m[Kconstruct[m[K(allocator_type&, _Up*, _Args&& ...) [35m[K[with _Up = Eigen::Matrix<int, 2, 1>; _Args = {cv::Vec<int, 2>}; _Tp = Eigen::Matrix<int, 2, 1>; allocator_type = std::allocator<Eigen::Matrix<int, 2, 1> >][m[K[m[K’
[2.405s] [01m[K/usr/include/c++/13/bits/vector.tcc:117:30:[m[K   required from ‘[01m[Kstd::vector<_Tp, _Alloc>::reference std::vector<_Tp, _Alloc>::[01;32m[Kemplace_back[m[K(_Args&& ...) [35m[K[with _Args = {cv::Vec<int, 2>}; _Tp = Eigen::Matrix<int, 2, 1>; _Alloc = std::allocator<Eigen::Matrix<int, 2, 1> >; reference = Eigen::Matrix<int, 2, 1>&][m[K[m[K’
[2.405s] [01m[K/home/john/Desktop/rp_ros2_rviz/src/grid_map.cpp:108:37:[m[K   required from here
[2.405s] [01m[K/usr/include/eigen3/Eigen/src/Core/PlainObjectBase.h:875:30:[m[K [01;36m[Knote: [m[Kcandidate: ‘[01m[Kvoid Eigen::PlainObjectBase<Derived>::[01;32m[K_init1[m[K(const Scalar*) [35m[K[with T = cv::Vec<int, 2>; Derived = Eigen::Matrix<int, 2, 1>; Scalar = int][m[K[m[K’
[2.405s]   875 |     EIGEN_STRONG_INLINE void [01;36m[K_init1[m[K(const Scalar* data){
[2.405s]       |                              [01;36m[K^~~~~~[m[K
[2.405s] [01m[K/usr/include/eigen3/Eigen/src/Core/PlainObjectBase.h:875:51:[m[K [01;36m[Knote: [m[K  no known conversion for argument 1 from ‘[01m[Kconst cv::Vec<int, 2>[m[K’ to ‘[01m[Kconst Eigen::PlainObjectBase<Eigen::Matrix<int, 2, 1> >::Scalar*[m[K’ {aka ‘[01m[Kconst int*[m[K’}
[2.405s]   875 |     EIGEN_STRONG_INLINE void _init1([01;36m[Kconst Scalar* data[m[K){
[2.405s]       |                                     [01;36m[K~~~~~~~~~~~~~~^~~~[m[K
[2.405s] [01m[K/usr/include/eigen3/Eigen/src/Core/PlainObjectBase.h:882:30:[m[K [01;36m[Knote: [m[Kcandidate: ‘[01m[Ktemplate<class T, class OtherDerived> void Eigen::PlainObjectBase<Derived>::[01;32m[K_init1[m[K(const Eigen::DenseBase<ElseDerived>&) [35m[K[with OtherDerived = T; Derived = Eigen::Matrix<int, 2, 1>][m[K[m[K’
[2.405s]   882 |     EIGEN_STRONG_INLINE void [01;36m[K_init1[m[K(const DenseBase<OtherDerived>& other){
[2.405s]       |                              [01;36m[K^~~~~~[m[K
[2.405s] [01m[K/usr/include/eigen3/Eigen/src/Core/PlainObjectBase.h:882:30:[m[K [01;36m[Knote: [m[K  template argument deduction/substitution failed:
[2.405s] [01m[K/usr/include/eigen3/Eigen/src/Core/Matrix.h:332:31:[m[K [01;36m[Knote: [m[K  ‘[01m[Kconst cv::Vec<int, 2>[m[K’ is not derived from ‘[01m[Kconst Eigen::DenseBase<Derived>[m[K’
[2.405s]   332 |       [01;36m[KBase::template _init1<T>(x)[m[K;
[2.406s]       |       [01;36m[K~~~~~~~~~~~~~~~~~~~~~~~~^~~[m[K
[2.406s] [01m[K/usr/include/eigen3/Eigen/src/Core/PlainObjectBase.h:889:30:[m[K [01;36m[Knote: [m[Kcandidate: ‘[01m[Kvoid Eigen::PlainObjectBase<Derived>::[01;32m[K_init1[m[K(const Derived&) [35m[K[with T = cv::Vec<int, 2>; Derived = Eigen::Matrix<int, 2, 1>][m[K[m[K’
[2.406s]   889 |     EIGEN_STRONG_INLINE void [01;36m[K_init1[m[K(const Derived& other){
[2.406s]       |                              [01;36m[K^~~~~~[m[K
[2.406s] [01m[K/usr/include/eigen3/Eigen/src/Core/PlainObjectBase.h:889:52:[m[K [01;36m[Knote: [m[K  no known conversion for argument 1 from ‘[01m[Kconst cv::Vec<int, 2>[m[K’ to ‘[01m[Kconst Eigen::Matrix<int, 2, 1>&[m[K’
[2.406s]   889 |     EIGEN_STRONG_INLINE void _init1([01;36m[Kconst Derived& other[m[K){
[2.406s]       |                                     [01;36m[K~~~~~~~~~~~~~~~^~~~~[m[K
[2.406s] [01m[K/usr/include/eigen3/Eigen/src/Core/PlainObjectBase.h:896:30:[m[K [01;36m[Knote: [m[Kcandidate: ‘[01m[Ktemplate<class T, class OtherDerived> void Eigen::PlainObjectBase<Derived>::[01;32m[K_init1[m[K(const Eigen::EigenBase<OtherDerived>&) [35m[K[with OtherDerived = T; Derived = Eigen::Matrix<int, 2, 1>][m[K[m[K’
[2.406s]   896 |     EIGEN_STRONG_INLINE void [01;36m[K_init1[m[K(const EigenBase<OtherDerived>& other){
[2.406s]       |                              [01;36m[K^~~~~~[m[K
[2.406s] [01m[K/usr/include/eigen3/Eigen/src/Core/PlainObjectBase.h:896:30:[m[K [01;36m[Knote: [m[K  template argument deduction/substitution failed:
[2.406s] [01m[K/usr/include/eigen3/Eigen/src/Core/Matrix.h:332:31:[m[K [01;36m[Knote: [m[K  ‘[01m[Kconst cv::Vec<int, 2>[m[K’ is not derived from ‘[01m[Kconst Eigen::EigenBase<OtherDerived>[m[K’
[2.406s]   332 |       [01;36m[KBase::template _init1<T>(x)[m[K;
[2.406s]       |       [01;36m[K~~~~~~~~~~~~~~~~~~~~~~~~^~~[m[K
[2.407s] [01m[K/usr/include/eigen3/Eigen/src/Core/PlainObjectBase.h:902:30:[m[K [01;36m[Knote: [m[Kcandidate: ‘[01m[Ktemplate<class T, class OtherDerived> void Eigen::PlainObjectBase<Derived>::[01;32m[K_init1[m[K(const Eigen::ReturnByValue<OtherDerived>&) [35m[K[with OtherDerived = T; Derived = Eigen::Matrix<int, 2, 1>][m[K[m[K’
[2.407s]   902 |     EIGEN_STRONG_INLINE void [01;36m[K_init1[m[K(const ReturnByValue<OtherDerived>& other)
[2.407s]       |                              [01;36m[K^~~~~~[m[K
[2.407s] [01m[K/usr/include/eigen3/Eigen/src/Core/PlainObjectBase.h:902:30:[m[K [01;36m[Knote: [m[K  template argument deduction/substitution failed:
[2.407s] [01m[K/usr/include/eigen3/Eigen/src/Core/Matrix.h:332:31:[m[K [01;36m[Knote: [m[K  ‘[01m[Kconst cv::Vec<int, 2>[m[K’ is not derived from ‘[01m[Kconst Eigen::ReturnByValue<OtherDerived>[m[K’
[2.407s]   332 |       [01;36m[KBase::template _init1<T>(x)[m[K;
[2.407s]       |       [01;36m[K~~~~~~~~~~~~~~~~~~~~~~~~^~~[m[K
[2.407s] [01m[K/usr/include/eigen3/Eigen/src/Core/PlainObjectBase.h:910:30:[m[K [01;36m[Knote: [m[Kcandidate: ‘[01m[Ktemplate<class T, class OtherDerived, int ColsAtCompileTime> void Eigen::PlainObjectBase<Derived>::[01;32m[K_init1[m[K(const Eigen::RotationBase<OtherDerived, ColsAtCompileTime>&) [35m[K[with OtherDerived = T; int ColsAtCompileTime = OtherDerived; Derived = Eigen::Matrix<int, 2, 1>][m[K[m[K’
[2.407s]   910 |     EIGEN_STRONG_INLINE void [01;36m[K_init1[m[K(const RotationBase<OtherDerived,ColsAtCompileTime>& r)
[2.407s]       |                              [01;36m[K^~~~~~[m[K
[2.407s] [01m[K/usr/include/eigen3/Eigen/src/Core/PlainObjectBase.h:910:30:[m[K [01;36m[Knote: [m[K  template argument deduction/substitution failed:
[2.407s] [01m[K/usr/include/eigen3/Eigen/src/Core/Matrix.h:332:31:[m[K [01;36m[Knote: [m[K  ‘[01m[Kconst cv::Vec<int, 2>[m[K’ is not derived from ‘[01m[Kconst Eigen::RotationBase<OtherDerived, ColsAtCompileTime>[m[K’
[2.408s]   332 |       [01;36m[KBase::template _init1<T>(x)[m[K;
[2.408s]       |       [01;36m[K~~~~~~~~~~~~~~~~~~~~~~~~^~~[m[K
[2.408s] [01m[K/usr/include/eigen3/Eigen/src/Core/PlainObjectBase.h:918:30:[m[K [01;36m[Knote: [m[Kcandidate: ‘[01m[Ktemplate<class T> void Eigen::PlainObjectBase<Derived>::[01;32m[K_init1[m[K(const Scalar&, typename Eigen::internal::enable_if<((((typename Eigen::internal::dense_xpr_base<Derived>::type::SizeAtCompileTime != Eigen::Dynamic) && (typename Eigen::internal::dense_xpr_base<Derived>::type::SizeAtCompileTime != 1)) && std::is_convertible<T, typename Eigen::internal::traits<T>::Scalar>::value) && Eigen::internal::is_same<typename Eigen::internal::traits<T>::XprKind, Eigen::ArrayXpr>::value), T>::type*) [35m[K[with Derived = Eigen::Matrix<int, 2, 1>][m[K[m[K’
[2.408s]   918 |     EIGEN_STRONG_INLINE void [01;36m[K_init1[m[K(const Scalar& val0,
[2.408s]       |                              [01;36m[K^~~~~~[m[K
[2.408s] [01m[K/usr/include/eigen3/Eigen/src/Core/PlainObjectBase.h:918:30:[m[K [01;36m[Knote: [m[K  template argument deduction/substitution failed:
[2.408s] /usr/include/eigen3/Eigen/src/Core/PlainObjectBase.h: In substitution of ‘[01m[Ktemplate<class T> void Eigen::PlainObjectBase<Eigen::Matrix<int, 2, 1> >::[01;32m[K_init1[m[K(const Scalar&, typename Eigen::internal::enable_if<((((Eigen::MatrixBase<Eigen::Matrix<int, 2, 1> >::SizeAtCompileTime != Eigen::Dynamic) && (Eigen::MatrixBase<Eigen::Matrix<int, 2, 1> >::SizeAtCompileTime != 1)) && std::is_convertible<_Iter, int>::value) && Eigen::internal::is_same<Eigen::MatrixXpr, Eigen::ArrayXpr>::value), T>::type*) [35m[K[with T = cv::Vec<int, 2>][m[K[m[K’:
[2.408s] [01m[K/usr/include/eigen3/Eigen/src/Core/Matrix.h:332:31:[m[K   required from ‘[01m[KEigen::Matrix<_Scalar, _Rows, _Cols, _Options, _MaxRows, _MaxCols>::[01;32m[KMatrix[m[K(const T&) [35m[K[with T = cv::Vec<int, 2>; _Scalar = int; int _Rows = 2; int _Cols = 1; int _Options = 0; int _MaxRows = 2; int _MaxCols = 1][m[K[m[K’
[2.408s] [01m[K/usr/include/c++/13/bits/new_allocator.h:191:4:[m[K   required from ‘[01m[Kvoid std::__new_allocator<_Tp>::[01;32m[Kconstruct[m[K(_Up*, _Args&& ...) [35m[K[with _Up = Eigen::Matrix<int, 2, 1>; _Args = {cv::Vec<int, 2>}; _Tp = Eigen::Matrix<int, 2, 1>][m[K[m[K’
[2.408s] [01m[K/usr/include/c++/13/bits/alloc_traits.h:538:17:[m[K   required from ‘[01m[Kstatic void std::allocator_traits<std::allocator<_CharT> >::[01;32m[Kconstruct[m[K(allocator_type&, _Up*, _Args&& ...) [35m[K[with _Up = Eigen::Matrix<int, 2, 1>; _Args = {cv::Vec<int, 2>}; _Tp = Eigen::Matrix<int, 2, 1>; allocator_type = std::allocator<Eigen::Matrix<int, 2, 1> >][m[K[m[K’
[2.408s] [01m[K/usr/include/c++/13/bits/vector.tcc:117:30:[m[K   required from ‘[01m[Kstd::vector<_Tp, _Alloc>::reference std::vector<_Tp, _Alloc>::[01;32m[Kemplace_back[m[K(_Args&& ...) [35m[K[with _Args = {cv::Vec<int, 2>}; _Tp = Eigen::Matrix<int, 2, 1>; _Alloc = std::allocator<Eigen::Matrix<int, 2, 1> >; reference = Eigen::Matrix<int, 2, 1>&][m[K[m[K’
[2.409s] [01m[K/home/john/Desktop/rp_ros2_rviz/src/grid_map.cpp:108:37:[m[K   required from here
[2.409s] [01m[K/usr/include/eigen3/Eigen/src/Core/PlainObjectBase.h:918:30:[m[K [01;31m[Kerror: [m[Kinvalid use of incomplete type ‘[01m[Kstruct Eigen::internal::enable_if<false, cv::Vec<int, 2> >[m[K’
[2.409s] [01m[K/usr/include/eigen3/Eigen/src/Core/util/Meta.h:273:50:[m[K [01;36m[Knote: [m[Kdeclaration of ‘[01m[Kstruct Eigen::internal::enable_if<false, cv::Vec<int, 2> >[m[K’
[2.409s]   273 | template<bool Condition, typename T=void> struct [01;36m[Kenable_if[m[K;
[2.409s]       |                                                  [01;36m[K^~~~~~~~~[m[K
[2.409s] /usr/include/eigen3/Eigen/src/Core/Matrix.h: In instantiation of ‘[01m[KEigen::Matrix<_Scalar, _Rows, _Cols, _Options, _MaxRows, _MaxCols>::[01;32m[KMatrix[m[K(const T&) [35m[K[with T = cv::Vec<int, 2>; _Scalar = int; int _Rows = 2; int _Cols = 1; int _Options = 0; int _MaxRows = 2; int _MaxCols = 1][m[K[m[K’:
[2.409s] [01m[K/usr/include/c++/13/bits/new_allocator.h:191:4:[m[K   required from ‘[01m[Kvoid std::__new_allocator<_Tp>::[01;32m[Kconstruct[m[K(_Up*, _Args&& ...) [35m[K[with _Up = Eigen::Matrix<int, 2, 1>; _Args = {cv::Vec<int, 2>}; _Tp = Eigen::Matrix<int, 2, 1>][m[K[m[K’
[2.409s] [01m[K/usr/include/c++/13/bits/alloc_traits.h:538:17:[m[K   required from ‘[01m[Kstatic void std::allocator_traits<std::allocator<_CharT> >::[01;32m[Kconstruct[m[K(allocator_type&, _Up*, _Args&& ...) [35m[K[with _Up = Eigen::Matrix<int, 2, 1>; _Args = {cv::Vec<int, 2>}; _Tp = Eigen::Matrix<int, 2, 1>; allocator_type = std::allocator<Eigen::Matrix<int, 2, 1> >][m[K[m[K’
[2.409s] [01m[K/usr/include/c++/13/bits/vector.tcc:117:30:[m[K   required from ‘[01m[Kstd::vector<_Tp, _Alloc>::reference std::vector<_Tp, _Alloc>::[01;32m[Kemplace_back[m[K(_Args&& ...) [35m[K[with _Args = {cv::Vec<int, 2>}; _Tp = Eigen::Matrix<int, 2, 1>; _Alloc = std::allocator<Eigen::Matrix<int, 2, 1> >; reference = Eigen::Matrix<int, 2, 1>&][m[K[m[K’
[2.409s] [01m[K/home/john/Desktop/rp_ros2_rviz/src/grid_map.cpp:108:37:[m[K   required from here
[2.409s] [01m[K/usr/include/eigen3/Eigen/src/Core/PlainObjectBase.h:930:30:[m[K [01;36m[Knote: [m[Kcandidate: ‘[01m[Ktemplate<class T> void Eigen::PlainObjectBase<Derived>::[01;32m[K_init1[m[K(const Eigen::Index&, typename Eigen::internal::enable_if<((((((! Eigen::internal::is_same<long int, typename Eigen::internal::traits<T>::Scalar>::value) && Eigen::internal::is_same<long int, T>::value) && (typename Eigen::internal::dense_xpr_base<Derived>::type::SizeAtCompileTime != Eigen::Dynamic)) && (typename Eigen::internal::dense_xpr_base<Derived>::type::SizeAtCompileTime != 1)) && std::is_convertible<T, typename Eigen::internal::traits<T>::Scalar>::value) && Eigen::internal::is_same<typename Eigen::internal::traits<T>::XprKind, Eigen::ArrayXpr>::value), T*>::type*) [35m[K[with Derived = Eigen::Matrix<int, 2, 1>][m[K[m[K’
[2.409s]   930 |     EIGEN_STRONG_INLINE void [01;36m[K_init1[m[K(const Index& val0,
[2.409s]       |                              [01;36m[K^~~~~~[m[K
[2.409s] [01m[K/usr/include/eigen3/Eigen/src/Core/PlainObjectBase.h:930:30:[m[K [01;36m[Knote: [m[K  template argument deduction/substitution failed:
[2.410s] /usr/include/eigen3/Eigen/src/Core/PlainObjectBase.h: In substitution of ‘[01m[Ktemplate<class T> void Eigen::PlainObjectBase<Eigen::Matrix<int, 2, 1> >::[01;32m[K_init1[m[K(const Eigen::Index&, typename Eigen::internal::enable_if<((((((! Eigen::internal::is_same<long int, int>::value) && Eigen::internal::is_same<long int, T>::value) && (Eigen::MatrixBase<Eigen::Matrix<int, 2, 1> >::SizeAtCompileTime != Eigen::Dynamic)) && (Eigen::MatrixBase<Eigen::Matrix<int, 2, 1> >::SizeAtCompileTime != 1)) && std::is_convertible<_Iter, int>::value) && Eigen::internal::is_same<Eigen::MatrixXpr, Eigen::ArrayXpr>::value), T*>::type*) [35m[K[with T = cv::Vec<int, 2>][m[K[m[K’:
[2.410s] [01m[K/usr/include/eigen3/Eigen/src/Core/Matrix.h:332:31:[m[K   required from ‘[01m[KEigen::Matrix<_Scalar, _Rows, _Cols, _Options, _MaxRows, _MaxCols>::[01;32m[KMatrix[m[K(const T&) [35m[K[with T = cv::Vec<int, 2>; _Scalar = int; int _Rows = 2; int _Cols = 1; int _Options = 0; int _MaxRows = 2; int _MaxCols = 1][m[K[m[K’
[2.410s] [01m[K/usr/include/c++/13/bits/new_allocator.h:191:4:[m[K   required from ‘[01m[Kvoid std::__new_allocator<_Tp>::[01;32m[Kconstruct[m[K(_Up*, _Args&& ...) [35m[K[with _Up = Eigen::Matrix<int, 2, 1>; _Args = {cv::Vec<int, 2>}; _Tp = Eigen::Matrix<int, 2, 1>][m[K[m[K’
[2.410s] [01m[K/usr/include/c++/13/bits/alloc_traits.h:538:17:[m[K   required from ‘[01m[Kstatic void std::allocator_traits<std::allocator<_CharT> >::[01;32m[Kconstruct[m[K(allocator_type&, _Up*, _Args&& ...) [35m[K[with _Up = Eigen::Matrix<int, 2, 1>; _Args = {cv::Vec<int, 2>}; _Tp = Eigen::Matrix<int, 2, 1>; allocator_type = std::allocator<Eigen::Matrix<int, 2, 1> >][m[K[m[K’
[2.410s] [01m[K/usr/include/c++/13/bits/vector.tcc:117:30:[m[K   required from ‘[01m[Kstd::vector<_Tp, _Alloc>::reference std::vector<_Tp, _Alloc>::[01;32m[Kemplace_back[m[K(_Args&& ...) [35m[K[with _Args = {cv::Vec<int, 2>}; _Tp = Eigen::Matrix<int, 2, 1>; _Alloc = std::allocator<Eigen::Matrix<int, 2, 1> >; reference = Eigen::Matrix<int, 2, 1>&][m[K[m[K’
[2.410s] [01m[K/home/john/Desktop/rp_ros2_rviz/src/grid_map.cpp:108:37:[m[K   required from here
[2.410s] [01m[K/usr/include/eigen3/Eigen/src/Core/PlainObjectBase.h:930:30:[m[K [01;31m[Kerror: [m[Kinvalid use of incomplete type ‘[01m[Kstruct Eigen::internal::enable_if<false, cv::Vec<int, 2>*>[m[K’
[2.410s] [01m[K/usr/include/eigen3/Eigen/src/Core/util/Meta.h:273:50:[m[K [01;36m[Knote: [m[Kdeclaration of ‘[01m[Kstruct Eigen::internal::enable_if<false, cv::Vec<int, 2>*>[m[K’
[2.410s]   273 | template<bool Condition, typename T=void> struct [01;36m[Kenable_if[m[K;
[2.410s]       |                                                  [01;36m[K^~~~~~~~~[m[K
[2.561s] gmake[2]: *** [CMakeFiles/world_node.dir/build.make:104: CMakeFiles/world_node.dir/src/grid_map.cpp.o] Error 1
[2.562s] gmake[1]: *** [CMakeFiles/Makefile2:165: CMakeFiles/world_node.dir/all] Error 2
[2.562s] gmake: *** [Makefile:146: all] Error 2
[2.568s] Invoked command in '/home/john/Desktop/rp_ros2_rviz/build/rp_ros2_rviz' returned '2': CMAKE_PREFIX_PATH=${CMAKE_PREFIX_PATH}:/opt/ros/jazzy DEBUGINFOD_URLS=https://debuginfod.ubuntu.com /usr/bin/cmake --build /home/john/Desktop/rp_ros2_rviz/build/rp_ros2_rviz -- -j4 -l4
