[0.024s] Invoking command in '/home/john/Desktop/rp_ros2_rviz/build/rp_ros2_rviz': CMAKE_PREFIX_PATH=${CMAKE_PREFIX_PATH}:/opt/ros/jazzy DEBUGINFOD_URLS=https://debuginfod.ubuntu.com /usr/bin/cmake --build /home/john/Desktop/rp_ros2_rviz/build/rp_ros2_rviz -- -j4 -l4
[0.124s] -- Found ament_cmake: 2.5.3 (/opt/ros/jazzy/share/ament_cmake/cmake)
[0.490s] -- Found rclcpp: 28.1.6 (/opt/ros/jazzy/share/rclcpp/cmake)
[0.617s] -- Found rosidl_generator_c: 4.6.5 (/opt/ros/jazzy/share/rosidl_generator_c/cmake)
[0.644s] -- Found rosidl_generator_cpp: 4.6.5 (/opt/ros/jazzy/share/rosidl_generator_cpp/cmake)
[0.702s] -- Using all available rosidl_typesupport_c: rosidl_typesupport_fastrtps_c;rosidl_typesupport_introspection_c
[0.739s] -- Using all available rosidl_typesupport_cpp: rosidl_typesupport_fastrtps_cpp;rosidl_typesupport_introspection_cpp
[0.879s] -- Found rmw_implementation_cmake: 7.3.1 (/opt/ros/jazzy/share/rmw_implementation_cmake/cmake)
[0.885s] -- Found rmw_fastrtps_cpp: 8.4.1 (/opt/ros/jazzy/share/rmw_fastrtps_cpp/cmake)
[1.010s] -- Using RMW implementation 'rmw_fastrtps_cpp' as default
[1.152s] -- Found std_msgs: 5.3.5 (/opt/ros/jazzy/share/std_msgs/cmake)
[1.181s] -- Found geometry_msgs: 5.3.5 (/opt/ros/jazzy/share/geometry_msgs/cmake)
[1.228s] -- Found ament_lint_auto: 0.17.1 (/opt/ros/jazzy/share/ament_lint_auto/cmake)
[1.607s] -- Added test 'cppcheck' to perform static code analysis on C / C++ code
[1.607s] -- Configured cppcheck include dirs: /home/john/Desktop/rp_ros2_rviz/include;/home/john/Desktop/rp_ros2_rviz/msg
[1.607s] -- Configured cppcheck exclude dirs and/or files: 
[1.617s] -- Added test 'flake8' to check Python code syntax and style conventions
[1.617s] -- Configured 'flake8' exclude dirs and/or files: 
[1.642s] -- Added test 'lint_cmake' to check CMake code style
[1.652s] -- Added test 'pep257' to check Python code against some of the docstring style conventions in PEP 257
[1.737s] -- Added test 'uncrustify' to check C / C++ code style
[1.737s] -- Configured uncrustify additional arguments: 
[1.749s] -- Added test 'xmllint' to check XML markup files
[1.753s] -- Configuring done (1.7s)
[1.810s] -- Generating done (0.0s)
[1.820s] -- Build files have been written to: /home/john/Desktop/rp_ros2_rviz/build/rp_ros2_rviz
[1.903s] [ 22%] [32mBuilding CXX object CMakeFiles/world_node.dir/src/control_robot.cpp.o[0m
[1.904s] [ 22%] [32mBuilding CXX object CMakeFiles/world_node.dir/src/world_node.cpp.o[0m
[4.651s] [01m[K/home/john/Desktop/rp_ros2_rviz/src/control_robot.cpp:[m[K In member function ‘[01m[Kvoid ControlNode::[01;32m[KcontrolLoop[m[K()[m[K’:
[4.651s] [01m[K/home/john/Desktop/rp_ros2_rviz/src/control_robot.cpp:17:22:[m[K [01;31m[Kerror: [m[K‘[01m[Kcv[m[K’ has not been declared
[4.651s]    17 |             int key =[01;31m[Kcv[m[K::waitKey(0);
[4.651s]       |                      [01;31m[K^~[m[K
[5.575s] gmake[2]: *** [CMakeFiles/world_node.dir/build.make:174: CMakeFiles/world_node.dir/src/control_robot.cpp.o] Error 1
[5.575s] gmake[2]: *** Waiting for unfinished jobs....
[5.630s] [01m[K/home/john/Desktop/rp_ros2_rviz/src/world_node.cpp:[m[K In constructor ‘[01m[KWorldNode::[01;32m[KWorldNode[m[K()[m[K’:
[5.630s] [01m[K/home/john/Desktop/rp_ros2_rviz/src/world_node.cpp:28:20:[m[K [01;35m[Kwarning: [m[Kunused variable ‘[01m[Klid[m[K’ [[01;35m[K]8;;https://gcc.gnu.org/onlinedocs/gcc/Warning-Options.html#index-Wunused-variable-Wunused-variable]8;;[m[K]
[5.630s]    28 |             Lidar* [01;35m[Klid[m[K = new Lidar(scan, ddr);
[5.630s]       |                    [01;35m[K^~~[m[K
[10.201s] gmake[1]: *** [CMakeFiles/Makefile2:137: CMakeFiles/world_node.dir/all] Error 2
[10.201s] gmake: *** [Makefile:146: all] Error 2
[10.230s] Invoked command in '/home/john/Desktop/rp_ros2_rviz/build/rp_ros2_rviz' returned '2': CMAKE_PREFIX_PATH=${CMAKE_PREFIX_PATH}:/opt/ros/jazzy DEBUGINFOD_URLS=https://debuginfod.ubuntu.com /usr/bin/cmake --build /home/john/Desktop/rp_ros2_rviz/build/rp_ros2_rviz -- -j4 -l4
