[0.010s] Invoking command in '/home/john/Desktop/rp_ros2_rviz/build/rp_ros2_rviz': CMAKE_PREFIX_PATH=${CMAKE_PREFIX_PATH}:/opt/ros/jazzy DEBUGINFOD_URLS=https://debuginfod.ubuntu.com /usr/bin/cmake --build /home/john/Desktop/rp_ros2_rviz/build/rp_ros2_rviz -- -j4 -l4
[0.091s] [ 22%] Built target listener_node
[0.101s] [ 44%] Built target canvas_node
[0.107s] [ 55%] [32mBuilding CXX object CMakeFiles/world_node.dir/src/world_node.cpp.o[0m
[0.108s] [ 66%] [32mBuilding CXX object CMakeFiles/world_node.dir/src/grid_map.cpp.o[0m
[1.495s] [01m[K/home/john/Desktop/rp_ros2_rviz/src/grid_map.cpp:[m[K In member function ‘[01m[Kvirtual void GridMap::[01;32m[Kdraw[m[K(Canvas&) const[m[K’:
[1.495s] [01m[K/home/john/Desktop/rp_ros2_rviz/src/grid_map.cpp:80:9:[m[K [01;35m[Kwarning: [m[Kvariable ‘[01m[Kt[m[K’ set but not used [[01;35m[K]8;;https://gcc.gnu.org/onlinedocs/gcc/Warning-Options.html#index-Wunused-but-set-variable-Wunused-but-set-variable]8;;[m[K]
[1.495s]    80 |   Vec2f [01;35m[Kt[m[K=_piw.t*(1./dest.resolution);
[1.495s]       |         [01;35m[K^[m[K
[1.505s] [01m[K/home/john/Desktop/rp_ros2_rviz/src/grid_map.cpp:[m[K In member function ‘[01m[Kvoid GridMap::[01;32m[KprintGridMap[m[K() const[m[K’:
[1.505s] [01m[K/home/john/Desktop/rp_ros2_rviz/src/grid_map.cpp:96:23:[m[K [01;31m[Kerror: [m[K‘[01m[KgetValue[m[K’ was not declared in this scope
[1.506s]    96 |           int value = [01;31m[KgetValue[m[K(r, c);  // O usa cv_image per ottenere i valori
[1.506s]       |                       [01;31m[K^~~~~~~~[m[K
[1.790s] gmake[2]: *** [CMakeFiles/world_node.dir/build.make:104: CMakeFiles/world_node.dir/src/grid_map.cpp.o] Error 1
[1.790s] gmake[2]: *** Waiting for unfinished jobs....
[2.768s] [01m[K/home/john/Desktop/rp_ros2_rviz/src/world_node.cpp:[m[K In member function ‘[01m[Kvoid WorldNode::[01;32m[KloadGridMapCallback[m[K(std_msgs::msg::String_<std::allocator<void> >::SharedPtr)[m[K’:
[2.768s] [01m[K/home/john/Desktop/rp_ros2_rviz/src/world_node.cpp:34:13:[m[K [01;31m[Kerror: [m[K‘[01m[Kgrid_map[m[K’ is not a class, namespace, or enumeration
[2.768s]    34 |             [01;31m[Kgrid_map[m[K::printGridMap();
[2.768s]       |             [01;31m[K^~~~~~~~[m[K
[2.768s] [01m[K/home/john/Desktop/rp_ros2_rviz/src/world_node.cpp:33:22:[m[K [01;35m[Kwarning: [m[Kunused variable ‘[01m[Kgrid_map[m[K’ [[01;35m[K]8;;https://gcc.gnu.org/onlinedocs/gcc/Warning-Options.html#index-Wunused-variable-Wunused-variable]8;;[m[K]
[2.768s]    33 |             GridMap* [01;35m[Kgrid_map[m[K = new GridMap(image_path.c_str(), 0.1, world_.get(), Isometry2f(0, 10, 0.3));
[2.769s]       |                      [01;35m[K^~~~~~~~[m[K
[4.527s] gmake[2]: *** [CMakeFiles/world_node.dir/build.make:76: CMakeFiles/world_node.dir/src/world_node.cpp.o] Error 1
[4.529s] gmake[1]: *** [CMakeFiles/Makefile2:193: CMakeFiles/world_node.dir/all] Error 2
[4.529s] gmake: *** [Makefile:146: all] Error 2
[4.534s] Invoked command in '/home/john/Desktop/rp_ros2_rviz/build/rp_ros2_rviz' returned '2': CMAKE_PREFIX_PATH=${CMAKE_PREFIX_PATH}:/opt/ros/jazzy DEBUGINFOD_URLS=https://debuginfod.ubuntu.com /usr/bin/cmake --build /home/john/Desktop/rp_ros2_rviz/build/rp_ros2_rviz -- -j4 -l4
