[0.007s] Invoking command in '/home/john/Desktop/rp_ros2_rviz/build/rp_ros2_rviz': CMAKE_PREFIX_PATH=${CMAKE_PREFIX_PATH}:/opt/ros/foxy /usr/bin/cmake --build /home/john/Desktop/rp_ros2_rviz/build/rp_ros2_rviz -- -j4 -l4
[0.049s] [35m[1mScanning dependencies of target pathplanner_node[0m
[0.071s] [  4%] [32mBuilding CXX object CMakeFiles/controller_node.dir/src/controller_node.cpp.o[0m
[0.082s] [  8%] [32mBuilding CXX object CMakeFiles/world_node.dir/src/world_node.cpp.o[0m
[0.087s] [ 28%] Built target particle_node_filter
[0.105s] [ 32%] [32mBuilding CXX object CMakeFiles/pathplanner_node.dir/src/pathplanner_node.cpp.o[0m
[0.177s] [ 52%] Built target mapserver
[1.892s] In file included from [01m[K/home/john/Desktop/rp_ros2_rviz/src/pathplanner_node.cpp:1[m[K:
[1.892s] [01m[K/home/john/Desktop/rp_ros2_rviz/include/rp_ros2_rviz/pathplanner.h:21:88:[m[K [01;31m[Kerror: [m[KISO C++ forbids declaration of ‘[01m[KPathPlannerNode[m[K’ with no type [[01;31m[K-fpermissive[m[K]
[1.892s]    21 |     explicit PathPlannerNode(const rclcpp::NodeOptions& options = rclcpp::NodeOptions()[01;31m[K)[m[K;
[1.892s]       |                                                                                        [01;31m[K^[m[K
[1.892s] [01m[K/home/john/Desktop/rp_ros2_rviz/include/rp_ros2_rviz/pathplanner.h:21:5:[m[K [01;31m[Kerror: [m[Konly declarations of constructors and conversion operators can be ‘[01m[Kexplicit[m[K’
[1.892s]    21 |     [01;31m[Kexplicit[m[K PathPlannerNode(const rclcpp::NodeOptions& options = rclcpp::NodeOptions());
[1.892s]       |     [01;31m[K^~~~~~~~[m[K
[1.892s] In file included from [01m[K/home/john/Desktop/rp_ros2_rviz/src/pathplanner_node.cpp:1[m[K:
[1.892s] [01m[K/home/john/Desktop/rp_ros2_rviz/include/rp_ros2_rviz/pathplanner.h:35:11:[m[K [01;31m[Kerror: [m[Kdeclaration of ‘[01m[Kusing Vector2iVector = class std::vector<Eigen::Matrix<int, 2, 1> >[m[K’ changes meaning of ‘[01m[KVector2iVector[m[K’ [[01;31m[K-fpermissive[m[K]
[1.892s]    35 |     using [01;31m[KVector2iVector[m[K = std::vector<Vector2i>;
[1.892s]       |           [01;31m[K^~~~~~~~~~~~~~[m[K
[1.892s] In file included from [01m[K/home/john/Desktop/rp_ros2_rviz/include/rp_ros2_rviz/dmap_planner.h:4[m[K,
[1.892s]                  from [01m[K/home/john/Desktop/rp_ros2_rviz/include/rp_ros2_rviz/pathplanner.h:8[m[K,
[1.892s]                  from [01m[K/home/john/Desktop/rp_ros2_rviz/src/pathplanner_node.cpp:1[m[K:
[1.892s] [01m[K/home/john/Desktop/rp_ros2_rviz/include/rp_ros2_rviz/dmap.h:17:7:[m[K [01;36m[Knote: [m[K‘[01m[KVector2iVector[m[K’ declared here as ‘[01m[Kusing Vector2iVector = class std::vector<Eigen::Matrix<int, 2, 1> >[m[K’
[1.892s]    17 | using [01;36m[KVector2iVector[m[K = std::vector<Vector2i>;
[1.892s]       |       [01;36m[K^~~~~~~~~~~~~~[m[K
[1.933s] [01m[K/home/john/Desktop/rp_ros2_rviz/src/pathplanner_node.cpp:3:64:[m[K [01;31m[Kerror: [m[KISO C++ forbids declaration of ‘[01m[KPathPlannerNode[m[K’ with no type [[01;31m[K-fpermissive[m[K]
[1.933s]     3 | PathPlanner::PathPlannerNode(const rclcpp::NodeOptions& options[01;31m[K)[m[K
[1.933s]       |                                                                [01;31m[K^[m[K
[1.933s] [01m[K/home/john/Desktop/rp_ros2_rviz/src/pathplanner_node.cpp:[m[K In member function ‘[01m[Kint PathPlanner::PathPlannerNode(const rclcpp::NodeOptions&)[m[K’:
[1.934s] [01m[K/home/john/Desktop/rp_ros2_rviz/src/pathplanner_node.cpp:4:3:[m[K [01;31m[Kerror: [m[Konly constructors take member initializers
[1.934s]     4 | : [01;31m[KNode[m[K("pathplanner_node", options){
[1.934s]       |   [01;31m[K^~~~[m[K
[1.950s] [01m[K/home/john/Desktop/rp_ros2_rviz/src/pathplanner_node.cpp:29:5:[m[K [01;35m[Kwarning: [m[Kno return statement in function returning non-void [[01;35m[K-Wreturn-type[m[K]
[1.950s]    29 |     [01;35m[K}[m[K
[1.950s]       |     [01;35m[K^[m[K
[1.960s] In file included from [01m[K/home/john/Desktop/rp_ros2_rviz/src/world_node.cpp:1[m[K:
[1.960s] [01m[K/home/john/Desktop/rp_ros2_rviz/include/rp_ros2_rviz/world.h:77:88:[m[K [01;31m[Kerror: [m[KISO C++ forbids declaration of ‘[01m[KPathPlannerNode[m[K’ with no type [[01;31m[K-fpermissive[m[K]
[1.960s]    77 |     explicit PathPlannerNode(const rclcpp::NodeOptions& options = rclcpp::NodeOptions()[01;31m[K)[m[K;
[1.960s]       |                                                                                        [01;31m[K^[m[K
[1.960s] [01m[K/home/john/Desktop/rp_ros2_rviz/include/rp_ros2_rviz/world.h:77:5:[m[K [01;31m[Kerror: [m[Konly declarations of constructors and conversion operators can be ‘[01m[Kexplicit[m[K’
[1.960s]    77 |     [01;31m[Kexplicit[m[K PathPlannerNode(const rclcpp::NodeOptions& options = rclcpp::NodeOptions());
[1.961s]       |     [01;31m[K^~~~~~~~[m[K
[1.962s] [01m[K/home/john/Desktop/rp_ros2_rviz/src/world_node.cpp:3:1:[m[K [01;31m[Kerror: [m[Kno declaration matches ‘[01m[KWorldNode::WorldNode(const rclcpp::NodeOptions&)[m[K’
[1.962s]     3 | [01;31m[KWorldNode[m[K::WorldNode(const rclcpp::NodeOptions& options)
[1.962s]       | [01;31m[K^~~~~~~~~[m[K
[1.962s] In file included from [01m[K/home/john/Desktop/rp_ros2_rviz/src/world_node.cpp:1[m[K:
[1.962s] [01m[K/home/john/Desktop/rp_ros2_rviz/include/rp_ros2_rviz/world.h:22:7:[m[K [01;36m[Knote: [m[Kcandidates are: ‘[01m[KWorldNode::WorldNode(WorldNode&&)[m[K’
[1.962s]    22 | class [01;36m[KWorldNode[m[K : public rclcpp::Node {
[1.962s]       |       [01;36m[K^~~~~~~~~[m[K
[1.963s] [01m[K/home/john/Desktop/rp_ros2_rviz/include/rp_ros2_rviz/world.h:22:7:[m[K [01;36m[Knote: [m[K                ‘[01m[KWorldNode::WorldNode(const WorldNode&)[m[K’
[1.963s] [01m[K/home/john/Desktop/rp_ros2_rviz/include/rp_ros2_rviz/world.h:22:7:[m[K [01;36m[Knote: [m[K                ‘[01m[KWorldNode::WorldNode()[m[K’
[1.963s] [01m[K/home/john/Desktop/rp_ros2_rviz/include/rp_ros2_rviz/world.h:22:7:[m[K [01;36m[Knote: [m[K‘[01m[Kclass WorldNode[m[K’ defined here
[2.148s] In file included from [01m[K/home/john/Desktop/rp_ros2_rviz/include/rp_ros2_rviz/controller.h:10[m[K,
[2.148s]                  from [01m[K/home/john/Desktop/rp_ros2_rviz/src/controller_node.cpp:1[m[K:
[2.148s] [01m[K/home/john/Desktop/rp_ros2_rviz/include/rp_ros2_rviz/world.h:77:88:[m[K [01;31m[Kerror: [m[KISO C++ forbids declaration of ‘[01m[KPathPlannerNode[m[K’ with no type [[01;31m[K-fpermissive[m[K]
[2.148s]    77 |     explicit PathPlannerNode(const rclcpp::NodeOptions& options = rclcpp::NodeOptions()[01;31m[K)[m[K;
[2.148s]       |                                                                                        [01;31m[K^[m[K
[2.148s] [01m[K/home/john/Desktop/rp_ros2_rviz/include/rp_ros2_rviz/world.h:77:5:[m[K [01;31m[Kerror: [m[Konly declarations of constructors and conversion operators can be ‘[01m[Kexplicit[m[K’
[2.148s]    77 |     [01;31m[Kexplicit[m[K PathPlannerNode(const rclcpp::NodeOptions& options = rclcpp::NodeOptions());
[2.148s]       |     [01;31m[K^~~~~~~~[m[K
[2.148s] [01m[K/home/john/Desktop/rp_ros2_rviz/src/pathplanner_node.cpp:[m[K In function ‘[01m[Kvoid goalCallback(geometry_msgs::msg::Point_<std::allocator<void> >::SharedPtr)[m[K’:
[2.148s] [01m[K/home/john/Desktop/rp_ros2_rviz/src/pathplanner_node.cpp:33:9:[m[K [01;31m[Kerror: [m[K‘[01m[Klatest_goal_position[m[K’ was not declared in this scope
[2.148s]    33 |         [01;31m[Klatest_goal_position[m[K = Eigen::Vector2f(msg->x, msg->y);
[2.148s]       |         [01;31m[K^~~~~~~~~~~~~~~~~~~~[m[K
[2.154s] [01m[K/home/john/Desktop/rp_ros2_rviz/src/pathplanner_node.cpp:34:9:[m[K [01;31m[Kerror: [m[K‘[01m[Khas_goal_[m[K’ was not declared in this scope
[2.154s]    34 |         [01;31m[Khas_goal_[m[K = true;
[2.154s]       |         [01;31m[K^~~~~~~~~[m[K
[2.160s] [01m[K/home/john/Desktop/rp_ros2_rviz/src/pathplanner_node.cpp:36:14:[m[K [01;31m[Kerror: [m[K‘[01m[Kis_moving_[m[K’ was not declared in this scope
[2.160s]    36 |         if (![01;31m[Kis_moving_[m[K && has_robot_position_ && dmap_ready_ ) {
[2.160s]       |              [01;31m[K^~~~~~~~~~[m[K
[2.167s] [01m[K/home/john/Desktop/rp_ros2_rviz/src/pathplanner_node.cpp:36:28:[m[K [01;31m[Kerror: [m[K‘[01m[Khas_robot_position_[m[K’ was not declared in this scope
[2.167s]    36 |         if (!is_moving_ && [01;31m[Khas_robot_position_[m[K && dmap_ready_ ) {
[2.167s]       |                            [01;31m[K^~~~~~~~~~~~~~~~~~~[m[K
[2.175s] [01m[K/home/john/Desktop/rp_ros2_rviz/src/pathplanner_node.cpp:36:51:[m[K [01;31m[Kerror: [m[K‘[01m[Kdmap_ready_[m[K’ was not declared in this scope
[2.175s]    36 |         if (!is_moving_ && has_robot_position_ && [01;31m[Kdmap_ready_[m[K ) {
[2.175s]       |                                                   [01;31m[K^~~~~~~~~~~[m[K
[2.175s] In file included from [01m[K/opt/ros/foxy/include/rclcpp/service.hpp:34[m[K,
[2.175s]                  from [01m[K/opt/ros/foxy/include/rclcpp/callback_group.hpp:25[m[K,
[2.175s]                  from [01m[K/opt/ros/foxy/include/rclcpp/any_executable.hpp:20[m[K,
[2.175s]                  from [01m[K/opt/ros/foxy/include/rclcpp/memory_strategy.hpp:24[m[K,
[2.175s]                  from [01m[K/opt/ros/foxy/include/rclcpp/memory_strategies.hpp:18[m[K,
[2.175s]                  from [01m[K/opt/ros/foxy/include/rclcpp/executor_options.hpp:20[m[K,
[2.175s]                  from [01m[K/opt/ros/foxy/include/rclcpp/executor.hpp:33[m[K,
[2.175s]                  from [01m[K/opt/ros/foxy/include/rclcpp/executors/multi_threaded_executor.hpp:26[m[K,
[2.175s]                  from [01m[K/opt/ros/foxy/include/rclcpp/executors.hpp:21[m[K,
[2.175s]                  from [01m[K/opt/ros/foxy/include/rclcpp/rclcpp.hpp:146[m[K,
[2.175s]                  from [01m[K/home/john/Desktop/rp_ros2_rviz/include/rp_ros2_rviz/pathplanner.h:2[m[K,
[2.175s]                  from [01m[K/home/john/Desktop/rp_ros2_rviz/src/pathplanner_node.cpp:1[m[K:
[2.175s] [01m[K/home/john/Desktop/rp_ros2_rviz/src/pathplanner_node.cpp:38:25:[m[K [01;31m[Kerror: [m[Kinvalid use of ‘[01m[Kthis[m[K’ in non-member function
[2.175s]    38 |             RCLCPP_INFO([01;31m[Kthis[m[K->get_logger(), "Click received: (%.2f, %.2f)", latest_goal_position.x(), latest_goal_position.y());
[2.175s]       |                         [01;31m[K^~~~[m[K
[2.175s] [01m[K/home/john/Desktop/rp_ros2_rviz/src/pathplanner_node.cpp:38:25:[m[K [01;31m[Kerror: [m[Kinvalid use of ‘[01m[Kthis[m[K’ in non-member function
[2.175s] [01m[K/home/john/Desktop/rp_ros2_rviz/src/pathplanner_node.cpp:38:13:[m[K [01;31m[Kerror: [m[Ktemplate argument 1 is invalid
[2.175s]    38 |             [01;31m[KRCLCPP_INFO[m[K(this->get_logger(), "Click received: (%.2f, %.2f)", latest_goal_position.x(), latest_goal_position.y());
[2.175s]       |             [01;31m[K^~~~~~~~~~~[m[K
[2.175s] [01m[K/home/john/Desktop/rp_ros2_rviz/src/pathplanner_node.cpp:38:13:[m[K [01;31m[Kerror: [m[Ktemplate argument 1 is invalid
[2.175s]    38 |             [01;31m[KRCLCPP_INFO[m[K(this->get_logger(), "Click received: (%.2f, %.2f)", latest_goal_position.x(), latest_goal_position.y());
[2.175s]       |             [01;31m[K^~~~~~~~~~~[m[K
[2.175s] [01m[K/home/john/Desktop/rp_ros2_rviz/src/pathplanner_node.cpp:38:13:[m[K [01;31m[Kerror: [m[Ktemplate argument 1 is invalid
[2.175s]    38 |             [01;31m[KRCLCPP_INFO[m[K(this->get_logger(), "Click received: (%.2f, %.2f)", latest_goal_position.x(), latest_goal_position.y());
[2.175s]       |             [01;31m[K^~~~~~~~~~~[m[K
[2.176s] In file included from [01m[K/opt/ros/foxy/include/rclcpp/client.hpp:40[m[K,
[2.176s]                  from [01m[K/opt/ros/foxy/include/rclcpp/callback_group.hpp:23[m[K,
[2.176s]                  from [01m[K/opt/ros/foxy/include/rclcpp/any_executable.hpp:20[m[K,
[2.176s]                  from [01m[K/opt/ros/foxy/include/rclcpp/memory_strategy.hpp:24[m[K,
[2.176s]                  from [01m[K/opt/ros/foxy/include/rclcpp/memory_strategies.hpp:18[m[K,
[2.176s]                  from [01m[K/opt/ros/foxy/include/rclcpp/executor_options.hpp:20[m[K,
[2.176s]                  from [01m[K/opt/ros/foxy/include/rclcpp/executor.hpp:33[m[K,
[2.176s]                  from [01m[K/opt/ros/foxy/include/rclcpp/executors/multi_threaded_executor.hpp:26[m[K,
[2.176s]                  from [01m[K/opt/ros/foxy/include/rclcpp/executors.hpp:21[m[K,
[2.176s]                  from [01m[K/opt/ros/foxy/include/rclcpp/rclcpp.hpp:146[m[K,
[2.176s]                  from [01m[K/home/john/Desktop/rp_ros2_rviz/include/rp_ros2_rviz/pathplanner.h:2[m[K,
[2.176s]                  from [01m[K/home/john/Desktop/rp_ros2_rviz/src/pathplanner_node.cpp:1[m[K:
[2.176s] [01m[K/home/john/Desktop/rp_ros2_rviz/src/pathplanner_node.cpp:38:25:[m[K [01;31m[Kerror: [m[Kinvalid use of ‘[01m[Kthis[m[K’ in non-member function
[2.176s]    38 |             RCLCPP_INFO([01;31m[Kthis[m[K->get_logger(), "Click received: (%.2f, %.2f)", latest_goal_position.x(), latest_goal_position.y());
[2.176s]       |                         [01;31m[K^~~~[m[K
[2.176s] [01m[K/home/john/Desktop/rp_ros2_rviz/src/pathplanner_node.cpp:38:25:[m[K [01;31m[Kerror: [m[Kinvalid use of ‘[01m[Kthis[m[K’ in non-member function
[2.176s]    38 |             RCLCPP_INFO([01;31m[Kthis[m[K->get_logger(), "Click received: (%.2f, %.2f)", latest_goal_position.x(), latest_goal_position.y());
[2.176s]       |                         [01;31m[K^~~~[m[K
[2.176s] [01m[K/home/john/Desktop/rp_ros2_rviz/src/pathplanner_node.cpp:39:22:[m[K [01;31m[Kerror: [m[Kinvalid use of ‘[01m[Kthis[m[K’ in non-member function
[2.176s]    39 |             makePath([01;31m[Kthis[m[K->dmap, 0.05, 1.0,latest_goal_position);
[2.176s]       |                      [01;31m[K^~~~[m[K
[2.180s] [01m[K/home/john/Desktop/rp_ros2_rviz/src/pathplanner_node.cpp:39:13:[m[K [01;31m[Kerror: [m[K‘[01m[KmakePath[m[K’ was not declared in this scope
[2.180s]    39 |             [01;31m[KmakePath[m[K(this->dmap, 0.05, 1.0,latest_goal_position);
[2.180s]       |             [01;31m[K^~~~~~~~[m[K
[2.187s] [01m[K/home/john/Desktop/rp_ros2_rviz/src/pathplanner_node.cpp:[m[K In function ‘[01m[Kvoid robotCallback(geometry_msgs::msg::Point_<std::allocator<void> >::SharedPtr)[m[K’:
[2.187s] [01m[K/home/john/Desktop/rp_ros2_rviz/src/pathplanner_node.cpp:47:9:[m[K [01;31m[Kerror: [m[K‘[01m[Klatest_robot_position[m[K’ was not declared in this scope
[2.187s]    47 |         [01;31m[Klatest_robot_position[m[K = Eigen::Vector2f(msg->x, msg->y);
[2.187s]       |         [01;31m[K^~~~~~~~~~~~~~~~~~~~~[m[K
[2.195s] [01m[K/home/john/Desktop/rp_ros2_rviz/src/pathplanner_node.cpp:48:9:[m[K [01;31m[Kerror: [m[K‘[01m[Khas_robot_position_[m[K’ was not declared in this scope
[2.195s]    48 |         [01;31m[Khas_robot_position_[m[K = true;
[2.195s]       |         [01;31m[K^~~~~~~~~~~~~~~~~~~[m[K
[2.195s] In file included from [01m[K/opt/ros/foxy/include/rclcpp/service.hpp:34[m[K,
[2.195s]                  from [01m[K/opt/ros/foxy/include/rclcpp/callback_group.hpp:25[m[K,
[2.195s]                  from [01m[K/opt/ros/foxy/include/rclcpp/any_executable.hpp:20[m[K,
[2.195s]                  from [01m[K/opt/ros/foxy/include/rclcpp/memory_strategy.hpp:24[m[K,
[2.195s]                  from [01m[K/opt/ros/foxy/include/rclcpp/memory_strategies.hpp:18[m[K,
[2.195s]                  from [01m[K/opt/ros/foxy/include/rclcpp/executor_options.hpp:20[m[K,
[2.195s]                  from [01m[K/opt/ros/foxy/include/rclcpp/executor.hpp:33[m[K,
[2.195s]                  from [01m[K/opt/ros/foxy/include/rclcpp/executors/multi_threaded_executor.hpp:26[m[K,
[2.195s]                  from [01m[K/opt/ros/foxy/include/rclcpp/executors.hpp:21[m[K,
[2.195s]                  from [01m[K/opt/ros/foxy/include/rclcpp/rclcpp.hpp:146[m[K,
[2.195s]                  from [01m[K/home/john/Desktop/rp_ros2_rviz/include/rp_ros2_rviz/pathplanner.h:2[m[K,
[2.195s]                  from [01m[K/home/john/Desktop/rp_ros2_rviz/src/pathplanner_node.cpp:1[m[K:
[2.195s] [01m[K/home/john/Desktop/rp_ros2_rviz/src/pathplanner_node.cpp:49:21:[m[K [01;31m[Kerror: [m[Kinvalid use of ‘[01m[Kthis[m[K’ in non-member function
[2.195s]    49 |         RCLCPP_INFO([01;31m[Kthis[m[K->get_logger(), "Updated Robot Position: (%.2f, %.2f)",
[2.195s]       |                     [01;31m[K^~~~[m[K
[2.195s] [01m[K/home/john/Desktop/rp_ros2_rviz/src/pathplanner_node.cpp:49:21:[m[K [01;31m[Kerror: [m[Kinvalid use of ‘[01m[Kthis[m[K’ in non-member function
[2.195s] [01m[K/home/john/Desktop/rp_ros2_rviz/src/pathplanner_node.cpp:49:9:[m[K [01;31m[Kerror: [m[Ktemplate argument 1 is invalid
[2.195s]    49 |         [01;31m[KRCLCPP_INFO[m[K(this->get_logger(), "Updated Robot Position: (%.2f, %.2f)",
[2.195s]       |         [01;31m[K^~~~~~~~~~~[m[K
[2.195s] [01m[K/home/john/Desktop/rp_ros2_rviz/src/pathplanner_node.cpp:49:9:[m[K [01;31m[Kerror: [m[Ktemplate argument 1 is invalid
[2.195s]    49 |         [01;31m[KRCLCPP_INFO[m[K(this->get_logger(), "Updated Robot Position: (%.2f, %.2f)",
[2.195s]       |         [01;31m[K^~~~~~~~~~~[m[K
[2.195s] [01m[K/home/john/Desktop/rp_ros2_rviz/src/pathplanner_node.cpp:49:9:[m[K [01;31m[Kerror: [m[Ktemplate argument 1 is invalid
[2.195s]    49 |         [01;31m[KRCLCPP_INFO[m[K(this->get_logger(), "Updated Robot Position: (%.2f, %.2f)",
[2.195s]       |         [01;31m[K^~~~~~~~~~~[m[K
[2.196s] In file included from [01m[K/opt/ros/foxy/include/rclcpp/client.hpp:40[m[K,
[2.196s]                  from [01m[K/opt/ros/foxy/include/rclcpp/callback_group.hpp:23[m[K,
[2.196s]                  from [01m[K/opt/ros/foxy/include/rclcpp/any_executable.hpp:20[m[K,
[2.196s]                  from [01m[K/opt/ros/foxy/include/rclcpp/memory_strategy.hpp:24[m[K,
[2.196s]                  from [01m[K/opt/ros/foxy/include/rclcpp/memory_strategies.hpp:18[m[K,
[2.196s]                  from [01m[K/opt/ros/foxy/include/rclcpp/executor_options.hpp:20[m[K,
[2.196s]                  from [01m[K/opt/ros/foxy/include/rclcpp/executor.hpp:33[m[K,
[2.196s]                  from [01m[K/opt/ros/foxy/include/rclcpp/executors/multi_threaded_executor.hpp:26[m[K,
[2.196s]                  from [01m[K/opt/ros/foxy/include/rclcpp/executors.hpp:21[m[K,
[2.196s]                  from [01m[K/opt/ros/foxy/include/rclcpp/rclcpp.hpp:146[m[K,
[2.196s]                  from [01m[K/home/john/Desktop/rp_ros2_rviz/include/rp_ros2_rviz/pathplanner.h:2[m[K,
[2.196s]                  from [01m[K/home/john/Desktop/rp_ros2_rviz/src/pathplanner_node.cpp:1[m[K:
[2.196s] [01m[K/home/john/Desktop/rp_ros2_rviz/src/pathplanner_node.cpp:49:21:[m[K [01;31m[Kerror: [m[Kinvalid use of ‘[01m[Kthis[m[K’ in non-member function
[2.196s]    49 |         RCLCPP_INFO([01;31m[Kthis[m[K->get_logger(), "Updated Robot Position: (%.2f, %.2f)",
[2.196s]       |                     [01;31m[K^~~~[m[K
[2.196s] [01m[K/home/john/Desktop/rp_ros2_rviz/src/pathplanner_node.cpp:49:21:[m[K [01;31m[Kerror: [m[Kinvalid use of ‘[01m[Kthis[m[K’ in non-member function
[2.196s]    49 |         RCLCPP_INFO([01;31m[Kthis[m[K->get_logger(), "Updated Robot Position: (%.2f, %.2f)",
[2.196s]       |                     [01;31m[K^~~~[m[K
[2.201s] [01m[K/home/john/Desktop/rp_ros2_rviz/src/pathplanner_node.cpp:51:14:[m[K [01;31m[Kerror: [m[K‘[01m[Kdmap_ready_[m[K’ was not declared in this scope
[2.201s]    51 |         if (![01;31m[Kdmap_ready_[m[K) return;
[2.201s]       |              [01;31m[K^~~~~~~~~~~[m[K
[2.207s] [01m[K/home/john/Desktop/rp_ros2_rviz/src/pathplanner_node.cpp:[m[K In function ‘[01m[Kvoid mapCallback(nav_msgs::msg::OccupancyGrid_<std::allocator<void> >::SharedPtr)[m[K’:
[2.207s] [01m[K/home/john/Desktop/rp_ros2_rviz/src/pathplanner_node.cpp:55:9:[m[K [01;31m[Kerror: [m[K‘[01m[Kbool_msg[m[K’ was not declared in this scope
[2.207s]    55 |         [01;31m[Kbool_msg[m[K.data = true;
[2.207s]       |         [01;31m[K^~~~~~~~[m[K
[2.213s] [01m[K/home/john/Desktop/rp_ros2_rviz/src/pathplanner_node.cpp:56:9:[m[K [01;31m[Kerror: [m[K‘[01m[Kbool_pub_path[m[K’ was not declared in this scope
[2.213s]    56 |         [01;31m[Kbool_pub_path[m[K->publish(bool_msg);
[2.213s]       |         [01;31m[K^~~~~~~~~~~~~[m[K
[2.216s] [01m[K/home/john/Desktop/rp_ros2_rviz/src/pathplanner_node.cpp:58:13:[m[K [01;31m[Kerror: [m[K‘[01m[Ksub_[m[K’ was not declared in this scope
[2.216s]    58 |         if ([01;31m[Ksub_[m[K) {
[2.216s]       |             [01;31m[K^~~~[m[K
[2.218s] [01m[K/home/john/Desktop/rp_ros2_rviz/src/pathplanner_node.cpp:65:9:[m[K [01;31m[Kerror: [m[K‘[01m[Kdmap[m[K’ was not declared in this scope
[2.218s]    65 |         [01;31m[Kdmap[m[K =std::make_shared<DMap>(rows, cols);
[2.218s]       |         [01;31m[K^~~~[m[K
[2.218s] In file included from [01m[K/opt/ros/foxy/include/rclcpp/service.hpp:34[m[K,
[2.218s]                  from [01m[K/opt/ros/foxy/include/rclcpp/callback_group.hpp:25[m[K,
[2.218s]                  from [01m[K/opt/ros/foxy/include/rclcpp/any_executable.hpp:20[m[K,
[2.218s]                  from [01m[K/opt/ros/foxy/include/rclcpp/memory_strategy.hpp:24[m[K,
[2.218s]                  from [01m[K/opt/ros/foxy/include/rclcpp/memory_strategies.hpp:18[m[K,
[2.218s]                  from [01m[K/opt/ros/foxy/include/rclcpp/executor_options.hpp:20[m[K,
[2.218s]                  from [01m[K/opt/ros/foxy/include/rclcpp/executor.hpp:33[m[K,
[2.218s]                  from [01m[K/opt/ros/foxy/include/rclcpp/executors/multi_threaded_executor.hpp:26[m[K,
[2.218s]                  from [01m[K/opt/ros/foxy/include/rclcpp/executors.hpp:21[m[K,
[2.218s]                  from [01m[K/opt/ros/foxy/include/rclcpp/rclcpp.hpp:146[m[K,
[2.218s]                  from [01m[K/home/john/Desktop/rp_ros2_rviz/include/rp_ros2_rviz/pathplanner.h:2[m[K,
[2.218s]                  from [01m[K/home/john/Desktop/rp_ros2_rviz/src/pathplanner_node.cpp:1[m[K:
[2.218s] [01m[K/home/john/Desktop/rp_ros2_rviz/src/pathplanner_node.cpp:67:21:[m[K [01;31m[Kerror: [m[Kinvalid use of ‘[01m[Kthis[m[K’ in non-member function
[2.218s]    67 |         RCLCPP_INFO([01;31m[Kthis[m[K->get_logger(), "Getting the obstacles..");
[2.218s]       |                     [01;31m[K^~~~[m[K
[2.218s] [01m[K/home/john/Desktop/rp_ros2_rviz/src/pathplanner_node.cpp:67:21:[m[K [01;31m[Kerror: [m[Kinvalid use of ‘[01m[Kthis[m[K’ in non-member function
[2.218s] [01m[K/home/john/Desktop/rp_ros2_rviz/src/pathplanner_node.cpp:67:9:[m[K [01;31m[Kerror: [m[Ktemplate argument 1 is invalid
[2.218s]    67 |         [01;31m[KRCLCPP_INFO[m[K(this->get_logger(), "Getting the obstacles..");
[2.218s]       |         [01;31m[K^~~~~~~~~~~[m[K
[2.218s] [01m[K/home/john/Desktop/rp_ros2_rviz/src/pathplanner_node.cpp:67:9:[m[K [01;31m[Kerror: [m[Ktemplate argument 1 is invalid
[2.218s]    67 |         [01;31m[KRCLCPP_INFO[m[K(this->get_logger(), "Getting the obstacles..");
[2.218s]       |         [01;31m[K^~~~~~~~~~~[m[K
[2.219s] [01m[K/home/john/Desktop/rp_ros2_rviz/src/pathplanner_node.cpp:67:9:[m[K [01;31m[Kerror: [m[Ktemplate argument 1 is invalid
[2.219s]    67 |         [01;31m[KRCLCPP_INFO[m[K(this->get_logger(), "Getting the obstacles..");
[2.219s]       |         [01;31m[K^~~~~~~~~~~[m[K
[2.219s] In file included from [01m[K/opt/ros/foxy/include/rclcpp/client.hpp:40[m[K,
[2.219s]                  from [01m[K/opt/ros/foxy/include/rclcpp/callback_group.hpp:23[m[K,
[2.219s]                  from [01m[K/opt/ros/foxy/include/rclcpp/any_executable.hpp:20[m[K,
[2.219s]                  from [01m[K/opt/ros/foxy/include/rclcpp/memory_strategy.hpp:24[m[K,
[2.219s]                  from [01m[K/opt/ros/foxy/include/rclcpp/memory_strategies.hpp:18[m[K,
[2.219s]                  from [01m[K/opt/ros/foxy/include/rclcpp/executor_options.hpp:20[m[K,
[2.219s]                  from [01m[K/opt/ros/foxy/include/rclcpp/executor.hpp:33[m[K,
[2.219s]                  from [01m[K/opt/ros/foxy/include/rclcpp/executors/multi_threaded_executor.hpp:26[m[K,
[2.219s]                  from [01m[K/opt/ros/foxy/include/rclcpp/executors.hpp:21[m[K,
[2.219s]                  from [01m[K/opt/ros/foxy/include/rclcpp/rclcpp.hpp:146[m[K,
[2.219s]                  from [01m[K/home/john/Desktop/rp_ros2_rviz/include/rp_ros2_rviz/pathplanner.h:2[m[K,
[2.219s]                  from [01m[K/home/john/Desktop/rp_ros2_rviz/src/pathplanner_node.cpp:1[m[K:
[2.219s] [01m[K/home/john/Desktop/rp_ros2_rviz/src/pathplanner_node.cpp:67:21:[m[K [01;31m[Kerror: [m[Kinvalid use of ‘[01m[Kthis[m[K’ in non-member function
[2.219s]    67 |         RCLCPP_INFO([01;31m[Kthis[m[K->get_logger(), "Getting the obstacles..");
[2.219s]       |                     [01;31m[K^~~~[m[K
[2.219s] [01m[K/home/john/Desktop/rp_ros2_rviz/src/pathplanner_node.cpp:67:21:[m[K [01;31m[Kerror: [m[Kinvalid use of ‘[01m[Kthis[m[K’ in non-member function
[2.219s]    67 |         RCLCPP_INFO([01;31m[Kthis[m[K->get_logger(), "Getting the obstacles..");
[2.219s]       |                     [01;31m[K^~~~[m[K
[2.227s] [01m[K/home/john/Desktop/rp_ros2_rviz/src/pathplanner_node.cpp:69:30:[m[K [01;31m[Kerror: [m[K‘[01m[KgetObstaclesFromGrid[m[K’ was not declared in this scope
[2.227s]    69 |         Vector2iVector obs = [01;31m[KgetObstaclesFromGrid[m[K(*msg);
[2.227s]       |                              [01;31m[K^~~~~~~~~~~~~~~~~~~~[m[K
[2.227s] In file included from [01m[K/opt/ros/foxy/include/rclcpp/service.hpp:34[m[K,
[2.227s]                  from [01m[K/opt/ros/foxy/include/rclcpp/callback_group.hpp:25[m[K,
[2.228s]                  from [01m[K/opt/ros/foxy/include/rclcpp/any_executable.hpp:20[m[K,
[2.228s]                  from [01m[K/opt/ros/foxy/include/rclcpp/memory_strategy.hpp:24[m[K,
[2.228s]                  from [01m[K/opt/ros/foxy/include/rclcpp/memory_strategies.hpp:18[m[K,
[2.228s]                  from [01m[K/opt/ros/foxy/include/rclcpp/executor_options.hpp:20[m[K,
[2.228s]                  from [01m[K/opt/ros/foxy/include/rclcpp/executor.hpp:33[m[K,
[2.228s]                  from [01m[K/opt/ros/foxy/include/rclcpp/executors/multi_threaded_executor.hpp:26[m[K,
[2.228s]                  from [01m[K/opt/ros/foxy/include/rclcpp/executors.hpp:21[m[K,
[2.228s]                  from [01m[K/opt/ros/foxy/include/rclcpp/rclcpp.hpp:146[m[K,
[2.228s]                  from [01m[K/home/john/Desktop/rp_ros2_rviz/include/rp_ros2_rviz/pathplanner.h:2[m[K,
[2.228s]                  from [01m[K/home/john/Desktop/rp_ros2_rviz/src/pathplanner_node.cpp:1[m[K:
[2.228s] [01m[K/home/john/Desktop/rp_ros2_rviz/src/pathplanner_node.cpp:71:21:[m[K [01;31m[Kerror: [m[Kinvalid use of ‘[01m[Kthis[m[K’ in non-member function
[2.228s]    71 |         RCLCPP_INFO([01;31m[Kthis[m[K->get_logger(), "OK obstacles,updating dmap..");
[2.228s]       |                     [01;31m[K^~~~[m[K
[2.228s] [01m[K/home/john/Desktop/rp_ros2_rviz/src/pathplanner_node.cpp:71:21:[m[K [01;31m[Kerror: [m[Kinvalid use of ‘[01m[Kthis[m[K’ in non-member function
[2.228s] [01m[K/home/john/Desktop/rp_ros2_rviz/src/pathplanner_node.cpp:71:9:[m[K [01;31m[Kerror: [m[Ktemplate argument 1 is invalid
[2.228s]    71 |         [01;31m[KRCLCPP_INFO[m[K(this->get_logger(), "OK obstacles,updating dmap..");
[2.228s]       |         [01;31m[K^~~~~~~~~~~[m[K
[2.228s] [01m[K/home/john/Desktop/rp_ros2_rviz/src/pathplanner_node.cpp:71:9:[m[K [01;31m[Kerror: [m[Ktemplate argument 1 is invalid
[2.228s]    71 |         [01;31m[KRCLCPP_INFO[m[K(this->get_logger(), "OK obstacles,updating dmap..");
[2.228s]       |         [01;31m[K^~~~~~~~~~~[m[K
[2.228s] [01m[K/home/john/Desktop/rp_ros2_rviz/src/pathplanner_node.cpp:71:9:[m[K [01;31m[Kerror: [m[Ktemplate argument 1 is invalid
[2.228s]    71 |         [01;31m[KRCLCPP_INFO[m[K(this->get_logger(), "OK obstacles,updating dmap..");
[2.228s]       |         [01;31m[K^~~~~~~~~~~[m[K
[2.228s] In file included from [01m[K/opt/ros/foxy/include/rclcpp/client.hpp:40[m[K,
[2.228s]                  from [01m[K/opt/ros/foxy/include/rclcpp/callback_group.hpp:23[m[K,
[2.228s]                  from [01m[K/opt/ros/foxy/include/rclcpp/any_executable.hpp:20[m[K,
[2.228s]                  from [01m[K/opt/ros/foxy/include/rclcpp/memory_strategy.hpp:24[m[K,
[2.228s]                  from [01m[K/opt/ros/foxy/include/rclcpp/memory_strategies.hpp:18[m[K,
[2.228s]                  from [01m[K/opt/ros/foxy/include/rclcpp/executor_options.hpp:20[m[K,
[2.228s]                  from [01m[K/opt/ros/foxy/include/rclcpp/executor.hpp:33[m[K,
[2.228s]                  from [01m[K/opt/ros/foxy/include/rclcpp/executors/multi_threaded_executor.hpp:26[m[K,
[2.228s]                  from [01m[K/opt/ros/foxy/include/rclcpp/executors.hpp:21[m[K,
[2.228s]                  from [01m[K/opt/ros/foxy/include/rclcpp/rclcpp.hpp:146[m[K,
[2.228s]                  from [01m[K/home/john/Desktop/rp_ros2_rviz/include/rp_ros2_rviz/pathplanner.h:2[m[K,
[2.228s]                  from [01m[K/home/john/Desktop/rp_ros2_rviz/src/pathplanner_node.cpp:1[m[K:
[2.229s] [01m[K/home/john/Desktop/rp_ros2_rviz/src/pathplanner_node.cpp:71:21:[m[K [01;31m[Kerror: [m[Kinvalid use of ‘[01m[Kthis[m[K’ in non-member function
[2.229s]    71 |         RCLCPP_INFO([01;31m[Kthis[m[K->get_logger(), "OK obstacles,updating dmap..");
[2.229s]       |                     [01;31m[K^~~~[m[K
[2.229s] [01m[K/home/john/Desktop/rp_ros2_rviz/src/pathplanner_node.cpp:71:21:[m[K [01;31m[Kerror: [m[Kinvalid use of ‘[01m[Kthis[m[K’ in non-member function
[2.229s]    71 |         RCLCPP_INFO([01;31m[Kthis[m[K->get_logger(), "OK obstacles,updating dmap..");
[2.229s]       |                     [01;31m[K^~~~[m[K
[2.229s] In file included from [01m[K/opt/ros/foxy/include/rclcpp/service.hpp:34[m[K,
[2.229s]                  from [01m[K/opt/ros/foxy/include/rclcpp/callback_group.hpp:25[m[K,
[2.229s]                  from [01m[K/opt/ros/foxy/include/rclcpp/any_executable.hpp:20[m[K,
[2.229s]                  from [01m[K/opt/ros/foxy/include/rclcpp/memory_strategy.hpp:24[m[K,
[2.229s]                  from [01m[K/opt/ros/foxy/include/rclcpp/memory_strategies.hpp:18[m[K,
[2.229s]                  from [01m[K/opt/ros/foxy/include/rclcpp/executor_options.hpp:20[m[K,
[2.229s]                  from [01m[K/opt/ros/foxy/include/rclcpp/executor.hpp:33[m[K,
[2.229s]                  from [01m[K/opt/ros/foxy/include/rclcpp/executors/multi_threaded_executor.hpp:26[m[K,
[2.229s]                  from [01m[K/opt/ros/foxy/include/rclcpp/executors.hpp:21[m[K,
[2.229s]                  from [01m[K/opt/ros/foxy/include/rclcpp/rclcpp.hpp:146[m[K,
[2.229s]                  from [01m[K/home/john/Desktop/rp_ros2_rviz/include/rp_ros2_rviz/pathplanner.h:2[m[K,
[2.229s]                  from [01m[K/home/john/Desktop/rp_ros2_rviz/src/pathplanner_node.cpp:1[m[K:
[2.229s] [01m[K/home/john/Desktop/rp_ros2_rviz/src/pathplanner_node.cpp:74:21:[m[K [01;31m[Kerror: [m[Kinvalid use of ‘[01m[Kthis[m[K’ in non-member function
[2.229s]    74 |         RCLCPP_INFO([01;31m[Kthis[m[K->get_logger(), "OK updating dmap..");
[2.229s]       |                     [01;31m[K^~~~[m[K
[2.229s] [01m[K/home/john/Desktop/rp_ros2_rviz/src/pathplanner_node.cpp:74:21:[m[K [01;31m[Kerror: [m[Kinvalid use of ‘[01m[Kthis[m[K’ in non-member function
[2.229s] [01m[K/home/john/Desktop/rp_ros2_rviz/src/pathplanner_node.cpp:74:9:[m[K [01;31m[Kerror: [m[Ktemplate argument 1 is invalid
[2.229s]    74 |         [01;31m[KRCLCPP_INFO[m[K(this->get_logger(), "OK updating dmap..");
[2.229s]       |         [01;31m[K^~~~~~~~~~~[m[K
[2.229s] [01m[K/home/john/Desktop/rp_ros2_rviz/src/pathplanner_node.cpp:74:9:[m[K [01;31m[Kerror: [m[Ktemplate argument 1 is invalid
[2.229s]    74 |         [01;31m[KRCLCPP_INFO[m[K(this->get_logger(), "OK updating dmap..");
[2.229s]       |         [01;31m[K^~~~~~~~~~~[m[K
[2.229s] [01m[K/home/john/Desktop/rp_ros2_rviz/src/pathplanner_node.cpp:74:9:[m[K [01;31m[Kerror: [m[Ktemplate argument 1 is invalid
[2.229s]    74 |         [01;31m[KRCLCPP_INFO[m[K(this->get_logger(), "OK updating dmap..");
[2.229s]       |         [01;31m[K^~~~~~~~~~~[m[K
[2.229s] In file included from [01m[K/opt/ros/foxy/include/rclcpp/client.hpp:40[m[K,
[2.229s]                  from [01m[K/opt/ros/foxy/include/rclcpp/callback_group.hpp:23[m[K,
[2.230s]                  from [01m[K/opt/ros/foxy/include/rclcpp/any_executable.hpp:20[m[K,
[2.230s]                  from [01m[K/opt/ros/foxy/include/rclcpp/memory_strategy.hpp:24[m[K,
[2.230s]                  from [01m[K/opt/ros/foxy/include/rclcpp/memory_strategies.hpp:18[m[K,
[2.230s]                  from [01m[K/opt/ros/foxy/include/rclcpp/executor_options.hpp:20[m[K,
[2.230s]                  from [01m[K/opt/ros/foxy/include/rclcpp/executor.hpp:33[m[K,
[2.230s]                  from [01m[K/opt/ros/foxy/include/rclcpp/executors/multi_threaded_executor.hpp:26[m[K,
[2.230s]                  from [01m[K/opt/ros/foxy/include/rclcpp/executors.hpp:21[m[K,
[2.230s]                  from [01m[K/opt/ros/foxy/include/rclcpp/rclcpp.hpp:146[m[K,
[2.230s]                  from [01m[K/home/john/Desktop/rp_ros2_rviz/include/rp_ros2_rviz/pathplanner.h:2[m[K,
[2.230s]                  from [01m[K/home/john/Desktop/rp_ros2_rviz/src/pathplanner_node.cpp:1[m[K:
[2.230s] [01m[K/home/john/Desktop/rp_ros2_rviz/src/pathplanner_node.cpp:74:21:[m[K [01;31m[Kerror: [m[Kinvalid use of ‘[01m[Kthis[m[K’ in non-member function
[2.230s]    74 |         RCLCPP_INFO([01;31m[Kthis[m[K->get_logger(), "OK updating dmap..");
[2.230s]       |                     [01;31m[K^~~~[m[K
[2.230s] [01m[K/home/john/Desktop/rp_ros2_rviz/src/pathplanner_node.cpp:74:21:[m[K [01;31m[Kerror: [m[Kinvalid use of ‘[01m[Kthis[m[K’ in non-member function
[2.230s]    74 |         RCLCPP_INFO([01;31m[Kthis[m[K->get_logger(), "OK updating dmap..");
[2.230s]       |                     [01;31m[K^~~~[m[K
[2.234s] [01m[K/home/john/Desktop/rp_ros2_rviz/src/pathplanner_node.cpp:75:9:[m[K [01;31m[Kerror: [m[K‘[01m[Kdmap_ready_[m[K’ was not declared in this scope
[2.234s]    75 |         [01;31m[Kdmap_ready_[m[K = true;
[2.234s]       |         [01;31m[K^~~~~~~~~~~[m[K
[2.240s] [01m[K/home/john/Desktop/rp_ros2_rviz/src/pathplanner_node.cpp:76:9:[m[K [01;31m[Kerror: [m[K‘[01m[Kpath_generated_[m[K’ was not declared in this scope
[2.240s]    76 |         [01;31m[Kpath_generated_[m[K = false;
[2.240s]       |         [01;31m[K^~~~~~~~~~~~~~~[m[K
[2.244s] [01m[K/home/john/Desktop/rp_ros2_rviz/src/pathplanner_node.cpp:79:9:[m[K [01;31m[Kerror: [m[K‘[01m[Kplanner[m[K’ was not declared in this scope; did you mean ‘[01m[KDMapPlanner[m[K’?
[2.244s]    79 |         [01;31m[Kplanner[m[K.init(0.05, 0.3, 1.0, *dmap);
[2.244s]       |         [01;31m[K^~~~~~~[m[K
[2.244s]       |         [32m[KDMapPlanner[m[K
[2.244s] In file included from [01m[K/opt/ros/foxy/include/rclcpp/service.hpp:34[m[K,
[2.244s]                  from [01m[K/opt/ros/foxy/include/rclcpp/callback_group.hpp:25[m[K,
[2.245s]                  from [01m[K/opt/ros/foxy/include/rclcpp/any_executable.hpp:20[m[K,
[2.245s]                  from [01m[K/opt/ros/foxy/include/rclcpp/memory_strategy.hpp:24[m[K,
[2.245s]                  from [01m[K/opt/ros/foxy/include/rclcpp/memory_strategies.hpp:18[m[K,
[2.245s]                  from [01m[K/opt/ros/foxy/include/rclcpp/executor_options.hpp:20[m[K,
[2.245s]                  from [01m[K/opt/ros/foxy/include/rclcpp/executor.hpp:33[m[K,
[2.245s]                  from [01m[K/opt/ros/foxy/include/rclcpp/executors/multi_threaded_executor.hpp:26[m[K,
[2.245s]                  from [01m[K/opt/ros/foxy/include/rclcpp/executors.hpp:21[m[K,
[2.245s]                  from [01m[K/opt/ros/foxy/include/rclcpp/rclcpp.hpp:146[m[K,
[2.245s]                  from [01m[K/home/john/Desktop/rp_ros2_rviz/include/rp_ros2_rviz/pathplanner.h:2[m[K,
[2.245s]                  from [01m[K/home/john/Desktop/rp_ros2_rviz/src/pathplanner_node.cpp:1[m[K:
[2.245s] [01m[K/home/john/Desktop/rp_ros2_rviz/src/pathplanner_node.cpp:81:21:[m[K [01;31m[Kerror: [m[Kinvalid use of ‘[01m[Kthis[m[K’ in non-member function
[2.245s]    81 |         RCLCPP_INFO([01;31m[Kthis[m[K->get_logger(), "Mapping size: %d rows × %d cols",
[2.245s]       |                     [01;31m[K^~~~[m[K
[2.245s] [01m[K/home/john/Desktop/rp_ros2_rviz/src/pathplanner_node.cpp:81:21:[m[K [01;31m[Kerror: [m[Kinvalid use of ‘[01m[Kthis[m[K’ in non-member function
[2.246s] [01m[K/home/john/Desktop/rp_ros2_rviz/src/pathplanner_node.cpp:81:9:[m[K [01;31m[Kerror: [m[Ktemplate argument 1 is invalid
[2.246s]    81 |         [01;31m[KRCLCPP_INFO[m[K(this->get_logger(), "Mapping size: %d rows × %d cols",
[2.246s]       |         [01;31m[K^~~~~~~~~~~[m[K
[2.246s] [01m[K/home/john/Desktop/rp_ros2_rviz/src/pathplanner_node.cpp:81:9:[m[K [01;31m[Kerror: [m[Ktemplate argument 1 is invalid
[2.246s]    81 |         [01;31m[KRCLCPP_INFO[m[K(this->get_logger(), "Mapping size: %d rows × %d cols",
[2.246s]       |         [01;31m[K^~~~~~~~~~~[m[K
[2.246s] [01m[K/home/john/Desktop/rp_ros2_rviz/src/pathplanner_node.cpp:81:9:[m[K [01;31m[Kerror: [m[Ktemplate argument 1 is invalid
[2.246s]    81 |         [01;31m[KRCLCPP_INFO[m[K(this->get_logger(), "Mapping size: %d rows × %d cols",
[2.246s]       |         [01;31m[K^~~~~~~~~~~[m[K
[2.246s] In file included from [01m[K/opt/ros/foxy/include/rclcpp/client.hpp:40[m[K,
[2.246s]                  from [01m[K/opt/ros/foxy/include/rclcpp/callback_group.hpp:23[m[K,
[2.246s]                  from [01m[K/opt/ros/foxy/include/rclcpp/any_executable.hpp:20[m[K,
[2.246s]                  from [01m[K/opt/ros/foxy/include/rclcpp/memory_strategy.hpp:24[m[K,
[2.246s]                  from [01m[K/opt/ros/foxy/include/rclcpp/memory_strategies.hpp:18[m[K,
[2.246s]                  from [01m[K/opt/ros/foxy/include/rclcpp/executor_options.hpp:20[m[K,
[2.246s]                  from [01m[K/opt/ros/foxy/include/rclcpp/executor.hpp:33[m[K,
[2.246s]                  from [01m[K/opt/ros/foxy/include/rclcpp/executors/multi_threaded_executor.hpp:26[m[K,
[2.246s]                  from [01m[K/opt/ros/foxy/include/rclcpp/executors.hpp:21[m[K,
[2.246s]                  from [01m[K/opt/ros/foxy/include/rclcpp/rclcpp.hpp:146[m[K,
[2.246s]                  from [01m[K/home/john/Desktop/rp_ros2_rviz/include/rp_ros2_rviz/pathplanner.h:2[m[K,
[2.246s]                  from [01m[K/home/john/Desktop/rp_ros2_rviz/src/pathplanner_node.cpp:1[m[K:
[2.246s] [01m[K/home/john/Desktop/rp_ros2_rviz/src/pathplanner_node.cpp:81:21:[m[K [01;31m[Kerror: [m[Kinvalid use of ‘[01m[Kthis[m[K’ in non-member function
[2.246s]    81 |         RCLCPP_INFO([01;31m[Kthis[m[K->get_logger(), "Mapping size: %d rows × %d cols",
[2.246s]       |                     [01;31m[K^~~~[m[K
[2.246s] [01m[K/home/john/Desktop/rp_ros2_rviz/src/pathplanner_node.cpp:81:21:[m[K [01;31m[Kerror: [m[Kinvalid use of ‘[01m[Kthis[m[K’ in non-member function
[2.246s]    81 |         RCLCPP_INFO([01;31m[Kthis[m[K->get_logger(), "Mapping size: %d rows × %d cols",
[2.246s]       |                     [01;31m[K^~~~[m[K
[2.246s] In file included from [01m[K/opt/ros/foxy/include/rclcpp/service.hpp:34[m[K,
[2.246s]                  from [01m[K/opt/ros/foxy/include/rclcpp/callback_group.hpp:25[m[K,
[2.246s]                  from [01m[K/opt/ros/foxy/include/rclcpp/any_executable.hpp:20[m[K,
[2.246s]                  from [01m[K/opt/ros/foxy/include/rclcpp/memory_strategy.hpp:24[m[K,
[2.246s]                  from [01m[K/opt/ros/foxy/include/rclcpp/memory_strategies.hpp:18[m[K,
[2.246s]                  from [01m[K/opt/ros/foxy/include/rclcpp/executor_options.hpp:20[m[K,
[2.246s]                  from [01m[K/opt/ros/foxy/include/rclcpp/executor.hpp:33[m[K,
[2.247s]                  from [01m[K/opt/ros/foxy/include/rclcpp/executors/multi_threaded_executor.hpp:26[m[K,
[2.247s]                  from [01m[K/opt/ros/foxy/include/rclcpp/executors.hpp:21[m[K,
[2.247s]                  from [01m[K/opt/ros/foxy/include/rclcpp/rclcpp.hpp:146[m[K,
[2.247s]                  from [01m[K/home/john/Desktop/rp_ros2_rviz/include/rp_ros2_rviz/pathplanner.h:2[m[K,
[2.247s]                  from [01m[K/home/john/Desktop/rp_ros2_rviz/src/pathplanner_node.cpp:1[m[K:
[2.247s] [01m[K/home/john/Desktop/rp_ros2_rviz/src/pathplanner_node.cpp:84:21:[m[K [01;31m[Kerror: [m[Kinvalid use of ‘[01m[Kthis[m[K’ in non-member function
[2.247s]    84 |         RCLCPP_INFO([01;31m[Kthis[m[K->get_logger(), "Mapping center: (%.2f, %.2f)",
[2.247s]       |                     [01;31m[K^~~~[m[K
[2.247s] [01m[K/home/john/Desktop/rp_ros2_rviz/src/pathplanner_node.cpp:84:21:[m[K [01;31m[Kerror: [m[Kinvalid use of ‘[01m[Kthis[m[K’ in non-member function
[2.247s] [01m[K/home/john/Desktop/rp_ros2_rviz/src/pathplanner_node.cpp:84:9:[m[K [01;31m[Kerror: [m[Ktemplate argument 1 is invalid
[2.247s]    84 |         [01;31m[KRCLCPP_INFO[m[K(this->get_logger(), "Mapping center: (%.2f, %.2f)",
[2.247s]       |         [01;31m[K^~~~~~~~~~~[m[K
[2.247s] [01m[K/home/john/Desktop/rp_ros2_rviz/src/pathplanner_node.cpp:84:9:[m[K [01;31m[Kerror: [m[Ktemplate argument 1 is invalid
[2.247s]    84 |         [01;31m[KRCLCPP_INFO[m[K(this->get_logger(), "Mapping center: (%.2f, %.2f)",
[2.247s]       |         [01;31m[K^~~~~~~~~~~[m[K
[2.247s] [01m[K/home/john/Desktop/rp_ros2_rviz/src/pathplanner_node.cpp:84:9:[m[K [01;31m[Kerror: [m[Ktemplate argument 1 is invalid
[2.247s]    84 |         [01;31m[KRCLCPP_INFO[m[K(this->get_logger(), "Mapping center: (%.2f, %.2f)",
[2.247s]       |         [01;31m[K^~~~~~~~~~~[m[K
[2.247s] In file included from [01m[K/opt/ros/foxy/include/rclcpp/client.hpp:40[m[K,
[2.247s]                  from [01m[K/opt/ros/foxy/include/rclcpp/callback_group.hpp:23[m[K,
[2.247s]                  from [01m[K/opt/ros/foxy/include/rclcpp/any_executable.hpp:20[m[K,
[2.247s]                  from [01m[K/opt/ros/foxy/include/rclcpp/memory_strategy.hpp:24[m[K,
[2.247s]                  from [01m[K/opt/ros/foxy/include/rclcpp/memory_strategies.hpp:18[m[K,
[2.247s]                  from [01m[K/opt/ros/foxy/include/rclcpp/executor_options.hpp:20[m[K,
[2.247s]                  from [01m[K/opt/ros/foxy/include/rclcpp/executor.hpp:33[m[K,
[2.247s]                  from [01m[K/opt/ros/foxy/include/rclcpp/executors/multi_threaded_executor.hpp:26[m[K,
[2.247s]                  from [01m[K/opt/ros/foxy/include/rclcpp/executors.hpp:21[m[K,
[2.247s]                  from [01m[K/opt/ros/foxy/include/rclcpp/rclcpp.hpp:146[m[K,
[2.247s]                  from [01m[K/home/john/Desktop/rp_ros2_rviz/include/rp_ros2_rviz/pathplanner.h:2[m[K,
[2.247s]                  from [01m[K/home/john/Desktop/rp_ros2_rviz/src/pathplanner_node.cpp:1[m[K:
[2.247s] [01m[K/home/john/Desktop/rp_ros2_rviz/src/pathplanner_node.cpp:84:21:[m[K [01;31m[Kerror: [m[Kinvalid use of ‘[01m[Kthis[m[K’ in non-member function
[2.247s]    84 |         RCLCPP_INFO([01;31m[Kthis[m[K->get_logger(), "Mapping center: (%.2f, %.2f)",
[2.247s]       |                     [01;31m[K^~~~[m[K
[2.247s] [01m[K/home/john/Desktop/rp_ros2_rviz/src/pathplanner_node.cpp:84:21:[m[K [01;31m[Kerror: [m[Kinvalid use of ‘[01m[Kthis[m[K’ in non-member function
[2.247s]    84 |         RCLCPP_INFO([01;31m[Kthis[m[K->get_logger(), "Mapping center: (%.2f, %.2f)",
[2.248s]       |                     [01;31m[K^~~~[m[K
[2.248s] In file included from [01m[K/opt/ros/foxy/include/rclcpp/service.hpp:34[m[K,
[2.248s]                  from [01m[K/opt/ros/foxy/include/rclcpp/callback_group.hpp:25[m[K,
[2.248s]                  from [01m[K/opt/ros/foxy/include/rclcpp/any_executable.hpp:20[m[K,
[2.248s]                  from [01m[K/opt/ros/foxy/include/rclcpp/memory_strategy.hpp:24[m[K,
[2.248s]                  from [01m[K/opt/ros/foxy/include/rclcpp/memory_strategies.hpp:18[m[K,
[2.248s]                  from [01m[K/opt/ros/foxy/include/rclcpp/executor_options.hpp:20[m[K,
[2.248s]                  from [01m[K/opt/ros/foxy/include/rclcpp/executor.hpp:33[m[K,
[2.248s]                  from [01m[K/opt/ros/foxy/include/rclcpp/executors/multi_threaded_executor.hpp:26[m[K,
[2.248s]                  from [01m[K/opt/ros/foxy/include/rclcpp/executors.hpp:21[m[K,
[2.248s]                  from [01m[K/opt/ros/foxy/include/rclcpp/rclcpp.hpp:146[m[K,
[2.248s]                  from [01m[K/home/john/Desktop/rp_ros2_rviz/include/rp_ros2_rviz/pathplanner.h:2[m[K,
[2.248s]                  from [01m[K/home/john/Desktop/rp_ros2_rviz/src/pathplanner_node.cpp:1[m[K:
[2.248s] [01m[K/home/john/Desktop/rp_ros2_rviz/src/pathplanner_node.cpp:87:21:[m[K [01;31m[Kerror: [m[Kinvalid use of ‘[01m[Kthis[m[K’ in non-member function
[2.248s]    87 |         RCLCPP_INFO([01;31m[Kthis[m[K->get_logger(), "DMap ready planner initalized. Waiting Goal Click...");
[2.248s]       |                     [01;31m[K^~~~[m[K
[2.248s] [01m[K/home/john/Desktop/rp_ros2_rviz/src/pathplanner_node.cpp:87:21:[m[K [01;31m[Kerror: [m[Kinvalid use of ‘[01m[Kthis[m[K’ in non-member function
[2.248s] [01m[K/home/john/Desktop/rp_ros2_rviz/src/pathplanner_node.cpp:87:9:[m[K [01;31m[Kerror: [m[Ktemplate argument 1 is invalid
[2.248s]    87 |         [01;31m[KRCLCPP_INFO[m[K(this->get_logger(), "DMap ready planner initalized. Waiting Goal Click...");
[2.248s]       |         [01;31m[K^~~~~~~~~~~[m[K
[2.248s] [01m[K/home/john/Desktop/rp_ros2_rviz/src/pathplanner_node.cpp:87:9:[m[K [01;31m[Kerror: [m[Ktemplate argument 1 is invalid
[2.248s]    87 |         [01;31m[KRCLCPP_INFO[m[K(this->get_logger(), "DMap ready planner initalized. Waiting Goal Click...");
[2.248s]       |         [01;31m[K^~~~~~~~~~~[m[K
[2.248s] [01m[K/home/john/Desktop/rp_ros2_rviz/src/pathplanner_node.cpp:87:9:[m[K [01;31m[Kerror: [m[Ktemplate argument 1 is invalid
[2.248s]    87 |         [01;31m[KRCLCPP_INFO[m[K(this->get_logger(), "DMap ready planner initalized. Waiting Goal Click...");
[2.248s]       |         [01;31m[K^~~~~~~~~~~[m[K
[2.248s] In file included from [01m[K/opt/ros/foxy/include/rclcpp/client.hpp:40[m[K,
[2.248s]                  from [01m[K/opt/ros/foxy/include/rclcpp/callback_group.hpp:23[m[K,
[2.248s]                  from [01m[K/opt/ros/foxy/include/rclcpp/any_executable.hpp:20[m[K,
[2.248s]                  from [01m[K/opt/ros/foxy/include/rclcpp/memory_strategy.hpp:24[m[K,
[2.248s]                  from [01m[K/opt/ros/foxy/include/rclcpp/memory_strategies.hpp:18[m[K,
[2.248s]                  from [01m[K/opt/ros/foxy/include/rclcpp/executor_options.hpp:20[m[K,
[2.248s]                  from [01m[K/opt/ros/foxy/include/rclcpp/executor.hpp:33[m[K,
[2.248s]                  from [01m[K/opt/ros/foxy/include/rclcpp/executors/multi_threaded_executor.hpp:26[m[K,
[2.248s]                  from [01m[K/opt/ros/foxy/include/rclcpp/executors.hpp:21[m[K,
[2.248s]                  from [01m[K/opt/ros/foxy/include/rclcpp/rclcpp.hpp:146[m[K,
[2.249s]                  from [01m[K/home/john/Desktop/rp_ros2_rviz/include/rp_ros2_rviz/pathplanner.h:2[m[K,
[2.249s]                  from [01m[K/home/john/Desktop/rp_ros2_rviz/src/pathplanner_node.cpp:1[m[K:
[2.249s] [01m[K/home/john/Desktop/rp_ros2_rviz/src/pathplanner_node.cpp:87:21:[m[K [01;31m[Kerror: [m[Kinvalid use of ‘[01m[Kthis[m[K’ in non-member function
[2.249s]    87 |         RCLCPP_INFO([01;31m[Kthis[m[K->get_logger(), "DMap ready planner initalized. Waiting Goal Click...");
[2.249s]       |                     [01;31m[K^~~~[m[K
[2.249s] [01m[K/home/john/Desktop/rp_ros2_rviz/src/pathplanner_node.cpp:87:21:[m[K [01;31m[Kerror: [m[Kinvalid use of ‘[01m[Kthis[m[K’ in non-member function
[2.249s]    87 |         RCLCPP_INFO([01;31m[Kthis[m[K->get_logger(), "DMap ready planner initalized. Waiting Goal Click...");
[2.249s]       |                     [01;31m[K^~~~[m[K
[2.254s] [01m[K/home/john/Desktop/rp_ros2_rviz/src/pathplanner_node.cpp:[m[K In function ‘[01m[Kvoid makePath(const std::shared_ptr<DMap>&, float, float, const Vector2f&)[m[K’:
[2.254s] [01m[K/home/john/Desktop/rp_ros2_rviz/src/pathplanner_node.cpp:94:17:[m[K [01;31m[Kerror: [m[K‘[01m[Khas_robot_position_[m[K’ was not declared in this scope
[2.254s]    94 |         while (![01;31m[Khas_robot_position_[m[K && rclcpp::ok() && retries-- > 0) {
[2.254s]       |                 [01;31m[K^~~~~~~~~~~~~~~~~~~[m[K
[2.254s] In file included from [01m[K/opt/ros/foxy/include/rclcpp/service.hpp:34[m[K,
[2.254s]                  from [01m[K/opt/ros/foxy/include/rclcpp/callback_group.hpp:25[m[K,
[2.254s]                  from [01m[K/opt/ros/foxy/include/rclcpp/any_executable.hpp:20[m[K,
[2.254s]                  from [01m[K/opt/ros/foxy/include/rclcpp/memory_strategy.hpp:24[m[K,
[2.254s]                  from [01m[K/opt/ros/foxy/include/rclcpp/memory_strategies.hpp:18[m[K,
[2.254s]                  from [01m[K/opt/ros/foxy/include/rclcpp/executor_options.hpp:20[m[K,
[2.254s]                  from [01m[K/opt/ros/foxy/include/rclcpp/executor.hpp:33[m[K,
[2.254s]                  from [01m[K/opt/ros/foxy/include/rclcpp/executors/multi_threaded_executor.hpp:26[m[K,
[2.254s]                  from [01m[K/opt/ros/foxy/include/rclcpp/executors.hpp:21[m[K,
[2.254s]                  from [01m[K/opt/ros/foxy/include/rclcpp/rclcpp.hpp:146[m[K,
[2.254s]                  from [01m[K/home/john/Desktop/rp_ros2_rviz/include/rp_ros2_rviz/pathplanner.h:2[m[K,
[2.254s]                  from [01m[K/home/john/Desktop/rp_ros2_rviz/src/pathplanner_node.cpp:1[m[K:
[2.254s] [01m[K/home/john/Desktop/rp_ros2_rviz/src/pathplanner_node.cpp:95:25:[m[K [01;31m[Kerror: [m[Kinvalid use of ‘[01m[Kthis[m[K’ in non-member function
[2.254s]    95 |             RCLCPP_WARN([01;31m[Kthis[m[K->get_logger(), "Waiting Robot position...");
[2.254s]       |                         [01;31m[K^~~~[m[K
[2.254s] [01m[K/home/john/Desktop/rp_ros2_rviz/src/pathplanner_node.cpp:95:25:[m[K [01;31m[Kerror: [m[Kinvalid use of ‘[01m[Kthis[m[K’ in non-member function
[2.254s] [01m[K/home/john/Desktop/rp_ros2_rviz/src/pathplanner_node.cpp:95:13:[m[K [01;31m[Kerror: [m[Ktemplate argument 1 is invalid
[2.254s]    95 |             [01;31m[KRCLCPP_WARN[m[K(this->get_logger(), "Waiting Robot position...");
[2.254s]       |             [01;31m[K^~~~~~~~~~~[m[K
[2.254s] [01m[K/home/john/Desktop/rp_ros2_rviz/src/pathplanner_node.cpp:95:13:[m[K [01;31m[Kerror: [m[Ktemplate argument 1 is invalid
[2.254s]    95 |             [01;31m[KRCLCPP_WARN[m[K(this->get_logger(), "Waiting Robot position...");
[2.254s]       |             [01;31m[K^~~~~~~~~~~[m[K
[2.254s] [01m[K/home/john/Desktop/rp_ros2_rviz/src/pathplanner_node.cpp:95:13:[m[K [01;31m[Kerror: [m[Ktemplate argument 1 is invalid
[2.255s]    95 |             [01;31m[KRCLCPP_WARN[m[K(this->get_logger(), "Waiting Robot position...");
[2.255s]       |             [01;31m[K^~~~~~~~~~~[m[K
[2.255s] In file included from [01m[K/opt/ros/foxy/include/rclcpp/client.hpp:40[m[K,
[2.255s]                  from [01m[K/opt/ros/foxy/include/rclcpp/callback_group.hpp:23[m[K,
[2.255s]                  from [01m[K/opt/ros/foxy/include/rclcpp/any_executable.hpp:20[m[K,
[2.255s]                  from [01m[K/opt/ros/foxy/include/rclcpp/memory_strategy.hpp:24[m[K,
[2.255s]                  from [01m[K/opt/ros/foxy/include/rclcpp/memory_strategies.hpp:18[m[K,
[2.255s]                  from [01m[K/opt/ros/foxy/include/rclcpp/executor_options.hpp:20[m[K,
[2.255s]                  from [01m[K/opt/ros/foxy/include/rclcpp/executor.hpp:33[m[K,
[2.255s]                  from [01m[K/opt/ros/foxy/include/rclcpp/executors/multi_threaded_executor.hpp:26[m[K,
[2.255s]                  from [01m[K/opt/ros/foxy/include/rclcpp/executors.hpp:21[m[K,
[2.255s]                  from [01m[K/opt/ros/foxy/include/rclcpp/rclcpp.hpp:146[m[K,
[2.255s]                  from [01m[K/home/john/Desktop/rp_ros2_rviz/include/rp_ros2_rviz/pathplanner.h:2[m[K,
[2.255s]                  from [01m[K/home/john/Desktop/rp_ros2_rviz/src/pathplanner_node.cpp:1[m[K:
[2.255s] [01m[K/home/john/Desktop/rp_ros2_rviz/src/pathplanner_node.cpp:95:25:[m[K [01;31m[Kerror: [m[Kinvalid use of ‘[01m[Kthis[m[K’ in non-member function
[2.255s]    95 |             RCLCPP_WARN([01;31m[Kthis[m[K->get_logger(), "Waiting Robot position...");
[2.255s]       |                         [01;31m[K^~~~[m[K
[2.255s] [01m[K/home/john/Desktop/rp_ros2_rviz/src/pathplanner_node.cpp:95:25:[m[K [01;31m[Kerror: [m[Kinvalid use of ‘[01m[Kthis[m[K’ in non-member function
[2.255s]    95 |             RCLCPP_WARN([01;31m[Kthis[m[K->get_logger(), "Waiting Robot position...");
[2.255s]       |                         [01;31m[K^~~~[m[K
[2.262s] [01m[K/home/john/Desktop/rp_ros2_rviz/src/pathplanner_node.cpp:99:14:[m[K [01;31m[Kerror: [m[K‘[01m[Khas_robot_position_[m[K’ was not declared in this scope
[2.262s]    99 |         if (![01;31m[Khas_robot_position_[m[K) {
[2.262s]       |              [01;31m[K^~~~~~~~~~~~~~~~~~~[m[K
[2.262s] In file included from [01m[K/opt/ros/foxy/include/rclcpp/service.hpp:34[m[K,
[2.262s]                  from [01m[K/opt/ros/foxy/include/rclcpp/callback_group.hpp:25[m[K,
[2.262s]                  from [01m[K/opt/ros/foxy/include/rclcpp/any_executable.hpp:20[m[K,
[2.262s]                  from [01m[K/opt/ros/foxy/include/rclcpp/memory_strategy.hpp:24[m[K,
[2.262s]                  from [01m[K/opt/ros/foxy/include/rclcpp/memory_strategies.hpp:18[m[K,
[2.262s]                  from [01m[K/opt/ros/foxy/include/rclcpp/executor_options.hpp:20[m[K,
[2.262s]                  from [01m[K/opt/ros/foxy/include/rclcpp/executor.hpp:33[m[K,
[2.262s]                  from [01m[K/opt/ros/foxy/include/rclcpp/executors/multi_threaded_executor.hpp:26[m[K,
[2.262s]                  from [01m[K/opt/ros/foxy/include/rclcpp/executors.hpp:21[m[K,
[2.262s]                  from [01m[K/opt/ros/foxy/include/rclcpp/rclcpp.hpp:146[m[K,
[2.262s]                  from [01m[K/home/john/Desktop/rp_ros2_rviz/include/rp_ros2_rviz/pathplanner.h:2[m[K,
[2.262s]                  from [01m[K/home/john/Desktop/rp_ros2_rviz/src/pathplanner_node.cpp:1[m[K:
[2.262s] [01m[K/home/john/Desktop/rp_ros2_rviz/src/pathplanner_node.cpp:100:26:[m[K [01;31m[Kerror: [m[Kinvalid use of ‘[01m[Kthis[m[K’ in non-member function
[2.262s]   100 |             RCLCPP_ERROR([01;31m[Kthis[m[K->get_logger(), "No robot position.");
[2.262s]       |                          [01;31m[K^~~~[m[K
[2.262s] [01m[K/home/john/Desktop/rp_ros2_rviz/src/pathplanner_node.cpp:100:26:[m[K [01;31m[Kerror: [m[Kinvalid use of ‘[01m[Kthis[m[K’ in non-member function
[2.262s] [01m[K/home/john/Desktop/rp_ros2_rviz/src/pathplanner_node.cpp:100:13:[m[K [01;31m[Kerror: [m[Ktemplate argument 1 is invalid
[2.262s]   100 |             [01;31m[KRCLCPP_ERROR[m[K(this->get_logger(), "No robot position.");
[2.263s]       |             [01;31m[K^~~~~~~~~~~~[m[K
[2.263s] [01m[K/home/john/Desktop/rp_ros2_rviz/src/pathplanner_node.cpp:100:13:[m[K [01;31m[Kerror: [m[Ktemplate argument 1 is invalid
[2.263s]   100 |             [01;31m[KRCLCPP_ERROR[m[K(this->get_logger(), "No robot position.");
[2.263s]       |             [01;31m[K^~~~~~~~~~~~[m[K
[2.263s] [01m[K/home/john/Desktop/rp_ros2_rviz/src/pathplanner_node.cpp:100:13:[m[K [01;31m[Kerror: [m[Ktemplate argument 1 is invalid
[2.263s]   100 |             [01;31m[KRCLCPP_ERROR[m[K(this->get_logger(), "No robot position.");
[2.263s]       |             [01;31m[K^~~~~~~~~~~~[m[K
[2.263s] In file included from [01m[K/opt/ros/foxy/include/rclcpp/client.hpp:40[m[K,
[2.263s]                  from [01m[K/opt/ros/foxy/include/rclcpp/callback_group.hpp:23[m[K,
[2.263s]                  from [01m[K/opt/ros/foxy/include/rclcpp/any_executable.hpp:20[m[K,
[2.263s]                  from [01m[K/opt/ros/foxy/include/rclcpp/memory_strategy.hpp:24[m[K,
[2.263s]                  from [01m[K/opt/ros/foxy/include/rclcpp/memory_strategies.hpp:18[m[K,
[2.263s]                  from [01m[K/opt/ros/foxy/include/rclcpp/executor_options.hpp:20[m[K,
[2.263s]                  from [01m[K/opt/ros/foxy/include/rclcpp/executor.hpp:33[m[K,
[2.263s]                  from [01m[K/opt/ros/foxy/include/rclcpp/executors/multi_threaded_executor.hpp:26[m[K,
[2.263s]                  from [01m[K/opt/ros/foxy/include/rclcpp/executors.hpp:21[m[K,
[2.263s]                  from [01m[K/opt/ros/foxy/include/rclcpp/rclcpp.hpp:146[m[K,
[2.263s]                  from [01m[K/home/john/Desktop/rp_ros2_rviz/include/rp_ros2_rviz/pathplanner.h:2[m[K,
[2.263s]                  from [01m[K/home/john/Desktop/rp_ros2_rviz/src/pathplanner_node.cpp:1[m[K:
[2.263s] [01m[K/home/john/Desktop/rp_ros2_rviz/src/pathplanner_node.cpp:100:26:[m[K [01;31m[Kerror: [m[Kinvalid use of ‘[01m[Kthis[m[K’ in non-member function
[2.263s]   100 |             RCLCPP_ERROR([01;31m[Kthis[m[K->get_logger(), "No robot position.");
[2.263s]       |                          [01;31m[K^~~~[m[K
[2.263s] [01m[K/home/john/Desktop/rp_ros2_rviz/src/pathplanner_node.cpp:100:26:[m[K [01;31m[Kerror: [m[Kinvalid use of ‘[01m[Kthis[m[K’ in non-member function
[2.263s]   100 |             RCLCPP_ERROR([01;31m[Kthis[m[K->get_logger(), "No robot position.");
[2.263s]       |                          [01;31m[K^~~~[m[K
[2.267s] [01m[K/home/john/Desktop/rp_ros2_rviz/src/pathplanner_node.cpp:[m[K In lambda function:
[2.267s] [01m[K/home/john/Desktop/rp_ros2_rviz/src/pathplanner_node.cpp:104:43:[m[K [01;31m[Kerror: [m[K‘[01m[Kplanner[m[K’ was not declared in this scope; did you mean ‘[01m[KDMapPlanner[m[K’?
[2.267s]   104 |             return (p.x() >= 0 && p.x() < [01;31m[Kplanner[m[K.mapping.rows &&
[2.267s]       |                                           [01;31m[K^~~~~~~[m[K
[2.267s]       |                                           [32m[KDMapPlanner[m[K
[2.267s] [01m[K/home/john/Desktop/rp_ros2_rviz/src/pathplanner_node.cpp:[m[K In function ‘[01m[Kvoid makePath(const std::shared_ptr<DMap>&, float, float, const Vector2f&)[m[K’:
[2.267s] [01m[K/home/john/Desktop/rp_ros2_rviz/src/pathplanner_node.cpp:108:22:[m[K [01;31m[Kerror: [m[Kcould not convert ‘[01m[KinBounds.makePath(const std::shared_ptr<DMap>&, float, float, const Vector2f&)::<lambda(const Vector2f&)>((* & goal_position))[m[K’ from ‘[01m[Kvoid[m[K’ to ‘[01m[Kbool[m[K’
[2.267s]   108 |         if (![01;31m[KinBounds(goal_position)[m[K || !inBounds(latest_robot_position)) {
[2.267s]       |              [01;31m[K~~~~~~~~^~~~~~~~~~~~~~~[m[K
[2.267s]       |                      [01;31m[K|[m[K
[2.267s]       |                      [01;31m[Kvoid[m[K
[2.267s] [01m[K/home/john/Desktop/rp_ros2_rviz/src/pathplanner_node.cpp:108:36:[m[K [01;31m[Kerror: [m[Kin argument to unary !
[2.267s]   108 |         if (!inBounds(goal_position[01;31m[K)[m[K || !inBounds(latest_robot_position)) {
[2.267s]       |                                    [01;31m[K^[m[K
[2.274s] [01m[K/home/john/Desktop/rp_ros2_rviz/src/pathplanner_node.cpp:108:51:[m[K [01;31m[Kerror: [m[K‘[01m[Klatest_robot_position[m[K’ was not declared in this scope
[2.275s]   108 |         if (!inBounds(goal_position) || !inBounds([01;31m[Klatest_robot_position[m[K)) {
[2.275s]       |                                                   [01;31m[K^~~~~~~~~~~~~~~~~~~~~[m[K
[2.275s] In file included from [01m[K/opt/ros/foxy/include/rclcpp/service.hpp:34[m[K,
[2.275s]                  from [01m[K/opt/ros/foxy/include/rclcpp/callback_group.hpp:25[m[K,
[2.275s]                  from [01m[K/opt/ros/foxy/include/rclcpp/any_executable.hpp:20[m[K,
[2.275s]                  from [01m[K/opt/ros/foxy/include/rclcpp/memory_strategy.hpp:24[m[K,
[2.275s]                  from [01m[K/opt/ros/foxy/include/rclcpp/memory_strategies.hpp:18[m[K,
[2.275s]                  from [01m[K/opt/ros/foxy/include/rclcpp/executor_options.hpp:20[m[K,
[2.275s]                  from [01m[K/opt/ros/foxy/include/rclcpp/executor.hpp:33[m[K,
[2.275s]                  from [01m[K/opt/ros/foxy/include/rclcpp/executors/multi_threaded_executor.hpp:26[m[K,
[2.275s]                  from [01m[K/opt/ros/foxy/include/rclcpp/executors.hpp:21[m[K,
[2.275s]                  from [01m[K/opt/ros/foxy/include/rclcpp/rclcpp.hpp:146[m[K,
[2.275s]                  from [01m[K/home/john/Desktop/rp_ros2_rviz/include/rp_ros2_rviz/pathplanner.h:2[m[K,
[2.275s]                  from [01m[K/home/john/Desktop/rp_ros2_rviz/src/pathplanner_node.cpp:1[m[K:
[2.275s] [01m[K/home/john/Desktop/rp_ros2_rviz/src/pathplanner_node.cpp:109:26:[m[K [01;31m[Kerror: [m[Kinvalid use of ‘[01m[Kthis[m[K’ in non-member function
[2.275s]   109 |             RCLCPP_ERROR([01;31m[Kthis[m[K->get_logger(), "Gol out of bound");
[2.275s]       |                          [01;31m[K^~~~[m[K
[2.275s] [01m[K/home/john/Desktop/rp_ros2_rviz/src/pathplanner_node.cpp:109:26:[m[K [01;31m[Kerror: [m[Kinvalid use of ‘[01m[Kthis[m[K’ in non-member function
[2.275s] [01m[K/home/john/Desktop/rp_ros2_rviz/src/pathplanner_node.cpp:109:13:[m[K [01;31m[Kerror: [m[Ktemplate argument 1 is invalid
[2.275s]   109 |             [01;31m[KRCLCPP_ERROR[m[K(this->get_logger(), "Gol out of bound");
[2.275s]       |             [01;31m[K^~~~~~~~~~~~[m[K
[2.275s] [01m[K/home/john/Desktop/rp_ros2_rviz/src/pathplanner_node.cpp:109:13:[m[K [01;31m[Kerror: [m[Ktemplate argument 1 is invalid
[2.275s]   109 |             [01;31m[KRCLCPP_ERROR[m[K(this->get_logger(), "Gol out of bound");
[2.276s]       |             [01;31m[K^~~~~~~~~~~~[m[K
[2.276s] [01m[K/home/john/Desktop/rp_ros2_rviz/src/pathplanner_node.cpp:109:13:[m[K [01;31m[Kerror: [m[Ktemplate argument 1 is invalid
[2.276s]   109 |             [01;31m[KRCLCPP_ERROR[m[K(this->get_logger(), "Gol out of bound");
[2.276s]       |             [01;31m[K^~~~~~~~~~~~[m[K
[2.276s] In file included from [01m[K/opt/ros/foxy/include/rclcpp/client.hpp:40[m[K,
[2.276s]                  from [01m[K/opt/ros/foxy/include/rclcpp/callback_group.hpp:23[m[K,
[2.276s]                  from [01m[K/opt/ros/foxy/include/rclcpp/any_executable.hpp:20[m[K,
[2.276s]                  from [01m[K/opt/ros/foxy/include/rclcpp/memory_strategy.hpp:24[m[K,
[2.276s]                  from [01m[K/opt/ros/foxy/include/rclcpp/memory_strategies.hpp:18[m[K,
[2.276s]                  from [01m[K/opt/ros/foxy/include/rclcpp/executor_options.hpp:20[m[K,
[2.276s]                  from [01m[K/opt/ros/foxy/include/rclcpp/executor.hpp:33[m[K,
[2.276s]                  from [01m[K/opt/ros/foxy/include/rclcpp/executors/multi_threaded_executor.hpp:26[m[K,
[2.276s]                  from [01m[K/opt/ros/foxy/include/rclcpp/executors.hpp:21[m[K,
[2.276s]                  from [01m[K/opt/ros/foxy/include/rclcpp/rclcpp.hpp:146[m[K,
[2.276s]                  from [01m[K/home/john/Desktop/rp_ros2_rviz/include/rp_ros2_rviz/pathplanner.h:2[m[K,
[2.276s]                  from [01m[K/home/john/Desktop/rp_ros2_rviz/src/pathplanner_node.cpp:1[m[K:
[2.276s] [01m[K/home/john/Desktop/rp_ros2_rviz/src/pathplanner_node.cpp:109:26:[m[K [01;31m[Kerror: [m[Kinvalid use of ‘[01m[Kthis[m[K’ in non-member function
[2.276s]   109 |             RCLCPP_ERROR([01;31m[Kthis[m[K->get_logger(), "Gol out of bound");
[2.276s]       |                          [01;31m[K^~~~[m[K
[2.276s] [01m[K/home/john/Desktop/rp_ros2_rviz/src/pathplanner_node.cpp:109:26:[m[K [01;31m[Kerror: [m[Kinvalid use of ‘[01m[Kthis[m[K’ in non-member function
[2.276s]   109 |             RCLCPP_ERROR([01;31m[Kthis[m[K->get_logger(), "Gol out of bound");
[2.276s]       |                          [01;31m[K^~~~[m[K
[2.279s] [01m[K/home/john/Desktop/rp_ros2_rviz/src/pathplanner_node.cpp:114:33:[m[K [01;31m[Kerror: [m[K‘[01m[Kplanner[m[K’ was not declared in this scope; did you mean ‘[01m[KDMapPlanner[m[K’?
[2.279s]   114 |         Eigen::Vector2f click = [01;31m[Kplanner[m[K.mapping.g2w(goal_position);
[2.279s]       |                                 [01;31m[K^~~~~~~[m[K
[2.279s]       |                                 [32m[KDMapPlanner[m[K
[2.286s] [01m[K/home/john/Desktop/rp_ros2_rviz/src/pathplanner_node.cpp:118:58:[m[K [01;31m[Kerror: [m[K‘[01m[Klatest_robot_position[m[K’ was not declared in this scope
[2.286s]   118 |         Eigen::Vector2f world_goal = planner.mapping.g2w([01;31m[Klatest_robot_position[m[K);
[2.286s]       |                                                          [01;31m[K^~~~~~~~~~~~~~~~~~~~~[m[K
[2.287s] In file included from [01m[K/opt/ros/foxy/include/rclcpp/service.hpp:34[m[K,
[2.287s]                  from [01m[K/opt/ros/foxy/include/rclcpp/callback_group.hpp:25[m[K,
[2.287s]                  from [01m[K/opt/ros/foxy/include/rclcpp/any_executable.hpp:20[m[K,
[2.287s]                  from [01m[K/opt/ros/foxy/include/rclcpp/memory_strategy.hpp:24[m[K,
[2.287s]                  from [01m[K/opt/ros/foxy/include/rclcpp/memory_strategies.hpp:18[m[K,
[2.287s]                  from [01m[K/opt/ros/foxy/include/rclcpp/executor_options.hpp:20[m[K,
[2.287s]                  from [01m[K/opt/ros/foxy/include/rclcpp/executor.hpp:33[m[K,
[2.287s]                  from [01m[K/opt/ros/foxy/include/rclcpp/executors/multi_threaded_executor.hpp:26[m[K,
[2.287s]                  from [01m[K/opt/ros/foxy/include/rclcpp/executors.hpp:21[m[K,
[2.287s]                  from [01m[K/opt/ros/foxy/include/rclcpp/rclcpp.hpp:146[m[K,
[2.287s]                  from [01m[K/home/john/Desktop/rp_ros2_rviz/include/rp_ros2_rviz/pathplanner.h:2[m[K,
[2.287s]                  from [01m[K/home/john/Desktop/rp_ros2_rviz/src/pathplanner_node.cpp:1[m[K:
[2.287s] [01m[K/home/john/Desktop/rp_ros2_rviz/src/pathplanner_node.cpp:120:21:[m[K [01;31m[Kerror: [m[Kinvalid use of ‘[01m[Kthis[m[K’ in non-member function
[2.287s]   120 |         RCLCPP_INFO([01;31m[Kthis[m[K->get_logger(), "Start Position: (%.2f, %.2f)",
[2.287s]       |                     [01;31m[K^~~~[m[K
[2.287s] [01m[K/home/john/Desktop/rp_ros2_rviz/src/pathplanner_node.cpp:120:21:[m[K [01;31m[Kerror: [m[Kinvalid use of ‘[01m[Kthis[m[K’ in non-member function
[2.287s] [01m[K/home/john/Desktop/rp_ros2_rviz/src/pathplanner_node.cpp:120:9:[m[K [01;31m[Kerror: [m[Ktemplate argument 1 is invalid
[2.287s]   120 |         [01;31m[KRCLCPP_INFO[m[K(this->get_logger(), "Start Position: (%.2f, %.2f)",
[2.287s]       |         [01;31m[K^~~~~~~~~~~[m[K
[2.287s] [01m[K/home/john/Desktop/rp_ros2_rviz/src/pathplanner_node.cpp:120:9:[m[K [01;31m[Kerror: [m[Ktemplate argument 1 is invalid
[2.288s]   120 |         [01;31m[KRCLCPP_INFO[m[K(this->get_logger(), "Start Position: (%.2f, %.2f)",
[2.288s]       |         [01;31m[K^~~~~~~~~~~[m[K
[2.288s] [01m[K/home/john/Desktop/rp_ros2_rviz/src/pathplanner_node.cpp:120:9:[m[K [01;31m[Kerror: [m[Ktemplate argument 1 is invalid
[2.288s]   120 |         [01;31m[KRCLCPP_INFO[m[K(this->get_logger(), "Start Position: (%.2f, %.2f)",
[2.288s]       |         [01;31m[K^~~~~~~~~~~[m[K
[2.288s] In file included from [01m[K/opt/ros/foxy/include/rclcpp/client.hpp:40[m[K,
[2.288s]                  from [01m[K/opt/ros/foxy/include/rclcpp/callback_group.hpp:23[m[K,
[2.288s]                  from [01m[K/opt/ros/foxy/include/rclcpp/any_executable.hpp:20[m[K,
[2.288s]                  from [01m[K/opt/ros/foxy/include/rclcpp/memory_strategy.hpp:24[m[K,
[2.288s]                  from [01m[K/opt/ros/foxy/include/rclcpp/memory_strategies.hpp:18[m[K,
[2.288s]                  from [01m[K/opt/ros/foxy/include/rclcpp/executor_options.hpp:20[m[K,
[2.288s]                  from [01m[K/opt/ros/foxy/include/rclcpp/executor.hpp:33[m[K,
[2.288s]                  from [01m[K/opt/ros/foxy/include/rclcpp/executors/multi_threaded_executor.hpp:26[m[K,
[2.288s]                  from [01m[K/opt/ros/foxy/include/rclcpp/executors.hpp:21[m[K,
[2.288s]                  from [01m[K/opt/ros/foxy/include/rclcpp/rclcpp.hpp:146[m[K,
[2.288s]                  from [01m[K/home/john/Desktop/rp_ros2_rviz/include/rp_ros2_rviz/pathplanner.h:2[m[K,
[2.288s]                  from [01m[K/home/john/Desktop/rp_ros2_rviz/src/pathplanner_node.cpp:1[m[K:
[2.288s] [01m[K/home/john/Desktop/rp_ros2_rviz/src/pathplanner_node.cpp:120:21:[m[K [01;31m[Kerror: [m[Kinvalid use of ‘[01m[Kthis[m[K’ in non-member function
[2.288s]   120 |         RCLCPP_INFO([01;31m[Kthis[m[K->get_logger(), "Start Position: (%.2f, %.2f)",
[2.288s]       |                     [01;31m[K^~~~[m[K
[2.288s] [01m[K/home/john/Desktop/rp_ros2_rviz/src/pathplanner_node.cpp:120:21:[m[K [01;31m[Kerror: [m[Kinvalid use of ‘[01m[Kthis[m[K’ in non-member function
[2.288s]   120 |         RCLCPP_INFO([01;31m[Kthis[m[K->get_logger(), "Start Position: (%.2f, %.2f)",
[2.288s]       |                     [01;31m[K^~~~[m[K
[2.291s] [01m[K/home/john/Desktop/rp_ros2_rviz/src/pathplanner_node.cpp:123:29:[m[K [01;31m[Kerror: [m[K‘[01m[Kpath[m[K’ was not declared in this scope
[2.291s]   123 |         planner.computePath([01;31m[Kpath[m[K, world_goal, planner.mapping.resolution * 2, 3000, use_gradient);
[2.291s]       |                             [01;31m[K^~~~[m[K
[2.296s] [01m[K/home/john/Desktop/rp_ros2_rviz/src/pathplanner_node.cpp:123:85:[m[K [01;31m[Kerror: [m[K‘[01m[Kuse_gradient[m[K’ was not declared in this scope
[2.297s]   123 |         planner.computePath(path, world_goal, planner.mapping.resolution * 2, 3000, [01;31m[Kuse_gradient[m[K);
[2.297s]       |                                                                                     [01;31m[K^~~~~~~~~~~~[m[K
[2.297s] [01m[K/home/john/Desktop/rp_ros2_rviz/src/pathplanner_node.cpp:127:35:[m[K [01;31m[Kerror: [m[Kinvalid use of ‘[01m[Kthis[m[K’ in non-member function
[2.297s]   127 |         pose_array.header.stamp = [01;31m[Kthis[m[K->now();
[2.297s]       |                                   [01;31m[K^~~~[m[K
[2.297s] In file included from [01m[K/opt/ros/foxy/include/rclcpp/service.hpp:34[m[K,
[2.297s]                  from [01m[K/opt/ros/foxy/include/rclcpp/callback_group.hpp:25[m[K,
[2.297s]                  from [01m[K/opt/ros/foxy/include/rclcpp/any_executable.hpp:20[m[K,
[2.297s]                  from [01m[K/opt/ros/foxy/include/rclcpp/memory_strategy.hpp:24[m[K,
[2.297s]                  from [01m[K/opt/ros/foxy/include/rclcpp/memory_strategies.hpp:18[m[K,
[2.297s]                  from [01m[K/opt/ros/foxy/include/rclcpp/executor_options.hpp:20[m[K,
[2.297s]                  from [01m[K/opt/ros/foxy/include/rclcpp/executor.hpp:33[m[K,
[2.297s]                  from [01m[K/opt/ros/foxy/include/rclcpp/executors/multi_threaded_executor.hpp:26[m[K,
[2.298s]                  from [01m[K/opt/ros/foxy/include/rclcpp/executors.hpp:21[m[K,
[2.298s]                  from [01m[K/opt/ros/foxy/include/rclcpp/rclcpp.hpp:146[m[K,
[2.298s]                  from [01m[K/home/john/Desktop/rp_ros2_rviz/include/rp_ros2_rviz/pathplanner.h:2[m[K,
[2.298s]                  from [01m[K/home/john/Desktop/rp_ros2_rviz/src/pathplanner_node.cpp:1[m[K:
[2.298s] [01m[K/home/john/Desktop/rp_ros2_rviz/src/pathplanner_node.cpp:162:21:[m[K [01;31m[Kerror: [m[Kinvalid use of ‘[01m[Kthis[m[K’ in non-member function
[2.298s]   162 |         RCLCPP_INFO([01;31m[Kthis[m[K->get_logger(), "Publishing %ld poses to world node", pose_array.poses.size());
[2.298s]       |                     [01;31m[K^~~~[m[K
[2.298s] [01m[K/home/john/Desktop/rp_ros2_rviz/src/pathplanner_node.cpp:162:21:[m[K [01;31m[Kerror: [m[Kinvalid use of ‘[01m[Kthis[m[K’ in non-member function
[2.298s] [01m[K/home/john/Desktop/rp_ros2_rviz/src/pathplanner_node.cpp:162:9:[m[K [01;31m[Kerror: [m[Ktemplate argument 1 is invalid
[2.298s]   162 |         [01;31m[KRCLCPP_INFO[m[K(this->get_logger(), "Publishing %ld poses to world node", pose_array.poses.size());
[2.298s]       |         [01;31m[K^~~~~~~~~~~[m[K
[2.298s] [01m[K/home/john/Desktop/rp_ros2_rviz/src/pathplanner_node.cpp:162:9:[m[K [01;31m[Kerror: [m[Ktemplate argument 1 is invalid
[2.298s]   162 |         [01;31m[KRCLCPP_INFO[m[K(this->get_logger(), "Publishing %ld poses to world node", pose_array.poses.size());
[2.298s]       |         [01;31m[K^~~~~~~~~~~[m[K
[2.298s] [01m[K/home/john/Desktop/rp_ros2_rviz/src/pathplanner_node.cpp:162:9:[m[K [01;31m[Kerror: [m[Ktemplate argument 1 is invalid
[2.298s]   162 |         [01;31m[KRCLCPP_INFO[m[K(this->get_logger(), "Publishing %ld poses to world node", pose_array.poses.size());
[2.298s]       |         [01;31m[K^~~~~~~~~~~[m[K
[2.298s] In file included from [01m[K/opt/ros/foxy/include/rclcpp/client.hpp:40[m[K,
[2.299s]                  from [01m[K/opt/ros/foxy/include/rclcpp/callback_group.hpp:23[m[K,
[2.299s]                  from [01m[K/opt/ros/foxy/include/rclcpp/any_executable.hpp:20[m[K,
[2.299s]                  from [01m[K/opt/ros/foxy/include/rclcpp/memory_strategy.hpp:24[m[K,
[2.299s]                  from [01m[K/opt/ros/foxy/include/rclcpp/memory_strategies.hpp:18[m[K,
[2.299s]                  from [01m[K/opt/ros/foxy/include/rclcpp/executor_options.hpp:20[m[K,
[2.299s]                  from [01m[K/opt/ros/foxy/include/rclcpp/executor.hpp:33[m[K,
[2.299s]                  from [01m[K/opt/ros/foxy/include/rclcpp/executors/multi_threaded_executor.hpp:26[m[K,
[2.299s]                  from [01m[K/opt/ros/foxy/include/rclcpp/executors.hpp:21[m[K,
[2.299s]                  from [01m[K/opt/ros/foxy/include/rclcpp/rclcpp.hpp:146[m[K,
[2.299s]                  from [01m[K/home/john/Desktop/rp_ros2_rviz/include/rp_ros2_rviz/pathplanner.h:2[m[K,
[2.299s]                  from [01m[K/home/john/Desktop/rp_ros2_rviz/src/pathplanner_node.cpp:1[m[K:
[2.299s] [01m[K/home/john/Desktop/rp_ros2_rviz/src/pathplanner_node.cpp:162:21:[m[K [01;31m[Kerror: [m[Kinvalid use of ‘[01m[Kthis[m[K’ in non-member function
[2.299s]   162 |         RCLCPP_INFO([01;31m[Kthis[m[K->get_logger(), "Publishing %ld poses to world node", pose_array.poses.size());
[2.299s]       |                     [01;31m[K^~~~[m[K
[2.299s] [01m[K/home/john/Desktop/rp_ros2_rviz/src/pathplanner_node.cpp:162:21:[m[K [01;31m[Kerror: [m[Kinvalid use of ‘[01m[Kthis[m[K’ in non-member function
[2.299s]   162 |         RCLCPP_INFO([01;31m[Kthis[m[K->get_logger(), "Publishing %ld poses to world node", pose_array.poses.size());
[2.299s]       |                     [01;31m[K^~~~[m[K
[2.304s] [01m[K/home/john/Desktop/rp_ros2_rviz/src/pathplanner_node.cpp:163:9:[m[K [01;31m[Kerror: [m[K‘[01m[Kpose_array_pub_[m[K’ was not declared in this scope; did you mean ‘[01m[Kpose_array[m[K’?
[2.304s]   163 |         [01;31m[Kpose_array_pub_[m[K->publish(pose_array);
[2.304s]       |         [01;31m[K^~~~~~~~~~~~~~~[m[K
[2.304s]       |         [32m[Kpose_array[m[K
[2.305s] [01m[K/home/john/Desktop/rp_ros2_rviz/src/pathplanner_node.cpp:92:48:[m[K [01;35m[Kwarning: [m[Kunused parameter ‘[01m[Kdmap[m[K’ [[01;35m[K-Wunused-parameter[m[K]
[2.305s]    92 |     void makePath([01;35m[Kconst std::shared_ptr<DMap>& dmap[m[K, float resolution, float expansion_range, const Eigen::Vector2f& goal_position){
[2.305s]       |                   [01;35m[K~~~~~~~~~~~~~~~~~~~~~~~~~~~~~^~~~[m[K
[2.305s] [01m[K/home/john/Desktop/rp_ros2_rviz/src/pathplanner_node.cpp:92:60:[m[K [01;35m[Kwarning: [m[Kunused parameter ‘[01m[Kresolution[m[K’ [[01;35m[K-Wunused-parameter[m[K]
[2.305s]    92 |     void makePath(const std::shared_ptr<DMap>& dmap, [01;35m[Kfloat resolution[m[K, float expansion_range, const Eigen::Vector2f& goal_position){
[2.305s]       |                                                      [01;35m[K~~~~~~^~~~~~~~~~[m[K
[2.305s] [01m[K/home/john/Desktop/rp_ros2_rviz/src/pathplanner_node.cpp:92:78:[m[K [01;35m[Kwarning: [m[Kunused parameter ‘[01m[Kexpansion_range[m[K’ [[01;35m[K-Wunused-parameter[m[K]
[2.305s]    92 |     void makePath(const std::shared_ptr<DMap>& dmap, float resolution, [01;35m[Kfloat expansion_range[m[K, const Eigen::Vector2f& goal_position){
[2.305s]       |                                                                        [01;35m[K~~~~~~^~~~~~~~~~~~~~~[m[K
[2.312s] [01m[K/home/john/Desktop/rp_ros2_rviz/src/pathplanner_node.cpp:[m[K In function ‘[01m[Kvoid publishBool()[m[K’:
[2.312s] [01m[K/home/john/Desktop/rp_ros2_rviz/src/pathplanner_node.cpp:170:9:[m[K [01;31m[Kerror: [m[K‘[01m[Kbool_pub_path[m[K’ was not declared in this scope
[2.312s]   170 |         [01;31m[Kbool_pub_path[m[K->publish(bool_msg);
[2.312s]       |         [01;31m[K^~~~~~~~~~~~~[m[K
[2.316s] [01m[K/home/john/Desktop/rp_ros2_rviz/src/pathplanner_node.cpp:170:32:[m[K [01;31m[Kerror: [m[K‘[01m[Kbool_msg[m[K’ was not declared in this scope
[2.316s]   170 |         bool_pub_path->publish([01;31m[Kbool_msg[m[K);
[2.316s]       |                                [01;31m[K^~~~~~~~[m[K
[2.817s] In file included from [01m[K/usr/include/aarch64-linux-gnu/c++/9/bits/c++allocator.h:33[m[K,
[2.817s]                  from [01m[K/usr/include/c++/9/bits/allocator.h:46[m[K,
[2.817s]                  from [01m[K/usr/include/c++/9/string:41[m[K,
[2.817s]                  from [01m[K/usr/include/c++/9/bits/locale_classes.h:40[m[K,
[2.817s]                  from [01m[K/usr/include/c++/9/bits/ios_base.h:41[m[K,
[2.817s]                  from [01m[K/usr/include/c++/9/ios:42[m[K,
[2.817s]                  from [01m[K/usr/include/c++/9/ostream:38[m[K,
[2.818s]                  from [01m[K/usr/include/c++/9/iostream:39[m[K,
[2.818s]                  from [01m[K/home/john/Desktop/rp_ros2_rviz/include/rp_ros2_rviz/world.h:1[m[K,
[2.818s]                  from [01m[K/home/john/Desktop/rp_ros2_rviz/src/world_node.cpp:1[m[K:
[2.818s] /usr/include/c++/9/ext/new_allocator.h: In instantiation of ‘[01m[Kvoid __gnu_cxx::new_allocator<_Tp>::construct(_Up*, _Args&& ...) [with _Up = WorldNode; _Args = {}; _Tp = WorldNode][m[K’:
[2.818s] [01m[K/usr/include/c++/9/bits/alloc_traits.h:483:4:[m[K   required from ‘[01m[Kstatic void std::allocator_traits<std::allocator<_CharT> >::construct(std::allocator_traits<std::allocator<_CharT> >::allocator_type&, _Up*, _Args&& ...) [with _Up = WorldNode; _Args = {}; _Tp = WorldNode; std::allocator_traits<std::allocator<_CharT> >::allocator_type = std::allocator<WorldNode>][m[K’
[2.818s] [01m[K/usr/include/c++/9/bits/shared_ptr_base.h:548:39:[m[K   required from ‘[01m[Kstd::_Sp_counted_ptr_inplace<_Tp, _Alloc, _Lp>::_Sp_counted_ptr_inplace(_Alloc, _Args&& ...) [with _Args = {}; _Tp = WorldNode; _Alloc = std::allocator<WorldNode>; __gnu_cxx::_Lock_policy _Lp = __gnu_cxx::_S_atomic][m[K’
[2.818s] [01m[K/usr/include/c++/9/bits/shared_ptr_base.h:679:16:[m[K   required from ‘[01m[Kstd::__shared_count<_Lp>::__shared_count(_Tp*&, std::_Sp_alloc_shared_tag<_Alloc>, _Args&& ...) [with _Tp = WorldNode; _Alloc = std::allocator<WorldNode>; _Args = {}; __gnu_cxx::_Lock_policy _Lp = __gnu_cxx::_S_atomic][m[K’
[2.818s] [01m[K/usr/include/c++/9/bits/shared_ptr_base.h:1344:71:[m[K   required from ‘[01m[Kstd::__shared_ptr<_Tp, _Lp>::__shared_ptr(std::_Sp_alloc_shared_tag<_Tp>, _Args&& ...) [with _Alloc = std::allocator<WorldNode>; _Args = {}; _Tp = WorldNode; __gnu_cxx::_Lock_policy _Lp = __gnu_cxx::_S_atomic][m[K’
[2.818s] [01m[K/usr/include/c++/9/bits/shared_ptr.h:359:59:[m[K   required from ‘[01m[Kstd::shared_ptr<_Tp>::shared_ptr(std::_Sp_alloc_shared_tag<_Tp>, _Args&& ...) [with _Alloc = std::allocator<WorldNode>; _Args = {}; _Tp = WorldNode][m[K’
[2.818s] [01m[K/usr/include/c++/9/bits/shared_ptr.h:701:14:[m[K   required from ‘[01m[Kstd::shared_ptr<_Tp> std::allocate_shared(const _Alloc&, _Args&& ...) [with _Tp = WorldNode; _Alloc = std::allocator<WorldNode>; _Args = {}][m[K’
[2.818s] [01m[K/usr/include/c++/9/bits/shared_ptr.h:717:39:[m[K   required from ‘[01m[Kstd::shared_ptr<_Tp> std::make_shared(_Args&& ...) [with _Tp = WorldNode; _Args = {}][m[K’
[2.818s] [01m[K/home/john/Desktop/rp_ros2_rviz/src/world_node.cpp:414:45:[m[K   required from here
[2.818s] [01m[K/usr/include/c++/9/ext/new_allocator.h:146:4:[m[K [01;31m[Kerror: [m[Kuse of deleted function ‘[01m[KWorldNode::WorldNode()[m[K’
[2.818s]   146 |  { [01;31m[K::new((void *)__p) _Up(std::forward<_Args>(__args)...)[m[K; }
[2.818s]       |    [01;31m[K^~~~~~~~~~~~~~~~~~~~~~~~~~~~~~~~~~~~~~~~~~~~~~~~~~~~~~[m[K
[2.818s] In file included from [01m[K/home/john/Desktop/rp_ros2_rviz/src/world_node.cpp:1[m[K:
[2.818s] [01m[K/home/john/Desktop/rp_ros2_rviz/include/rp_ros2_rviz/world.h:22:7:[m[K [01;36m[Knote: [m[K‘[01m[KWorldNode::WorldNode()[m[K’ is implicitly deleted because the default definition would be ill-formed:
[2.818s]    22 | class [01;36m[KWorldNode[m[K : public rclcpp::Node {
[2.818s]       |       [01;36m[K^~~~~~~~~[m[K
[2.818s] [01m[K/home/john/Desktop/rp_ros2_rviz/include/rp_ros2_rviz/world.h:22:7:[m[K [01;31m[Kerror: [m[Kno matching function for call to ‘[01m[Krclcpp::Node::Node()[m[K’
[2.818s] In file included from [01m[K/opt/ros/foxy/include/rclcpp/executors/single_threaded_executor.hpp:28[m[K,
[2.818s]                  from [01m[K/opt/ros/foxy/include/rclcpp/executors.hpp:22[m[K,
[2.818s]                  from [01m[K/opt/ros/foxy/include/rclcpp/rclcpp.hpp:146[m[K,
[2.818s]                  from [01m[K/home/john/Desktop/rp_ros2_rviz/include/rp_ros2_rviz/world.h:2[m[K,
[2.818s]                  from [01m[K/home/john/Desktop/rp_ros2_rviz/src/world_node.cpp:1[m[K:
[2.819s] [01m[K/opt/ros/foxy/include/rclcpp/node.hpp:1193:3:[m[K [01;36m[Knote: [m[Kcandidate: ‘[01m[Krclcpp::Node::Node(const rclcpp::Node&, const string&)[m[K’
[2.819s]  1193 |   [01;36m[KNode[m[K(
[2.819s]       |   [01;36m[K^~~~[m[K
[2.819s] [01m[K/opt/ros/foxy/include/rclcpp/node.hpp:1193:3:[m[K [01;36m[Knote: [m[K  candidate expects 2 arguments, 0 provided
[2.819s] [01m[K/opt/ros/foxy/include/rclcpp/node.hpp:98:12:[m[K [01;36m[Knote: [m[Kcandidate: ‘[01m[Krclcpp::Node::Node(const string&, const string&, const rclcpp::NodeOptions&)[m[K’
[2.819s]    98 |   explicit [01;36m[KNode[m[K(
[2.819s]       |            [01;36m[K^~~~[m[K
[2.819s] [01m[K/opt/ros/foxy/include/rclcpp/node.hpp:98:12:[m[K [01;36m[Knote: [m[K  candidate expects 3 arguments, 0 provided
[2.819s] [01m[K/opt/ros/foxy/include/rclcpp/node.hpp:86:12:[m[K [01;36m[Knote: [m[Kcandidate: ‘[01m[Krclcpp::Node::Node(const string&, const rclcpp::NodeOptions&)[m[K’
[2.819s]    86 |   explicit [01;36m[KNode[m[K(
[2.819s]       |            [01;36m[K^~~~[m[K
[2.819s] [01m[K/opt/ros/foxy/include/rclcpp/node.hpp:86:12:[m[K [01;36m[Knote: [m[K  candidate expects 2 arguments, 0 provided
[2.933s] In file included from [01m[K/usr/include/aarch64-linux-gnu/c++/9/bits/c++allocator.h:33[m[K,
[2.934s]                  from [01m[K/usr/include/c++/9/bits/allocator.h:46[m[K,
[2.934s]                  from [01m[K/usr/include/c++/9/string:41[m[K,
[2.934s]                  from [01m[K/usr/include/c++/9/bits/locale_classes.h:40[m[K,
[2.934s]                  from [01m[K/usr/include/c++/9/bits/ios_base.h:41[m[K,
[2.934s]                  from [01m[K/usr/include/c++/9/ios:42[m[K,
[2.934s]                  from [01m[K/usr/include/c++/9/ostream:38[m[K,
[2.934s]                  from [01m[K/usr/include/c++/9/iostream:39[m[K,
[2.934s]                  from [01m[K/home/john/Desktop/rp_ros2_rviz/include/rp_ros2_rviz/pathplanner.h:1[m[K,
[2.934s]                  from [01m[K/home/john/Desktop/rp_ros2_rviz/src/pathplanner_node.cpp:1[m[K:
[2.934s] /usr/include/c++/9/ext/new_allocator.h: In instantiation of ‘[01m[Kvoid __gnu_cxx::new_allocator<_Tp>::construct(_Up*, _Args&& ...) [with _Up = PathPlanner; _Args = {}; _Tp = PathPlanner][m[K’:
[2.934s] [01m[K/usr/include/c++/9/bits/alloc_traits.h:483:4:[m[K   required from ‘[01m[Kstatic void std::allocator_traits<std::allocator<_CharT> >::construct(std::allocator_traits<std::allocator<_CharT> >::allocator_type&, _Up*, _Args&& ...) [with _Up = PathPlanner; _Args = {}; _Tp = PathPlanner; std::allocator_traits<std::allocator<_CharT> >::allocator_type = std::allocator<PathPlanner>][m[K’
[2.934s] [01m[K/usr/include/c++/9/bits/shared_ptr_base.h:548:39:[m[K   required from ‘[01m[Kstd::_Sp_counted_ptr_inplace<_Tp, _Alloc, _Lp>::_Sp_counted_ptr_inplace(_Alloc, _Args&& ...) [with _Args = {}; _Tp = PathPlanner; _Alloc = std::allocator<PathPlanner>; __gnu_cxx::_Lock_policy _Lp = __gnu_cxx::_S_atomic][m[K’
[2.934s] [01m[K/usr/include/c++/9/bits/shared_ptr_base.h:679:16:[m[K   required from ‘[01m[Kstd::__shared_count<_Lp>::__shared_count(_Tp*&, std::_Sp_alloc_shared_tag<_Alloc>, _Args&& ...) [with _Tp = PathPlanner; _Alloc = std::allocator<PathPlanner>; _Args = {}; __gnu_cxx::_Lock_policy _Lp = __gnu_cxx::_S_atomic][m[K’
[2.934s] [01m[K/usr/include/c++/9/bits/shared_ptr_base.h:1344:71:[m[K   required from ‘[01m[Kstd::__shared_ptr<_Tp, _Lp>::__shared_ptr(std::_Sp_alloc_shared_tag<_Tp>, _Args&& ...) [with _Alloc = std::allocator<PathPlanner>; _Args = {}; _Tp = PathPlanner; __gnu_cxx::_Lock_policy _Lp = __gnu_cxx::_S_atomic][m[K’
[2.934s] [01m[K/usr/include/c++/9/bits/shared_ptr.h:359:59:[m[K   required from ‘[01m[Kstd::shared_ptr<_Tp>::shared_ptr(std::_Sp_alloc_shared_tag<_Tp>, _Args&& ...) [with _Alloc = std::allocator<PathPlanner>; _Args = {}; _Tp = PathPlanner][m[K’
[2.934s] [01m[K/usr/include/c++/9/bits/shared_ptr.h:701:14:[m[K   required from ‘[01m[Kstd::shared_ptr<_Tp> std::allocate_shared(const _Alloc&, _Args&& ...) [with _Tp = PathPlanner; _Alloc = std::allocator<PathPlanner>; _Args = {}][m[K’
[2.934s] [01m[K/usr/include/c++/9/bits/shared_ptr.h:717:39:[m[K   required from ‘[01m[Kstd::shared_ptr<_Tp> std::make_shared(_Args&& ...) [with _Tp = PathPlanner; _Args = {}][m[K’
[2.934s] [01m[K/home/john/Desktop/rp_ros2_rviz/src/pathplanner_node.cpp:208:60:[m[K   required from here
[2.934s] [01m[K/usr/include/c++/9/ext/new_allocator.h:146:4:[m[K [01;31m[Kerror: [m[Kuse of deleted function ‘[01m[KPathPlanner::PathPlanner()[m[K’
[2.934s]   146 |  { [01;31m[K::new((void *)__p) _Up(std::forward<_Args>(__args)...)[m[K; }
[2.934s]       |    [01;31m[K^~~~~~~~~~~~~~~~~~~~~~~~~~~~~~~~~~~~~~~~~~~~~~~~~~~~~~[m[K
[2.934s] In file included from [01m[K/home/john/Desktop/rp_ros2_rviz/src/pathplanner_node.cpp:1[m[K:
[2.934s] [01m[K/home/john/Desktop/rp_ros2_rviz/include/rp_ros2_rviz/pathplanner.h:17:7:[m[K [01;36m[Knote: [m[K‘[01m[KPathPlanner::PathPlanner()[m[K’ is implicitly deleted because the default definition would be ill-formed:
[2.934s]    17 | class [01;36m[KPathPlanner[m[K : public rclcpp::Node
[2.934s]       |       [01;36m[K^~~~~~~~~~~[m[K
[2.934s] [01m[K/home/john/Desktop/rp_ros2_rviz/include/rp_ros2_rviz/pathplanner.h:17:7:[m[K [01;31m[Kerror: [m[Kno matching function for call to ‘[01m[Krclcpp::Node::Node()[m[K’
[2.934s] In file included from [01m[K/opt/ros/foxy/include/rclcpp/executors/single_threaded_executor.hpp:28[m[K,
[2.934s]                  from [01m[K/opt/ros/foxy/include/rclcpp/executors.hpp:22[m[K,
[2.934s]                  from [01m[K/opt/ros/foxy/include/rclcpp/rclcpp.hpp:146[m[K,
[2.934s]                  from [01m[K/home/john/Desktop/rp_ros2_rviz/include/rp_ros2_rviz/pathplanner.h:2[m[K,
[2.934s]                  from [01m[K/home/john/Desktop/rp_ros2_rviz/src/pathplanner_node.cpp:1[m[K:
[2.934s] [01m[K/opt/ros/foxy/include/rclcpp/node.hpp:1193:3:[m[K [01;36m[Knote: [m[Kcandidate: ‘[01m[Krclcpp::Node::Node(const rclcpp::Node&, const string&)[m[K’
[2.934s]  1193 |   [01;36m[KNode[m[K(
[2.935s]       |   [01;36m[K^~~~[m[K
[2.935s] [01m[K/opt/ros/foxy/include/rclcpp/node.hpp:1193:3:[m[K [01;36m[Knote: [m[K  candidate expects 2 arguments, 0 provided
[2.935s] [01m[K/opt/ros/foxy/include/rclcpp/node.hpp:98:12:[m[K [01;36m[Knote: [m[Kcandidate: ‘[01m[Krclcpp::Node::Node(const string&, const string&, const rclcpp::NodeOptions&)[m[K’
[2.935s]    98 |   explicit [01;36m[KNode[m[K(
[2.935s]       |            [01;36m[K^~~~[m[K
[2.935s] [01m[K/opt/ros/foxy/include/rclcpp/node.hpp:98:12:[m[K [01;36m[Knote: [m[K  candidate expects 3 arguments, 0 provided
[2.935s] [01m[K/opt/ros/foxy/include/rclcpp/node.hpp:86:12:[m[K [01;36m[Knote: [m[Kcandidate: ‘[01m[Krclcpp::Node::Node(const string&, const rclcpp::NodeOptions&)[m[K’
[2.935s]    86 |   explicit [01;36m[KNode[m[K(
[2.935s]       |            [01;36m[K^~~~[m[K
[2.935s] [01m[K/opt/ros/foxy/include/rclcpp/node.hpp:86:12:[m[K [01;36m[Knote: [m[K  candidate expects 2 arguments, 0 provided
[3.043s] make[2]: *** [CMakeFiles/world_node.dir/build.make:63: CMakeFiles/world_node.dir/src/world_node.cpp.o] Error 1
[3.044s] make[1]: *** [CMakeFiles/Makefile2:140: CMakeFiles/world_node.dir/all] Error 2
[3.044s] make[1]: *** Waiting for unfinished jobs....
[3.609s] make[2]: *** [CMakeFiles/controller_node.dir/build.make:63: CMakeFiles/controller_node.dir/src/controller_node.cpp.o] Error 1
[3.610s] make[1]: *** [CMakeFiles/Makefile2:113: CMakeFiles/controller_node.dir/all] Error 2
[3.836s] make[2]: *** [CMakeFiles/pathplanner_node.dir/build.make:63: CMakeFiles/pathplanner_node.dir/src/pathplanner_node.cpp.o] Error 1
[3.837s] make[1]: *** [CMakeFiles/Makefile2:167: CMakeFiles/pathplanner_node.dir/all] Error 2
[3.837s] make: *** [Makefile:141: all] Error 2
[3.846s] Invoked command in '/home/john/Desktop/rp_ros2_rviz/build/rp_ros2_rviz' returned '2': CMAKE_PREFIX_PATH=${CMAKE_PREFIX_PATH}:/opt/ros/foxy /usr/bin/cmake --build /home/john/Desktop/rp_ros2_rviz/build/rp_ros2_rviz -- -j4 -l4
