[01m[K/home/john/Desktop/rp_ros2_rviz/src/world_node.cpp:[m[K In member function ‘[01m[Kvoid WorldNode::publishSimulatedOdomAndScan()[m[K’:
[01m[K/home/john/Desktop/rp_ros2_rviz/src/world_node.cpp:110:100:[m[K [01;31m[Kerror: [m[Kno matching function for call to ‘[01m[KWorldNode::simulateLaserConeAndPublishScan(cv::Mat&, Eigen::Vector2f&, float&)[m[K’
  110 |         simulateLaserConeAndPublishScan(background_image, my_robot->position, my_robot->orientation[01;31m[K)[m[K;
      |                                                                                                    [01;31m[K^[m[K
[01m[K/home/john/Desktop/rp_ros2_rviz/src/world_node.cpp:54:10:[m[K [01;36m[Knote: [m[Kcandidate: ‘[01m[Kvoid WorldNode::simulateLaserConeAndPublishScan(const cv::Mat&, const Vector2f&, float, float, float, float)[m[K’
   54 |     void [01;36m[KsimulateLaserConeAndPublishScan[m[K(const cv::Mat& background, const Eigen::Vector2f& robot_pos,float theta_rad,
      |          [01;36m[K^~~~~~~~~~~~~~~~~~~~~~~~~~~~~~~[m[K
[01m[K/home/john/Desktop/rp_ros2_rviz/src/world_node.cpp:54:10:[m[K [01;36m[Knote: [m[K  candidate expects 6 arguments, 3 provided
[01m[K/home/john/Desktop/rp_ros2_rviz/src/world_node.cpp:[m[K In member function ‘[01m[Kvoid WorldNode::redisplay()[m[K’:
[01m[K/home/john/Desktop/rp_ros2_rviz/src/world_node.cpp:280:25:[m[K [01;35m[Kwarning: [m[Kunused variable ‘[01m[Kx[m[K’ [[01;35m[K-Wunused-variable[m[K]
  280 |                     int [01;35m[Kx[m[K = static_cast<int>(pose.position.x);
      |                         [01;35m[K^[m[K
[01m[K/home/john/Desktop/rp_ros2_rviz/src/world_node.cpp:281:25:[m[K [01;35m[Kwarning: [m[Kunused variable ‘[01m[Ky[m[K’ [[01;35m[K-Wunused-variable[m[K]
  281 |                     int [01;35m[Ky[m[K = static_cast<int>(pose.position.y);
      |                         [01;35m[K^[m[K
[01m[K/home/john/Desktop/rp_ros2_rviz/src/world_node.cpp:[m[K At global scope:
[01m[K/home/john/Desktop/rp_ros2_rviz/src/world_node.cpp:378:75:[m[K [01;31m[Kerror: [m[Kcannot declare member function ‘[01m[Kstatic void WorldNode::onMouse(int, int, int, int, void*)[m[K’ to have static linkage [[01;31m[K-fpermissive[m[K]
  378 |     static void WorldNode::onMouse(int event, int x, int y, int, void* arg[01;31m[K)[m[K {
      |                                                                           [01;31m[K^[m[K
[01m[K/home/john/Desktop/rp_ros2_rviz/src/world_node.cpp:[m[K In function ‘[01m[Kint main(int, char**)[m[K’:
[01m[K/home/john/Desktop/rp_ros2_rviz/src/world_node.cpp:481:48:[m[K [01;31m[Kerror: [m[K‘[01m[Kstatic void WorldNode::onMouse(int, int, int, int, void*)[m[K’ is private within this context
  481 |     cv::setMouseCallback("planner", WorldNode::[01;31m[KonMouse[m[K, node.get());
      |                                                [01;31m[K^~~~~~~[m[K
[01m[K/home/john/Desktop/rp_ros2_rviz/src/world_node.cpp:378:17:[m[K [01;36m[Knote: [m[Kdeclared private here
  378 |     static void [01;36m[KWorldNode[m[K::onMouse(int event, int x, int y, int, void* arg) {
      |                 [01;36m[K^~~~~~~~~[m[K
[01m[K/home/john/Desktop/rp_ros2_rviz/src/world_node.cpp:487:25:[m[K [01;31m[Kerror: [m[K‘[01m[Kvoid WorldNode::redisplay()[m[K’ is private within this context
  487 |         node->redisplay([01;31m[K)[m[K;
      |                         [01;31m[K^[m[K
[01m[K/home/john/Desktop/rp_ros2_rviz/src/world_node.cpp:259:10:[m[K [01;36m[Knote: [m[Kdeclared private here
  259 |     void [01;36m[KWorldNode[m[K::redisplay() {
      |          [01;36m[K^~~~~~~~~[m[K
[01m[K/home/john/Desktop/rp_ros2_rviz/src/world_node.cpp:490:37:[m[K [01;31m[Kerror: [m[K‘[01m[Kvoid WorldNode::handleKeyboard(int)[m[K’ is private within this context
  490 |             node->handleKeyboard(key[01;31m[K)[m[K;
      |                                     [01;31m[K^[m[K
[01m[K/home/john/Desktop/rp_ros2_rviz/src/world_node.cpp:408:6:[m[K [01;36m[Knote: [m[Kdeclared private here
  408 | void [01;36m[KWorldNode[m[K::handleKeyboard(int key) {
      |      [01;36m[K^~~~~~~~~[m[K
make[2]: *** [CMakeFiles/world_node.dir/build.make:63: CMakeFiles/world_node.dir/src/world_node.cpp.o] Error 1
make[1]: *** [CMakeFiles/Makefile2:140: CMakeFiles/world_node.dir/all] Error 2
make: *** [Makefile:141: all] Error 2
