[ 20%] [32mBuilding CXX object CMakeFiles/dmap_node.dir/src/dmap_node.cpp.o[0m
[01m[K/home/john/Desktop/path_ros/rp_ros2_rviz/src/dmap_node.cpp:[m[K In constructor ‘[01m[KDmapNode::[01;32m[KDmapNode[m[K()[m[K’:
[01m[K/home/john/Desktop/path_ros/rp_ros2_rviz/src/dmap_node.cpp:52:26:[m[K [01;31m[Kerror: [m[Kno matching function for call to ‘[01m[KDMapPlanner::computePolicy(Eigen::DenseCoeffsBase<Eigen::Matrix<float, 2, 1>, 1>::Scalar&, Eigen::DenseCoeffsBase<Eigen::Matrix<float, 2, 1>, 1>::Scalar&)[m[K’
   52 |     [01;31m[Kplanner.computePolicy(my_robot.position.x(),my_robot.position.y())[m[K;
      |     [01;31m[K~~~~~~~~~~~~~~~~~~~~~^~~~~~~~~~~~~~~~~~~~~~~~~~~~~~~~~~~~~~~~~~~~~[m[K
In file included from [01m[K/home/john/Desktop/path_ros/rp_ros2_rviz/src/dmap_node.cpp:6[m[K:
[01m[K/home/john/Desktop/path_ros/rp_ros2_rviz/include/rp_ros2_rviz/dmap_planner.h:41:8:[m[K [01;36m[Knote: [m[Kcandidate: ‘[01m[Kvoid DMapPlanner::[01;32m[KcomputePolicy[m[K(const Eigen::Vector2f&)[m[K’
   41 |   void [01;36m[KcomputePolicy[m[K(const Eigen::Vector2f& goal);
      |        [01;36m[K^~~~~~~~~~~~~[m[K
[01m[K/home/john/Desktop/path_ros/rp_ros2_rviz/include/rp_ros2_rviz/dmap_planner.h:41:8:[m[K [01;36m[Knote: [m[K  candidate expects 1 argument, 2 provided
In file included from [01m[K/opt/ros/jazzy/include/rclcpp/rclcpp/logging.hpp:24[m[K,
                 from [01m[K/opt/ros/jazzy/include/rclcpp/rclcpp/copy_all_parameter_values.hpp:27[m[K,
                 from [01m[K/opt/ros/jazzy/include/rclcpp/rclcpp/rclcpp.hpp:171[m[K,
                 from [01m[K/home/john/Desktop/path_ros/rp_ros2_rviz/src/dmap_node.cpp:2[m[K:
[01m[K/home/john/Desktop/path_ros/rp_ros2_rviz/src/dmap_node.cpp:[m[K In static member function ‘[01m[Kstatic void DmapNode::[01;32m[KonMouse[m[K(int, int, int, int, void*)[m[K’:
[01m[K/home/john/Desktop/path_ros/rp_ros2_rviz/src/dmap_node.cpp:152:49:[m[K [01;35m[Kwarning: [m[Kformat ‘[01m[K%d[m[K’ expects argument of type ‘[01m[Kint[m[K’, but argument 7 has type ‘[01m[Kdouble[m[K’ [[01;35m[K]8;;https://gcc.gnu.org/onlinedocs/gcc/Warning-Options.html#index-Wformat=-Wformat=]8;;[m[K]
  152 |                 RCLCPP_INFO(node->get_logger(), [01;35m[K"policy: (%d, %d) val: %d parent: (%d, %d)"[m[K, y, x, [32m[Kplanner->policy.at(y, x)[m[K, parent_pos[0], parent_pos[1]);
      |                                                 [01;35m[K^~~~~~~~~~~~~~~~~~~~~~~~~~~~~~~~~~~~~~~~~~~[m[K        [32m[K~~~~~~~~~~~~~~~~~~~~~~~~[m[K
      |                                                                                                                      [32m[K|[m[K
      |                                                                                                                      [32m[Kdouble[m[K
[01m[K/home/john/Desktop/path_ros/rp_ros2_rviz/src/dmap_node.cpp:152:73:[m[K [01;36m[Knote: [m[Kformat string is defined here
  152 |     RCLCPP_INFO(node->get_logger(), "policy: (%d, %d) val: [01;36m[K%d[m[K parent: (%d, %d)", y, x, planner->policy.at(y, x), parent_pos[0], parent_pos[1]);
      |                                                            [01;36m[K~^[m[K
      |                                                             [01;36m[K|[m[K
      |                                                             [01;36m[Kint[m[K
      |                                                            [32m[K%f[m[K
[01m[K/home/john/Desktop/path_ros/rp_ros2_rviz/src/dmap_node.cpp:119:58:[m[K [01;35m[Kwarning: [m[Kunused parameter ‘[01m[Kval[m[K’ [[01;35m[K]8;;https://gcc.gnu.org/onlinedocs/gcc/Warning-Options.html#index-Wunused-parameter-Wunused-parameter]8;;[m[K]
  119 |         static void onMouse(int event, int x, int y, [01;35m[Kint val[m[K, void* arg) {
      |                                                      [01;35m[K~~~~^~~[m[K
gmake[2]: *** [CMakeFiles/dmap_node.dir/build.make:76: CMakeFiles/dmap_node.dir/src/dmap_node.cpp.o] Error 1
gmake[1]: *** [CMakeFiles/Makefile2:137: CMakeFiles/dmap_node.dir/all] Error 2
gmake: *** [Makefile:146: all] Error 2
