[35m[1mScanning dependencies of target particle_node_filter[0m
[ 20%] Built target controller_node
[ 40%] Built target world_node
[ 60%] Built target pathplanner_node
[ 64%] [32mBuilding CXX object CMakeFiles/particle_node_filter.dir/src/particle_node_filter.cpp.o[0m
[ 84%] Built target mapserver
[01m[K/home/john/Desktop/rp_ros2_rviz/src/particle_node_filter.cpp:216:1:[m[K [01;31m[Kerror: [m[Kexpected ‘[01m[K}[m[K’ at end of input
  216 | [01;31m[K}[m[K
      | [01;31m[K^[m[K
[01m[K/home/john/Desktop/rp_ros2_rviz/src/particle_node_filter.cpp:23:48:[m[K [01;36m[Knote: [m[Kto match this ‘[01m[K{[m[K’
   23 | class ParticleFilterNode : public rclcpp::Node [01;36m[K{[m[K
      |                                                [01;36m[K^[m[K
[01m[K/home/john/Desktop/rp_ros2_rviz/src/particle_node_filter.cpp:[m[K In constructor ‘[01m[KParticleFilterNode::ParticleFilterNode()[m[K’:
[01m[K/home/john/Desktop/rp_ros2_rviz/src/particle_node_filter.cpp:26:37:[m[K [01;31m[Kerror: [m[Kclass ‘[01m[KParticleFilterNode[m[K’ does not have any field named ‘[01m[Kgen_[m[K’
   26 |     : Node("particle_node_filter"), [01;31m[Kgen_[m[K(rd_()), dist_uni_(0.0, 1.0), tf_buffer_(this->get_clock()), tf_listener_(tf_buffer_)
      |                                     [01;31m[K^~~~[m[K
[01m[K/home/john/Desktop/rp_ros2_rviz/src/particle_node_filter.cpp:26:42:[m[K [01;31m[Kerror: [m[K‘[01m[Krd_[m[K’ was not declared in this scope
   26 |     : Node("particle_node_filter"), gen_([01;31m[Krd_[m[K()), dist_uni_(0.0, 1.0), tf_buffer_(this->get_clock()), tf_listener_(tf_buffer_)
      |                                          [01;31m[K^~~[m[K
[01m[K/home/john/Desktop/rp_ros2_rviz/src/particle_node_filter.cpp:26:50:[m[K [01;31m[Kerror: [m[Kclass ‘[01m[KParticleFilterNode[m[K’ does not have any field named ‘[01m[Kdist_uni_[m[K’
   26 |     : Node("particle_node_filter"), gen_(rd_()), [01;31m[Kdist_uni_[m[K(0.0, 1.0), tf_buffer_(this->get_clock()), tf_listener_(tf_buffer_)
      |                                                  [01;31m[K^~~~~~~~~[m[K
[01m[K/home/john/Desktop/rp_ros2_rviz/src/particle_node_filter.cpp:26:71:[m[K [01;31m[Kerror: [m[Kclass ‘[01m[KParticleFilterNode[m[K’ does not have any field named ‘[01m[Ktf_buffer_[m[K’
   26 |     : Node("particle_node_filter"), gen_(rd_()), dist_uni_(0.0, 1.0), [01;31m[Ktf_buffer_[m[K(this->get_clock()), tf_listener_(tf_buffer_)
      |                                                                       [01;31m[K^~~~~~~~~~[m[K
[01m[K/home/john/Desktop/rp_ros2_rviz/src/particle_node_filter.cpp:26:102:[m[K [01;31m[Kerror: [m[Kclass ‘[01m[KParticleFilterNode[m[K’ does not have any field named ‘[01m[Ktf_listener_[m[K’
   26 |     : Node("particle_node_filter"), gen_(rd_()), dist_uni_(0.0, 1.0), tf_buffer_(this->get_clock()), [01;31m[Ktf_listener_[m[K(tf_buffer_)
      |                                                                                                      [01;31m[K^~~~~~~~~~~~[m[K
[01m[K/home/john/Desktop/rp_ros2_rviz/src/particle_node_filter.cpp:26:115:[m[K [01;31m[Kerror: [m[K‘[01m[Ktf_buffer_[m[K’ was not declared in this scope
   26 |     : Node("particle_node_filter"), gen_(rd_()), dist_uni_(0.0, 1.0), tf_buffer_(this->get_clock()), tf_listener_([01;31m[Ktf_buffer_[m[K)
      |                                                                                                                   [01;31m[K^~~~~~~~~~[m[K
[01m[K/home/john/Desktop/rp_ros2_rviz/src/particle_node_filter.cpp:38:50:[m[K [01;31m[Kerror: [m[K‘[01m[KN_max_[m[K’ was not declared in this scope
   38 |         this->get_parameter("num_particles_max", [01;31m[KN_max_[m[K);
      |                                                  [01;31m[K^~~~~~[m[K
[01m[K/home/john/Desktop/rp_ros2_rviz/src/particle_node_filter.cpp:39:50:[m[K [01;31m[Kerror: [m[K‘[01m[KN_min_[m[K’ was not declared in this scope
   39 |         this->get_parameter("num_particles_min", [01;31m[KN_min_[m[K);
      |                                                  [01;31m[K^~~~~~[m[K
[01m[K/home/john/Desktop/rp_ros2_rviz/src/particle_node_filter.cpp:40:45:[m[K [01;31m[Kerror: [m[K‘[01m[Ksigma_s_[m[K’ was not declared in this scope; did you mean ‘[01m[Ksigmask[m[K’?
   40 |         this->get_parameter("sensor_sigma", [01;31m[Ksigma_s_[m[K);
      |                                             [01;31m[K^~~~~~~~[m[K
      |                                             [32m[Ksigmask[m[K
[01m[K/home/john/Desktop/rp_ros2_rviz/src/particle_node_filter.cpp:41:44:[m[K [01;31m[Kerror: [m[K‘[01m[Kalpha1_[m[K’ was not declared in this scope
   41 |         this->get_parameter("odom_alpha1", [01;31m[Kalpha1_[m[K);
      |                                            [01;31m[K^~~~~~~[m[K
[01m[K/home/john/Desktop/rp_ros2_rviz/src/particle_node_filter.cpp:42:44:[m[K [01;31m[Kerror: [m[K‘[01m[Kalpha2_[m[K’ was not declared in this scope
   42 |         this->get_parameter("odom_alpha2", [01;31m[Kalpha2_[m[K);
      |                                            [01;31m[K^~~~~~~[m[K
[01m[K/home/john/Desktop/rp_ros2_rviz/src/particle_node_filter.cpp:43:44:[m[K [01;31m[Kerror: [m[K‘[01m[Kalpha3_[m[K’ was not declared in this scope
   43 |         this->get_parameter("odom_alpha3", [01;31m[Kalpha3_[m[K);
      |                                            [01;31m[K^~~~~~~[m[K
[01m[K/home/john/Desktop/rp_ros2_rviz/src/particle_node_filter.cpp:44:44:[m[K [01;31m[Kerror: [m[K‘[01m[Kalpha4_[m[K’ was not declared in this scope
   44 |         this->get_parameter("odom_alpha4", [01;31m[Kalpha4_[m[K);
      |                                            [01;31m[K^~~~~~~[m[K
[01m[K/home/john/Desktop/rp_ros2_rviz/src/particle_node_filter.cpp:45:44:[m[K [01;31m[Kerror: [m[K‘[01m[Keps_[m[K’ was not declared in this scope
   45 |         this->get_parameter("kld_epsilon", [01;31m[Keps_[m[K);
      |                                            [01;31m[K^~~~[m[K
[01m[K/home/john/Desktop/rp_ros2_rviz/src/particle_node_filter.cpp:46:42:[m[K [01;31m[Kerror: [m[K‘[01m[Kdelta_[m[K’ was not declared in this scope
   46 |         this->get_parameter("kld_delta", [01;31m[Kdelta_[m[K);
      |                                          [01;31m[K^~~~~~[m[K
[01m[K/home/john/Desktop/rp_ros2_rviz/src/particle_node_filter.cpp:47:9:[m[K [01;31m[Kerror: [m[K‘[01m[Kdt_[m[K’ was not declared in this scope
   47 |         [01;31m[Kdt_[m[K = 0.1;
      |         [01;31m[K^~~[m[K
[01m[K/home/john/Desktop/rp_ros2_rviz/src/particle_node_filter.cpp:50:9:[m[K [01;31m[Kerror: [m[K‘[01m[Kmap_sub_[m[K’ was not declared in this scope
   50 |         [01;31m[Kmap_sub_[m[K = this->create_subscription<nav_msgs::msg::OccupancyGrid>("/map", 1,
      |         [01;31m[K^~~~~~~~[m[K
[01m[K/home/john/Desktop/rp_ros2_rviz/src/particle_node_filter.cpp:52:9:[m[K [01;31m[Kerror: [m[K‘[01m[Kodom_sub_[m[K’ was not declared in this scope
   52 |         [01;31m[Kodom_sub_[m[K = this->create_subscription<nav_msgs::msg::Odometry>("/odom", 10,
      |         [01;31m[K^~~~~~~~~[m[K
[01m[K/home/john/Desktop/rp_ros2_rviz/src/particle_node_filter.cpp:54:9:[m[K [01;31m[Kerror: [m[K‘[01m[Kscan_sub_[m[K’ was not declared in this scope
   54 |         [01;31m[Kscan_sub_[m[K = this->create_subscription<sensor_msgs::msg::LaserScan>("/scan", 10,
      |         [01;31m[K^~~~~~~~~[m[K
[01m[K/home/john/Desktop/rp_ros2_rviz/src/particle_node_filter.cpp:56:9:[m[K [01;31m[Kerror: [m[K‘[01m[Kparticles_pub_[m[K’ was not declared in this scope
   56 |         [01;31m[Kparticles_pub_[m[K = this->create_publisher<geometry_msgs::msg::PoseArray>("particles", 10);
      |         [01;31m[K^~~~~~~~~~~~~~[m[K
[01m[K/home/john/Desktop/rp_ros2_rviz/src/particle_node_filter.cpp:58:9:[m[K [01;31m[Kerror: [m[K‘[01m[Kinitialized_[m[K’ was not declared in this scope
   58 |         [01;31m[Kinitialized_[m[K = false;
      |         [01;31m[K^~~~~~~~~~~~[m[K
[01m[K/home/john/Desktop/rp_ros2_rviz/src/particle_node_filter.cpp:[m[K In member function ‘[01m[Kvoid ParticleFilterNode::mapCallback(nav_msgs::msg::OccupancyGrid_<std::allocator<void> >::SharedPtr)[m[K’:
[01m[K/home/john/Desktop/rp_ros2_rviz/src/particle_node_filter.cpp:63:9:[m[K [01;31m[Kerror: [m[K‘[01m[Kmap_[m[K’ was not declared in this scope
   63 |         [01;31m[Kmap_[m[K = *msg;
      |         [01;31m[K^~~~[m[K
[01m[K/home/john/Desktop/rp_ros2_rviz/src/particle_node_filter.cpp:66:9:[m[K [01;31m[Kerror: [m[K‘[01m[Kinitialized_[m[K’ was not declared in this scope
   66 |         [01;31m[Kinitialized_[m[K = true;
      |         [01;31m[K^~~~~~~~~~~~[m[K
[01m[K/home/john/Desktop/rp_ros2_rviz/src/particle_node_filter.cpp:[m[K In member function ‘[01m[Kvoid ParticleFilterNode::odomCallback(nav_msgs::msg::Odometry_<std::allocator<void> >::SharedPtr)[m[K’:
[01m[K/home/john/Desktop/rp_ros2_rviz/src/particle_node_filter.cpp:71:14:[m[K [01;31m[Kerror: [m[K‘[01m[Kinitialized_[m[K’ was not declared in this scope
   71 |         if (![01;31m[Kinitialized_[m[K) return;
      |              [01;31m[K^~~~~~~~~~~~[m[K
[01m[K/home/john/Desktop/rp_ros2_rviz/src/particle_node_filter.cpp:72:49:[m[K [01;31m[Kerror: [m[K‘[01m[Kdt_[m[K’ was not declared in this scope
   72 |         double dx = msg->twist.twist.linear.x * [01;31m[Kdt_[m[K;
      |                                                 [01;31m[K^~~[m[K
[01m[K/home/john/Desktop/rp_ros2_rviz/src/particle_node_filter.cpp:[m[K In member function ‘[01m[Kvoid ParticleFilterNode::scanCallback(sensor_msgs::msg::LaserScan_<std::allocator<void> >::SharedPtr)[m[K’:
[01m[K/home/john/Desktop/rp_ros2_rviz/src/particle_node_filter.cpp:78:14:[m[K [01;31m[Kerror: [m[K‘[01m[Kinitialized_[m[K’ was not declared in this scope
   78 |         if (![01;31m[Kinitialized_[m[K) return;
      |              [01;31m[K^~~~~~~~~~~~[m[K
[01m[K/home/john/Desktop/rp_ros2_rviz/src/particle_node_filter.cpp:[m[K In member function ‘[01m[Kvoid ParticleFilterNode::buildDistanceField()[m[K’:
[01m[K/home/john/Desktop/rp_ros2_rviz/src/particle_node_filter.cpp:85:17:[m[K [01;31m[Kerror: [m[K‘[01m[Kmap_[m[K’ was not declared in this scope
   85 |         int w = [01;31m[Kmap_[m[K.info.width;
      |                 [01;31m[K^~~~[m[K
[01m[K/home/john/Desktop/rp_ros2_rviz/src/particle_node_filter.cpp:92:36:[m[K [01;31m[Kerror: [m[K‘[01m[Kdmap_[m[K’ was not declared in this scope
   92 |         cv::distanceTransform(occ, [01;31m[Kdmap_[m[K, cv::DIST_L2, 5);
      |                                    [01;31m[K^~~~~[m[K
[01m[K/home/john/Desktop/rp_ros2_rviz/src/particle_node_filter.cpp:[m[K In member function ‘[01m[Kvoid ParticleFilterNode::globalInitialize()[m[K’:
[01m[K/home/john/Desktop/rp_ros2_rviz/src/particle_node_filter.cpp:97:9:[m[K [01;31m[Kerror: [m[K‘[01m[KN_[m[K’ was not declared in this scope
   97 |         [01;31m[KN_[m[K = N_max_;
      |         [01;31m[K^~[m[K
[01m[K/home/john/Desktop/rp_ros2_rviz/src/particle_node_filter.cpp:97:14:[m[K [01;31m[Kerror: [m[K‘[01m[KN_max_[m[K’ was not declared in this scope
   97 |         N_ = [01;31m[KN_max_[m[K;
      |              [01;31m[K^~~~~~[m[K
[01m[K/home/john/Desktop/rp_ros2_rviz/src/particle_node_filter.cpp:98:9:[m[K [01;31m[Kerror: [m[K‘[01m[Kparticles_[m[K’ was not declared in this scope; did you mean ‘[01m[KParticle[m[K’?
   98 |         [01;31m[Kparticles_[m[K.resize(N_);
      |         [01;31m[K^~~~~~~~~~[m[K
      |         [32m[KParticle[m[K
[01m[K/home/john/Desktop/rp_ros2_rviz/src/particle_node_filter.cpp:99:53:[m[K [01;31m[Kerror: [m[K‘[01m[Kmap_[m[K’ was not declared in this scope
   99 |         std::uniform_int_distribution<int> idx_w(0, [01;31m[Kmap_[m[K.info.width-1);
      |                                                     [01;31m[K^~~~[m[K
[01m[K/home/john/Desktop/rp_ros2_rviz/src/particle_node_filter.cpp:103:26:[m[K [01;31m[Kerror: [m[K‘[01m[Kgen_[m[K’ was not declared in this scope
  103 |             int xi=idx_w([01;31m[Kgen_[m[K), yi=idx_h(gen_);
      |                          [01;31m[K^~~~[m[K
[01m[K/home/john/Desktop/rp_ros2_rviz/src/particle_node_filter.cpp:104:29:[m[K [01;31m[Kerror: [m[K‘[01m[Kyi[m[K’ was not declared in this scope; did you mean ‘[01m[Kyn[m[K’?
  104 |             if(map_.data[xi+[01;31m[Kyi[m[K*map_.info.width]==0) {
      |                             [01;31m[K^~[m[K
      |                             [32m[Kyn[m[K
[01m[K/home/john/Desktop/rp_ros2_rviz/src/particle_node_filter.cpp:107:43:[m[K [01;31m[Kerror: [m[K‘[01m[Kdist_uni_[m[K’ was not declared in this scope
  107 |                 particles_[count].theta = [01;31m[Kdist_uni_[m[K(gen_)*2*M_PI - M_PI;
      |                                           [01;31m[K^~~~~~~~~[m[K
[01m[K/home/john/Desktop/rp_ros2_rviz/src/particle_node_filter.cpp:100:44:[m[K [01;35m[Kwarning: [m[Kunused variable ‘[01m[Kidx_h[m[K’ [[01;35m[K-Wunused-variable[m[K]
  100 |         std::uniform_int_distribution<int> [01;35m[Kidx_h[m[K(0, map_.info.height-1);
      |                                            [01;35m[K^~~~~[m[K
[01m[K/home/john/Desktop/rp_ros2_rviz/src/particle_node_filter.cpp:[m[K In member function ‘[01m[Kvoid ParticleFilterNode::motionUpdate(double, double)[m[K’:
[01m[K/home/john/Desktop/rp_ros2_rviz/src/particle_node_filter.cpp:115:54:[m[K [01;31m[Kerror: [m[K‘[01m[Kalpha1_[m[K’ was not declared in this scope
  115 |         std::normal_distribution<double> noise_trans([01;31m[Kalpha1_[m[K*std::fabs(delta_trans));
      |                                                      [01;31m[K^~~~~~~[m[K
[01m[K/home/john/Desktop/rp_ros2_rviz/src/particle_node_filter.cpp:116:52:[m[K [01;31m[Kerror: [m[K‘[01m[Kalpha3_[m[K’ was not declared in this scope
  116 |         std::normal_distribution<double> noise_rot([01;31m[Kalpha3_[m[K*std::fabs(delta_theta));
      |                                                    [01;31m[K^~~~~~~[m[K
[01m[K/home/john/Desktop/rp_ros2_rviz/src/particle_node_filter.cpp:117:21:[m[K [01;31m[Kerror: [m[K‘[01m[Kparticles_[m[K’ was not declared in this scope; did you mean ‘[01m[KParticle[m[K’?
  117 |         for(auto& p:[01;31m[Kparticles_[m[K) {
      |                     [01;31m[K^~~~~~~~~~[m[K
      |                     [32m[KParticle[m[K
[01m[K/home/john/Desktop/rp_ros2_rviz/src/particle_node_filter.cpp:118:51:[m[K [01;31m[Kerror: [m[K‘[01m[Kgen_[m[K’ was not declared in this scope
  118 |             double nt = delta_trans + noise_trans([01;31m[Kgen_[m[K);
      |                                                   [01;31m[K^~~~[m[K
[01m[K/home/john/Desktop/rp_ros2_rviz/src/particle_node_filter.cpp:122:28:[m[K [01;31m[Kerror: [m[K‘[01m[KN_[m[K’ was not declared in this scope
  122 |             p.weight = 1.0/[01;31m[KN_[m[K;
      |                            [01;31m[K^~[m[K
[01m[K/home/john/Desktop/rp_ros2_rviz/src/particle_node_filter.cpp:[m[K In member function ‘[01m[Kvoid ParticleFilterNode::sensorUpdate(const LaserScan&)[m[K’:
[01m[K/home/john/Desktop/rp_ros2_rviz/src/particle_node_filter.cpp:127:21:[m[K [01;31m[Kerror: [m[K‘[01m[Kparticles_[m[K’ was not declared in this scope; did you mean ‘[01m[KParticle[m[K’?
  127 |         for(auto &p:[01;31m[Kparticles_[m[K) {
      |                     [01;31m[K^~~~~~~~~~[m[K
      |                     [32m[KParticle[m[K
[01m[K/home/john/Desktop/rp_ros2_rviz/src/particle_node_filter.cpp:134:32:[m[K [01;31m[Kerror: [m[K‘[01m[Kmap_[m[K’ was not declared in this scope
  134 |                     int mx=(rx-[01;31m[Kmap_[m[K.info.origin.position.x)/map_.info.resolution;
      |                                [01;31m[K^~~~[m[K
[01m[K/home/john/Desktop/rp_ros2_rviz/src/particle_node_filter.cpp:136:34:[m[K [01;31m[Kerror: [m[K‘[01m[Kdmap_[m[K’ was not declared in this scope
  136 |                     if(mx>=0&&mx<[01;31m[Kdmap_[m[K.cols&&my>=0&&my<dmap_.rows) {
      |                                  [01;31m[K^~~~~[m[K
[01m[K/home/john/Desktop/rp_ros2_rviz/src/particle_node_filter.cpp:137:45:[m[K [01;31m[Kerror: [m[Kexpected primary-expression before ‘[01m[Kfloat[m[K’
  137 |                         float dist=dmap_.at<[01;31m[Kfloat[m[K>(my,mx);
      |                                             [01;31m[K^~~~~[m[K
[01m[K/home/john/Desktop/rp_ros2_rviz/src/particle_node_filter.cpp:138:53:[m[K [01;31m[Kerror: [m[K‘[01m[Ksigma_s_[m[K’ was not declared in this scope; did you mean ‘[01m[Ksigmask[m[K’?
  138 |                         w*=std::exp(-(dist*dist)/(2*[01;31m[Ksigma_s_[m[K*sigma_s_));
      |                                                     [01;31m[K^~~~~~~~[m[K
      |                                                     [32m[Ksigmask[m[K
[01m[K/home/john/Desktop/rp_ros2_rviz/src/particle_node_filter.cpp:145:33:[m[K [01;31m[Kerror: [m[K‘[01m[Kparticles_[m[K’ was not declared in this scope; did you mean ‘[01m[KParticle[m[K’?
  145 |         double sum=0;for(auto&p:[01;31m[Kparticles_[m[K)sum+=p.weight;
      |                                 [01;31m[K^~~~~~~~~~[m[K
      |                                 [32m[KParticle[m[K
[01m[K/home/john/Desktop/rp_ros2_rviz/src/particle_node_filter.cpp:146:20:[m[K [01;31m[Kerror: [m[K‘[01m[Kparticles_[m[K’ was not declared in this scope; did you mean ‘[01m[KParticle[m[K’?
  146 |         for(auto&p:[01;31m[Kparticles_[m[K)p.weight/=sum;
      |                    [01;31m[K^~~~~~~~~~[m[K
      |                    [32m[KParticle[m[K
[01m[K/home/john/Desktop/rp_ros2_rviz/src/particle_node_filter.cpp:[m[K In member function ‘[01m[Kvoid ParticleFilterNode::resample()[m[K’:
[01m[K/home/john/Desktop/rp_ros2_rviz/src/particle_node_filter.cpp:150:35:[m[K [01;31m[Kerror: [m[K‘[01m[Kparticles_[m[K’ was not declared in this scope; did you mean ‘[01m[KParticle[m[K’?
  150 |         double sumsq=0;for(auto&p:[01;31m[Kparticles_[m[K)sumsq+=p.weight*p.weight;
      |                                   [01;31m[K^~~~~~~~~~[m[K
      |                                   [32m[KParticle[m[K
[01m[K/home/john/Desktop/rp_ros2_rviz/src/particle_node_filter.cpp:152:28:[m[K [01;31m[Kerror: [m[K‘[01m[Kdelta_[m[K’ was not declared in this scope
  152 |         double z=chi2inv(1-[01;31m[Kdelta_[m[K,(K>1?K-1:1));
      |                            [01;31m[K^~~~~~[m[K
[01m[K/home/john/Desktop/rp_ros2_rviz/src/particle_node_filter.cpp:153:51:[m[K [01;31m[Kerror: [m[K‘[01m[Keps_[m[K’ was not declared in this scope
  153 |         int N_req=static_cast<int>(std::ceil(z/(2*[01;31m[Keps_[m[K)));
      |                                                   [01;31m[K^~~~[m[K
[01m[K/home/john/Desktop/rp_ros2_rviz/src/particle_node_filter.cpp:155:9:[m[K [01;31m[Kerror: [m[K‘[01m[KN_[m[K’ was not declared in this scope
  155 |         [01;31m[KN_[m[K = std::min(std::max(N_req, N_min_), N_max_);
      |         [01;31m[K^~[m[K
[01m[K/home/john/Desktop/rp_ros2_rviz/src/particle_node_filter.cpp:155:39:[m[K [01;31m[Kerror: [m[K‘[01m[KN_min_[m[K’ was not declared in this scope
  155 |         N_ = std::min(std::max(N_req, [01;31m[KN_min_[m[K), N_max_);
      |                                       [01;31m[K^~~~~~[m[K
[01m[K/home/john/Desktop/rp_ros2_rviz/src/particle_node_filter.cpp:155:48:[m[K [01;31m[Kerror: [m[K‘[01m[KN_max_[m[K’ was not declared in this scope
  155 |         N_ = std::min(std::max(N_req, N_min_), [01;31m[KN_max_[m[K);
      |                                                [01;31m[K^~~~~~[m[K
[01m[K/home/john/Desktop/rp_ros2_rviz/src/particle_node_filter.cpp:157:33:[m[K [01;31m[Kerror: [m[K‘[01m[Kparticles_[m[K’ was not declared in this scope; did you mean ‘[01m[KParticle[m[K’?
  157 |         std::vector<double> cdf([01;31m[Kparticles_[m[K.size());
      |                                 [01;31m[K^~~~~~~~~~[m[K
      |                                 [32m[KParticle[m[K
[01m[K/home/john/Desktop/rp_ros2_rviz/src/particle_node_filter.cpp:161:28:[m[K [01;31m[Kerror: [m[K‘[01m[Kgen_[m[K’ was not declared in this scope
  161 |         double r=dist_uni_([01;31m[Kgen_[m[K)/N_;
      |                            [01;31m[K^~~~[m[K
[01m[K/home/john/Desktop/rp_ros2_rviz/src/particle_node_filter.cpp:161:18:[m[K [01;31m[Kerror: [m[K‘[01m[Kdist_uni_[m[K’ was not declared in this scope
  161 |         double r=[01;31m[Kdist_uni_[m[K(gen_)/N_;
      |                  [01;31m[K^~~~~~~~~[m[K
[01m[K/home/john/Desktop/rp_ros2_rviz/src/particle_node_filter.cpp:[m[K In member function ‘[01m[Kint ParticleFilterNode::countOccupiedBins()[m[K’:
[01m[K/home/john/Desktop/rp_ros2_rviz/src/particle_node_filter.cpp:174:20:[m[K [01;31m[Kerror: [m[K‘[01m[Kparticles_[m[K’ was not declared in this scope; did you mean ‘[01m[KParticle[m[K’?
  174 |         for(auto&p:[01;31m[Kparticles_[m[K) {
      |                    [01;31m[K^~~~~~~~~~[m[K
      |                    [32m[KParticle[m[K
[01m[K/home/john/Desktop/rp_ros2_rviz/src/particle_node_filter.cpp:[m[K In member function ‘[01m[Kvoid ParticleFilterNode::publishParticles()[m[K’:
[01m[K/home/john/Desktop/rp_ros2_rviz/src/particle_node_filter.cpp:188:31:[m[K [01;31m[Kerror: [m[K‘[01m[Kmap_[m[K’ was not declared in this scope
  188 |         arr.header.frame_id = [01;31m[Kmap_[m[K.header.frame_id;
      |                               [01;31m[K^~~~[m[K
[01m[K/home/john/Desktop/rp_ros2_rviz/src/particle_node_filter.cpp:194:24:[m[K [01;31m[Kerror: [m[K‘[01m[Kparticles_[m[K’ was not declared in this scope; did you mean ‘[01m[KParticle[m[K’?
  194 |         for (auto &p : [01;31m[Kparticles_[m[K) {
      |                        [01;31m[K^~~~~~~~~~[m[K
      |                        [32m[KParticle[m[K
[01m[K/home/john/Desktop/rp_ros2_rviz/src/particle_node_filter.cpp:207:9:[m[K [01;31m[Kerror: [m[K‘[01m[Kparticles_pub_[m[K’ was not declared in this scope
  207 |         [01;31m[Kparticles_pub_[m[K->publish(arr);
      |         [01;31m[K^~~~~~~~~~~~~~[m[K
[01m[K/home/john/Desktop/rp_ros2_rviz/src/particle_node_filter.cpp:[m[K At global scope:
[01m[K/home/john/Desktop/rp_ros2_rviz/src/particle_node_filter.cpp:216:1:[m[K [01;31m[Kerror: [m[Kexpected unqualified-id at end of input
  216 | [01;31m[K}[m[K
      | [01;31m[K^[m[K
make[2]: *** [CMakeFiles/particle_node_filter.dir/build.make:63: CMakeFiles/particle_node_filter.dir/src/particle_node_filter.cpp.o] Error 1
make[1]: *** [CMakeFiles/Makefile2:194: CMakeFiles/particle_node_filter.dir/all] Error 2
make: *** [Makefile:141: all] Error 2
