[0.047s] Invoking command in '/home/john/Desktop/rp_ros2_rviz/build/rp_ros2_rviz': CMAKE_PREFIX_PATH=${CMAKE_PREFIX_PATH}:/opt/ros/jazzy DEBUGINFOD_URLS=https://debuginfod.ubuntu.com /usr/bin/cmake --build /home/john/Desktop/rp_ros2_rviz/build/rp_ros2_rviz -- -j4 -l4
[0.420s] [ 25%] Built target listener_node
[0.463s] [ 50%] Built target canvas_node
[0.466s] [ 62%] [32mBuilding CXX object CMakeFiles/world_node.dir/src/grid_map.cpp.o[0m
[2.850s] [01m[K/home/john/Desktop/rp_ros2_rviz/src/grid_map.cpp:[m[K In member function ‘[01m[Kvirtual void GridMap::[01;32m[Kdraw[m[K(Canvas&) const[m[K’:
[2.850s] [01m[K/home/john/Desktop/rp_ros2_rviz/src/grid_map.cpp:80:9:[m[K [01;35m[Kwarning: [m[Kvariable ‘[01m[Kt[m[K’ set but not used [[01;35m[K]8;;https://gcc.gnu.org/onlinedocs/gcc/Warning-Options.html#index-Wunused-but-set-variable-Wunused-but-set-variable]8;;[m[K]
[2.850s]    80 |   Vec2f [01;35m[Kt[m[K=_piw.t*(1./dest.resolution);
[2.850s]       |         [01;35m[K^[m[K
[3.507s] [ 75%] [32m[1mLinking CXX executable world_node[0m
[4.927s] /usr/bin/ld: CMakeFiles/world_node.dir/src/grid_map.cpp.o: in function `GridMap::GridMap(int, int, float, WorldItem*, Isometry2f const&)':
[4.928s] grid_map.cpp:(.text+0x4c): undefined reference to `Grid::Grid(int, int)'
[4.928s] /usr/bin/ld: grid_map.cpp:(.text+0x180): undefined reference to `Grid::~Grid()'
[4.928s] /usr/bin/ld: CMakeFiles/world_node.dir/src/grid_map.cpp.o: in function `GridMap::GridMap(char const*, float, WorldItem*, Isometry2f const&)':
[4.928s] grid_map.cpp:(.text+0x458): undefined reference to `Grid::Grid(int, int)'
[4.928s] /usr/bin/ld: grid_map.cpp:(.text+0x614): undefined reference to `Grid::resize(int, int)'
[4.928s] /usr/bin/ld: grid_map.cpp:(.text+0x7c8): undefined reference to `Grid::~Grid()'
[4.973s] collect2: error: ld returned 1 exit status
[4.976s] gmake[2]: *** [CMakeFiles/world_node.dir/build.make:266: world_node] Error 1
[4.976s] gmake[1]: *** [CMakeFiles/Makefile2:193: CMakeFiles/world_node.dir/all] Error 2
[4.976s] gmake: *** [Makefile:146: all] Error 2
[4.981s] Invoked command in '/home/john/Desktop/rp_ros2_rviz/build/rp_ros2_rviz' returned '2': CMAKE_PREFIX_PATH=${CMAKE_PREFIX_PATH}:/opt/ros/jazzy DEBUGINFOD_URLS=https://debuginfod.ubuntu.com /usr/bin/cmake --build /home/john/Desktop/rp_ros2_rviz/build/rp_ros2_rviz -- -j4 -l4
