[01m[K/home/john/Desktop/rp_ros2_rviz/src/grid_map.cpp:[m[K In member function ‘[01m[Kvoid GridMapNode::[01;32m[KupdateCanvas[m[K()[m[K’:
[01m[K/home/john/Desktop/rp_ros2_rviz/src/grid_map.cpp:54:63:[m[K [01;31m[Kerror: [m[Kexpression cannot be used as a function
   54 |         if (canvas_.empty() || canvas_.rows != [01;31m[Kgrid_map_->rows()[m[K || canvas_.cols != grid_map_->cols()) {
      |                                                [01;31m[K~~~~~~~~~~~~~~~^~[m[K
[01m[K/home/john/Desktop/rp_ros2_rviz/src/grid_map.cpp:54:100:[m[K [01;31m[Kerror: [m[Kexpression cannot be used as a function
   54 |         if (canvas_.empty() || canvas_.rows != grid_map_->rows() || canvas_.cols != [01;31m[Kgrid_map_->cols()[m[K) {
      |                                                                                     [01;31m[K~~~~~~~~~~~~~~~^~[m[K
[01m[K/home/john/Desktop/rp_ros2_rviz/src/grid_map.cpp:55:53:[m[K [01;31m[Kerror: [m[Kexpression cannot be used as a function
   55 |             canvas_ = cv::Mat::zeros([01;31m[Kgrid_map_->rows()[m[K, grid_map_->cols(), CV_8UC1);
      |                                      [01;31m[K~~~~~~~~~~~~~~~^~[m[K
[01m[K/home/john/Desktop/rp_ros2_rviz/src/grid_map.cpp:55:72:[m[K [01;31m[Kerror: [m[Kexpression cannot be used as a function
   55 |             canvas_ = cv::Mat::zeros(grid_map_->rows(), [01;31m[Kgrid_map_->cols()[m[K, CV_8UC1);
      |                                                         [01;31m[K~~~~~~~~~~~~~~~^~[m[K
[01m[K/home/john/Desktop/rp_ros2_rviz/src/grid_map.cpp:59:25:[m[K [01;31m[Kerror: [m[Kcannot convert ‘[01m[Kcv::Mat[m[K’ to ‘[01m[KCanvas&[m[K’
   59 |         grid_map_->draw([01;31m[Kcanvas_[m[K);
      |                         [01;31m[K^~~~~~~[m[K
      |                         [01;31m[K|[m[K
      |                         [01;31m[Kcv::Mat[m[K
In file included from [01m[K/home/john/Desktop/rp_ros2_rviz/src/grid_map.cpp:2[m[K:
[01m[K/home/john/Desktop/rp_ros2_rviz/include/rp_ros2_rviz/grid_map.h:39:21:[m[K [01;36m[Knote: [m[K  initializing argument 1 of ‘[01m[Kvirtual void GridMap::[01;32m[Kdraw[m[K(Canvas&) const[m[K’
   39 |   void draw([01;36m[KCanvas& dest[m[K) const override;
      |             [01;36m[K~~~~~~~~^~~~[m[K
gmake[2]: *** [CMakeFiles/grid_map_node.dir/build.make:76: CMakeFiles/grid_map_node.dir/src/grid_map.cpp.o] Error 1
gmake[1]: *** [CMakeFiles/Makefile2:193: CMakeFiles/grid_map_node.dir/all] Error 2
gmake: *** [Makefile:146: all] Error 2
