[0.035s] Invoking command in '/home/john/Desktop/rp_ros2_rviz/build/rp_ros2_rviz': CMAKE_PREFIX_PATH=${CMAKE_PREFIX_PATH}:/opt/ros/jazzy DEBUGINFOD_URLS=https://debuginfod.ubuntu.com /usr/bin/cmake --build /home/john/Desktop/rp_ros2_rviz/build/rp_ros2_rviz -- -j4 -l4
[0.129s] [ 20%] Built target control_robot
[0.163s] [ 30%] [32mBuilding CXX object CMakeFiles/world_node.dir/src/world_node.cpp.o[0m
[4.761s] [01m[K/home/john/Desktop/rp_ros2_rviz/src/world_node.cpp:[m[K In constructor ‘[01m[KWorldNode::[01;32m[KWorldNode[m[K()[m[K’:
[4.761s] [01m[K/home/john/Desktop/rp_ros2_rviz/src/world_node.cpp:53:17:[m[K [01;35m[Kwarning: [m[Kunused variable ‘[01m[Kkey[m[K’ [[01;35m[K]8;;https://gcc.gnu.org/onlinedocs/gcc/Warning-Options.html#index-Wunused-variable-Wunused-variable]8;;[m[K]
[4.761s]    53 |             int [01;35m[Kkey[m[K=0;
[4.761s]       |                 [01;35m[K^~~[m[K
[4.788s] [01m[K/home/john/Desktop/rp_ros2_rviz/src/world_node.cpp:[m[K In static member function ‘[01m[Kstatic void WorldNode::[01;32m[KonMouse[m[K(int, int, int, int, void*)[m[K’:
[4.789s] [01m[K/home/john/Desktop/rp_ros2_rviz/src/world_node.cpp:164:18:[m[K [01;31m[Kerror: [m[Kcannot call member function ‘[01m[Kvoid WorldNode::[01;32m[Kredisplay[m[K(const GridMapping&)[m[K’ without object
[4.789s]   164 |         [01;31m[Kredisplay(planner->mapping)[m[K;
[4.789s]       |         [01;31m[K~~~~~~~~~^~~~~~~~~~~~~~~~~~[m[K
[4.789s] [01m[K/home/john/Desktop/rp_ros2_rviz/src/world_node.cpp:166:19:[m[K [01;31m[Kerror: [m[Kinvalid use of member ‘[01m[KWorldNode::path[m[K’ in static member function
[4.789s]   166 |         printPath([01;31m[Kpath[m[K);
[4.789s]       |                   [01;31m[K^~~~[m[K
[4.789s] [01m[K/home/john/Desktop/rp_ros2_rviz/src/world_node.cpp:76:21:[m[K [01;36m[Knote: [m[Kdeclared here
[4.789s]    76 | std::list<Vector2f> [01;36m[Kpath[m[K;
[4.789s]       |                     [01;36m[K^~~~[m[K
[4.807s] [01m[K/home/john/Desktop/rp_ros2_rviz/src/world_node.cpp:166:9:[m[K [01;31m[Kerror: [m[K‘[01m[KprintPath[m[K’ was not declared in this scope
[4.808s]   166 |         [01;31m[KprintPath[m[K(path);
[4.808s]       |         [01;31m[K^~~~~~~~~[m[K
[4.808s] [01m[K/home/john/Desktop/rp_ros2_rviz/src/world_node.cpp:167:30:[m[K [01;31m[Kerror: [m[Kinvalid use of member ‘[01m[KWorldNode::path[m[K’ in static member function
[4.808s]   167 |         planner->computePath([01;31m[Kpath[m[K,
[4.808s]       |                              [01;31m[K^~~~[m[K
[4.808s] [01m[K/home/john/Desktop/rp_ros2_rviz/src/world_node.cpp:76:21:[m[K [01;36m[Knote: [m[Kdeclared here
[4.808s]    76 | std::list<Vector2f> [01;36m[Kpath[m[K;
[4.808s]       |                     [01;36m[K^~~~[m[K
[4.826s] [01m[K/home/john/Desktop/rp_ros2_rviz/src/world_node.cpp:171:29:[m[K [01;31m[Kerror: [m[K‘[01m[Kuse_gradient[m[K’ was not declared in this scope
[4.826s]   171 |                             [01;31m[Kuse_gradient[m[K);
[4.826s]       |                             [01;31m[K^~~~~~~~~~~~[m[K
[4.826s] [01m[K/home/john/Desktop/rp_ros2_rviz/src/world_node.cpp:172:18:[m[K [01;31m[Kerror: [m[Kcannot call member function ‘[01m[Kvoid WorldNode::[01;32m[Kredisplay[m[K(const GridMapping&)[m[K’ without object
[4.826s]   172 |         [01;31m[Kredisplay(planner->mapping)[m[K;
[4.826s]       |         [01;31m[K~~~~~~~~~^~~~~~~~~~~~~~~~~~[m[K
[4.826s] [01m[K/home/john/Desktop/rp_ros2_rviz/src/world_node.cpp:173:19:[m[K [01;31m[Kerror: [m[Kinvalid use of member ‘[01m[KWorldNode::path[m[K’ in static member function
[4.826s]   173 |         printPath([01;31m[Kpath[m[K);
[4.826s]       |                   [01;31m[K^~~~[m[K
[4.826s] [01m[K/home/john/Desktop/rp_ros2_rviz/src/world_node.cpp:76:21:[m[K [01;36m[Knote: [m[Kdeclared here
[4.827s]    76 | std::list<Vector2f> [01;36m[Kpath[m[K;
[4.827s]       |                     [01;36m[K^~~~[m[K
[4.843s] [01m[K/home/john/Desktop/rp_ros2_rviz/src/world_node.cpp:182:36:[m[K [01;31m[Kerror: [m[K‘[01m[Kbackground_mode[m[K’ was not declared in this scope; did you mean ‘[01m[Kbackground_image[m[K’?
[4.843s]   182 |     cerr << "background_mode= " << [01;31m[Kbackground_mode[m[K << endl;
[4.843s]       |                                    [01;31m[K^~~~~~~~~~~~~~~[m[K
[4.843s]       |                                    [32m[Kbackground_image[m[K
[4.853s] [01m[K/home/john/Desktop/rp_ros2_rviz/src/world_node.cpp:155:54:[m[K [01;35m[Kwarning: [m[Kunused parameter ‘[01m[Kval[m[K’ [[01;35m[K]8;;https://gcc.gnu.org/onlinedocs/gcc/Warning-Options.html#index-Wunused-parameter-Wunused-parameter]8;;[m[K]
[4.854s]   155 |     static void onMouse(int event, int x, int y, [01;35m[Kint val[m[K, void* arg) {
[4.854s]       |                                                  [01;35m[K~~~~^~~[m[K
[8.091s] gmake[2]: *** [CMakeFiles/world_node.dir/build.make:76: CMakeFiles/world_node.dir/src/world_node.cpp.o] Error 1
[8.092s] gmake[1]: *** [CMakeFiles/Makefile2:165: CMakeFiles/world_node.dir/all] Error 2
[8.092s] gmake: *** [Makefile:146: all] Error 2
[8.096s] Invoked command in '/home/john/Desktop/rp_ros2_rviz/build/rp_ros2_rviz' returned '2': CMAKE_PREFIX_PATH=${CMAKE_PREFIX_PATH}:/opt/ros/jazzy DEBUGINFOD_URLS=https://debuginfod.ubuntu.com /usr/bin/cmake --build /home/john/Desktop/rp_ros2_rviz/build/rp_ros2_rviz -- -j4 -l4
