[0.015s] Invoking command in '/home/john/Desktop/path_ros/rp_ros2_rviz/build/rp_ros2_rviz': CMAKE_PREFIX_PATH=${CMAKE_PREFIX_PATH}:/opt/ros/jazzy DEBUGINFOD_URLS=https://debuginfod.ubuntu.com /usr/bin/cmake --build /home/john/Desktop/path_ros/rp_ros2_rviz/build/rp_ros2_rviz -- -j4 -l4
[0.125s] [ 20%] [32mBuilding CXX object CMakeFiles/dmap_node.dir/src/robot.cpp.o[0m
[1.233s] [01m[K/home/john/Desktop/path_ros/rp_ros2_rviz/src/robot.cpp:[m[K In member function ‘[01m[Kvoid Robot::[01;32m[KfollowPath[m[K(const std::__cxx11::list<Eigen::Matrix<float, 2, 1> >&)[m[K’:
[1.233s] [01m[K/home/john/Desktop/path_ros/rp_ros2_rviz/src/robot.cpp:21:43:[m[K [01;31m[Kerror: [m[Kno match for ‘[01m[Koperator<<[m[K’ (operand types are ‘[01m[Kstd::basic_ostream<char>[m[K’ and ‘[01m[K<unresolved overloaded function type>[m[K’)
[1.233s]    21 |         [32m[Kstd::cout << "Robot posizione: ("[m[K [01;31m[K<<[m[K [34m[Kposition.x[m[K << ", " << position.y << ")" << std::endl;
[1.233s]       |         [32m[K~~~~~~~~~~~~~~~~~~~~~~~~~~~~~~~~~[m[K [01;31m[K^~[m[K [34m[K~~~~~~~~~~[m[K
[1.233s]       |                   [32m[K|[m[K                                   [34m[K|[m[K
[1.233s]       |                   [32m[Kstd::basic_ostream<char>[m[K            [34m[K<unresolved overloaded function type>[m[K
[1.233s] In file included from [01m[K/usr/include/c++/13/istream:41[m[K,
[1.233s]                  from [01m[K/usr/include/c++/13/sstream:40[m[K,
[1.233s]                  from [01m[K/usr/include/c++/13/complex:45[m[K,
[1.233s]                  from [01m[K/usr/include/eigen3/Eigen/Core:50[m[K,
[1.233s]                  from [01m[K/usr/include/eigen3/Eigen/Dense:1[m[K,
[1.234s]                  from [01m[K/home/john/Desktop/path_ros/rp_ros2_rviz/src/robot.cpp:1[m[K:
[1.234s] [01m[K/usr/include/c++/13/ostream:110:7:[m[K [01;36m[Knote: [m[Kcandidate: ‘[01m[Kstd::basic_ostream<_CharT, _Traits>::__ostream_type& std::basic_ostream<_CharT, _Traits>::[01;32m[Koperator<<[m[K(__ostream_type& (*)(__ostream_type&)) [35m[K[with _CharT = char; _Traits = std::char_traits<char>; __ostream_type = std::basic_ostream<char>][m[K[m[K’
[1.234s]   110 |       [01;36m[Koperator[m[K<<(__ostream_type& (*__pf)(__ostream_type&))
[1.234s]       |       [01;36m[K^~~~~~~~[m[K
[1.234s] [01m[K/usr/include/c++/13/ostream:110:36:[m[K [01;36m[Knote: [m[K  no known conversion for argument 1 from ‘[01m[K<unresolved overloaded function type>[m[K’ to ‘[01m[Kstd::basic_ostream<char>::__ostream_type& (*)(std::basic_ostream<char>::__ostream_type&)[m[K’ {aka ‘[01m[Kstd::basic_ostream<char>& (*)(std::basic_ostream<char>&)[m[K’}
[1.234s]   110 |       operator<<([01;36m[K__ostream_type& (*__pf)(__ostream_type&)[m[K)
[1.234s]       |                  [01;36m[K~~~~~~~~~~~~~~~~~~^~~~~~~~~~~~~~~~~~~~~~[m[K
[1.234s] [01m[K/usr/include/c++/13/ostream:119:7:[m[K [01;36m[Knote: [m[Kcandidate: ‘[01m[Kstd::basic_ostream<_CharT, _Traits>::__ostream_type& std::basic_ostream<_CharT, _Traits>::[01;32m[Koperator<<[m[K(__ios_type& (*)(__ios_type&)) [35m[K[with _CharT = char; _Traits = std::char_traits<char>; __ostream_type = std::basic_ostream<char>; __ios_type = std::basic_ios<char>][m[K[m[K’
[1.234s]   119 |       [01;36m[Koperator[m[K<<(__ios_type& (*__pf)(__ios_type&))
[1.234s]       |       [01;36m[K^~~~~~~~[m[K
[1.234s] [01m[K/usr/include/c++/13/ostream:119:32:[m[K [01;36m[Knote: [m[K  no known conversion for argument 1 from ‘[01m[K<unresolved overloaded function type>[m[K’ to ‘[01m[Kstd::basic_ostream<char>::__ios_type& (*)(std::basic_ostream<char>::__ios_type&)[m[K’ {aka ‘[01m[Kstd::basic_ios<char>& (*)(std::basic_ios<char>&)[m[K’}
[1.234s]   119 |       operator<<([01;36m[K__ios_type& (*__pf)(__ios_type&)[m[K)
[1.237s]       |                  [01;36m[K~~~~~~~~~~~~~~^~~~~~~~~~~~~~~~~~[m[K
[1.237s] [01m[K/usr/include/c++/13/ostream:129:7:[m[K [01;36m[Knote: [m[Kcandidate: ‘[01m[Kstd::basic_ostream<_CharT, _Traits>::__ostream_type& std::basic_ostream<_CharT, _Traits>::[01;32m[Koperator<<[m[K(std::ios_base& (*)(std::ios_base&)) [35m[K[with _CharT = char; _Traits = std::char_traits<char>; __ostream_type = std::basic_ostream<char>][m[K[m[K’
[1.237s]   129 |       [01;36m[Koperator[m[K<<(ios_base& (*__pf) (ios_base&))
[1.237s]       |       [01;36m[K^~~~~~~~[m[K
[1.237s] [01m[K/usr/include/c++/13/ostream:129:30:[m[K [01;36m[Knote: [m[K  no known conversion for argument 1 from ‘[01m[K<unresolved overloaded function type>[m[K’ to ‘[01m[Kstd::ios_base& (*)(std::ios_base&)[m[K’
[1.237s]   129 |       operator<<([01;36m[Kios_base& (*__pf) (ios_base&)[m[K)
[1.237s]       |                  [01;36m[K~~~~~~~~~~~~^~~~~~~~~~~~~~~~~[m[K
[1.237s] [01m[K/usr/include/c++/13/ostream:168:7:[m[K [01;36m[Knote: [m[Kcandidate: ‘[01m[Kstd::basic_ostream<_CharT, _Traits>::__ostream_type& std::basic_ostream<_CharT, _Traits>::[01;32m[Koperator<<[m[K(long int) [35m[K[with _CharT = char; _Traits = std::char_traits<char>; __ostream_type = std::basic_ostream<char>][m[K[m[K’
[1.237s]   168 |       [01;36m[Koperator[m[K<<(long __n)
[1.237s]       |       [01;36m[K^~~~~~~~[m[K
[1.237s] [01m[K/usr/include/c++/13/ostream:168:23:[m[K [01;36m[Knote: [m[K  no known conversion for argument 1 from ‘[01m[K<unresolved overloaded function type>[m[K’ to ‘[01m[Klong int[m[K’
[1.238s]   168 |       operator<<([01;36m[Klong __n[m[K)
[1.238s]       |                  [01;36m[K~~~~~^~~[m[K
[1.238s] [01m[K/usr/include/c++/13/ostream:172:7:[m[K [01;36m[Knote: [m[Kcandidate: ‘[01m[Kstd::basic_ostream<_CharT, _Traits>::__ostream_type& std::basic_ostream<_CharT, _Traits>::[01;32m[Koperator<<[m[K(long unsigned int) [35m[K[with _CharT = char; _Traits = std::char_traits<char>; __ostream_type = std::basic_ostream<char>][m[K[m[K’
[1.238s]   172 |       [01;36m[Koperator[m[K<<(unsigned long __n)
[1.238s]       |       [01;36m[K^~~~~~~~[m[K
[1.238s] [01m[K/usr/include/c++/13/ostream:172:32:[m[K [01;36m[Knote: [m[K  no known conversion for argument 1 from ‘[01m[K<unresolved overloaded function type>[m[K’ to ‘[01m[Klong unsigned int[m[K’
[1.238s]   172 |       operator<<([01;36m[Kunsigned long __n[m[K)
[1.238s]       |                  [01;36m[K~~~~~~~~~~~~~~^~~[m[K
[1.238s] [01m[K/usr/include/c++/13/ostream:176:7:[m[K [01;36m[Knote: [m[Kcandidate: ‘[01m[Kstd::basic_ostream<_CharT, _Traits>::__ostream_type& std::basic_ostream<_CharT, _Traits>::[01;32m[Koperator<<[m[K(bool) [35m[K[with _CharT = char; _Traits = std::char_traits<char>; __ostream_type = std::basic_ostream<char>][m[K[m[K’
[1.238s]   176 |       [01;36m[Koperator[m[K<<(bool __n)
[1.238s]       |       [01;36m[K^~~~~~~~[m[K
[1.238s] [01m[K/usr/include/c++/13/ostream:176:23:[m[K [01;36m[Knote: [m[K  no known conversion for argument 1 from ‘[01m[K<unresolved overloaded function type>[m[K’ to ‘[01m[Kbool[m[K’
[1.238s]   176 |       operator<<([01;36m[Kbool __n[m[K)
[1.238s]       |                  [01;36m[K~~~~~^~~[m[K
[1.238s] In file included from [01m[K/usr/include/c++/13/ostream:880[m[K:
[1.238s] [01m[K/usr/include/c++/13/bits/ostream.tcc:96:5:[m[K [01;36m[Knote: [m[Kcandidate: ‘[01m[Kstd::basic_ostream<_CharT, _Traits>& std::basic_ostream<_CharT, _Traits>::[01;32m[Koperator<<[m[K(short int) [35m[K[with _CharT = char; _Traits = std::char_traits<char>][m[K[m[K’
[1.238s]    96 |     [01;36m[Kbasic_ostream<_CharT, _Traits>[m[K::
[1.238s]       |     [01;36m[K^~~~~~~~~~~~~~~~~~~~~~~~~~~~~~[m[K
[1.238s] [01m[K/usr/include/c++/13/bits/ostream.tcc:97:22:[m[K [01;36m[Knote: [m[K  no known conversion for argument 1 from ‘[01m[K<unresolved overloaded function type>[m[K’ to ‘[01m[Kshort int[m[K’
[1.239s]    97 |     operator<<([01;36m[Kshort __n[m[K)
[1.239s]       |                [01;36m[K~~~~~~^~~[m[K
[1.239s] [01m[K/usr/include/c++/13/ostream:183:7:[m[K [01;36m[Knote: [m[Kcandidate: ‘[01m[Kstd::basic_ostream<_CharT, _Traits>::__ostream_type& std::basic_ostream<_CharT, _Traits>::[01;32m[Koperator<<[m[K(short unsigned int) [35m[K[with _CharT = char; _Traits = std::char_traits<char>; __ostream_type = std::basic_ostream<char>][m[K[m[K’
[1.239s]   183 |       [01;36m[Koperator[m[K<<(unsigned short __n)
[1.239s]       |       [01;36m[K^~~~~~~~[m[K
[1.239s] [01m[K/usr/include/c++/13/ostream:183:33:[m[K [01;36m[Knote: [m[K  no known conversion for argument 1 from ‘[01m[K<unresolved overloaded function type>[m[K’ to ‘[01m[Kshort unsigned int[m[K’
[1.239s]   183 |       operator<<([01;36m[Kunsigned short __n[m[K)
[1.239s]       |                  [01;36m[K~~~~~~~~~~~~~~~^~~[m[K
[1.239s] [01m[K/usr/include/c++/13/bits/ostream.tcc:110:5:[m[K [01;36m[Knote: [m[Kcandidate: ‘[01m[Kstd::basic_ostream<_CharT, _Traits>& std::basic_ostream<_CharT, _Traits>::[01;32m[Koperator<<[m[K(int) [35m[K[with _CharT = char; _Traits = std::char_traits<char>][m[K[m[K’
[1.239s]   110 |     [01;36m[Kbasic_ostream<_CharT, _Traits>[m[K::
[1.239s]       |     [01;36m[K^~~~~~~~~~~~~~~~~~~~~~~~~~~~~~[m[K
[1.239s] [01m[K/usr/include/c++/13/bits/ostream.tcc:111:20:[m[K [01;36m[Knote: [m[K  no known conversion for argument 1 from ‘[01m[K<unresolved overloaded function type>[m[K’ to ‘[01m[Kint[m[K’
[1.239s]   111 |     operator<<([01;36m[Kint __n[m[K)
[1.239s]       |                [01;36m[K~~~~^~~[m[K
[1.239s] [01m[K/usr/include/c++/13/ostream:194:7:[m[K [01;36m[Knote: [m[Kcandidate: ‘[01m[Kstd::basic_ostream<_CharT, _Traits>::__ostream_type& std::basic_ostream<_CharT, _Traits>::[01;32m[Koperator<<[m[K(unsigned int) [35m[K[with _CharT = char; _Traits = std::char_traits<char>; __ostream_type = std::basic_ostream<char>][m[K[m[K’
[1.239s]   194 |       [01;36m[Koperator[m[K<<(unsigned int __n)
[1.239s]       |       [01;36m[K^~~~~~~~[m[K
[1.239s] [01m[K/usr/include/c++/13/ostream:194:31:[m[K [01;36m[Knote: [m[K  no known conversion for argument 1 from ‘[01m[K<unresolved overloaded function type>[m[K’ to ‘[01m[Kunsigned int[m[K’
[1.240s]   194 |       operator<<([01;36m[Kunsigned int __n[m[K)
[1.240s]       |                  [01;36m[K~~~~~~~~~~~~~^~~[m[K
[1.240s] [01m[K/usr/include/c++/13/ostream:203:7:[m[K [01;36m[Knote: [m[Kcandidate: ‘[01m[Kstd::basic_ostream<_CharT, _Traits>::__ostream_type& std::basic_ostream<_CharT, _Traits>::[01;32m[Koperator<<[m[K(long long int) [35m[K[with _CharT = char; _Traits = std::char_traits<char>; __ostream_type = std::basic_ostream<char>][m[K[m[K’
[1.240s]   203 |       [01;36m[Koperator[m[K<<(long long __n)
[1.240s]       |       [01;36m[K^~~~~~~~[m[K
[1.240s] [01m[K/usr/include/c++/13/ostream:203:28:[m[K [01;36m[Knote: [m[K  no known conversion for argument 1 from ‘[01m[K<unresolved overloaded function type>[m[K’ to ‘[01m[Klong long int[m[K’
[1.240s]   203 |       operator<<([01;36m[Klong long __n[m[K)
[1.240s]       |                  [01;36m[K~~~~~~~~~~^~~[m[K
[1.240s] [01m[K/usr/include/c++/13/ostream:207:7:[m[K [01;36m[Knote: [m[Kcandidate: ‘[01m[Kstd::basic_ostream<_CharT, _Traits>::__ostream_type& std::basic_ostream<_CharT, _Traits>::[01;32m[Koperator<<[m[K(long long unsigned int) [35m[K[with _CharT = char; _Traits = std::char_traits<char>; __ostream_type = std::basic_ostream<char>][m[K[m[K’
[1.240s]   207 |       [01;36m[Koperator[m[K<<(unsigned long long __n)
[1.240s]       |       [01;36m[K^~~~~~~~[m[K
[1.240s] [01m[K/usr/include/c++/13/ostream:207:37:[m[K [01;36m[Knote: [m[K  no known conversion for argument 1 from ‘[01m[K<unresolved overloaded function type>[m[K’ to ‘[01m[Klong long unsigned int[m[K’
[1.240s]   207 |       operator<<([01;36m[Kunsigned long long __n[m[K)
[1.240s]       |                  [01;36m[K~~~~~~~~~~~~~~~~~~~^~~[m[K
[1.240s] [01m[K/usr/include/c++/13/ostream:222:7:[m[K [01;36m[Knote: [m[Kcandidate: ‘[01m[Kstd::basic_ostream<_CharT, _Traits>::__ostream_type& std::basic_ostream<_CharT, _Traits>::[01;32m[Koperator<<[m[K(double) [35m[K[with _CharT = char; _Traits = std::char_traits<char>; __ostream_type = std::basic_ostream<char>][m[K[m[K’
[1.240s]   222 |       [01;36m[Koperator[m[K<<(double __f)
[1.240s]       |       [01;36m[K^~~~~~~~[m[K
[1.240s] [01m[K/usr/include/c++/13/ostream:222:25:[m[K [01;36m[Knote: [m[K  no known conversion for argument 1 from ‘[01m[K<unresolved overloaded function type>[m[K’ to ‘[01m[Kdouble[m[K’
[1.240s]   222 |       operator<<([01;36m[Kdouble __f[m[K)
[1.240s]       |                  [01;36m[K~~~~~~~^~~[m[K
[1.241s] [01m[K/usr/include/c++/13/ostream:226:7:[m[K [01;36m[Knote: [m[Kcandidate: ‘[01m[Kstd::basic_ostream<_CharT, _Traits>::__ostream_type& std::basic_ostream<_CharT, _Traits>::[01;32m[Koperator<<[m[K(float) [35m[K[with _CharT = char; _Traits = std::char_traits<char>; __ostream_type = std::basic_ostream<char>][m[K[m[K’
[1.241s]   226 |       [01;36m[Koperator[m[K<<(float __f)
[1.241s]       |       [01;36m[K^~~~~~~~[m[K
[1.241s] [01m[K/usr/include/c++/13/ostream:226:24:[m[K [01;36m[Knote: [m[K  no known conversion for argument 1 from ‘[01m[K<unresolved overloaded function type>[m[K’ to ‘[01m[Kfloat[m[K’
[1.241s]   226 |       operator<<([01;36m[Kfloat __f[m[K)
[1.241s]       |                  [01;36m[K~~~~~~^~~[m[K
[1.241s] [01m[K/usr/include/c++/13/ostream:234:7:[m[K [01;36m[Knote: [m[Kcandidate: ‘[01m[Kstd::basic_ostream<_CharT, _Traits>::__ostream_type& std::basic_ostream<_CharT, _Traits>::[01;32m[Koperator<<[m[K(long double) [35m[K[with _CharT = char; _Traits = std::char_traits<char>; __ostream_type = std::basic_ostream<char>][m[K[m[K’
[1.241s]   234 |       [01;36m[Koperator[m[K<<(long double __f)
[1.241s]       |       [01;36m[K^~~~~~~~[m[K
[1.241s] [01m[K/usr/include/c++/13/ostream:234:30:[m[K [01;36m[Knote: [m[K  no known conversion for argument 1 from ‘[01m[K<unresolved overloaded function type>[m[K’ to ‘[01m[Klong double[m[K’
[1.241s]   234 |       operator<<([01;36m[Klong double __f[m[K)
[1.241s]       |                  [01;36m[K~~~~~~~~~~~~^~~[m[K
[1.241s] [01m[K/usr/include/c++/13/ostream:292:7:[m[K [01;36m[Knote: [m[Kcandidate: ‘[01m[Kstd::basic_ostream<_CharT, _Traits>::__ostream_type& std::basic_ostream<_CharT, _Traits>::[01;32m[Koperator<<[m[K(const void*) [35m[K[with _CharT = char; _Traits = std::char_traits<char>; __ostream_type = std::basic_ostream<char>][m[K[m[K’
[1.241s]   292 |       [01;36m[Koperator[m[K<<(const void* __p)
[1.241s]       |       [01;36m[K^~~~~~~~[m[K
[1.241s] [01m[K/usr/include/c++/13/ostream:292:30:[m[K [01;36m[Knote: [m[K  no known conversion for argument 1 from ‘[01m[K<unresolved overloaded function type>[m[K’ to ‘[01m[Kconst void*[m[K’
[1.241s]   292 |       operator<<([01;36m[Kconst void* __p[m[K)
[1.241s]       |                  [01;36m[K~~~~~~~~~~~~^~~[m[K
[1.241s] [01m[K/usr/include/c++/13/ostream:297:7:[m[K [01;36m[Knote: [m[Kcandidate: ‘[01m[Kstd::basic_ostream<_CharT, _Traits>::__ostream_type& std::basic_ostream<_CharT, _Traits>::[01;32m[Koperator<<[m[K(std::nullptr_t) [35m[K[with _CharT = char; _Traits = std::char_traits<char>; __ostream_type = std::basic_ostream<char>; std::nullptr_t = std::nullptr_t][m[K[m[K’
[1.241s]   297 |       [01;36m[Koperator[m[K<<(nullptr_t)
[1.242s]       |       [01;36m[K^~~~~~~~[m[K
[1.242s] [01m[K/usr/include/c++/13/ostream:297:18:[m[K [01;36m[Knote: [m[K  no known conversion for argument 1 from ‘[01m[K<unresolved overloaded function type>[m[K’ to ‘[01m[Kstd::nullptr_t[m[K’
[1.242s]   297 |       operator<<([01;36m[Knullptr_t[m[K)
[1.242s]       |                  [01;36m[K^~~~~~~~~[m[K
[1.242s] [01m[K/usr/include/c++/13/bits/ostream.tcc:124:5:[m[K [01;36m[Knote: [m[Kcandidate: ‘[01m[Kstd::basic_ostream<_CharT, _Traits>& std::basic_ostream<_CharT, _Traits>::[01;32m[Koperator<<[m[K(__streambuf_type*) [35m[K[with _CharT = char; _Traits = std::char_traits<char>; __streambuf_type = std::basic_streambuf<char>][m[K[m[K’
[1.242s]   124 |     [01;36m[Kbasic_ostream<_CharT, _Traits>[m[K::
[1.242s]       |     [01;36m[K^~~~~~~~~~~~~~~~~~~~~~~~~~~~~~[m[K
[1.242s] [01m[K/usr/include/c++/13/bits/ostream.tcc:125:34:[m[K [01;36m[Knote: [m[K  no known conversion for argument 1 from ‘[01m[K<unresolved overloaded function type>[m[K’ to ‘[01m[Kstd::basic_ostream<char>::__streambuf_type*[m[K’ {aka ‘[01m[Kstd::basic_streambuf<char>*[m[K’}
[1.242s]   125 |     operator<<([01;36m[K__streambuf_type* __sbin[m[K)
[1.242s]       |                [01;36m[K~~~~~~~~~~~~~~~~~~^~~~~~[m[K
[1.242s] In file included from [01m[K/usr/include/c++/13/bits/basic_string.h:47[m[K,
[1.242s]                  from [01m[K/usr/include/c++/13/string:54[m[K,
[1.242s]                  from [01m[K/usr/include/c++/13/bits/locale_classes.h:40[m[K,
[1.242s]                  from [01m[K/usr/include/c++/13/bits/ios_base.h:41[m[K,
[1.242s]                  from [01m[K/usr/include/c++/13/ios:44[m[K,
[1.242s]                  from [01m[K/usr/include/c++/13/istream:40[m[K:
[1.242s] [01m[K/usr/include/c++/13/string_view:761:5:[m[K [01;36m[Knote: [m[Kcandidate: ‘[01m[Kstd::basic_ostream<_CharT, _Traits>& std::[01;32m[Koperator<<[m[K(basic_ostream<_CharT, _Traits>&, basic_string_view<_CharT, _Traits>) [35m[K[with _CharT = char; _Traits = char_traits<char>][m[K[m[K’
[1.242s]   761 |     [01;36m[Koperator[m[K<<(basic_ostream<_CharT, _Traits>& __os,
[1.242s]       |     [01;36m[K^~~~~~~~[m[K
[1.242s] [01m[K/usr/include/c++/13/string_view:762:50:[m[K [01;36m[Knote: [m[K  no known conversion for argument 2 from ‘[01m[K<unresolved overloaded function type>[m[K’ to ‘[01m[Kstd::basic_string_view<char>[m[K’
[1.242s]   762 |                [01;36m[Kbasic_string_view<_CharT,_Traits> __str[m[K)
[1.242s]       |                [01;36m[K~~~~~~~~~~~~~~~~~~~~~~~~~~~~~~~~~~^~~~~[m[K
[1.242s] [01m[K/usr/include/c++/13/bits/basic_string.h:4032:5:[m[K [01;36m[Knote: [m[Kcandidate: ‘[01m[Ktemplate<class _CharT, class _Traits, class _Alloc> std::basic_ostream<_CharT, _Traits>& std::[01;32m[Koperator<<[m[K(basic_ostream<_CharT, _Traits>&, const __cxx11::basic_string<_CharT, _Traits, _Allocator>&)[m[K’
[1.242s]  4032 |     [01;36m[Koperator[m[K<<(basic_ostream<_CharT, _Traits>& __os,
[1.242s]       |     [01;36m[K^~~~~~~~[m[K
[1.243s] [01m[K/usr/include/c++/13/bits/basic_string.h:4032:5:[m[K [01;36m[Knote: [m[K  template argument deduction/substitution failed:
[1.243s] [01m[K/home/john/Desktop/path_ros/rp_ros2_rviz/src/robot.cpp:21:55:[m[K [01;36m[Knote: [m[K  mismatched types ‘[01m[Kconst std::__cxx11::basic_string<_CharT, _Traits, _Allocator>[m[K’ and ‘[01m[Kconst float& (Eigen::DenseCoeffsBase<Eigen::Matrix<float, 2, 1>, 0>::*)() const[m[K’
[1.243s]    21 |         std::cout << "Robot posizione: (" << position.[01;36m[Kx[m[K << ", " << position.y << ")" << std::endl;
[1.243s]       |                                                       [01;36m[K^[m[K
[1.243s] [01m[K/home/john/Desktop/path_ros/rp_ros2_rviz/src/robot.cpp:21:55:[m[K [01;36m[Knote: [m[K  mismatched types ‘[01m[Kconst std::__cxx11::basic_string<_CharT, _Traits, _Allocator>[m[K’ and ‘[01m[KEigen::DenseCoeffsBase<Eigen::Matrix<float, 2, 1>, 1>::Scalar& (Eigen::DenseCoeffsBase<Eigen::Matrix<float, 2, 1>, 1>::*)()[m[K’ {aka ‘[01m[Kfloat& (Eigen::DenseCoeffsBase<Eigen::Matrix<float, 2, 1>, 1>::*)()[m[K’}
[1.243s] [01m[K/home/john/Desktop/path_ros/rp_ros2_rviz/src/robot.cpp:21:55:[m[K [01;36m[Knote: [m[K  couldn’t deduce template parameter ‘[01m[K_Alloc[m[K’
[1.243s] In file included from [01m[K/usr/include/c++/13/bits/memory_resource.h:38[m[K,
[1.243s]                  from [01m[K/usr/include/c++/13/string:58[m[K:
[1.243s] [01m[K/usr/include/c++/13/cstddef:124:5:[m[K [01;36m[Knote: [m[Kcandidate: ‘[01m[Ktemplate<class _IntegerType> constexpr std::__byte_op_t<_IntegerType> std::[01;32m[Koperator<<[m[K(byte, _IntegerType)[m[K’
[1.243s]   124 |     [01;36m[Koperator[m[K<<(byte __b, _IntegerType __shift) noexcept
[1.243s]       |     [01;36m[K^~~~~~~~[m[K
[1.243s] [01m[K/usr/include/c++/13/cstddef:124:5:[m[K [01;36m[Knote: [m[K  template argument deduction/substitution failed:
[1.243s] [01m[K/home/john/Desktop/path_ros/rp_ros2_rviz/src/robot.cpp:21:55:[m[K [01;36m[Knote: [m[K  couldn’t deduce template parameter ‘[01m[K_IntegerType[m[K’
[1.243s]    21 |         std::cout << "Robot posizione: (" << position.[01;36m[Kx[m[K << ", " << position.y << ")" << std::endl;
[1.243s]       |                                                       [01;36m[K^[m[K
[1.243s] In file included from [01m[K/usr/include/c++/13/bits/ios_base.h:46[m[K:
[1.243s] [01m[K/usr/include/c++/13/system_error:339:5:[m[K [01;36m[Knote: [m[Kcandidate: ‘[01m[Ktemplate<class _CharT, class _Traits> std::basic_ostream<_CharT, _Traits>& std::[01;32m[Koperator<<[m[K(basic_ostream<_CharT, _Traits>&, const error_code&)[m[K’
[1.243s]   339 |     [01;36m[Koperator[m[K<<(basic_ostream<_CharT, _Traits>& __os, const error_code& __e)
[1.243s]       |     [01;36m[K^~~~~~~~[m[K
[1.243s] [01m[K/usr/include/c++/13/system_error:339:5:[m[K [01;36m[Knote: [m[K  template argument deduction/substitution failed:
[1.243s] [01m[K/home/john/Desktop/path_ros/rp_ros2_rviz/src/robot.cpp:21:55:[m[K [01;36m[Knote: [m[K  cannot convert ‘[01m[K((Robot*)this)->Robot::position.Eigen::DenseCoeffsBase<Eigen::Matrix<float, 2, 1>, 1>::x[m[K’ (type ‘[01m[K<unresolved overloaded function type>[m[K’) to type ‘[01m[Kconst std::error_code&[m[K’
[1.243s]    21 |         std::cout << "Robot posizione: (" << [01;36m[Kposition.x[m[K << ", " << position.y << ")" << std::endl;
[1.244s]       |                                              [01;36m[K~~~~~~~~~^[m[K
[1.244s] [01m[K/usr/include/c++/13/ostream:554:5:[m[K [01;36m[Knote: [m[Kcandidate: ‘[01m[Kstd::basic_ostream<_CharT, _Traits>& std::[01;32m[Koperator<<[m[K(basic_ostream<_CharT, _Traits>&, _CharT) [35m[K[with _CharT = char; _Traits = char_traits<char>][m[K[m[K’
[1.244s]   554 |     [01;36m[Koperator[m[K<<(basic_ostream<_CharT, _Traits>& __out, _CharT __c)
[1.244s]       |     [01;36m[K^~~~~~~~[m[K
[1.244s] [01m[K/usr/include/c++/13/ostream:554:62:[m[K [01;36m[Knote: [m[K  no known conversion for argument 2 from ‘[01m[K<unresolved overloaded function type>[m[K’ to ‘[01m[Kchar[m[K’
[1.244s]   554 |     operator<<(basic_ostream<_CharT, _Traits>& __out, [01;36m[K_CharT __c[m[K)
[1.244s]       |                                                       [01;36m[K~~~~~~~^~~[m[K
[1.244s] [01m[K/usr/include/c++/13/ostream:564:5:[m[K [01;36m[Knote: [m[Kcandidate: ‘[01m[Ktemplate<class _CharT, class _Traits> std::basic_ostream<_CharT, _Traits>& std::[01;32m[Koperator<<[m[K(basic_ostream<_CharT, _Traits>&, char)[m[K’
[1.244s]   564 |     [01;36m[Koperator[m[K<<(basic_ostream<_CharT, _Traits>& __out, char __c)
[1.244s]       |     [01;36m[K^~~~~~~~[m[K
[1.244s] [01m[K/usr/include/c++/13/ostream:564:5:[m[K [01;36m[Knote: [m[K  template argument deduction/substitution failed:
[1.244s] [01m[K/home/john/Desktop/path_ros/rp_ros2_rviz/src/robot.cpp:21:55:[m[K [01;36m[Knote: [m[K  cannot convert ‘[01m[K((Robot*)this)->Robot::position.Eigen::DenseCoeffsBase<Eigen::Matrix<float, 2, 1>, 1>::x[m[K’ (type ‘[01m[K<unresolved overloaded function type>[m[K’) to type ‘[01m[Kchar[m[K’
[1.244s]    21 |         std::cout << "Robot posizione: (" << [01;36m[Kposition.x[m[K << ", " << position.y << ")" << std::endl;
[1.244s]       |                                              [01;36m[K~~~~~~~~~^[m[K
[1.244s] [01m[K/usr/include/c++/13/ostream:570:5:[m[K [01;36m[Knote: [m[Kcandidate: ‘[01m[Ktemplate<class _Traits> std::basic_ostream<char, _Traits>& std::[01;32m[Koperator<<[m[K(basic_ostream<char, _Traits>&, char)[m[K’
[1.244s]   570 |     [01;36m[Koperator[m[K<<(basic_ostream<char, _Traits>& __out, char __c)
[1.244s]       |     [01;36m[K^~~~~~~~[m[K
[1.244s] [01m[K/usr/include/c++/13/ostream:570:5:[m[K [01;36m[Knote: [m[K  template argument deduction/substitution failed:
[1.244s] [01m[K/home/john/Desktop/path_ros/rp_ros2_rviz/src/robot.cpp:21:55:[m[K [01;36m[Knote: [m[K  cannot convert ‘[01m[K((Robot*)this)->Robot::position.Eigen::DenseCoeffsBase<Eigen::Matrix<float, 2, 1>, 1>::x[m[K’ (type ‘[01m[K<unresolved overloaded function type>[m[K’) to type ‘[01m[Kchar[m[K’
[1.244s]    21 |         std::cout << "Robot posizione: (" << [01;36m[Kposition.x[m[K << ", " << position.y << ")" << std::endl;
[1.244s]       |                                              [01;36m[K~~~~~~~~~^[m[K
[1.244s] [01m[K/usr/include/c++/13/ostream:581:5:[m[K [01;36m[Knote: [m[Kcandidate: ‘[01m[Ktemplate<class _Traits> std::basic_ostream<char, _Traits>& std::[01;32m[Koperator<<[m[K(basic_ostream<char, _Traits>&, signed char)[m[K’
[1.244s]   581 |     [01;36m[Koperator[m[K<<(basic_ostream<char, _Traits>& __out, signed char __c)
[1.244s]       |     [01;36m[K^~~~~~~~[m[K
[1.245s] [01m[K/usr/include/c++/13/ostream:581:5:[m[K [01;36m[Knote: [m[K  template argument deduction/substitution failed:
[1.245s] [01m[K/home/john/Desktop/path_ros/rp_ros2_rviz/src/robot.cpp:21:55:[m[K [01;36m[Knote: [m[K  cannot convert ‘[01m[K((Robot*)this)->Robot::position.Eigen::DenseCoeffsBase<Eigen::Matrix<float, 2, 1>, 1>::x[m[K’ (type ‘[01m[K<unresolved overloaded function type>[m[K’) to type ‘[01m[Ksigned char[m[K’
[1.245s]    21 |         std::cout << "Robot posizione: (" << [01;36m[Kposition.x[m[K << ", " << position.y << ")" << std::endl;
[1.245s]       |                                              [01;36m[K~~~~~~~~~^[m[K
[1.245s] [01m[K/usr/include/c++/13/ostream:586:5:[m[K [01;36m[Knote: [m[Kcandidate: ‘[01m[Ktemplate<class _Traits> std::basic_ostream<char, _Traits>& std::[01;32m[Koperator<<[m[K(basic_ostream<char, _Traits>&, unsigned char)[m[K’
[1.245s]   586 |     [01;36m[Koperator[m[K<<(basic_ostream<char, _Traits>& __out, unsigned char __c)
[1.245s]       |     [01;36m[K^~~~~~~~[m[K
[1.245s] [01m[K/usr/include/c++/13/ostream:586:5:[m[K [01;36m[Knote: [m[K  template argument deduction/substitution failed:
[1.245s] [01m[K/home/john/Desktop/path_ros/rp_ros2_rviz/src/robot.cpp:21:55:[m[K [01;36m[Knote: [m[K  cannot convert ‘[01m[K((Robot*)this)->Robot::position.Eigen::DenseCoeffsBase<Eigen::Matrix<float, 2, 1>, 1>::x[m[K’ (type ‘[01m[K<unresolved overloaded function type>[m[K’) to type ‘[01m[Kunsigned char[m[K’
[1.245s]    21 |         std::cout << "Robot posizione: (" << [01;36m[Kposition.x[m[K << ", " << position.y << ")" << std::endl;
[1.245s]       |                                              [01;36m[K~~~~~~~~~^[m[K
[1.245s] [01m[K/usr/include/c++/13/ostream:645:5:[m[K [01;36m[Knote: [m[Kcandidate: ‘[01m[Kstd::basic_ostream<_CharT, _Traits>& std::[01;32m[Koperator<<[m[K(basic_ostream<_CharT, _Traits>&, const _CharT*) [35m[K[with _CharT = char; _Traits = char_traits<char>][m[K[m[K’
[1.245s]   645 |     [01;36m[Koperator[m[K<<(basic_ostream<_CharT, _Traits>& __out, const _CharT* __s)
[1.245s]       |     [01;36m[K^~~~~~~~[m[K
[1.245s] [01m[K/usr/include/c++/13/ostream:645:69:[m[K [01;36m[Knote: [m[K  no known conversion for argument 2 from ‘[01m[K<unresolved overloaded function type>[m[K’ to ‘[01m[Kconst char*[m[K’
[1.245s]   645 |    operator<<(basic_ostream<_CharT, _Traits>& __out, [01;36m[Kconst _CharT* __s[m[K)
[1.245s]       |                                                      [01;36m[K~~~~~~~~~~~~~~^~~[m[K
[1.245s] 
[1.245s] [01m[K/usr/include/c++/13/bits/ostream.tcc:307:5:[m[K [01;36m[Knote: [m[Kcandidate: ‘[01m[Ktemplate<class _CharT, class _Traits> std::basic_ostream<_CharT, _Traits>& std::[01;32m[Koperator<<[m[K(basic_ostream<_CharT, _Traits>&, const char*)[m[K’
[1.245s]   307 |     [01;36m[Koperator[m[K<<(basic_ostream<_CharT, _Traits>& __out, const char* __s)
[1.246s]       |     [01;36m[K^~~~~~~~[m[K
[1.246s] [01m[K/usr/include/c++/13/bits/ostream.tcc:307:5:[m[K [01;36m[Knote: [m[K  template argument deduction/substitution failed:
[1.246s] [01m[K/home/john/Desktop/path_ros/rp_ros2_rviz/src/robot.cpp:21:55:[m[K [01;36m[Knote: [m[K  cannot convert ‘[01m[K((Robot*)this)->Robot::position.Eigen::DenseCoeffsBase<Eigen::Matrix<float, 2, 1>, 1>::x[m[K’ (type ‘[01m[K<unresolved overloaded function type>[m[K’) to type ‘[01m[Kconst char*[m[K’
[1.246s]    21 |         std::cout << "Robot posizione: (" << [01;36m[Kposition.x[m[K << ", " << position.y << ")" << std::endl;
[1.246s]       |                                              [01;36m[K~~~~~~~~~^[m[K
[1.246s] [01m[K/usr/include/c++/13/ostream:662:5:[m[K [01;36m[Knote: [m[Kcandidate: ‘[01m[Ktemplate<class _Traits> std::basic_ostream<char, _Traits>& std::[01;32m[Koperator<<[m[K(basic_ostream<char, _Traits>&, const char*)[m[K’
[1.246s]   662 |     [01;36m[Koperator[m[K<<(basic_ostream<char, _Traits>& __out, const char* __s)
[1.249s]       |     [01;36m[K^~~~~~~~[m[K
[1.249s] [01m[K/usr/include/c++/13/ostream:662:5:[m[K [01;36m[Knote: [m[K  template argument deduction/substitution failed:
[1.249s] [01m[K/home/john/Desktop/path_ros/rp_ros2_rviz/src/robot.cpp:21:55:[m[K [01;36m[Knote: [m[K  cannot convert ‘[01m[K((Robot*)this)->Robot::position.Eigen::DenseCoeffsBase<Eigen::Matrix<float, 2, 1>, 1>::x[m[K’ (type ‘[01m[K<unresolved overloaded function type>[m[K’) to type ‘[01m[Kconst char*[m[K’
[1.249s]    21 |         std::cout << "Robot posizione: (" << [01;36m[Kposition.x[m[K << ", " << position.y << ")" << std::endl;
[1.249s]       |                                              [01;36m[K~~~~~~~~~^[m[K
[1.249s] [01m[K/usr/include/c++/13/ostream:675:5:[m[K [01;36m[Knote: [m[Kcandidate: ‘[01m[Ktemplate<class _Traits> std::basic_ostream<char, _Traits>& std::[01;32m[Koperator<<[m[K(basic_ostream<char, _Traits>&, const signed char*)[m[K’
[1.249s]   675 |     [01;36m[Koperator[m[K<<(basic_ostream<char, _Traits>& __out, const signed char* __s)
[1.249s]       |     [01;36m[K^~~~~~~~[m[K
[1.249s] [01m[K/usr/include/c++/13/ostream:675:5:[m[K [01;36m[Knote: [m[K  template argument deduction/substitution failed:
[1.249s] [01m[K/home/john/Desktop/path_ros/rp_ros2_rviz/src/robot.cpp:21:55:[m[K [01;36m[Knote: [m[K  cannot convert ‘[01m[K((Robot*)this)->Robot::position.Eigen::DenseCoeffsBase<Eigen::Matrix<float, 2, 1>, 1>::x[m[K’ (type ‘[01m[K<unresolved overloaded function type>[m[K’) to type ‘[01m[Kconst signed char*[m[K’
[1.249s]    21 |         std::cout << "Robot posizione: (" << [01;36m[Kposition.x[m[K << ", " << position.y << ")" << std::endl;
[1.249s]       |                                              [01;36m[K~~~~~~~~~^[m[K
[1.250s] [01m[K/usr/include/c++/13/ostream:680:5:[m[K [01;36m[Knote: [m[Kcandidate: ‘[01m[Ktemplate<class _Traits> std::basic_ostream<char, _Traits>& std::[01;32m[Koperator<<[m[K(basic_ostream<char, _Traits>&, const unsigned char*)[m[K’
[1.250s]   680 |     [01;36m[Koperator[m[K<<(basic_ostream<char, _Traits>& __out, const unsigned char* __s)
[1.250s]       |     [01;36m[K^~~~~~~~[m[K
[1.250s] [01m[K/usr/include/c++/13/ostream:680:5:[m[K [01;36m[Knote: [m[K  template argument deduction/substitution failed:
[1.250s] [01m[K/home/john/Desktop/path_ros/rp_ros2_rviz/src/robot.cpp:21:55:[m[K [01;36m[Knote: [m[K  cannot convert ‘[01m[K((Robot*)this)->Robot::position.Eigen::DenseCoeffsBase<Eigen::Matrix<float, 2, 1>, 1>::x[m[K’ (type ‘[01m[K<unresolved overloaded function type>[m[K’) to type ‘[01m[Kconst unsigned char*[m[K’
[1.250s]    21 |         std::cout << "Robot posizione: (" << [01;36m[Kposition.x[m[K << ", " << position.y << ")" << std::endl;
[1.250s]       |                                              [01;36m[K~~~~~~~~~^[m[K
[1.250s] [01m[K/usr/include/c++/13/ostream:801:5:[m[K [01;36m[Knote: [m[Kcandidate: ‘[01m[Ktemplate<class _Ostream, class _Tp> _Ostream&& std::[01;32m[Koperator<<[m[K(_Ostream&&, const _Tp&)[m[K’
[1.250s]   801 |     [01;36m[Koperator[m[K<<(_Ostream&& __os, const _Tp& __x)
[1.250s]       |     [01;36m[K^~~~~~~~[m[K
[1.250s] [01m[K/usr/include/c++/13/ostream:801:5:[m[K [01;36m[Knote: [m[K  template argument deduction/substitution failed:
[1.250s] [01m[K/home/john/Desktop/path_ros/rp_ros2_rviz/src/robot.cpp:21:55:[m[K [01;36m[Knote: [m[K  couldn’t deduce template parameter ‘[01m[K_Tp[m[K’
[1.250s]    21 |         std::cout << "Robot posizione: (" << position.[01;36m[Kx[m[K << ", " << position.y << ")" << std::endl;
[1.250s]       |                                                       [01;36m[K^[m[K
[1.250s] [01m[K/usr/include/c++/13/complex:558:5:[m[K [01;36m[Knote: [m[Kcandidate: ‘[01m[Ktemplate<class _Tp, class _CharT, class _Traits> std::basic_ostream<_CharT, _Traits>& std::[01;32m[Koperator<<[m[K(basic_ostream<_CharT, _Traits>&, const complex<_Tp>&)[m[K’
[1.250s]   558 |     [01;36m[Koperator[m[K<<(basic_ostream<_CharT, _Traits>& __os, const complex<_Tp>& __x)
[1.250s]       |     [01;36m[K^~~~~~~~[m[K
[1.250s] [01m[K/usr/include/c++/13/complex:558:5:[m[K [01;36m[Knote: [m[K  template argument deduction/substitution failed:
[1.250s] [01m[K/home/john/Desktop/path_ros/rp_ros2_rviz/src/robot.cpp:21:55:[m[K [01;36m[Knote: [m[K  mismatched types ‘[01m[Kconst std::complex<_Tp>[m[K’ and ‘[01m[Kconst float& (Eigen::DenseCoeffsBase<Eigen::Matrix<float, 2, 1>, 0>::*)() const[m[K’
[1.250s]    21 |         std::cout << "Robot posizione: (" << position.[01;36m[Kx[m[K << ", " << position.y << ")" << std::endl;
[1.252s]       |                                                       [01;36m[K^[m[K
[1.252s] [01m[K/home/john/Desktop/path_ros/rp_ros2_rviz/src/robot.cpp:21:55:[m[K [01;36m[Knote: [m[K  mismatched types ‘[01m[Kconst std::complex<_Tp>[m[K’ and ‘[01m[KEigen::DenseCoeffsBase<Eigen::Matrix<float, 2, 1>, 1>::Scalar& (Eigen::DenseCoeffsBase<Eigen::Matrix<float, 2, 1>, 1>::*)()[m[K’ {aka ‘[01m[Kfloat& (Eigen::DenseCoeffsBase<Eigen::Matrix<float, 2, 1>, 1>::*)()[m[K’}
[1.253s] [01m[K/home/john/Desktop/path_ros/rp_ros2_rviz/src/robot.cpp:21:55:[m[K [01;36m[Knote: [m[K  couldn’t deduce template parameter ‘[01m[K_Tp[m[K’
[1.253s] In file included from [01m[K/usr/include/eigen3/Eigen/Core:269[m[K:
[1.253s] [01m[K/usr/include/eigen3/Eigen/src/Core/IO.h:249:16:[m[K [01;36m[Knote: [m[Kcandidate: ‘[01m[Ktemplate<class Derived> std::ostream& Eigen::[01;32m[Koperator<<[m[K(std::ostream&, const DenseBase<Derived>&)[m[K’
[1.253s]   249 | std::ostream & [01;36m[Koperator[m[K <<
[1.253s]       |                [01;36m[K^~~~~~~~[m[K
[1.253s] [01m[K/usr/include/eigen3/Eigen/src/Core/IO.h:249:16:[m[K [01;36m[Knote: [m[K  template argument deduction/substitution failed:
[1.253s] [01m[K/home/john/Desktop/path_ros/rp_ros2_rviz/src/robot.cpp:21:55:[m[K [01;36m[Knote: [m[K  mismatched types ‘[01m[Kconst Eigen::DenseBase<Derived>[m[K’ and ‘[01m[Kconst float& (Eigen::DenseCoeffsBase<Eigen::Matrix<float, 2, 1>, 0>::*)() const[m[K’
[1.253s]    21 |         std::cout << "Robot posizione: (" << position.[01;36m[Kx[m[K << ", " << position.y << ")" << std::endl;
[1.253s]       |                                                       [01;36m[K^[m[K
[1.253s] [01m[K/home/john/Desktop/path_ros/rp_ros2_rviz/src/robot.cpp:21:55:[m[K [01;36m[Knote: [m[K  mismatched types ‘[01m[Kconst Eigen::DenseBase<Derived>[m[K’ and ‘[01m[KEigen::DenseCoeffsBase<Eigen::Matrix<float, 2, 1>, 1>::Scalar& (Eigen::DenseCoeffsBase<Eigen::Matrix<float, 2, 1>, 1>::*)()[m[K’ {aka ‘[01m[Kfloat& (Eigen::DenseCoeffsBase<Eigen::Matrix<float, 2, 1>, 1>::*)()[m[K’}
[1.253s] [01m[K/home/john/Desktop/path_ros/rp_ros2_rviz/src/robot.cpp:21:55:[m[K [01;36m[Knote: [m[K  couldn’t deduce template parameter ‘[01m[KDerived[m[K’
[1.346s] gmake[2]: *** [CMakeFiles/dmap_node.dir/build.make:118: CMakeFiles/dmap_node.dir/src/robot.cpp.o] Error 1
[1.346s] gmake[1]: *** [CMakeFiles/Makefile2:137: CMakeFiles/dmap_node.dir/all] Error 2
[1.346s] gmake: *** [Makefile:146: all] Error 2
[1.350s] Invoked command in '/home/john/Desktop/path_ros/rp_ros2_rviz/build/rp_ros2_rviz' returned '2': CMAKE_PREFIX_PATH=${CMAKE_PREFIX_PATH}:/opt/ros/jazzy DEBUGINFOD_URLS=https://debuginfod.ubuntu.com /usr/bin/cmake --build /home/john/Desktop/path_ros/rp_ros2_rviz/build/rp_ros2_rviz -- -j4 -l4
