[01m[K/home/john/Desktop/rp_ros2_rviz/src/world_node.cpp:[m[K In constructor ‘[01m[KWorldNode::[01;32m[KWorldNode[m[K()[m[K’:
[01m[K/home/john/Desktop/rp_ros2_rviz/src/world_node.cpp:13:17:[m[K [01;31m[Kerror: [m[K‘[01m[Kusing std::__shared_ptr_access<World, __gnu_cxx::_S_atomic, false, false>::element_type = struct World[m[K’ {aka ‘[01m[Kstruct World[m[K’} has no member named ‘[01m[KaddItem[m[K’
   13 |         world_->[01;31m[KaddItem[m[K(std::shared_ptr<WorldItem>(robot_item));
      |                 [01;31m[K^~~~~~~[m[K
[01m[K/home/john/Desktop/rp_ros2_rviz/src/world_node.cpp:[m[K In member function ‘[01m[Kvoid WorldNode::[01;32m[KposeCallback[m[K(geometry_msgs::msg::Pose_<std::allocator<void> >::SharedPtr)[m[K’:
[01m[K/home/john/Desktop/rp_ros2_rviz/src/world_node.cpp:25:22:[m[K [01;31m[Kerror: [m[K‘[01m[KEigen[m[K’ has not been declared
   25 |         new_pose.t = [01;31m[KEigen[m[K::Vector2f(msg->position.x, msg->position.y);
      |                      [01;31m[K^~~~~[m[K
[01m[K/home/john/Desktop/rp_ros2_rviz/src/world_node.cpp:26:18:[m[K [01;31m[Kerror: [m[K‘[01m[Kstruct Isometry2f[m[K’ has no member named ‘[01m[Krotation[m[K’
   26 |         new_pose.[01;31m[Krotation[m[K() = Eigen::Rotation2Df(msg->orientation.w);  // Questo è solo un esempio
      |                  [01;31m[K^~~~~~~~[m[K
[01m[K/home/john/Desktop/rp_ros2_rviz/src/world_node.cpp:26:31:[m[K [01;31m[Kerror: [m[K‘[01m[KEigen[m[K’ has not been declared
   26 |         new_pose.rotation() = [01;31m[KEigen[m[K::Rotation2Df(msg->orientation.w);  // Questo è solo un esempio
      |                               [01;31m[K^~~~~[m[K
[01m[K/home/john/Desktop/rp_ros2_rviz/src/world_node.cpp:29:17:[m[K [01;31m[Kerror: [m[K‘[01m[Kusing std::__shared_ptr_access<World, __gnu_cxx::_S_atomic, false, false>::element_type = struct World[m[K’ {aka ‘[01m[Kstruct World[m[K’} has no member named ‘[01m[KupdateItemPose[m[K’
   29 |         world_->[01;31m[KupdateItemPose[m[K(robot_item, new_pose);  // Aggiornamento della posizione nel mondo
      |                 [01;31m[K^~~~~~~~~~~~~~[m[K
[01m[K/home/john/Desktop/rp_ros2_rviz/src/world_node.cpp:29:32:[m[K [01;31m[Kerror: [m[K‘[01m[Krobot_item[m[K’ was not declared in this scope
   29 |         world_->updateItemPose([01;31m[Krobot_item[m[K, new_pose);  // Aggiornamento della posizione nel mondo
      |                                [01;31m[K^~~~~~~~~~[m[K
gmake[2]: *** [CMakeFiles/world_node.dir/build.make:76: CMakeFiles/world_node.dir/src/world_node.cpp.o] Error 1
gmake[1]: *** [CMakeFiles/Makefile2:193: CMakeFiles/world_node.dir/all] Error 2
gmake: *** [Makefile:146: all] Error 2
