[01m[K/home/john/Desktop/path_ros/rp_ros2_rviz/src/dmap_node.cpp:[m[K In static member function ‘[01m[Kstatic void DmapNode::[01;32m[KonMouse[m[K(int, int, int, int, void*)[m[K’:
[01m[K/home/john/Desktop/path_ros/rp_ros2_rviz/src/dmap_node.cpp:122:33:[m[K [01;31m[Kerror: [m[Kinvalid use of member ‘[01m[KDmapNode::use_gradient[m[K’ in static member function
  122 |                                 [01;31m[Kuse_gradient[m[K);
      |                                 [01;31m[K^~~~~~~~~~~~[m[K
[01m[K/home/john/Desktop/path_ros/rp_ros2_rviz/src/dmap_node.cpp:20:10:[m[K [01;36m[Knote: [m[Kdeclared here
   20 |     bool [01;36m[Kuse_gradient[m[K = false;
      |          [01;36m[K^~~~~~~~~~~~[m[K
[01m[K/home/john/Desktop/path_ros/rp_ros2_rviz/src/dmap_node.cpp:123:22:[m[K [01;31m[Kerror: [m[Kcannot call member function ‘[01m[Kvoid DmapNode::[01;32m[Kredisplay[m[K(const GridMapping&)[m[K’ without object
  123 |             [01;31m[Kredisplay(planner->mapping)[m[K;
      |             [01;31m[K~~~~~~~~~^~~~~~~~~~~~~~~~~~[m[K
[01m[K/home/john/Desktop/path_ros/rp_ros2_rviz/src/dmap_node.cpp:126:44:[m[K [01;31m[Kerror: [m[Kinvalid use of member ‘[01m[KDmapNode::background_mode[m[K’ in static member function
  126 |             cerr << "background_mode= " << [01;31m[Kbackground_mode[m[K << endl;
      |                                            [01;31m[K^~~~~~~~~~~~~~~[m[K
[01m[K/home/john/Desktop/path_ros/rp_ros2_rviz/src/dmap_node.cpp:19:9:[m[K [01;36m[Knote: [m[Kdeclared here
   19 |     int [01;36m[Kbackground_mode[m[K = 0;
      |         [01;36m[K^~~~~~~~~~~~~~~[m[K
[01m[K/home/john/Desktop/path_ros/rp_ros2_rviz/src/dmap_node.cpp:127:20:[m[K [01;31m[Kerror: [m[Kinvalid use of member ‘[01m[KDmapNode::background_mode[m[K’ in static member function
  127 |             switch([01;31m[Kbackground_mode[m[K) {
      |                    [01;31m[K^~~~~~~~~~~~~~~[m[K
[01m[K/home/john/Desktop/path_ros/rp_ros2_rviz/src/dmap_node.cpp:19:9:[m[K [01;36m[Knote: [m[Kdeclared here
   19 |     int [01;36m[Kbackground_mode[m[K = 0;
      |         [01;36m[K^~~~~~~~~~~~~~~[m[K
[01m[K/home/john/Desktop/path_ros/rp_ros2_rviz/src/dmap_node.cpp:106:58:[m[K [01;35m[Kwarning: [m[Kunused parameter ‘[01m[Kval[m[K’ [[01;35m[K]8;;https://gcc.gnu.org/onlinedocs/gcc/Warning-Options.html#index-Wunused-parameter-Wunused-parameter]8;;[m[K]
  106 |         static void onMouse(int event, int x, int y, [01;35m[Kint val[m[K, void* arg) {
      |                                                      [01;35m[K~~~~^~~[m[K
gmake[2]: *** [CMakeFiles/dmap_node.dir/build.make:76: CMakeFiles/dmap_node.dir/src/dmap_node.cpp.o] Error 1
gmake[1]: *** [CMakeFiles/Makefile2:137: CMakeFiles/dmap_node.dir/all] Error 2
gmake: *** [Makefile:146: all] Error 2
