[0.007s] Invoking command in '/home/john/Desktop/rp_ros2_rviz/build/rp_ros2_rviz': CMAKE_PREFIX_PATH=${CMAKE_PREFIX_PATH}:/opt/ros/foxy /usr/bin/cmake --build /home/john/Desktop/rp_ros2_rviz/build/rp_ros2_rviz -- -j4 -l4
[0.034s] [35m[1mScanning dependencies of target pathplanner_node[0m
[0.063s] [ 20%] Built target world_node
[0.066s] [ 40%] Built target controller_node
[0.078s] [ 44%] [32mBuilding CXX object CMakeFiles/pathplanner_node.dir/src/pathplanner_node.cpp.o[0m
[0.083s] [ 64%] Built target particle_node_filter
[0.102s] [ 84%] Built target mapserver
[1.862s] [01m[K/home/john/Desktop/rp_ros2_rviz/src/pathplanner_node.cpp:[m[K In member function ‘[01m[Kvoid PathPlanner::makePath(const std::shared_ptr<DMap>&, float, float, const Vector2f&)[m[K’:
[1.862s] [01m[K/home/john/Desktop/rp_ros2_rviz/src/pathplanner_node.cpp:92:61:[m[K [01;35m[Kwarning: [m[Kunused parameter ‘[01m[Kdmap[m[K’ [[01;35m[K-Wunused-parameter[m[K]
[1.862s]    92 |     void PathPlanner::makePath([01;35m[Kconst std::shared_ptr<DMap>& dmap[m[K, float resolution, float expansion_range, const Eigen::Vector2f& goal_position){
[1.862s]       |                                [01;35m[K~~~~~~~~~~~~~~~~~~~~~~~~~~~~~^~~~[m[K
[1.862s] [01m[K/home/john/Desktop/rp_ros2_rviz/src/pathplanner_node.cpp:92:73:[m[K [01;35m[Kwarning: [m[Kunused parameter ‘[01m[Kresolution[m[K’ [[01;35m[K-Wunused-parameter[m[K]
[1.862s]    92 |     void PathPlanner::makePath(const std::shared_ptr<DMap>& dmap, [01;35m[Kfloat resolution[m[K, float expansion_range, const Eigen::Vector2f& goal_position){
[1.862s]       |                                                                   [01;35m[K~~~~~~^~~~~~~~~~[m[K
[1.862s] [01m[K/home/john/Desktop/rp_ros2_rviz/src/pathplanner_node.cpp:92:91:[m[K [01;35m[Kwarning: [m[Kunused parameter ‘[01m[Kexpansion_range[m[K’ [[01;35m[K-Wunused-parameter[m[K]
[1.862s]    92 |     void PathPlanner::makePath(const std::shared_ptr<DMap>& dmap, float resolution, [01;35m[Kfloat expansion_range[m[K, const Eigen::Vector2f& goal_position){
[1.862s]       |                                                                                     [01;35m[K~~~~~~^~~~~~~~~~~~~~~[m[K
[5.230s] [ 88%] [32m[1mLinking CXX executable pathplanner_node[0m
[5.556s] [100%] Built target pathplanner_node
[5.563s] Invoked command in '/home/john/Desktop/rp_ros2_rviz/build/rp_ros2_rviz' returned '0': CMAKE_PREFIX_PATH=${CMAKE_PREFIX_PATH}:/opt/ros/foxy /usr/bin/cmake --build /home/john/Desktop/rp_ros2_rviz/build/rp_ros2_rviz -- -j4 -l4
[5.569s] Invoking command in '/home/john/Desktop/rp_ros2_rviz/build/rp_ros2_rviz': CMAKE_PREFIX_PATH=${CMAKE_PREFIX_PATH}:/opt/ros/foxy /usr/bin/cmake --install /home/john/Desktop/rp_ros2_rviz/build/rp_ros2_rviz
[5.573s] -- Install configuration: ""
[5.575s] -- Installing: /home/john/Desktop/rp_ros2_rviz/install/rp_ros2_rviz/lib/rp_ros2_rviz/controller_node
[5.577s] -- Set runtime path of "/home/john/Desktop/rp_ros2_rviz/install/rp_ros2_rviz/lib/rp_ros2_rviz/controller_node" to ""
[5.577s] -- Installing: /home/john/Desktop/rp_ros2_rviz/install/rp_ros2_rviz/lib/rp_ros2_rviz/world_node
[5.581s] -- Set runtime path of "/home/john/Desktop/rp_ros2_rviz/install/rp_ros2_rviz/lib/rp_ros2_rviz/world_node" to ""
[5.582s] -- Installing: /home/john/Desktop/rp_ros2_rviz/install/rp_ros2_rviz/lib/rp_ros2_rviz/pathplanner_node
[5.584s] -- Set runtime path of "/home/john/Desktop/rp_ros2_rviz/install/rp_ros2_rviz/lib/rp_ros2_rviz/pathplanner_node" to ""
[5.584s] -- Up-to-date: /home/john/Desktop/rp_ros2_rviz/install/rp_ros2_rviz/lib/rp_ros2_rviz/mapserver
[5.584s] -- Up-to-date: /home/john/Desktop/rp_ros2_rviz/install/rp_ros2_rviz/lib/rp_ros2_rviz/particle_node_filter
[5.584s] -- Up-to-date: /home/john/Desktop/rp_ros2_rviz/install/rp_ros2_rviz/share/rp_ros2_rviz/launch
[5.585s] -- Up-to-date: /home/john/Desktop/rp_ros2_rviz/install/rp_ros2_rviz/share/rp_ros2_rviz/launch/combined_launcher.py
[5.585s] -- Up-to-date: /home/john/Desktop/rp_ros2_rviz/install/rp_ros2_rviz/share/ament_index/resource_index/package_run_dependencies/rp_ros2_rviz
[5.585s] -- Up-to-date: /home/john/Desktop/rp_ros2_rviz/install/rp_ros2_rviz/share/ament_index/resource_index/parent_prefix_path/rp_ros2_rviz
[5.585s] -- Up-to-date: /home/john/Desktop/rp_ros2_rviz/install/rp_ros2_rviz/share/rp_ros2_rviz/environment/ament_prefix_path.sh
[5.585s] -- Up-to-date: /home/john/Desktop/rp_ros2_rviz/install/rp_ros2_rviz/share/rp_ros2_rviz/environment/ament_prefix_path.dsv
[5.585s] -- Up-to-date: /home/john/Desktop/rp_ros2_rviz/install/rp_ros2_rviz/share/rp_ros2_rviz/environment/path.sh
[5.585s] -- Up-to-date: /home/john/Desktop/rp_ros2_rviz/install/rp_ros2_rviz/share/rp_ros2_rviz/environment/path.dsv
[5.585s] -- Up-to-date: /home/john/Desktop/rp_ros2_rviz/install/rp_ros2_rviz/share/rp_ros2_rviz/local_setup.bash
[5.585s] -- Up-to-date: /home/john/Desktop/rp_ros2_rviz/install/rp_ros2_rviz/share/rp_ros2_rviz/local_setup.sh
[5.585s] -- Up-to-date: /home/john/Desktop/rp_ros2_rviz/install/rp_ros2_rviz/share/rp_ros2_rviz/local_setup.zsh
[5.585s] -- Up-to-date: /home/john/Desktop/rp_ros2_rviz/install/rp_ros2_rviz/share/rp_ros2_rviz/local_setup.dsv
[5.585s] -- Installing: /home/john/Desktop/rp_ros2_rviz/install/rp_ros2_rviz/share/rp_ros2_rviz/package.dsv
[5.585s] -- Up-to-date: /home/john/Desktop/rp_ros2_rviz/install/rp_ros2_rviz/share/ament_index/resource_index/packages/rp_ros2_rviz
[5.585s] -- Up-to-date: /home/john/Desktop/rp_ros2_rviz/install/rp_ros2_rviz/share/rp_ros2_rviz/cmake/rp_ros2_rvizConfig.cmake
[5.585s] -- Up-to-date: /home/john/Desktop/rp_ros2_rviz/install/rp_ros2_rviz/share/rp_ros2_rviz/cmake/rp_ros2_rvizConfig-version.cmake
[5.585s] -- Up-to-date: /home/john/Desktop/rp_ros2_rviz/install/rp_ros2_rviz/share/rp_ros2_rviz/package.xml
[5.587s] Invoked command in '/home/john/Desktop/rp_ros2_rviz/build/rp_ros2_rviz' returned '0': CMAKE_PREFIX_PATH=${CMAKE_PREFIX_PATH}:/opt/ros/foxy /usr/bin/cmake --install /home/john/Desktop/rp_ros2_rviz/build/rp_ros2_rviz
