[0.031s] Invoking command in '/home/john/Desktop/path_ros/rp_ros2_rviz/build/rp_ros2_rviz': CMAKE_PREFIX_PATH=${CMAKE_PREFIX_PATH}:/opt/ros/jazzy DEBUGINFOD_URLS=https://debuginfod.ubuntu.com /usr/bin/cmake --build /home/john/Desktop/path_ros/rp_ros2_rviz/build/rp_ros2_rviz -- -j4 -l4
[0.296s] [100%] Built target dmap_node
[0.312s] Invoked command in '/home/john/Desktop/path_ros/rp_ros2_rviz/build/rp_ros2_rviz' returned '0': CMAKE_PREFIX_PATH=${CMAKE_PREFIX_PATH}:/opt/ros/jazzy DEBUGINFOD_URLS=https://debuginfod.ubuntu.com /usr/bin/cmake --build /home/john/Desktop/path_ros/rp_ros2_rviz/build/rp_ros2_rviz -- -j4 -l4
[0.329s] Invoking command in '/home/john/Desktop/path_ros/rp_ros2_rviz/build/rp_ros2_rviz': CMAKE_PREFIX_PATH=${CMAKE_PREFIX_PATH}:/opt/ros/jazzy DEBUGINFOD_URLS=https://debuginfod.ubuntu.com /usr/bin/cmake --install /home/john/Desktop/path_ros/rp_ros2_rviz/build/rp_ros2_rviz
[0.346s] -- Install configuration: ""
[0.349s] -- Execute custom install script
[0.350s] -- Up-to-date symlink: /home/john/Desktop/path_ros/rp_ros2_rviz/install/rp_ros2_rviz/lib/rp_ros2_rviz/dmap_node
[0.351s] -- Up-to-date symlink: /home/john/Desktop/path_ros/rp_ros2_rviz/install/rp_ros2_rviz/share/ament_index/resource_index/package_run_dependencies/rp_ros2_rviz
[0.352s] -- Up-to-date symlink: /home/john/Desktop/path_ros/rp_ros2_rviz/install/rp_ros2_rviz/share/ament_index/resource_index/parent_prefix_path/rp_ros2_rviz
[0.353s] -- Up-to-date symlink: /home/john/Desktop/path_ros/rp_ros2_rviz/install/rp_ros2_rviz/share/rp_ros2_rviz/environment/ament_prefix_path.sh
[0.353s] -- Up-to-date symlink: /home/john/Desktop/path_ros/rp_ros2_rviz/install/rp_ros2_rviz/share/rp_ros2_rviz/environment/ament_prefix_path.dsv
[0.355s] -- Up-to-date symlink: /home/john/Desktop/path_ros/rp_ros2_rviz/install/rp_ros2_rviz/share/rp_ros2_rviz/environment/path.sh
[0.356s] -- Up-to-date symlink: /home/john/Desktop/path_ros/rp_ros2_rviz/install/rp_ros2_rviz/share/rp_ros2_rviz/environment/path.dsv
[0.357s] -- Up-to-date symlink: /home/john/Desktop/path_ros/rp_ros2_rviz/install/rp_ros2_rviz/share/rp_ros2_rviz/local_setup.bash
[0.359s] -- Up-to-date symlink: /home/john/Desktop/path_ros/rp_ros2_rviz/install/rp_ros2_rviz/share/rp_ros2_rviz/local_setup.sh
[0.359s] -- Up-to-date symlink: /home/john/Desktop/path_ros/rp_ros2_rviz/install/rp_ros2_rviz/share/rp_ros2_rviz/local_setup.zsh
[0.360s] -- Up-to-date symlink: /home/john/Desktop/path_ros/rp_ros2_rviz/install/rp_ros2_rviz/share/rp_ros2_rviz/local_setup.dsv
[0.360s] -- Symlinking: /home/john/Desktop/path_ros/rp_ros2_rviz/install/rp_ros2_rviz/share/rp_ros2_rviz/package.dsv
[0.391s] -- Up-to-date symlink: /home/john/Desktop/path_ros/rp_ros2_rviz/install/rp_ros2_rviz/share/ament_index/resource_index/packages/rp_ros2_rviz
[0.391s] -- Up-to-date symlink: /home/john/Desktop/path_ros/rp_ros2_rviz/install/rp_ros2_rviz/share/rp_ros2_rviz/cmake/rp_ros2_rvizConfig.cmake
[0.392s] -- Up-to-date symlink: /home/john/Desktop/path_ros/rp_ros2_rviz/install/rp_ros2_rviz/share/rp_ros2_rviz/cmake/rp_ros2_rvizConfig-version.cmake
[0.393s] -- Up-to-date symlink: /home/john/Desktop/path_ros/rp_ros2_rviz/install/rp_ros2_rviz/share/rp_ros2_rviz/package.xml
[0.404s] Invoked command in '/home/john/Desktop/path_ros/rp_ros2_rviz/build/rp_ros2_rviz' returned '0': CMAKE_PREFIX_PATH=${CMAKE_PREFIX_PATH}:/opt/ros/jazzy DEBUGINFOD_URLS=https://debuginfod.ubuntu.com /usr/bin/cmake --install /home/john/Desktop/path_ros/rp_ros2_rviz/build/rp_ros2_rviz
