[0.009s] Invoking command in '/home/john/Desktop/rp_ros2_rviz/build/rp_ros2_rviz': CMAKE_PREFIX_PATH=${CMAKE_PREFIX_PATH}:/opt/ros/foxy /usr/bin/cmake --build /home/john/Desktop/rp_ros2_rviz/build/rp_ros2_rviz -- -j4 -l4
[0.069s] [ 20%] Built target controller_node
[0.070s] [35m[1mScanning dependencies of target particle_node_filter[0m
[0.085s] [ 40%] Built target pathplanner_node
[0.089s] [ 60%] Built target world_node
[0.106s] [ 64%] [32mBuilding CXX object CMakeFiles/particle_node_filter.dir/src/particle_node_filter.cpp.o[0m
[0.111s] [ 84%] Built target mapserver
[1.509s] [01m[K/home/john/Desktop/rp_ros2_rviz/src/particle_node_filter.cpp:[m[K In member function ‘[01m[Kvoid ParticleFilterNode::mapCallback(nav_msgs::msg::OccupancyGrid_<std::allocator<void> >::SharedPtr)[m[K’:
[1.509s] [01m[K/home/john/Desktop/rp_ros2_rviz/src/particle_node_filter.cpp:106:38:[m[K [01;31m[Kerror: [m[Kexpected ‘[01m[K;[m[K’ before ‘[01m[K}[m[K’ token
[1.509s]   106 |             initializeParticles(2000)
[1.509s]       |                                      [01;31m[K^[m[K
[1.509s]       |                                      [32m[K;[m[K
[1.509s]   107 | 
[1.509s]   108 |         [32m[K}[m[K
[1.509s]       |         [32m[K~[m[K                             
[1.518s] [01m[K/home/john/Desktop/rp_ros2_rviz/src/particle_node_filter.cpp:[m[K In member function ‘[01m[Kvoid ParticleFilterNode::initializeParticlesNear(double, double, double, int)[m[K’:
[1.518s] [01m[K/home/john/Desktop/rp_ros2_rviz/src/particle_node_filter.cpp:255:81:[m[K [01;35m[Kwarning: [m[Kunused parameter ‘[01m[Kcenter_theta[m[K’ [[01;35m[K-Wunused-parameter[m[K]
[1.518s]   255 |           void initializeParticlesNear(double center_x, double center_y, [01;35m[Kdouble center_theta[m[K, int num_particles) {
[1.519s]       |                                                                          [01;35m[K~~~~~~~^~~~~~~~~~~~[m[K
[3.155s] make[2]: *** [CMakeFiles/particle_node_filter.dir/build.make:63: CMakeFiles/particle_node_filter.dir/src/particle_node_filter.cpp.o] Error 1
[3.155s] make[1]: *** [CMakeFiles/Makefile2:194: CMakeFiles/particle_node_filter.dir/all] Error 2
[3.155s] make: *** [Makefile:141: all] Error 2
[3.156s] Invoked command in '/home/john/Desktop/rp_ros2_rviz/build/rp_ros2_rviz' returned '2': CMAKE_PREFIX_PATH=${CMAKE_PREFIX_PATH}:/opt/ros/foxy /usr/bin/cmake --build /home/john/Desktop/rp_ros2_rviz/build/rp_ros2_rviz -- -j4 -l4
