[0.039s] Invoking command in '/home/john/Desktop/rp_ros2_rviz/build/rp_ros2_rviz': CMAKE_PREFIX_PATH=${CMAKE_PREFIX_PATH}:/opt/ros/jazzy DEBUGINFOD_URLS=https://debuginfod.ubuntu.com /usr/bin/cmake --build /home/john/Desktop/rp_ros2_rviz/build/rp_ros2_rviz -- -j4 -l4
[0.489s] [ 16%] Built target control_robot
[0.528s] [ 25%] [32mBuilding CXX object CMakeFiles/world_node.dir/src/world_node.cpp.o[0m
[5.089s] [01m[K/home/john/Desktop/rp_ros2_rviz/src/world_node.cpp:[m[K In constructor ‘[01m[KWorldNode::[01;32m[KWorldNode[m[K()[m[K’:
[5.089s] [01m[K/home/john/Desktop/rp_ros2_rviz/src/world_node.cpp:27:18:[m[K [01;31m[Kerror: [m[Krequest for member ‘[01m[Kclear[m[K’ in ‘[01m[Kdmap[m[K’, which is of pointer type ‘[01m[KDMap*[m[K’ (maybe you meant to use ‘[01m[K->[m[K’ ?)
[5.089s]    27 |             dmap.[01;31m[Kclear[m[K();
[5.089s]       |                  [01;31m[K^~~~~[m[K
[5.090s] [01m[K/home/john/Desktop/rp_ros2_rviz/src/world_node.cpp:30:18:[m[K [01;31m[Kerror: [m[Krequest for member ‘[01m[Kupdate[m[K’ in ‘[01m[Kdmap[m[K’, which is of pointer type ‘[01m[KDMap*[m[K’ (maybe you meant to use ‘[01m[K->[m[K’ ?)
[5.090s]    30 |             dmap.[01;31m[Kupdate[m[K(obstacles);
[5.090s]       |                  [01;31m[K^~~~~~[m[K
[5.100s] [01m[K/home/john/Desktop/rp_ros2_rviz/src/world_node.cpp:59:17:[m[K [01;35m[Kwarning: [m[Kunused variable ‘[01m[Kkey[m[K’ [[01;35m[K]8;;https://gcc.gnu.org/onlinedocs/gcc/Warning-Options.html#index-Wunused-variable-Wunused-variable]8;;[m[K]
[5.100s]    59 |             int [01;35m[Kkey[m[K=0;
[5.100s]       |                 [01;35m[K^~~[m[K
[5.117s] [01m[K/home/john/Desktop/rp_ros2_rviz/src/world_node.cpp:[m[K In static member function ‘[01m[Kstatic void WorldNode::[01;32m[KonMouse[m[K(int, int, int, int, void*)[m[K’:
[5.117s] [01m[K/home/john/Desktop/rp_ros2_rviz/src/world_node.cpp:88:54:[m[K [01;35m[Kwarning: [m[Kunused parameter ‘[01m[Kval[m[K’ [[01;35m[K]8;;https://gcc.gnu.org/onlinedocs/gcc/Warning-Options.html#index-Wunused-parameter-Wunused-parameter]8;;[m[K]
[5.117s]    88 |     static void onMouse(int event, int x, int y, [01;35m[Kint val[m[K, void* arg) {
[5.117s]       |                                                  [01;35m[K~~~~^~~[m[K
[7.282s] gmake[2]: *** [CMakeFiles/world_node.dir/build.make:76: CMakeFiles/world_node.dir/src/world_node.cpp.o] Error 1
[7.283s] gmake[1]: *** [CMakeFiles/Makefile2:165: CMakeFiles/world_node.dir/all] Error 2
[7.283s] gmake: *** [Makefile:146: all] Error 2
[7.293s] Invoked command in '/home/john/Desktop/rp_ros2_rviz/build/rp_ros2_rviz' returned '2': CMAKE_PREFIX_PATH=${CMAKE_PREFIX_PATH}:/opt/ros/jazzy DEBUGINFOD_URLS=https://debuginfod.ubuntu.com /usr/bin/cmake --build /home/john/Desktop/rp_ros2_rviz/build/rp_ros2_rviz -- -j4 -l4
