[ 33%] Built target listener_node
[ 66%] Built target canvas_node
[ 83%] [32mBuilding CXX object CMakeFiles/grid_map_node.dir/src/grid_map.cpp.o[0m
[01m[K/home/john/Desktop/rp_ros2_rviz/src/grid_map.cpp:29:9:[m[K [01;31m[Kerror: [m[K‘[01m[KCanvas[m[K’ in namespace ‘[01m[Kcv[m[K’ does not name a type
   29 |     cv::[01;31m[KCanvas[m[K canvas_;
      |         [01;31m[K^~~~~~[m[K
[01m[K/home/john/Desktop/rp_ros2_rviz/src/grid_map.cpp:[m[K In member function ‘[01m[Kvoid GridMapNode::[01;32m[KupdateCanvas[m[K()[m[K’:
[01m[K/home/john/Desktop/rp_ros2_rviz/src/grid_map.cpp:54:13:[m[K [01;31m[Kerror: [m[K‘[01m[Kcanvas_[m[K’ was not declared in this scope; did you mean ‘[01m[KCanvas[m[K’?
   54 |         if ([01;31m[Kcanvas_[m[K.empty() || canvas_.rows != grid_map_->rows() || canvas_.cols != grid_map_->cols()) {
      |             [01;31m[K^~~~~~~[m[K
      |             [32m[KCanvas[m[K
[01m[K/home/john/Desktop/rp_ros2_rviz/src/grid_map.cpp:54:63:[m[K [01;31m[Kerror: [m[Kexpression cannot be used as a function
   54 |         if (canvas_.empty() || canvas_.rows != [01;31m[Kgrid_map_->rows()[m[K || canvas_.cols != grid_map_->cols()) {
      |                                                [01;31m[K~~~~~~~~~~~~~~~^~[m[K
[01m[K/home/john/Desktop/rp_ros2_rviz/src/grid_map.cpp:54:100:[m[K [01;31m[Kerror: [m[Kexpression cannot be used as a function
   54 |         if (canvas_.empty() || canvas_.rows != grid_map_->rows() || canvas_.cols != [01;31m[Kgrid_map_->cols()[m[K) {
      |                                                                                     [01;31m[K~~~~~~~~~~~~~~~^~[m[K
[01m[K/home/john/Desktop/rp_ros2_rviz/src/grid_map.cpp:55:53:[m[K [01;31m[Kerror: [m[Kexpression cannot be used as a function
   55 |             canvas_ = cv::Mat::zeros([01;31m[Kgrid_map_->rows()[m[K, grid_map_->cols(), CV_8UC1);
      |                                      [01;31m[K~~~~~~~~~~~~~~~^~[m[K
[01m[K/home/john/Desktop/rp_ros2_rviz/src/grid_map.cpp:55:72:[m[K [01;31m[Kerror: [m[Kexpression cannot be used as a function
   55 |             canvas_ = cv::Mat::zeros(grid_map_->rows(), [01;31m[Kgrid_map_->cols()[m[K, CV_8UC1);
      |                                                         [01;31m[K~~~~~~~~~~~~~~~^~[m[K
[01m[K/home/john/Desktop/rp_ros2_rviz/src/grid_map.cpp:59:25:[m[K [01;31m[Kerror: [m[K‘[01m[Kcanvas_[m[K’ was not declared in this scope; did you mean ‘[01m[KCanvas[m[K’?
   59 |         grid_map_->draw([01;31m[Kcanvas_[m[K);
      |                         [01;31m[K^~~~~~~[m[K
      |                         [32m[KCanvas[m[K
gmake[2]: *** [CMakeFiles/grid_map_node.dir/build.make:76: CMakeFiles/grid_map_node.dir/src/grid_map.cpp.o] Error 1
gmake[1]: *** [CMakeFiles/Makefile2:193: CMakeFiles/grid_map_node.dir/all] Error 2
gmake: *** [Makefile:146: all] Error 2
