[0.016s] Invoking command in '/home/john/Desktop/rp_ros2_rviz/build/rp_ros2_rviz': CMAKE_PREFIX_PATH=${CMAKE_PREFIX_PATH}:/opt/ros/jazzy DEBUGINFOD_URLS=https://debuginfod.ubuntu.com /usr/bin/cmake --build /home/john/Desktop/rp_ros2_rviz/build/rp_ros2_rviz -- -j4 -l4
[0.078s] [ 50%] [32mBuilding CXX object CMakeFiles/canvas_node.dir/src/canvas.cpp.o[0m
[2.456s] [01m[K/home/john/Desktop/rp_ros2_rviz/src/canvas.cpp:20:2:[m[K [01;31m[Kerror: [m[Kexpected ‘[01m[K}[m[K’ at end of input
[2.456s]    20 | }
[2.456s]       |  [01;31m[K^[m[K
[2.456s] [01m[K/home/john/Desktop/rp_ros2_rviz/src/canvas.cpp:4:36:[m[K [01;36m[Knote: [m[Kto match this ‘[01m[K{[m[K’
[2.456s]     4 | class Canvas : public rclcpp::Node [01;36m[K{[m[K
[2.456s]       |                                    [01;36m[K^[m[K
[2.468s] [01m[K/home/john/Desktop/rp_ros2_rviz/src/canvas.cpp:[m[K In constructor ‘[01m[KCanvas::[01;32m[KCanvas[m[K()[m[K’:
[2.468s] [01m[K/home/john/Desktop/rp_ros2_rviz/src/canvas.cpp:7:9:[m[K [01;31m[Kerror: [m[K‘[01m[Kcanvas_[m[K’ was not declared in this scope; did you mean ‘[01m[KCanvas[m[K’?
[2.468s]     7 |         [01;31m[Kcanvas_[m[K = cv::Mat::zeros(500,500,CV_8UC3);
[2.468s]       |         [01;31m[K^~~~~~~[m[K
[2.468s]       |         [32m[KCanvas[m[K
[2.470s] [01m[K/home/john/Desktop/rp_ros2_rviz/src/canvas.cpp:[m[K At global scope:
[2.470s] [01m[K/home/john/Desktop/rp_ros2_rviz/src/canvas.cpp:20:2:[m[K [01;31m[Kerror: [m[Kexpected unqualified-id at end of input
[2.471s]    20 | }
[2.471s]       |  [01;31m[K^[m[K
[3.310s] gmake[2]: *** [CMakeFiles/canvas_node.dir/build.make:76: CMakeFiles/canvas_node.dir/src/canvas.cpp.o] Error 1
[3.311s] gmake[1]: *** [CMakeFiles/Makefile2:137: CMakeFiles/canvas_node.dir/all] Error 2
[3.312s] gmake: *** [Makefile:146: all] Error 2
[3.321s] Invoked command in '/home/john/Desktop/rp_ros2_rviz/build/rp_ros2_rviz' returned '2': CMAKE_PREFIX_PATH=${CMAKE_PREFIX_PATH}:/opt/ros/jazzy DEBUGINFOD_URLS=https://debuginfod.ubuntu.com /usr/bin/cmake --build /home/john/Desktop/rp_ros2_rviz/build/rp_ros2_rviz -- -j4 -l4
