[0.008s] Invoking command in '/home/john/Desktop/path_ros/rp_ros2_rviz/build/rp_ros2_rviz': CMAKE_PREFIX_PATH=${CMAKE_PREFIX_PATH}:/opt/ros/jazzy DEBUGINFOD_URLS=https://debuginfod.ubuntu.com /usr/bin/cmake --build /home/john/Desktop/path_ros/rp_ros2_rviz/build/rp_ros2_rviz -- -j4 -l4
[0.042s] -- Found ament_cmake: 2.5.3 (/opt/ros/jazzy/share/ament_cmake/cmake)
[0.271s] -- Found rclcpp: 28.1.6 (/opt/ros/jazzy/share/rclcpp/cmake)
[0.314s] -- Found rosidl_generator_c: 4.6.5 (/opt/ros/jazzy/share/rosidl_generator_c/cmake)
[0.324s] -- Found rosidl_generator_cpp: 4.6.5 (/opt/ros/jazzy/share/rosidl_generator_cpp/cmake)
[0.342s] -- Using all available rosidl_typesupport_c: rosidl_typesupport_fastrtps_c;rosidl_typesupport_introspection_c
[0.355s] -- Using all available rosidl_typesupport_cpp: rosidl_typesupport_fastrtps_cpp;rosidl_typesupport_introspection_cpp
[0.424s] -- Found rmw_implementation_cmake: 7.3.1 (/opt/ros/jazzy/share/rmw_implementation_cmake/cmake)
[0.424s] -- Found rmw_fastrtps_cpp: 8.4.1 (/opt/ros/jazzy/share/rmw_fastrtps_cpp/cmake)
[0.498s] -- Using RMW implementation 'rmw_fastrtps_cpp' as default
[0.562s] -- Found std_msgs: 5.3.5 (/opt/ros/jazzy/share/std_msgs/cmake)
[0.573s] -- Found geometry_msgs: 5.3.5 (/opt/ros/jazzy/share/geometry_msgs/cmake)
[0.593s] -- Found ament_lint_auto: 0.17.1 (/opt/ros/jazzy/share/ament_lint_auto/cmake)
[0.708s] -- Added test 'cppcheck' to perform static code analysis on C / C++ code
[0.709s] -- Configured cppcheck include dirs: /home/john/Desktop/path_ros/rp_ros2_rviz/src
[0.709s] -- Configured cppcheck exclude dirs and/or files: 
[0.712s] -- Added test 'flake8' to check Python code syntax and style conventions
[0.712s] -- Configured 'flake8' exclude dirs and/or files: 
[0.712s] -- Added test 'lint_cmake' to check CMake code style
[0.713s] -- Added test 'pep257' to check Python code against some of the docstring style conventions in PEP 257
[0.721s] -- Added test 'uncrustify' to check C / C++ code style
[0.721s] -- Configured uncrustify additional arguments: 
[0.723s] -- Added test 'xmllint' to check XML markup files
[0.725s] -- Configuring done (0.7s)
[0.749s] -- Generating done (0.0s)
[0.759s] -- Build files have been written to: /home/john/Desktop/path_ros/rp_ros2_rviz/build/rp_ros2_rviz
[0.802s] [ 50%] [32mBuilding CXX object CMakeFiles/dmap_node.dir/src/dmap_planner.cpp.o[0m
[0.803s] [ 50%] [32mBuilding CXX object CMakeFiles/dmap_node.dir/src/dmap.cpp.o[0m
[0.803s] [ 75%] [32mBuilding CXX object CMakeFiles/dmap_node.dir/src/dmap_node.cpp.o[0m
[0.818s] [01m[K/home/john/Desktop/path_ros/rp_ros2_rviz/src/dmap_planner.cpp:1:10:[m[K [01;31m[Kfatal error: [m[Ksrc/dmap_planner.h: No such file or directory
[0.819s]     1 | #include [01;31m[K"src/dmap_planner.h"[m[K
[0.819s]       |          [01;31m[K^~~~~~~~~~~~~~~~~~~~[m[K
[0.819s] compilation terminated.
[0.822s] gmake[2]: *** [CMakeFiles/dmap_node.dir/build.make:90: CMakeFiles/dmap_node.dir/src/dmap_planner.cpp.o] Error 1
[0.822s] gmake[2]: *** Waiting for unfinished jobs....
[0.825s] [01m[K/home/john/Desktop/path_ros/rp_ros2_rviz/src/dmap.cpp:1:10:[m[K [01;31m[Kfatal error: [m[Ksrc/dmap.h: No such file or directory
[0.825s]     1 | #include [01;31m[K"src/dmap.h"[m[K
[0.825s]       |          [01;31m[K^~~~~~~~~~~~[m[K
[0.825s] compilation terminated.
[0.827s] gmake[2]: *** [CMakeFiles/dmap_node.dir/build.make:104: CMakeFiles/dmap_node.dir/src/dmap.cpp.o] Error 1
[1.034s] [01m[K/home/john/Desktop/path_ros/rp_ros2_rviz/src/dmap_node.cpp:3:10:[m[K [01;31m[Kfatal error: [m[Ksensor_msgs/msg/image.hpp: No such file or directory
[1.034s]     3 | #include [01;31m[K<sensor_msgs/msg/image.hpp>[m[K
[1.034s]       |          [01;31m[K^~~~~~~~~~~~~~~~~~~~~~~~~~~[m[K
[1.034s] compilation terminated.
[1.039s] gmake[2]: *** [CMakeFiles/dmap_node.dir/build.make:76: CMakeFiles/dmap_node.dir/src/dmap_node.cpp.o] Error 1
[1.039s] gmake[1]: *** [CMakeFiles/Makefile2:137: CMakeFiles/dmap_node.dir/all] Error 2
[1.039s] gmake: *** [Makefile:146: all] Error 2
[1.045s] Invoked command in '/home/john/Desktop/path_ros/rp_ros2_rviz/build/rp_ros2_rviz' returned '2': CMAKE_PREFIX_PATH=${CMAKE_PREFIX_PATH}:/opt/ros/jazzy DEBUGINFOD_URLS=https://debuginfod.ubuntu.com /usr/bin/cmake --build /home/john/Desktop/path_ros/rp_ros2_rviz/build/rp_ros2_rviz -- -j4 -l4
