[0.007s] Invoking command in '/home/john/Desktop/rp_ros2_rviz/build/rp_ros2_rviz': CMAKE_PREFIX_PATH=${CMAKE_PREFIX_PATH}:/opt/ros/foxy /usr/bin/cmake --build /home/john/Desktop/rp_ros2_rviz/build/rp_ros2_rviz -- -j4 -l4
[0.044s] [35m[1mScanning dependencies of target world_node[0m
[0.068s] [ 20%] Built target controller_node
[0.078s] [ 32%] [32mBuilding CXX object CMakeFiles/world_node.dir/src/world_node.cpp.o[0m
[0.078s] [ 44%] Built target pathplanner_node
[0.082s] [ 64%] Built target particle_node_filter
[0.099s] [ 84%] Built target mapserver
[2.044s] [01m[K/home/john/Desktop/rp_ros2_rviz/src/world_node.cpp:[m[K In member function ‘[01m[Kvoid WorldNode::redisplay()[m[K’:
[2.044s] [01m[K/home/john/Desktop/rp_ros2_rviz/src/world_node.cpp:217:25:[m[K [01;35m[Kwarning: [m[Kunused variable ‘[01m[Kx[m[K’ [[01;35m[K-Wunused-variable[m[K]
[2.044s]   217 |                     int [01;35m[Kx[m[K = static_cast<int>(pose.position.x);
[2.044s]       |                         [01;35m[K^[m[K
[2.045s] [01m[K/home/john/Desktop/rp_ros2_rviz/src/world_node.cpp:218:25:[m[K [01;35m[Kwarning: [m[Kunused variable ‘[01m[Ky[m[K’ [[01;35m[K-Wunused-variable[m[K]
[2.045s]   218 |                     int [01;35m[Ky[m[K = static_cast<int>(pose.position.y);
[2.045s]       |                         [01;35m[K^[m[K
[2.069s] [01m[K/home/john/Desktop/rp_ros2_rviz/src/world_node.cpp:[m[K In function ‘[01m[Kint main(int, char**)[m[K’:
[2.069s] [01m[K/home/john/Desktop/rp_ros2_rviz/src/world_node.cpp:418:48:[m[K [01;31m[Kerror: [m[K‘[01m[Kstatic void WorldNode::onMouse(int, int, int, int, void*)[m[K’ is private within this context
[2.069s]   418 |     cv::setMouseCallback("planner", WorldNode::[01;31m[KonMouse[m[K, node.get());
[2.069s]       |                                                [01;31m[K^~~~~~~[m[K
[2.069s] [01m[K/home/john/Desktop/rp_ros2_rviz/src/world_node.cpp:315:10:[m[K [01;36m[Knote: [m[Kdeclared private here
[2.069s]   315 |     void [01;36m[KWorldNode[m[K::onMouse(int event, int x, int y, int, void* arg) {
[2.070s]       |          [01;36m[K^~~~~~~~~[m[K
[2.070s] [01m[K/home/john/Desktop/rp_ros2_rviz/src/world_node.cpp:424:25:[m[K [01;31m[Kerror: [m[K‘[01m[Kvoid WorldNode::redisplay()[m[K’ is private within this context
[2.070s]   424 |         node->redisplay([01;31m[K)[m[K;
[2.070s]       |                         [01;31m[K^[m[K
[2.070s] [01m[K/home/john/Desktop/rp_ros2_rviz/src/world_node.cpp:196:10:[m[K [01;36m[Knote: [m[Kdeclared private here
[2.070s]   196 |     void [01;36m[KWorldNode[m[K::redisplay() {
[2.070s]       |          [01;36m[K^~~~~~~~~[m[K
[2.070s] [01m[K/home/john/Desktop/rp_ros2_rviz/src/world_node.cpp:427:37:[m[K [01;31m[Kerror: [m[K‘[01m[Kvoid WorldNode::handleKeyboard(int)[m[K’ is private within this context
[2.070s]   427 |             node->handleKeyboard(key[01;31m[K)[m[K;
[2.070s]       |                                     [01;31m[K^[m[K
[2.070s] [01m[K/home/john/Desktop/rp_ros2_rviz/src/world_node.cpp:345:6:[m[K [01;36m[Knote: [m[Kdeclared private here
[2.070s]   345 | void [01;36m[KWorldNode[m[K::handleKeyboard(int key) {
[2.070s]       |      [01;36m[K^~~~~~~~~[m[K
[4.386s] make[2]: *** [CMakeFiles/world_node.dir/build.make:63: CMakeFiles/world_node.dir/src/world_node.cpp.o] Error 1
[4.386s] make[1]: *** [CMakeFiles/Makefile2:140: CMakeFiles/world_node.dir/all] Error 2
[4.387s] make: *** [Makefile:141: all] Error 2
[4.389s] Invoked command in '/home/john/Desktop/rp_ros2_rviz/build/rp_ros2_rviz' returned '2': CMAKE_PREFIX_PATH=${CMAKE_PREFIX_PATH}:/opt/ros/foxy /usr/bin/cmake --build /home/john/Desktop/rp_ros2_rviz/build/rp_ros2_rviz -- -j4 -l4
