[35m[1mScanning dependencies of target world_node[0m
[35m[1mScanning dependencies of target particle_node_filter[0m
[35m[1mScanning dependencies of target controller_node[0m
[  4%] [32mBuilding CXX object CMakeFiles/world_node.dir/src/world_node.cpp.o[0m
[35m[1mScanning dependencies of target pathplanner_node[0m
[  8%] [32mBuilding CXX object CMakeFiles/controller_node.dir/src/controller_node.cpp.o[0m
[ 12%] [32mBuilding CXX object CMakeFiles/particle_node_filter.dir/src/robot.cpp.o[0m
[ 16%] [32mBuilding CXX object CMakeFiles/pathplanner_node.dir/src/pathplanner_node.cpp.o[0m
[ 20%] [32m[1mLinking CXX executable particle_node_filter[0m
[ 32%] Built target particle_node_filter
[35m[1mScanning dependencies of target mapserver[0m
[ 36%] [32mBuilding CXX object CMakeFiles/mapserver.dir/src/robot.cpp.o[0m
[ 40%] [32m[1mLinking CXX executable mapserver[0m
[ 52%] Built target mapserver
[ 56%] [32mBuilding CXX object CMakeFiles/pathplanner_node.dir/src/robot.cpp.o[0m
[ 60%] [32mBuilding CXX object CMakeFiles/controller_node.dir/src/robot.cpp.o[0m
[ 64%] [32mBuilding CXX object CMakeFiles/world_node.dir/src/robot.cpp.o[0m
[ 68%] [32m[1mLinking CXX executable controller_node[0m
[ 72%] [32m[1mLinking CXX executable pathplanner_node[0m
[ 80%] Built target controller_node
[ 88%] Built target pathplanner_node
