[0.249s] DEBUG:colcon:Command line arguments: ['/usr/bin/colcon', 'build']
[0.249s] DEBUG:colcon:Parsed command line arguments: Namespace(log_base=None, log_level=None, verb_name='build', build_base='build', install_base='install', merge_install=False, symlink_install=False, test_result_base=None, continue_on_error=False, executor='parallel', parallel_workers=4, event_handlers=None, ignore_user_meta=False, metas=['./colcon.meta'], base_paths=['.'], packages_ignore=None, packages_ignore_regex=None, paths=None, packages_up_to=None, packages_up_to_regex=None, packages_above=None, packages_above_and_dependencies=None, packages_above_depth=None, packages_select_by_dep=None, packages_skip_by_dep=None, packages_skip_up_to=None, packages_select_build_failed=False, packages_skip_build_finished=False, packages_select_test_failures=False, packages_skip_test_passed=False, packages_select=None, packages_skip=None, packages_select_regex=None, packages_skip_regex=None, packages_start=None, packages_end=None, allow_overriding=[], cmake_args=None, cmake_target=None, cmake_target_skip_unavailable=False, cmake_clean_cache=False, cmake_clean_first=False, cmake_force_configure=False, ament_cmake_args=None, catkin_cmake_args=None, catkin_skip_building_tests=False, mixin_files=None, mixin=None, verb_parser=<colcon_mixin.mixin.mixin_argument.MixinArgumentDecorator object at 0xe607215e05c0>, verb_extension=<colcon_core.verb.build.BuildVerb object at 0xe607217c49e0>, main=<bound method BuildVerb.main of <colcon_core.verb.build.BuildVerb object at 0xe607217c49e0>>, mixin_verb=('build',))
[0.338s] Level 1:colcon.colcon_core.package_discovery:discover_packages(colcon_meta) check parameters
[0.339s] Level 1:colcon.colcon_core.package_discovery:discover_packages(recursive) check parameters
[0.339s] Level 1:colcon.colcon_core.package_discovery:discover_packages(ignore) check parameters
[0.339s] Level 1:colcon.colcon_core.package_discovery:discover_packages(path) check parameters
[0.339s] Level 1:colcon.colcon_core.package_discovery:discover_packages(colcon_meta) discover
[0.339s] Level 1:colcon.colcon_core.package_discovery:discover_packages(recursive) discover
[0.339s] INFO:colcon.colcon_core.package_discovery:Crawling recursively for packages in '/home/john/Desktop/rp_ros2_rviz'
[0.339s] Level 1:colcon.colcon_core.package_identification:_identify(.) by extensions ['ignore', 'ignore_ament_install']
[0.339s] Level 1:colcon.colcon_core.package_identification:_identify(.) by extension 'ignore'
[0.339s] Level 1:colcon.colcon_core.package_identification:_identify(.) by extension 'ignore_ament_install'
[0.339s] Level 1:colcon.colcon_core.package_identification:_identify(.) by extensions ['colcon_pkg']
[0.339s] Level 1:colcon.colcon_core.package_identification:_identify(.) by extension 'colcon_pkg'
[0.339s] Level 1:colcon.colcon_core.package_identification:_identify(.) by extensions ['colcon_meta']
[0.339s] Level 1:colcon.colcon_core.package_identification:_identify(.) by extension 'colcon_meta'
[0.340s] Level 1:colcon.colcon_core.package_identification:_identify(.) by extensions ['ros']
[0.340s] Level 1:colcon.colcon_core.package_identification:_identify(.) by extension 'ros'
[0.387s] DEBUG:colcon.colcon_core.package_identification:Package '.' with type 'ros.ament_cmake' and name 'rp_ros2_rviz'
[0.387s] Level 1:colcon.colcon_core.package_discovery:discover_packages(recursive) using defaults
[0.387s] Level 1:colcon.colcon_core.package_discovery:discover_packages(ignore) discover
[0.387s] Level 1:colcon.colcon_core.package_discovery:discover_packages(ignore) using defaults
[0.387s] Level 1:colcon.colcon_core.package_discovery:discover_packages(path) discover
[0.387s] Level 1:colcon.colcon_core.package_discovery:discover_packages(path) using defaults
[0.433s] Level 1:colcon.colcon_core.package_discovery:discover_packages(prefix_path) check parameters
[0.433s] Level 1:colcon.colcon_core.package_discovery:discover_packages(prefix_path) discover
[0.439s] DEBUG:colcon.colcon_installed_package_information.package_discovery:Found 1 installed packages in /home/john/Desktop/rp_ros2_rviz/install
[0.446s] DEBUG:colcon.colcon_installed_package_information.package_discovery:Found 285 installed packages in /opt/ros/jazzy
[0.448s] Level 1:colcon.colcon_core.package_discovery:discover_packages(prefix_path) using defaults
[0.578s] Level 5:colcon.colcon_core.verb:set package 'rp_ros2_rviz' build argument 'cmake_args' from command line to 'None'
[0.578s] Level 5:colcon.colcon_core.verb:set package 'rp_ros2_rviz' build argument 'cmake_target' from command line to 'None'
[0.578s] Level 5:colcon.colcon_core.verb:set package 'rp_ros2_rviz' build argument 'cmake_target_skip_unavailable' from command line to 'False'
[0.578s] Level 5:colcon.colcon_core.verb:set package 'rp_ros2_rviz' build argument 'cmake_clean_cache' from command line to 'False'
[0.578s] Level 5:colcon.colcon_core.verb:set package 'rp_ros2_rviz' build argument 'cmake_clean_first' from command line to 'False'
[0.578s] Level 5:colcon.colcon_core.verb:set package 'rp_ros2_rviz' build argument 'cmake_force_configure' from command line to 'False'
[0.578s] Level 5:colcon.colcon_core.verb:set package 'rp_ros2_rviz' build argument 'ament_cmake_args' from command line to 'None'
[0.578s] Level 5:colcon.colcon_core.verb:set package 'rp_ros2_rviz' build argument 'catkin_cmake_args' from command line to 'None'
[0.578s] Level 5:colcon.colcon_core.verb:set package 'rp_ros2_rviz' build argument 'catkin_skip_building_tests' from command line to 'False'
[0.578s] DEBUG:colcon.colcon_core.verb:Building package 'rp_ros2_rviz' with the following arguments: {'ament_cmake_args': None, 'build_base': '/home/john/Desktop/rp_ros2_rviz/build/rp_ros2_rviz', 'catkin_cmake_args': None, 'catkin_skip_building_tests': False, 'cmake_args': None, 'cmake_clean_cache': False, 'cmake_clean_first': False, 'cmake_force_configure': False, 'cmake_target': None, 'cmake_target_skip_unavailable': False, 'install_base': '/home/john/Desktop/rp_ros2_rviz/install/rp_ros2_rviz', 'merge_install': False, 'path': '/home/john/Desktop/rp_ros2_rviz', 'symlink_install': False, 'test_result_base': None}
[0.579s] INFO:colcon.colcon_core.executor:Executing jobs using 'parallel' executor
[0.581s] DEBUG:colcon.colcon_parallel_executor.executor.parallel:run_until_complete
[0.581s] INFO:colcon.colcon_ros.task.ament_cmake.build:Building ROS package in '/home/john/Desktop/rp_ros2_rviz' with build type 'ament_cmake'
[0.581s] INFO:colcon.colcon_cmake.task.cmake.build:Building CMake package in '/home/john/Desktop/rp_ros2_rviz'
[0.592s] INFO:colcon.colcon_core.plugin_system:Skipping extension 'colcon_core.shell.bat': Not used on non-Windows systems
[0.593s] INFO:colcon.colcon_core.shell:Skip shell extension 'powershell' for command environment: Not usable outside of PowerShell
[0.593s] DEBUG:colcon.colcon_core.shell:Skip shell extension 'dsv' for command environment
[0.641s] DEBUG:colcon.colcon_core.event_handler.log_command:Invoking command in '/home/john/Desktop/rp_ros2_rviz/build/rp_ros2_rviz': CMAKE_PREFIX_PATH=${CMAKE_PREFIX_PATH}:/opt/ros/jazzy DEBUGINFOD_URLS=https://debuginfod.ubuntu.com /usr/bin/cmake --build /home/john/Desktop/rp_ros2_rviz/build/rp_ros2_rviz -- -j4 -l4
[8.018s] DEBUG:colcon.colcon_core.event_handler.log_command:Invoked command in '/home/john/Desktop/rp_ros2_rviz/build/rp_ros2_rviz' returned '2': CMAKE_PREFIX_PATH=${CMAKE_PREFIX_PATH}:/opt/ros/jazzy DEBUGINFOD_URLS=https://debuginfod.ubuntu.com /usr/bin/cmake --build /home/john/Desktop/rp_ros2_rviz/build/rp_ros2_rviz -- -j4 -l4
[8.019s] Level 1:colcon.colcon_core.environment:create_environment_scripts_only(rp_ros2_rviz)
[8.029s] Level 1:colcon.colcon_core.environment:checking '/home/john/Desktop/rp_ros2_rviz/install/rp_ros2_rviz' for CMake module files
[8.030s] Level 1:colcon.colcon_core.environment:checking '/home/john/Desktop/rp_ros2_rviz/install/rp_ros2_rviz' for CMake config files
[8.030s] Level 1:colcon.colcon_core.shell:create_environment_hook('rp_ros2_rviz', 'cmake_prefix_path')
[8.030s] INFO:colcon.colcon_core.shell:Creating environment hook '/home/john/Desktop/rp_ros2_rviz/install/rp_ros2_rviz/share/rp_ros2_rviz/hook/cmake_prefix_path.ps1'
[8.034s] INFO:colcon.colcon_core.shell:Creating environment descriptor '/home/john/Desktop/rp_ros2_rviz/install/rp_ros2_rviz/share/rp_ros2_rviz/hook/cmake_prefix_path.dsv'
[8.035s] INFO:colcon.colcon_core.shell:Creating environment hook '/home/john/Desktop/rp_ros2_rviz/install/rp_ros2_rviz/share/rp_ros2_rviz/hook/cmake_prefix_path.sh'
[8.037s] Level 1:colcon.colcon_core.environment:checking '/home/john/Desktop/rp_ros2_rviz/install/rp_ros2_rviz/lib'
[8.037s] Level 1:colcon.colcon_core.environment:checking '/home/john/Desktop/rp_ros2_rviz/install/rp_ros2_rviz/bin'
[8.037s] Level 1:colcon.colcon_core.environment:checking '/home/john/Desktop/rp_ros2_rviz/install/rp_ros2_rviz/lib/pkgconfig/rp_ros2_rviz.pc'
[8.037s] Level 1:colcon.colcon_core.environment:checking '/home/john/Desktop/rp_ros2_rviz/install/rp_ros2_rviz/lib/python3.12/site-packages'
[8.037s] Level 1:colcon.colcon_core.environment:checking '/home/john/Desktop/rp_ros2_rviz/install/rp_ros2_rviz/bin'
[8.038s] INFO:colcon.colcon_core.shell:Creating package script '/home/john/Desktop/rp_ros2_rviz/install/rp_ros2_rviz/share/rp_ros2_rviz/package.ps1'
[8.038s] INFO:colcon.colcon_core.shell:Creating package descriptor '/home/john/Desktop/rp_ros2_rviz/install/rp_ros2_rviz/share/rp_ros2_rviz/package.dsv'
[8.039s] INFO:colcon.colcon_core.shell:Creating package script '/home/john/Desktop/rp_ros2_rviz/install/rp_ros2_rviz/share/rp_ros2_rviz/package.sh'
[8.040s] INFO:colcon.colcon_core.shell:Creating package script '/home/john/Desktop/rp_ros2_rviz/install/rp_ros2_rviz/share/rp_ros2_rviz/package.bash'
[8.042s] INFO:colcon.colcon_core.shell:Creating package script '/home/john/Desktop/rp_ros2_rviz/install/rp_ros2_rviz/share/rp_ros2_rviz/package.zsh'
[8.044s] Level 1:colcon.colcon_core.environment:create_file_with_runtime_dependencies(/home/john/Desktop/rp_ros2_rviz/install/rp_ros2_rviz/share/colcon-core/packages/rp_ros2_rviz)
[8.055s] DEBUG:colcon.colcon_parallel_executor.executor.parallel:closing loop
[8.055s] DEBUG:colcon.colcon_parallel_executor.executor.parallel:loop closed
[8.056s] DEBUG:colcon.colcon_parallel_executor.executor.parallel:run_until_complete finished with '2'
[8.056s] DEBUG:colcon.colcon_core.event_reactor:joining thread
[8.079s] INFO:colcon.colcon_core.plugin_system:Skipping extension 'colcon_notification.desktop_notification.terminal_notifier': Not used on non-Darwin systems
[8.080s] INFO:colcon.colcon_core.plugin_system:Skipping extension 'colcon_notification.desktop_notification.win32': Not used on non-Windows systems
[8.080s] INFO:colcon.colcon_notification.desktop_notification:Sending desktop notification using 'notify2'
[8.127s] DEBUG:colcon.colcon_core.event_reactor:joined thread
[8.128s] INFO:colcon.colcon_core.shell:Creating prefix script '/home/john/Desktop/rp_ros2_rviz/install/local_setup.ps1'
[8.132s] INFO:colcon.colcon_core.shell:Creating prefix util module '/home/john/Desktop/rp_ros2_rviz/install/_local_setup_util_ps1.py'
[8.134s] INFO:colcon.colcon_core.shell:Creating prefix chain script '/home/john/Desktop/rp_ros2_rviz/install/setup.ps1'
[8.136s] INFO:colcon.colcon_core.shell:Creating prefix script '/home/john/Desktop/rp_ros2_rviz/install/local_setup.sh'
[8.138s] INFO:colcon.colcon_core.shell:Creating prefix util module '/home/john/Desktop/rp_ros2_rviz/install/_local_setup_util_sh.py'
[8.140s] INFO:colcon.colcon_core.shell:Creating prefix chain script '/home/john/Desktop/rp_ros2_rviz/install/setup.sh'
[8.144s] INFO:colcon.colcon_core.shell:Creating prefix script '/home/john/Desktop/rp_ros2_rviz/install/local_setup.bash'
[8.146s] INFO:colcon.colcon_core.shell:Creating prefix chain script '/home/john/Desktop/rp_ros2_rviz/install/setup.bash'
[8.149s] INFO:colcon.colcon_core.shell:Creating prefix script '/home/john/Desktop/rp_ros2_rviz/install/local_setup.zsh'
[8.151s] INFO:colcon.colcon_core.shell:Creating prefix chain script '/home/john/Desktop/rp_ros2_rviz/install/setup.zsh'
