[ 33%] Built target pathplanner_node
[ 40%] [32mBuilding CXX object CMakeFiles/controller_node.dir/src/controller_node.cpp.o[0m
[ 73%] Built target world_node
[01m[K/home/john/Desktop/rp_ros2_rviz/src/controller_node.cpp:[m[K In constructor ‘[01m[KControllerNode::[01;32m[KControllerNode[m[K()[m[K’:
[01m[K/home/john/Desktop/rp_ros2_rviz/src/controller_node.cpp:19:67:[m[K [01;31m[Kerror: [m[Kcannot convert ‘[01m[Kstd::shared_ptr<rclcpp::Subscription<std_msgs::msg::Bool_<std::allocator<void> >, std::allocator<void>, std_msgs::msg::Bool_<std::allocator<void> >, std_msgs::msg::Bool_<std::allocator<void> >, rclcpp::message_memory_strategy::MessageMemoryStrategy<std_msgs::msg::Bool_<std::allocator<void> >, std::allocator<void> > > >[m[K’ to ‘[01m[Kbool[m[K’ in assignment
   19 |         stop_sub_ = [01;31m[Kthis->create_subscription<std_msgs::msg::Bool>([m[K
      |                     [01;31m[K~~~~~~~~~~~~~~~~~~~~~~~~~~~~~~~~~~~~~~~~~~~~~~^[m[K
      |                                                                   [01;31m[K|[m[K
      |                                                                   [01;31m[Kstd::shared_ptr<rclcpp::Subscription<std_msgs::msg::Bool_<std::allocator<void> >, std::allocator<void>, std_msgs::msg::Bool_<std::allocator<void> >, std_msgs::msg::Bool_<std::allocator<void> >, rclcpp::message_memory_strategy::MessageMemoryStrategy<std_msgs::msg::Bool_<std::allocator<void> >, std::allocator<void> > > >[m[K
   20 | [01;31m[K            "stop_controller", 10,[m[K
      |             [01;31m[K~~~~~~~~~~~~~~~~~~~~~~[m[K                                 
   21 | [01;31m[K            [this](const std_msgs::msg::Bool::SharedPtr msg) {[m[K
      |             [01;31m[K~~~~~~~~~~~~~~~~~~~~~~~~~~~~~~~~~~~~~~~~~~~~~~~~~~[m[K     
   22 | [01;31m[K                if (msg->data) {[m[K
      |                 [01;31m[K~~~~~~~~~~~~~~~~[m[K                                   
   23 | [01;31m[K                    path_.clear();              // 🔥 Elimina il path corrente[m[K
      |                     [01;31m[K~~~~~~~~~~~~~~~~~~~~~~~~~~~~~~~~~~~~~~~~~~~~~~~~~~~~~~~~~~[m[K
   24 | [01;31m[K                    current_index_ = 0;[m[K
      |                     [01;31m[K~~~~~~~~~~~~~~~~~~~[m[K                            
   25 | [01;31m[K                    paused_ = false;[m[K
      |                     [01;31m[K~~~~~~~~~~~~~~~~[m[K                               
   26 | [01;31m[K                    RCLCPP_WARN(this->get_logger(), "🛑 STOP ricevuto. Path eliminato.");[m[K
      |                     [01;31m[K~~~~~~~~~~~~~~~~~~~~~~~~~~~~~~~~~~~~~~~~~~~~~~~~~~~~~~~~~~~~~~~~~~~~~[m[K
   27 | [01;31m[K                }[m[K
      |                 [01;31m[K~[m[K                                                  
   28 | [01;31m[K            })[m[K;
      |             [01;31m[K~~[m[K                                                     
gmake[2]: *** [CMakeFiles/controller_node.dir/build.make:76: CMakeFiles/controller_node.dir/src/controller_node.cpp.o] Error 1
gmake[1]: *** [CMakeFiles/Makefile2:141: CMakeFiles/controller_node.dir/all] Error 2
gmake: *** [Makefile:146: all] Error 2
