[35m[1mScanning dependencies of target world_node[0m
[ 20%] Built target controller_node
[ 40%] Built target pathplanner_node
[ 60%] Built target particle_node_filter
[ 64%] [32mBuilding CXX object CMakeFiles/world_node.dir/src/world_node.cpp.o[0m
[ 84%] Built target mapserver
[01m[K/home/john/Desktop/rp_ros2_rviz/src/world_node.cpp:6:7:[m[K [01;31m[Kerror: [m[Kredefinition of ‘[01m[Kclass WorldNode[m[K’
    6 | class [01;31m[KWorldNode[m[K : public rclcpp::Node {
      |       [01;31m[K^~~~~~~~~[m[K
In file included from [01m[K/home/john/Desktop/rp_ros2_rviz/src/world_node.cpp:1[m[K:
[01m[K/home/john/Desktop/rp_ros2_rviz/include/rp_ros2_rviz/world.h:22:7:[m[K [01;36m[Knote: [m[Kprevious definition of ‘[01m[Kclass WorldNode[m[K’
   22 | class [01;36m[KWorldNode[m[K : public rclcpp::Node {
      |       [01;36m[K^~~~~~~~~[m[K
[01m[K/home/john/Desktop/rp_ros2_rviz/src/world_node.cpp:[m[K In member function ‘[01m[Kvoid WorldNode::redisplay()[m[K’:
[01m[K/home/john/Desktop/rp_ros2_rviz/src/world_node.cpp:283:25:[m[K [01;35m[Kwarning: [m[Kunused variable ‘[01m[Kx[m[K’ [[01;35m[K-Wunused-variable[m[K]
  283 |                     int [01;35m[Kx[m[K = static_cast<int>(pose.position.x);
      |                         [01;35m[K^[m[K
[01m[K/home/john/Desktop/rp_ros2_rviz/src/world_node.cpp:284:25:[m[K [01;35m[Kwarning: [m[Kunused variable ‘[01m[Ky[m[K’ [[01;35m[K-Wunused-variable[m[K]
  284 |                     int [01;35m[Ky[m[K = static_cast<int>(pose.position.y);
      |                         [01;35m[K^[m[K
[01m[K/home/john/Desktop/rp_ros2_rviz/src/world_node.cpp:[m[K At global scope:
[01m[K/home/john/Desktop/rp_ros2_rviz/src/world_node.cpp:381:75:[m[K [01;31m[Kerror: [m[Kcannot declare member function ‘[01m[Kstatic void WorldNode::onMouse(int, int, int, int, void*)[m[K’ to have static linkage [[01;31m[K-fpermissive[m[K]
  381 |     static void WorldNode::onMouse(int event, int x, int y, int, void* arg[01;31m[K)[m[K {
      |                                                                           [01;31m[K^[m[K
[01m[K/home/john/Desktop/rp_ros2_rviz/src/world_node.cpp:[m[K In function ‘[01m[Kint main(int, char**)[m[K’:
[01m[K/home/john/Desktop/rp_ros2_rviz/src/world_node.cpp:484:48:[m[K [01;31m[Kerror: [m[K‘[01m[Kstatic void WorldNode::onMouse(int, int, int, int, void*)[m[K’ is private within this context
  484 |     cv::setMouseCallback("planner", WorldNode::[01;31m[KonMouse[m[K, node.get());
      |                                                [01;31m[K^~~~~~~[m[K
[01m[K/home/john/Desktop/rp_ros2_rviz/src/world_node.cpp:381:17:[m[K [01;36m[Knote: [m[Kdeclared private here
  381 |     static void [01;36m[KWorldNode[m[K::onMouse(int event, int x, int y, int, void* arg) {
      |                 [01;36m[K^~~~~~~~~[m[K
[01m[K/home/john/Desktop/rp_ros2_rviz/src/world_node.cpp:490:25:[m[K [01;31m[Kerror: [m[K‘[01m[Kvoid WorldNode::redisplay()[m[K’ is private within this context
  490 |         node->redisplay([01;31m[K)[m[K;
      |                         [01;31m[K^[m[K
[01m[K/home/john/Desktop/rp_ros2_rviz/src/world_node.cpp:262:10:[m[K [01;36m[Knote: [m[Kdeclared private here
  262 |     void [01;36m[KWorldNode[m[K::redisplay() {
      |          [01;36m[K^~~~~~~~~[m[K
[01m[K/home/john/Desktop/rp_ros2_rviz/src/world_node.cpp:493:37:[m[K [01;31m[Kerror: [m[K‘[01m[Kvoid WorldNode::handleKeyboard(int)[m[K’ is private within this context
  493 |             node->handleKeyboard(key[01;31m[K)[m[K;
      |                                     [01;31m[K^[m[K
[01m[K/home/john/Desktop/rp_ros2_rviz/src/world_node.cpp:411:6:[m[K [01;36m[Knote: [m[Kdeclared private here
  411 | void [01;36m[KWorldNode[m[K::handleKeyboard(int key) {
      |      [01;36m[K^~~~~~~~~[m[K
make[2]: *** [CMakeFiles/world_node.dir/build.make:63: CMakeFiles/world_node.dir/src/world_node.cpp.o] Error 1
make[1]: *** [CMakeFiles/Makefile2:140: CMakeFiles/world_node.dir/all] Error 2
make: *** [Makefile:141: all] Error 2
