[ 20%] Built target particle_node_filter
[ 24%] [32mBuilding CXX object CMakeFiles/world_node.dir/src/world_node.cpp.o[0m
[ 44%] Built target pathplanner_node
[ 64%] Built target controller_node
[ 84%] Built target mapserver
[01m[K/home/john/Desktop/rp_ros2_rviz/src/world_node.cpp:168:10:[m[K [01;31m[Kerror: [m[Kdefault argument given for parameter 4 of ‘[01m[Kvoid WorldNode::simulateLaserConeAndPublishScan(const cv::Mat&, const Vector2f&, float, float, float, float)[m[K’ [[01;31m[K-fpermissive[m[K]
  168 |     void [01;31m[KWorldNode[m[K::simulateLaserConeAndPublishScan(const cv::Mat& background, const Eigen::Vector2f& robot_pos,float theta_rad,
      |          [01;31m[K^~~~~~~~~[m[K
[01m[K/home/john/Desktop/rp_ros2_rviz/src/world_node.cpp:53:10:[m[K [01;36m[Knote: [m[Kprevious specification in ‘[01m[Kvoid WorldNode::simulateLaserConeAndPublishScan(const cv::Mat&, const Vector2f&, float, float, float, float)[m[K’ here
   53 |     void [01;36m[KsimulateLaserConeAndPublishScan[m[K(const cv::Mat& background, const Eigen::Vector2f& robot_pos,float theta_rad,
      |          [01;36m[K^~~~~~~~~~~~~~~~~~~~~~~~~~~~~~~[m[K
[01m[K/home/john/Desktop/rp_ros2_rviz/src/world_node.cpp:168:10:[m[K [01;31m[Kerror: [m[Kdefault argument given for parameter 5 of ‘[01m[Kvoid WorldNode::simulateLaserConeAndPublishScan(const cv::Mat&, const Vector2f&, float, float, float, float)[m[K’ [[01;31m[K-fpermissive[m[K]
  168 |     void [01;31m[KWorldNode[m[K::simulateLaserConeAndPublishScan(const cv::Mat& background, const Eigen::Vector2f& robot_pos,float theta_rad,
      |          [01;31m[K^~~~~~~~~[m[K
[01m[K/home/john/Desktop/rp_ros2_rviz/src/world_node.cpp:53:10:[m[K [01;36m[Knote: [m[Kprevious specification in ‘[01m[Kvoid WorldNode::simulateLaserConeAndPublishScan(const cv::Mat&, const Vector2f&, float, float, float, float)[m[K’ here
   53 |     void [01;36m[KsimulateLaserConeAndPublishScan[m[K(const cv::Mat& background, const Eigen::Vector2f& robot_pos,float theta_rad,
      |          [01;36m[K^~~~~~~~~~~~~~~~~~~~~~~~~~~~~~~[m[K
[01m[K/home/john/Desktop/rp_ros2_rviz/src/world_node.cpp:168:10:[m[K [01;31m[Kerror: [m[Kdefault argument given for parameter 6 of ‘[01m[Kvoid WorldNode::simulateLaserConeAndPublishScan(const cv::Mat&, const Vector2f&, float, float, float, float)[m[K’ [[01;31m[K-fpermissive[m[K]
  168 |     void [01;31m[KWorldNode[m[K::simulateLaserConeAndPublishScan(const cv::Mat& background, const Eigen::Vector2f& robot_pos,float theta_rad,
      |          [01;31m[K^~~~~~~~~[m[K
[01m[K/home/john/Desktop/rp_ros2_rviz/src/world_node.cpp:53:10:[m[K [01;36m[Knote: [m[Kprevious specification in ‘[01m[Kvoid WorldNode::simulateLaserConeAndPublishScan(const cv::Mat&, const Vector2f&, float, float, float, float)[m[K’ here
   53 |     void [01;36m[KsimulateLaserConeAndPublishScan[m[K(const cv::Mat& background, const Eigen::Vector2f& robot_pos,float theta_rad,
      |          [01;36m[K^~~~~~~~~~~~~~~~~~~~~~~~~~~~~~~[m[K
[01m[K/home/john/Desktop/rp_ros2_rviz/src/world_node.cpp:228:10:[m[K [01;31m[Kerror: [m[Kdefault argument given for parameter 5 of ‘[01m[Kvoid WorldNode::drawSimulatedLaserOnImage(const cv::Mat&, cv::Mat&, const Vector2f&, float, float, float, float)[m[K’ [[01;31m[K-fpermissive[m[K]
  228 |     void [01;31m[KWorldNode[m[K::drawSimulatedLaserOnImage(const cv::Mat& background, cv::Mat& shown_image, const Eigen::Vector2f& robot_pos,
      |          [01;31m[K^~~~~~~~~[m[K
[01m[K/home/john/Desktop/rp_ros2_rviz/src/world_node.cpp:55:10:[m[K [01;36m[Knote: [m[Kprevious specification in ‘[01m[Kvoid WorldNode::drawSimulatedLaserOnImage(const cv::Mat&, cv::Mat&, const Vector2f&, float, float, float, float)[m[K’ here
   55 |     void [01;36m[KdrawSimulatedLaserOnImage[m[K(const cv::Mat& background, cv::Mat& shown_image, const Eigen::Vector2f& robot_pos,
      |          [01;36m[K^~~~~~~~~~~~~~~~~~~~~~~~~[m[K
[01m[K/home/john/Desktop/rp_ros2_rviz/src/world_node.cpp:228:10:[m[K [01;31m[Kerror: [m[Kdefault argument given for parameter 6 of ‘[01m[Kvoid WorldNode::drawSimulatedLaserOnImage(const cv::Mat&, cv::Mat&, const Vector2f&, float, float, float, float)[m[K’ [[01;31m[K-fpermissive[m[K]
  228 |     void [01;31m[KWorldNode[m[K::drawSimulatedLaserOnImage(const cv::Mat& background, cv::Mat& shown_image, const Eigen::Vector2f& robot_pos,
      |          [01;31m[K^~~~~~~~~[m[K
[01m[K/home/john/Desktop/rp_ros2_rviz/src/world_node.cpp:55:10:[m[K [01;36m[Knote: [m[Kprevious specification in ‘[01m[Kvoid WorldNode::drawSimulatedLaserOnImage(const cv::Mat&, cv::Mat&, const Vector2f&, float, float, float, float)[m[K’ here
   55 |     void [01;36m[KdrawSimulatedLaserOnImage[m[K(const cv::Mat& background, cv::Mat& shown_image, const Eigen::Vector2f& robot_pos,
      |          [01;36m[K^~~~~~~~~~~~~~~~~~~~~~~~~[m[K
[01m[K/home/john/Desktop/rp_ros2_rviz/src/world_node.cpp:228:10:[m[K [01;31m[Kerror: [m[Kdefault argument given for parameter 7 of ‘[01m[Kvoid WorldNode::drawSimulatedLaserOnImage(const cv::Mat&, cv::Mat&, const Vector2f&, float, float, float, float)[m[K’ [[01;31m[K-fpermissive[m[K]
  228 |     void [01;31m[KWorldNode[m[K::drawSimulatedLaserOnImage(const cv::Mat& background, cv::Mat& shown_image, const Eigen::Vector2f& robot_pos,
      |          [01;31m[K^~~~~~~~~[m[K
[01m[K/home/john/Desktop/rp_ros2_rviz/src/world_node.cpp:55:10:[m[K [01;36m[Knote: [m[Kprevious specification in ‘[01m[Kvoid WorldNode::drawSimulatedLaserOnImage(const cv::Mat&, cv::Mat&, const Vector2f&, float, float, float, float)[m[K’ here
   55 |     void [01;36m[KdrawSimulatedLaserOnImage[m[K(const cv::Mat& background, cv::Mat& shown_image, const Eigen::Vector2f& robot_pos,
      |          [01;36m[K^~~~~~~~~~~~~~~~~~~~~~~~~[m[K
[01m[K/home/john/Desktop/rp_ros2_rviz/src/world_node.cpp:[m[K In member function ‘[01m[Kvoid WorldNode::redisplay()[m[K’:
[01m[K/home/john/Desktop/rp_ros2_rviz/src/world_node.cpp:281:25:[m[K [01;35m[Kwarning: [m[Kunused variable ‘[01m[Kx[m[K’ [[01;35m[K-Wunused-variable[m[K]
  281 |                     int [01;35m[Kx[m[K = static_cast<int>(pose.position.x);
      |                         [01;35m[K^[m[K
[01m[K/home/john/Desktop/rp_ros2_rviz/src/world_node.cpp:282:25:[m[K [01;35m[Kwarning: [m[Kunused variable ‘[01m[Ky[m[K’ [[01;35m[K-Wunused-variable[m[K]
  282 |                     int [01;35m[Ky[m[K = static_cast<int>(pose.position.y);
      |                         [01;35m[K^[m[K
[01m[K/home/john/Desktop/rp_ros2_rviz/src/world_node.cpp:[m[K At global scope:
[01m[K/home/john/Desktop/rp_ros2_rviz/src/world_node.cpp:379:75:[m[K [01;31m[Kerror: [m[Kcannot declare member function ‘[01m[Kstatic void WorldNode::onMouse(int, int, int, int, void*)[m[K’ to have static linkage [[01;31m[K-fpermissive[m[K]
  379 |     static void WorldNode::onMouse(int event, int x, int y, int, void* arg[01;31m[K)[m[K {
      |                                                                           [01;31m[K^[m[K
[01m[K/home/john/Desktop/rp_ros2_rviz/src/world_node.cpp:[m[K In function ‘[01m[Kint main(int, char**)[m[K’:
[01m[K/home/john/Desktop/rp_ros2_rviz/src/world_node.cpp:482:48:[m[K [01;31m[Kerror: [m[K‘[01m[Kstatic void WorldNode::onMouse(int, int, int, int, void*)[m[K’ is private within this context
  482 |     cv::setMouseCallback("planner", WorldNode::[01;31m[KonMouse[m[K, node.get());
      |                                                [01;31m[K^~~~~~~[m[K
[01m[K/home/john/Desktop/rp_ros2_rviz/src/world_node.cpp:379:17:[m[K [01;36m[Knote: [m[Kdeclared private here
  379 |     static void [01;36m[KWorldNode[m[K::onMouse(int event, int x, int y, int, void* arg) {
      |                 [01;36m[K^~~~~~~~~[m[K
[01m[K/home/john/Desktop/rp_ros2_rviz/src/world_node.cpp:488:25:[m[K [01;31m[Kerror: [m[K‘[01m[Kvoid WorldNode::redisplay()[m[K’ is private within this context
  488 |         node->redisplay([01;31m[K)[m[K;
      |                         [01;31m[K^[m[K
[01m[K/home/john/Desktop/rp_ros2_rviz/src/world_node.cpp:260:10:[m[K [01;36m[Knote: [m[Kdeclared private here
  260 |     void [01;36m[KWorldNode[m[K::redisplay() {
      |          [01;36m[K^~~~~~~~~[m[K
[01m[K/home/john/Desktop/rp_ros2_rviz/src/world_node.cpp:491:37:[m[K [01;31m[Kerror: [m[K‘[01m[Kvoid WorldNode::handleKeyboard(int)[m[K’ is private within this context
  491 |             node->handleKeyboard(key[01;31m[K)[m[K;
      |                                     [01;31m[K^[m[K
[01m[K/home/john/Desktop/rp_ros2_rviz/src/world_node.cpp:409:6:[m[K [01;36m[Knote: [m[Kdeclared private here
  409 | void [01;36m[KWorldNode[m[K::handleKeyboard(int key) {
      |      [01;36m[K^~~~~~~~~[m[K
make[2]: *** [CMakeFiles/world_node.dir/build.make:63: CMakeFiles/world_node.dir/src/world_node.cpp.o] Error 1
make[1]: *** [CMakeFiles/Makefile2:140: CMakeFiles/world_node.dir/all] Error 2
make: *** [Makefile:141: all] Error 2
