-- Found ament_cmake: 2.5.3 (/opt/ros/jazzy/share/ament_cmake/cmake)
-- Found rclcpp: 28.1.6 (/opt/ros/jazzy/share/rclcpp/cmake)
-- Found rosidl_generator_c: 4.6.5 (/opt/ros/jazzy/share/rosidl_generator_c/cmake)
-- Found rosidl_generator_cpp: 4.6.5 (/opt/ros/jazzy/share/rosidl_generator_cpp/cmake)
-- Using all available rosidl_typesupport_c: rosidl_typesupport_fastrtps_c;rosidl_typesupport_introspection_c
-- Using all available rosidl_typesupport_cpp: rosidl_typesupport_fastrtps_cpp;rosidl_typesupport_introspection_cpp
-- Found rmw_implementation_cmake: 7.3.1 (/opt/ros/jazzy/share/rmw_implementation_cmake/cmake)
-- Found rmw_fastrtps_cpp: 8.4.1 (/opt/ros/jazzy/share/rmw_fastrtps_cpp/cmake)
-- Using RMW implementation 'rmw_fastrtps_cpp' as default
-- Found std_msgs: 5.3.5 (/opt/ros/jazzy/share/std_msgs/cmake)
-- Found geometry_msgs: 5.3.5 (/opt/ros/jazzy/share/geometry_msgs/cmake)
-- Found ament_lint_auto: 0.17.1 (/opt/ros/jazzy/share/ament_lint_auto/cmake)
-- Added test 'cppcheck' to perform static code analysis on C / C++ code
-- Configured cppcheck include dirs: /home/john/Desktop/rp_ros2_rviz/include
-- Configured cppcheck exclude dirs and/or files: 
-- Added test 'flake8' to check Python code syntax and style conventions
-- Configured 'flake8' exclude dirs and/or files: 
-- Added test 'lint_cmake' to check CMake code style
-- Added test 'pep257' to check Python code against some of the docstring style conventions in PEP 257
-- Added test 'uncrustify' to check C / C++ code style
-- Configured uncrustify additional arguments: 
-- Added test 'xmllint' to check XML markup files
-- Configuring done (1.3s)
-- Generating done (0.0s)
-- Build files have been written to: /home/john/Desktop/rp_ros2_rviz/build/rp_ros2_rviz
[ 28%] Built target listener_node
[ 57%] Built target canvas_node
[ 71%] [32mBuilding CXX object CMakeFiles/world_node.dir/src/world_node.cpp.o[0m
[ 85%] [32mBuilding CXX object CMakeFiles/world_node.dir/src/world.cpp.o[0m
[01m[K/home/john/Desktop/rp_ros2_rviz/src/world.cpp:[m[K In member function ‘[01m[Kvirtual bool World::[01;32m[Kcollides[m[K(const WorldItem*) const[m[K’:
[01m[K/home/john/Desktop/rp_ros2_rviz/src/world.cpp:82:39:[m[K [01;35m[Kwarning: [m[Kunused parameter ‘[01m[Kother[m[K’ [[01;35m[K]8;;https://gcc.gnu.org/onlinedocs/gcc/Warning-Options.html#index-Wunused-parameter-Wunused-parameter]8;;[m[K]
   82 | bool World::collides([01;35m[Kconst WorldItem* other[m[K) const {
      |                      [01;35m[K~~~~~~~~~~~~~~~~~^~~~~[m[K
[01m[K/home/john/Desktop/rp_ros2_rviz/src/world_node.cpp:19:36:[m[K [01;31m[Kerror: [m[K‘[01m[Kstd_msgs[m[K’ does not name a type
   19 |     void loadGridMapCallback(const [01;31m[Kstd_msgs[m[K::msg::String::SharedPtr msg) {
      |                                    [01;31m[K^~~~~~~~[m[K
[01m[K/home/john/Desktop/rp_ros2_rviz/src/world_node.cpp:19:49:[m[K [01;31m[Kerror: [m[Kexpected unqualified-id before ‘[01m[K::[m[K’ token
   19 |     void loadGridMapCallback(const std_msgs::msg[01;31m[K::[m[KString::SharedPtr msg) {
      |                                                 [01;31m[K^~[m[K
[01m[K/home/john/Desktop/rp_ros2_rviz/src/world_node.cpp:19:49:[m[K [01;31m[Kerror: [m[Kexpected ‘[01m[K)[m[K’ before ‘[01m[K::[m[K’ token
   19 |     void loadGridMapCallback[34m[K([m[Kconst std_msgs::msg[01;31m[K:[m[K[32m[K:[m[KString::SharedPtr msg) {
      |                             [34m[K~[m[K                   [01;31m[K^[m[K[32m[K~[m[K
      |                                                 [32m[K)[m[K
[01m[K/home/john/Desktop/rp_ros2_rviz/src/world_node.cpp:19:46:[m[K [01;31m[Kerror: [m[Kexpected ‘[01m[K;[m[K’ at end of member declaration
   19 |     void loadGridMapCallback(const std_msgs::[01;31m[Kmsg[m[K::String::SharedPtr msg) {
      |                                              [01;31m[K^~~[m[K
      |                                                 [32m[K;[m[K
[01m[K/home/john/Desktop/rp_ros2_rviz/src/world_node.cpp:19:51:[m[K [01;31m[Kerror: [m[K‘[01m[KString[m[K’ in namespace ‘[01m[K::[m[K’ does not name a type
   19 |     void loadGridMapCallback(const std_msgs::msg::[01;31m[KString[m[K::SharedPtr msg) {
      |                                                   [01;31m[K^~~~~~[m[K
[01m[K/home/john/Desktop/rp_ros2_rviz/src/world_node.cpp:35:26:[m[K [01;31m[Kerror: [m[K‘[01m[Kstd_msgs[m[K’ was not declared in this scope
   35 |     rclcpp::Subscription<[01;31m[Kstd_msgs[m[K::msg::String>::SharedPtr map_path_subscriber_;
      |                          [01;31m[K^~~~~~~~[m[K
[01m[K/home/john/Desktop/rp_ros2_rviz/src/world_node.cpp:35:47:[m[K [01;31m[Kerror: [m[Ktemplate argument 1 is invalid
   35 |     rclcpp::Subscription<std_msgs::msg::String[01;31m[K>[m[K::SharedPtr map_path_subscriber_;
      |                                               [01;31m[K^[m[K
[01m[K/home/john/Desktop/rp_ros2_rviz/src/world_node.cpp:35:47:[m[K [01;31m[Kerror: [m[Ktemplate argument 3 is invalid
[01m[K/home/john/Desktop/rp_ros2_rviz/src/world_node.cpp:35:47:[m[K [01;31m[Kerror: [m[Ktemplate argument 4 is invalid
[01m[K/home/john/Desktop/rp_ros2_rviz/src/world_node.cpp:35:47:[m[K [01;31m[Kerror: [m[Ktemplate argument 5 is invalid
[01m[K/home/john/Desktop/rp_ros2_rviz/src/world_node.cpp:35:50:[m[K [01;31m[Kerror: [m[Kexpected ‘[01m[K;[m[K’ at end of member declaration
   35 |     rclcpp::Subscription<std_msgs::msg::String>::[01;31m[KSharedPtr[m[K map_path_subscriber_;
      |                                                  [01;31m[K^~~~~~~~~[m[K
      |                                                           [32m[K;[m[K
[01m[K/home/john/Desktop/rp_ros2_rviz/src/world_node.cpp:35:60:[m[K [01;31m[Kerror: [m[K‘[01m[Kmap_path_subscriber_[m[K’ does not name a type
   35 |     rclcpp::Subscription<std_msgs::msg::String>::SharedPtr [01;31m[Kmap_path_subscriber_[m[K;
      |                                                            [01;31m[K^~~~~~~~~~~~~~~~~~~~[m[K
[01m[K/home/john/Desktop/rp_ros2_rviz/src/world_node.cpp:[m[K In constructor ‘[01m[KWorldNode::[01;32m[KWorldNode[m[K()[m[K’:
[01m[K/home/john/Desktop/rp_ros2_rviz/src/world_node.cpp:9:9:[m[K [01;31m[Kerror: [m[K‘[01m[Kmap_path_subscriber_[m[K’ was not declared in this scope
    9 |         [01;31m[Kmap_path_subscriber_[m[K = this->create_subscription<std_msgs::msg::String>(
      |         [01;31m[K^~~~~~~~~~~~~~~~~~~~[m[K
[01m[K/home/john/Desktop/rp_ros2_rviz/src/world_node.cpp:9:58:[m[K [01;31m[Kerror: [m[K‘[01m[Kstd_msgs[m[K’ was not declared in this scope
    9 |         map_path_subscriber_ = this->create_subscription<[01;31m[Kstd_msgs[m[K::msg::String>(
      |                                                          [01;31m[K^~~~~~~~[m[K
[01m[K/home/john/Desktop/rp_ros2_rviz/src/world_node.cpp:9:38:[m[K [01;31m[Kerror: [m[Kparse error in template argument list
    9 |         map_path_subscriber_ = this->[01;31m[Kcreate_subscription<std_msgs::msg::String>[m[K(
      |                                      [01;31m[K^~~~~~~~~~~~~~~~~~~~~~~~~~~~~~~~~~~~~~~~~~[m[K
[01m[K/home/john/Desktop/rp_ros2_rviz/src/world_node.cpp:9:80:[m[K [01;31m[Kerror: [m[Kno matching function for call to ‘[01m[KWorldNode::create_subscription<<expression error> >(const char [9], int, std::_Bind_helper<false, void (WorldNode::*)(...), WorldNode*, const std::_Placeholder<1>&>::type)[m[K’
    9 |         map_path_subscriber_ = [01;31m[Kthis->create_subscription<std_msgs::msg::String>([m[K
      |                                [01;31m[K~~~~~~~~~~~~~~~~~~~~~~~~~~~~~~~~~~~~~~~~~~~~~~~~^[m[K
   10 | [01;31m[K            "map_path", 10, std::bind(&WorldNode::loadGridMapCallback, this, std::placeholders::_1))[m[K;
      |             [01;31m[K~~~~~~~~~~~~~~~~~~~~~~~~~~~~~~~~~~~~~~~~~~~~~~~~~~~~~~~~~~~~~~~~~~~~~~~~~~~~~~~~~~~~~~~~[m[K
In file included from [01m[K/opt/ros/jazzy/include/rclcpp/rclcpp/executors/single_threaded_executor.hpp:28[m[K,
                 from [01m[K/opt/ros/jazzy/include/rclcpp/rclcpp/executors.hpp:22[m[K,
                 from [01m[K/opt/ros/jazzy/include/rclcpp/rclcpp/rclcpp.hpp:172[m[K,
                 from [01m[K/home/john/Desktop/rp_ros2_rviz/src/world_node.cpp:1[m[K:
[01m[K/opt/ros/jazzy/include/rclcpp/rclcpp/node.hpp:221:3:[m[K [01;36m[Knote: [m[Kcandidate: ‘[01m[Ktemplate<class MessageT, class CallbackT, class AllocatorT, class SubscriptionT, class MessageMemoryStrategyT> std::shared_ptr<ROSMessageT> rclcpp::Node::[01;32m[Kcreate_subscription[m[K(const std::string&, const rclcpp::QoS&, CallbackT&&, const rclcpp::SubscriptionOptionsWithAllocator<AllocatorT>&, typename MessageMemoryStrategyT::SharedPtr)[m[K’
  221 |   [01;36m[Kcreate_subscription[m[K(
      |   [01;36m[K^~~~~~~~~~~~~~~~~~~[m[K
[01m[K/opt/ros/jazzy/include/rclcpp/rclcpp/node.hpp:221:3:[m[K [01;36m[Knote: [m[K  template argument deduction/substitution failed:
[01m[K/home/john/Desktop/rp_ros2_rviz/src/world_node.cpp:9:80:[m[K [01;31m[Kerror: [m[Ktemplate argument 1 is invalid
    9 |         map_path_subscriber_ = [01;31m[Kthis->create_subscription<std_msgs::msg::String>([m[K
      |                                [01;31m[K~~~~~~~~~~~~~~~~~~~~~~~~~~~~~~~~~~~~~~~~~~~~~~~~^[m[K
   10 | [01;31m[K            "map_path", 10, std::bind(&WorldNode::loadGridMapCallback, this, std::placeholders::_1))[m[K;
      |             [01;31m[K~~~~~~~~~~~~~~~~~~~~~~~~~~~~~~~~~~~~~~~~~~~~~~~~~~~~~~~~~~~~~~~~~~~~~~~~~~~~~~~~~~~~~~~~[m[K
gmake[2]: *** [CMakeFiles/world_node.dir/build.make:76: CMakeFiles/world_node.dir/src/world_node.cpp.o] Error 1
gmake[1]: *** [CMakeFiles/Makefile2:193: CMakeFiles/world_node.dir/all] Error 2
gmake: *** [Makefile:146: all] Error 2
