[ 25%] [32mBuilding CXX object CMakeFiles/dmap_node.dir/src/dmap_node.cpp.o[0m
[01m[K/home/john/Desktop/path_ros/rp_ros2_rviz/src/dmap_node.cpp:[m[K In static member function ‘[01m[Kstatic void DmapNode::[01;32m[KonMouse[m[K(int, int, int, int, void*)[m[K’:
[01m[K/home/john/Desktop/path_ros/rp_ros2_rviz/src/dmap_node.cpp:115:20:[m[K [01;31m[Kerror: [m[Kcannot call member function ‘[01m[Kvoid DmapNode::[01;32m[Kredisplay[m[K(const GridMapping&)[m[K’ without object
  115 |           [01;31m[Kredisplay(planner->mapping)[m[K;
      |           [01;31m[K~~~~~~~~~^~~~~~~~~~~~~~~~~~[m[K
[01m[K/home/john/Desktop/path_ros/rp_ros2_rviz/src/dmap_node.cpp:117:32:[m[K [01;31m[Kerror: [m[Kinvalid use of member ‘[01m[KDmapNode::path[m[K’ in static member function
  117 |           planner->computePath([01;31m[Kpath[m[K,
      |                                [01;31m[K^~~~[m[K
[01m[K/home/john/Desktop/path_ros/rp_ros2_rviz/src/dmap_node.cpp:15:25:[m[K [01;36m[Knote: [m[Kdeclared here
   15 |     std::list<Vector2f> [01;36m[Kpath[m[K;
      |                         [01;36m[K^~~~[m[K
[01m[K/home/john/Desktop/path_ros/rp_ros2_rviz/src/dmap_node.cpp:121:32:[m[K [01;31m[Kerror: [m[Kinvalid use of member ‘[01m[KDmapNode::use_gradient[m[K’ in static member function
  121 |                                [01;31m[Kuse_gradient[m[K);
      |                                [01;31m[K^~~~~~~~~~~~[m[K
[01m[K/home/john/Desktop/path_ros/rp_ros2_rviz/src/dmap_node.cpp:19:10:[m[K [01;36m[Knote: [m[Kdeclared here
   19 |     bool [01;36m[Kuse_gradient[m[K = false;
      |          [01;36m[K^~~~~~~~~~~~[m[K
[01m[K/home/john/Desktop/path_ros/rp_ros2_rviz/src/dmap_node.cpp:122:20:[m[K [01;31m[Kerror: [m[Kcannot call member function ‘[01m[Kvoid DmapNode::[01;32m[Kredisplay[m[K(const GridMapping&)[m[K’ without object
  122 |           [01;31m[Kredisplay(planner->mapping)[m[K;
      |           [01;31m[K~~~~~~~~~^~~~~~~~~~~~~~~~~~[m[K
[01m[K/home/john/Desktop/path_ros/rp_ros2_rviz/src/dmap_node.cpp:125:40:[m[K [01;31m[Kerror: [m[Kinvalid use of member ‘[01m[KDmapNode::background_mode[m[K’ in static member function
  125 |         cerr << "background_mode= " << [01;31m[Kbackground_mode[m[K << endl;
      |                                        [01;31m[K^~~~~~~~~~~~~~~[m[K
[01m[K/home/john/Desktop/path_ros/rp_ros2_rviz/src/dmap_node.cpp:18:9:[m[K [01;36m[Knote: [m[Kdeclared here
   18 |     int [01;36m[Kbackground_mode[m[K = 0;
      |         [01;36m[K^~~~~~~~~~~~~~~[m[K
[01m[K/home/john/Desktop/path_ros/rp_ros2_rviz/src/dmap_node.cpp:126:16:[m[K [01;31m[Kerror: [m[Kinvalid use of member ‘[01m[KDmapNode::background_mode[m[K’ in static member function
  126 |         switch([01;31m[Kbackground_mode[m[K) {
      |                [01;31m[K^~~~~~~~~~~~~~~[m[K
[01m[K/home/john/Desktop/path_ros/rp_ros2_rviz/src/dmap_node.cpp:18:9:[m[K [01;36m[Knote: [m[Kdeclared here
   18 |     int [01;36m[Kbackground_mode[m[K = 0;
      |         [01;36m[K^~~~~~~~~~~~~~~[m[K
[01m[K/home/john/Desktop/path_ros/rp_ros2_rviz/src/dmap_node.cpp:107:56:[m[K [01;35m[Kwarning: [m[Kunused parameter ‘[01m[Kval[m[K’ [[01;35m[K]8;;https://gcc.gnu.org/onlinedocs/gcc/Warning-Options.html#index-Wunused-parameter-Wunused-parameter]8;;[m[K]
  107 |       static void onMouse(int event, int x, int y, [01;35m[Kint val[m[K, void* arg) {
      |                                                    [01;35m[K~~~~^~~[m[K
gmake[2]: *** [CMakeFiles/dmap_node.dir/build.make:76: CMakeFiles/dmap_node.dir/src/dmap_node.cpp.o] Error 1
gmake[1]: *** [CMakeFiles/Makefile2:137: CMakeFiles/dmap_node.dir/all] Error 2
gmake: *** [Makefile:146: all] Error 2
