[0.009s] Invoking command in '/home/john/Desktop/rp_ros2_rviz/build/rp_ros2_rviz': CMAKE_PREFIX_PATH=${CMAKE_PREFIX_PATH}:/opt/ros/jazzy DEBUGINFOD_URLS=https://debuginfod.ubuntu.com /usr/bin/cmake --build /home/john/Desktop/rp_ros2_rviz/build/rp_ros2_rviz -- -j4 -l4
[0.064s] [ 14%] [32mBuilding CXX object CMakeFiles/world_node.dir/src/world_node.cpp.o[0m
[0.067s] [ 28%] [32mBuilding CXX object CMakeFiles/world_node.dir/src/world.cpp.o[0m
[0.070s] [ 57%] Built target listener_node
[0.078s] [ 85%] Built target canvas_node
[0.224s] In file included from [01m[K/home/john/Desktop/rp_ros2_rviz/include/rp_ros2_rviz/world.h:6[m[K,
[0.224s]                  from [01m[K/home/john/Desktop/rp_ros2_rviz/src/world.cpp:1[m[K:
[0.224s] [01m[K/home/john/Desktop/rp_ros2_rviz/include/rp_ros2_rviz/canvas.h:2:10:[m[K [01;31m[Kfatal error: [m[Kopencv2/opencv.hpp: No such file or directory
[0.224s]     2 | #include [01;31m[K<opencv2/opencv.hpp>[m[K
[0.224s]       |          [01;31m[K^~~~~~~~~~~~~~~~~~~~[m[K
[0.224s] compilation terminated.
[0.227s] gmake[2]: *** [CMakeFiles/world_node.dir/build.make:90: CMakeFiles/world_node.dir/src/world.cpp.o] Error 1
[0.227s] gmake[2]: *** Waiting for unfinished jobs....
[0.349s] In file included from [01m[K/home/john/Desktop/rp_ros2_rviz/include/rp_ros2_rviz/world.h:6[m[K,
[0.349s]                  from [01m[K/home/john/Desktop/rp_ros2_rviz/src/world_node.cpp:3[m[K:
[0.349s] [01m[K/home/john/Desktop/rp_ros2_rviz/include/rp_ros2_rviz/canvas.h:2:10:[m[K [01;31m[Kfatal error: [m[Kopencv2/opencv.hpp: No such file or directory
[0.350s]     2 | #include [01;31m[K<opencv2/opencv.hpp>[m[K
[0.350s]       |          [01;31m[K^~~~~~~~~~~~~~~~~~~~[m[K
[0.350s] compilation terminated.
[0.350s] gmake[2]: *** [CMakeFiles/world_node.dir/build.make:76: CMakeFiles/world_node.dir/src/world_node.cpp.o] Error 1
[0.350s] gmake[1]: *** [CMakeFiles/Makefile2:193: CMakeFiles/world_node.dir/all] Error 2
[0.350s] gmake: *** [Makefile:146: all] Error 2
[0.357s] Invoked command in '/home/john/Desktop/rp_ros2_rviz/build/rp_ros2_rviz' returned '2': CMAKE_PREFIX_PATH=${CMAKE_PREFIX_PATH}:/opt/ros/jazzy DEBUGINFOD_URLS=https://debuginfod.ubuntu.com /usr/bin/cmake --build /home/john/Desktop/rp_ros2_rviz/build/rp_ros2_rviz -- -j4 -l4
