[01m[K/home/john/Desktop/rp_ros2_rviz/src/world_node.cpp:[m[K In member function ‘[01m[Kvoid WorldNode::[01;32m[KfollowPath[m[K(geometry_msgs::msg::PoseArray)[m[K’:
[01m[K/home/john/Desktop/rp_ros2_rviz/src/world_node.cpp:122:36:[m[K [01;31m[Kerror: [m[Kbase operand of ‘[01m[K->[m[K’ has non-pointer type ‘[01m[Kgeometry_msgs::msg::PoseArray[m[K’ {aka ‘[01m[Kgeometry_msgs::msg::PoseArray_<std::allocator<void> >[m[K’}
  122 |         for (const auto& pose : msg[01;31m[K->[m[Kposes) {
      |                                    [01;31m[K^~[m[K
[01m[K/home/john/Desktop/rp_ros2_rviz/src/world_node.cpp:[m[K In function ‘[01m[Kint[01;32m[K main[m[K(int, char**)[m[K’:
[01m[K/home/john/Desktop/rp_ros2_rviz/src/world_node.cpp:394:15:[m[K [01;31m[Kerror: [m[K‘[01m[Kstd::thread WorldNode::path_thread_[m[K’ is private within this context
  394 |     if (node->[01;31m[Kpath_thread_[m[K.joinable()) {
      |               [01;31m[K^~~~~~~~~~~~[m[K
[01m[K/home/john/Desktop/rp_ros2_rviz/src/world_node.cpp:43:17:[m[K [01;36m[Knote: [m[Kdeclared private here
   43 |     std::thread [01;36m[Kpath_thread_[m[K;
      |                 [01;36m[K^~~~~~~~~~~~[m[K
[01m[K/home/john/Desktop/rp_ros2_rviz/src/world_node.cpp:395:15:[m[K [01;31m[Kerror: [m[K‘[01m[Kbool WorldNode::update_goal_[m[K’ is private within this context
  395 |         node->[01;31m[Kupdate_goal_[m[K = true;
      |               [01;31m[K^~~~~~~~~~~~[m[K
[01m[K/home/john/Desktop/rp_ros2_rviz/src/world_node.cpp:40:10:[m[K [01;36m[Knote: [m[Kdeclared private here
   40 |     bool [01;36m[Kupdate_goal_[m[K=false;
      |          [01;36m[K^~~~~~~~~~~~[m[K
[01m[K/home/john/Desktop/rp_ros2_rviz/src/world_node.cpp:396:15:[m[K [01;31m[Kerror: [m[K‘[01m[Kstd::thread WorldNode::path_thread_[m[K’ is private within this context
  396 |         node->[01;31m[Kpath_thread_[m[K.join();
      |               [01;31m[K^~~~~~~~~~~~[m[K
[01m[K/home/john/Desktop/rp_ros2_rviz/src/world_node.cpp:43:17:[m[K [01;36m[Knote: [m[Kdeclared private here
   43 |     std::thread [01;36m[Kpath_thread_[m[K;
      |                 [01;36m[K^~~~~~~~~~~~[m[K
In file included from [01m[K/usr/include/c++/13/future:51[m[K,
                 from [01m[K/opt/ros/jazzy/include/rclcpp/rclcpp/executors.hpp:18[m[K,
                 from [01m[K/opt/ros/jazzy/include/rclcpp/rclcpp/rclcpp.hpp:172[m[K,
                 from [01m[K/home/john/Desktop/rp_ros2_rviz/src/world_node.cpp:2[m[K:
/usr/include/c++/13/bits/std_thread.h: In instantiation of ‘[01m[Kstd::thread::[01;32m[Kthread[m[K(_Callable&&, _Args&& ...) [35m[K[with _Callable = void (WorldNode::*)(geometry_msgs::msg::PoseArray_<std::allocator<void> >); _Args = {WorldNode*, const std::shared_ptr<geometry_msgs::msg::PoseArray_<std::allocator<void> > >&}; <template-parameter-1-3> = void][m[K[m[K’:
[01m[K/home/john/Desktop/rp_ros2_rviz/src/world_node.cpp:108:69:[m[K   required from here
[01m[K/usr/include/c++/13/bits/std_thread.h:157:72:[m[K [01;31m[Kerror: [m[Kstatic assertion failed: std::thread arguments must be invocable after conversion to rvalues
  157 |                                 typename decay<_Args>::type...>::[01;31m[Kvalue[m[K,
      |                                                                  [01;31m[K^~~~~[m[K

[01m[K/usr/include/c++/13/bits/std_thread.h:157:72:[m[K [01;36m[Knote: [m[K‘[01m[Kstd::integral_constant<bool, false>::value[m[K’ evaluates to false
/usr/include/c++/13/bits/std_thread.h: In instantiation of ‘[01m[Kstruct std::thread::_Invoker<std::tuple<void (WorldNode::*)(geometry_msgs::msg::PoseArray_<std::allocator<void> >), WorldNode*, std::shared_ptr<geometry_msgs::msg::PoseArray_<std::allocator<void> > > > >[m[K’:
[01m[K/usr/include/c++/13/bits/std_thread.h:236:13:[m[K   required from ‘[01m[Kstruct std::thread::_State_impl<std::thread::_Invoker<std::tuple<void (WorldNode::*)(geometry_msgs::msg::PoseArray_<std::allocator<void> >), WorldNode*, std::shared_ptr<geometry_msgs::msg::PoseArray_<std::allocator<void> > > > > >[m[K’
[01m[K/usr/include/c++/13/bits/std_thread.h:164:29:[m[K   required from ‘[01m[Kstd::thread::[01;32m[Kthread[m[K(_Callable&&, _Args&& ...) [35m[K[with _Callable = void (WorldNode::*)(geometry_msgs::msg::PoseArray_<std::allocator<void> >); _Args = {WorldNode*, const std::shared_ptr<geometry_msgs::msg::PoseArray_<std::allocator<void> > >&}; <template-parameter-1-3> = void][m[K[m[K’
[01m[K/home/john/Desktop/rp_ros2_rviz/src/world_node.cpp:108:69:[m[K   required from here
[01m[K/usr/include/c++/13/bits/std_thread.h:291:11:[m[K [01;31m[Kerror: [m[Kno type named ‘[01m[Ktype[m[K’ in ‘[01m[Kstruct std::thread::_Invoker<std::tuple<void (WorldNode::*)(geometry_msgs::msg::PoseArray_<std::allocator<void> >), WorldNode*, std::shared_ptr<geometry_msgs::msg::PoseArray_<std::allocator<void> > > > >::__result<std::tuple<void (WorldNode::*)(geometry_msgs::msg::PoseArray_<std::allocator<void> >), WorldNode*, std::shared_ptr<geometry_msgs::msg::PoseArray_<std::allocator<void> > > > >[m[K’
  291 |           [01;31m[K_M_invoke[m[K(_Index_tuple<_Ind...>)
      |           [01;31m[K^~~~~~~~~[m[K
[01m[K/usr/include/c++/13/bits/std_thread.h:295:9:[m[K [01;31m[Kerror: [m[Kno type named ‘[01m[Ktype[m[K’ in ‘[01m[Kstruct std::thread::_Invoker<std::tuple<void (WorldNode::*)(geometry_msgs::msg::PoseArray_<std::allocator<void> >), WorldNode*, std::shared_ptr<geometry_msgs::msg::PoseArray_<std::allocator<void> > > > >::__result<std::tuple<void (WorldNode::*)(geometry_msgs::msg::PoseArray_<std::allocator<void> >), WorldNode*, std::shared_ptr<geometry_msgs::msg::PoseArray_<std::allocator<void> > > > >[m[K’
  295 |         [01;31m[Koperator[m[K()()
      |         [01;31m[K^~~~~~~~[m[K
gmake[2]: *** [CMakeFiles/world_node.dir/build.make:76: CMakeFiles/world_node.dir/src/world_node.cpp.o] Error 1
gmake[1]: *** [CMakeFiles/Makefile2:139: CMakeFiles/world_node.dir/all] Error 2
gmake: *** [Makefile:146: all] Error 2
