[0.026s] Invoking command in '/home/john/Desktop/rp_ros2_rviz/build/rp_ros2_rviz': CMAKE_PREFIX_PATH=${CMAKE_PREFIX_PATH}:/home/john/Desktop/path_ros/rp_ros2_rviz/install/rp_ros2_rviz:/opt/ros/jazzy DEBUGINFOD_URLS=https://debuginfod.ubuntu.com /usr/bin/cmake --build /home/john/Desktop/rp_ros2_rviz/build/rp_ros2_rviz -- -j4 -l4
[0.236s] [ 50%] Built target pathplanner_node
[0.251s] [ 60%] [32mBuilding CXX object CMakeFiles/world_node.dir/src/world_node.cpp.o[0m
[5.739s] [01m[K/home/john/Desktop/rp_ros2_rviz/src/world_node.cpp:[m[K In member function ‘[01m[Kvoid WorldNode::[01;32m[KfollowPath[m[K(geometry_msgs::msg::PoseArray)[m[K’:
[5.739s] [01m[K/home/john/Desktop/rp_ros2_rviz/src/world_node.cpp:122:36:[m[K [01;31m[Kerror: [m[Kbase operand of ‘[01m[K->[m[K’ has non-pointer type ‘[01m[Kgeometry_msgs::msg::PoseArray[m[K’ {aka ‘[01m[Kgeometry_msgs::msg::PoseArray_<std::allocator<void> >[m[K’}
[5.739s]   122 |         for (const auto& pose : msg[01;31m[K->[m[Kposes) {
[5.739s]       |                                    [01;31m[K^~[m[K
[5.770s] [01m[K/home/john/Desktop/rp_ros2_rviz/src/world_node.cpp:[m[K In function ‘[01m[Kint[01;32m[K main[m[K(int, char**)[m[K’:
[5.770s] [01m[K/home/john/Desktop/rp_ros2_rviz/src/world_node.cpp:394:15:[m[K [01;31m[Kerror: [m[K‘[01m[Kstd::thread WorldNode::path_thread_[m[K’ is private within this context
[5.770s]   394 |     if (node->[01;31m[Kpath_thread_[m[K.joinable()) {
[5.770s]       |               [01;31m[K^~~~~~~~~~~~[m[K
[5.770s] [01m[K/home/john/Desktop/rp_ros2_rviz/src/world_node.cpp:43:17:[m[K [01;36m[Knote: [m[Kdeclared private here
[5.770s]    43 |     std::thread [01;36m[Kpath_thread_[m[K;
[5.770s]       |                 [01;36m[K^~~~~~~~~~~~[m[K
[5.770s] [01m[K/home/john/Desktop/rp_ros2_rviz/src/world_node.cpp:395:15:[m[K [01;31m[Kerror: [m[K‘[01m[Kbool WorldNode::update_goal_[m[K’ is private within this context
[5.770s]   395 |         node->[01;31m[Kupdate_goal_[m[K = true;
[5.770s]       |               [01;31m[K^~~~~~~~~~~~[m[K
[5.770s] [01m[K/home/john/Desktop/rp_ros2_rviz/src/world_node.cpp:40:10:[m[K [01;36m[Knote: [m[Kdeclared private here
[5.770s]    40 |     bool [01;36m[Kupdate_goal_[m[K=false;
[5.770s]       |          [01;36m[K^~~~~~~~~~~~[m[K
[5.770s] [01m[K/home/john/Desktop/rp_ros2_rviz/src/world_node.cpp:396:15:[m[K [01;31m[Kerror: [m[K‘[01m[Kstd::thread WorldNode::path_thread_[m[K’ is private within this context
[5.770s]   396 |         node->[01;31m[Kpath_thread_[m[K.join();
[5.771s]       |               [01;31m[K^~~~~~~~~~~~[m[K
[5.771s] [01m[K/home/john/Desktop/rp_ros2_rviz/src/world_node.cpp:43:17:[m[K [01;36m[Knote: [m[Kdeclared private here
[5.771s]    43 |     std::thread [01;36m[Kpath_thread_[m[K;
[5.771s]       |                 [01;36m[K^~~~~~~~~~~~[m[K
[5.953s] In file included from [01m[K/usr/include/c++/13/future:51[m[K,
[5.953s]                  from [01m[K/opt/ros/jazzy/include/rclcpp/rclcpp/executors.hpp:18[m[K,
[5.953s]                  from [01m[K/opt/ros/jazzy/include/rclcpp/rclcpp/rclcpp.hpp:172[m[K,
[5.953s]                  from [01m[K/home/john/Desktop/rp_ros2_rviz/src/world_node.cpp:2[m[K:
[5.953s] /usr/include/c++/13/bits/std_thread.h: In instantiation of ‘[01m[Kstd::thread::[01;32m[Kthread[m[K(_Callable&&, _Args&& ...) [35m[K[with _Callable = void (WorldNode::*)(geometry_msgs::msg::PoseArray_<std::allocator<void> >); _Args = {WorldNode*, const std::shared_ptr<geometry_msgs::msg::PoseArray_<std::allocator<void> > >&}; <template-parameter-1-3> = void][m[K[m[K’:
[5.953s] [01m[K/home/john/Desktop/rp_ros2_rviz/src/world_node.cpp:108:69:[m[K   required from here
[5.953s] [01m[K/usr/include/c++/13/bits/std_thread.h:157:72:[m[K [01;31m[Kerror: [m[Kstatic assertion failed: std::thread arguments must be invocable after conversion to rvalues
[5.953s]   157 |                                 typename decay<_Args>::type...>::[01;31m[Kvalue[m[K,
[5.953s]       |                                                                  [01;31m[K^~~~~[m[K
[5.953s] 
[5.956s] [01m[K/usr/include/c++/13/bits/std_thread.h:157:72:[m[K [01;36m[Knote: [m[K‘[01m[Kstd::integral_constant<bool, false>::value[m[K’ evaluates to false
[5.960s] /usr/include/c++/13/bits/std_thread.h: In instantiation of ‘[01m[Kstruct std::thread::_Invoker<std::tuple<void (WorldNode::*)(geometry_msgs::msg::PoseArray_<std::allocator<void> >), WorldNode*, std::shared_ptr<geometry_msgs::msg::PoseArray_<std::allocator<void> > > > >[m[K’:
[5.960s] [01m[K/usr/include/c++/13/bits/std_thread.h:236:13:[m[K   required from ‘[01m[Kstruct std::thread::_State_impl<std::thread::_Invoker<std::tuple<void (WorldNode::*)(geometry_msgs::msg::PoseArray_<std::allocator<void> >), WorldNode*, std::shared_ptr<geometry_msgs::msg::PoseArray_<std::allocator<void> > > > > >[m[K’
[5.960s] [01m[K/usr/include/c++/13/bits/std_thread.h:164:29:[m[K   required from ‘[01m[Kstd::thread::[01;32m[Kthread[m[K(_Callable&&, _Args&& ...) [35m[K[with _Callable = void (WorldNode::*)(geometry_msgs::msg::PoseArray_<std::allocator<void> >); _Args = {WorldNode*, const std::shared_ptr<geometry_msgs::msg::PoseArray_<std::allocator<void> > >&}; <template-parameter-1-3> = void][m[K[m[K’
[5.960s] [01m[K/home/john/Desktop/rp_ros2_rviz/src/world_node.cpp:108:69:[m[K   required from here
[5.960s] [01m[K/usr/include/c++/13/bits/std_thread.h:291:11:[m[K [01;31m[Kerror: [m[Kno type named ‘[01m[Ktype[m[K’ in ‘[01m[Kstruct std::thread::_Invoker<std::tuple<void (WorldNode::*)(geometry_msgs::msg::PoseArray_<std::allocator<void> >), WorldNode*, std::shared_ptr<geometry_msgs::msg::PoseArray_<std::allocator<void> > > > >::__result<std::tuple<void (WorldNode::*)(geometry_msgs::msg::PoseArray_<std::allocator<void> >), WorldNode*, std::shared_ptr<geometry_msgs::msg::PoseArray_<std::allocator<void> > > > >[m[K’
[5.960s]   291 |           [01;31m[K_M_invoke[m[K(_Index_tuple<_Ind...>)
[5.960s]       |           [01;31m[K^~~~~~~~~[m[K
[5.960s] [01m[K/usr/include/c++/13/bits/std_thread.h:295:9:[m[K [01;31m[Kerror: [m[Kno type named ‘[01m[Ktype[m[K’ in ‘[01m[Kstruct std::thread::_Invoker<std::tuple<void (WorldNode::*)(geometry_msgs::msg::PoseArray_<std::allocator<void> >), WorldNode*, std::shared_ptr<geometry_msgs::msg::PoseArray_<std::allocator<void> > > > >::__result<std::tuple<void (WorldNode::*)(geometry_msgs::msg::PoseArray_<std::allocator<void> >), WorldNode*, std::shared_ptr<geometry_msgs::msg::PoseArray_<std::allocator<void> > > > >[m[K’
[5.960s]   295 |         [01;31m[Koperator[m[K()()
[5.960s]       |         [01;31m[K^~~~~~~~[m[K
[9.817s] gmake[2]: *** [CMakeFiles/world_node.dir/build.make:76: CMakeFiles/world_node.dir/src/world_node.cpp.o] Error 1
[9.817s] gmake[1]: *** [CMakeFiles/Makefile2:139: CMakeFiles/world_node.dir/all] Error 2
[9.817s] gmake: *** [Makefile:146: all] Error 2
[9.834s] Invoked command in '/home/john/Desktop/rp_ros2_rviz/build/rp_ros2_rviz' returned '2': CMAKE_PREFIX_PATH=${CMAKE_PREFIX_PATH}:/home/john/Desktop/path_ros/rp_ros2_rviz/install/rp_ros2_rviz:/opt/ros/jazzy DEBUGINFOD_URLS=https://debuginfod.ubuntu.com /usr/bin/cmake --build /home/john/Desktop/rp_ros2_rviz/build/rp_ros2_rviz -- -j4 -l4
